[1.538s] Invoking command in '/home/nayab/dev_ws/src/my_package': PYTHONPATH=/home/nayab/dev_ws/install/my_package/lib/python3.8/site-packages:${PYTHONPATH} /usr/bin/python3 setup.py egg_info --egg-base ../../build/my_package build --build-base /home/nayab/dev_ws/build/my_package/build install --prefix /home/nayab/dev_ws/install/my_package --record /home/nayab/dev_ws/build/my_package/install.log --single-version-externally-managed
[1.989s] running egg_info
[1.998s] writing ../../build/my_package/my_package.egg-info/PKG-INFO
[1.999s] writing dependency_links to ../../build/my_package/my_package.egg-info/dependency_links.txt
[2.000s] writing entry points to ../../build/my_package/my_package.egg-info/entry_points.txt
[2.002s] writing requirements to ../../build/my_package/my_package.egg-info/requires.txt
[2.002s] writing top-level names to ../../build/my_package/my_package.egg-info/top_level.txt
[2.067s] reading manifest file '../../build/my_package/my_package.egg-info/SOURCES.txt'
[2.069s] writing manifest file '../../build/my_package/my_package.egg-info/SOURCES.txt'
[2.073s] running build
[2.078s] running build_py
[2.122s] running install
[2.122s] running install_lib
[2.122s] running install_data
[2.122s] running install_egg_info
[2.122s] removing '/home/nayab/dev_ws/install/my_package/lib/python3.8/site-packages/my_package-0.0.0-py3.8.egg-info' (and everything under it)
[2.126s] Copying ../../build/my_package/my_package.egg-info to /home/nayab/dev_ws/install/my_package/lib/python3.8/site-packages/my_package-0.0.0-py3.8.egg-info
[2.126s] running install_scripts
[2.175s] Installing my_node script to /home/nayab/dev_ws/install/my_package/lib/my_package
[2.180s] writing list of installed files to '/home/nayab/dev_ws/build/my_package/install.log'
[2.251s] Invoked command in '/home/nayab/dev_ws/src/my_package' returned '0': PYTHONPATH=/home/nayab/dev_ws/install/my_package/lib/python3.8/site-packages:${PYTHONPATH} /usr/bin/python3 setup.py egg_info --egg-base ../../build/my_package build --build-base /home/nayab/dev_ws/build/my_package/build install --prefix /home/nayab/dev_ws/install/my_package --record /home/nayab/dev_ws/build/my_package/install.log --single-version-externally-managed
