[0.539s] Invoking command in '/home/nayab/dev_ws/build/rc_interfaces': CMAKE_PREFIX_PATH=/home/nayab/dev_ws/install/rc_interfaces:/home/nayab/dev_ws/install/tutorial_interfaces:/home/nayab/dev_ws/install/turtlesim:/home/nayab/dev_ws/install/py_pubsub:/home/nayab/dev_ws/install/my_package:/opt/ros/foxy:/home/nayab/project_ws/devel:/opt/ros/noetic /usr/bin/cmake --build /home/nayab/dev_ws/build/rc_interfaces -- -j4 -l4
[0.571s] -- Found ament_cmake: 0.9.9 (/opt/ros/foxy/share/ament_cmake/cmake)
[0.598s] -- Found PythonInterp: /usr/bin/python3 (found suitable version "3.8.10", minimum required is "3") 
[0.598s] -- Using PYTHON_EXECUTABLE: /usr/bin/python3
[0.846s] -- Found geometry_msgs: 2.0.5 (/opt/ros/foxy/share/geometry_msgs/cmake)
[0.878s] -- Using all available rosidl_typesupport_c: rosidl_typesupport_fastrtps_c;rosidl_typesupport_introspection_c
[0.881s] -- Found rosidl_adapter: 1.2.1 (/opt/ros/foxy/share/rosidl_adapter/cmake)
[1.036s] -- Using all available rosidl_typesupport_cpp: rosidl_typesupport_fastrtps_cpp;rosidl_typesupport_introspection_cpp
[1.123s] -- Found rosidl_default_generators: 1.0.1 (/opt/ros/foxy/share/rosidl_default_generators/cmake)
[1.157s] -- Found PythonInterp: /usr/bin/python3 (found version "3.8.10") 
[1.341s] -- Found ament_cmake_ros: 0.9.2 (/opt/ros/foxy/share/ament_cmake_ros/cmake)
[1.623s] -- Using all available rosidl_typesupport_c: rosidl_typesupport_fastrtps_c;rosidl_typesupport_introspection_c
[1.742s] -- Using all available rosidl_typesupport_cpp: rosidl_typesupport_fastrtps_cpp;rosidl_typesupport_introspection_cpp
[1.773s] -- Found PythonInterp: /usr/bin/python3 (found suitable version "3.8.10", minimum required is "3.5") 
[1.773s] -- Found python_cmake_module: 0.8.1 (/opt/ros/foxy/share/python_cmake_module/cmake)
[1.802s] -- Using PYTHON_EXECUTABLE: /usr/bin/python3
[1.802s] -- Using PYTHON_INCLUDE_DIRS: /usr/include/python3.8
[1.802s] -- Using PYTHON_LIBRARIES: /usr/lib/x86_64-linux-gnu/libpython3.8.so
[1.857s] -- Found ament_lint_auto: 0.9.6 (/opt/ros/foxy/share/ament_lint_auto/cmake)
[1.868s] -- Added test 'copyright' to check source files copyright and LICENSE
[1.869s] -- Added test 'lint_cmake' to check CMake code style
[1.870s] -- Added test 'xmllint' to check XML markup files
[1.874s] -- Configuring done
[1.932s] -- Generating done
[1.935s] -- Build files have been written to: /home/nayab/dev_ws/build/rc_interfaces
[1.970s] [  3%] [34m[1mGenerating C code for ROS interfaces[0m
[1.982s] [  6%] [34m[1mGenerating C++ code for ROS interfaces[0m
[2.216s] [35m[1mScanning dependencies of target rc_interfaces__rosidl_generator_c[0m
[2.220s] [  6%] Built target rc_interfaces__cpp
[2.231s] [  9%] [32mBuilding C object CMakeFiles/rc_interfaces__rosidl_generator_c.dir/rosidl_generator_c/rc_interfaces/msg/detail/imu_rc__functions.c.o[0m
[2.232s] [ 16%] [34m[1mGenerating C++ type support for eProsima Fast-RTPS[0m
[2.232s] [ 16%] [34m[1mGenerating C++ introspection for ROS interfaces[0m
[2.239s] [ 19%] [34m[1mGenerating C++ type support dispatch for ROS interfaces[0m
[2.281s] [ 22%] [32m[1mLinking C shared library librc_interfaces__rosidl_generator_c.so[0m
[2.323s] [ 22%] Built target rc_interfaces__rosidl_generator_c
[2.334s] [ 25%] [34m[1mGenerating C introspection for ROS interfaces[0m
[2.471s] [35m[1mScanning dependencies of target rc_interfaces__rosidl_typesupport_introspection_cpp[0m
[2.471s] [35m[1mScanning dependencies of target rc_interfaces__rosidl_typesupport_cpp[0m
[2.484s] [35m[1mScanning dependencies of target rc_interfaces__rosidl_typesupport_fastrtps_cpp[0m
[2.485s] [ 29%] [32mBuilding CXX object CMakeFiles/rc_interfaces__rosidl_typesupport_cpp.dir/rosidl_typesupport_cpp/rc_interfaces/msg/imu_rc__type_support.cpp.o[0m
[2.486s] [ 32%] [32mBuilding CXX object CMakeFiles/rc_interfaces__rosidl_typesupport_introspection_cpp.dir/rosidl_typesupport_introspection_cpp/rc_interfaces/msg/detail/imu_rc__type_support.cpp.o[0m
[2.505s] [ 35%] [32mBuilding CXX object CMakeFiles/rc_interfaces__rosidl_typesupport_fastrtps_cpp.dir/rosidl_typesupport_fastrtps_cpp/rc_interfaces/msg/detail/dds_fastrtps/imu_rc__type_support.cpp.o[0m
[2.581s] [35m[1mScanning dependencies of target rc_interfaces__rosidl_typesupport_introspection_c[0m
[2.597s] [ 38%] [32mBuilding C object CMakeFiles/rc_interfaces__rosidl_typesupport_introspection_c.dir/rosidl_typesupport_introspection_c/rc_interfaces/msg/detail/imu_rc__type_support.c.o[0m
[2.634s] [ 41%] [32m[1mLinking C shared library librc_interfaces__rosidl_typesupport_introspection_c.so[0m
[2.673s] [ 41%] Built target rc_interfaces__rosidl_typesupport_introspection_c
[2.685s] [ 45%] [34m[1mGenerating C type support dispatch for ROS interfaces[0m
[2.783s] [ 48%] [32m[1mLinking CXX shared library librc_interfaces__rosidl_typesupport_cpp.so[0m
[2.802s] [ 51%] [32m[1mLinking CXX shared library librc_interfaces__rosidl_typesupport_introspection_cpp.so[0m
[2.835s] [ 51%] Built target rc_interfaces__rosidl_typesupport_cpp
[2.880s] [ 51%] Built target rc_interfaces__rosidl_typesupport_introspection_cpp
[2.906s] [35m[1mScanning dependencies of target rc_interfaces__rosidl_typesupport_c[0m
[2.919s] [ 54%] [32mBuilding CXX object CMakeFiles/rc_interfaces__rosidl_typesupport_c.dir/rosidl_typesupport_c/rc_interfaces/msg/imu_rc__type_support.cpp.o[0m
[2.952s] [ 58%] [32m[1mLinking CXX shared library librc_interfaces__rosidl_typesupport_c.so[0m
[2.957s] [ 61%] [32m[1mLinking CXX shared library librc_interfaces__rosidl_typesupport_fastrtps_cpp.so[0m
[2.997s] [ 61%] Built target rc_interfaces__rosidl_typesupport_c
[3.052s] [ 61%] Built target rc_interfaces__rosidl_typesupport_fastrtps_cpp
[3.064s] [ 64%] [34m[1mGenerating C type support for eProsima Fast-RTPS[0m
[3.284s] [35m[1mScanning dependencies of target rc_interfaces__rosidl_typesupport_fastrtps_c[0m
[3.301s] [ 67%] [32mBuilding CXX object CMakeFiles/rc_interfaces__rosidl_typesupport_fastrtps_c.dir/rosidl_typesupport_fastrtps_c/rc_interfaces/msg/detail/imu_rc__type_support_c.cpp.o[0m
[3.642s] [ 70%] [32m[1mLinking CXX shared library librc_interfaces__rosidl_typesupport_fastrtps_c.so[0m
[3.732s] [ 70%] Built target rc_interfaces__rosidl_typesupport_fastrtps_c
[3.757s] [ 70%] Built target rc_interfaces
[3.785s] [ 74%] [34m[1mGenerating Python code for ROS interfaces[0m
[4.152s] [ 74%] Built target rc_interfaces__py
[4.165s] [35m[1mScanning dependencies of target rc_interfaces__python[0m
[4.181s] [ 77%] [32mBuilding C object CMakeFiles/rc_interfaces__python.dir/rosidl_generator_py/rc_interfaces/msg/_imu_rc_s.c.o[0m
[4.272s] [ 80%] [32m[1mLinking C shared library rosidl_generator_py/rc_interfaces/librc_interfaces__python.so[0m
[4.323s] [ 80%] Built target rc_interfaces__python
[4.336s] [35m[1mScanning dependencies of target rc_interfaces__rosidl_typesupport_fastrtps_c__pyext[0m
[4.336s] [35m[1mScanning dependencies of target rc_interfaces__rosidl_typesupport_c__pyext[0m
[4.336s] [35m[1mScanning dependencies of target rc_interfaces__rosidl_typesupport_introspection_c__pyext[0m
[4.353s] [ 83%] [32mBuilding C object CMakeFiles/rc_interfaces__rosidl_typesupport_c__pyext.dir/rosidl_generator_py/rc_interfaces/_rc_interfaces_s.ep.rosidl_typesupport_c.c.o[0m
[4.357s] [ 87%] [32mBuilding C object CMakeFiles/rc_interfaces__rosidl_typesupport_introspection_c__pyext.dir/rosidl_generator_py/rc_interfaces/_rc_interfaces_s.ep.rosidl_typesupport_introspection_c.c.o[0m
[4.358s] [ 90%] [32mBuilding C object CMakeFiles/rc_interfaces__rosidl_typesupport_fastrtps_c__pyext.dir/rosidl_generator_py/rc_interfaces/_rc_interfaces_s.ep.rosidl_typesupport_fastrtps_c.c.o[0m
[4.434s] [ 93%] [32m[1mLinking C shared library rosidl_generator_py/rc_interfaces/rc_interfaces_s__rosidl_typesupport_c.cpython-38-x86_64-linux-gnu.so[0m
[4.437s] [ 96%] [32m[1mLinking C shared library rosidl_generator_py/rc_interfaces/rc_interfaces_s__rosidl_typesupport_introspection_c.cpython-38-x86_64-linux-gnu.so[0m
[4.441s] [100%] [32m[1mLinking CXX shared library rosidl_generator_py/rc_interfaces/rc_interfaces_s__rosidl_typesupport_fastrtps_c.cpython-38-x86_64-linux-gnu.so[0m
[4.478s] [100%] Built target rc_interfaces__rosidl_typesupport_c__pyext
[4.480s] [100%] Built target rc_interfaces__rosidl_typesupport_introspection_c__pyext
[4.515s] [100%] Built target rc_interfaces__rosidl_typesupport_fastrtps_c__pyext
[4.528s] Invoked command in '/home/nayab/dev_ws/build/rc_interfaces' returned '0': CMAKE_PREFIX_PATH=/home/nayab/dev_ws/install/rc_interfaces:/home/nayab/dev_ws/install/tutorial_interfaces:/home/nayab/dev_ws/install/turtlesim:/home/nayab/dev_ws/install/py_pubsub:/home/nayab/dev_ws/install/my_package:/opt/ros/foxy:/home/nayab/project_ws/devel:/opt/ros/noetic /usr/bin/cmake --build /home/nayab/dev_ws/build/rc_interfaces -- -j4 -l4
[4.580s] Invoking command in '/home/nayab/dev_ws/build/rc_interfaces': CMAKE_PREFIX_PATH=/home/nayab/dev_ws/install/rc_interfaces:/home/nayab/dev_ws/install/tutorial_interfaces:/home/nayab/dev_ws/install/turtlesim:/home/nayab/dev_ws/install/py_pubsub:/home/nayab/dev_ws/install/my_package:/opt/ros/foxy:/home/nayab/project_ws/devel:/opt/ros/noetic /usr/bin/cmake --install /home/nayab/dev_ws/build/rc_interfaces
[4.590s] -- Install configuration: ""
[4.591s] -- Up-to-date: /home/nayab/dev_ws/install/rc_interfaces/share/ament_index/resource_index/rosidl_interfaces/rc_interfaces
[4.591s] -- Up-to-date: /home/nayab/dev_ws/install/rc_interfaces/include/rc_interfaces
[4.591s] -- Up-to-date: /home/nayab/dev_ws/install/rc_interfaces/include/rc_interfaces/msg
[4.591s] -- Up-to-date: /home/nayab/dev_ws/install/rc_interfaces/include/rc_interfaces/msg/detail
[4.591s] -- Installing: /home/nayab/dev_ws/install/rc_interfaces/include/rc_interfaces/msg/detail/imu_rc__functions.h
[4.591s] -- Installing: /home/nayab/dev_ws/install/rc_interfaces/include/rc_interfaces/msg/detail/imu_rc__functions.c
[4.591s] -- Installing: /home/nayab/dev_ws/install/rc_interfaces/include/rc_interfaces/msg/detail/imu_rc__type_support.h
[4.592s] -- Up-to-date: /home/nayab/dev_ws/install/rc_interfaces/include/rc_interfaces/msg/detail/target_coordinates__type_support.h
[4.592s] -- Up-to-date: /home/nayab/dev_ws/install/rc_interfaces/include/rc_interfaces/msg/detail/target_coordinates__struct.h
[4.592s] -- Installing: /home/nayab/dev_ws/install/rc_interfaces/include/rc_interfaces/msg/detail/imu_rc__struct.h
[4.592s] -- Up-to-date: /home/nayab/dev_ws/install/rc_interfaces/include/rc_interfaces/msg/detail/target_coordinates__functions.c
[4.592s] -- Up-to-date: /home/nayab/dev_ws/install/rc_interfaces/include/rc_interfaces/msg/detail/target_coordinates__functions.h
[4.592s] -- Up-to-date: /home/nayab/dev_ws/install/rc_interfaces/include/rc_interfaces/msg/target_coordinates.h
[4.592s] -- Up-to-date: /home/nayab/dev_ws/install/rc_interfaces/include/rc_interfaces/msg/rosidl_generator_c__visibility_control.h
[4.592s] -- Installing: /home/nayab/dev_ws/install/rc_interfaces/include/rc_interfaces/msg/imu_rc.h
[4.592s] -- Up-to-date: /home/nayab/dev_ws/install/rc_interfaces/share/rc_interfaces/environment/library_path.sh
[4.592s] -- Installing: /home/nayab/dev_ws/install/rc_interfaces/share/rc_interfaces/environment/library_path.dsv
[4.592s] -- Installing: /home/nayab/dev_ws/install/rc_interfaces/lib/librc_interfaces__rosidl_generator_c.so
[4.592s] -- Set runtime path of "/home/nayab/dev_ws/install/rc_interfaces/lib/librc_interfaces__rosidl_generator_c.so" to ""
[4.593s] -- Up-to-date: /home/nayab/dev_ws/install/rc_interfaces/include/rc_interfaces
[4.593s] -- Up-to-date: /home/nayab/dev_ws/install/rc_interfaces/include/rc_interfaces/msg
[4.593s] -- Up-to-date: /home/nayab/dev_ws/install/rc_interfaces/include/rc_interfaces/msg/detail
[4.593s] -- Installing: /home/nayab/dev_ws/install/rc_interfaces/include/rc_interfaces/msg/detail/imu_rc__rosidl_typesupport_fastrtps_c.h
[4.593s] -- Up-to-date: /home/nayab/dev_ws/install/rc_interfaces/include/rc_interfaces/msg/detail/target_coordinates__rosidl_typesupport_fastrtps_c.h
[4.593s] -- Up-to-date: /home/nayab/dev_ws/install/rc_interfaces/include/rc_interfaces/msg/rosidl_typesupport_fastrtps_c__visibility_control.h
[4.593s] -- Installing: /home/nayab/dev_ws/install/rc_interfaces/lib/librc_interfaces__rosidl_typesupport_fastrtps_c.so
[4.593s] -- Set runtime path of "/home/nayab/dev_ws/install/rc_interfaces/lib/librc_interfaces__rosidl_typesupport_fastrtps_c.so" to ""
[4.593s] -- Up-to-date: /home/nayab/dev_ws/install/rc_interfaces/include/rc_interfaces
[4.593s] -- Up-to-date: /home/nayab/dev_ws/install/rc_interfaces/include/rc_interfaces/msg
[4.594s] -- Up-to-date: /home/nayab/dev_ws/install/rc_interfaces/include/rc_interfaces/msg/detail
[4.594s] -- Up-to-date: /home/nayab/dev_ws/install/rc_interfaces/include/rc_interfaces/msg/detail/dds_fastrtps
[4.594s] -- Installing: /home/nayab/dev_ws/install/rc_interfaces/include/rc_interfaces/msg/detail/imu_rc__rosidl_typesupport_fastrtps_cpp.hpp
[4.594s] -- Up-to-date: /home/nayab/dev_ws/install/rc_interfaces/include/rc_interfaces/msg/detail/target_coordinates__rosidl_typesupport_fastrtps_cpp.hpp
[4.594s] -- Up-to-date: /home/nayab/dev_ws/install/rc_interfaces/include/rc_interfaces/msg/rosidl_typesupport_fastrtps_cpp__visibility_control.h
[4.594s] -- Installing: /home/nayab/dev_ws/install/rc_interfaces/lib/librc_interfaces__rosidl_typesupport_fastrtps_cpp.so
[4.594s] -- Set runtime path of "/home/nayab/dev_ws/install/rc_interfaces/lib/librc_interfaces__rosidl_typesupport_fastrtps_cpp.so" to ""
[4.594s] -- Up-to-date: /home/nayab/dev_ws/install/rc_interfaces/include/rc_interfaces
[4.595s] -- Up-to-date: /home/nayab/dev_ws/install/rc_interfaces/include/rc_interfaces/msg
[4.595s] -- Up-to-date: /home/nayab/dev_ws/install/rc_interfaces/include/rc_interfaces/msg/rosidl_typesupport_introspection_c__visibility_control.h
[4.595s] -- Up-to-date: /home/nayab/dev_ws/install/rc_interfaces/include/rc_interfaces/msg/detail
[4.595s] -- Up-to-date: /home/nayab/dev_ws/install/rc_interfaces/include/rc_interfaces/msg/detail/target_coordinates__type_support.c
[4.595s] -- Installing: /home/nayab/dev_ws/install/rc_interfaces/include/rc_interfaces/msg/detail/imu_rc__rosidl_typesupport_introspection_c.h
[4.595s] -- Up-to-date: /home/nayab/dev_ws/install/rc_interfaces/include/rc_interfaces/msg/detail/target_coordinates__rosidl_typesupport_introspection_c.h
[4.595s] -- Installing: /home/nayab/dev_ws/install/rc_interfaces/include/rc_interfaces/msg/detail/imu_rc__type_support.c
[4.595s] -- Installing: /home/nayab/dev_ws/install/rc_interfaces/lib/librc_interfaces__rosidl_typesupport_introspection_c.so
[4.595s] -- Set runtime path of "/home/nayab/dev_ws/install/rc_interfaces/lib/librc_interfaces__rosidl_typesupport_introspection_c.so" to ""
[4.596s] -- Installing: /home/nayab/dev_ws/install/rc_interfaces/lib/librc_interfaces__rosidl_typesupport_c.so
[4.596s] -- Set runtime path of "/home/nayab/dev_ws/install/rc_interfaces/lib/librc_interfaces__rosidl_typesupport_c.so" to ""
[4.596s] -- Up-to-date: /home/nayab/dev_ws/install/rc_interfaces/include/rc_interfaces
[4.596s] -- Up-to-date: /home/nayab/dev_ws/install/rc_interfaces/include/rc_interfaces/msg
[4.596s] -- Up-to-date: /home/nayab/dev_ws/install/rc_interfaces/include/rc_interfaces/msg/target_coordinates.hpp
[4.596s] -- Installing: /home/nayab/dev_ws/install/rc_interfaces/include/rc_interfaces/msg/imu_rc.hpp
[4.597s] -- Up-to-date: /home/nayab/dev_ws/install/rc_interfaces/include/rc_interfaces/msg/detail
[4.597s] -- Up-to-date: /home/nayab/dev_ws/install/rc_interfaces/include/rc_interfaces/msg/detail/target_coordinates__traits.hpp
[4.597s] -- Installing: /home/nayab/dev_ws/install/rc_interfaces/include/rc_interfaces/msg/detail/imu_rc__traits.hpp
[4.597s] -- Up-to-date: /home/nayab/dev_ws/install/rc_interfaces/include/rc_interfaces/msg/detail/target_coordinates__builder.hpp
[4.597s] -- Up-to-date: /home/nayab/dev_ws/install/rc_interfaces/include/rc_interfaces/msg/detail/target_coordinates__struct.hpp
[4.597s] -- Installing: /home/nayab/dev_ws/install/rc_interfaces/include/rc_interfaces/msg/detail/imu_rc__struct.hpp
[4.597s] -- Installing: /home/nayab/dev_ws/install/rc_interfaces/include/rc_interfaces/msg/detail/imu_rc__builder.hpp
[4.597s] -- Up-to-date: /home/nayab/dev_ws/install/rc_interfaces/include/rc_interfaces
[4.597s] -- Up-to-date: /home/nayab/dev_ws/install/rc_interfaces/include/rc_interfaces/msg
[4.597s] -- Up-to-date: /home/nayab/dev_ws/install/rc_interfaces/include/rc_interfaces/msg/detail
[4.597s] -- Installing: /home/nayab/dev_ws/install/rc_interfaces/include/rc_interfaces/msg/detail/imu_rc__rosidl_typesupport_introspection_cpp.hpp
[4.598s] -- Up-to-date: /home/nayab/dev_ws/install/rc_interfaces/include/rc_interfaces/msg/detail/target_coordinates__rosidl_typesupport_introspection_cpp.hpp
[4.598s] -- Up-to-date: /home/nayab/dev_ws/install/rc_interfaces/include/rc_interfaces/msg/detail/target_coordinates__type_support.cpp
[4.598s] -- Installing: /home/nayab/dev_ws/install/rc_interfaces/include/rc_interfaces/msg/detail/imu_rc__type_support.cpp
[4.598s] -- Installing: /home/nayab/dev_ws/install/rc_interfaces/lib/librc_interfaces__rosidl_typesupport_introspection_cpp.so
[4.598s] -- Set runtime path of "/home/nayab/dev_ws/install/rc_interfaces/lib/librc_interfaces__rosidl_typesupport_introspection_cpp.so" to ""
[4.598s] -- Installing: /home/nayab/dev_ws/install/rc_interfaces/lib/librc_interfaces__rosidl_typesupport_cpp.so
[4.599s] -- Set runtime path of "/home/nayab/dev_ws/install/rc_interfaces/lib/librc_interfaces__rosidl_typesupport_cpp.so" to ""
[4.599s] -- Up-to-date: /home/nayab/dev_ws/install/rc_interfaces/share/rc_interfaces/environment/pythonpath.sh
[4.599s] -- Installing: /home/nayab/dev_ws/install/rc_interfaces/share/rc_interfaces/environment/pythonpath.dsv
[4.599s] -- Installing: /home/nayab/dev_ws/install/rc_interfaces/lib/python3.8/site-packages/rc_interfaces/__init__.py
[4.631s] Compiling '/home/nayab/dev_ws/install/rc_interfaces/lib/python3.8/site-packages/rc_interfaces/__init__.py'...
[4.635s] -- Up-to-date: /home/nayab/dev_ws/install/rc_interfaces/lib/python3.8/site-packages/rc_interfaces/msg
[4.636s] -- Installing: /home/nayab/dev_ws/install/rc_interfaces/lib/python3.8/site-packages/rc_interfaces/msg/__init__.py
[4.636s] -- Installing: /home/nayab/dev_ws/install/rc_interfaces/lib/python3.8/site-packages/rc_interfaces/msg/_imu_rc_s.c
[4.636s] -- Up-to-date: /home/nayab/dev_ws/install/rc_interfaces/lib/python3.8/site-packages/rc_interfaces/msg/_target_coordinates.py
[4.636s] -- Installing: /home/nayab/dev_ws/install/rc_interfaces/lib/python3.8/site-packages/rc_interfaces/msg/_imu_rc.py
[4.636s] -- Up-to-date: /home/nayab/dev_ws/install/rc_interfaces/lib/python3.8/site-packages/rc_interfaces/msg/_target_coordinates_s.c
[4.636s] -- Installing: /home/nayab/dev_ws/install/rc_interfaces/lib/python3.8/site-packages/rc_interfaces/rc_interfaces_s__rosidl_typesupport_fastrtps_c.cpython-38-x86_64-linux-gnu.so
[4.637s] -- Set runtime path of "/home/nayab/dev_ws/install/rc_interfaces/lib/python3.8/site-packages/rc_interfaces/rc_interfaces_s__rosidl_typesupport_fastrtps_c.cpython-38-x86_64-linux-gnu.so" to ""
[4.637s] -- Installing: /home/nayab/dev_ws/install/rc_interfaces/lib/python3.8/site-packages/rc_interfaces/rc_interfaces_s__rosidl_typesupport_introspection_c.cpython-38-x86_64-linux-gnu.so
[4.638s] -- Set runtime path of "/home/nayab/dev_ws/install/rc_interfaces/lib/python3.8/site-packages/rc_interfaces/rc_interfaces_s__rosidl_typesupport_introspection_c.cpython-38-x86_64-linux-gnu.so" to ""
[4.638s] -- Installing: /home/nayab/dev_ws/install/rc_interfaces/lib/python3.8/site-packages/rc_interfaces/rc_interfaces_s__rosidl_typesupport_c.cpython-38-x86_64-linux-gnu.so
[4.639s] -- Set runtime path of "/home/nayab/dev_ws/install/rc_interfaces/lib/python3.8/site-packages/rc_interfaces/rc_interfaces_s__rosidl_typesupport_c.cpython-38-x86_64-linux-gnu.so" to ""
[4.639s] -- Installing: /home/nayab/dev_ws/install/rc_interfaces/lib/librc_interfaces__python.so
[4.640s] -- Set runtime path of "/home/nayab/dev_ws/install/rc_interfaces/lib/librc_interfaces__python.so" to ""
[4.640s] -- Installing: /home/nayab/dev_ws/install/rc_interfaces/share/rc_interfaces/msg/ImuRc.idl
[4.640s] -- Installing: /home/nayab/dev_ws/install/rc_interfaces/share/rc_interfaces/msg/ImuRc.msg
[4.640s] -- Up-to-date: /home/nayab/dev_ws/install/rc_interfaces/share/ament_index/resource_index/package_run_dependencies/rc_interfaces
[4.640s] -- Up-to-date: /home/nayab/dev_ws/install/rc_interfaces/share/ament_index/resource_index/parent_prefix_path/rc_interfaces
[4.640s] -- Up-to-date: /home/nayab/dev_ws/install/rc_interfaces/share/rc_interfaces/environment/ament_prefix_path.sh
[4.640s] -- Installing: /home/nayab/dev_ws/install/rc_interfaces/share/rc_interfaces/environment/ament_prefix_path.dsv
[4.640s] -- Up-to-date: /home/nayab/dev_ws/install/rc_interfaces/share/rc_interfaces/environment/path.sh
[4.640s] -- Installing: /home/nayab/dev_ws/install/rc_interfaces/share/rc_interfaces/environment/path.dsv
[4.641s] -- Up-to-date: /home/nayab/dev_ws/install/rc_interfaces/share/rc_interfaces/local_setup.bash
[4.641s] -- Up-to-date: /home/nayab/dev_ws/install/rc_interfaces/share/rc_interfaces/local_setup.sh
[4.641s] -- Up-to-date: /home/nayab/dev_ws/install/rc_interfaces/share/rc_interfaces/local_setup.zsh
[4.641s] -- Installing: /home/nayab/dev_ws/install/rc_interfaces/share/rc_interfaces/local_setup.dsv
[4.641s] -- Installing: /home/nayab/dev_ws/install/rc_interfaces/share/rc_interfaces/package.dsv
[4.641s] -- Up-to-date: /home/nayab/dev_ws/install/rc_interfaces/share/ament_index/resource_index/packages/rc_interfaces
[4.641s] -- Up-to-date: /home/nayab/dev_ws/install/rc_interfaces/share/rc_interfaces/cmake/rc_interfaces__rosidl_generator_cExport.cmake
[4.641s] -- Installing: /home/nayab/dev_ws/install/rc_interfaces/share/rc_interfaces/cmake/rc_interfaces__rosidl_generator_cExport-noconfig.cmake
[4.641s] -- Up-to-date: /home/nayab/dev_ws/install/rc_interfaces/share/rc_interfaces/cmake/rc_interfaces__rosidl_typesupport_introspection_cExport.cmake
[4.641s] -- Installing: /home/nayab/dev_ws/install/rc_interfaces/share/rc_interfaces/cmake/rc_interfaces__rosidl_typesupport_introspection_cExport-noconfig.cmake
[4.642s] -- Up-to-date: /home/nayab/dev_ws/install/rc_interfaces/share/rc_interfaces/cmake/rc_interfaces__rosidl_typesupport_cExport.cmake
[4.642s] -- Installing: /home/nayab/dev_ws/install/rc_interfaces/share/rc_interfaces/cmake/rc_interfaces__rosidl_typesupport_cExport-noconfig.cmake
[4.642s] -- Up-to-date: /home/nayab/dev_ws/install/rc_interfaces/share/rc_interfaces/cmake/rc_interfaces__rosidl_generator_cppExport.cmake
[4.642s] -- Up-to-date: /home/nayab/dev_ws/install/rc_interfaces/share/rc_interfaces/cmake/rc_interfaces__rosidl_typesupport_introspection_cppExport.cmake
[4.642s] -- Installing: /home/nayab/dev_ws/install/rc_interfaces/share/rc_interfaces/cmake/rc_interfaces__rosidl_typesupport_introspection_cppExport-noconfig.cmake
[4.643s] -- Up-to-date: /home/nayab/dev_ws/install/rc_interfaces/share/rc_interfaces/cmake/rc_interfaces__rosidl_typesupport_cppExport.cmake
[4.643s] -- Installing: /home/nayab/dev_ws/install/rc_interfaces/share/rc_interfaces/cmake/rc_interfaces__rosidl_typesupport_cppExport-noconfig.cmake
[4.643s] -- Up-to-date: /home/nayab/dev_ws/install/rc_interfaces/share/rc_interfaces/cmake/rosidl_cmake-extras.cmake
[4.643s] -- Up-to-date: /home/nayab/dev_ws/install/rc_interfaces/share/rc_interfaces/cmake/ament_cmake_export_dependencies-extras.cmake
[4.643s] -- Up-to-date: /home/nayab/dev_ws/install/rc_interfaces/share/rc_interfaces/cmake/ament_cmake_export_libraries-extras.cmake
[4.644s] -- Up-to-date: /home/nayab/dev_ws/install/rc_interfaces/share/rc_interfaces/cmake/ament_cmake_export_targets-extras.cmake
[4.644s] -- Up-to-date: /home/nayab/dev_ws/install/rc_interfaces/share/rc_interfaces/cmake/ament_cmake_export_include_directories-extras.cmake
[4.644s] -- Up-to-date: /home/nayab/dev_ws/install/rc_interfaces/share/rc_interfaces/cmake/rosidl_cmake_export_typesupport_libraries-extras.cmake
[4.644s] -- Up-to-date: /home/nayab/dev_ws/install/rc_interfaces/share/rc_interfaces/cmake/rosidl_cmake_export_typesupport_targets-extras.cmake
[4.644s] -- Up-to-date: /home/nayab/dev_ws/install/rc_interfaces/share/rc_interfaces/cmake/rc_interfacesConfig.cmake
[4.644s] -- Up-to-date: /home/nayab/dev_ws/install/rc_interfaces/share/rc_interfaces/cmake/rc_interfacesConfig-version.cmake
[4.644s] -- Up-to-date: /home/nayab/dev_ws/install/rc_interfaces/share/rc_interfaces/package.xml
[4.648s] Invoked command in '/home/nayab/dev_ws/build/rc_interfaces' returned '0': CMAKE_PREFIX_PATH=/home/nayab/dev_ws/install/rc_interfaces:/home/nayab/dev_ws/install/tutorial_interfaces:/home/nayab/dev_ws/install/turtlesim:/home/nayab/dev_ws/install/py_pubsub:/home/nayab/dev_ws/install/my_package:/opt/ros/foxy:/home/nayab/project_ws/devel:/opt/ros/noetic /usr/bin/cmake --install /home/nayab/dev_ws/build/rc_interfaces
