[0.675s] Invoking command in '/home/nayab/dev_ws/src/py_pubsub': PYTHONPATH=/home/nayab/dev_ws/install/py_pubsub/lib/python3.8/site-packages:${PYTHONPATH} /usr/bin/python3 setup.py egg_info --egg-base ../../build/py_pubsub build --build-base /home/nayab/dev_ws/build/py_pubsub/build install --prefix /home/nayab/dev_ws/install/py_pubsub --record /home/nayab/dev_ws/build/py_pubsub/install.log --single-version-externally-managed
[0.912s] running egg_info
[0.912s] writing ../../build/py_pubsub/py_pubsub.egg-info/PKG-INFO
[0.913s] writing dependency_links to ../../build/py_pubsub/py_pubsub.egg-info/dependency_links.txt
[0.913s] writing entry points to ../../build/py_pubsub/py_pubsub.egg-info/entry_points.txt
[0.913s] writing requirements to ../../build/py_pubsub/py_pubsub.egg-info/requires.txt
[0.913s] writing top-level names to ../../build/py_pubsub/py_pubsub.egg-info/top_level.txt
[0.946s] reading manifest file '../../build/py_pubsub/py_pubsub.egg-info/SOURCES.txt'
[0.947s] writing manifest file '../../build/py_pubsub/py_pubsub.egg-info/SOURCES.txt'
[0.947s] running build
[0.947s] running build_py
[0.947s] copying py_pubsub/subscriber_old_school.py -> /home/nayab/dev_ws/build/py_pubsub/build/lib/py_pubsub
[0.947s] running install
[0.948s] running install_lib
[0.949s] copying /home/nayab/dev_ws/build/py_pubsub/build/lib/py_pubsub/subscriber_old_school.py -> /home/nayab/dev_ws/install/py_pubsub/lib/python3.8/site-packages/py_pubsub
[0.949s] byte-compiling /home/nayab/dev_ws/install/py_pubsub/lib/python3.8/site-packages/py_pubsub/subscriber_old_school.py to subscriber_old_school.cpython-38.pyc
[0.951s] running install_data
[0.951s] running install_egg_info
[0.953s] removing '/home/nayab/dev_ws/install/py_pubsub/lib/python3.8/site-packages/py_pubsub-0.0.0-py3.8.egg-info' (and everything under it)
[0.953s] Copying ../../build/py_pubsub/py_pubsub.egg-info to /home/nayab/dev_ws/install/py_pubsub/lib/python3.8/site-packages/py_pubsub-0.0.0-py3.8.egg-info
[0.954s] running install_scripts
[0.970s] Installing listener script to /home/nayab/dev_ws/install/py_pubsub/lib/py_pubsub
[0.971s] Installing listener_old script to /home/nayab/dev_ws/install/py_pubsub/lib/py_pubsub
[0.971s] Installing talker script to /home/nayab/dev_ws/install/py_pubsub/lib/py_pubsub
[0.971s] Installing talker_old script to /home/nayab/dev_ws/install/py_pubsub/lib/py_pubsub
[0.971s] writing list of installed files to '/home/nayab/dev_ws/build/py_pubsub/install.log'
[0.993s] Invoked command in '/home/nayab/dev_ws/src/py_pubsub' returned '0': PYTHONPATH=/home/nayab/dev_ws/install/py_pubsub/lib/python3.8/site-packages:${PYTHONPATH} /usr/bin/python3 setup.py egg_info --egg-base ../../build/py_pubsub build --build-base /home/nayab/dev_ws/build/py_pubsub/build install --prefix /home/nayab/dev_ws/install/py_pubsub --record /home/nayab/dev_ws/build/py_pubsub/install.log --single-version-externally-managed
