[0.017s] Invoking command in '/home/nayab/dev_ws/build/abd_robot_comms': AMENT_PREFIX_PATH=/home/nayab/dev_ws/install/rc_interfaces:/home/nayab/dev_ws/install/abds_msgs:${AMENT_PREFIX_PATH} CMAKE_PREFIX_PATH=/home/nayab/dev_ws/install/rc_interfaces:/home/nayab/dev_ws/install/abds_msgs:/opt/ros/foxy:${CMAKE_PREFIX_PATH} LD_LIBRARY_PATH=/home/nayab/dev_ws/install/rc_interfaces/lib:/home/nayab/dev_ws/install/abds_msgs/lib:${LD_LIBRARY_PATH} PYTHONPATH=/home/nayab/dev_ws/install/rc_interfaces/lib/python3.8/site-packages:/home/nayab/dev_ws/install/abds_msgs/lib/python3.8/site-packages:${PYTHONPATH} /usr/bin/cmake --build /home/nayab/dev_ws/build/abd_robot_comms -- -j4 -l4
[0.047s] -- Found ament_cmake: 0.9.9 (/opt/ros/foxy/share/ament_cmake/cmake)
[0.070s] -- Using PYTHON_EXECUTABLE: /usr/bin/python3
[0.283s] -- Found rclcpp: 2.4.1 (/opt/ros/foxy/share/rclcpp/cmake)
[0.317s] -- Using all available rosidl_typesupport_c: rosidl_typesupport_fastrtps_c;rosidl_typesupport_introspection_c
[0.320s] -- Found rosidl_adapter: 1.2.1 (/opt/ros/foxy/share/rosidl_adapter/cmake)
[0.443s] -- Using all available rosidl_typesupport_cpp: rosidl_typesupport_fastrtps_cpp;rosidl_typesupport_introspection_cpp
[0.491s] -- Found rmw_implementation_cmake: 1.0.3 (/opt/ros/foxy/share/rmw_implementation_cmake/cmake)
[0.492s] -- Using RMW implementation 'rmw_fastrtps_cpp' as default
[0.629s] -- Found visualization_msgs: 2.0.5 (/opt/ros/foxy/share/visualization_msgs/cmake)
[0.743s] -- Found abds_msgs: 0.0.0 (/home/nayab/dev_ws/install/abds_msgs/share/abds_msgs/cmake)
[0.944s] -- Found rc_interfaces: 0.0.0 (/home/nayab/dev_ws/install/rc_interfaces/share/rc_interfaces/cmake)
[1.064s] -- Configuring done
[1.079s] -- Generating done
[1.081s] -- Build files have been written to: /home/nayab/dev_ws/build/abd_robot_comms
[1.111s] [35m[1mScanning dependencies of target comms[0m
[1.111s] [35m[1mScanning dependencies of target numeric_analysis[0m
[1.111s] [35m[1mScanning dependencies of target network_utils[0m
[1.122s] [ 30%] [32mBuilding C object CMakeFiles/comms.dir/src/comms.c.o[0m
[1.122s] [ 30%] [32mBuilding C object CMakeFiles/network_utils.dir/src/network_utils.c.o[0m
[1.123s] [ 30%] [32mBuilding C object CMakeFiles/numeric_analysis.dir/src/numeric_analysis.c.o[0m
[1.163s] [ 40%] [32m[1mLinking C static library libnumeric_analysis.a[0m
[1.166s] [ 50%] [32m[1mLinking C static library libcomms.a[0m
[1.198s] [ 50%] Built target numeric_analysis
[1.198s] [ 50%] Built target comms
[1.209s] [35m[1mScanning dependencies of target pf_segment_functions[0m
[1.220s] [ 60%] [32mBuilding C object CMakeFiles/pf_segment_functions.dir/src/pf_segment_functions.c.o[0m
[1.251s] [ 70%] [32m[1mLinking C static library libnetwork_utils.a[0m
[1.284s] [ 70%] Built target network_utils
[1.309s] [ 80%] [32m[1mLinking C static library libpf_segment_functions.a[0m
[1.342s] [ 80%] Built target pf_segment_functions
[1.365s] [35m[1mScanning dependencies of target trajectory_calculator[0m
[1.398s] [ 90%] [32mBuilding CXX object CMakeFiles/trajectory_calculator.dir/src/trajectory_calculator.cpp.o[0m
[8.702s] [100%] [32m[1mLinking CXX executable trajectory_calculator[0m
[9.080s] [100%] Built target trajectory_calculator
[9.093s] Invoked command in '/home/nayab/dev_ws/build/abd_robot_comms' returned '0': AMENT_PREFIX_PATH=/home/nayab/dev_ws/install/rc_interfaces:/home/nayab/dev_ws/install/abds_msgs:${AMENT_PREFIX_PATH} CMAKE_PREFIX_PATH=/home/nayab/dev_ws/install/rc_interfaces:/home/nayab/dev_ws/install/abds_msgs:/opt/ros/foxy:${CMAKE_PREFIX_PATH} LD_LIBRARY_PATH=/home/nayab/dev_ws/install/rc_interfaces/lib:/home/nayab/dev_ws/install/abds_msgs/lib:${LD_LIBRARY_PATH} PYTHONPATH=/home/nayab/dev_ws/install/rc_interfaces/lib/python3.8/site-packages:/home/nayab/dev_ws/install/abds_msgs/lib/python3.8/site-packages:${PYTHONPATH} /usr/bin/cmake --build /home/nayab/dev_ws/build/abd_robot_comms -- -j4 -l4
[9.130s] Invoking command in '/home/nayab/dev_ws/build/abd_robot_comms': AMENT_PREFIX_PATH=/home/nayab/dev_ws/install/rc_interfaces:/home/nayab/dev_ws/install/abds_msgs:${AMENT_PREFIX_PATH} CMAKE_PREFIX_PATH=/home/nayab/dev_ws/install/rc_interfaces:/home/nayab/dev_ws/install/abds_msgs:/opt/ros/foxy:${CMAKE_PREFIX_PATH} LD_LIBRARY_PATH=/home/nayab/dev_ws/install/rc_interfaces/lib:/home/nayab/dev_ws/install/abds_msgs/lib:${LD_LIBRARY_PATH} PYTHONPATH=/home/nayab/dev_ws/install/rc_interfaces/lib/python3.8/site-packages:/home/nayab/dev_ws/install/abds_msgs/lib/python3.8/site-packages:${PYTHONPATH} /usr/bin/cmake --install /home/nayab/dev_ws/build/abd_robot_comms
[9.141s] -- Install configuration: ""
[9.141s] -- Installing: /home/nayab/dev_ws/install/abd_robot_comms/lib/abd_robot_comms/trajectory_calculator
[9.145s] -- Set runtime path of "/home/nayab/dev_ws/install/abd_robot_comms/lib/abd_robot_comms/trajectory_calculator" to ""
[9.146s] -- Up-to-date: /home/nayab/dev_ws/install/abd_robot_comms/share/ament_index/resource_index/package_run_dependencies/abd_robot_comms
[9.147s] -- Up-to-date: /home/nayab/dev_ws/install/abd_robot_comms/share/ament_index/resource_index/parent_prefix_path/abd_robot_comms
[9.147s] -- Installing: /home/nayab/dev_ws/install/abd_robot_comms/share/abd_robot_comms/environment/ament_prefix_path.sh
[9.147s] -- Installing: /home/nayab/dev_ws/install/abd_robot_comms/share/abd_robot_comms/environment/ament_prefix_path.dsv
[9.148s] -- Installing: /home/nayab/dev_ws/install/abd_robot_comms/share/abd_robot_comms/environment/path.sh
[9.148s] -- Installing: /home/nayab/dev_ws/install/abd_robot_comms/share/abd_robot_comms/environment/path.dsv
[9.148s] -- Up-to-date: /home/nayab/dev_ws/install/abd_robot_comms/share/abd_robot_comms/local_setup.bash
[9.148s] -- Up-to-date: /home/nayab/dev_ws/install/abd_robot_comms/share/abd_robot_comms/local_setup.sh
[9.148s] -- Up-to-date: /home/nayab/dev_ws/install/abd_robot_comms/share/abd_robot_comms/local_setup.zsh
[9.148s] -- Installing: /home/nayab/dev_ws/install/abd_robot_comms/share/abd_robot_comms/local_setup.dsv
[9.148s] -- Installing: /home/nayab/dev_ws/install/abd_robot_comms/share/abd_robot_comms/package.dsv
[9.148s] -- Up-to-date: /home/nayab/dev_ws/install/abd_robot_comms/share/ament_index/resource_index/packages/abd_robot_comms
[9.148s] -- Up-to-date: /home/nayab/dev_ws/install/abd_robot_comms/share/abd_robot_comms/cmake/abd_robot_commsConfig.cmake
[9.149s] -- Up-to-date: /home/nayab/dev_ws/install/abd_robot_comms/share/abd_robot_comms/cmake/abd_robot_commsConfig-version.cmake
[9.149s] -- Up-to-date: /home/nayab/dev_ws/install/abd_robot_comms/share/abd_robot_comms/package.xml
[9.152s] Invoked command in '/home/nayab/dev_ws/build/abd_robot_comms' returned '0': AMENT_PREFIX_PATH=/home/nayab/dev_ws/install/rc_interfaces:/home/nayab/dev_ws/install/abds_msgs:${AMENT_PREFIX_PATH} CMAKE_PREFIX_PATH=/home/nayab/dev_ws/install/rc_interfaces:/home/nayab/dev_ws/install/abds_msgs:/opt/ros/foxy:${CMAKE_PREFIX_PATH} LD_LIBRARY_PATH=/home/nayab/dev_ws/install/rc_interfaces/lib:/home/nayab/dev_ws/install/abds_msgs/lib:${LD_LIBRARY_PATH} PYTHONPATH=/home/nayab/dev_ws/install/rc_interfaces/lib/python3.8/site-packages:/home/nayab/dev_ws/install/abds_msgs/lib/python3.8/site-packages:${PYTHONPATH} /usr/bin/cmake --install /home/nayab/dev_ws/build/abd_robot_comms
