[0.028s] Invoking command in '/home/nayab/dev_ws/build/tutorial_interfaces': CMAKE_PREFIX_PATH=/opt/ros/foxy:${CMAKE_PREFIX_PATH} /usr/bin/cmake --build /home/nayab/dev_ws/build/tutorial_interfaces -- -j4 -l4
[0.092s] [  2%] Built target tutorial_interfaces__cpp
[0.110s] [ 12%] Built target tutorial_interfaces__rosidl_generator_c
[0.122s] [ 23%] Built target tutorial_interfaces__rosidl_typesupport_fastrtps_cpp
[0.129s] [ 33%] Built target tutorial_interfaces__rosidl_typesupport_cpp
[0.135s] [ 43%] Built target tutorial_interfaces__rosidl_typesupport_introspection_cpp
[0.139s] [ 53%] Built target tutorial_interfaces__rosidl_typesupport_introspection_c
[0.155s] [ 64%] Built target tutorial_interfaces__rosidl_typesupport_fastrtps_c
[0.158s] [ 74%] Built target tutorial_interfaces__rosidl_typesupport_c
[0.179s] [ 74%] Built target tutorial_interfaces
[0.202s] [ 76%] Built target tutorial_interfaces__py
[0.230s] [ 84%] Built target tutorial_interfaces__python
[0.257s] [100%] Built target tutorial_interfaces__rosidl_typesupport_c__pyext
[0.257s] [100%] Built target tutorial_interfaces__rosidl_typesupport_introspection_c__pyext
[0.257s] [100%] Built target tutorial_interfaces__rosidl_typesupport_fastrtps_c__pyext
[0.270s] Invoked command in '/home/nayab/dev_ws/build/tutorial_interfaces' returned '0': CMAKE_PREFIX_PATH=/opt/ros/foxy:${CMAKE_PREFIX_PATH} /usr/bin/cmake --build /home/nayab/dev_ws/build/tutorial_interfaces -- -j4 -l4
[0.333s] Invoking command in '/home/nayab/dev_ws/build/tutorial_interfaces': CMAKE_PREFIX_PATH=/opt/ros/foxy:${CMAKE_PREFIX_PATH} /usr/bin/cmake --install /home/nayab/dev_ws/build/tutorial_interfaces
[0.343s] -- Install configuration: ""
[0.343s] -- Up-to-date: /home/nayab/dev_ws/install/tutorial_interfaces/share/ament_index/resource_index/rosidl_interfaces/tutorial_interfaces
[0.344s] -- Up-to-date: /home/nayab/dev_ws/install/tutorial_interfaces/include/tutorial_interfaces
[0.344s] -- Up-to-date: /home/nayab/dev_ws/install/tutorial_interfaces/include/tutorial_interfaces/msg
[0.344s] -- Up-to-date: /home/nayab/dev_ws/install/tutorial_interfaces/include/tutorial_interfaces/msg/detail
[0.344s] -- Up-to-date: /home/nayab/dev_ws/install/tutorial_interfaces/include/tutorial_interfaces/msg/detail/num__functions.h
[0.344s] -- Up-to-date: /home/nayab/dev_ws/install/tutorial_interfaces/include/tutorial_interfaces/msg/detail/mp_status__functions.h
[0.344s] -- Up-to-date: /home/nayab/dev_ws/install/tutorial_interfaces/include/tutorial_interfaces/msg/detail/mp_status__type_support.h
[0.344s] -- Up-to-date: /home/nayab/dev_ws/install/tutorial_interfaces/include/tutorial_interfaces/msg/detail/num__type_support.h
[0.344s] -- Up-to-date: /home/nayab/dev_ws/install/tutorial_interfaces/include/tutorial_interfaces/msg/detail/num__functions.c
[0.344s] -- Up-to-date: /home/nayab/dev_ws/install/tutorial_interfaces/include/tutorial_interfaces/msg/detail/mp_status__functions.c
[0.344s] -- Up-to-date: /home/nayab/dev_ws/install/tutorial_interfaces/include/tutorial_interfaces/msg/detail/num__struct.h
[0.345s] -- Up-to-date: /home/nayab/dev_ws/install/tutorial_interfaces/include/tutorial_interfaces/msg/detail/mp_status__struct.h
[0.345s] -- Up-to-date: /home/nayab/dev_ws/install/tutorial_interfaces/include/tutorial_interfaces/msg/num.h
[0.345s] -- Up-to-date: /home/nayab/dev_ws/install/tutorial_interfaces/include/tutorial_interfaces/msg/mp_status.h
[0.345s] -- Up-to-date: /home/nayab/dev_ws/install/tutorial_interfaces/include/tutorial_interfaces/msg/rosidl_generator_c__visibility_control.h
[0.345s] -- Up-to-date: /home/nayab/dev_ws/install/tutorial_interfaces/share/tutorial_interfaces/environment/library_path.sh
[0.345s] -- Up-to-date: /home/nayab/dev_ws/install/tutorial_interfaces/share/tutorial_interfaces/environment/library_path.dsv
[0.345s] -- Up-to-date: /home/nayab/dev_ws/install/tutorial_interfaces/lib/libtutorial_interfaces__rosidl_generator_c.so
[0.345s] -- Up-to-date: /home/nayab/dev_ws/install/tutorial_interfaces/include/tutorial_interfaces
[0.345s] -- Up-to-date: /home/nayab/dev_ws/install/tutorial_interfaces/include/tutorial_interfaces/msg
[0.345s] -- Up-to-date: /home/nayab/dev_ws/install/tutorial_interfaces/include/tutorial_interfaces/msg/detail
[0.346s] -- Up-to-date: /home/nayab/dev_ws/install/tutorial_interfaces/include/tutorial_interfaces/msg/detail/num__rosidl_typesupport_fastrtps_c.h
[0.346s] -- Up-to-date: /home/nayab/dev_ws/install/tutorial_interfaces/include/tutorial_interfaces/msg/detail/mp_status__rosidl_typesupport_fastrtps_c.h
[0.346s] -- Up-to-date: /home/nayab/dev_ws/install/tutorial_interfaces/include/tutorial_interfaces/msg/rosidl_typesupport_fastrtps_c__visibility_control.h
[0.346s] -- Up-to-date: /home/nayab/dev_ws/install/tutorial_interfaces/lib/libtutorial_interfaces__rosidl_typesupport_fastrtps_c.so
[0.346s] -- Up-to-date: /home/nayab/dev_ws/install/tutorial_interfaces/include/tutorial_interfaces
[0.346s] -- Up-to-date: /home/nayab/dev_ws/install/tutorial_interfaces/include/tutorial_interfaces/msg
[0.346s] -- Up-to-date: /home/nayab/dev_ws/install/tutorial_interfaces/include/tutorial_interfaces/msg/detail
[0.346s] -- Up-to-date: /home/nayab/dev_ws/install/tutorial_interfaces/include/tutorial_interfaces/msg/detail/dds_fastrtps
[0.346s] -- Up-to-date: /home/nayab/dev_ws/install/tutorial_interfaces/include/tutorial_interfaces/msg/detail/mp_status__rosidl_typesupport_fastrtps_cpp.hpp
[0.346s] -- Up-to-date: /home/nayab/dev_ws/install/tutorial_interfaces/include/tutorial_interfaces/msg/detail/num__rosidl_typesupport_fastrtps_cpp.hpp
[0.346s] -- Up-to-date: /home/nayab/dev_ws/install/tutorial_interfaces/include/tutorial_interfaces/msg/rosidl_typesupport_fastrtps_cpp__visibility_control.h
[0.346s] -- Up-to-date: /home/nayab/dev_ws/install/tutorial_interfaces/lib/libtutorial_interfaces__rosidl_typesupport_fastrtps_cpp.so
[0.347s] -- Up-to-date: /home/nayab/dev_ws/install/tutorial_interfaces/include/tutorial_interfaces
[0.347s] -- Up-to-date: /home/nayab/dev_ws/install/tutorial_interfaces/include/tutorial_interfaces/msg
[0.347s] -- Up-to-date: /home/nayab/dev_ws/install/tutorial_interfaces/include/tutorial_interfaces/msg/rosidl_typesupport_introspection_c__visibility_control.h
[0.347s] -- Up-to-date: /home/nayab/dev_ws/install/tutorial_interfaces/include/tutorial_interfaces/msg/detail
[0.347s] -- Up-to-date: /home/nayab/dev_ws/install/tutorial_interfaces/include/tutorial_interfaces/msg/detail/num__type_support.c
[0.347s] -- Up-to-date: /home/nayab/dev_ws/install/tutorial_interfaces/include/tutorial_interfaces/msg/detail/mp_status__rosidl_typesupport_introspection_c.h
[0.347s] -- Up-to-date: /home/nayab/dev_ws/install/tutorial_interfaces/include/tutorial_interfaces/msg/detail/num__rosidl_typesupport_introspection_c.h
[0.347s] -- Up-to-date: /home/nayab/dev_ws/install/tutorial_interfaces/include/tutorial_interfaces/msg/detail/mp_status__type_support.c
[0.347s] -- Up-to-date: /home/nayab/dev_ws/install/tutorial_interfaces/lib/libtutorial_interfaces__rosidl_typesupport_introspection_c.so
[0.347s] -- Up-to-date: /home/nayab/dev_ws/install/tutorial_interfaces/lib/libtutorial_interfaces__rosidl_typesupport_c.so
[0.347s] -- Up-to-date: /home/nayab/dev_ws/install/tutorial_interfaces/include/tutorial_interfaces
[0.348s] -- Up-to-date: /home/nayab/dev_ws/install/tutorial_interfaces/include/tutorial_interfaces/msg
[0.348s] -- Up-to-date: /home/nayab/dev_ws/install/tutorial_interfaces/include/tutorial_interfaces/msg/detail
[0.348s] -- Up-to-date: /home/nayab/dev_ws/install/tutorial_interfaces/include/tutorial_interfaces/msg/detail/num__traits.hpp
[0.348s] -- Up-to-date: /home/nayab/dev_ws/install/tutorial_interfaces/include/tutorial_interfaces/msg/detail/mp_status__struct.hpp
[0.348s] -- Up-to-date: /home/nayab/dev_ws/install/tutorial_interfaces/include/tutorial_interfaces/msg/detail/mp_status__builder.hpp
[0.348s] -- Up-to-date: /home/nayab/dev_ws/install/tutorial_interfaces/include/tutorial_interfaces/msg/detail/mp_status__traits.hpp
[0.348s] -- Up-to-date: /home/nayab/dev_ws/install/tutorial_interfaces/include/tutorial_interfaces/msg/detail/num__builder.hpp
[0.348s] -- Up-to-date: /home/nayab/dev_ws/install/tutorial_interfaces/include/tutorial_interfaces/msg/detail/num__struct.hpp
[0.348s] -- Up-to-date: /home/nayab/dev_ws/install/tutorial_interfaces/include/tutorial_interfaces/msg/mp_status.hpp
[0.349s] -- Up-to-date: /home/nayab/dev_ws/install/tutorial_interfaces/include/tutorial_interfaces/msg/num.hpp
[0.349s] -- Up-to-date: /home/nayab/dev_ws/install/tutorial_interfaces/include/tutorial_interfaces
[0.349s] -- Up-to-date: /home/nayab/dev_ws/install/tutorial_interfaces/include/tutorial_interfaces/msg
[0.349s] -- Up-to-date: /home/nayab/dev_ws/install/tutorial_interfaces/include/tutorial_interfaces/msg/detail
[0.349s] -- Up-to-date: /home/nayab/dev_ws/install/tutorial_interfaces/include/tutorial_interfaces/msg/detail/num__type_support.cpp
[0.349s] -- Up-to-date: /home/nayab/dev_ws/install/tutorial_interfaces/include/tutorial_interfaces/msg/detail/num__rosidl_typesupport_introspection_cpp.hpp
[0.349s] -- Up-to-date: /home/nayab/dev_ws/install/tutorial_interfaces/include/tutorial_interfaces/msg/detail/mp_status__rosidl_typesupport_introspection_cpp.hpp
[0.349s] -- Up-to-date: /home/nayab/dev_ws/install/tutorial_interfaces/include/tutorial_interfaces/msg/detail/mp_status__type_support.cpp
[0.349s] -- Up-to-date: /home/nayab/dev_ws/install/tutorial_interfaces/lib/libtutorial_interfaces__rosidl_typesupport_introspection_cpp.so
[0.349s] -- Up-to-date: /home/nayab/dev_ws/install/tutorial_interfaces/lib/libtutorial_interfaces__rosidl_typesupport_cpp.so
[0.349s] -- Up-to-date: /home/nayab/dev_ws/install/tutorial_interfaces/share/tutorial_interfaces/environment/pythonpath.sh
[0.349s] -- Up-to-date: /home/nayab/dev_ws/install/tutorial_interfaces/share/tutorial_interfaces/environment/pythonpath.dsv
[0.349s] -- Up-to-date: /home/nayab/dev_ws/install/tutorial_interfaces/lib/python3.8/site-packages/tutorial_interfaces/__init__.py
[0.380s] -- Up-to-date: /home/nayab/dev_ws/install/tutorial_interfaces/lib/python3.8/site-packages/tutorial_interfaces/msg
[0.380s] -- Up-to-date: /home/nayab/dev_ws/install/tutorial_interfaces/lib/python3.8/site-packages/tutorial_interfaces/msg/__init__.py
[0.381s] -- Up-to-date: /home/nayab/dev_ws/install/tutorial_interfaces/lib/python3.8/site-packages/tutorial_interfaces/msg/_num_s.c
[0.381s] -- Up-to-date: /home/nayab/dev_ws/install/tutorial_interfaces/lib/python3.8/site-packages/tutorial_interfaces/msg/_num.py
[0.381s] -- Up-to-date: /home/nayab/dev_ws/install/tutorial_interfaces/lib/python3.8/site-packages/tutorial_interfaces/msg/_mp_status_s.c
[0.381s] -- Up-to-date: /home/nayab/dev_ws/install/tutorial_interfaces/lib/python3.8/site-packages/tutorial_interfaces/msg/_mp_status.py
[0.381s] -- Up-to-date: /home/nayab/dev_ws/install/tutorial_interfaces/lib/python3.8/site-packages/tutorial_interfaces/tutorial_interfaces_s__rosidl_typesupport_fastrtps_c.cpython-38-x86_64-linux-gnu.so
[0.382s] -- Up-to-date: /home/nayab/dev_ws/install/tutorial_interfaces/lib/python3.8/site-packages/tutorial_interfaces/tutorial_interfaces_s__rosidl_typesupport_introspection_c.cpython-38-x86_64-linux-gnu.so
[0.382s] -- Up-to-date: /home/nayab/dev_ws/install/tutorial_interfaces/lib/python3.8/site-packages/tutorial_interfaces/tutorial_interfaces_s__rosidl_typesupport_c.cpython-38-x86_64-linux-gnu.so
[0.383s] -- Up-to-date: /home/nayab/dev_ws/install/tutorial_interfaces/lib/libtutorial_interfaces__python.so
[0.383s] -- Up-to-date: /home/nayab/dev_ws/install/tutorial_interfaces/share/tutorial_interfaces/msg/Num.idl
[0.383s] -- Up-to-date: /home/nayab/dev_ws/install/tutorial_interfaces/share/tutorial_interfaces/msg/MpStatus.idl
[0.383s] -- Up-to-date: /home/nayab/dev_ws/install/tutorial_interfaces/share/tutorial_interfaces/msg/Num.msg
[0.384s] -- Up-to-date: /home/nayab/dev_ws/install/tutorial_interfaces/share/tutorial_interfaces/msg/MpStatus.msg
[0.384s] -- Up-to-date: /home/nayab/dev_ws/install/tutorial_interfaces/share/ament_index/resource_index/package_run_dependencies/tutorial_interfaces
[0.384s] -- Up-to-date: /home/nayab/dev_ws/install/tutorial_interfaces/share/ament_index/resource_index/parent_prefix_path/tutorial_interfaces
[0.384s] -- Up-to-date: /home/nayab/dev_ws/install/tutorial_interfaces/share/tutorial_interfaces/environment/ament_prefix_path.sh
[0.384s] -- Up-to-date: /home/nayab/dev_ws/install/tutorial_interfaces/share/tutorial_interfaces/environment/ament_prefix_path.dsv
[0.384s] -- Up-to-date: /home/nayab/dev_ws/install/tutorial_interfaces/share/tutorial_interfaces/environment/path.sh
[0.384s] -- Up-to-date: /home/nayab/dev_ws/install/tutorial_interfaces/share/tutorial_interfaces/environment/path.dsv
[0.384s] -- Up-to-date: /home/nayab/dev_ws/install/tutorial_interfaces/share/tutorial_interfaces/local_setup.bash
[0.384s] -- Up-to-date: /home/nayab/dev_ws/install/tutorial_interfaces/share/tutorial_interfaces/local_setup.sh
[0.384s] -- Up-to-date: /home/nayab/dev_ws/install/tutorial_interfaces/share/tutorial_interfaces/local_setup.zsh
[0.384s] -- Up-to-date: /home/nayab/dev_ws/install/tutorial_interfaces/share/tutorial_interfaces/local_setup.dsv
[0.385s] -- Installing: /home/nayab/dev_ws/install/tutorial_interfaces/share/tutorial_interfaces/package.dsv
[0.385s] -- Up-to-date: /home/nayab/dev_ws/install/tutorial_interfaces/share/ament_index/resource_index/packages/tutorial_interfaces
[0.385s] -- Up-to-date: /home/nayab/dev_ws/install/tutorial_interfaces/share/tutorial_interfaces/cmake/tutorial_interfaces__rosidl_generator_cExport.cmake
[0.385s] -- Up-to-date: /home/nayab/dev_ws/install/tutorial_interfaces/share/tutorial_interfaces/cmake/tutorial_interfaces__rosidl_generator_cExport-noconfig.cmake
[0.385s] -- Up-to-date: /home/nayab/dev_ws/install/tutorial_interfaces/share/tutorial_interfaces/cmake/tutorial_interfaces__rosidl_typesupport_introspection_cExport.cmake
[0.385s] -- Up-to-date: /home/nayab/dev_ws/install/tutorial_interfaces/share/tutorial_interfaces/cmake/tutorial_interfaces__rosidl_typesupport_introspection_cExport-noconfig.cmake
[0.385s] -- Up-to-date: /home/nayab/dev_ws/install/tutorial_interfaces/share/tutorial_interfaces/cmake/tutorial_interfaces__rosidl_typesupport_cExport.cmake
[0.385s] -- Up-to-date: /home/nayab/dev_ws/install/tutorial_interfaces/share/tutorial_interfaces/cmake/tutorial_interfaces__rosidl_typesupport_cExport-noconfig.cmake
[0.385s] -- Up-to-date: /home/nayab/dev_ws/install/tutorial_interfaces/share/tutorial_interfaces/cmake/tutorial_interfaces__rosidl_generator_cppExport.cmake
[0.385s] -- Up-to-date: /home/nayab/dev_ws/install/tutorial_interfaces/share/tutorial_interfaces/cmake/tutorial_interfaces__rosidl_typesupport_introspection_cppExport.cmake
[0.385s] -- Up-to-date: /home/nayab/dev_ws/install/tutorial_interfaces/share/tutorial_interfaces/cmake/tutorial_interfaces__rosidl_typesupport_introspection_cppExport-noconfig.cmake
[0.386s] -- Up-to-date: /home/nayab/dev_ws/install/tutorial_interfaces/share/tutorial_interfaces/cmake/tutorial_interfaces__rosidl_typesupport_cppExport.cmake
[0.386s] -- Up-to-date: /home/nayab/dev_ws/install/tutorial_interfaces/share/tutorial_interfaces/cmake/tutorial_interfaces__rosidl_typesupport_cppExport-noconfig.cmake
[0.386s] -- Up-to-date: /home/nayab/dev_ws/install/tutorial_interfaces/share/tutorial_interfaces/cmake/rosidl_cmake-extras.cmake
[0.386s] -- Up-to-date: /home/nayab/dev_ws/install/tutorial_interfaces/share/tutorial_interfaces/cmake/ament_cmake_export_dependencies-extras.cmake
[0.386s] -- Up-to-date: /home/nayab/dev_ws/install/tutorial_interfaces/share/tutorial_interfaces/cmake/ament_cmake_export_libraries-extras.cmake
[0.386s] -- Up-to-date: /home/nayab/dev_ws/install/tutorial_interfaces/share/tutorial_interfaces/cmake/ament_cmake_export_targets-extras.cmake
[0.386s] -- Up-to-date: /home/nayab/dev_ws/install/tutorial_interfaces/share/tutorial_interfaces/cmake/ament_cmake_export_include_directories-extras.cmake
[0.386s] -- Up-to-date: /home/nayab/dev_ws/install/tutorial_interfaces/share/tutorial_interfaces/cmake/rosidl_cmake_export_typesupport_libraries-extras.cmake
[0.386s] -- Up-to-date: /home/nayab/dev_ws/install/tutorial_interfaces/share/tutorial_interfaces/cmake/rosidl_cmake_export_typesupport_targets-extras.cmake
[0.386s] -- Up-to-date: /home/nayab/dev_ws/install/tutorial_interfaces/share/tutorial_interfaces/cmake/tutorial_interfacesConfig.cmake
[0.386s] -- Up-to-date: /home/nayab/dev_ws/install/tutorial_interfaces/share/tutorial_interfaces/cmake/tutorial_interfacesConfig-version.cmake
[0.387s] -- Up-to-date: /home/nayab/dev_ws/install/tutorial_interfaces/share/tutorial_interfaces/package.xml
[0.390s] Invoked command in '/home/nayab/dev_ws/build/tutorial_interfaces' returned '0': CMAKE_PREFIX_PATH=/opt/ros/foxy:${CMAKE_PREFIX_PATH} /usr/bin/cmake --install /home/nayab/dev_ws/build/tutorial_interfaces
