[0.824s] Invoking command in '/home/nayab/dev_ws/src/rc_data_emulator': CMAKE_PREFIX_PATH=/home/nayab/dev_ws/install/abds_core_common:/home/nayab/dev_ws/install/tutorial_interfaces:/home/nayab/dev_ws/install/turtlesim:/home/nayab/dev_ws/install/rc_interfaces:/home/nayab/dev_ws/install/ether_follow_interfaces:/home/nayab/project_ws/devel:/opt/ros/noetic LD_LIBRARY_PATH=/home/nayab/dev_ws/install/abds_core_common/lib:/home/nayab/dev_ws/install/tutorial_interfaces/lib:/home/nayab/dev_ws/install/turtlesim/lib:/home/nayab/dev_ws/install/rc_interfaces/lib:/home/nayab/dev_ws/install/ether_follow_interfaces/lib:/opt/ros/foxy/opt/yaml_cpp_vendor/lib:/opt/ros/foxy/opt/rviz_ogre_vendor/lib:/opt/ros/foxy/lib/x86_64-linux-gnu:/opt/ros/foxy/lib:/home/nayab/project_ws/devel/lib:/opt/ros/noetic/lib PYTHONPATH=/home/nayab/dev_ws/install/rc_data_emulator/lib/python3.8/site-packages:/home/nayab/dev_ws/install/abds_core_common/lib/python3.8/site-packages:/home/nayab/dev_ws/install/tutorial_interfaces/lib/python3.8/site-packages:/home/nayab/dev_ws/install/turtlesim/lib/python3.8/site-packages:/home/nayab/dev_ws/install/rc_interfaces/lib/python3.8/site-packages:/home/nayab/dev_ws/install/rc_data_emulator/lib/python3.8/site-packages:/home/nayab/dev_ws/install/py_pubsub/lib/python3.8/site-packages:/home/nayab/dev_ws/install/my_package/lib/python3.8/site-packages:/home/nayab/dev_ws/install/ether_follow_pubsub/lib/python3.8/site-packages:/home/nayab/dev_ws/install/ether_follow_interfaces/lib/python3.8/site-packages:/home/nayab/dev_ws/install/dbr_pubsub/lib/python3.8/site-packages:/opt/ros/foxy/lib/python3.8/site-packages:/home/nayab/project_ws/devel/lib/python3/dist-packages:/opt/ros/noetic/lib/python3/dist-packages /usr/bin/python3 setup.py egg_info --egg-base ../../build/rc_data_emulator build --build-base /home/nayab/dev_ws/build/rc_data_emulator/build install --prefix /home/nayab/dev_ws/install/rc_data_emulator --record /home/nayab/dev_ws/build/rc_data_emulator/install.log --single-version-externally-managed
[1.071s] running egg_info
[1.072s] writing ../../build/rc_data_emulator/rc_data_emulator.egg-info/PKG-INFO
[1.072s] writing dependency_links to ../../build/rc_data_emulator/rc_data_emulator.egg-info/dependency_links.txt
[1.072s] writing entry points to ../../build/rc_data_emulator/rc_data_emulator.egg-info/entry_points.txt
[1.072s] writing requirements to ../../build/rc_data_emulator/rc_data_emulator.egg-info/requires.txt
[1.073s] writing top-level names to ../../build/rc_data_emulator/rc_data_emulator.egg-info/top_level.txt
[1.105s] reading manifest file '../../build/rc_data_emulator/rc_data_emulator.egg-info/SOURCES.txt'
[1.106s] writing manifest file '../../build/rc_data_emulator/rc_data_emulator.egg-info/SOURCES.txt'
[1.106s] running build
[1.106s] running build_py
[1.107s] running install
[1.108s] running install_lib
[1.109s] running install_data
[1.110s] running install_egg_info
[1.111s] removing '/home/nayab/dev_ws/install/rc_data_emulator/lib/python3.8/site-packages/rc_data_emulator-0.0.0-py3.8.egg-info' (and everything under it)
[1.112s] Copying ../../build/rc_data_emulator/rc_data_emulator.egg-info to /home/nayab/dev_ws/install/rc_data_emulator/lib/python3.8/site-packages/rc_data_emulator-0.0.0-py3.8.egg-info
[1.112s] running install_scripts
[1.129s] Installing rc_emu script to /home/nayab/dev_ws/install/rc_data_emulator/lib/rc_data_emulator
[1.129s] writing list of installed files to '/home/nayab/dev_ws/build/rc_data_emulator/install.log'
[1.153s] Invoked command in '/home/nayab/dev_ws/src/rc_data_emulator' returned '0': CMAKE_PREFIX_PATH=/home/nayab/dev_ws/install/abds_core_common:/home/nayab/dev_ws/install/tutorial_interfaces:/home/nayab/dev_ws/install/turtlesim:/home/nayab/dev_ws/install/rc_interfaces:/home/nayab/dev_ws/install/ether_follow_interfaces:/home/nayab/project_ws/devel:/opt/ros/noetic LD_LIBRARY_PATH=/home/nayab/dev_ws/install/abds_core_common/lib:/home/nayab/dev_ws/install/tutorial_interfaces/lib:/home/nayab/dev_ws/install/turtlesim/lib:/home/nayab/dev_ws/install/rc_interfaces/lib:/home/nayab/dev_ws/install/ether_follow_interfaces/lib:/opt/ros/foxy/opt/yaml_cpp_vendor/lib:/opt/ros/foxy/opt/rviz_ogre_vendor/lib:/opt/ros/foxy/lib/x86_64-linux-gnu:/opt/ros/foxy/lib:/home/nayab/project_ws/devel/lib:/opt/ros/noetic/lib PYTHONPATH=/home/nayab/dev_ws/install/rc_data_emulator/lib/python3.8/site-packages:/home/nayab/dev_ws/install/abds_core_common/lib/python3.8/site-packages:/home/nayab/dev_ws/install/tutorial_interfaces/lib/python3.8/site-packages:/home/nayab/dev_ws/install/turtlesim/lib/python3.8/site-packages:/home/nayab/dev_ws/install/rc_interfaces/lib/python3.8/site-packages:/home/nayab/dev_ws/install/rc_data_emulator/lib/python3.8/site-packages:/home/nayab/dev_ws/install/py_pubsub/lib/python3.8/site-packages:/home/nayab/dev_ws/install/my_package/lib/python3.8/site-packages:/home/nayab/dev_ws/install/ether_follow_pubsub/lib/python3.8/site-packages:/home/nayab/dev_ws/install/ether_follow_interfaces/lib/python3.8/site-packages:/home/nayab/dev_ws/install/dbr_pubsub/lib/python3.8/site-packages:/opt/ros/foxy/lib/python3.8/site-packages:/home/nayab/project_ws/devel/lib/python3/dist-packages:/opt/ros/noetic/lib/python3/dist-packages /usr/bin/python3 setup.py egg_info --egg-base ../../build/rc_data_emulator build --build-base /home/nayab/dev_ws/build/rc_data_emulator/build install --prefix /home/nayab/dev_ws/install/rc_data_emulator --record /home/nayab/dev_ws/build/rc_data_emulator/install.log --single-version-externally-managed
