[0.669s] Invoking command in '/home/nayab/dev_ws/src/py_pubsub': PYTHONPATH=/home/nayab/dev_ws/install/py_pubsub/lib/python3.8/site-packages:${PYTHONPATH} /usr/bin/python3 setup.py egg_info --egg-base ../../build/py_pubsub build --build-base /home/nayab/dev_ws/build/py_pubsub/build install --prefix /home/nayab/dev_ws/install/py_pubsub --record /home/nayab/dev_ws/build/py_pubsub/install.log --single-version-externally-managed
[0.907s] running egg_info
[0.907s] creating ../../build/py_pubsub/py_pubsub.egg-info
[0.907s] writing ../../build/py_pubsub/py_pubsub.egg-info/PKG-INFO
[0.908s] writing dependency_links to ../../build/py_pubsub/py_pubsub.egg-info/dependency_links.txt
[0.908s] writing entry points to ../../build/py_pubsub/py_pubsub.egg-info/entry_points.txt
[0.908s] writing requirements to ../../build/py_pubsub/py_pubsub.egg-info/requires.txt
[0.908s] writing top-level names to ../../build/py_pubsub/py_pubsub.egg-info/top_level.txt
[0.909s] writing manifest file '../../build/py_pubsub/py_pubsub.egg-info/SOURCES.txt'
[0.940s] reading manifest file '../../build/py_pubsub/py_pubsub.egg-info/SOURCES.txt'
[0.941s] writing manifest file '../../build/py_pubsub/py_pubsub.egg-info/SOURCES.txt'
[0.941s] running build
[0.941s] running build_py
[0.941s] creating /home/nayab/dev_ws/build/py_pubsub/build
[0.942s] creating /home/nayab/dev_ws/build/py_pubsub/build/lib
[0.942s] creating /home/nayab/dev_ws/build/py_pubsub/build/lib/py_pubsub
[0.942s] copying py_pubsub/publisher_member_function.py -> /home/nayab/dev_ws/build/py_pubsub/build/lib/py_pubsub
[0.942s] copying py_pubsub/subscriber_member_function.py -> /home/nayab/dev_ws/build/py_pubsub/build/lib/py_pubsub
[0.942s] copying py_pubsub/__init__.py -> /home/nayab/dev_ws/build/py_pubsub/build/lib/py_pubsub
[0.942s] running install
[0.942s] running install_lib
[0.943s] creating /home/nayab/dev_ws/install/py_pubsub/lib/python3.8/site-packages/py_pubsub
[0.943s] copying /home/nayab/dev_ws/build/py_pubsub/build/lib/py_pubsub/publisher_member_function.py -> /home/nayab/dev_ws/install/py_pubsub/lib/python3.8/site-packages/py_pubsub
[0.944s] copying /home/nayab/dev_ws/build/py_pubsub/build/lib/py_pubsub/subscriber_member_function.py -> /home/nayab/dev_ws/install/py_pubsub/lib/python3.8/site-packages/py_pubsub
[0.944s] copying /home/nayab/dev_ws/build/py_pubsub/build/lib/py_pubsub/__init__.py -> /home/nayab/dev_ws/install/py_pubsub/lib/python3.8/site-packages/py_pubsub
[0.944s] byte-compiling /home/nayab/dev_ws/install/py_pubsub/lib/python3.8/site-packages/py_pubsub/publisher_member_function.py to publisher_member_function.cpython-38.pyc
[0.946s] byte-compiling /home/nayab/dev_ws/install/py_pubsub/lib/python3.8/site-packages/py_pubsub/subscriber_member_function.py to subscriber_member_function.cpython-38.pyc
[0.946s] byte-compiling /home/nayab/dev_ws/install/py_pubsub/lib/python3.8/site-packages/py_pubsub/__init__.py to __init__.cpython-38.pyc
[0.946s] running install_data
[0.947s] creating /home/nayab/dev_ws/install/py_pubsub/share/ament_index
[0.947s] creating /home/nayab/dev_ws/install/py_pubsub/share/ament_index/resource_index
[0.947s] creating /home/nayab/dev_ws/install/py_pubsub/share/ament_index/resource_index/packages
[0.947s] copying resource/py_pubsub -> /home/nayab/dev_ws/install/py_pubsub/share/ament_index/resource_index/packages
[0.947s] copying package.xml -> /home/nayab/dev_ws/install/py_pubsub/share/py_pubsub
[0.947s] running install_egg_info
[0.948s] Copying ../../build/py_pubsub/py_pubsub.egg-info to /home/nayab/dev_ws/install/py_pubsub/lib/python3.8/site-packages/py_pubsub-0.0.0-py3.8.egg-info
[0.949s] running install_scripts
[0.965s] Installing listener script to /home/nayab/dev_ws/install/py_pubsub/lib/py_pubsub
[0.965s] Installing talker script to /home/nayab/dev_ws/install/py_pubsub/lib/py_pubsub
[0.966s] writing list of installed files to '/home/nayab/dev_ws/build/py_pubsub/install.log'
[0.989s] Invoked command in '/home/nayab/dev_ws/src/py_pubsub' returned '0': PYTHONPATH=/home/nayab/dev_ws/install/py_pubsub/lib/python3.8/site-packages:${PYTHONPATH} /usr/bin/python3 setup.py egg_info --egg-base ../../build/py_pubsub build --build-base /home/nayab/dev_ws/build/py_pubsub/build install --prefix /home/nayab/dev_ws/install/py_pubsub --record /home/nayab/dev_ws/build/py_pubsub/install.log --single-version-externally-managed
