[0.047s] Invoking command in '/home/nayab/dev_ws/build/tutorial_interfaces': CMAKE_PREFIX_PATH=/home/nayab/dev_ws/install/tutorial_interfaces:/home/nayab/dev_ws/install/turtlesim:/home/nayab/dev_ws/install/rc_interfaces:/home/nayab/dev_ws/install/abds_core_common:/home/nayab/dev_ws/install/py_pubsub:/home/nayab/dev_ws/install/my_package:/home/nayab/dev_ws/install/dbr_pubsub:/opt/ros/foxy:/home/nayab/project_ws/devel:/opt/ros/noetic /usr/bin/cmake --build /home/nayab/dev_ws/build/tutorial_interfaces -- -j4 -l4
[0.075s] -- Found ament_cmake: 0.9.9 (/opt/ros/foxy/share/ament_cmake/cmake)
[0.095s] -- Found PythonInterp: /usr/bin/python3 (found suitable version "3.8.10", minimum required is "3") 
[0.095s] -- Using PYTHON_EXECUTABLE: /usr/bin/python3
[0.309s] -- Found builtin_interfaces: 1.0.0 (/opt/ros/foxy/share/builtin_interfaces/cmake)
[0.344s] -- Using all available rosidl_typesupport_c: rosidl_typesupport_fastrtps_c;rosidl_typesupport_introspection_c
[0.351s] -- Found rosidl_adapter: 1.2.1 (/opt/ros/foxy/share/rosidl_adapter/cmake)
[0.488s] -- Using all available rosidl_typesupport_cpp: rosidl_typesupport_fastrtps_cpp;rosidl_typesupport_introspection_cpp
[0.506s] -- Found rosidl_default_generators: 1.0.1 (/opt/ros/foxy/share/rosidl_default_generators/cmake)
[0.545s] -- Found PythonInterp: /usr/bin/python3 (found version "3.8.10") 
[0.796s] -- Found ament_cmake_ros: 0.9.2 (/opt/ros/foxy/share/ament_cmake_ros/cmake)
[1.007s] -- Using all available rosidl_typesupport_c: rosidl_typesupport_fastrtps_c;rosidl_typesupport_introspection_c
[1.023s] -- Using all available rosidl_typesupport_cpp: rosidl_typesupport_fastrtps_cpp;rosidl_typesupport_introspection_cpp
[1.047s] -- Found PythonInterp: /usr/bin/python3 (found suitable version "3.8.10", minimum required is "3.5") 
[1.047s] -- Found python_cmake_module: 0.8.1 (/opt/ros/foxy/share/python_cmake_module/cmake)
[1.099s] -- Using PYTHON_EXECUTABLE: /usr/bin/python3
[1.099s] -- Using PYTHON_INCLUDE_DIRS: /usr/include/python3.8
[1.099s] -- Using PYTHON_LIBRARIES: /usr/lib/x86_64-linux-gnu/libpython3.8.so
[1.123s] -- Found ament_lint_auto: 0.9.6 (/opt/ros/foxy/share/ament_lint_auto/cmake)
[1.145s] -- Added test 'copyright' to check source files copyright and LICENSE
[1.147s] -- Added test 'lint_cmake' to check CMake code style
[1.148s] -- Added test 'xmllint' to check XML markup files
[1.164s] -- Configuring done
[1.266s] -- Generating done
[1.275s] -- Build files have been written to: /home/nayab/dev_ws/build/tutorial_interfaces
[1.303s] [35m[1mScanning dependencies of target tutorial_interfaces__rosidl_generator_c[0m
[1.316s] [  2%] Built target tutorial_interfaces__cpp
[1.331s] [  5%] [32mBuilding C object CMakeFiles/tutorial_interfaces__rosidl_generator_c.dir/rosidl_generator_c/tutorial_interfaces/msg/detail/mp_status__functions.c.o[0m
[1.332s] [35m[1mScanning dependencies of target tutorial_interfaces__rosidl_typesupport_cpp[0m
[1.336s] [  7%] [32mBuilding C object CMakeFiles/tutorial_interfaces__rosidl_generator_c.dir/rosidl_generator_c/tutorial_interfaces/msg/detail/num__functions.c.o[0m
[1.358s] [35m[1mScanning dependencies of target tutorial_interfaces__rosidl_typesupport_fastrtps_cpp[0m
[1.389s] [ 10%] [32mBuilding CXX object CMakeFiles/tutorial_interfaces__rosidl_typesupport_cpp.dir/rosidl_typesupport_cpp/tutorial_interfaces/msg/num__type_support.cpp.o[0m
[1.402s] [ 12%] [32mBuilding CXX object CMakeFiles/tutorial_interfaces__rosidl_typesupport_fastrtps_cpp.dir/rosidl_typesupport_fastrtps_cpp/tutorial_interfaces/msg/detail/dds_fastrtps/num__type_support.cpp.o[0m
[1.735s] [ 15%] [32mBuilding CXX object CMakeFiles/tutorial_interfaces__rosidl_typesupport_fastrtps_cpp.dir/rosidl_typesupport_fastrtps_cpp/tutorial_interfaces/msg/detail/dds_fastrtps/mp_status__type_support.cpp.o[0m
[1.762s] [ 17%] [32m[1mLinking C shared library libtutorial_interfaces__rosidl_generator_c.so[0m
[1.856s] [ 20%] [32mBuilding CXX object CMakeFiles/tutorial_interfaces__rosidl_typesupport_cpp.dir/rosidl_typesupport_cpp/tutorial_interfaces/msg/mp_status__type_support.cpp.o[0m
[1.970s] [ 23%] Built target tutorial_interfaces__rosidl_generator_c
[2.047s] [35m[1mScanning dependencies of target tutorial_interfaces__rosidl_typesupport_introspection_cpp[0m
[2.096s] [ 25%] [32mBuilding CXX object CMakeFiles/tutorial_interfaces__rosidl_typesupport_introspection_cpp.dir/rosidl_typesupport_introspection_cpp/tutorial_interfaces/msg/detail/num__type_support.cpp.o[0m
[2.111s] [ 28%] [32mBuilding CXX object CMakeFiles/tutorial_interfaces__rosidl_typesupport_introspection_cpp.dir/rosidl_typesupport_introspection_cpp/tutorial_interfaces/msg/detail/mp_status__type_support.cpp.o[0m
[2.279s] [ 30%] [32m[1mLinking CXX shared library libtutorial_interfaces__rosidl_typesupport_cpp.so[0m
[2.283s] [ 33%] [32m[1mLinking CXX shared library libtutorial_interfaces__rosidl_typesupport_fastrtps_cpp.so[0m
[2.353s] [ 35%] Built target tutorial_interfaces__rosidl_typesupport_cpp
[2.446s] [35m[1mScanning dependencies of target tutorial_interfaces__rosidl_typesupport_introspection_c[0m
[2.479s] [ 38%] Built target tutorial_interfaces__rosidl_typesupport_fastrtps_cpp
[2.488s] [ 41%] [32mBuilding C object CMakeFiles/tutorial_interfaces__rosidl_typesupport_introspection_c.dir/rosidl_typesupport_introspection_c/tutorial_interfaces/msg/detail/num__type_support.c.o[0m
[2.499s] [ 43%] [32m[1mLinking CXX shared library libtutorial_interfaces__rosidl_typesupport_introspection_cpp.so[0m
[2.508s] [35m[1mScanning dependencies of target tutorial_interfaces__rosidl_typesupport_c[0m
[2.517s] [35m[1mScanning dependencies of target tutorial_interfaces__rosidl_typesupport_fastrtps_c[0m
[2.552s] [ 46%] [32mBuilding CXX object CMakeFiles/tutorial_interfaces__rosidl_typesupport_fastrtps_c.dir/rosidl_typesupport_fastrtps_c/tutorial_interfaces/msg/detail/num__type_support_c.cpp.o[0m
[2.556s] [ 48%] [32mBuilding CXX object CMakeFiles/tutorial_interfaces__rosidl_typesupport_c.dir/rosidl_typesupport_c/tutorial_interfaces/msg/num__type_support.cpp.o[0m
[2.576s] [ 51%] [32mBuilding C object CMakeFiles/tutorial_interfaces__rosidl_typesupport_introspection_c.dir/rosidl_typesupport_introspection_c/tutorial_interfaces/msg/detail/mp_status__type_support.c.o[0m
[2.617s] [ 53%] Built target tutorial_interfaces__rosidl_typesupport_introspection_cpp
[2.640s] [ 56%] [32mBuilding CXX object CMakeFiles/tutorial_interfaces__rosidl_typesupport_c.dir/rosidl_typesupport_c/tutorial_interfaces/msg/mp_status__type_support.cpp.o[0m
[2.669s] [ 61%] [32mBuilding CXX object CMakeFiles/tutorial_interfaces__rosidl_typesupport_fastrtps_c.dir/rosidl_typesupport_fastrtps_c/tutorial_interfaces/msg/detail/mp_status__type_support_c.cpp.o[0m
[2.674s] [ 61%] [32m[1mLinking C shared library libtutorial_interfaces__rosidl_typesupport_introspection_c.so[0m
[2.745s] [ 64%] [32m[1mLinking CXX shared library libtutorial_interfaces__rosidl_typesupport_c.so[0m
[2.794s] [ 66%] Built target tutorial_interfaces__rosidl_typesupport_introspection_c
[2.879s] [ 69%] Built target tutorial_interfaces__rosidl_typesupport_c
[3.021s] [ 71%] [32m[1mLinking CXX shared library libtutorial_interfaces__rosidl_typesupport_fastrtps_c.so[0m
[3.149s] [ 74%] Built target tutorial_interfaces__rosidl_typesupport_fastrtps_c
[3.170s] [ 74%] Built target tutorial_interfaces
[3.233s] [ 76%] Built target tutorial_interfaces__py
[3.257s] [35m[1mScanning dependencies of target tutorial_interfaces__python[0m
[3.281s] [ 79%] [32mBuilding C object CMakeFiles/tutorial_interfaces__python.dir/rosidl_generator_py/tutorial_interfaces/msg/_num_s.c.o[0m
[3.290s] [ 82%] [32mBuilding C object CMakeFiles/tutorial_interfaces__python.dir/rosidl_generator_py/tutorial_interfaces/msg/_mp_status_s.c.o[0m
[3.469s] [ 84%] [32m[1mLinking C shared library rosidl_generator_py/tutorial_interfaces/libtutorial_interfaces__python.so[0m
[3.511s] [ 84%] Built target tutorial_interfaces__python
[3.531s] [35m[1mScanning dependencies of target tutorial_interfaces__rosidl_typesupport_fastrtps_c__pyext[0m
[3.550s] [35m[1mScanning dependencies of target tutorial_interfaces__rosidl_typesupport_introspection_c__pyext[0m
[3.594s] [35m[1mScanning dependencies of target tutorial_interfaces__rosidl_typesupport_c__pyext[0m
[3.600s] [ 87%] [32mBuilding C object CMakeFiles/tutorial_interfaces__rosidl_typesupport_fastrtps_c__pyext.dir/rosidl_generator_py/tutorial_interfaces/_tutorial_interfaces_s.ep.rosidl_typesupport_fastrtps_c.c.o[0m
[3.660s] [ 92%] [32mBuilding C object CMakeFiles/tutorial_interfaces__rosidl_typesupport_introspection_c__pyext.dir/rosidl_generator_py/tutorial_interfaces/_tutorial_interfaces_s.ep.rosidl_typesupport_introspection_c.c.o[0m
[3.678s] [ 92%] [32mBuilding C object CMakeFiles/tutorial_interfaces__rosidl_typesupport_c__pyext.dir/rosidl_generator_py/tutorial_interfaces/_tutorial_interfaces_s.ep.rosidl_typesupport_c.c.o[0m
[3.695s] [ 94%] [32m[1mLinking CXX shared library rosidl_generator_py/tutorial_interfaces/tutorial_interfaces_s__rosidl_typesupport_fastrtps_c.cpython-38-x86_64-linux-gnu.so[0m
[3.752s] [ 97%] [32m[1mLinking C shared library rosidl_generator_py/tutorial_interfaces/tutorial_interfaces_s__rosidl_typesupport_c.cpython-38-x86_64-linux-gnu.so[0m
[3.781s] [ 97%] Built target tutorial_interfaces__rosidl_typesupport_fastrtps_c__pyext
[3.803s] [100%] [32m[1mLinking C shared library rosidl_generator_py/tutorial_interfaces/tutorial_interfaces_s__rosidl_typesupport_introspection_c.cpython-38-x86_64-linux-gnu.so[0m
[3.812s] [100%] Built target tutorial_interfaces__rosidl_typesupport_c__pyext
[3.838s] [100%] Built target tutorial_interfaces__rosidl_typesupport_introspection_c__pyext
[3.857s] Invoked command in '/home/nayab/dev_ws/build/tutorial_interfaces' returned '0': CMAKE_PREFIX_PATH=/home/nayab/dev_ws/install/tutorial_interfaces:/home/nayab/dev_ws/install/turtlesim:/home/nayab/dev_ws/install/rc_interfaces:/home/nayab/dev_ws/install/abds_core_common:/home/nayab/dev_ws/install/py_pubsub:/home/nayab/dev_ws/install/my_package:/home/nayab/dev_ws/install/dbr_pubsub:/opt/ros/foxy:/home/nayab/project_ws/devel:/opt/ros/noetic /usr/bin/cmake --build /home/nayab/dev_ws/build/tutorial_interfaces -- -j4 -l4
[4.035s] Invoking command in '/home/nayab/dev_ws/build/tutorial_interfaces': CMAKE_PREFIX_PATH=/home/nayab/dev_ws/install/tutorial_interfaces:/home/nayab/dev_ws/install/turtlesim:/home/nayab/dev_ws/install/rc_interfaces:/home/nayab/dev_ws/install/abds_core_common:/home/nayab/dev_ws/install/py_pubsub:/home/nayab/dev_ws/install/my_package:/home/nayab/dev_ws/install/dbr_pubsub:/opt/ros/foxy:/home/nayab/project_ws/devel:/opt/ros/noetic /usr/bin/cmake --install /home/nayab/dev_ws/build/tutorial_interfaces
[4.041s] -- Install configuration: ""
[4.042s] -- Up-to-date: /home/nayab/dev_ws/install/tutorial_interfaces/share/ament_index/resource_index/rosidl_interfaces/tutorial_interfaces
[4.043s] -- Up-to-date: /home/nayab/dev_ws/install/tutorial_interfaces/include/tutorial_interfaces
[4.043s] -- Up-to-date: /home/nayab/dev_ws/install/tutorial_interfaces/include/tutorial_interfaces/msg
[4.043s] -- Up-to-date: /home/nayab/dev_ws/install/tutorial_interfaces/include/tutorial_interfaces/msg/mp_status.h
[4.044s] -- Up-to-date: /home/nayab/dev_ws/install/tutorial_interfaces/include/tutorial_interfaces/msg/rosidl_generator_c__visibility_control.h
[4.050s] -- Up-to-date: /home/nayab/dev_ws/install/tutorial_interfaces/include/tutorial_interfaces/msg/num.h
[4.052s] -- Up-to-date: /home/nayab/dev_ws/install/tutorial_interfaces/include/tutorial_interfaces/msg/detail
[4.052s] -- Up-to-date: /home/nayab/dev_ws/install/tutorial_interfaces/include/tutorial_interfaces/msg/detail/num__struct.h
[4.053s] -- Up-to-date: /home/nayab/dev_ws/install/tutorial_interfaces/include/tutorial_interfaces/msg/detail/mp_status__type_support.h
[4.055s] -- Up-to-date: /home/nayab/dev_ws/install/tutorial_interfaces/include/tutorial_interfaces/msg/detail/mp_status__functions.c
[4.072s] -- Up-to-date: /home/nayab/dev_ws/install/tutorial_interfaces/include/tutorial_interfaces/msg/detail/num__type_support.h
[4.072s] -- Up-to-date: /home/nayab/dev_ws/install/tutorial_interfaces/include/tutorial_interfaces/msg/detail/num__functions.h
[4.072s] -- Up-to-date: /home/nayab/dev_ws/install/tutorial_interfaces/include/tutorial_interfaces/msg/detail/num__functions.c
[4.072s] -- Up-to-date: /home/nayab/dev_ws/install/tutorial_interfaces/include/tutorial_interfaces/msg/detail/mp_status__functions.h
[4.073s] -- Up-to-date: /home/nayab/dev_ws/install/tutorial_interfaces/include/tutorial_interfaces/msg/detail/mp_status__struct.h
[4.073s] -- Installing: /home/nayab/dev_ws/install/tutorial_interfaces/share/tutorial_interfaces/environment/library_path.sh
[4.073s] -- Installing: /home/nayab/dev_ws/install/tutorial_interfaces/share/tutorial_interfaces/environment/library_path.dsv
[4.074s] -- Installing: /home/nayab/dev_ws/install/tutorial_interfaces/lib/libtutorial_interfaces__rosidl_generator_c.so
[4.074s] -- Set runtime path of "/home/nayab/dev_ws/install/tutorial_interfaces/lib/libtutorial_interfaces__rosidl_generator_c.so" to ""
[4.074s] -- Up-to-date: /home/nayab/dev_ws/install/tutorial_interfaces/include/tutorial_interfaces
[4.074s] -- Up-to-date: /home/nayab/dev_ws/install/tutorial_interfaces/include/tutorial_interfaces/msg
[4.074s] -- Up-to-date: /home/nayab/dev_ws/install/tutorial_interfaces/include/tutorial_interfaces/msg/detail
[4.074s] -- Up-to-date: /home/nayab/dev_ws/install/tutorial_interfaces/include/tutorial_interfaces/msg/detail/num__rosidl_typesupport_fastrtps_c.h
[4.074s] -- Up-to-date: /home/nayab/dev_ws/install/tutorial_interfaces/include/tutorial_interfaces/msg/detail/mp_status__rosidl_typesupport_fastrtps_c.h
[4.074s] -- Up-to-date: /home/nayab/dev_ws/install/tutorial_interfaces/include/tutorial_interfaces/msg/rosidl_typesupport_fastrtps_c__visibility_control.h
[4.074s] -- Installing: /home/nayab/dev_ws/install/tutorial_interfaces/lib/libtutorial_interfaces__rosidl_typesupport_fastrtps_c.so
[4.074s] -- Set runtime path of "/home/nayab/dev_ws/install/tutorial_interfaces/lib/libtutorial_interfaces__rosidl_typesupport_fastrtps_c.so" to ""
[4.074s] -- Up-to-date: /home/nayab/dev_ws/install/tutorial_interfaces/include/tutorial_interfaces
[4.074s] -- Up-to-date: /home/nayab/dev_ws/install/tutorial_interfaces/include/tutorial_interfaces/msg
[4.074s] -- Up-to-date: /home/nayab/dev_ws/install/tutorial_interfaces/include/tutorial_interfaces/msg/rosidl_typesupport_fastrtps_cpp__visibility_control.h
[4.075s] -- Up-to-date: /home/nayab/dev_ws/install/tutorial_interfaces/include/tutorial_interfaces/msg/detail
[4.075s] -- Installing: /home/nayab/dev_ws/install/tutorial_interfaces/include/tutorial_interfaces/msg/detail/dds_fastrtps
[4.075s] -- Up-to-date: /home/nayab/dev_ws/install/tutorial_interfaces/include/tutorial_interfaces/msg/detail/mp_status__rosidl_typesupport_fastrtps_cpp.hpp
[4.075s] -- Up-to-date: /home/nayab/dev_ws/install/tutorial_interfaces/include/tutorial_interfaces/msg/detail/num__rosidl_typesupport_fastrtps_cpp.hpp
[4.075s] -- Installing: /home/nayab/dev_ws/install/tutorial_interfaces/lib/libtutorial_interfaces__rosidl_typesupport_fastrtps_cpp.so
[4.075s] -- Set runtime path of "/home/nayab/dev_ws/install/tutorial_interfaces/lib/libtutorial_interfaces__rosidl_typesupport_fastrtps_cpp.so" to ""
[4.075s] -- Up-to-date: /home/nayab/dev_ws/install/tutorial_interfaces/include/tutorial_interfaces
[4.075s] -- Up-to-date: /home/nayab/dev_ws/install/tutorial_interfaces/include/tutorial_interfaces/msg
[4.075s] -- Up-to-date: /home/nayab/dev_ws/install/tutorial_interfaces/include/tutorial_interfaces/msg/detail
[4.075s] -- Up-to-date: /home/nayab/dev_ws/install/tutorial_interfaces/include/tutorial_interfaces/msg/detail/num__rosidl_typesupport_introspection_c.h
[4.075s] -- Up-to-date: /home/nayab/dev_ws/install/tutorial_interfaces/include/tutorial_interfaces/msg/detail/num__type_support.c
[4.075s] -- Up-to-date: /home/nayab/dev_ws/install/tutorial_interfaces/include/tutorial_interfaces/msg/detail/mp_status__rosidl_typesupport_introspection_c.h
[4.075s] -- Up-to-date: /home/nayab/dev_ws/install/tutorial_interfaces/include/tutorial_interfaces/msg/detail/mp_status__type_support.c
[4.075s] -- Up-to-date: /home/nayab/dev_ws/install/tutorial_interfaces/include/tutorial_interfaces/msg/rosidl_typesupport_introspection_c__visibility_control.h
[4.075s] -- Installing: /home/nayab/dev_ws/install/tutorial_interfaces/lib/libtutorial_interfaces__rosidl_typesupport_introspection_c.so
[4.075s] -- Set runtime path of "/home/nayab/dev_ws/install/tutorial_interfaces/lib/libtutorial_interfaces__rosidl_typesupport_introspection_c.so" to ""
[4.075s] -- Installing: /home/nayab/dev_ws/install/tutorial_interfaces/lib/libtutorial_interfaces__rosidl_typesupport_c.so
[4.075s] -- Set runtime path of "/home/nayab/dev_ws/install/tutorial_interfaces/lib/libtutorial_interfaces__rosidl_typesupport_c.so" to ""
[4.075s] -- Up-to-date: /home/nayab/dev_ws/install/tutorial_interfaces/include/tutorial_interfaces
[4.075s] -- Up-to-date: /home/nayab/dev_ws/install/tutorial_interfaces/include/tutorial_interfaces/msg
[4.075s] -- Up-to-date: /home/nayab/dev_ws/install/tutorial_interfaces/include/tutorial_interfaces/msg/mp_status.hpp
[4.075s] -- Up-to-date: /home/nayab/dev_ws/install/tutorial_interfaces/include/tutorial_interfaces/msg/detail
[4.076s] -- Up-to-date: /home/nayab/dev_ws/install/tutorial_interfaces/include/tutorial_interfaces/msg/detail/num__builder.hpp
[4.076s] -- Up-to-date: /home/nayab/dev_ws/install/tutorial_interfaces/include/tutorial_interfaces/msg/detail/mp_status__struct.hpp
[4.076s] -- Up-to-date: /home/nayab/dev_ws/install/tutorial_interfaces/include/tutorial_interfaces/msg/detail/mp_status__builder.hpp
[4.076s] -- Up-to-date: /home/nayab/dev_ws/install/tutorial_interfaces/include/tutorial_interfaces/msg/detail/num__struct.hpp
[4.076s] -- Up-to-date: /home/nayab/dev_ws/install/tutorial_interfaces/include/tutorial_interfaces/msg/detail/num__traits.hpp
[4.076s] -- Up-to-date: /home/nayab/dev_ws/install/tutorial_interfaces/include/tutorial_interfaces/msg/detail/mp_status__traits.hpp
[4.076s] -- Up-to-date: /home/nayab/dev_ws/install/tutorial_interfaces/include/tutorial_interfaces/msg/num.hpp
[4.076s] -- Up-to-date: /home/nayab/dev_ws/install/tutorial_interfaces/include/tutorial_interfaces
[4.076s] -- Up-to-date: /home/nayab/dev_ws/install/tutorial_interfaces/include/tutorial_interfaces/msg
[4.076s] -- Up-to-date: /home/nayab/dev_ws/install/tutorial_interfaces/include/tutorial_interfaces/msg/detail
[4.076s] -- Up-to-date: /home/nayab/dev_ws/install/tutorial_interfaces/include/tutorial_interfaces/msg/detail/mp_status__rosidl_typesupport_introspection_cpp.hpp
[4.076s] -- Up-to-date: /home/nayab/dev_ws/install/tutorial_interfaces/include/tutorial_interfaces/msg/detail/mp_status__type_support.cpp
[4.076s] -- Up-to-date: /home/nayab/dev_ws/install/tutorial_interfaces/include/tutorial_interfaces/msg/detail/num__type_support.cpp
[4.076s] -- Up-to-date: /home/nayab/dev_ws/install/tutorial_interfaces/include/tutorial_interfaces/msg/detail/num__rosidl_typesupport_introspection_cpp.hpp
[4.076s] -- Installing: /home/nayab/dev_ws/install/tutorial_interfaces/lib/libtutorial_interfaces__rosidl_typesupport_introspection_cpp.so
[4.076s] -- Set runtime path of "/home/nayab/dev_ws/install/tutorial_interfaces/lib/libtutorial_interfaces__rosidl_typesupport_introspection_cpp.so" to ""
[4.076s] -- Installing: /home/nayab/dev_ws/install/tutorial_interfaces/lib/libtutorial_interfaces__rosidl_typesupport_cpp.so
[4.076s] -- Set runtime path of "/home/nayab/dev_ws/install/tutorial_interfaces/lib/libtutorial_interfaces__rosidl_typesupport_cpp.so" to ""
[4.076s] -- Up-to-date: /home/nayab/dev_ws/install/tutorial_interfaces/share/tutorial_interfaces/environment/pythonpath.sh
[4.076s] -- Installing: /home/nayab/dev_ws/install/tutorial_interfaces/share/tutorial_interfaces/environment/pythonpath.dsv
[4.076s] -- Installing: /home/nayab/dev_ws/install/tutorial_interfaces/lib/python3.8/site-packages/tutorial_interfaces/__init__.py
[4.091s] Compiling '/home/nayab/dev_ws/install/tutorial_interfaces/lib/python3.8/site-packages/tutorial_interfaces/__init__.py'...
[4.096s] -- Up-to-date: /home/nayab/dev_ws/install/tutorial_interfaces/lib/python3.8/site-packages/tutorial_interfaces/msg
[4.097s] -- Up-to-date: /home/nayab/dev_ws/install/tutorial_interfaces/lib/python3.8/site-packages/tutorial_interfaces/msg/__init__.py
[4.097s] -- Up-to-date: /home/nayab/dev_ws/install/tutorial_interfaces/lib/python3.8/site-packages/tutorial_interfaces/msg/_num_s.c
[4.097s] -- Up-to-date: /home/nayab/dev_ws/install/tutorial_interfaces/lib/python3.8/site-packages/tutorial_interfaces/msg/_mp_status_s.c
[4.097s] -- Up-to-date: /home/nayab/dev_ws/install/tutorial_interfaces/lib/python3.8/site-packages/tutorial_interfaces/msg/_mp_status.py
[4.097s] -- Up-to-date: /home/nayab/dev_ws/install/tutorial_interfaces/lib/python3.8/site-packages/tutorial_interfaces/msg/_num.py
[4.097s] -- Installing: /home/nayab/dev_ws/install/tutorial_interfaces/lib/python3.8/site-packages/tutorial_interfaces/tutorial_interfaces_s__rosidl_typesupport_fastrtps_c.cpython-38-x86_64-linux-gnu.so
[4.098s] -- Set runtime path of "/home/nayab/dev_ws/install/tutorial_interfaces/lib/python3.8/site-packages/tutorial_interfaces/tutorial_interfaces_s__rosidl_typesupport_fastrtps_c.cpython-38-x86_64-linux-gnu.so" to ""
[4.100s] -- Installing: /home/nayab/dev_ws/install/tutorial_interfaces/lib/python3.8/site-packages/tutorial_interfaces/tutorial_interfaces_s__rosidl_typesupport_introspection_c.cpython-38-x86_64-linux-gnu.so
[4.101s] -- Set runtime path of "/home/nayab/dev_ws/install/tutorial_interfaces/lib/python3.8/site-packages/tutorial_interfaces/tutorial_interfaces_s__rosidl_typesupport_introspection_c.cpython-38-x86_64-linux-gnu.so" to ""
[4.102s] -- Installing: /home/nayab/dev_ws/install/tutorial_interfaces/lib/python3.8/site-packages/tutorial_interfaces/tutorial_interfaces_s__rosidl_typesupport_c.cpython-38-x86_64-linux-gnu.so
[4.102s] -- Set runtime path of "/home/nayab/dev_ws/install/tutorial_interfaces/lib/python3.8/site-packages/tutorial_interfaces/tutorial_interfaces_s__rosidl_typesupport_c.cpython-38-x86_64-linux-gnu.so" to ""
[4.104s] -- Installing: /home/nayab/dev_ws/install/tutorial_interfaces/lib/libtutorial_interfaces__python.so
[4.105s] -- Set runtime path of "/home/nayab/dev_ws/install/tutorial_interfaces/lib/libtutorial_interfaces__python.so" to ""
[4.105s] -- Up-to-date: /home/nayab/dev_ws/install/tutorial_interfaces/share/tutorial_interfaces/msg/Num.idl
[4.106s] -- Up-to-date: /home/nayab/dev_ws/install/tutorial_interfaces/share/tutorial_interfaces/msg/MpStatus.idl
[4.106s] -- Up-to-date: /home/nayab/dev_ws/install/tutorial_interfaces/share/tutorial_interfaces/msg/Num.msg
[4.106s] -- Up-to-date: /home/nayab/dev_ws/install/tutorial_interfaces/share/tutorial_interfaces/msg/MpStatus.msg
[4.107s] -- Up-to-date: /home/nayab/dev_ws/install/tutorial_interfaces/share/ament_index/resource_index/package_run_dependencies/tutorial_interfaces
[4.107s] -- Installing: /home/nayab/dev_ws/install/tutorial_interfaces/share/ament_index/resource_index/parent_prefix_path/tutorial_interfaces
[4.107s] -- Installing: /home/nayab/dev_ws/install/tutorial_interfaces/share/tutorial_interfaces/environment/ament_prefix_path.sh
[4.107s] -- Installing: /home/nayab/dev_ws/install/tutorial_interfaces/share/tutorial_interfaces/environment/ament_prefix_path.dsv
[4.108s] -- Installing: /home/nayab/dev_ws/install/tutorial_interfaces/share/tutorial_interfaces/environment/path.sh
[4.108s] -- Installing: /home/nayab/dev_ws/install/tutorial_interfaces/share/tutorial_interfaces/environment/path.dsv
[4.108s] -- Up-to-date: /home/nayab/dev_ws/install/tutorial_interfaces/share/tutorial_interfaces/local_setup.bash
[4.108s] -- Up-to-date: /home/nayab/dev_ws/install/tutorial_interfaces/share/tutorial_interfaces/local_setup.sh
[4.108s] -- Up-to-date: /home/nayab/dev_ws/install/tutorial_interfaces/share/tutorial_interfaces/local_setup.zsh
[4.108s] -- Installing: /home/nayab/dev_ws/install/tutorial_interfaces/share/tutorial_interfaces/local_setup.dsv
[4.109s] -- Installing: /home/nayab/dev_ws/install/tutorial_interfaces/share/tutorial_interfaces/package.dsv
[4.109s] -- Up-to-date: /home/nayab/dev_ws/install/tutorial_interfaces/share/ament_index/resource_index/packages/tutorial_interfaces
[4.109s] -- Up-to-date: /home/nayab/dev_ws/install/tutorial_interfaces/share/tutorial_interfaces/cmake/tutorial_interfaces__rosidl_generator_cExport.cmake
[4.109s] -- Installing: /home/nayab/dev_ws/install/tutorial_interfaces/share/tutorial_interfaces/cmake/tutorial_interfaces__rosidl_generator_cExport-noconfig.cmake
[4.109s] -- Up-to-date: /home/nayab/dev_ws/install/tutorial_interfaces/share/tutorial_interfaces/cmake/tutorial_interfaces__rosidl_typesupport_introspection_cExport.cmake
[4.110s] -- Installing: /home/nayab/dev_ws/install/tutorial_interfaces/share/tutorial_interfaces/cmake/tutorial_interfaces__rosidl_typesupport_introspection_cExport-noconfig.cmake
[4.110s] -- Up-to-date: /home/nayab/dev_ws/install/tutorial_interfaces/share/tutorial_interfaces/cmake/tutorial_interfaces__rosidl_typesupport_cExport.cmake
[4.110s] -- Installing: /home/nayab/dev_ws/install/tutorial_interfaces/share/tutorial_interfaces/cmake/tutorial_interfaces__rosidl_typesupport_cExport-noconfig.cmake
[4.110s] -- Up-to-date: /home/nayab/dev_ws/install/tutorial_interfaces/share/tutorial_interfaces/cmake/tutorial_interfaces__rosidl_generator_cppExport.cmake
[4.111s] -- Up-to-date: /home/nayab/dev_ws/install/tutorial_interfaces/share/tutorial_interfaces/cmake/tutorial_interfaces__rosidl_typesupport_introspection_cppExport.cmake
[4.111s] -- Installing: /home/nayab/dev_ws/install/tutorial_interfaces/share/tutorial_interfaces/cmake/tutorial_interfaces__rosidl_typesupport_introspection_cppExport-noconfig.cmake
[4.113s] -- Up-to-date: /home/nayab/dev_ws/install/tutorial_interfaces/share/tutorial_interfaces/cmake/tutorial_interfaces__rosidl_typesupport_cppExport.cmake
[4.113s] -- Installing: /home/nayab/dev_ws/install/tutorial_interfaces/share/tutorial_interfaces/cmake/tutorial_interfaces__rosidl_typesupport_cppExport-noconfig.cmake
[4.113s] -- Up-to-date: /home/nayab/dev_ws/install/tutorial_interfaces/share/tutorial_interfaces/cmake/rosidl_cmake-extras.cmake
[4.113s] -- Up-to-date: /home/nayab/dev_ws/install/tutorial_interfaces/share/tutorial_interfaces/cmake/ament_cmake_export_dependencies-extras.cmake
[4.115s] -- Up-to-date: /home/nayab/dev_ws/install/tutorial_interfaces/share/tutorial_interfaces/cmake/ament_cmake_export_libraries-extras.cmake
[4.115s] -- Up-to-date: /home/nayab/dev_ws/install/tutorial_interfaces/share/tutorial_interfaces/cmake/ament_cmake_export_targets-extras.cmake
[4.115s] -- Up-to-date: /home/nayab/dev_ws/install/tutorial_interfaces/share/tutorial_interfaces/cmake/ament_cmake_export_include_directories-extras.cmake
[4.115s] -- Up-to-date: /home/nayab/dev_ws/install/tutorial_interfaces/share/tutorial_interfaces/cmake/rosidl_cmake_export_typesupport_libraries-extras.cmake
[4.116s] -- Up-to-date: /home/nayab/dev_ws/install/tutorial_interfaces/share/tutorial_interfaces/cmake/rosidl_cmake_export_typesupport_targets-extras.cmake
[4.116s] -- Up-to-date: /home/nayab/dev_ws/install/tutorial_interfaces/share/tutorial_interfaces/cmake/tutorial_interfacesConfig.cmake
[4.116s] -- Up-to-date: /home/nayab/dev_ws/install/tutorial_interfaces/share/tutorial_interfaces/cmake/tutorial_interfacesConfig-version.cmake
[4.116s] -- Up-to-date: /home/nayab/dev_ws/install/tutorial_interfaces/share/tutorial_interfaces/package.xml
[4.120s] Invoked command in '/home/nayab/dev_ws/build/tutorial_interfaces' returned '0': CMAKE_PREFIX_PATH=/home/nayab/dev_ws/install/tutorial_interfaces:/home/nayab/dev_ws/install/turtlesim:/home/nayab/dev_ws/install/rc_interfaces:/home/nayab/dev_ws/install/abds_core_common:/home/nayab/dev_ws/install/py_pubsub:/home/nayab/dev_ws/install/my_package:/home/nayab/dev_ws/install/dbr_pubsub:/opt/ros/foxy:/home/nayab/project_ws/devel:/opt/ros/noetic /usr/bin/cmake --install /home/nayab/dev_ws/build/tutorial_interfaces
