[0.291s] Invoking command in '/home/nayab/dev_ws/build/rc_interfaces': CMAKE_PREFIX_PATH=/home/nayab/dev_ws/install/tutorial_interfaces:/home/nayab/dev_ws/install/turtlesim:/home/nayab/dev_ws/install/rc_interfaces:/home/nayab/dev_ws/install/ether_follow_interfaces:/home/nayab/dev_ws/install/abds_core_common:/home/nayab/dev_ws/install/rc_data_emulator:/home/nayab/dev_ws/install/py_pubsub:/home/nayab/dev_ws/install/my_package:/home/nayab/dev_ws/install/ether_follow_pubsub:/home/nayab/dev_ws/install/dbr_pubsub:/opt/ros/foxy:/home/nayab/project_ws/devel:/opt/ros/noetic /usr/bin/cmake --build /home/nayab/dev_ws/build/rc_interfaces -- -j4 -l4
[0.369s] [  2%] Built target rc_interfaces__cpp
[0.385s] [ 12%] Built target rc_interfaces__rosidl_generator_c
[0.454s] [ 23%] Built target rc_interfaces__rosidl_typesupport_cpp
[0.461s] [ 33%] Built target rc_interfaces__rosidl_typesupport_introspection_cpp
[0.465s] [ 43%] Built target rc_interfaces__rosidl_typesupport_introspection_c
[0.475s] [ 53%] Built target rc_interfaces__rosidl_typesupport_fastrtps_cpp
[0.503s] [ 64%] Built target rc_interfaces__rosidl_typesupport_c
[0.514s] [ 74%] Built target rc_interfaces__rosidl_typesupport_fastrtps_c
[0.538s] [ 74%] Built target rc_interfaces
[0.562s] [ 76%] Built target rc_interfaces__py
[0.593s] [ 84%] Built target rc_interfaces__python
[0.656s] [ 89%] Built target rc_interfaces__rosidl_typesupport_c__pyext
[0.660s] [ 94%] Built target rc_interfaces__rosidl_typesupport_introspection_c__pyext
[0.673s] [100%] Built target rc_interfaces__rosidl_typesupport_fastrtps_c__pyext
[0.702s] Invoked command in '/home/nayab/dev_ws/build/rc_interfaces' returned '0': CMAKE_PREFIX_PATH=/home/nayab/dev_ws/install/tutorial_interfaces:/home/nayab/dev_ws/install/turtlesim:/home/nayab/dev_ws/install/rc_interfaces:/home/nayab/dev_ws/install/ether_follow_interfaces:/home/nayab/dev_ws/install/abds_core_common:/home/nayab/dev_ws/install/rc_data_emulator:/home/nayab/dev_ws/install/py_pubsub:/home/nayab/dev_ws/install/my_package:/home/nayab/dev_ws/install/ether_follow_pubsub:/home/nayab/dev_ws/install/dbr_pubsub:/opt/ros/foxy:/home/nayab/project_ws/devel:/opt/ros/noetic /usr/bin/cmake --build /home/nayab/dev_ws/build/rc_interfaces -- -j4 -l4
[1.024s] Invoking command in '/home/nayab/dev_ws/build/rc_interfaces': CMAKE_PREFIX_PATH=/home/nayab/dev_ws/install/tutorial_interfaces:/home/nayab/dev_ws/install/turtlesim:/home/nayab/dev_ws/install/rc_interfaces:/home/nayab/dev_ws/install/ether_follow_interfaces:/home/nayab/dev_ws/install/abds_core_common:/home/nayab/dev_ws/install/rc_data_emulator:/home/nayab/dev_ws/install/py_pubsub:/home/nayab/dev_ws/install/my_package:/home/nayab/dev_ws/install/ether_follow_pubsub:/home/nayab/dev_ws/install/dbr_pubsub:/opt/ros/foxy:/home/nayab/project_ws/devel:/opt/ros/noetic /usr/bin/cmake --install /home/nayab/dev_ws/build/rc_interfaces
[1.035s] -- Install configuration: ""
[1.036s] -- Up-to-date: /home/nayab/dev_ws/install/rc_interfaces/share/ament_index/resource_index/rosidl_interfaces/rc_interfaces
[1.036s] -- Up-to-date: /home/nayab/dev_ws/install/rc_interfaces/include/rc_interfaces
[1.037s] -- Up-to-date: /home/nayab/dev_ws/install/rc_interfaces/include/rc_interfaces/msg
[1.038s] -- Up-to-date: /home/nayab/dev_ws/install/rc_interfaces/include/rc_interfaces/msg/detail
[1.038s] -- Up-to-date: /home/nayab/dev_ws/install/rc_interfaces/include/rc_interfaces/msg/detail/rc_status__type_support.h
[1.038s] -- Up-to-date: /home/nayab/dev_ws/install/rc_interfaces/include/rc_interfaces/msg/detail/imu_rc__functions.h
[1.039s] -- Up-to-date: /home/nayab/dev_ws/install/rc_interfaces/include/rc_interfaces/msg/detail/imu_rc__functions.c
[1.039s] -- Up-to-date: /home/nayab/dev_ws/install/rc_interfaces/include/rc_interfaces/msg/detail/imu_rc__type_support.h
[1.039s] -- Up-to-date: /home/nayab/dev_ws/install/rc_interfaces/include/rc_interfaces/msg/detail/rc_status__functions.c
[1.039s] -- Up-to-date: /home/nayab/dev_ws/install/rc_interfaces/include/rc_interfaces/msg/detail/target_coordinates__type_support.h
[1.039s] -- Up-to-date: /home/nayab/dev_ws/install/rc_interfaces/include/rc_interfaces/msg/detail/rc_status__struct.h
[1.039s] -- Up-to-date: /home/nayab/dev_ws/install/rc_interfaces/include/rc_interfaces/msg/detail/target_coordinates__struct.h
[1.039s] -- Up-to-date: /home/nayab/dev_ws/install/rc_interfaces/include/rc_interfaces/msg/detail/imu_rc__struct.h
[1.039s] -- Up-to-date: /home/nayab/dev_ws/install/rc_interfaces/include/rc_interfaces/msg/detail/target_coordinates__functions.c
[1.039s] -- Up-to-date: /home/nayab/dev_ws/install/rc_interfaces/include/rc_interfaces/msg/detail/rc_status__functions.h
[1.040s] -- Up-to-date: /home/nayab/dev_ws/install/rc_interfaces/include/rc_interfaces/msg/detail/target_coordinates__functions.h
[1.040s] -- Up-to-date: /home/nayab/dev_ws/install/rc_interfaces/include/rc_interfaces/msg/rc_status.h
[1.040s] -- Up-to-date: /home/nayab/dev_ws/install/rc_interfaces/include/rc_interfaces/msg/target_coordinates.h
[1.040s] -- Up-to-date: /home/nayab/dev_ws/install/rc_interfaces/include/rc_interfaces/msg/rosidl_generator_c__visibility_control.h
[1.040s] -- Up-to-date: /home/nayab/dev_ws/install/rc_interfaces/include/rc_interfaces/msg/imu_rc.h
[1.040s] -- Up-to-date: /home/nayab/dev_ws/install/rc_interfaces/share/rc_interfaces/environment/library_path.sh
[1.040s] -- Up-to-date: /home/nayab/dev_ws/install/rc_interfaces/share/rc_interfaces/environment/library_path.dsv
[1.040s] -- Up-to-date: /home/nayab/dev_ws/install/rc_interfaces/lib/librc_interfaces__rosidl_generator_c.so
[1.040s] -- Up-to-date: /home/nayab/dev_ws/install/rc_interfaces/include/rc_interfaces
[1.040s] -- Up-to-date: /home/nayab/dev_ws/install/rc_interfaces/include/rc_interfaces/msg
[1.041s] -- Up-to-date: /home/nayab/dev_ws/install/rc_interfaces/include/rc_interfaces/msg/detail
[1.041s] -- Up-to-date: /home/nayab/dev_ws/install/rc_interfaces/include/rc_interfaces/msg/detail/imu_rc__rosidl_typesupport_fastrtps_c.h
[1.041s] -- Up-to-date: /home/nayab/dev_ws/install/rc_interfaces/include/rc_interfaces/msg/detail/rc_status__rosidl_typesupport_fastrtps_c.h
[1.041s] -- Up-to-date: /home/nayab/dev_ws/install/rc_interfaces/include/rc_interfaces/msg/detail/target_coordinates__rosidl_typesupport_fastrtps_c.h
[1.041s] -- Up-to-date: /home/nayab/dev_ws/install/rc_interfaces/include/rc_interfaces/msg/rosidl_typesupport_fastrtps_c__visibility_control.h
[1.047s] -- Up-to-date: /home/nayab/dev_ws/install/rc_interfaces/lib/librc_interfaces__rosidl_typesupport_fastrtps_c.so
[1.048s] -- Up-to-date: /home/nayab/dev_ws/install/rc_interfaces/include/rc_interfaces
[1.048s] -- Up-to-date: /home/nayab/dev_ws/install/rc_interfaces/include/rc_interfaces/msg
[1.048s] -- Up-to-date: /home/nayab/dev_ws/install/rc_interfaces/include/rc_interfaces/msg/detail
[1.048s] -- Up-to-date: /home/nayab/dev_ws/install/rc_interfaces/include/rc_interfaces/msg/detail/dds_fastrtps
[1.048s] -- Up-to-date: /home/nayab/dev_ws/install/rc_interfaces/include/rc_interfaces/msg/detail/rc_status__rosidl_typesupport_fastrtps_cpp.hpp
[1.048s] -- Up-to-date: /home/nayab/dev_ws/install/rc_interfaces/include/rc_interfaces/msg/detail/imu_rc__rosidl_typesupport_fastrtps_cpp.hpp
[1.049s] -- Up-to-date: /home/nayab/dev_ws/install/rc_interfaces/include/rc_interfaces/msg/detail/target_coordinates__rosidl_typesupport_fastrtps_cpp.hpp
[1.049s] -- Up-to-date: /home/nayab/dev_ws/install/rc_interfaces/include/rc_interfaces/msg/rosidl_typesupport_fastrtps_cpp__visibility_control.h
[1.049s] -- Up-to-date: /home/nayab/dev_ws/install/rc_interfaces/lib/librc_interfaces__rosidl_typesupport_fastrtps_cpp.so
[1.050s] -- Up-to-date: /home/nayab/dev_ws/install/rc_interfaces/include/rc_interfaces
[1.050s] -- Up-to-date: /home/nayab/dev_ws/install/rc_interfaces/include/rc_interfaces/msg
[1.050s] -- Up-to-date: /home/nayab/dev_ws/install/rc_interfaces/include/rc_interfaces/msg/rosidl_typesupport_introspection_c__visibility_control.h
[1.050s] -- Up-to-date: /home/nayab/dev_ws/install/rc_interfaces/include/rc_interfaces/msg/detail
[1.050s] -- Up-to-date: /home/nayab/dev_ws/install/rc_interfaces/include/rc_interfaces/msg/detail/target_coordinates__type_support.c
[1.051s] -- Up-to-date: /home/nayab/dev_ws/install/rc_interfaces/include/rc_interfaces/msg/detail/imu_rc__rosidl_typesupport_introspection_c.h
[1.051s] -- Up-to-date: /home/nayab/dev_ws/install/rc_interfaces/include/rc_interfaces/msg/detail/target_coordinates__rosidl_typesupport_introspection_c.h
[1.051s] -- Up-to-date: /home/nayab/dev_ws/install/rc_interfaces/include/rc_interfaces/msg/detail/imu_rc__type_support.c
[1.051s] -- Up-to-date: /home/nayab/dev_ws/install/rc_interfaces/include/rc_interfaces/msg/detail/rc_status__type_support.c
[1.051s] -- Up-to-date: /home/nayab/dev_ws/install/rc_interfaces/include/rc_interfaces/msg/detail/rc_status__rosidl_typesupport_introspection_c.h
[1.052s] -- Up-to-date: /home/nayab/dev_ws/install/rc_interfaces/lib/librc_interfaces__rosidl_typesupport_introspection_c.so
[1.052s] -- Up-to-date: /home/nayab/dev_ws/install/rc_interfaces/lib/librc_interfaces__rosidl_typesupport_c.so
[1.053s] -- Up-to-date: /home/nayab/dev_ws/install/rc_interfaces/include/rc_interfaces
[1.053s] -- Up-to-date: /home/nayab/dev_ws/install/rc_interfaces/include/rc_interfaces/msg
[1.053s] -- Up-to-date: /home/nayab/dev_ws/install/rc_interfaces/include/rc_interfaces/msg/target_coordinates.hpp
[1.053s] -- Up-to-date: /home/nayab/dev_ws/install/rc_interfaces/include/rc_interfaces/msg/rc_status.hpp
[1.053s] -- Up-to-date: /home/nayab/dev_ws/install/rc_interfaces/include/rc_interfaces/msg/imu_rc.hpp
[1.053s] -- Up-to-date: /home/nayab/dev_ws/install/rc_interfaces/include/rc_interfaces/msg/detail
[1.054s] -- Up-to-date: /home/nayab/dev_ws/install/rc_interfaces/include/rc_interfaces/msg/detail/target_coordinates__traits.hpp
[1.054s] -- Up-to-date: /home/nayab/dev_ws/install/rc_interfaces/include/rc_interfaces/msg/detail/imu_rc__traits.hpp
[1.054s] -- Up-to-date: /home/nayab/dev_ws/install/rc_interfaces/include/rc_interfaces/msg/detail/rc_status__builder.hpp
[1.054s] -- Up-to-date: /home/nayab/dev_ws/install/rc_interfaces/include/rc_interfaces/msg/detail/target_coordinates__builder.hpp
[1.054s] -- Up-to-date: /home/nayab/dev_ws/install/rc_interfaces/include/rc_interfaces/msg/detail/rc_status__traits.hpp
[1.054s] -- Up-to-date: /home/nayab/dev_ws/install/rc_interfaces/include/rc_interfaces/msg/detail/target_coordinates__struct.hpp
[1.055s] -- Up-to-date: /home/nayab/dev_ws/install/rc_interfaces/include/rc_interfaces/msg/detail/imu_rc__struct.hpp
[1.055s] -- Up-to-date: /home/nayab/dev_ws/install/rc_interfaces/include/rc_interfaces/msg/detail/rc_status__struct.hpp
[1.055s] -- Up-to-date: /home/nayab/dev_ws/install/rc_interfaces/include/rc_interfaces/msg/detail/imu_rc__builder.hpp
[1.055s] -- Up-to-date: /home/nayab/dev_ws/install/rc_interfaces/include/rc_interfaces
[1.055s] -- Up-to-date: /home/nayab/dev_ws/install/rc_interfaces/include/rc_interfaces/msg
[1.056s] -- Up-to-date: /home/nayab/dev_ws/install/rc_interfaces/include/rc_interfaces/msg/detail
[1.056s] -- Up-to-date: /home/nayab/dev_ws/install/rc_interfaces/include/rc_interfaces/msg/detail/imu_rc__rosidl_typesupport_introspection_cpp.hpp
[1.056s] -- Up-to-date: /home/nayab/dev_ws/install/rc_interfaces/include/rc_interfaces/msg/detail/target_coordinates__rosidl_typesupport_introspection_cpp.hpp
[1.056s] -- Up-to-date: /home/nayab/dev_ws/install/rc_interfaces/include/rc_interfaces/msg/detail/rc_status__rosidl_typesupport_introspection_cpp.hpp
[1.057s] -- Up-to-date: /home/nayab/dev_ws/install/rc_interfaces/include/rc_interfaces/msg/detail/target_coordinates__type_support.cpp
[1.057s] -- Up-to-date: /home/nayab/dev_ws/install/rc_interfaces/include/rc_interfaces/msg/detail/imu_rc__type_support.cpp
[1.057s] -- Up-to-date: /home/nayab/dev_ws/install/rc_interfaces/include/rc_interfaces/msg/detail/rc_status__type_support.cpp
[1.057s] -- Up-to-date: /home/nayab/dev_ws/install/rc_interfaces/lib/librc_interfaces__rosidl_typesupport_introspection_cpp.so
[1.057s] -- Up-to-date: /home/nayab/dev_ws/install/rc_interfaces/lib/librc_interfaces__rosidl_typesupport_cpp.so
[1.058s] -- Up-to-date: /home/nayab/dev_ws/install/rc_interfaces/share/rc_interfaces/environment/pythonpath.sh
[1.059s] -- Up-to-date: /home/nayab/dev_ws/install/rc_interfaces/share/rc_interfaces/environment/pythonpath.dsv
[1.059s] -- Up-to-date: /home/nayab/dev_ws/install/rc_interfaces/lib/python3.8/site-packages/rc_interfaces/__init__.py
[1.122s] -- Up-to-date: /home/nayab/dev_ws/install/rc_interfaces/lib/python3.8/site-packages/rc_interfaces/msg
[1.122s] -- Up-to-date: /home/nayab/dev_ws/install/rc_interfaces/lib/python3.8/site-packages/rc_interfaces/msg/__init__.py
[1.122s] -- Up-to-date: /home/nayab/dev_ws/install/rc_interfaces/lib/python3.8/site-packages/rc_interfaces/msg/_rc_status.py
[1.123s] -- Up-to-date: /home/nayab/dev_ws/install/rc_interfaces/lib/python3.8/site-packages/rc_interfaces/msg/_imu_rc_s.c
[1.123s] -- Up-to-date: /home/nayab/dev_ws/install/rc_interfaces/lib/python3.8/site-packages/rc_interfaces/msg/_target_coordinates.py
[1.124s] -- Up-to-date: /home/nayab/dev_ws/install/rc_interfaces/lib/python3.8/site-packages/rc_interfaces/msg/_imu_rc.py
[1.124s] -- Up-to-date: /home/nayab/dev_ws/install/rc_interfaces/lib/python3.8/site-packages/rc_interfaces/msg/_rc_status_s.c
[1.125s] -- Up-to-date: /home/nayab/dev_ws/install/rc_interfaces/lib/python3.8/site-packages/rc_interfaces/msg/_target_coordinates_s.c
[1.125s] -- Up-to-date: /home/nayab/dev_ws/install/rc_interfaces/lib/python3.8/site-packages/rc_interfaces/rc_interfaces_s__rosidl_typesupport_fastrtps_c.cpython-38-x86_64-linux-gnu.so
[1.125s] -- Up-to-date: /home/nayab/dev_ws/install/rc_interfaces/lib/python3.8/site-packages/rc_interfaces/rc_interfaces_s__rosidl_typesupport_introspection_c.cpython-38-x86_64-linux-gnu.so
[1.125s] -- Up-to-date: /home/nayab/dev_ws/install/rc_interfaces/lib/python3.8/site-packages/rc_interfaces/rc_interfaces_s__rosidl_typesupport_c.cpython-38-x86_64-linux-gnu.so
[1.126s] -- Up-to-date: /home/nayab/dev_ws/install/rc_interfaces/lib/librc_interfaces__python.so
[1.126s] -- Up-to-date: /home/nayab/dev_ws/install/rc_interfaces/share/rc_interfaces/msg/RcStatus.idl
[1.126s] -- Up-to-date: /home/nayab/dev_ws/install/rc_interfaces/share/rc_interfaces/msg/ImuRc.idl
[1.126s] -- Up-to-date: /home/nayab/dev_ws/install/rc_interfaces/share/rc_interfaces/msg/RcStatus.msg
[1.126s] -- Up-to-date: /home/nayab/dev_ws/install/rc_interfaces/share/rc_interfaces/msg/ImuRc.msg
[1.126s] -- Up-to-date: /home/nayab/dev_ws/install/rc_interfaces/share/ament_index/resource_index/package_run_dependencies/rc_interfaces
[1.126s] -- Up-to-date: /home/nayab/dev_ws/install/rc_interfaces/share/ament_index/resource_index/parent_prefix_path/rc_interfaces
[1.126s] -- Up-to-date: /home/nayab/dev_ws/install/rc_interfaces/share/rc_interfaces/environment/ament_prefix_path.sh
[1.126s] -- Up-to-date: /home/nayab/dev_ws/install/rc_interfaces/share/rc_interfaces/environment/ament_prefix_path.dsv
[1.126s] -- Up-to-date: /home/nayab/dev_ws/install/rc_interfaces/share/rc_interfaces/environment/path.sh
[1.127s] -- Up-to-date: /home/nayab/dev_ws/install/rc_interfaces/share/rc_interfaces/environment/path.dsv
[1.127s] -- Up-to-date: /home/nayab/dev_ws/install/rc_interfaces/share/rc_interfaces/local_setup.bash
[1.128s] -- Up-to-date: /home/nayab/dev_ws/install/rc_interfaces/share/rc_interfaces/local_setup.sh
[1.128s] -- Up-to-date: /home/nayab/dev_ws/install/rc_interfaces/share/rc_interfaces/local_setup.zsh
[1.128s] -- Up-to-date: /home/nayab/dev_ws/install/rc_interfaces/share/rc_interfaces/local_setup.dsv
[1.128s] -- Installing: /home/nayab/dev_ws/install/rc_interfaces/share/rc_interfaces/package.dsv
[1.128s] -- Up-to-date: /home/nayab/dev_ws/install/rc_interfaces/share/ament_index/resource_index/packages/rc_interfaces
[1.128s] -- Up-to-date: /home/nayab/dev_ws/install/rc_interfaces/share/rc_interfaces/cmake/rc_interfaces__rosidl_generator_cExport.cmake
[1.129s] -- Up-to-date: /home/nayab/dev_ws/install/rc_interfaces/share/rc_interfaces/cmake/rc_interfaces__rosidl_generator_cExport-noconfig.cmake
[1.129s] -- Up-to-date: /home/nayab/dev_ws/install/rc_interfaces/share/rc_interfaces/cmake/rc_interfaces__rosidl_typesupport_introspection_cExport.cmake
[1.129s] -- Up-to-date: /home/nayab/dev_ws/install/rc_interfaces/share/rc_interfaces/cmake/rc_interfaces__rosidl_typesupport_introspection_cExport-noconfig.cmake
[1.129s] -- Up-to-date: /home/nayab/dev_ws/install/rc_interfaces/share/rc_interfaces/cmake/rc_interfaces__rosidl_typesupport_cExport.cmake
[1.130s] -- Up-to-date: /home/nayab/dev_ws/install/rc_interfaces/share/rc_interfaces/cmake/rc_interfaces__rosidl_typesupport_cExport-noconfig.cmake
[1.130s] -- Up-to-date: /home/nayab/dev_ws/install/rc_interfaces/share/rc_interfaces/cmake/rc_interfaces__rosidl_generator_cppExport.cmake
[1.130s] -- Up-to-date: /home/nayab/dev_ws/install/rc_interfaces/share/rc_interfaces/cmake/rc_interfaces__rosidl_typesupport_introspection_cppExport.cmake
[1.130s] -- Up-to-date: /home/nayab/dev_ws/install/rc_interfaces/share/rc_interfaces/cmake/rc_interfaces__rosidl_typesupport_introspection_cppExport-noconfig.cmake
[1.130s] -- Up-to-date: /home/nayab/dev_ws/install/rc_interfaces/share/rc_interfaces/cmake/rc_interfaces__rosidl_typesupport_cppExport.cmake
[1.130s] -- Up-to-date: /home/nayab/dev_ws/install/rc_interfaces/share/rc_interfaces/cmake/rc_interfaces__rosidl_typesupport_cppExport-noconfig.cmake
[1.131s] -- Up-to-date: /home/nayab/dev_ws/install/rc_interfaces/share/rc_interfaces/cmake/rosidl_cmake-extras.cmake
[1.131s] -- Up-to-date: /home/nayab/dev_ws/install/rc_interfaces/share/rc_interfaces/cmake/ament_cmake_export_dependencies-extras.cmake
[1.131s] -- Up-to-date: /home/nayab/dev_ws/install/rc_interfaces/share/rc_interfaces/cmake/ament_cmake_export_libraries-extras.cmake
[1.131s] -- Up-to-date: /home/nayab/dev_ws/install/rc_interfaces/share/rc_interfaces/cmake/ament_cmake_export_targets-extras.cmake
[1.132s] -- Up-to-date: /home/nayab/dev_ws/install/rc_interfaces/share/rc_interfaces/cmake/ament_cmake_export_include_directories-extras.cmake
[1.132s] -- Up-to-date: /home/nayab/dev_ws/install/rc_interfaces/share/rc_interfaces/cmake/rosidl_cmake_export_typesupport_libraries-extras.cmake
[1.132s] -- Up-to-date: /home/nayab/dev_ws/install/rc_interfaces/share/rc_interfaces/cmake/rosidl_cmake_export_typesupport_targets-extras.cmake
[1.132s] -- Up-to-date: /home/nayab/dev_ws/install/rc_interfaces/share/rc_interfaces/cmake/rc_interfacesConfig.cmake
[1.132s] -- Up-to-date: /home/nayab/dev_ws/install/rc_interfaces/share/rc_interfaces/cmake/rc_interfacesConfig-version.cmake
[1.133s] -- Up-to-date: /home/nayab/dev_ws/install/rc_interfaces/share/rc_interfaces/package.xml
[1.133s] Invoked command in '/home/nayab/dev_ws/build/rc_interfaces' returned '0': CMAKE_PREFIX_PATH=/home/nayab/dev_ws/install/tutorial_interfaces:/home/nayab/dev_ws/install/turtlesim:/home/nayab/dev_ws/install/rc_interfaces:/home/nayab/dev_ws/install/ether_follow_interfaces:/home/nayab/dev_ws/install/abds_core_common:/home/nayab/dev_ws/install/rc_data_emulator:/home/nayab/dev_ws/install/py_pubsub:/home/nayab/dev_ws/install/my_package:/home/nayab/dev_ws/install/ether_follow_pubsub:/home/nayab/dev_ws/install/dbr_pubsub:/opt/ros/foxy:/home/nayab/project_ws/devel:/opt/ros/noetic /usr/bin/cmake --install /home/nayab/dev_ws/build/rc_interfaces
