[1.064s] Invoking command in '/home/nayab/dev_ws/src/py_pubsub': PYTHONPATH=/home/nayab/dev_ws/install/py_pubsub/lib/python3.8/site-packages:${PYTHONPATH} /usr/bin/python3 setup.py egg_info --egg-base ../../build/py_pubsub build --build-base /home/nayab/dev_ws/build/py_pubsub/build install --prefix /home/nayab/dev_ws/install/py_pubsub --record /home/nayab/dev_ws/build/py_pubsub/install.log --single-version-externally-managed
[1.332s] running egg_info
[1.332s] writing ../../build/py_pubsub/py_pubsub.egg-info/PKG-INFO
[1.333s] writing dependency_links to ../../build/py_pubsub/py_pubsub.egg-info/dependency_links.txt
[1.333s] writing entry points to ../../build/py_pubsub/py_pubsub.egg-info/entry_points.txt
[1.333s] writing requirements to ../../build/py_pubsub/py_pubsub.egg-info/requires.txt
[1.333s] writing top-level names to ../../build/py_pubsub/py_pubsub.egg-info/top_level.txt
[1.369s] reading manifest file '../../build/py_pubsub/py_pubsub.egg-info/SOURCES.txt'
[1.369s] writing manifest file '../../build/py_pubsub/py_pubsub.egg-info/SOURCES.txt'
[1.370s] running build
[1.370s] running build_py
[1.370s] copying py_pubsub/publisher_old_school.py -> /home/nayab/dev_ws/build/py_pubsub/build/lib/py_pubsub
[1.370s] running install
[1.371s] running install_lib
[1.372s] copying /home/nayab/dev_ws/build/py_pubsub/build/lib/py_pubsub/publisher_old_school.py -> /home/nayab/dev_ws/install/py_pubsub/lib/python3.8/site-packages/py_pubsub
[1.373s] byte-compiling /home/nayab/dev_ws/install/py_pubsub/lib/python3.8/site-packages/py_pubsub/publisher_old_school.py to publisher_old_school.cpython-38.pyc
[1.374s] running install_data
[1.375s] running install_egg_info
[1.376s] removing '/home/nayab/dev_ws/install/py_pubsub/lib/python3.8/site-packages/py_pubsub-0.0.0-py3.8.egg-info' (and everything under it)
[1.377s] Copying ../../build/py_pubsub/py_pubsub.egg-info to /home/nayab/dev_ws/install/py_pubsub/lib/python3.8/site-packages/py_pubsub-0.0.0-py3.8.egg-info
[1.379s] running install_scripts
[1.407s] Installing listener script to /home/nayab/dev_ws/install/py_pubsub/lib/py_pubsub
[1.410s] Installing listener_old script to /home/nayab/dev_ws/install/py_pubsub/lib/py_pubsub
[1.410s] Installing talker script to /home/nayab/dev_ws/install/py_pubsub/lib/py_pubsub
[1.410s] Installing talker_old script to /home/nayab/dev_ws/install/py_pubsub/lib/py_pubsub
[1.410s] writing list of installed files to '/home/nayab/dev_ws/build/py_pubsub/install.log'
[1.454s] Invoked command in '/home/nayab/dev_ws/src/py_pubsub' returned '0': PYTHONPATH=/home/nayab/dev_ws/install/py_pubsub/lib/python3.8/site-packages:${PYTHONPATH} /usr/bin/python3 setup.py egg_info --egg-base ../../build/py_pubsub build --build-base /home/nayab/dev_ws/build/py_pubsub/build install --prefix /home/nayab/dev_ws/install/py_pubsub --record /home/nayab/dev_ws/build/py_pubsub/install.log --single-version-externally-managed
