/home/nayab/dev_ws/install/py_pubsub/lib/python3.8/site-packages/py_pubsub/publisher_member_function.py
/home/nayab/dev_ws/install/py_pubsub/lib/python3.8/site-packages/py_pubsub/subscriber_member_function.py
/home/nayab/dev_ws/install/py_pubsub/lib/python3.8/site-packages/py_pubsub/dbr_pub_oldschool.py
/home/nayab/dev_ws/install/py_pubsub/lib/python3.8/site-packages/py_pubsub/publisher_old_school.py
/home/nayab/dev_ws/install/py_pubsub/lib/python3.8/site-packages/py_pubsub/__init__.py
/home/nayab/dev_ws/install/py_pubsub/lib/python3.8/site-packages/py_pubsub/subscriber_old_school.py
/home/nayab/dev_ws/install/py_pubsub/lib/python3.8/site-packages/py_pubsub/__pycache__/publisher_member_function.cpython-38.pyc
/home/nayab/dev_ws/install/py_pubsub/lib/python3.8/site-packages/py_pubsub/__pycache__/subscriber_member_function.cpython-38.pyc
/home/nayab/dev_ws/install/py_pubsub/lib/python3.8/site-packages/py_pubsub/__pycache__/dbr_pub_oldschool.cpython-38.pyc
/home/nayab/dev_ws/install/py_pubsub/lib/python3.8/site-packages/py_pubsub/__pycache__/publisher_old_school.cpython-38.pyc
/home/nayab/dev_ws/install/py_pubsub/lib/python3.8/site-packages/py_pubsub/__pycache__/__init__.cpython-38.pyc
/home/nayab/dev_ws/install/py_pubsub/lib/python3.8/site-packages/py_pubsub/__pycache__/subscriber_old_school.cpython-38.pyc
/home/nayab/dev_ws/install/py_pubsub/share/ament_index/resource_index/packages/py_pubsub
/home/nayab/dev_ws/install/py_pubsub/share/py_pubsub/package.xml
/home/nayab/dev_ws/install/py_pubsub/lib/python3.8/site-packages/py_pubsub-0.0.0-py3.8.egg-info/entry_points.txt
/home/nayab/dev_ws/install/py_pubsub/lib/python3.8/site-packages/py_pubsub-0.0.0-py3.8.egg-info/SOURCES.txt
/home/nayab/dev_ws/install/py_pubsub/lib/python3.8/site-packages/py_pubsub-0.0.0-py3.8.egg-info/top_level.txt
/home/nayab/dev_ws/install/py_pubsub/lib/python3.8/site-packages/py_pubsub-0.0.0-py3.8.egg-info/dependency_links.txt
/home/nayab/dev_ws/install/py_pubsub/lib/python3.8/site-packages/py_pubsub-0.0.0-py3.8.egg-info/requires.txt
/home/nayab/dev_ws/install/py_pubsub/lib/python3.8/site-packages/py_pubsub-0.0.0-py3.8.egg-info/zip-safe
/home/nayab/dev_ws/install/py_pubsub/lib/python3.8/site-packages/py_pubsub-0.0.0-py3.8.egg-info/PKG-INFO
/home/nayab/dev_ws/install/py_pubsub/lib/py_pubsub/dbr_pub_old
/home/nayab/dev_ws/install/py_pubsub/lib/py_pubsub/listener
/home/nayab/dev_ws/install/py_pubsub/lib/py_pubsub/listener_old
/home/nayab/dev_ws/install/py_pubsub/lib/py_pubsub/talker
/home/nayab/dev_ws/install/py_pubsub/lib/py_pubsub/talker_old
