[1.095s] Invoking command in '/home/nayab/dev_ws/src/py_pubsub': PYTHONPATH=/home/nayab/dev_ws/install/py_pubsub/lib/python3.8/site-packages:${PYTHONPATH} /usr/bin/python3 setup.py egg_info --egg-base ../../build/py_pubsub build --build-base /home/nayab/dev_ws/build/py_pubsub/build install --prefix /home/nayab/dev_ws/install/py_pubsub --record /home/nayab/dev_ws/build/py_pubsub/install.log --single-version-externally-managed
[1.398s] running egg_info
[1.399s] writing ../../build/py_pubsub/py_pubsub.egg-info/PKG-INFO
[1.399s] writing dependency_links to ../../build/py_pubsub/py_pubsub.egg-info/dependency_links.txt
[1.399s] writing entry points to ../../build/py_pubsub/py_pubsub.egg-info/entry_points.txt
[1.399s] writing requirements to ../../build/py_pubsub/py_pubsub.egg-info/requires.txt
[1.399s] writing top-level names to ../../build/py_pubsub/py_pubsub.egg-info/top_level.txt
[1.432s] reading manifest file '../../build/py_pubsub/py_pubsub.egg-info/SOURCES.txt'
[1.433s] writing manifest file '../../build/py_pubsub/py_pubsub.egg-info/SOURCES.txt'
[1.433s] running build
[1.434s] running build_py
[1.434s] running install
[1.435s] running install_lib
[1.436s] running install_data
[1.437s] running install_egg_info
[1.438s] removing '/home/nayab/dev_ws/install/py_pubsub/lib/python3.8/site-packages/py_pubsub-0.0.0-py3.8.egg-info' (and everything under it)
[1.439s] Copying ../../build/py_pubsub/py_pubsub.egg-info to /home/nayab/dev_ws/install/py_pubsub/lib/python3.8/site-packages/py_pubsub-0.0.0-py3.8.egg-info
[1.440s] running install_scripts
[1.457s] Installing dbr_pub_old script to /home/nayab/dev_ws/install/py_pubsub/lib/py_pubsub
[1.458s] Installing listener script to /home/nayab/dev_ws/install/py_pubsub/lib/py_pubsub
[1.458s] Installing listener_old script to /home/nayab/dev_ws/install/py_pubsub/lib/py_pubsub
[1.458s] Installing talker script to /home/nayab/dev_ws/install/py_pubsub/lib/py_pubsub
[1.458s] Installing talker_old script to /home/nayab/dev_ws/install/py_pubsub/lib/py_pubsub
[1.458s] writing list of installed files to '/home/nayab/dev_ws/build/py_pubsub/install.log'
[1.488s] Invoked command in '/home/nayab/dev_ws/src/py_pubsub' returned '0': PYTHONPATH=/home/nayab/dev_ws/install/py_pubsub/lib/python3.8/site-packages:${PYTHONPATH} /usr/bin/python3 setup.py egg_info --egg-base ../../build/py_pubsub build --build-base /home/nayab/dev_ws/build/py_pubsub/build install --prefix /home/nayab/dev_ws/install/py_pubsub --record /home/nayab/dev_ws/build/py_pubsub/install.log --single-version-externally-managed
