[1.466s] Invoking command in '/home/nayab/dev_ws/src/py_pubsub': PYTHONPATH=/home/nayab/dev_ws/install/py_pubsub/lib/python3.8/site-packages:${PYTHONPATH} /usr/bin/python3 setup.py egg_info --egg-base ../../build/py_pubsub build --build-base /home/nayab/dev_ws/build/py_pubsub/build install --prefix /home/nayab/dev_ws/install/py_pubsub --record /home/nayab/dev_ws/build/py_pubsub/install.log --single-version-externally-managed
[1.655s] running egg_info
[1.656s] writing ../../build/py_pubsub/py_pubsub.egg-info/PKG-INFO
[1.657s] writing dependency_links to ../../build/py_pubsub/py_pubsub.egg-info/dependency_links.txt
[1.657s] writing entry points to ../../build/py_pubsub/py_pubsub.egg-info/entry_points.txt
[1.657s] writing requirements to ../../build/py_pubsub/py_pubsub.egg-info/requires.txt
[1.658s] writing top-level names to ../../build/py_pubsub/py_pubsub.egg-info/top_level.txt
[1.688s] reading manifest file '../../build/py_pubsub/py_pubsub.egg-info/SOURCES.txt'
[1.689s] writing manifest file '../../build/py_pubsub/py_pubsub.egg-info/SOURCES.txt'
[1.690s] running build
[1.690s] running build_py
[1.691s] running install
[1.692s] running install_lib
[1.694s] running install_data
[1.695s] running install_egg_info
[1.696s] removing '/home/nayab/dev_ws/install/py_pubsub/lib/python3.8/site-packages/py_pubsub-0.0.0-py3.8.egg-info' (and everything under it)
[1.698s] Copying ../../build/py_pubsub/py_pubsub.egg-info to /home/nayab/dev_ws/install/py_pubsub/lib/python3.8/site-packages/py_pubsub-0.0.0-py3.8.egg-info
[1.700s] running install_scripts
[1.721s] Installing dbr_pub_old script to /home/nayab/dev_ws/install/py_pubsub/lib/py_pubsub
[1.722s] Installing listener script to /home/nayab/dev_ws/install/py_pubsub/lib/py_pubsub
[1.722s] Installing listener_old script to /home/nayab/dev_ws/install/py_pubsub/lib/py_pubsub
[1.723s] Installing talker script to /home/nayab/dev_ws/install/py_pubsub/lib/py_pubsub
[1.723s] Installing talker_old script to /home/nayab/dev_ws/install/py_pubsub/lib/py_pubsub
[1.724s] writing list of installed files to '/home/nayab/dev_ws/build/py_pubsub/install.log'
[1.766s] Invoked command in '/home/nayab/dev_ws/src/py_pubsub' returned '0': PYTHONPATH=/home/nayab/dev_ws/install/py_pubsub/lib/python3.8/site-packages:${PYTHONPATH} /usr/bin/python3 setup.py egg_info --egg-base ../../build/py_pubsub build --build-base /home/nayab/dev_ws/build/py_pubsub/build install --prefix /home/nayab/dev_ws/install/py_pubsub --record /home/nayab/dev_ws/build/py_pubsub/install.log --single-version-externally-managed
