[0.693s] Invoking command in '/home/nayab/dev_ws/src/py_pubsub': PYTHONPATH=/home/nayab/dev_ws/install/py_pubsub/lib/python3.8/site-packages:${PYTHONPATH} /usr/bin/python3 setup.py egg_info --egg-base ../../build/py_pubsub build --build-base /home/nayab/dev_ws/build/py_pubsub/build install --prefix /home/nayab/dev_ws/install/py_pubsub --record /home/nayab/dev_ws/build/py_pubsub/install.log --single-version-externally-managed
[0.927s] running egg_info
[0.927s] writing ../../build/py_pubsub/py_pubsub.egg-info/PKG-INFO
[0.928s] writing dependency_links to ../../build/py_pubsub/py_pubsub.egg-info/dependency_links.txt
[0.928s] writing entry points to ../../build/py_pubsub/py_pubsub.egg-info/entry_points.txt
[0.928s] writing requirements to ../../build/py_pubsub/py_pubsub.egg-info/requires.txt
[0.928s] writing top-level names to ../../build/py_pubsub/py_pubsub.egg-info/top_level.txt
[0.960s] reading manifest file '../../build/py_pubsub/py_pubsub.egg-info/SOURCES.txt'
[0.961s] writing manifest file '../../build/py_pubsub/py_pubsub.egg-info/SOURCES.txt'
[0.961s] running build
[0.961s] running build_py
[0.962s] running install
[0.962s] running install_lib
[0.964s] running install_data
[0.964s] running install_egg_info
[0.966s] removing '/home/nayab/dev_ws/install/py_pubsub/lib/python3.8/site-packages/py_pubsub-0.0.0-py3.8.egg-info' (and everything under it)
[0.966s] Copying ../../build/py_pubsub/py_pubsub.egg-info to /home/nayab/dev_ws/install/py_pubsub/lib/python3.8/site-packages/py_pubsub-0.0.0-py3.8.egg-info
[0.967s] running install_scripts
[0.983s] Installing dbr_pub_old script to /home/nayab/dev_ws/install/py_pubsub/lib/py_pubsub
[0.983s] Installing listener script to /home/nayab/dev_ws/install/py_pubsub/lib/py_pubsub
[0.983s] Installing listener_old script to /home/nayab/dev_ws/install/py_pubsub/lib/py_pubsub
[0.983s] Installing talker script to /home/nayab/dev_ws/install/py_pubsub/lib/py_pubsub
[0.983s] Installing talker_old script to /home/nayab/dev_ws/install/py_pubsub/lib/py_pubsub
[0.984s] writing list of installed files to '/home/nayab/dev_ws/build/py_pubsub/install.log'
[1.007s] Invoked command in '/home/nayab/dev_ws/src/py_pubsub' returned '0': PYTHONPATH=/home/nayab/dev_ws/install/py_pubsub/lib/python3.8/site-packages:${PYTHONPATH} /usr/bin/python3 setup.py egg_info --egg-base ../../build/py_pubsub build --build-base /home/nayab/dev_ws/build/py_pubsub/build install --prefix /home/nayab/dev_ws/install/py_pubsub --record /home/nayab/dev_ws/build/py_pubsub/install.log --single-version-externally-managed
