[0.063s] Invoking command in '/home/nayab/dev_ws/build/abds_core_common': CMAKE_PREFIX_PATH=/home/nayab/dev_ws/install/tutorial_interfaces:/home/nayab/dev_ws/install/turtlesim:/home/nayab/dev_ws/install/rc_interfaces:/home/nayab/dev_ws/install/abds_core_common:/home/nayab/dev_ws/install/py_pubsub:/home/nayab/dev_ws/install/my_package:/home/nayab/dev_ws/install/dbr_pubsub:/opt/ros/foxy:/home/nayab/project_ws/devel:/opt/ros/noetic /usr/bin/cmake --build /home/nayab/dev_ws/build/abds_core_common -- -j4 -l4
[0.697s] [  0%] Built target abds_core_common__cpp
[0.698s] [ 12%] Built target abds_core_common__rosidl_generator_c
[0.701s] [ 14%] Built target abds_core_common_lib
[0.703s] [ 29%] Built target abds_core_common__rosidl_typesupport_cpp
[0.705s] [ 38%] Built target abds_core_common__rosidl_typesupport_introspection_cpp
[0.707s] [ 51%] Built target abds_core_common__rosidl_typesupport_fastrtps_cpp
[0.707s] [ 61%] Built target abds_core_common__rosidl_typesupport_c
[0.708s] [ 73%] Built target abds_core_common__rosidl_typesupport_introspection_c
[0.708s] [ 84%] Built target abds_core_common__rosidl_typesupport_fastrtps_c
[0.708s] [ 84%] Built target abds_core_common
[0.708s] [ 85%] Built target abds_core_common__py
[0.709s] [ 96%] Built target abds_core_common__python
[0.709s] [ 99%] Built target abds_core_common__rosidl_typesupport_fastrtps_c__pyext
[0.709s] [100%] Built target abds_core_common__rosidl_typesupport_introspection_c__pyext
[0.709s] [100%] Built target abds_core_common__rosidl_typesupport_c__pyext
[0.710s] Invoked command in '/home/nayab/dev_ws/build/abds_core_common' returned '0': CMAKE_PREFIX_PATH=/home/nayab/dev_ws/install/tutorial_interfaces:/home/nayab/dev_ws/install/turtlesim:/home/nayab/dev_ws/install/rc_interfaces:/home/nayab/dev_ws/install/abds_core_common:/home/nayab/dev_ws/install/py_pubsub:/home/nayab/dev_ws/install/my_package:/home/nayab/dev_ws/install/dbr_pubsub:/opt/ros/foxy:/home/nayab/project_ws/devel:/opt/ros/noetic /usr/bin/cmake --build /home/nayab/dev_ws/build/abds_core_common -- -j4 -l4
[1.024s] Invoking command in '/home/nayab/dev_ws/build/abds_core_common': CMAKE_PREFIX_PATH=/home/nayab/dev_ws/install/tutorial_interfaces:/home/nayab/dev_ws/install/turtlesim:/home/nayab/dev_ws/install/rc_interfaces:/home/nayab/dev_ws/install/abds_core_common:/home/nayab/dev_ws/install/py_pubsub:/home/nayab/dev_ws/install/my_package:/home/nayab/dev_ws/install/dbr_pubsub:/opt/ros/foxy:/home/nayab/project_ws/devel:/opt/ros/noetic /usr/bin/cmake --install /home/nayab/dev_ws/build/abds_core_common
[1.037s] -- Install configuration: ""
[1.040s] -- Up-to-date: /home/nayab/dev_ws/install/abds_core_common/share/ament_index/resource_index/rosidl_interfaces/abds_core_common
[1.041s] -- Up-to-date: /home/nayab/dev_ws/install/abds_core_common/include/abds_core_common
[1.042s] -- Up-to-date: /home/nayab/dev_ws/install/abds_core_common/include/abds_core_common/msg
[1.043s] -- Up-to-date: /home/nayab/dev_ws/install/abds_core_common/include/abds_core_common/msg/bounding_box.h
[1.044s] -- Up-to-date: /home/nayab/dev_ws/install/abds_core_common/include/abds_core_common/msg/rosidl_generator_c__visibility_control.h
[1.045s] -- Up-to-date: /home/nayab/dev_ws/install/abds_core_common/include/abds_core_common/msg/test_state.h
[1.045s] -- Up-to-date: /home/nayab/dev_ws/install/abds_core_common/include/abds_core_common/msg/vehicle_state.h
[1.048s] -- Up-to-date: /home/nayab/dev_ws/install/abds_core_common/include/abds_core_common/msg/clusters.h
[1.049s] -- Up-to-date: /home/nayab/dev_ws/install/abds_core_common/include/abds_core_common/msg/detail
[1.049s] -- Up-to-date: /home/nayab/dev_ws/install/abds_core_common/include/abds_core_common/msg/detail/trajectory_point__functions.c
[1.050s] -- Up-to-date: /home/nayab/dev_ws/install/abds_core_common/include/abds_core_common/msg/detail/test_state__type_support.h
[1.050s] -- Up-to-date: /home/nayab/dev_ws/install/abds_core_common/include/abds_core_common/msg/detail/bounding_box__type_support.h
[1.050s] -- Up-to-date: /home/nayab/dev_ws/install/abds_core_common/include/abds_core_common/msg/detail/trajectory__type_support.h
[1.051s] -- Up-to-date: /home/nayab/dev_ws/install/abds_core_common/include/abds_core_common/msg/detail/vehicle_command__functions.c
[1.051s] -- Up-to-date: /home/nayab/dev_ws/install/abds_core_common/include/abds_core_common/msg/detail/bounding_box__functions.c
[1.051s] -- Up-to-date: /home/nayab/dev_ws/install/abds_core_common/include/abds_core_common/msg/detail/trajectory__struct.h
[1.051s] -- Up-to-date: /home/nayab/dev_ws/install/abds_core_common/include/abds_core_common/msg/detail/bounding_boxes__functions.h
[1.051s] -- Up-to-date: /home/nayab/dev_ws/install/abds_core_common/include/abds_core_common/msg/detail/trajectory_point__type_support.h
[1.051s] -- Up-to-date: /home/nayab/dev_ws/install/abds_core_common/include/abds_core_common/msg/detail/cluster__functions.h
[1.051s] -- Up-to-date: /home/nayab/dev_ws/install/abds_core_common/include/abds_core_common/msg/detail/trajectory__functions.c
[1.051s] -- Up-to-date: /home/nayab/dev_ws/install/abds_core_common/include/abds_core_common/msg/detail/vehicle_command__type_support.h
[1.051s] -- Up-to-date: /home/nayab/dev_ws/install/abds_core_common/include/abds_core_common/msg/detail/clusters__struct.h
[1.051s] -- Up-to-date: /home/nayab/dev_ws/install/abds_core_common/include/abds_core_common/msg/detail/bounding_box__struct.h
[1.051s] -- Up-to-date: /home/nayab/dev_ws/install/abds_core_common/include/abds_core_common/msg/detail/bounding_boxes__type_support.h
[1.052s] -- Up-to-date: /home/nayab/dev_ws/install/abds_core_common/include/abds_core_common/msg/detail/cluster__type_support.h
[1.052s] -- Up-to-date: /home/nayab/dev_ws/install/abds_core_common/include/abds_core_common/msg/detail/clusters__type_support.h
[1.052s] -- Up-to-date: /home/nayab/dev_ws/install/abds_core_common/include/abds_core_common/msg/detail/bounding_boxes__struct.h
[1.052s] -- Up-to-date: /home/nayab/dev_ws/install/abds_core_common/include/abds_core_common/msg/detail/vehicle_state__functions.h
[1.052s] -- Up-to-date: /home/nayab/dev_ws/install/abds_core_common/include/abds_core_common/msg/detail/vehicle_state__type_support.h
[1.052s] -- Up-to-date: /home/nayab/dev_ws/install/abds_core_common/include/abds_core_common/msg/detail/test_state__functions.c
[1.052s] -- Up-to-date: /home/nayab/dev_ws/install/abds_core_common/include/abds_core_common/msg/detail/bounding_boxes__functions.c
[1.052s] -- Up-to-date: /home/nayab/dev_ws/install/abds_core_common/include/abds_core_common/msg/detail/test_state__struct.h
[1.052s] -- Up-to-date: /home/nayab/dev_ws/install/abds_core_common/include/abds_core_common/msg/detail/vehicle_state__struct.h
[1.052s] -- Up-to-date: /home/nayab/dev_ws/install/abds_core_common/include/abds_core_common/msg/detail/test_state__functions.h
[1.052s] -- Up-to-date: /home/nayab/dev_ws/install/abds_core_common/include/abds_core_common/msg/detail/clusters__functions.c
[1.053s] -- Up-to-date: /home/nayab/dev_ws/install/abds_core_common/include/abds_core_common/msg/detail/bounding_box__functions.h
[1.053s] -- Up-to-date: /home/nayab/dev_ws/install/abds_core_common/include/abds_core_common/msg/detail/clusters__functions.h
[1.053s] -- Up-to-date: /home/nayab/dev_ws/install/abds_core_common/include/abds_core_common/msg/detail/cluster__functions.c
[1.053s] -- Up-to-date: /home/nayab/dev_ws/install/abds_core_common/include/abds_core_common/msg/detail/vehicle_command__struct.h
[1.053s] -- Up-to-date: /home/nayab/dev_ws/install/abds_core_common/include/abds_core_common/msg/detail/vehicle_state__functions.c
[1.053s] -- Up-to-date: /home/nayab/dev_ws/install/abds_core_common/include/abds_core_common/msg/detail/vehicle_command__functions.h
[1.053s] -- Up-to-date: /home/nayab/dev_ws/install/abds_core_common/include/abds_core_common/msg/detail/trajectory_point__struct.h
[1.053s] -- Up-to-date: /home/nayab/dev_ws/install/abds_core_common/include/abds_core_common/msg/detail/cluster__struct.h
[1.053s] -- Up-to-date: /home/nayab/dev_ws/install/abds_core_common/include/abds_core_common/msg/detail/trajectory__functions.h
[1.053s] -- Up-to-date: /home/nayab/dev_ws/install/abds_core_common/include/abds_core_common/msg/detail/trajectory_point__functions.h
[1.053s] -- Up-to-date: /home/nayab/dev_ws/install/abds_core_common/include/abds_core_common/msg/bounding_boxes.h
[1.054s] -- Up-to-date: /home/nayab/dev_ws/install/abds_core_common/include/abds_core_common/msg/trajectory_point.h
[1.054s] -- Up-to-date: /home/nayab/dev_ws/install/abds_core_common/include/abds_core_common/msg/cluster.h
[1.054s] -- Up-to-date: /home/nayab/dev_ws/install/abds_core_common/include/abds_core_common/msg/trajectory.h
[1.054s] -- Up-to-date: /home/nayab/dev_ws/install/abds_core_common/include/abds_core_common/msg/vehicle_command.h
[1.054s] -- Up-to-date: /home/nayab/dev_ws/install/abds_core_common/include/abds_core_common/srv
[1.054s] -- Up-to-date: /home/nayab/dev_ws/install/abds_core_common/include/abds_core_common/srv/luminar_connect.h
[1.054s] -- Up-to-date: /home/nayab/dev_ws/install/abds_core_common/include/abds_core_common/srv/detail
[1.054s] -- Up-to-date: /home/nayab/dev_ws/install/abds_core_common/include/abds_core_common/srv/detail/luminar_set_fov__functions.h
[1.054s] -- Up-to-date: /home/nayab/dev_ws/install/abds_core_common/include/abds_core_common/srv/detail/luminar_set_frequency__struct.h
[1.055s] -- Up-to-date: /home/nayab/dev_ws/install/abds_core_common/include/abds_core_common/srv/detail/luminar_set_frequency__functions.c
[1.055s] -- Up-to-date: /home/nayab/dev_ws/install/abds_core_common/include/abds_core_common/srv/detail/luminar_discover_sensors__functions.h
[1.055s] -- Up-to-date: /home/nayab/dev_ws/install/abds_core_common/include/abds_core_common/srv/detail/luminar_set_frequency__type_support.h
[1.055s] -- Up-to-date: /home/nayab/dev_ws/install/abds_core_common/include/abds_core_common/srv/detail/luminar_set_duration__functions.c
[1.055s] -- Up-to-date: /home/nayab/dev_ws/install/abds_core_common/include/abds_core_common/srv/detail/luminar_set_duration__functions.h
[1.056s] -- Up-to-date: /home/nayab/dev_ws/install/abds_core_common/include/abds_core_common/srv/detail/luminar_discover_sensors__functions.c
[1.056s] -- Up-to-date: /home/nayab/dev_ws/install/abds_core_common/include/abds_core_common/srv/detail/luminar_connect__functions.h
[1.056s] -- Up-to-date: /home/nayab/dev_ws/install/abds_core_common/include/abds_core_common/srv/detail/luminar_connect__functions.c
[1.056s] -- Up-to-date: /home/nayab/dev_ws/install/abds_core_common/include/abds_core_common/srv/detail/luminar_discover_sensors__type_support.h
[1.056s] -- Up-to-date: /home/nayab/dev_ws/install/abds_core_common/include/abds_core_common/srv/detail/luminar_set_fov__type_support.h
[1.057s] -- Up-to-date: /home/nayab/dev_ws/install/abds_core_common/include/abds_core_common/srv/detail/luminar_connect__struct.h
[1.057s] -- Up-to-date: /home/nayab/dev_ws/install/abds_core_common/include/abds_core_common/srv/detail/luminar_set_frequency__functions.h
[1.057s] -- Up-to-date: /home/nayab/dev_ws/install/abds_core_common/include/abds_core_common/srv/detail/luminar_set_fov__functions.c
[1.057s] -- Up-to-date: /home/nayab/dev_ws/install/abds_core_common/include/abds_core_common/srv/detail/luminar_discover_sensors__struct.h
[1.057s] -- Up-to-date: /home/nayab/dev_ws/install/abds_core_common/include/abds_core_common/srv/detail/luminar_connect__type_support.h
[1.058s] -- Up-to-date: /home/nayab/dev_ws/install/abds_core_common/include/abds_core_common/srv/detail/luminar_set_fov__struct.h
[1.058s] -- Up-to-date: /home/nayab/dev_ws/install/abds_core_common/include/abds_core_common/srv/detail/luminar_set_duration__struct.h
[1.058s] -- Up-to-date: /home/nayab/dev_ws/install/abds_core_common/include/abds_core_common/srv/detail/luminar_set_duration__type_support.h
[1.058s] -- Up-to-date: /home/nayab/dev_ws/install/abds_core_common/include/abds_core_common/srv/luminar_set_frequency.h
[1.058s] -- Up-to-date: /home/nayab/dev_ws/install/abds_core_common/include/abds_core_common/srv/luminar_set_fov.h
[1.059s] -- Up-to-date: /home/nayab/dev_ws/install/abds_core_common/include/abds_core_common/srv/luminar_discover_sensors.h
[1.059s] -- Up-to-date: /home/nayab/dev_ws/install/abds_core_common/include/abds_core_common/srv/luminar_set_duration.h
[1.059s] -- Up-to-date: /home/nayab/dev_ws/install/abds_core_common/share/abds_core_common/environment/library_path.sh
[1.059s] -- Up-to-date: /home/nayab/dev_ws/install/abds_core_common/share/abds_core_common/environment/library_path.dsv
[1.059s] -- Up-to-date: /home/nayab/dev_ws/install/abds_core_common/lib/libabds_core_common__rosidl_generator_c.so
[1.060s] -- Up-to-date: /home/nayab/dev_ws/install/abds_core_common/include/abds_core_common
[1.060s] -- Up-to-date: /home/nayab/dev_ws/install/abds_core_common/include/abds_core_common/msg
[1.060s] -- Up-to-date: /home/nayab/dev_ws/install/abds_core_common/include/abds_core_common/msg/detail
[1.060s] -- Up-to-date: /home/nayab/dev_ws/install/abds_core_common/include/abds_core_common/msg/detail/cluster__rosidl_typesupport_fastrtps_c.h
[1.060s] -- Up-to-date: /home/nayab/dev_ws/install/abds_core_common/include/abds_core_common/msg/detail/bounding_boxes__rosidl_typesupport_fastrtps_c.h
[1.060s] -- Up-to-date: /home/nayab/dev_ws/install/abds_core_common/include/abds_core_common/msg/detail/vehicle_state__rosidl_typesupport_fastrtps_c.h
[1.061s] -- Up-to-date: /home/nayab/dev_ws/install/abds_core_common/include/abds_core_common/msg/detail/bounding_box__rosidl_typesupport_fastrtps_c.h
[1.061s] -- Up-to-date: /home/nayab/dev_ws/install/abds_core_common/include/abds_core_common/msg/detail/trajectory_point__rosidl_typesupport_fastrtps_c.h
[1.061s] -- Up-to-date: /home/nayab/dev_ws/install/abds_core_common/include/abds_core_common/msg/detail/trajectory__rosidl_typesupport_fastrtps_c.h
[1.061s] -- Up-to-date: /home/nayab/dev_ws/install/abds_core_common/include/abds_core_common/msg/detail/vehicle_command__rosidl_typesupport_fastrtps_c.h
[1.061s] -- Up-to-date: /home/nayab/dev_ws/install/abds_core_common/include/abds_core_common/msg/detail/clusters__rosidl_typesupport_fastrtps_c.h
[1.061s] -- Up-to-date: /home/nayab/dev_ws/install/abds_core_common/include/abds_core_common/msg/detail/test_state__rosidl_typesupport_fastrtps_c.h
[1.062s] -- Up-to-date: /home/nayab/dev_ws/install/abds_core_common/include/abds_core_common/msg/rosidl_typesupport_fastrtps_c__visibility_control.h
[1.062s] -- Up-to-date: /home/nayab/dev_ws/install/abds_core_common/include/abds_core_common/srv
[1.062s] -- Up-to-date: /home/nayab/dev_ws/install/abds_core_common/include/abds_core_common/srv/detail
[1.062s] -- Up-to-date: /home/nayab/dev_ws/install/abds_core_common/include/abds_core_common/srv/detail/luminar_connect__rosidl_typesupport_fastrtps_c.h
[1.062s] -- Up-to-date: /home/nayab/dev_ws/install/abds_core_common/include/abds_core_common/srv/detail/luminar_set_frequency__rosidl_typesupport_fastrtps_c.h
[1.062s] -- Up-to-date: /home/nayab/dev_ws/install/abds_core_common/include/abds_core_common/srv/detail/luminar_discover_sensors__rosidl_typesupport_fastrtps_c.h
[1.063s] -- Up-to-date: /home/nayab/dev_ws/install/abds_core_common/include/abds_core_common/srv/detail/luminar_set_duration__rosidl_typesupport_fastrtps_c.h
[1.063s] -- Up-to-date: /home/nayab/dev_ws/install/abds_core_common/include/abds_core_common/srv/detail/luminar_set_fov__rosidl_typesupport_fastrtps_c.h
[1.063s] -- Up-to-date: /home/nayab/dev_ws/install/abds_core_common/lib/libabds_core_common__rosidl_typesupport_fastrtps_c.so
[1.063s] -- Up-to-date: /home/nayab/dev_ws/install/abds_core_common/include/abds_core_common
[1.063s] -- Up-to-date: /home/nayab/dev_ws/install/abds_core_common/include/abds_core_common/msg
[1.063s] -- Up-to-date: /home/nayab/dev_ws/install/abds_core_common/include/abds_core_common/msg/rosidl_typesupport_fastrtps_cpp__visibility_control.h
[1.064s] -- Up-to-date: /home/nayab/dev_ws/install/abds_core_common/include/abds_core_common/msg/detail
[1.064s] -- Up-to-date: /home/nayab/dev_ws/install/abds_core_common/include/abds_core_common/msg/detail/cluster__rosidl_typesupport_fastrtps_cpp.hpp
[1.064s] -- Up-to-date: /home/nayab/dev_ws/install/abds_core_common/include/abds_core_common/msg/detail/bounding_box__rosidl_typesupport_fastrtps_cpp.hpp
[1.064s] -- Up-to-date: /home/nayab/dev_ws/install/abds_core_common/include/abds_core_common/msg/detail/bounding_boxes__rosidl_typesupport_fastrtps_cpp.hpp
[1.064s] -- Up-to-date: /home/nayab/dev_ws/install/abds_core_common/include/abds_core_common/msg/detail/dds_fastrtps
[1.064s] -- Up-to-date: /home/nayab/dev_ws/install/abds_core_common/include/abds_core_common/msg/detail/clusters__rosidl_typesupport_fastrtps_cpp.hpp
[1.065s] -- Up-to-date: /home/nayab/dev_ws/install/abds_core_common/include/abds_core_common/msg/detail/vehicle_state__rosidl_typesupport_fastrtps_cpp.hpp
[1.065s] -- Up-to-date: /home/nayab/dev_ws/install/abds_core_common/include/abds_core_common/msg/detail/trajectory_point__rosidl_typesupport_fastrtps_cpp.hpp
[1.065s] -- Up-to-date: /home/nayab/dev_ws/install/abds_core_common/include/abds_core_common/msg/detail/trajectory__rosidl_typesupport_fastrtps_cpp.hpp
[1.065s] -- Up-to-date: /home/nayab/dev_ws/install/abds_core_common/include/abds_core_common/msg/detail/vehicle_command__rosidl_typesupport_fastrtps_cpp.hpp
[1.065s] -- Up-to-date: /home/nayab/dev_ws/install/abds_core_common/include/abds_core_common/msg/detail/test_state__rosidl_typesupport_fastrtps_cpp.hpp
[1.065s] -- Up-to-date: /home/nayab/dev_ws/install/abds_core_common/include/abds_core_common/srv
[1.065s] -- Up-to-date: /home/nayab/dev_ws/install/abds_core_common/include/abds_core_common/srv/detail
[1.066s] -- Up-to-date: /home/nayab/dev_ws/install/abds_core_common/include/abds_core_common/srv/detail/luminar_set_fov__rosidl_typesupport_fastrtps_cpp.hpp
[1.066s] -- Up-to-date: /home/nayab/dev_ws/install/abds_core_common/include/abds_core_common/srv/detail/dds_fastrtps
[1.066s] -- Up-to-date: /home/nayab/dev_ws/install/abds_core_common/include/abds_core_common/srv/detail/luminar_set_frequency__rosidl_typesupport_fastrtps_cpp.hpp
[1.066s] -- Up-to-date: /home/nayab/dev_ws/install/abds_core_common/include/abds_core_common/srv/detail/luminar_connect__rosidl_typesupport_fastrtps_cpp.hpp
[1.066s] -- Up-to-date: /home/nayab/dev_ws/install/abds_core_common/include/abds_core_common/srv/detail/luminar_set_duration__rosidl_typesupport_fastrtps_cpp.hpp
[1.066s] -- Up-to-date: /home/nayab/dev_ws/install/abds_core_common/include/abds_core_common/srv/detail/luminar_discover_sensors__rosidl_typesupport_fastrtps_cpp.hpp
[1.067s] -- Up-to-date: /home/nayab/dev_ws/install/abds_core_common/lib/libabds_core_common__rosidl_typesupport_fastrtps_cpp.so
[1.067s] -- Up-to-date: /home/nayab/dev_ws/install/abds_core_common/include/abds_core_common
[1.067s] -- Up-to-date: /home/nayab/dev_ws/install/abds_core_common/include/abds_core_common/msg
[1.067s] -- Up-to-date: /home/nayab/dev_ws/install/abds_core_common/include/abds_core_common/msg/detail
[1.067s] -- Up-to-date: /home/nayab/dev_ws/install/abds_core_common/include/abds_core_common/msg/detail/clusters__type_support.c
[1.067s] -- Up-to-date: /home/nayab/dev_ws/install/abds_core_common/include/abds_core_common/msg/detail/trajectory_point__type_support.c
[1.067s] -- Up-to-date: /home/nayab/dev_ws/install/abds_core_common/include/abds_core_common/msg/detail/bounding_box__type_support.c
[1.068s] -- Up-to-date: /home/nayab/dev_ws/install/abds_core_common/include/abds_core_common/msg/detail/vehicle_state__type_support.c
[1.068s] -- Up-to-date: /home/nayab/dev_ws/install/abds_core_common/include/abds_core_common/msg/detail/vehicle_command__type_support.c
[1.068s] -- Up-to-date: /home/nayab/dev_ws/install/abds_core_common/include/abds_core_common/msg/detail/bounding_box__rosidl_typesupport_introspection_c.h
[1.068s] -- Up-to-date: /home/nayab/dev_ws/install/abds_core_common/include/abds_core_common/msg/detail/cluster__type_support.c
[1.068s] -- Up-to-date: /home/nayab/dev_ws/install/abds_core_common/include/abds_core_common/msg/detail/cluster__rosidl_typesupport_introspection_c.h
[1.068s] -- Up-to-date: /home/nayab/dev_ws/install/abds_core_common/include/abds_core_common/msg/detail/trajectory__rosidl_typesupport_introspection_c.h
[1.068s] -- Up-to-date: /home/nayab/dev_ws/install/abds_core_common/include/abds_core_common/msg/detail/trajectory_point__rosidl_typesupport_introspection_c.h
[1.069s] -- Up-to-date: /home/nayab/dev_ws/install/abds_core_common/include/abds_core_common/msg/detail/bounding_boxes__type_support.c
[1.069s] -- Up-to-date: /home/nayab/dev_ws/install/abds_core_common/include/abds_core_common/msg/detail/test_state__rosidl_typesupport_introspection_c.h
[1.069s] -- Up-to-date: /home/nayab/dev_ws/install/abds_core_common/include/abds_core_common/msg/detail/vehicle_state__rosidl_typesupport_introspection_c.h
[1.069s] -- Up-to-date: /home/nayab/dev_ws/install/abds_core_common/include/abds_core_common/msg/detail/trajectory__type_support.c
[1.069s] -- Up-to-date: /home/nayab/dev_ws/install/abds_core_common/include/abds_core_common/msg/detail/clusters__rosidl_typesupport_introspection_c.h
[1.095s] -- Up-to-date: /home/nayab/dev_ws/install/abds_core_common/include/abds_core_common/msg/detail/vehicle_command__rosidl_typesupport_introspection_c.h
[1.095s] -- Up-to-date: /home/nayab/dev_ws/install/abds_core_common/include/abds_core_common/msg/detail/bounding_boxes__rosidl_typesupport_introspection_c.h
[1.095s] -- Up-to-date: /home/nayab/dev_ws/install/abds_core_common/include/abds_core_common/msg/detail/test_state__type_support.c
[1.096s] -- Up-to-date: /home/nayab/dev_ws/install/abds_core_common/include/abds_core_common/msg/rosidl_typesupport_introspection_c__visibility_control.h
[1.096s] -- Up-to-date: /home/nayab/dev_ws/install/abds_core_common/include/abds_core_common/srv
[1.096s] -- Up-to-date: /home/nayab/dev_ws/install/abds_core_common/include/abds_core_common/srv/detail
[1.096s] -- Up-to-date: /home/nayab/dev_ws/install/abds_core_common/include/abds_core_common/srv/detail/luminar_set_fov__type_support.c
[1.096s] -- Up-to-date: /home/nayab/dev_ws/install/abds_core_common/include/abds_core_common/srv/detail/luminar_connect__type_support.c
[1.097s] -- Up-to-date: /home/nayab/dev_ws/install/abds_core_common/include/abds_core_common/srv/detail/luminar_set_duration__type_support.c
[1.097s] -- Up-to-date: /home/nayab/dev_ws/install/abds_core_common/include/abds_core_common/srv/detail/luminar_set_frequency__rosidl_typesupport_introspection_c.h
[1.097s] -- Up-to-date: /home/nayab/dev_ws/install/abds_core_common/include/abds_core_common/srv/detail/luminar_set_fov__rosidl_typesupport_introspection_c.h
[1.097s] -- Up-to-date: /home/nayab/dev_ws/install/abds_core_common/include/abds_core_common/srv/detail/luminar_connect__rosidl_typesupport_introspection_c.h
[1.097s] -- Up-to-date: /home/nayab/dev_ws/install/abds_core_common/include/abds_core_common/srv/detail/luminar_set_duration__rosidl_typesupport_introspection_c.h
[1.098s] -- Up-to-date: /home/nayab/dev_ws/install/abds_core_common/include/abds_core_common/srv/detail/luminar_set_frequency__type_support.c
[1.098s] -- Up-to-date: /home/nayab/dev_ws/install/abds_core_common/include/abds_core_common/srv/detail/luminar_discover_sensors__rosidl_typesupport_introspection_c.h
[1.098s] -- Up-to-date: /home/nayab/dev_ws/install/abds_core_common/include/abds_core_common/srv/detail/luminar_discover_sensors__type_support.c
[1.098s] -- Up-to-date: /home/nayab/dev_ws/install/abds_core_common/lib/libabds_core_common__rosidl_typesupport_introspection_c.so
[1.098s] -- Up-to-date: /home/nayab/dev_ws/install/abds_core_common/lib/libabds_core_common__rosidl_typesupport_c.so
[1.099s] -- Up-to-date: /home/nayab/dev_ws/install/abds_core_common/include/abds_core_common
[1.099s] -- Up-to-date: /home/nayab/dev_ws/install/abds_core_common/include/abds_core_common/msg
[1.099s] -- Up-to-date: /home/nayab/dev_ws/install/abds_core_common/include/abds_core_common/msg/vehicle_command.hpp
[1.099s] -- Up-to-date: /home/nayab/dev_ws/install/abds_core_common/include/abds_core_common/msg/test_state.hpp
[1.100s] -- Up-to-date: /home/nayab/dev_ws/install/abds_core_common/include/abds_core_common/msg/trajectory.hpp
[1.100s] -- Up-to-date: /home/nayab/dev_ws/install/abds_core_common/include/abds_core_common/msg/detail
[1.100s] -- Up-to-date: /home/nayab/dev_ws/install/abds_core_common/include/abds_core_common/msg/detail/vehicle_command__traits.hpp
[1.100s] -- Up-to-date: /home/nayab/dev_ws/install/abds_core_common/include/abds_core_common/msg/detail/cluster__struct.hpp
[1.100s] -- Up-to-date: /home/nayab/dev_ws/install/abds_core_common/include/abds_core_common/msg/detail/trajectory_point__struct.hpp
[1.101s] -- Up-to-date: /home/nayab/dev_ws/install/abds_core_common/include/abds_core_common/msg/detail/bounding_box__traits.hpp
[1.101s] -- Up-to-date: /home/nayab/dev_ws/install/abds_core_common/include/abds_core_common/msg/detail/clusters__traits.hpp
[1.101s] -- Up-to-date: /home/nayab/dev_ws/install/abds_core_common/include/abds_core_common/msg/detail/vehicle_state__builder.hpp
[1.101s] -- Up-to-date: /home/nayab/dev_ws/install/abds_core_common/include/abds_core_common/msg/detail/test_state__struct.hpp
[1.101s] -- Up-to-date: /home/nayab/dev_ws/install/abds_core_common/include/abds_core_common/msg/detail/bounding_boxes__traits.hpp
[1.101s] -- Up-to-date: /home/nayab/dev_ws/install/abds_core_common/include/abds_core_common/msg/detail/trajectory_point__traits.hpp
[1.101s] -- Up-to-date: /home/nayab/dev_ws/install/abds_core_common/include/abds_core_common/msg/detail/clusters__builder.hpp
[1.101s] -- Up-to-date: /home/nayab/dev_ws/install/abds_core_common/include/abds_core_common/msg/detail/cluster__builder.hpp
[1.101s] -- Up-to-date: /home/nayab/dev_ws/install/abds_core_common/include/abds_core_common/msg/detail/clusters__struct.hpp
[1.101s] -- Up-to-date: /home/nayab/dev_ws/install/abds_core_common/include/abds_core_common/msg/detail/cluster__traits.hpp
[1.101s] -- Up-to-date: /home/nayab/dev_ws/install/abds_core_common/include/abds_core_common/msg/detail/vehicle_command__builder.hpp
[1.101s] -- Up-to-date: /home/nayab/dev_ws/install/abds_core_common/include/abds_core_common/msg/detail/vehicle_state__struct.hpp
[1.101s] -- Up-to-date: /home/nayab/dev_ws/install/abds_core_common/include/abds_core_common/msg/detail/trajectory__struct.hpp
[1.101s] -- Up-to-date: /home/nayab/dev_ws/install/abds_core_common/include/abds_core_common/msg/detail/vehicle_command__struct.hpp
[1.101s] -- Up-to-date: /home/nayab/dev_ws/install/abds_core_common/include/abds_core_common/msg/detail/bounding_boxes__builder.hpp
[1.101s] -- Up-to-date: /home/nayab/dev_ws/install/abds_core_common/include/abds_core_common/msg/detail/bounding_boxes__struct.hpp
[1.101s] -- Up-to-date: /home/nayab/dev_ws/install/abds_core_common/include/abds_core_common/msg/detail/test_state__builder.hpp
[1.101s] -- Up-to-date: /home/nayab/dev_ws/install/abds_core_common/include/abds_core_common/msg/detail/trajectory_point__builder.hpp
[1.101s] -- Up-to-date: /home/nayab/dev_ws/install/abds_core_common/include/abds_core_common/msg/detail/bounding_box__builder.hpp
[1.101s] -- Up-to-date: /home/nayab/dev_ws/install/abds_core_common/include/abds_core_common/msg/detail/trajectory__builder.hpp
[1.101s] -- Up-to-date: /home/nayab/dev_ws/install/abds_core_common/include/abds_core_common/msg/detail/test_state__traits.hpp
[1.102s] -- Up-to-date: /home/nayab/dev_ws/install/abds_core_common/include/abds_core_common/msg/detail/trajectory__traits.hpp
[1.102s] -- Up-to-date: /home/nayab/dev_ws/install/abds_core_common/include/abds_core_common/msg/detail/bounding_box__struct.hpp
[1.102s] -- Up-to-date: /home/nayab/dev_ws/install/abds_core_common/include/abds_core_common/msg/detail/vehicle_state__traits.hpp
[1.102s] -- Up-to-date: /home/nayab/dev_ws/install/abds_core_common/include/abds_core_common/msg/cluster.hpp
[1.102s] -- Up-to-date: /home/nayab/dev_ws/install/abds_core_common/include/abds_core_common/msg/vehicle_state.hpp
[1.102s] -- Up-to-date: /home/nayab/dev_ws/install/abds_core_common/include/abds_core_common/msg/bounding_box.hpp
[1.102s] -- Up-to-date: /home/nayab/dev_ws/install/abds_core_common/include/abds_core_common/msg/trajectory_point.hpp
[1.102s] -- Up-to-date: /home/nayab/dev_ws/install/abds_core_common/include/abds_core_common/msg/bounding_boxes.hpp
[1.102s] -- Up-to-date: /home/nayab/dev_ws/install/abds_core_common/include/abds_core_common/msg/clusters.hpp
[1.102s] -- Up-to-date: /home/nayab/dev_ws/install/abds_core_common/include/abds_core_common/srv
[1.102s] -- Up-to-date: /home/nayab/dev_ws/install/abds_core_common/include/abds_core_common/srv/luminar_set_fov.hpp
[1.102s] -- Up-to-date: /home/nayab/dev_ws/install/abds_core_common/include/abds_core_common/srv/detail
[1.102s] -- Up-to-date: /home/nayab/dev_ws/install/abds_core_common/include/abds_core_common/srv/detail/luminar_set_fov__traits.hpp
[1.102s] -- Up-to-date: /home/nayab/dev_ws/install/abds_core_common/include/abds_core_common/srv/detail/luminar_set_fov__builder.hpp
[1.102s] -- Up-to-date: /home/nayab/dev_ws/install/abds_core_common/include/abds_core_common/srv/detail/luminar_set_frequency__struct.hpp
[1.102s] -- Up-to-date: /home/nayab/dev_ws/install/abds_core_common/include/abds_core_common/srv/detail/luminar_discover_sensors__builder.hpp
[1.102s] -- Up-to-date: /home/nayab/dev_ws/install/abds_core_common/include/abds_core_common/srv/detail/luminar_set_duration__builder.hpp
[1.102s] -- Up-to-date: /home/nayab/dev_ws/install/abds_core_common/include/abds_core_common/srv/detail/luminar_set_frequency__traits.hpp
[1.102s] -- Up-to-date: /home/nayab/dev_ws/install/abds_core_common/include/abds_core_common/srv/detail/luminar_discover_sensors__struct.hpp
[1.102s] -- Up-to-date: /home/nayab/dev_ws/install/abds_core_common/include/abds_core_common/srv/detail/luminar_connect__builder.hpp
[1.102s] -- Up-to-date: /home/nayab/dev_ws/install/abds_core_common/include/abds_core_common/srv/detail/luminar_connect__traits.hpp
[1.102s] -- Up-to-date: /home/nayab/dev_ws/install/abds_core_common/include/abds_core_common/srv/detail/luminar_set_fov__struct.hpp
[1.103s] -- Up-to-date: /home/nayab/dev_ws/install/abds_core_common/include/abds_core_common/srv/detail/luminar_set_duration__traits.hpp
[1.103s] -- Up-to-date: /home/nayab/dev_ws/install/abds_core_common/include/abds_core_common/srv/detail/luminar_set_frequency__builder.hpp
[1.103s] -- Up-to-date: /home/nayab/dev_ws/install/abds_core_common/include/abds_core_common/srv/detail/luminar_discover_sensors__traits.hpp
[1.103s] -- Up-to-date: /home/nayab/dev_ws/install/abds_core_common/include/abds_core_common/srv/detail/luminar_connect__struct.hpp
[1.103s] -- Up-to-date: /home/nayab/dev_ws/install/abds_core_common/include/abds_core_common/srv/detail/luminar_set_duration__struct.hpp
[1.103s] -- Up-to-date: /home/nayab/dev_ws/install/abds_core_common/include/abds_core_common/srv/luminar_set_duration.hpp
[1.103s] -- Up-to-date: /home/nayab/dev_ws/install/abds_core_common/include/abds_core_common/srv/luminar_connect.hpp
[1.103s] -- Up-to-date: /home/nayab/dev_ws/install/abds_core_common/include/abds_core_common/srv/luminar_set_frequency.hpp
[1.103s] -- Up-to-date: /home/nayab/dev_ws/install/abds_core_common/include/abds_core_common/srv/luminar_discover_sensors.hpp
[1.103s] -- Up-to-date: /home/nayab/dev_ws/install/abds_core_common/include/abds_core_common
[1.103s] -- Up-to-date: /home/nayab/dev_ws/install/abds_core_common/include/abds_core_common/msg
[1.103s] -- Up-to-date: /home/nayab/dev_ws/install/abds_core_common/include/abds_core_common/msg/detail
[1.103s] -- Up-to-date: /home/nayab/dev_ws/install/abds_core_common/include/abds_core_common/msg/detail/clusters__rosidl_typesupport_introspection_cpp.hpp
[1.103s] -- Up-to-date: /home/nayab/dev_ws/install/abds_core_common/include/abds_core_common/msg/detail/trajectory_point__type_support.cpp
[1.103s] -- Up-to-date: /home/nayab/dev_ws/install/abds_core_common/include/abds_core_common/msg/detail/vehicle_command__rosidl_typesupport_introspection_cpp.hpp
[1.103s] -- Up-to-date: /home/nayab/dev_ws/install/abds_core_common/include/abds_core_common/msg/detail/clusters__type_support.cpp
[1.103s] -- Up-to-date: /home/nayab/dev_ws/install/abds_core_common/include/abds_core_common/msg/detail/bounding_box__type_support.cpp
[1.103s] -- Up-to-date: /home/nayab/dev_ws/install/abds_core_common/include/abds_core_common/msg/detail/vehicle_command__type_support.cpp
[1.103s] -- Up-to-date: /home/nayab/dev_ws/install/abds_core_common/include/abds_core_common/msg/detail/cluster__type_support.cpp
[1.103s] -- Up-to-date: /home/nayab/dev_ws/install/abds_core_common/include/abds_core_common/msg/detail/vehicle_state__type_support.cpp
[1.103s] -- Up-to-date: /home/nayab/dev_ws/install/abds_core_common/include/abds_core_common/msg/detail/test_state__type_support.cpp
[1.103s] -- Up-to-date: /home/nayab/dev_ws/install/abds_core_common/include/abds_core_common/msg/detail/bounding_box__rosidl_typesupport_introspection_cpp.hpp
[1.103s] -- Up-to-date: /home/nayab/dev_ws/install/abds_core_common/include/abds_core_common/msg/detail/bounding_boxes__type_support.cpp
[1.104s] -- Up-to-date: /home/nayab/dev_ws/install/abds_core_common/include/abds_core_common/msg/detail/trajectory__rosidl_typesupport_introspection_cpp.hpp
[1.104s] -- Up-to-date: /home/nayab/dev_ws/install/abds_core_common/include/abds_core_common/msg/detail/test_state__rosidl_typesupport_introspection_cpp.hpp
[1.104s] -- Up-to-date: /home/nayab/dev_ws/install/abds_core_common/include/abds_core_common/msg/detail/vehicle_state__rosidl_typesupport_introspection_cpp.hpp
[1.104s] -- Up-to-date: /home/nayab/dev_ws/install/abds_core_common/include/abds_core_common/msg/detail/trajectory__type_support.cpp
[1.104s] -- Up-to-date: /home/nayab/dev_ws/install/abds_core_common/include/abds_core_common/msg/detail/trajectory_point__rosidl_typesupport_introspection_cpp.hpp
[1.104s] -- Up-to-date: /home/nayab/dev_ws/install/abds_core_common/include/abds_core_common/msg/detail/cluster__rosidl_typesupport_introspection_cpp.hpp
[1.104s] -- Up-to-date: /home/nayab/dev_ws/install/abds_core_common/include/abds_core_common/msg/detail/bounding_boxes__rosidl_typesupport_introspection_cpp.hpp
[1.104s] -- Up-to-date: /home/nayab/dev_ws/install/abds_core_common/include/abds_core_common/srv
[1.104s] -- Up-to-date: /home/nayab/dev_ws/install/abds_core_common/include/abds_core_common/srv/detail
[1.104s] -- Up-to-date: /home/nayab/dev_ws/install/abds_core_common/include/abds_core_common/srv/detail/luminar_set_frequency__type_support.cpp
[1.104s] -- Up-to-date: /home/nayab/dev_ws/install/abds_core_common/include/abds_core_common/srv/detail/luminar_connect__type_support.cpp
[1.104s] -- Up-to-date: /home/nayab/dev_ws/install/abds_core_common/include/abds_core_common/srv/detail/luminar_set_frequency__rosidl_typesupport_introspection_cpp.hpp
[1.104s] -- Up-to-date: /home/nayab/dev_ws/install/abds_core_common/include/abds_core_common/srv/detail/luminar_set_duration__rosidl_typesupport_introspection_cpp.hpp
[1.104s] -- Up-to-date: /home/nayab/dev_ws/install/abds_core_common/include/abds_core_common/srv/detail/luminar_set_duration__type_support.cpp
[1.104s] -- Up-to-date: /home/nayab/dev_ws/install/abds_core_common/include/abds_core_common/srv/detail/luminar_set_fov__rosidl_typesupport_introspection_cpp.hpp
[1.104s] -- Up-to-date: /home/nayab/dev_ws/install/abds_core_common/include/abds_core_common/srv/detail/luminar_connect__rosidl_typesupport_introspection_cpp.hpp
[1.104s] -- Up-to-date: /home/nayab/dev_ws/install/abds_core_common/include/abds_core_common/srv/detail/luminar_set_fov__type_support.cpp
[1.104s] -- Up-to-date: /home/nayab/dev_ws/install/abds_core_common/include/abds_core_common/srv/detail/luminar_discover_sensors__type_support.cpp
[1.104s] -- Up-to-date: /home/nayab/dev_ws/install/abds_core_common/include/abds_core_common/srv/detail/luminar_discover_sensors__rosidl_typesupport_introspection_cpp.hpp
[1.104s] -- Up-to-date: /home/nayab/dev_ws/install/abds_core_common/lib/libabds_core_common__rosidl_typesupport_introspection_cpp.so
[1.104s] -- Up-to-date: /home/nayab/dev_ws/install/abds_core_common/lib/libabds_core_common__rosidl_typesupport_cpp.so
[1.104s] -- Up-to-date: /home/nayab/dev_ws/install/abds_core_common/share/abds_core_common/environment/pythonpath.sh
[1.104s] -- Up-to-date: /home/nayab/dev_ws/install/abds_core_common/share/abds_core_common/environment/pythonpath.dsv
[1.105s] -- Up-to-date: /home/nayab/dev_ws/install/abds_core_common/lib/python3.8/site-packages/abds_core_common/__init__.py
[1.105s] -- Up-to-date: /home/nayab/dev_ws/install/abds_core_common/lib/python3.8/site-packages/abds_core_common/srv
[1.105s] -- Up-to-date: /home/nayab/dev_ws/install/abds_core_common/lib/python3.8/site-packages/abds_core_common/srv/_luminar_set_fov_s.c
[1.105s] -- Up-to-date: /home/nayab/dev_ws/install/abds_core_common/lib/python3.8/site-packages/abds_core_common/srv/__init__.py
[1.105s] -- Up-to-date: /home/nayab/dev_ws/install/abds_core_common/lib/python3.8/site-packages/abds_core_common/srv/_luminar_set_fov.py
[1.105s] -- Up-to-date: /home/nayab/dev_ws/install/abds_core_common/lib/python3.8/site-packages/abds_core_common/srv/_luminar_discover_sensors_s.c
[1.106s] -- Up-to-date: /home/nayab/dev_ws/install/abds_core_common/lib/python3.8/site-packages/abds_core_common/srv/_luminar_connect_s.c
[1.106s] -- Up-to-date: /home/nayab/dev_ws/install/abds_core_common/lib/python3.8/site-packages/abds_core_common/srv/_luminar_set_duration_s.c
[1.106s] -- Up-to-date: /home/nayab/dev_ws/install/abds_core_common/lib/python3.8/site-packages/abds_core_common/srv/_luminar_discover_sensors.py
[1.106s] -- Up-to-date: /home/nayab/dev_ws/install/abds_core_common/lib/python3.8/site-packages/abds_core_common/srv/_luminar_set_frequency.py
[1.106s] -- Up-to-date: /home/nayab/dev_ws/install/abds_core_common/lib/python3.8/site-packages/abds_core_common/srv/_luminar_set_duration.py
[1.106s] -- Up-to-date: /home/nayab/dev_ws/install/abds_core_common/lib/python3.8/site-packages/abds_core_common/srv/_luminar_set_frequency_s.c
[1.106s] -- Up-to-date: /home/nayab/dev_ws/install/abds_core_common/lib/python3.8/site-packages/abds_core_common/srv/_luminar_connect.py
[1.106s] -- Up-to-date: /home/nayab/dev_ws/install/abds_core_common/lib/python3.8/site-packages/abds_core_common/msg
[1.106s] -- Up-to-date: /home/nayab/dev_ws/install/abds_core_common/lib/python3.8/site-packages/abds_core_common/msg/_bounding_boxes.py
[1.106s] -- Up-to-date: /home/nayab/dev_ws/install/abds_core_common/lib/python3.8/site-packages/abds_core_common/msg/_vehicle_state_s.c
[1.106s] -- Up-to-date: /home/nayab/dev_ws/install/abds_core_common/lib/python3.8/site-packages/abds_core_common/msg/__init__.py
[1.106s] -- Up-to-date: /home/nayab/dev_ws/install/abds_core_common/lib/python3.8/site-packages/abds_core_common/msg/_vehicle_command.py
[1.106s] -- Up-to-date: /home/nayab/dev_ws/install/abds_core_common/lib/python3.8/site-packages/abds_core_common/msg/_trajectory_point.py
[1.106s] -- Up-to-date: /home/nayab/dev_ws/install/abds_core_common/lib/python3.8/site-packages/abds_core_common/msg/_cluster.py
[1.106s] -- Up-to-date: /home/nayab/dev_ws/install/abds_core_common/lib/python3.8/site-packages/abds_core_common/msg/_vehicle_state.py
[1.106s] -- Up-to-date: /home/nayab/dev_ws/install/abds_core_common/lib/python3.8/site-packages/abds_core_common/msg/_clusters.py
[1.106s] -- Up-to-date: /home/nayab/dev_ws/install/abds_core_common/lib/python3.8/site-packages/abds_core_common/msg/_trajectory.py
[1.106s] -- Up-to-date: /home/nayab/dev_ws/install/abds_core_common/lib/python3.8/site-packages/abds_core_common/msg/_vehicle_command_s.c
[1.106s] -- Up-to-date: /home/nayab/dev_ws/install/abds_core_common/lib/python3.8/site-packages/abds_core_common/msg/_clusters_s.c
[1.106s] -- Up-to-date: /home/nayab/dev_ws/install/abds_core_common/lib/python3.8/site-packages/abds_core_common/msg/_test_state.py
[1.106s] -- Up-to-date: /home/nayab/dev_ws/install/abds_core_common/lib/python3.8/site-packages/abds_core_common/msg/_cluster_s.c
[1.106s] -- Up-to-date: /home/nayab/dev_ws/install/abds_core_common/lib/python3.8/site-packages/abds_core_common/msg/_trajectory_point_s.c
[1.107s] -- Up-to-date: /home/nayab/dev_ws/install/abds_core_common/lib/python3.8/site-packages/abds_core_common/msg/_trajectory_s.c
[1.107s] -- Up-to-date: /home/nayab/dev_ws/install/abds_core_common/lib/python3.8/site-packages/abds_core_common/msg/_test_state_s.c
[1.107s] -- Up-to-date: /home/nayab/dev_ws/install/abds_core_common/lib/python3.8/site-packages/abds_core_common/msg/_bounding_box.py
[1.107s] -- Up-to-date: /home/nayab/dev_ws/install/abds_core_common/lib/python3.8/site-packages/abds_core_common/msg/_bounding_box_s.c
[1.107s] -- Up-to-date: /home/nayab/dev_ws/install/abds_core_common/lib/python3.8/site-packages/abds_core_common/msg/_bounding_boxes_s.c
[1.107s] -- Up-to-date: /home/nayab/dev_ws/install/abds_core_common/lib/python3.8/site-packages/abds_core_common/abds_core_common_s__rosidl_typesupport_fastrtps_c.cpython-38-x86_64-linux-gnu.so
[1.107s] -- Up-to-date: /home/nayab/dev_ws/install/abds_core_common/lib/python3.8/site-packages/abds_core_common/abds_core_common_s__rosidl_typesupport_introspection_c.cpython-38-x86_64-linux-gnu.so
[1.107s] -- Up-to-date: /home/nayab/dev_ws/install/abds_core_common/lib/python3.8/site-packages/abds_core_common/abds_core_common_s__rosidl_typesupport_c.cpython-38-x86_64-linux-gnu.so
[1.107s] -- Up-to-date: /home/nayab/dev_ws/install/abds_core_common/lib/libabds_core_common__python.so
[1.107s] -- Up-to-date: /home/nayab/dev_ws/install/abds_core_common/share/abds_core_common/srv/LuminarConnect.idl
[1.107s] -- Up-to-date: /home/nayab/dev_ws/install/abds_core_common/share/abds_core_common/srv/LuminarDiscoverSensors.idl
[1.107s] -- Up-to-date: /home/nayab/dev_ws/install/abds_core_common/share/abds_core_common/srv/LuminarSetDuration.idl
[1.107s] -- Up-to-date: /home/nayab/dev_ws/install/abds_core_common/share/abds_core_common/srv/LuminarSetFov.idl
[1.107s] -- Up-to-date: /home/nayab/dev_ws/install/abds_core_common/share/abds_core_common/srv/LuminarSetFrequency.idl
[1.107s] -- Up-to-date: /home/nayab/dev_ws/install/abds_core_common/share/abds_core_common/msg/Cluster.idl
[1.107s] -- Up-to-date: /home/nayab/dev_ws/install/abds_core_common/share/abds_core_common/msg/Clusters.idl
[1.107s] -- Up-to-date: /home/nayab/dev_ws/install/abds_core_common/share/abds_core_common/msg/BoundingBox.idl
[1.107s] -- Up-to-date: /home/nayab/dev_ws/install/abds_core_common/share/abds_core_common/msg/BoundingBoxes.idl
[1.107s] -- Up-to-date: /home/nayab/dev_ws/install/abds_core_common/share/abds_core_common/msg/TrajectoryPoint.idl
[1.107s] -- Up-to-date: /home/nayab/dev_ws/install/abds_core_common/share/abds_core_common/msg/Trajectory.idl
[1.107s] -- Up-to-date: /home/nayab/dev_ws/install/abds_core_common/share/abds_core_common/msg/VehicleCommand.idl
[1.107s] -- Up-to-date: /home/nayab/dev_ws/install/abds_core_common/share/abds_core_common/msg/VehicleState.idl
[1.108s] -- Up-to-date: /home/nayab/dev_ws/install/abds_core_common/share/abds_core_common/msg/TestState.idl
[1.108s] -- Up-to-date: /home/nayab/dev_ws/install/abds_core_common/share/abds_core_common/interfaces/LuminarConnect.srv
[1.108s] -- Up-to-date: /home/nayab/dev_ws/install/abds_core_common/share/abds_core_common/interfaces/LuminarConnect_Request.msg
[1.108s] -- Up-to-date: /home/nayab/dev_ws/install/abds_core_common/share/abds_core_common/interfaces/LuminarConnect_Response.msg
[1.108s] -- Up-to-date: /home/nayab/dev_ws/install/abds_core_common/share/abds_core_common/interfaces/LuminarDiscoverSensors.srv
[1.108s] -- Up-to-date: /home/nayab/dev_ws/install/abds_core_common/share/abds_core_common/interfaces/LuminarDiscoverSensors_Request.msg
[1.108s] -- Up-to-date: /home/nayab/dev_ws/install/abds_core_common/share/abds_core_common/interfaces/LuminarDiscoverSensors_Response.msg
[1.108s] -- Up-to-date: /home/nayab/dev_ws/install/abds_core_common/share/abds_core_common/interfaces/LuminarSetDuration.srv
[1.108s] -- Up-to-date: /home/nayab/dev_ws/install/abds_core_common/share/abds_core_common/interfaces/LuminarSetDuration_Request.msg
[1.108s] -- Up-to-date: /home/nayab/dev_ws/install/abds_core_common/share/abds_core_common/interfaces/LuminarSetDuration_Response.msg
[1.108s] -- Up-to-date: /home/nayab/dev_ws/install/abds_core_common/share/abds_core_common/interfaces/LuminarSetFov.srv
[1.108s] -- Up-to-date: /home/nayab/dev_ws/install/abds_core_common/share/abds_core_common/interfaces/LuminarSetFov_Request.msg
[1.108s] -- Up-to-date: /home/nayab/dev_ws/install/abds_core_common/share/abds_core_common/interfaces/LuminarSetFov_Response.msg
[1.108s] -- Up-to-date: /home/nayab/dev_ws/install/abds_core_common/share/abds_core_common/interfaces/LuminarSetFrequency.srv
[1.108s] -- Up-to-date: /home/nayab/dev_ws/install/abds_core_common/share/abds_core_common/interfaces/LuminarSetFrequency_Request.msg
[1.108s] -- Up-to-date: /home/nayab/dev_ws/install/abds_core_common/share/abds_core_common/interfaces/LuminarSetFrequency_Response.msg
[1.108s] -- Up-to-date: /home/nayab/dev_ws/install/abds_core_common/share/abds_core_common/msg/Cluster.msg
[1.108s] -- Up-to-date: /home/nayab/dev_ws/install/abds_core_common/share/abds_core_common/msg/Clusters.msg
[1.108s] -- Up-to-date: /home/nayab/dev_ws/install/abds_core_common/share/abds_core_common/msg/BoundingBox.msg
[1.108s] -- Up-to-date: /home/nayab/dev_ws/install/abds_core_common/share/abds_core_common/msg/BoundingBoxes.msg
[1.108s] -- Up-to-date: /home/nayab/dev_ws/install/abds_core_common/share/abds_core_common/msg/TrajectoryPoint.msg
[1.108s] -- Up-to-date: /home/nayab/dev_ws/install/abds_core_common/share/abds_core_common/msg/Trajectory.msg
[1.109s] -- Up-to-date: /home/nayab/dev_ws/install/abds_core_common/share/abds_core_common/msg/VehicleCommand.msg
[1.109s] -- Up-to-date: /home/nayab/dev_ws/install/abds_core_common/share/abds_core_common/msg/VehicleState.msg
[1.109s] -- Up-to-date: /home/nayab/dev_ws/install/abds_core_common/share/abds_core_common/msg/TestState.msg
[1.109s] -- Up-to-date: /home/nayab/dev_ws/install/abds_core_common/include
[1.109s] -- Up-to-date: /home/nayab/dev_ws/install/abds_core_common/include/geometry
[1.109s] -- Up-to-date: /home/nayab/dev_ws/install/abds_core_common/include/geometry/bounding_box.hpp
[1.109s] -- Up-to-date: /home/nayab/dev_ws/install/abds_core_common/include/types.hpp
[1.109s] -- Up-to-date: /home/nayab/dev_ws/install/abds_core_common/include/calculations.hpp
[1.109s] -- Up-to-date: /home/nayab/dev_ws/install/abds_core_common/include/data_storage
[1.115s] -- Up-to-date: /home/nayab/dev_ws/install/abds_core_common/include/data_storage/quad_storage.cpp
[1.116s] -- Up-to-date: /home/nayab/dev_ws/install/abds_core_common/include/data_storage/spatial_hash.hpp
[1.116s] -- Up-to-date: /home/nayab/dev_ws/install/abds_core_common/include/data_storage/spatial_hash.cpp
[1.116s] -- Up-to-date: /home/nayab/dev_ws/install/abds_core_common/include/data_storage/quad_storage.hpp
[1.116s] -- Up-to-date: /home/nayab/dev_ws/install/abds_core_common/include/network
[1.117s] -- Up-to-date: /home/nayab/dev_ws/install/abds_core_common/include/network/udp_client_server.cpp
[1.117s] -- Up-to-date: /home/nayab/dev_ws/install/abds_core_common/include/network/udp_client_server.hpp
[1.117s] -- Up-to-date: /home/nayab/dev_ws/install/abds_core_common/include/msg_buffer.hpp
[1.118s] -- Up-to-date: /home/nayab/dev_ws/install/abds_core_common/include/lidar_util
[1.122s] -- Up-to-date: /home/nayab/dev_ws/install/abds_core_common/include/lidar_util/point_cloud_transformer.hpp
[1.126s] -- Up-to-date: /home/nayab/dev_ws/install/abds_core_common/include/time_util
[1.126s] -- Up-to-date: /home/nayab/dev_ws/install/abds_core_common/include/time_util/time_utils.hpp
[1.126s] -- Up-to-date: /home/nayab/dev_ws/install/abds_core_common/lib/libabds_core_common_lib.so
[1.127s] -- Up-to-date: /home/nayab/dev_ws/install/abds_core_common/share/ament_index/resource_index/package_run_dependencies/abds_core_common
[1.127s] -- Up-to-date: /home/nayab/dev_ws/install/abds_core_common/share/ament_index/resource_index/parent_prefix_path/abds_core_common
[1.127s] -- Up-to-date: /home/nayab/dev_ws/install/abds_core_common/share/abds_core_common/environment/ament_prefix_path.sh
[1.127s] -- Up-to-date: /home/nayab/dev_ws/install/abds_core_common/share/abds_core_common/environment/ament_prefix_path.dsv
[1.127s] -- Up-to-date: /home/nayab/dev_ws/install/abds_core_common/share/abds_core_common/environment/path.sh
[1.127s] -- Up-to-date: /home/nayab/dev_ws/install/abds_core_common/share/abds_core_common/environment/path.dsv
[1.127s] -- Up-to-date: /home/nayab/dev_ws/install/abds_core_common/share/abds_core_common/local_setup.bash
[1.128s] -- Up-to-date: /home/nayab/dev_ws/install/abds_core_common/share/abds_core_common/local_setup.sh
[1.128s] -- Up-to-date: /home/nayab/dev_ws/install/abds_core_common/share/abds_core_common/local_setup.zsh
[1.128s] -- Up-to-date: /home/nayab/dev_ws/install/abds_core_common/share/abds_core_common/local_setup.dsv
[1.128s] -- Installing: /home/nayab/dev_ws/install/abds_core_common/share/abds_core_common/package.dsv
[1.128s] -- Up-to-date: /home/nayab/dev_ws/install/abds_core_common/share/ament_index/resource_index/packages/abds_core_common
[1.128s] -- Up-to-date: /home/nayab/dev_ws/install/abds_core_common/share/abds_core_common/cmake/abds_core_common__rosidl_generator_cExport.cmake
[1.129s] -- Up-to-date: /home/nayab/dev_ws/install/abds_core_common/share/abds_core_common/cmake/abds_core_common__rosidl_generator_cExport-noconfig.cmake
[1.129s] -- Up-to-date: /home/nayab/dev_ws/install/abds_core_common/share/abds_core_common/cmake/abds_core_common__rosidl_typesupport_introspection_cExport.cmake
[1.129s] -- Up-to-date: /home/nayab/dev_ws/install/abds_core_common/share/abds_core_common/cmake/abds_core_common__rosidl_typesupport_introspection_cExport-noconfig.cmake
[1.129s] -- Up-to-date: /home/nayab/dev_ws/install/abds_core_common/share/abds_core_common/cmake/abds_core_common__rosidl_typesupport_cExport.cmake
[1.129s] -- Up-to-date: /home/nayab/dev_ws/install/abds_core_common/share/abds_core_common/cmake/abds_core_common__rosidl_typesupport_cExport-noconfig.cmake
[1.129s] -- Up-to-date: /home/nayab/dev_ws/install/abds_core_common/share/abds_core_common/cmake/abds_core_common__rosidl_generator_cppExport.cmake
[1.130s] -- Up-to-date: /home/nayab/dev_ws/install/abds_core_common/share/abds_core_common/cmake/abds_core_common__rosidl_typesupport_introspection_cppExport.cmake
[1.130s] -- Up-to-date: /home/nayab/dev_ws/install/abds_core_common/share/abds_core_common/cmake/abds_core_common__rosidl_typesupport_introspection_cppExport-noconfig.cmake
[1.130s] -- Up-to-date: /home/nayab/dev_ws/install/abds_core_common/share/abds_core_common/cmake/abds_core_common__rosidl_typesupport_cppExport.cmake
[1.130s] -- Up-to-date: /home/nayab/dev_ws/install/abds_core_common/share/abds_core_common/cmake/abds_core_common__rosidl_typesupport_cppExport-noconfig.cmake
[1.130s] -- Up-to-date: /home/nayab/dev_ws/install/abds_core_common/share/abds_core_common/cmake/rosidl_cmake-extras.cmake
[1.130s] -- Up-to-date: /home/nayab/dev_ws/install/abds_core_common/share/abds_core_common/cmake/ament_cmake_export_dependencies-extras.cmake
[1.130s] -- Up-to-date: /home/nayab/dev_ws/install/abds_core_common/share/abds_core_common/cmake/ament_cmake_export_libraries-extras.cmake
[1.131s] -- Up-to-date: /home/nayab/dev_ws/install/abds_core_common/share/abds_core_common/cmake/ament_cmake_export_targets-extras.cmake
[1.131s] -- Up-to-date: /home/nayab/dev_ws/install/abds_core_common/share/abds_core_common/cmake/ament_cmake_export_include_directories-extras.cmake
[1.131s] -- Up-to-date: /home/nayab/dev_ws/install/abds_core_common/share/abds_core_common/cmake/rosidl_cmake_export_typesupport_libraries-extras.cmake
[1.131s] -- Up-to-date: /home/nayab/dev_ws/install/abds_core_common/share/abds_core_common/cmake/rosidl_cmake_export_typesupport_targets-extras.cmake
[1.131s] -- Up-to-date: /home/nayab/dev_ws/install/abds_core_common/share/abds_core_common/cmake/abds_core_commonConfig.cmake
[1.131s] -- Up-to-date: /home/nayab/dev_ws/install/abds_core_common/share/abds_core_common/cmake/abds_core_commonConfig-version.cmake
[1.131s] -- Up-to-date: /home/nayab/dev_ws/install/abds_core_common/share/abds_core_common/package.xml
[1.260s] Invoked command in '/home/nayab/dev_ws/build/abds_core_common' returned '0': CMAKE_PREFIX_PATH=/home/nayab/dev_ws/install/tutorial_interfaces:/home/nayab/dev_ws/install/turtlesim:/home/nayab/dev_ws/install/rc_interfaces:/home/nayab/dev_ws/install/abds_core_common:/home/nayab/dev_ws/install/py_pubsub:/home/nayab/dev_ws/install/my_package:/home/nayab/dev_ws/install/dbr_pubsub:/opt/ros/foxy:/home/nayab/project_ws/devel:/opt/ros/noetic /usr/bin/cmake --install /home/nayab/dev_ws/build/abds_core_common
