[0.542s] Invoking command in '/home/nayab/dev_ws/build/rc_interfaces': CMAKE_PREFIX_PATH=/home/nayab/dev_ws/install/rc_interfaces:/home/nayab/dev_ws/install/tutorial_interfaces:/home/nayab/dev_ws/install/turtlesim:/home/nayab/dev_ws/install/py_pubsub:/home/nayab/dev_ws/install/my_package:/opt/ros/foxy:/home/nayab/project_ws/devel:/opt/ros/noetic /usr/bin/cmake --build /home/nayab/dev_ws/build/rc_interfaces -- -j4 -l4
[0.610s] [  3%] Built target rc_interfaces__cpp
[0.626s] [ 12%] Built target rc_interfaces__rosidl_generator_c
[0.706s] [ 22%] Built target rc_interfaces__rosidl_typesupport_fastrtps_cpp
[0.722s] [ 32%] Built target rc_interfaces__rosidl_typesupport_introspection_cpp
[0.727s] [ 41%] Built target rc_interfaces__rosidl_typesupport_cpp
[0.739s] [ 51%] Built target rc_interfaces__rosidl_typesupport_introspection_c
[0.770s] [ 61%] Built target rc_interfaces__rosidl_typesupport_fastrtps_c
[0.780s] [ 70%] Built target rc_interfaces__rosidl_typesupport_c
[0.802s] [ 70%] Built target rc_interfaces
[0.829s] [ 74%] Built target rc_interfaces__py
[0.899s] [ 80%] Built target rc_interfaces__python
[0.963s] [ 87%] Built target rc_interfaces__rosidl_typesupport_introspection_c__pyext
[0.972s] [ 93%] Built target rc_interfaces__rosidl_typesupport_c__pyext
[0.977s] [100%] Built target rc_interfaces__rosidl_typesupport_fastrtps_c__pyext
[0.990s] Invoked command in '/home/nayab/dev_ws/build/rc_interfaces' returned '0': CMAKE_PREFIX_PATH=/home/nayab/dev_ws/install/rc_interfaces:/home/nayab/dev_ws/install/tutorial_interfaces:/home/nayab/dev_ws/install/turtlesim:/home/nayab/dev_ws/install/py_pubsub:/home/nayab/dev_ws/install/my_package:/opt/ros/foxy:/home/nayab/project_ws/devel:/opt/ros/noetic /usr/bin/cmake --build /home/nayab/dev_ws/build/rc_interfaces -- -j4 -l4
[1.092s] Invoking command in '/home/nayab/dev_ws/build/rc_interfaces': CMAKE_PREFIX_PATH=/home/nayab/dev_ws/install/rc_interfaces:/home/nayab/dev_ws/install/tutorial_interfaces:/home/nayab/dev_ws/install/turtlesim:/home/nayab/dev_ws/install/py_pubsub:/home/nayab/dev_ws/install/my_package:/opt/ros/foxy:/home/nayab/project_ws/devel:/opt/ros/noetic /usr/bin/cmake --install /home/nayab/dev_ws/build/rc_interfaces
[1.108s] -- Install configuration: ""
[1.108s] -- Up-to-date: /home/nayab/dev_ws/install/rc_interfaces/share/ament_index/resource_index/rosidl_interfaces/rc_interfaces
[1.108s] -- Up-to-date: /home/nayab/dev_ws/install/rc_interfaces/include/rc_interfaces
[1.108s] -- Up-to-date: /home/nayab/dev_ws/install/rc_interfaces/include/rc_interfaces/msg
[1.109s] -- Up-to-date: /home/nayab/dev_ws/install/rc_interfaces/include/rc_interfaces/msg/detail
[1.109s] -- Up-to-date: /home/nayab/dev_ws/install/rc_interfaces/include/rc_interfaces/msg/detail/target_coordinates__type_support.h
[1.109s] -- Up-to-date: /home/nayab/dev_ws/install/rc_interfaces/include/rc_interfaces/msg/detail/target_coordinates__struct.h
[1.109s] -- Up-to-date: /home/nayab/dev_ws/install/rc_interfaces/include/rc_interfaces/msg/detail/target_coordinates__functions.c
[1.109s] -- Up-to-date: /home/nayab/dev_ws/install/rc_interfaces/include/rc_interfaces/msg/detail/target_coordinates__functions.h
[1.109s] -- Up-to-date: /home/nayab/dev_ws/install/rc_interfaces/include/rc_interfaces/msg/target_coordinates.h
[1.109s] -- Up-to-date: /home/nayab/dev_ws/install/rc_interfaces/include/rc_interfaces/msg/rosidl_generator_c__visibility_control.h
[1.109s] -- Up-to-date: /home/nayab/dev_ws/install/rc_interfaces/share/rc_interfaces/environment/library_path.sh
[1.109s] -- Up-to-date: /home/nayab/dev_ws/install/rc_interfaces/share/rc_interfaces/environment/library_path.dsv
[1.110s] -- Up-to-date: /home/nayab/dev_ws/install/rc_interfaces/lib/librc_interfaces__rosidl_generator_c.so
[1.110s] -- Up-to-date: /home/nayab/dev_ws/install/rc_interfaces/include/rc_interfaces
[1.110s] -- Up-to-date: /home/nayab/dev_ws/install/rc_interfaces/include/rc_interfaces/msg
[1.110s] -- Up-to-date: /home/nayab/dev_ws/install/rc_interfaces/include/rc_interfaces/msg/detail
[1.110s] -- Up-to-date: /home/nayab/dev_ws/install/rc_interfaces/include/rc_interfaces/msg/detail/target_coordinates__rosidl_typesupport_fastrtps_c.h
[1.110s] -- Up-to-date: /home/nayab/dev_ws/install/rc_interfaces/include/rc_interfaces/msg/rosidl_typesupport_fastrtps_c__visibility_control.h
[1.110s] -- Up-to-date: /home/nayab/dev_ws/install/rc_interfaces/lib/librc_interfaces__rosidl_typesupport_fastrtps_c.so
[1.110s] -- Up-to-date: /home/nayab/dev_ws/install/rc_interfaces/include/rc_interfaces
[1.110s] -- Up-to-date: /home/nayab/dev_ws/install/rc_interfaces/include/rc_interfaces/msg
[1.110s] -- Up-to-date: /home/nayab/dev_ws/install/rc_interfaces/include/rc_interfaces/msg/detail
[1.110s] -- Up-to-date: /home/nayab/dev_ws/install/rc_interfaces/include/rc_interfaces/msg/detail/dds_fastrtps
[1.110s] -- Up-to-date: /home/nayab/dev_ws/install/rc_interfaces/include/rc_interfaces/msg/detail/target_coordinates__rosidl_typesupport_fastrtps_cpp.hpp
[1.110s] -- Up-to-date: /home/nayab/dev_ws/install/rc_interfaces/include/rc_interfaces/msg/rosidl_typesupport_fastrtps_cpp__visibility_control.h
[1.111s] -- Up-to-date: /home/nayab/dev_ws/install/rc_interfaces/lib/librc_interfaces__rosidl_typesupport_fastrtps_cpp.so
[1.111s] -- Up-to-date: /home/nayab/dev_ws/install/rc_interfaces/include/rc_interfaces
[1.111s] -- Up-to-date: /home/nayab/dev_ws/install/rc_interfaces/include/rc_interfaces/msg
[1.111s] -- Up-to-date: /home/nayab/dev_ws/install/rc_interfaces/include/rc_interfaces/msg/rosidl_typesupport_introspection_c__visibility_control.h
[1.111s] -- Up-to-date: /home/nayab/dev_ws/install/rc_interfaces/include/rc_interfaces/msg/detail
[1.111s] -- Up-to-date: /home/nayab/dev_ws/install/rc_interfaces/include/rc_interfaces/msg/detail/target_coordinates__type_support.c
[1.111s] -- Up-to-date: /home/nayab/dev_ws/install/rc_interfaces/include/rc_interfaces/msg/detail/target_coordinates__rosidl_typesupport_introspection_c.h
[1.111s] -- Up-to-date: /home/nayab/dev_ws/install/rc_interfaces/lib/librc_interfaces__rosidl_typesupport_introspection_c.so
[1.111s] -- Up-to-date: /home/nayab/dev_ws/install/rc_interfaces/lib/librc_interfaces__rosidl_typesupport_c.so
[1.111s] -- Up-to-date: /home/nayab/dev_ws/install/rc_interfaces/include/rc_interfaces
[1.111s] -- Up-to-date: /home/nayab/dev_ws/install/rc_interfaces/include/rc_interfaces/msg
[1.111s] -- Up-to-date: /home/nayab/dev_ws/install/rc_interfaces/include/rc_interfaces/msg/target_coordinates.hpp
[1.111s] -- Up-to-date: /home/nayab/dev_ws/install/rc_interfaces/include/rc_interfaces/msg/detail
[1.111s] -- Up-to-date: /home/nayab/dev_ws/install/rc_interfaces/include/rc_interfaces/msg/detail/target_coordinates__traits.hpp
[1.112s] -- Up-to-date: /home/nayab/dev_ws/install/rc_interfaces/include/rc_interfaces/msg/detail/target_coordinates__builder.hpp
[1.112s] -- Up-to-date: /home/nayab/dev_ws/install/rc_interfaces/include/rc_interfaces/msg/detail/target_coordinates__struct.hpp
[1.112s] -- Up-to-date: /home/nayab/dev_ws/install/rc_interfaces/include/rc_interfaces
[1.112s] -- Up-to-date: /home/nayab/dev_ws/install/rc_interfaces/include/rc_interfaces/msg
[1.112s] -- Up-to-date: /home/nayab/dev_ws/install/rc_interfaces/include/rc_interfaces/msg/detail
[1.112s] -- Up-to-date: /home/nayab/dev_ws/install/rc_interfaces/include/rc_interfaces/msg/detail/target_coordinates__rosidl_typesupport_introspection_cpp.hpp
[1.112s] -- Up-to-date: /home/nayab/dev_ws/install/rc_interfaces/include/rc_interfaces/msg/detail/target_coordinates__type_support.cpp
[1.112s] -- Up-to-date: /home/nayab/dev_ws/install/rc_interfaces/lib/librc_interfaces__rosidl_typesupport_introspection_cpp.so
[1.112s] -- Up-to-date: /home/nayab/dev_ws/install/rc_interfaces/lib/librc_interfaces__rosidl_typesupport_cpp.so
[1.112s] -- Up-to-date: /home/nayab/dev_ws/install/rc_interfaces/share/rc_interfaces/environment/pythonpath.sh
[1.112s] -- Up-to-date: /home/nayab/dev_ws/install/rc_interfaces/share/rc_interfaces/environment/pythonpath.dsv
[1.112s] -- Up-to-date: /home/nayab/dev_ws/install/rc_interfaces/lib/python3.8/site-packages/rc_interfaces/__init__.py
[1.147s] -- Up-to-date: /home/nayab/dev_ws/install/rc_interfaces/lib/python3.8/site-packages/rc_interfaces/msg
[1.148s] -- Up-to-date: /home/nayab/dev_ws/install/rc_interfaces/lib/python3.8/site-packages/rc_interfaces/msg/__init__.py
[1.148s] -- Up-to-date: /home/nayab/dev_ws/install/rc_interfaces/lib/python3.8/site-packages/rc_interfaces/msg/_target_coordinates.py
[1.148s] -- Up-to-date: /home/nayab/dev_ws/install/rc_interfaces/lib/python3.8/site-packages/rc_interfaces/msg/_target_coordinates_s.c
[1.148s] -- Up-to-date: /home/nayab/dev_ws/install/rc_interfaces/lib/python3.8/site-packages/rc_interfaces/rc_interfaces_s__rosidl_typesupport_fastrtps_c.cpython-38-x86_64-linux-gnu.so
[1.149s] -- Up-to-date: /home/nayab/dev_ws/install/rc_interfaces/lib/python3.8/site-packages/rc_interfaces/rc_interfaces_s__rosidl_typesupport_introspection_c.cpython-38-x86_64-linux-gnu.so
[1.149s] -- Up-to-date: /home/nayab/dev_ws/install/rc_interfaces/lib/python3.8/site-packages/rc_interfaces/rc_interfaces_s__rosidl_typesupport_c.cpython-38-x86_64-linux-gnu.so
[1.150s] -- Up-to-date: /home/nayab/dev_ws/install/rc_interfaces/lib/librc_interfaces__python.so
[1.150s] -- Up-to-date: /home/nayab/dev_ws/install/rc_interfaces/share/rc_interfaces/msg/TargetCoordinates.idl
[1.150s] -- Up-to-date: /home/nayab/dev_ws/install/rc_interfaces/share/rc_interfaces/msg/TargetCoordinates.msg
[1.150s] -- Up-to-date: /home/nayab/dev_ws/install/rc_interfaces/share/ament_index/resource_index/package_run_dependencies/rc_interfaces
[1.151s] -- Up-to-date: /home/nayab/dev_ws/install/rc_interfaces/share/ament_index/resource_index/parent_prefix_path/rc_interfaces
[1.151s] -- Up-to-date: /home/nayab/dev_ws/install/rc_interfaces/share/rc_interfaces/environment/ament_prefix_path.sh
[1.151s] -- Up-to-date: /home/nayab/dev_ws/install/rc_interfaces/share/rc_interfaces/environment/ament_prefix_path.dsv
[1.151s] -- Up-to-date: /home/nayab/dev_ws/install/rc_interfaces/share/rc_interfaces/environment/path.sh
[1.151s] -- Up-to-date: /home/nayab/dev_ws/install/rc_interfaces/share/rc_interfaces/environment/path.dsv
[1.151s] -- Up-to-date: /home/nayab/dev_ws/install/rc_interfaces/share/rc_interfaces/local_setup.bash
[1.151s] -- Up-to-date: /home/nayab/dev_ws/install/rc_interfaces/share/rc_interfaces/local_setup.sh
[1.151s] -- Up-to-date: /home/nayab/dev_ws/install/rc_interfaces/share/rc_interfaces/local_setup.zsh
[1.151s] -- Up-to-date: /home/nayab/dev_ws/install/rc_interfaces/share/rc_interfaces/local_setup.dsv
[1.152s] -- Up-to-date: /home/nayab/dev_ws/install/rc_interfaces/share/rc_interfaces/package.dsv
[1.152s] -- Up-to-date: /home/nayab/dev_ws/install/rc_interfaces/share/ament_index/resource_index/packages/rc_interfaces
[1.152s] -- Up-to-date: /home/nayab/dev_ws/install/rc_interfaces/share/rc_interfaces/cmake/rc_interfaces__rosidl_generator_cExport.cmake
[1.152s] -- Up-to-date: /home/nayab/dev_ws/install/rc_interfaces/share/rc_interfaces/cmake/rc_interfaces__rosidl_generator_cExport-noconfig.cmake
[1.152s] -- Up-to-date: /home/nayab/dev_ws/install/rc_interfaces/share/rc_interfaces/cmake/rc_interfaces__rosidl_typesupport_introspection_cExport.cmake
[1.152s] -- Up-to-date: /home/nayab/dev_ws/install/rc_interfaces/share/rc_interfaces/cmake/rc_interfaces__rosidl_typesupport_introspection_cExport-noconfig.cmake
[1.152s] -- Up-to-date: /home/nayab/dev_ws/install/rc_interfaces/share/rc_interfaces/cmake/rc_interfaces__rosidl_typesupport_cExport.cmake
[1.152s] -- Up-to-date: /home/nayab/dev_ws/install/rc_interfaces/share/rc_interfaces/cmake/rc_interfaces__rosidl_typesupport_cExport-noconfig.cmake
[1.152s] -- Up-to-date: /home/nayab/dev_ws/install/rc_interfaces/share/rc_interfaces/cmake/rc_interfaces__rosidl_generator_cppExport.cmake
[1.153s] -- Up-to-date: /home/nayab/dev_ws/install/rc_interfaces/share/rc_interfaces/cmake/rc_interfaces__rosidl_typesupport_introspection_cppExport.cmake
[1.153s] -- Up-to-date: /home/nayab/dev_ws/install/rc_interfaces/share/rc_interfaces/cmake/rc_interfaces__rosidl_typesupport_introspection_cppExport-noconfig.cmake
[1.153s] -- Up-to-date: /home/nayab/dev_ws/install/rc_interfaces/share/rc_interfaces/cmake/rc_interfaces__rosidl_typesupport_cppExport.cmake
[1.153s] -- Up-to-date: /home/nayab/dev_ws/install/rc_interfaces/share/rc_interfaces/cmake/rc_interfaces__rosidl_typesupport_cppExport-noconfig.cmake
[1.153s] -- Up-to-date: /home/nayab/dev_ws/install/rc_interfaces/share/rc_interfaces/cmake/rosidl_cmake-extras.cmake
[1.153s] -- Up-to-date: /home/nayab/dev_ws/install/rc_interfaces/share/rc_interfaces/cmake/ament_cmake_export_dependencies-extras.cmake
[1.153s] -- Up-to-date: /home/nayab/dev_ws/install/rc_interfaces/share/rc_interfaces/cmake/ament_cmake_export_libraries-extras.cmake
[1.153s] -- Up-to-date: /home/nayab/dev_ws/install/rc_interfaces/share/rc_interfaces/cmake/ament_cmake_export_targets-extras.cmake
[1.154s] -- Up-to-date: /home/nayab/dev_ws/install/rc_interfaces/share/rc_interfaces/cmake/ament_cmake_export_include_directories-extras.cmake
[1.154s] -- Up-to-date: /home/nayab/dev_ws/install/rc_interfaces/share/rc_interfaces/cmake/rosidl_cmake_export_typesupport_libraries-extras.cmake
[1.154s] -- Up-to-date: /home/nayab/dev_ws/install/rc_interfaces/share/rc_interfaces/cmake/rosidl_cmake_export_typesupport_targets-extras.cmake
[1.154s] -- Up-to-date: /home/nayab/dev_ws/install/rc_interfaces/share/rc_interfaces/cmake/rc_interfacesConfig.cmake
[1.154s] -- Up-to-date: /home/nayab/dev_ws/install/rc_interfaces/share/rc_interfaces/cmake/rc_interfacesConfig-version.cmake
[1.154s] -- Up-to-date: /home/nayab/dev_ws/install/rc_interfaces/share/rc_interfaces/package.xml
[1.156s] Invoked command in '/home/nayab/dev_ws/build/rc_interfaces' returned '0': CMAKE_PREFIX_PATH=/home/nayab/dev_ws/install/rc_interfaces:/home/nayab/dev_ws/install/tutorial_interfaces:/home/nayab/dev_ws/install/turtlesim:/home/nayab/dev_ws/install/py_pubsub:/home/nayab/dev_ws/install/my_package:/opt/ros/foxy:/home/nayab/project_ws/devel:/opt/ros/noetic /usr/bin/cmake --install /home/nayab/dev_ws/build/rc_interfaces
