[0.322s] Invoking command in '/home/nayab/dev_ws/build/ether_follow_interfaces': CMAKE_PREFIX_PATH=/opt/ros/foxy:${CMAKE_PREFIX_PATH} /usr/bin/cmake --build /home/nayab/dev_ws/build/ether_follow_interfaces -- -j4 -l4
[0.359s] -- Found ament_cmake: 0.9.9 (/opt/ros/foxy/share/ament_cmake/cmake)
[0.396s] -- Found PythonInterp: /usr/bin/python3 (found suitable version "3.8.10", minimum required is "3") 
[0.396s] -- Using PYTHON_EXECUTABLE: /usr/bin/python3
[0.587s] -- Found rosidl_default_generators: 1.0.1 (/opt/ros/foxy/share/rosidl_default_generators/cmake)
[0.588s] -- Using all available rosidl_typesupport_c: rosidl_typesupport_fastrtps_c;rosidl_typesupport_introspection_c
[0.591s] -- Found rosidl_adapter: 1.2.1 (/opt/ros/foxy/share/rosidl_adapter/cmake)
[0.742s] -- Using all available rosidl_typesupport_cpp: rosidl_typesupport_fastrtps_cpp;rosidl_typesupport_introspection_cpp
[0.819s] -- Found PythonInterp: /usr/bin/python3 (found version "3.8.10") 
[0.997s] -- Found ament_cmake_ros: 0.9.2 (/opt/ros/foxy/share/ament_cmake_ros/cmake)
[1.124s] -- Using all available rosidl_typesupport_c: rosidl_typesupport_fastrtps_c;rosidl_typesupport_introspection_c
[1.162s] -- Using all available rosidl_typesupport_cpp: rosidl_typesupport_fastrtps_cpp;rosidl_typesupport_introspection_cpp
[1.205s] -- Found PythonInterp: /usr/bin/python3 (found suitable version "3.8.10", minimum required is "3.5") 
[1.206s] -- Found python_cmake_module: 0.8.1 (/opt/ros/foxy/share/python_cmake_module/cmake)
[1.237s] -- Using PYTHON_EXECUTABLE: /usr/bin/python3
[1.237s] -- Using PYTHON_INCLUDE_DIRS: /usr/include/python3.8
[1.237s] -- Using PYTHON_LIBRARIES: /usr/lib/x86_64-linux-gnu/libpython3.8.so
[1.263s] -- Found ament_lint_auto: 0.9.6 (/opt/ros/foxy/share/ament_lint_auto/cmake)
[1.317s] -- Added test 'copyright' to check source files copyright and LICENSE
[1.321s] -- Added test 'lint_cmake' to check CMake code style
[1.324s] -- Added test 'xmllint' to check XML markup files
[1.333s] -- Configuring done
[1.437s] -- Generating done
[1.443s] -- Build files have been written to: /home/nayab/dev_ws/build/ether_follow_interfaces
[1.493s] [35m[1mScanning dependencies of target ether_follow_interfaces__rosidl_generator_c[0m
[1.511s] [  3%] Built target ether_follow_interfaces__cpp
[1.519s] [  6%] [32mBuilding C object CMakeFiles/ether_follow_interfaces__rosidl_generator_c.dir/rosidl_generator_c/ether_follow_interfaces/msg/detail/ether_message__functions.c.o[0m
[1.526s] [35m[1mScanning dependencies of target ether_follow_interfaces__rosidl_typesupport_introspection_cpp[0m
[1.545s] [35m[1mScanning dependencies of target ether_follow_interfaces__rosidl_typesupport_fastrtps_cpp[0m
[1.558s] [  9%] [32mBuilding CXX object CMakeFiles/ether_follow_interfaces__rosidl_typesupport_introspection_cpp.dir/rosidl_typesupport_introspection_cpp/ether_follow_interfaces/msg/detail/ether_message__type_support.cpp.o[0m
[1.594s] [35m[1mScanning dependencies of target ether_follow_interfaces__rosidl_typesupport_cpp[0m
[1.627s] [ 12%] [32mBuilding CXX object CMakeFiles/ether_follow_interfaces__rosidl_typesupport_fastrtps_cpp.dir/rosidl_typesupport_fastrtps_cpp/ether_follow_interfaces/msg/detail/dds_fastrtps/ether_message__type_support.cpp.o[0m
[1.655s] [ 16%] [32mBuilding CXX object CMakeFiles/ether_follow_interfaces__rosidl_typesupport_cpp.dir/rosidl_typesupport_cpp/ether_follow_interfaces/msg/ether_message__type_support.cpp.o[0m
[2.147s] [ 19%] [32m[1mLinking C shared library libether_follow_interfaces__rosidl_generator_c.so[0m
[2.351s] [ 22%] Built target ether_follow_interfaces__rosidl_generator_c
[2.402s] [35m[1mScanning dependencies of target ether_follow_interfaces__rosidl_typesupport_introspection_c[0m
[2.464s] [ 25%] [32mBuilding C object CMakeFiles/ether_follow_interfaces__rosidl_typesupport_introspection_c.dir/rosidl_typesupport_introspection_c/ether_follow_interfaces/msg/detail/ether_message__type_support.c.o[0m
[2.552s] [ 29%] [32m[1mLinking C shared library libether_follow_interfaces__rosidl_typesupport_introspection_c.so[0m
[2.610s] [ 32%] Built target ether_follow_interfaces__rosidl_typesupport_introspection_c
[2.657s] [35m[1mScanning dependencies of target ether_follow_interfaces__rosidl_typesupport_c[0m
[2.731s] [ 35%] [32mBuilding CXX object CMakeFiles/ether_follow_interfaces__rosidl_typesupport_c.dir/rosidl_typesupport_c/ether_follow_interfaces/msg/ether_message__type_support.cpp.o[0m
[2.879s] [ 38%] [32m[1mLinking CXX shared library libether_follow_interfaces__rosidl_typesupport_introspection_cpp.so[0m
[2.886s] [ 41%] [32m[1mLinking CXX shared library libether_follow_interfaces__rosidl_typesupport_cpp.so[0m
[2.901s] [ 45%] [32m[1mLinking CXX shared library libether_follow_interfaces__rosidl_typesupport_c.so[0m
[2.992s] [ 48%] Built target ether_follow_interfaces__rosidl_typesupport_cpp
[3.002s] [ 51%] Built target ether_follow_interfaces__rosidl_typesupport_introspection_cpp
[3.013s] [ 54%] Built target ether_follow_interfaces__rosidl_typesupport_c
[3.022s] [ 58%] [32m[1mLinking CXX shared library libether_follow_interfaces__rosidl_typesupport_fastrtps_cpp.so[0m
[3.108s] [ 61%] Built target ether_follow_interfaces__rosidl_typesupport_fastrtps_cpp
[3.132s] [35m[1mScanning dependencies of target ether_follow_interfaces__rosidl_typesupport_fastrtps_c[0m
[3.164s] [ 64%] [32mBuilding CXX object CMakeFiles/ether_follow_interfaces__rosidl_typesupport_fastrtps_c.dir/rosidl_typesupport_fastrtps_c/ether_follow_interfaces/msg/detail/ether_message__type_support_c.cpp.o[0m
[3.513s] [ 67%] [32m[1mLinking CXX shared library libether_follow_interfaces__rosidl_typesupport_fastrtps_c.so[0m
[3.608s] [ 70%] Built target ether_follow_interfaces__rosidl_typesupport_fastrtps_c
[3.716s] [ 70%] Built target ether_follow_interfaces
[3.769s] [ 74%] Built target ether_follow_interfaces__py
[3.774s] [35m[1mScanning dependencies of target ether_follow_interfaces__python[0m
[3.784s] [ 77%] [32mBuilding C object CMakeFiles/ether_follow_interfaces__python.dir/rosidl_generator_py/ether_follow_interfaces/msg/_ether_message_s.c.o[0m
[3.973s] [ 80%] [32m[1mLinking C shared library rosidl_generator_py/ether_follow_interfaces/libether_follow_interfaces__python.so[0m
[4.024s] [ 80%] Built target ether_follow_interfaces__python
[4.040s] [35m[1mScanning dependencies of target ether_follow_interfaces__rosidl_typesupport_c__pyext[0m
[4.040s] [35m[1mScanning dependencies of target ether_follow_interfaces__rosidl_typesupport_introspection_c__pyext[0m
[4.057s] [35m[1mScanning dependencies of target ether_follow_interfaces__rosidl_typesupport_fastrtps_c__pyext[0m
[4.069s] [ 83%] [32mBuilding C object CMakeFiles/ether_follow_interfaces__rosidl_typesupport_introspection_c__pyext.dir/rosidl_generator_py/ether_follow_interfaces/_ether_follow_interfaces_s.ep.rosidl_typesupport_introspection_c.c.o[0m
[4.076s] [ 87%] [32mBuilding C object CMakeFiles/ether_follow_interfaces__rosidl_typesupport_c__pyext.dir/rosidl_generator_py/ether_follow_interfaces/_ether_follow_interfaces_s.ep.rosidl_typesupport_c.c.o[0m
[4.087s] [ 90%] [32mBuilding C object CMakeFiles/ether_follow_interfaces__rosidl_typesupport_fastrtps_c__pyext.dir/rosidl_generator_py/ether_follow_interfaces/_ether_follow_interfaces_s.ep.rosidl_typesupport_fastrtps_c.c.o[0m
[4.137s] [ 93%] [32m[1mLinking C shared library rosidl_generator_py/ether_follow_interfaces/ether_follow_interfaces_s__rosidl_typesupport_introspection_c.cpython-38-x86_64-linux-gnu.so[0m
[4.170s] [ 96%] [32m[1mLinking C shared library rosidl_generator_py/ether_follow_interfaces/ether_follow_interfaces_s__rosidl_typesupport_c.cpython-38-x86_64-linux-gnu.so[0m
[4.179s] [ 96%] Built target ether_follow_interfaces__rosidl_typesupport_introspection_c__pyext
[4.238s] [ 96%] Built target ether_follow_interfaces__rosidl_typesupport_c__pyext
[4.244s] [100%] [32m[1mLinking CXX shared library rosidl_generator_py/ether_follow_interfaces/ether_follow_interfaces_s__rosidl_typesupport_fastrtps_c.cpython-38-x86_64-linux-gnu.so[0m
[4.316s] [100%] Built target ether_follow_interfaces__rosidl_typesupport_fastrtps_c__pyext
[4.330s] Invoked command in '/home/nayab/dev_ws/build/ether_follow_interfaces' returned '0': CMAKE_PREFIX_PATH=/opt/ros/foxy:${CMAKE_PREFIX_PATH} /usr/bin/cmake --build /home/nayab/dev_ws/build/ether_follow_interfaces -- -j4 -l4
[4.582s] Invoking command in '/home/nayab/dev_ws/build/ether_follow_interfaces': CMAKE_PREFIX_PATH=/opt/ros/foxy:${CMAKE_PREFIX_PATH} /usr/bin/cmake --install /home/nayab/dev_ws/build/ether_follow_interfaces
[4.615s] -- Install configuration: ""
[4.616s] -- Up-to-date: /home/nayab/dev_ws/install/ether_follow_interfaces/share/ament_index/resource_index/rosidl_interfaces/ether_follow_interfaces
[4.617s] -- Up-to-date: /home/nayab/dev_ws/install/ether_follow_interfaces/include/ether_follow_interfaces
[4.617s] -- Up-to-date: /home/nayab/dev_ws/install/ether_follow_interfaces/include/ether_follow_interfaces/msg
[4.618s] -- Up-to-date: /home/nayab/dev_ws/install/ether_follow_interfaces/include/ether_follow_interfaces/msg/rosidl_generator_c__visibility_control.h
[4.619s] -- Up-to-date: /home/nayab/dev_ws/install/ether_follow_interfaces/include/ether_follow_interfaces/msg/ether_message.h
[4.619s] -- Up-to-date: /home/nayab/dev_ws/install/ether_follow_interfaces/include/ether_follow_interfaces/msg/detail
[4.620s] -- Up-to-date: /home/nayab/dev_ws/install/ether_follow_interfaces/include/ether_follow_interfaces/msg/detail/ether_message__type_support.h
[4.620s] -- Up-to-date: /home/nayab/dev_ws/install/ether_follow_interfaces/include/ether_follow_interfaces/msg/detail/ether_message__functions.c
[4.620s] -- Up-to-date: /home/nayab/dev_ws/install/ether_follow_interfaces/include/ether_follow_interfaces/msg/detail/ether_message__struct.h
[4.621s] -- Up-to-date: /home/nayab/dev_ws/install/ether_follow_interfaces/include/ether_follow_interfaces/msg/detail/ether_message__functions.h
[4.621s] -- Installing: /home/nayab/dev_ws/install/ether_follow_interfaces/share/ether_follow_interfaces/environment/library_path.sh
[4.621s] -- Installing: /home/nayab/dev_ws/install/ether_follow_interfaces/share/ether_follow_interfaces/environment/library_path.dsv
[4.622s] -- Installing: /home/nayab/dev_ws/install/ether_follow_interfaces/lib/libether_follow_interfaces__rosidl_generator_c.so
[4.622s] -- Set runtime path of "/home/nayab/dev_ws/install/ether_follow_interfaces/lib/libether_follow_interfaces__rosidl_generator_c.so" to ""
[4.622s] -- Up-to-date: /home/nayab/dev_ws/install/ether_follow_interfaces/include/ether_follow_interfaces
[4.623s] -- Up-to-date: /home/nayab/dev_ws/install/ether_follow_interfaces/include/ether_follow_interfaces/msg
[4.623s] -- Up-to-date: /home/nayab/dev_ws/install/ether_follow_interfaces/include/ether_follow_interfaces/msg/detail
[4.623s] -- Up-to-date: /home/nayab/dev_ws/install/ether_follow_interfaces/include/ether_follow_interfaces/msg/detail/ether_message__rosidl_typesupport_fastrtps_c.h
[4.623s] -- Up-to-date: /home/nayab/dev_ws/install/ether_follow_interfaces/include/ether_follow_interfaces/msg/rosidl_typesupport_fastrtps_c__visibility_control.h
[4.623s] -- Installing: /home/nayab/dev_ws/install/ether_follow_interfaces/lib/libether_follow_interfaces__rosidl_typesupport_fastrtps_c.so
[4.623s] -- Set runtime path of "/home/nayab/dev_ws/install/ether_follow_interfaces/lib/libether_follow_interfaces__rosidl_typesupport_fastrtps_c.so" to ""
[4.623s] -- Up-to-date: /home/nayab/dev_ws/install/ether_follow_interfaces/include/ether_follow_interfaces
[4.623s] -- Up-to-date: /home/nayab/dev_ws/install/ether_follow_interfaces/include/ether_follow_interfaces/msg
[4.623s] -- Up-to-date: /home/nayab/dev_ws/install/ether_follow_interfaces/include/ether_follow_interfaces/msg/rosidl_typesupport_fastrtps_cpp__visibility_control.h
[4.623s] -- Up-to-date: /home/nayab/dev_ws/install/ether_follow_interfaces/include/ether_follow_interfaces/msg/detail
[4.623s] -- Up-to-date: /home/nayab/dev_ws/install/ether_follow_interfaces/include/ether_follow_interfaces/msg/detail/ether_message__rosidl_typesupport_fastrtps_cpp.hpp
[4.623s] -- Installing: /home/nayab/dev_ws/install/ether_follow_interfaces/include/ether_follow_interfaces/msg/detail/dds_fastrtps
[4.624s] -- Installing: /home/nayab/dev_ws/install/ether_follow_interfaces/lib/libether_follow_interfaces__rosidl_typesupport_fastrtps_cpp.so
[4.624s] -- Set runtime path of "/home/nayab/dev_ws/install/ether_follow_interfaces/lib/libether_follow_interfaces__rosidl_typesupport_fastrtps_cpp.so" to ""
[4.624s] -- Up-to-date: /home/nayab/dev_ws/install/ether_follow_interfaces/include/ether_follow_interfaces
[4.624s] -- Up-to-date: /home/nayab/dev_ws/install/ether_follow_interfaces/include/ether_follow_interfaces/msg
[4.625s] -- Up-to-date: /home/nayab/dev_ws/install/ether_follow_interfaces/include/ether_follow_interfaces/msg/detail
[4.625s] -- Up-to-date: /home/nayab/dev_ws/install/ether_follow_interfaces/include/ether_follow_interfaces/msg/detail/ether_message__rosidl_typesupport_introspection_c.h
[4.625s] -- Up-to-date: /home/nayab/dev_ws/install/ether_follow_interfaces/include/ether_follow_interfaces/msg/detail/ether_message__type_support.c
[4.625s] -- Up-to-date: /home/nayab/dev_ws/install/ether_follow_interfaces/include/ether_follow_interfaces/msg/rosidl_typesupport_introspection_c__visibility_control.h
[4.625s] -- Installing: /home/nayab/dev_ws/install/ether_follow_interfaces/lib/libether_follow_interfaces__rosidl_typesupport_introspection_c.so
[4.625s] -- Set runtime path of "/home/nayab/dev_ws/install/ether_follow_interfaces/lib/libether_follow_interfaces__rosidl_typesupport_introspection_c.so" to ""
[4.625s] -- Installing: /home/nayab/dev_ws/install/ether_follow_interfaces/lib/libether_follow_interfaces__rosidl_typesupport_c.so
[4.625s] -- Set runtime path of "/home/nayab/dev_ws/install/ether_follow_interfaces/lib/libether_follow_interfaces__rosidl_typesupport_c.so" to ""
[4.626s] -- Up-to-date: /home/nayab/dev_ws/install/ether_follow_interfaces/include/ether_follow_interfaces
[4.626s] -- Up-to-date: /home/nayab/dev_ws/install/ether_follow_interfaces/include/ether_follow_interfaces/msg
[4.626s] -- Up-to-date: /home/nayab/dev_ws/install/ether_follow_interfaces/include/ether_follow_interfaces/msg/detail
[4.626s] -- Installing: /home/nayab/dev_ws/install/ether_follow_interfaces/include/ether_follow_interfaces/msg/detail/ether_message__struct.hpp
[4.626s] -- Installing: /home/nayab/dev_ws/install/ether_follow_interfaces/include/ether_follow_interfaces/msg/detail/ether_message__builder.hpp
[4.627s] -- Up-to-date: /home/nayab/dev_ws/install/ether_follow_interfaces/include/ether_follow_interfaces/msg/detail/ether_message__traits.hpp
[4.627s] -- Up-to-date: /home/nayab/dev_ws/install/ether_follow_interfaces/include/ether_follow_interfaces/msg/ether_message.hpp
[4.627s] -- Up-to-date: /home/nayab/dev_ws/install/ether_follow_interfaces/include/ether_follow_interfaces
[4.628s] -- Up-to-date: /home/nayab/dev_ws/install/ether_follow_interfaces/include/ether_follow_interfaces/msg
[4.628s] -- Up-to-date: /home/nayab/dev_ws/install/ether_follow_interfaces/include/ether_follow_interfaces/msg/detail
[4.630s] -- Up-to-date: /home/nayab/dev_ws/install/ether_follow_interfaces/include/ether_follow_interfaces/msg/detail/ether_message__rosidl_typesupport_introspection_cpp.hpp
[4.630s] -- Up-to-date: /home/nayab/dev_ws/install/ether_follow_interfaces/include/ether_follow_interfaces/msg/detail/ether_message__type_support.cpp
[4.630s] -- Installing: /home/nayab/dev_ws/install/ether_follow_interfaces/lib/libether_follow_interfaces__rosidl_typesupport_introspection_cpp.so
[4.631s] -- Set runtime path of "/home/nayab/dev_ws/install/ether_follow_interfaces/lib/libether_follow_interfaces__rosidl_typesupport_introspection_cpp.so" to ""
[4.631s] -- Installing: /home/nayab/dev_ws/install/ether_follow_interfaces/lib/libether_follow_interfaces__rosidl_typesupport_cpp.so
[4.631s] -- Set runtime path of "/home/nayab/dev_ws/install/ether_follow_interfaces/lib/libether_follow_interfaces__rosidl_typesupport_cpp.so" to ""
[4.632s] -- Up-to-date: /home/nayab/dev_ws/install/ether_follow_interfaces/share/ether_follow_interfaces/environment/pythonpath.sh
[4.632s] -- Installing: /home/nayab/dev_ws/install/ether_follow_interfaces/share/ether_follow_interfaces/environment/pythonpath.dsv
[4.632s] -- Installing: /home/nayab/dev_ws/install/ether_follow_interfaces/lib/python3.8/site-packages/ether_follow_interfaces/__init__.py
[4.656s] Compiling '/home/nayab/dev_ws/install/ether_follow_interfaces/lib/python3.8/site-packages/ether_follow_interfaces/__init__.py'...
[4.659s] -- Up-to-date: /home/nayab/dev_ws/install/ether_follow_interfaces/lib/python3.8/site-packages/ether_follow_interfaces/msg
[4.659s] -- Up-to-date: /home/nayab/dev_ws/install/ether_follow_interfaces/lib/python3.8/site-packages/ether_follow_interfaces/msg/__init__.py
[4.659s] -- Up-to-date: /home/nayab/dev_ws/install/ether_follow_interfaces/lib/python3.8/site-packages/ether_follow_interfaces/msg/_ether_message_s.c
[4.660s] -- Up-to-date: /home/nayab/dev_ws/install/ether_follow_interfaces/lib/python3.8/site-packages/ether_follow_interfaces/msg/_ether_message.py
[4.665s] -- Installing: /home/nayab/dev_ws/install/ether_follow_interfaces/lib/python3.8/site-packages/ether_follow_interfaces/ether_follow_interfaces_s__rosidl_typesupport_fastrtps_c.cpython-38-x86_64-linux-gnu.so
[4.666s] -- Set runtime path of "/home/nayab/dev_ws/install/ether_follow_interfaces/lib/python3.8/site-packages/ether_follow_interfaces/ether_follow_interfaces_s__rosidl_typesupport_fastrtps_c.cpython-38-x86_64-linux-gnu.so" to ""
[4.668s] -- Installing: /home/nayab/dev_ws/install/ether_follow_interfaces/lib/python3.8/site-packages/ether_follow_interfaces/ether_follow_interfaces_s__rosidl_typesupport_introspection_c.cpython-38-x86_64-linux-gnu.so
[4.669s] -- Set runtime path of "/home/nayab/dev_ws/install/ether_follow_interfaces/lib/python3.8/site-packages/ether_follow_interfaces/ether_follow_interfaces_s__rosidl_typesupport_introspection_c.cpython-38-x86_64-linux-gnu.so" to ""
[4.670s] -- Installing: /home/nayab/dev_ws/install/ether_follow_interfaces/lib/python3.8/site-packages/ether_follow_interfaces/ether_follow_interfaces_s__rosidl_typesupport_c.cpython-38-x86_64-linux-gnu.so
[4.671s] -- Set runtime path of "/home/nayab/dev_ws/install/ether_follow_interfaces/lib/python3.8/site-packages/ether_follow_interfaces/ether_follow_interfaces_s__rosidl_typesupport_c.cpython-38-x86_64-linux-gnu.so" to ""
[4.672s] -- Installing: /home/nayab/dev_ws/install/ether_follow_interfaces/lib/libether_follow_interfaces__python.so
[4.672s] -- Set runtime path of "/home/nayab/dev_ws/install/ether_follow_interfaces/lib/libether_follow_interfaces__python.so" to ""
[4.673s] -- Up-to-date: /home/nayab/dev_ws/install/ether_follow_interfaces/share/ether_follow_interfaces/msg/EtherMessage.idl
[4.673s] -- Up-to-date: /home/nayab/dev_ws/install/ether_follow_interfaces/share/ether_follow_interfaces/msg/EtherMessage.msg
[4.673s] -- Up-to-date: /home/nayab/dev_ws/install/ether_follow_interfaces/share/ament_index/resource_index/package_run_dependencies/ether_follow_interfaces
[4.674s] -- Up-to-date: /home/nayab/dev_ws/install/ether_follow_interfaces/share/ament_index/resource_index/parent_prefix_path/ether_follow_interfaces
[4.674s] -- Installing: /home/nayab/dev_ws/install/ether_follow_interfaces/share/ether_follow_interfaces/environment/ament_prefix_path.sh
[4.675s] -- Installing: /home/nayab/dev_ws/install/ether_follow_interfaces/share/ether_follow_interfaces/environment/ament_prefix_path.dsv
[4.675s] -- Installing: /home/nayab/dev_ws/install/ether_follow_interfaces/share/ether_follow_interfaces/environment/path.sh
[4.675s] -- Installing: /home/nayab/dev_ws/install/ether_follow_interfaces/share/ether_follow_interfaces/environment/path.dsv
[4.676s] -- Up-to-date: /home/nayab/dev_ws/install/ether_follow_interfaces/share/ether_follow_interfaces/local_setup.bash
[4.676s] -- Up-to-date: /home/nayab/dev_ws/install/ether_follow_interfaces/share/ether_follow_interfaces/local_setup.sh
[4.676s] -- Up-to-date: /home/nayab/dev_ws/install/ether_follow_interfaces/share/ether_follow_interfaces/local_setup.zsh
[4.676s] -- Installing: /home/nayab/dev_ws/install/ether_follow_interfaces/share/ether_follow_interfaces/local_setup.dsv
[4.677s] -- Installing: /home/nayab/dev_ws/install/ether_follow_interfaces/share/ether_follow_interfaces/package.dsv
[4.677s] -- Up-to-date: /home/nayab/dev_ws/install/ether_follow_interfaces/share/ament_index/resource_index/packages/ether_follow_interfaces
[4.677s] -- Up-to-date: /home/nayab/dev_ws/install/ether_follow_interfaces/share/ether_follow_interfaces/cmake/ether_follow_interfaces__rosidl_generator_cExport.cmake
[4.677s] -- Installing: /home/nayab/dev_ws/install/ether_follow_interfaces/share/ether_follow_interfaces/cmake/ether_follow_interfaces__rosidl_generator_cExport-noconfig.cmake
[4.678s] -- Up-to-date: /home/nayab/dev_ws/install/ether_follow_interfaces/share/ether_follow_interfaces/cmake/ether_follow_interfaces__rosidl_typesupport_introspection_cExport.cmake
[4.678s] -- Installing: /home/nayab/dev_ws/install/ether_follow_interfaces/share/ether_follow_interfaces/cmake/ether_follow_interfaces__rosidl_typesupport_introspection_cExport-noconfig.cmake
[4.679s] -- Up-to-date: /home/nayab/dev_ws/install/ether_follow_interfaces/share/ether_follow_interfaces/cmake/ether_follow_interfaces__rosidl_typesupport_cExport.cmake
[4.679s] -- Installing: /home/nayab/dev_ws/install/ether_follow_interfaces/share/ether_follow_interfaces/cmake/ether_follow_interfaces__rosidl_typesupport_cExport-noconfig.cmake
[4.680s] -- Up-to-date: /home/nayab/dev_ws/install/ether_follow_interfaces/share/ether_follow_interfaces/cmake/ether_follow_interfaces__rosidl_generator_cppExport.cmake
[4.681s] -- Up-to-date: /home/nayab/dev_ws/install/ether_follow_interfaces/share/ether_follow_interfaces/cmake/ether_follow_interfaces__rosidl_typesupport_introspection_cppExport.cmake
[4.681s] -- Installing: /home/nayab/dev_ws/install/ether_follow_interfaces/share/ether_follow_interfaces/cmake/ether_follow_interfaces__rosidl_typesupport_introspection_cppExport-noconfig.cmake
[4.682s] -- Up-to-date: /home/nayab/dev_ws/install/ether_follow_interfaces/share/ether_follow_interfaces/cmake/ether_follow_interfaces__rosidl_typesupport_cppExport.cmake
[4.683s] -- Installing: /home/nayab/dev_ws/install/ether_follow_interfaces/share/ether_follow_interfaces/cmake/ether_follow_interfaces__rosidl_typesupport_cppExport-noconfig.cmake
[4.683s] -- Up-to-date: /home/nayab/dev_ws/install/ether_follow_interfaces/share/ether_follow_interfaces/cmake/rosidl_cmake-extras.cmake
[4.684s] -- Up-to-date: /home/nayab/dev_ws/install/ether_follow_interfaces/share/ether_follow_interfaces/cmake/ament_cmake_export_dependencies-extras.cmake
[4.684s] -- Up-to-date: /home/nayab/dev_ws/install/ether_follow_interfaces/share/ether_follow_interfaces/cmake/ament_cmake_export_libraries-extras.cmake
[4.684s] -- Up-to-date: /home/nayab/dev_ws/install/ether_follow_interfaces/share/ether_follow_interfaces/cmake/ament_cmake_export_targets-extras.cmake
[4.684s] -- Up-to-date: /home/nayab/dev_ws/install/ether_follow_interfaces/share/ether_follow_interfaces/cmake/ament_cmake_export_include_directories-extras.cmake
[4.684s] -- Up-to-date: /home/nayab/dev_ws/install/ether_follow_interfaces/share/ether_follow_interfaces/cmake/rosidl_cmake_export_typesupport_libraries-extras.cmake
[4.685s] -- Up-to-date: /home/nayab/dev_ws/install/ether_follow_interfaces/share/ether_follow_interfaces/cmake/rosidl_cmake_export_typesupport_targets-extras.cmake
[4.685s] -- Up-to-date: /home/nayab/dev_ws/install/ether_follow_interfaces/share/ether_follow_interfaces/cmake/ether_follow_interfacesConfig.cmake
[4.686s] -- Up-to-date: /home/nayab/dev_ws/install/ether_follow_interfaces/share/ether_follow_interfaces/cmake/ether_follow_interfacesConfig-version.cmake
[4.686s] -- Up-to-date: /home/nayab/dev_ws/install/ether_follow_interfaces/share/ether_follow_interfaces/package.xml
[4.689s] Invoked command in '/home/nayab/dev_ws/build/ether_follow_interfaces' returned '0': CMAKE_PREFIX_PATH=/opt/ros/foxy:${CMAKE_PREFIX_PATH} /usr/bin/cmake --install /home/nayab/dev_ws/build/ether_follow_interfaces
