[0.079s] Invoking command in '/home/nayab/dev_ws/build/abds_msgs': CMAKE_PREFIX_PATH=/opt/ros/foxy:${CMAKE_PREFIX_PATH} /usr/bin/cmake --build /home/nayab/dev_ws/build/abds_msgs -- -j4 -l4
[0.199s] [  1%] Built target abds_msgs__cpp
[0.214s] [ 12%] Built target abds_msgs__rosidl_generator_c
[0.294s] [ 24%] Built target abds_msgs__rosidl_typesupport_introspection_c
[0.304s] [ 35%] Built target abds_msgs__rosidl_typesupport_fastrtps_cpp
[0.307s] [ 46%] Built target abds_msgs__rosidl_typesupport_introspection_cpp
[0.335s] [ 58%] Built target abds_msgs__rosidl_typesupport_cpp
[0.389s] [ 69%] Built target abds_msgs__rosidl_typesupport_c
[0.396s] [ 81%] Built target abds_msgs__rosidl_typesupport_fastrtps_c
[0.436s] [ 81%] Built target abds_msgs
[0.478s] [ 82%] Built target abds_msgs__py
[0.535s] [ 92%] Built target abds_msgs__python
[0.618s] [ 94%] Built target abds_msgs__rosidl_typesupport_introspection_c__pyext
[0.631s] [ 98%] Built target abds_msgs__rosidl_typesupport_fastrtps_c__pyext
[0.632s] [100%] Built target abds_msgs__rosidl_typesupport_c__pyext
[0.662s] Invoked command in '/home/nayab/dev_ws/build/abds_msgs' returned '0': CMAKE_PREFIX_PATH=/opt/ros/foxy:${CMAKE_PREFIX_PATH} /usr/bin/cmake --build /home/nayab/dev_ws/build/abds_msgs -- -j4 -l4
[0.961s] Invoking command in '/home/nayab/dev_ws/build/abds_msgs': CMAKE_PREFIX_PATH=/opt/ros/foxy:${CMAKE_PREFIX_PATH} /usr/bin/cmake --install /home/nayab/dev_ws/build/abds_msgs
[0.978s] -- Install configuration: ""
[0.979s] -- Up-to-date: /home/nayab/dev_ws/install/abds_msgs/share/ament_index/resource_index/rosidl_interfaces/abds_msgs
[0.990s] -- Up-to-date: /home/nayab/dev_ws/install/abds_msgs/include/abds_msgs
[0.991s] -- Up-to-date: /home/nayab/dev_ws/install/abds_msgs/include/abds_msgs/msg
[0.991s] -- Up-to-date: /home/nayab/dev_ws/install/abds_msgs/include/abds_msgs/msg/bounding_box.h
[0.992s] -- Up-to-date: /home/nayab/dev_ws/install/abds_msgs/include/abds_msgs/msg/rosidl_generator_c__visibility_control.h
[0.992s] -- Up-to-date: /home/nayab/dev_ws/install/abds_msgs/include/abds_msgs/msg/test_state.h
[0.993s] -- Up-to-date: /home/nayab/dev_ws/install/abds_msgs/include/abds_msgs/msg/vehicle_state.h
[0.994s] -- Up-to-date: /home/nayab/dev_ws/install/abds_msgs/include/abds_msgs/msg/detail
[0.995s] -- Up-to-date: /home/nayab/dev_ws/install/abds_msgs/include/abds_msgs/msg/detail/trajectory_point__functions.c
[0.996s] -- Up-to-date: /home/nayab/dev_ws/install/abds_msgs/include/abds_msgs/msg/detail/test_state__type_support.h
[0.997s] -- Up-to-date: /home/nayab/dev_ws/install/abds_msgs/include/abds_msgs/msg/detail/bounding_box__type_support.h
[0.999s] -- Up-to-date: /home/nayab/dev_ws/install/abds_msgs/include/abds_msgs/msg/detail/trajectory__type_support.h
[1.002s] -- Up-to-date: /home/nayab/dev_ws/install/abds_msgs/include/abds_msgs/msg/detail/vehicle_command__functions.c
[1.003s] -- Up-to-date: /home/nayab/dev_ws/install/abds_msgs/include/abds_msgs/msg/detail/bounding_box__functions.c
[1.003s] -- Up-to-date: /home/nayab/dev_ws/install/abds_msgs/include/abds_msgs/msg/detail/trajectory__struct.h
[1.004s] -- Up-to-date: /home/nayab/dev_ws/install/abds_msgs/include/abds_msgs/msg/detail/bounding_boxes__functions.h
[1.009s] -- Up-to-date: /home/nayab/dev_ws/install/abds_msgs/include/abds_msgs/msg/detail/trajectory_point__type_support.h
[1.009s] -- Up-to-date: /home/nayab/dev_ws/install/abds_msgs/include/abds_msgs/msg/detail/trajectory__functions.c
[1.009s] -- Up-to-date: /home/nayab/dev_ws/install/abds_msgs/include/abds_msgs/msg/detail/vehicle_command__type_support.h
[1.010s] -- Up-to-date: /home/nayab/dev_ws/install/abds_msgs/include/abds_msgs/msg/detail/bounding_box__struct.h
[1.010s] -- Up-to-date: /home/nayab/dev_ws/install/abds_msgs/include/abds_msgs/msg/detail/bounding_boxes__type_support.h
[1.010s] -- Up-to-date: /home/nayab/dev_ws/install/abds_msgs/include/abds_msgs/msg/detail/bounding_boxes__struct.h
[1.011s] -- Up-to-date: /home/nayab/dev_ws/install/abds_msgs/include/abds_msgs/msg/detail/vehicle_state__functions.h
[1.011s] -- Up-to-date: /home/nayab/dev_ws/install/abds_msgs/include/abds_msgs/msg/detail/vehicle_state__type_support.h
[1.011s] -- Up-to-date: /home/nayab/dev_ws/install/abds_msgs/include/abds_msgs/msg/detail/test_state__functions.c
[1.012s] -- Up-to-date: /home/nayab/dev_ws/install/abds_msgs/include/abds_msgs/msg/detail/bounding_boxes__functions.c
[1.012s] -- Up-to-date: /home/nayab/dev_ws/install/abds_msgs/include/abds_msgs/msg/detail/test_state__struct.h
[1.013s] -- Up-to-date: /home/nayab/dev_ws/install/abds_msgs/include/abds_msgs/msg/detail/vehicle_state__struct.h
[1.013s] -- Up-to-date: /home/nayab/dev_ws/install/abds_msgs/include/abds_msgs/msg/detail/test_state__functions.h
[1.014s] -- Up-to-date: /home/nayab/dev_ws/install/abds_msgs/include/abds_msgs/msg/detail/bounding_box__functions.h
[1.014s] -- Up-to-date: /home/nayab/dev_ws/install/abds_msgs/include/abds_msgs/msg/detail/vehicle_command__struct.h
[1.014s] -- Up-to-date: /home/nayab/dev_ws/install/abds_msgs/include/abds_msgs/msg/detail/vehicle_state__functions.c
[1.015s] -- Up-to-date: /home/nayab/dev_ws/install/abds_msgs/include/abds_msgs/msg/detail/vehicle_command__functions.h
[1.015s] -- Up-to-date: /home/nayab/dev_ws/install/abds_msgs/include/abds_msgs/msg/detail/trajectory_point__struct.h
[1.016s] -- Up-to-date: /home/nayab/dev_ws/install/abds_msgs/include/abds_msgs/msg/detail/trajectory__functions.h
[1.016s] -- Up-to-date: /home/nayab/dev_ws/install/abds_msgs/include/abds_msgs/msg/detail/trajectory_point__functions.h
[1.017s] -- Up-to-date: /home/nayab/dev_ws/install/abds_msgs/include/abds_msgs/msg/bounding_boxes.h
[1.017s] -- Up-to-date: /home/nayab/dev_ws/install/abds_msgs/include/abds_msgs/msg/trajectory_point.h
[1.017s] -- Up-to-date: /home/nayab/dev_ws/install/abds_msgs/include/abds_msgs/msg/trajectory.h
[1.018s] -- Up-to-date: /home/nayab/dev_ws/install/abds_msgs/include/abds_msgs/msg/vehicle_command.h
[1.019s] -- Up-to-date: /home/nayab/dev_ws/install/abds_msgs/share/abds_msgs/environment/library_path.sh
[1.019s] -- Up-to-date: /home/nayab/dev_ws/install/abds_msgs/share/abds_msgs/environment/library_path.dsv
[1.020s] -- Up-to-date: /home/nayab/dev_ws/install/abds_msgs/lib/libabds_msgs__rosidl_generator_c.so
[1.020s] -- Up-to-date: /home/nayab/dev_ws/install/abds_msgs/include/abds_msgs
[1.020s] -- Up-to-date: /home/nayab/dev_ws/install/abds_msgs/include/abds_msgs/msg
[1.021s] -- Up-to-date: /home/nayab/dev_ws/install/abds_msgs/include/abds_msgs/msg/detail
[1.021s] -- Up-to-date: /home/nayab/dev_ws/install/abds_msgs/include/abds_msgs/msg/detail/bounding_boxes__rosidl_typesupport_fastrtps_c.h
[1.021s] -- Up-to-date: /home/nayab/dev_ws/install/abds_msgs/include/abds_msgs/msg/detail/vehicle_state__rosidl_typesupport_fastrtps_c.h
[1.022s] -- Up-to-date: /home/nayab/dev_ws/install/abds_msgs/include/abds_msgs/msg/detail/bounding_box__rosidl_typesupport_fastrtps_c.h
[1.022s] -- Up-to-date: /home/nayab/dev_ws/install/abds_msgs/include/abds_msgs/msg/detail/trajectory_point__rosidl_typesupport_fastrtps_c.h
[1.022s] -- Up-to-date: /home/nayab/dev_ws/install/abds_msgs/include/abds_msgs/msg/detail/trajectory__rosidl_typesupport_fastrtps_c.h
[1.023s] -- Up-to-date: /home/nayab/dev_ws/install/abds_msgs/include/abds_msgs/msg/detail/vehicle_command__rosidl_typesupport_fastrtps_c.h
[1.024s] -- Up-to-date: /home/nayab/dev_ws/install/abds_msgs/include/abds_msgs/msg/detail/test_state__rosidl_typesupport_fastrtps_c.h
[1.025s] -- Up-to-date: /home/nayab/dev_ws/install/abds_msgs/include/abds_msgs/msg/rosidl_typesupport_fastrtps_c__visibility_control.h
[1.025s] -- Up-to-date: /home/nayab/dev_ws/install/abds_msgs/lib/libabds_msgs__rosidl_typesupport_fastrtps_c.so
[1.025s] -- Up-to-date: /home/nayab/dev_ws/install/abds_msgs/include/abds_msgs
[1.026s] -- Up-to-date: /home/nayab/dev_ws/install/abds_msgs/include/abds_msgs/msg
[1.026s] -- Up-to-date: /home/nayab/dev_ws/install/abds_msgs/include/abds_msgs/msg/rosidl_typesupport_fastrtps_cpp__visibility_control.h
[1.026s] -- Up-to-date: /home/nayab/dev_ws/install/abds_msgs/include/abds_msgs/msg/detail
[1.027s] -- Up-to-date: /home/nayab/dev_ws/install/abds_msgs/include/abds_msgs/msg/detail/bounding_box__rosidl_typesupport_fastrtps_cpp.hpp
[1.027s] -- Up-to-date: /home/nayab/dev_ws/install/abds_msgs/include/abds_msgs/msg/detail/bounding_boxes__rosidl_typesupport_fastrtps_cpp.hpp
[1.028s] -- Up-to-date: /home/nayab/dev_ws/install/abds_msgs/include/abds_msgs/msg/detail/dds_fastrtps
[1.028s] -- Up-to-date: /home/nayab/dev_ws/install/abds_msgs/include/abds_msgs/msg/detail/vehicle_state__rosidl_typesupport_fastrtps_cpp.hpp
[1.029s] -- Up-to-date: /home/nayab/dev_ws/install/abds_msgs/include/abds_msgs/msg/detail/trajectory_point__rosidl_typesupport_fastrtps_cpp.hpp
[1.029s] -- Up-to-date: /home/nayab/dev_ws/install/abds_msgs/include/abds_msgs/msg/detail/trajectory__rosidl_typesupport_fastrtps_cpp.hpp
[1.030s] -- Up-to-date: /home/nayab/dev_ws/install/abds_msgs/include/abds_msgs/msg/detail/vehicle_command__rosidl_typesupport_fastrtps_cpp.hpp
[1.030s] -- Up-to-date: /home/nayab/dev_ws/install/abds_msgs/include/abds_msgs/msg/detail/test_state__rosidl_typesupport_fastrtps_cpp.hpp
[1.031s] -- Up-to-date: /home/nayab/dev_ws/install/abds_msgs/lib/libabds_msgs__rosidl_typesupport_fastrtps_cpp.so
[1.031s] -- Up-to-date: /home/nayab/dev_ws/install/abds_msgs/include/abds_msgs
[1.032s] -- Up-to-date: /home/nayab/dev_ws/install/abds_msgs/include/abds_msgs/msg
[1.032s] -- Up-to-date: /home/nayab/dev_ws/install/abds_msgs/include/abds_msgs/msg/detail
[1.033s] -- Up-to-date: /home/nayab/dev_ws/install/abds_msgs/include/abds_msgs/msg/detail/trajectory_point__type_support.c
[1.033s] -- Up-to-date: /home/nayab/dev_ws/install/abds_msgs/include/abds_msgs/msg/detail/bounding_box__type_support.c
[1.033s] -- Up-to-date: /home/nayab/dev_ws/install/abds_msgs/include/abds_msgs/msg/detail/vehicle_state__type_support.c
[1.034s] -- Up-to-date: /home/nayab/dev_ws/install/abds_msgs/include/abds_msgs/msg/detail/vehicle_command__type_support.c
[1.034s] -- Up-to-date: /home/nayab/dev_ws/install/abds_msgs/include/abds_msgs/msg/detail/bounding_box__rosidl_typesupport_introspection_c.h
[1.034s] -- Up-to-date: /home/nayab/dev_ws/install/abds_msgs/include/abds_msgs/msg/detail/trajectory__rosidl_typesupport_introspection_c.h
[1.035s] -- Up-to-date: /home/nayab/dev_ws/install/abds_msgs/include/abds_msgs/msg/detail/trajectory_point__rosidl_typesupport_introspection_c.h
[1.035s] -- Up-to-date: /home/nayab/dev_ws/install/abds_msgs/include/abds_msgs/msg/detail/bounding_boxes__type_support.c
[1.035s] -- Up-to-date: /home/nayab/dev_ws/install/abds_msgs/include/abds_msgs/msg/detail/test_state__rosidl_typesupport_introspection_c.h
[1.036s] -- Up-to-date: /home/nayab/dev_ws/install/abds_msgs/include/abds_msgs/msg/detail/vehicle_state__rosidl_typesupport_introspection_c.h
[1.042s] -- Up-to-date: /home/nayab/dev_ws/install/abds_msgs/include/abds_msgs/msg/detail/trajectory__type_support.c
[1.042s] -- Up-to-date: /home/nayab/dev_ws/install/abds_msgs/include/abds_msgs/msg/detail/vehicle_command__rosidl_typesupport_introspection_c.h
[1.042s] -- Up-to-date: /home/nayab/dev_ws/install/abds_msgs/include/abds_msgs/msg/detail/bounding_boxes__rosidl_typesupport_introspection_c.h
[1.042s] -- Up-to-date: /home/nayab/dev_ws/install/abds_msgs/include/abds_msgs/msg/detail/test_state__type_support.c
[1.043s] -- Up-to-date: /home/nayab/dev_ws/install/abds_msgs/include/abds_msgs/msg/rosidl_typesupport_introspection_c__visibility_control.h
[1.043s] -- Up-to-date: /home/nayab/dev_ws/install/abds_msgs/lib/libabds_msgs__rosidl_typesupport_introspection_c.so
[1.043s] -- Up-to-date: /home/nayab/dev_ws/install/abds_msgs/lib/libabds_msgs__rosidl_typesupport_c.so
[1.043s] -- Up-to-date: /home/nayab/dev_ws/install/abds_msgs/include/abds_msgs
[1.043s] -- Up-to-date: /home/nayab/dev_ws/install/abds_msgs/include/abds_msgs/msg
[1.044s] -- Up-to-date: /home/nayab/dev_ws/install/abds_msgs/include/abds_msgs/msg/vehicle_command.hpp
[1.044s] -- Up-to-date: /home/nayab/dev_ws/install/abds_msgs/include/abds_msgs/msg/test_state.hpp
[1.044s] -- Up-to-date: /home/nayab/dev_ws/install/abds_msgs/include/abds_msgs/msg/trajectory.hpp
[1.044s] -- Up-to-date: /home/nayab/dev_ws/install/abds_msgs/include/abds_msgs/msg/detail
[1.045s] -- Up-to-date: /home/nayab/dev_ws/install/abds_msgs/include/abds_msgs/msg/detail/vehicle_command__traits.hpp
[1.046s] -- Up-to-date: /home/nayab/dev_ws/install/abds_msgs/include/abds_msgs/msg/detail/trajectory_point__struct.hpp
[1.046s] -- Up-to-date: /home/nayab/dev_ws/install/abds_msgs/include/abds_msgs/msg/detail/bounding_box__traits.hpp
[1.046s] -- Up-to-date: /home/nayab/dev_ws/install/abds_msgs/include/abds_msgs/msg/detail/vehicle_state__builder.hpp
[1.046s] -- Up-to-date: /home/nayab/dev_ws/install/abds_msgs/include/abds_msgs/msg/detail/test_state__struct.hpp
[1.047s] -- Up-to-date: /home/nayab/dev_ws/install/abds_msgs/include/abds_msgs/msg/detail/bounding_boxes__traits.hpp
[1.049s] -- Up-to-date: /home/nayab/dev_ws/install/abds_msgs/include/abds_msgs/msg/detail/trajectory_point__traits.hpp
[1.050s] -- Up-to-date: /home/nayab/dev_ws/install/abds_msgs/include/abds_msgs/msg/detail/vehicle_command__builder.hpp
[1.050s] -- Up-to-date: /home/nayab/dev_ws/install/abds_msgs/include/abds_msgs/msg/detail/vehicle_state__struct.hpp
[1.050s] -- Up-to-date: /home/nayab/dev_ws/install/abds_msgs/include/abds_msgs/msg/detail/trajectory__struct.hpp
[1.050s] -- Up-to-date: /home/nayab/dev_ws/install/abds_msgs/include/abds_msgs/msg/detail/vehicle_command__struct.hpp
[1.050s] -- Up-to-date: /home/nayab/dev_ws/install/abds_msgs/include/abds_msgs/msg/detail/bounding_boxes__builder.hpp
[1.051s] -- Up-to-date: /home/nayab/dev_ws/install/abds_msgs/include/abds_msgs/msg/detail/bounding_boxes__struct.hpp
[1.051s] -- Up-to-date: /home/nayab/dev_ws/install/abds_msgs/include/abds_msgs/msg/detail/test_state__builder.hpp
[1.051s] -- Up-to-date: /home/nayab/dev_ws/install/abds_msgs/include/abds_msgs/msg/detail/trajectory_point__builder.hpp
[1.051s] -- Up-to-date: /home/nayab/dev_ws/install/abds_msgs/include/abds_msgs/msg/detail/bounding_box__builder.hpp
[1.051s] -- Up-to-date: /home/nayab/dev_ws/install/abds_msgs/include/abds_msgs/msg/detail/trajectory__builder.hpp
[1.051s] -- Up-to-date: /home/nayab/dev_ws/install/abds_msgs/include/abds_msgs/msg/detail/test_state__traits.hpp
[1.052s] -- Up-to-date: /home/nayab/dev_ws/install/abds_msgs/include/abds_msgs/msg/detail/trajectory__traits.hpp
[1.052s] -- Up-to-date: /home/nayab/dev_ws/install/abds_msgs/include/abds_msgs/msg/detail/bounding_box__struct.hpp
[1.053s] -- Up-to-date: /home/nayab/dev_ws/install/abds_msgs/include/abds_msgs/msg/detail/vehicle_state__traits.hpp
[1.053s] -- Up-to-date: /home/nayab/dev_ws/install/abds_msgs/include/abds_msgs/msg/vehicle_state.hpp
[1.054s] -- Up-to-date: /home/nayab/dev_ws/install/abds_msgs/include/abds_msgs/msg/bounding_box.hpp
[1.054s] -- Up-to-date: /home/nayab/dev_ws/install/abds_msgs/include/abds_msgs/msg/trajectory_point.hpp
[1.054s] -- Up-to-date: /home/nayab/dev_ws/install/abds_msgs/include/abds_msgs/msg/bounding_boxes.hpp
[1.054s] -- Up-to-date: /home/nayab/dev_ws/install/abds_msgs/include/abds_msgs
[1.059s] -- Up-to-date: /home/nayab/dev_ws/install/abds_msgs/include/abds_msgs/msg
[1.060s] -- Up-to-date: /home/nayab/dev_ws/install/abds_msgs/include/abds_msgs/msg/detail
[1.060s] -- Up-to-date: /home/nayab/dev_ws/install/abds_msgs/include/abds_msgs/msg/detail/trajectory_point__type_support.cpp
[1.060s] -- Up-to-date: /home/nayab/dev_ws/install/abds_msgs/include/abds_msgs/msg/detail/vehicle_command__rosidl_typesupport_introspection_cpp.hpp
[1.061s] -- Up-to-date: /home/nayab/dev_ws/install/abds_msgs/include/abds_msgs/msg/detail/bounding_box__type_support.cpp
[1.061s] -- Up-to-date: /home/nayab/dev_ws/install/abds_msgs/include/abds_msgs/msg/detail/vehicle_command__type_support.cpp
[1.061s] -- Up-to-date: /home/nayab/dev_ws/install/abds_msgs/include/abds_msgs/msg/detail/vehicle_state__type_support.cpp
[1.061s] -- Up-to-date: /home/nayab/dev_ws/install/abds_msgs/include/abds_msgs/msg/detail/test_state__type_support.cpp
[1.062s] -- Up-to-date: /home/nayab/dev_ws/install/abds_msgs/include/abds_msgs/msg/detail/bounding_box__rosidl_typesupport_introspection_cpp.hpp
[1.062s] -- Up-to-date: /home/nayab/dev_ws/install/abds_msgs/include/abds_msgs/msg/detail/bounding_boxes__type_support.cpp
[1.062s] -- Up-to-date: /home/nayab/dev_ws/install/abds_msgs/include/abds_msgs/msg/detail/trajectory__rosidl_typesupport_introspection_cpp.hpp
[1.062s] -- Up-to-date: /home/nayab/dev_ws/install/abds_msgs/include/abds_msgs/msg/detail/test_state__rosidl_typesupport_introspection_cpp.hpp
[1.063s] -- Up-to-date: /home/nayab/dev_ws/install/abds_msgs/include/abds_msgs/msg/detail/vehicle_state__rosidl_typesupport_introspection_cpp.hpp
[1.063s] -- Up-to-date: /home/nayab/dev_ws/install/abds_msgs/include/abds_msgs/msg/detail/trajectory__type_support.cpp
[1.067s] -- Up-to-date: /home/nayab/dev_ws/install/abds_msgs/include/abds_msgs/msg/detail/trajectory_point__rosidl_typesupport_introspection_cpp.hpp
[1.067s] -- Up-to-date: /home/nayab/dev_ws/install/abds_msgs/include/abds_msgs/msg/detail/bounding_boxes__rosidl_typesupport_introspection_cpp.hpp
[1.068s] -- Up-to-date: /home/nayab/dev_ws/install/abds_msgs/lib/libabds_msgs__rosidl_typesupport_introspection_cpp.so
[1.077s] -- Up-to-date: /home/nayab/dev_ws/install/abds_msgs/lib/libabds_msgs__rosidl_typesupport_cpp.so
[1.077s] -- Up-to-date: /home/nayab/dev_ws/install/abds_msgs/share/abds_msgs/environment/pythonpath.sh
[1.078s] -- Up-to-date: /home/nayab/dev_ws/install/abds_msgs/share/abds_msgs/environment/pythonpath.dsv
[1.078s] -- Up-to-date: /home/nayab/dev_ws/install/abds_msgs/lib/python3.8/site-packages/abds_msgs/__init__.py
[1.078s] -- Up-to-date: /home/nayab/dev_ws/install/abds_msgs/lib/python3.8/site-packages/abds_msgs/msg
[1.079s] -- Up-to-date: /home/nayab/dev_ws/install/abds_msgs/lib/python3.8/site-packages/abds_msgs/msg/_bounding_boxes.py
[1.080s] -- Up-to-date: /home/nayab/dev_ws/install/abds_msgs/lib/python3.8/site-packages/abds_msgs/msg/_vehicle_state_s.c
[1.082s] -- Up-to-date: /home/nayab/dev_ws/install/abds_msgs/lib/python3.8/site-packages/abds_msgs/msg/__init__.py
[1.083s] -- Up-to-date: /home/nayab/dev_ws/install/abds_msgs/lib/python3.8/site-packages/abds_msgs/msg/_vehicle_command.py
[1.088s] -- Up-to-date: /home/nayab/dev_ws/install/abds_msgs/lib/python3.8/site-packages/abds_msgs/msg/_trajectory_point.py
[1.089s] -- Up-to-date: /home/nayab/dev_ws/install/abds_msgs/lib/python3.8/site-packages/abds_msgs/msg/_vehicle_state.py
[1.091s] -- Up-to-date: /home/nayab/dev_ws/install/abds_msgs/lib/python3.8/site-packages/abds_msgs/msg/_trajectory.py
[1.092s] -- Up-to-date: /home/nayab/dev_ws/install/abds_msgs/lib/python3.8/site-packages/abds_msgs/msg/_vehicle_command_s.c
[1.093s] -- Up-to-date: /home/nayab/dev_ws/install/abds_msgs/lib/python3.8/site-packages/abds_msgs/msg/_test_state.py
[1.095s] -- Up-to-date: /home/nayab/dev_ws/install/abds_msgs/lib/python3.8/site-packages/abds_msgs/msg/_trajectory_point_s.c
[1.095s] -- Up-to-date: /home/nayab/dev_ws/install/abds_msgs/lib/python3.8/site-packages/abds_msgs/msg/_trajectory_s.c
[1.095s] -- Up-to-date: /home/nayab/dev_ws/install/abds_msgs/lib/python3.8/site-packages/abds_msgs/msg/_test_state_s.c
[1.095s] -- Up-to-date: /home/nayab/dev_ws/install/abds_msgs/lib/python3.8/site-packages/abds_msgs/msg/_bounding_box.py
[1.095s] -- Up-to-date: /home/nayab/dev_ws/install/abds_msgs/lib/python3.8/site-packages/abds_msgs/msg/_bounding_box_s.c
[1.095s] -- Up-to-date: /home/nayab/dev_ws/install/abds_msgs/lib/python3.8/site-packages/abds_msgs/msg/_bounding_boxes_s.c
[1.095s] -- Up-to-date: /home/nayab/dev_ws/install/abds_msgs/lib/python3.8/site-packages/abds_msgs/abds_msgs_s__rosidl_typesupport_fastrtps_c.cpython-38-x86_64-linux-gnu.so
[1.096s] -- Up-to-date: /home/nayab/dev_ws/install/abds_msgs/lib/python3.8/site-packages/abds_msgs/abds_msgs_s__rosidl_typesupport_introspection_c.cpython-38-x86_64-linux-gnu.so
[1.097s] -- Up-to-date: /home/nayab/dev_ws/install/abds_msgs/lib/python3.8/site-packages/abds_msgs/abds_msgs_s__rosidl_typesupport_c.cpython-38-x86_64-linux-gnu.so
[1.099s] -- Up-to-date: /home/nayab/dev_ws/install/abds_msgs/lib/libabds_msgs__python.so
[1.099s] -- Up-to-date: /home/nayab/dev_ws/install/abds_msgs/share/abds_msgs/msg/BoundingBox.idl
[1.102s] -- Up-to-date: /home/nayab/dev_ws/install/abds_msgs/share/abds_msgs/msg/BoundingBoxes.idl
[1.106s] -- Up-to-date: /home/nayab/dev_ws/install/abds_msgs/share/abds_msgs/msg/TrajectoryPoint.idl
[1.107s] -- Up-to-date: /home/nayab/dev_ws/install/abds_msgs/share/abds_msgs/msg/Trajectory.idl
[1.107s] -- Up-to-date: /home/nayab/dev_ws/install/abds_msgs/share/abds_msgs/msg/VehicleCommand.idl
[1.107s] -- Up-to-date: /home/nayab/dev_ws/install/abds_msgs/share/abds_msgs/msg/VehicleState.idl
[1.108s] -- Up-to-date: /home/nayab/dev_ws/install/abds_msgs/share/abds_msgs/msg/TestState.idl
[1.108s] -- Up-to-date: /home/nayab/dev_ws/install/abds_msgs/share/abds_msgs/msg/BoundingBox.msg
[1.109s] -- Up-to-date: /home/nayab/dev_ws/install/abds_msgs/share/abds_msgs/msg/BoundingBoxes.msg
[1.109s] -- Up-to-date: /home/nayab/dev_ws/install/abds_msgs/share/abds_msgs/msg/TrajectoryPoint.msg
[1.109s] -- Up-to-date: /home/nayab/dev_ws/install/abds_msgs/share/abds_msgs/msg/Trajectory.msg
[1.110s] -- Up-to-date: /home/nayab/dev_ws/install/abds_msgs/share/abds_msgs/msg/VehicleCommand.msg
[1.110s] -- Up-to-date: /home/nayab/dev_ws/install/abds_msgs/share/abds_msgs/msg/VehicleState.msg
[1.111s] -- Up-to-date: /home/nayab/dev_ws/install/abds_msgs/share/abds_msgs/msg/TestState.msg
[1.111s] -- Up-to-date: /home/nayab/dev_ws/install/abds_msgs/share/ament_index/resource_index/package_run_dependencies/abds_msgs
[1.112s] -- Up-to-date: /home/nayab/dev_ws/install/abds_msgs/share/ament_index/resource_index/parent_prefix_path/abds_msgs
[1.112s] -- Up-to-date: /home/nayab/dev_ws/install/abds_msgs/share/abds_msgs/environment/ament_prefix_path.sh
[1.113s] -- Up-to-date: /home/nayab/dev_ws/install/abds_msgs/share/abds_msgs/environment/ament_prefix_path.dsv
[1.113s] -- Up-to-date: /home/nayab/dev_ws/install/abds_msgs/share/abds_msgs/environment/path.sh
[1.114s] -- Up-to-date: /home/nayab/dev_ws/install/abds_msgs/share/abds_msgs/environment/path.dsv
[1.114s] -- Up-to-date: /home/nayab/dev_ws/install/abds_msgs/share/abds_msgs/local_setup.bash
[1.114s] -- Up-to-date: /home/nayab/dev_ws/install/abds_msgs/share/abds_msgs/local_setup.sh
[1.115s] -- Up-to-date: /home/nayab/dev_ws/install/abds_msgs/share/abds_msgs/local_setup.zsh
[1.115s] -- Up-to-date: /home/nayab/dev_ws/install/abds_msgs/share/abds_msgs/local_setup.dsv
[1.116s] -- Installing: /home/nayab/dev_ws/install/abds_msgs/share/abds_msgs/package.dsv
[1.116s] -- Up-to-date: /home/nayab/dev_ws/install/abds_msgs/share/ament_index/resource_index/packages/abds_msgs
[1.117s] -- Up-to-date: /home/nayab/dev_ws/install/abds_msgs/share/abds_msgs/cmake/abds_msgs__rosidl_generator_cExport.cmake
[1.117s] -- Up-to-date: /home/nayab/dev_ws/install/abds_msgs/share/abds_msgs/cmake/abds_msgs__rosidl_generator_cExport-noconfig.cmake
[1.118s] -- Up-to-date: /home/nayab/dev_ws/install/abds_msgs/share/abds_msgs/cmake/abds_msgs__rosidl_typesupport_introspection_cExport.cmake
[1.118s] -- Up-to-date: /home/nayab/dev_ws/install/abds_msgs/share/abds_msgs/cmake/abds_msgs__rosidl_typesupport_introspection_cExport-noconfig.cmake
[1.118s] -- Up-to-date: /home/nayab/dev_ws/install/abds_msgs/share/abds_msgs/cmake/abds_msgs__rosidl_typesupport_cExport.cmake
[1.119s] -- Up-to-date: /home/nayab/dev_ws/install/abds_msgs/share/abds_msgs/cmake/abds_msgs__rosidl_typesupport_cExport-noconfig.cmake
[1.119s] -- Up-to-date: /home/nayab/dev_ws/install/abds_msgs/share/abds_msgs/cmake/abds_msgs__rosidl_generator_cppExport.cmake
[1.120s] -- Up-to-date: /home/nayab/dev_ws/install/abds_msgs/share/abds_msgs/cmake/abds_msgs__rosidl_typesupport_introspection_cppExport.cmake
[1.120s] -- Up-to-date: /home/nayab/dev_ws/install/abds_msgs/share/abds_msgs/cmake/abds_msgs__rosidl_typesupport_introspection_cppExport-noconfig.cmake
[1.121s] -- Up-to-date: /home/nayab/dev_ws/install/abds_msgs/share/abds_msgs/cmake/abds_msgs__rosidl_typesupport_cppExport.cmake
[1.122s] -- Up-to-date: /home/nayab/dev_ws/install/abds_msgs/share/abds_msgs/cmake/abds_msgs__rosidl_typesupport_cppExport-noconfig.cmake
[1.122s] -- Up-to-date: /home/nayab/dev_ws/install/abds_msgs/share/abds_msgs/cmake/rosidl_cmake-extras.cmake
[1.122s] -- Up-to-date: /home/nayab/dev_ws/install/abds_msgs/share/abds_msgs/cmake/ament_cmake_export_dependencies-extras.cmake
[1.123s] -- Up-to-date: /home/nayab/dev_ws/install/abds_msgs/share/abds_msgs/cmake/ament_cmake_export_libraries-extras.cmake
[1.123s] -- Up-to-date: /home/nayab/dev_ws/install/abds_msgs/share/abds_msgs/cmake/ament_cmake_export_targets-extras.cmake
[1.124s] -- Up-to-date: /home/nayab/dev_ws/install/abds_msgs/share/abds_msgs/cmake/ament_cmake_export_include_directories-extras.cmake
[1.124s] -- Up-to-date: /home/nayab/dev_ws/install/abds_msgs/share/abds_msgs/cmake/rosidl_cmake_export_typesupport_libraries-extras.cmake
[1.124s] -- Up-to-date: /home/nayab/dev_ws/install/abds_msgs/share/abds_msgs/cmake/rosidl_cmake_export_typesupport_targets-extras.cmake
[1.124s] -- Up-to-date: /home/nayab/dev_ws/install/abds_msgs/share/abds_msgs/cmake/abds_msgsConfig.cmake
[1.125s] -- Up-to-date: /home/nayab/dev_ws/install/abds_msgs/share/abds_msgs/cmake/abds_msgsConfig-version.cmake
[1.125s] -- Up-to-date: /home/nayab/dev_ws/install/abds_msgs/share/abds_msgs/package.xml
[1.134s] Invoked command in '/home/nayab/dev_ws/build/abds_msgs' returned '0': CMAKE_PREFIX_PATH=/opt/ros/foxy:${CMAKE_PREFIX_PATH} /usr/bin/cmake --install /home/nayab/dev_ws/build/abds_msgs
