[0.310s] Invoking command in '/home/nayab/dev_ws/build/ether_follow_interfaces': CMAKE_PREFIX_PATH=/home/nayab/dev_ws/install/tutorial_interfaces:/home/nayab/dev_ws/install/turtlesim:/home/nayab/dev_ws/install/rc_interfaces:/home/nayab/dev_ws/install/ether_follow_interfaces:/home/nayab/dev_ws/install/abds_core_common:/home/nayab/dev_ws/install/rc_data_emulator:/home/nayab/dev_ws/install/py_pubsub:/home/nayab/dev_ws/install/my_package:/home/nayab/dev_ws/install/ether_follow_pubsub:/home/nayab/dev_ws/install/dbr_pubsub:/opt/ros/foxy:/home/nayab/project_ws/devel:/opt/ros/noetic /usr/bin/cmake --build /home/nayab/dev_ws/build/ether_follow_interfaces -- -j4 -l4
[0.366s] [  9%] Built target ether_follow_interfaces__cpp
[0.366s] [ 12%] Built target ether_follow_interfaces__rosidl_generator_c
[0.391s] [ 22%] Built target ether_follow_interfaces__rosidl_typesupport_introspection_cpp
[0.398s] [ 32%] Built target ether_follow_interfaces__rosidl_typesupport_cpp
[0.400s] [ 41%] Built target ether_follow_interfaces__rosidl_typesupport_introspection_c
[0.409s] [ 51%] Built target ether_follow_interfaces__rosidl_typesupport_fastrtps_cpp
[0.420s] [ 61%] Built target ether_follow_interfaces__rosidl_typesupport_c
[0.435s] [ 70%] Built target ether_follow_interfaces__rosidl_typesupport_fastrtps_c
[0.456s] [ 70%] Built target ether_follow_interfaces
[0.477s] [ 74%] Built target ether_follow_interfaces__py
[0.504s] [ 80%] Built target ether_follow_interfaces__python
[0.531s] [ 93%] Built target ether_follow_interfaces__rosidl_typesupport_introspection_c__pyext
[0.531s] [ 93%] Built target ether_follow_interfaces__rosidl_typesupport_c__pyext
[0.532s] [100%] Built target ether_follow_interfaces__rosidl_typesupport_fastrtps_c__pyext
[0.594s] Invoked command in '/home/nayab/dev_ws/build/ether_follow_interfaces' returned '0': CMAKE_PREFIX_PATH=/home/nayab/dev_ws/install/tutorial_interfaces:/home/nayab/dev_ws/install/turtlesim:/home/nayab/dev_ws/install/rc_interfaces:/home/nayab/dev_ws/install/ether_follow_interfaces:/home/nayab/dev_ws/install/abds_core_common:/home/nayab/dev_ws/install/rc_data_emulator:/home/nayab/dev_ws/install/py_pubsub:/home/nayab/dev_ws/install/my_package:/home/nayab/dev_ws/install/ether_follow_pubsub:/home/nayab/dev_ws/install/dbr_pubsub:/opt/ros/foxy:/home/nayab/project_ws/devel:/opt/ros/noetic /usr/bin/cmake --build /home/nayab/dev_ws/build/ether_follow_interfaces -- -j4 -l4
[0.702s] Invoking command in '/home/nayab/dev_ws/build/ether_follow_interfaces': CMAKE_PREFIX_PATH=/home/nayab/dev_ws/install/tutorial_interfaces:/home/nayab/dev_ws/install/turtlesim:/home/nayab/dev_ws/install/rc_interfaces:/home/nayab/dev_ws/install/ether_follow_interfaces:/home/nayab/dev_ws/install/abds_core_common:/home/nayab/dev_ws/install/rc_data_emulator:/home/nayab/dev_ws/install/py_pubsub:/home/nayab/dev_ws/install/my_package:/home/nayab/dev_ws/install/ether_follow_pubsub:/home/nayab/dev_ws/install/dbr_pubsub:/opt/ros/foxy:/home/nayab/project_ws/devel:/opt/ros/noetic /usr/bin/cmake --install /home/nayab/dev_ws/build/ether_follow_interfaces
[0.714s] -- Install configuration: ""
[0.715s] -- Up-to-date: /home/nayab/dev_ws/install/ether_follow_interfaces/share/ament_index/resource_index/rosidl_interfaces/ether_follow_interfaces
[0.715s] -- Up-to-date: /home/nayab/dev_ws/install/ether_follow_interfaces/include/ether_follow_interfaces
[0.715s] -- Up-to-date: /home/nayab/dev_ws/install/ether_follow_interfaces/include/ether_follow_interfaces/msg
[0.715s] -- Up-to-date: /home/nayab/dev_ws/install/ether_follow_interfaces/include/ether_follow_interfaces/msg/detail
[0.715s] -- Up-to-date: /home/nayab/dev_ws/install/ether_follow_interfaces/include/ether_follow_interfaces/msg/detail/ether_message__struct.h
[0.716s] -- Up-to-date: /home/nayab/dev_ws/install/ether_follow_interfaces/include/ether_follow_interfaces/msg/detail/ether_message__type_support.h
[0.716s] -- Up-to-date: /home/nayab/dev_ws/install/ether_follow_interfaces/include/ether_follow_interfaces/msg/detail/ether_message__functions.h
[0.716s] -- Up-to-date: /home/nayab/dev_ws/install/ether_follow_interfaces/include/ether_follow_interfaces/msg/detail/ether_message__functions.c
[0.716s] -- Up-to-date: /home/nayab/dev_ws/install/ether_follow_interfaces/include/ether_follow_interfaces/msg/ether_message.h
[0.716s] -- Up-to-date: /home/nayab/dev_ws/install/ether_follow_interfaces/include/ether_follow_interfaces/msg/rosidl_generator_c__visibility_control.h
[0.717s] -- Up-to-date: /home/nayab/dev_ws/install/ether_follow_interfaces/share/ether_follow_interfaces/environment/library_path.sh
[0.717s] -- Up-to-date: /home/nayab/dev_ws/install/ether_follow_interfaces/share/ether_follow_interfaces/environment/library_path.dsv
[0.717s] -- Up-to-date: /home/nayab/dev_ws/install/ether_follow_interfaces/lib/libether_follow_interfaces__rosidl_generator_c.so
[0.717s] -- Up-to-date: /home/nayab/dev_ws/install/ether_follow_interfaces/include/ether_follow_interfaces
[0.717s] -- Up-to-date: /home/nayab/dev_ws/install/ether_follow_interfaces/include/ether_follow_interfaces/msg
[0.717s] -- Up-to-date: /home/nayab/dev_ws/install/ether_follow_interfaces/include/ether_follow_interfaces/msg/detail
[0.717s] -- Up-to-date: /home/nayab/dev_ws/install/ether_follow_interfaces/include/ether_follow_interfaces/msg/detail/ether_message__rosidl_typesupport_fastrtps_c.h
[0.718s] -- Up-to-date: /home/nayab/dev_ws/install/ether_follow_interfaces/include/ether_follow_interfaces/msg/rosidl_typesupport_fastrtps_c__visibility_control.h
[0.718s] -- Up-to-date: /home/nayab/dev_ws/install/ether_follow_interfaces/lib/libether_follow_interfaces__rosidl_typesupport_fastrtps_c.so
[0.718s] -- Up-to-date: /home/nayab/dev_ws/install/ether_follow_interfaces/include/ether_follow_interfaces
[0.718s] -- Up-to-date: /home/nayab/dev_ws/install/ether_follow_interfaces/include/ether_follow_interfaces/msg
[0.718s] -- Up-to-date: /home/nayab/dev_ws/install/ether_follow_interfaces/include/ether_follow_interfaces/msg/detail
[0.719s] -- Up-to-date: /home/nayab/dev_ws/install/ether_follow_interfaces/include/ether_follow_interfaces/msg/detail/dds_fastrtps
[0.719s] -- Up-to-date: /home/nayab/dev_ws/install/ether_follow_interfaces/include/ether_follow_interfaces/msg/detail/ether_message__rosidl_typesupport_fastrtps_cpp.hpp
[0.719s] -- Up-to-date: /home/nayab/dev_ws/install/ether_follow_interfaces/include/ether_follow_interfaces/msg/rosidl_typesupport_fastrtps_cpp__visibility_control.h
[0.719s] -- Up-to-date: /home/nayab/dev_ws/install/ether_follow_interfaces/lib/libether_follow_interfaces__rosidl_typesupport_fastrtps_cpp.so
[0.719s] -- Up-to-date: /home/nayab/dev_ws/install/ether_follow_interfaces/include/ether_follow_interfaces
[0.719s] -- Up-to-date: /home/nayab/dev_ws/install/ether_follow_interfaces/include/ether_follow_interfaces/msg
[0.720s] -- Up-to-date: /home/nayab/dev_ws/install/ether_follow_interfaces/include/ether_follow_interfaces/msg/rosidl_typesupport_introspection_c__visibility_control.h
[0.720s] -- Up-to-date: /home/nayab/dev_ws/install/ether_follow_interfaces/include/ether_follow_interfaces/msg/detail
[0.720s] -- Up-to-date: /home/nayab/dev_ws/install/ether_follow_interfaces/include/ether_follow_interfaces/msg/detail/ether_message__type_support.c
[0.720s] -- Up-to-date: /home/nayab/dev_ws/install/ether_follow_interfaces/include/ether_follow_interfaces/msg/detail/ether_message__rosidl_typesupport_introspection_c.h
[0.720s] -- Up-to-date: /home/nayab/dev_ws/install/ether_follow_interfaces/lib/libether_follow_interfaces__rosidl_typesupport_introspection_c.so
[0.720s] -- Up-to-date: /home/nayab/dev_ws/install/ether_follow_interfaces/lib/libether_follow_interfaces__rosidl_typesupport_c.so
[0.720s] -- Up-to-date: /home/nayab/dev_ws/install/ether_follow_interfaces/include/ether_follow_interfaces
[0.720s] -- Up-to-date: /home/nayab/dev_ws/install/ether_follow_interfaces/include/ether_follow_interfaces/msg
[0.720s] -- Up-to-date: /home/nayab/dev_ws/install/ether_follow_interfaces/include/ether_follow_interfaces/msg/ether_message.hpp
[0.721s] -- Up-to-date: /home/nayab/dev_ws/install/ether_follow_interfaces/include/ether_follow_interfaces/msg/detail
[0.721s] -- Up-to-date: /home/nayab/dev_ws/install/ether_follow_interfaces/include/ether_follow_interfaces/msg/detail/ether_message__struct.hpp
[0.721s] -- Up-to-date: /home/nayab/dev_ws/install/ether_follow_interfaces/include/ether_follow_interfaces/msg/detail/ether_message__traits.hpp
[0.721s] -- Up-to-date: /home/nayab/dev_ws/install/ether_follow_interfaces/include/ether_follow_interfaces/msg/detail/ether_message__builder.hpp
[0.721s] -- Up-to-date: /home/nayab/dev_ws/install/ether_follow_interfaces/include/ether_follow_interfaces
[0.721s] -- Up-to-date: /home/nayab/dev_ws/install/ether_follow_interfaces/include/ether_follow_interfaces/msg
[0.721s] -- Up-to-date: /home/nayab/dev_ws/install/ether_follow_interfaces/include/ether_follow_interfaces/msg/detail
[0.721s] -- Up-to-date: /home/nayab/dev_ws/install/ether_follow_interfaces/include/ether_follow_interfaces/msg/detail/ether_message__type_support.cpp
[0.722s] -- Up-to-date: /home/nayab/dev_ws/install/ether_follow_interfaces/include/ether_follow_interfaces/msg/detail/ether_message__rosidl_typesupport_introspection_cpp.hpp
[0.722s] -- Up-to-date: /home/nayab/dev_ws/install/ether_follow_interfaces/lib/libether_follow_interfaces__rosidl_typesupport_introspection_cpp.so
[0.722s] -- Up-to-date: /home/nayab/dev_ws/install/ether_follow_interfaces/lib/libether_follow_interfaces__rosidl_typesupport_cpp.so
[0.722s] -- Up-to-date: /home/nayab/dev_ws/install/ether_follow_interfaces/share/ether_follow_interfaces/environment/pythonpath.sh
[0.722s] -- Up-to-date: /home/nayab/dev_ws/install/ether_follow_interfaces/share/ether_follow_interfaces/environment/pythonpath.dsv
[0.722s] -- Up-to-date: /home/nayab/dev_ws/install/ether_follow_interfaces/lib/python3.8/site-packages/ether_follow_interfaces/__init__.py
[0.761s] -- Up-to-date: /home/nayab/dev_ws/install/ether_follow_interfaces/lib/python3.8/site-packages/ether_follow_interfaces/msg
[0.762s] -- Up-to-date: /home/nayab/dev_ws/install/ether_follow_interfaces/lib/python3.8/site-packages/ether_follow_interfaces/msg/__init__.py
[0.762s] -- Up-to-date: /home/nayab/dev_ws/install/ether_follow_interfaces/lib/python3.8/site-packages/ether_follow_interfaces/msg/_ether_message.py
[0.762s] -- Up-to-date: /home/nayab/dev_ws/install/ether_follow_interfaces/lib/python3.8/site-packages/ether_follow_interfaces/msg/_ether_message_s.c
[0.762s] -- Up-to-date: /home/nayab/dev_ws/install/ether_follow_interfaces/lib/python3.8/site-packages/ether_follow_interfaces/ether_follow_interfaces_s__rosidl_typesupport_fastrtps_c.cpython-38-x86_64-linux-gnu.so
[0.763s] -- Up-to-date: /home/nayab/dev_ws/install/ether_follow_interfaces/lib/python3.8/site-packages/ether_follow_interfaces/ether_follow_interfaces_s__rosidl_typesupport_introspection_c.cpython-38-x86_64-linux-gnu.so
[0.763s] -- Up-to-date: /home/nayab/dev_ws/install/ether_follow_interfaces/lib/python3.8/site-packages/ether_follow_interfaces/ether_follow_interfaces_s__rosidl_typesupport_c.cpython-38-x86_64-linux-gnu.so
[0.764s] -- Up-to-date: /home/nayab/dev_ws/install/ether_follow_interfaces/lib/libether_follow_interfaces__python.so
[0.764s] -- Up-to-date: /home/nayab/dev_ws/install/ether_follow_interfaces/share/ether_follow_interfaces/msg/EtherMessage.idl
[0.765s] -- Up-to-date: /home/nayab/dev_ws/install/ether_follow_interfaces/share/ether_follow_interfaces/msg/EtherMessage.msg
[0.765s] -- Up-to-date: /home/nayab/dev_ws/install/ether_follow_interfaces/share/ament_index/resource_index/package_run_dependencies/ether_follow_interfaces
[0.765s] -- Up-to-date: /home/nayab/dev_ws/install/ether_follow_interfaces/share/ament_index/resource_index/parent_prefix_path/ether_follow_interfaces
[0.766s] -- Up-to-date: /home/nayab/dev_ws/install/ether_follow_interfaces/share/ether_follow_interfaces/environment/ament_prefix_path.sh
[0.766s] -- Up-to-date: /home/nayab/dev_ws/install/ether_follow_interfaces/share/ether_follow_interfaces/environment/ament_prefix_path.dsv
[0.766s] -- Up-to-date: /home/nayab/dev_ws/install/ether_follow_interfaces/share/ether_follow_interfaces/environment/path.sh
[0.766s] -- Up-to-date: /home/nayab/dev_ws/install/ether_follow_interfaces/share/ether_follow_interfaces/environment/path.dsv
[0.766s] -- Up-to-date: /home/nayab/dev_ws/install/ether_follow_interfaces/share/ether_follow_interfaces/local_setup.bash
[0.766s] -- Up-to-date: /home/nayab/dev_ws/install/ether_follow_interfaces/share/ether_follow_interfaces/local_setup.sh
[0.767s] -- Up-to-date: /home/nayab/dev_ws/install/ether_follow_interfaces/share/ether_follow_interfaces/local_setup.zsh
[0.767s] -- Up-to-date: /home/nayab/dev_ws/install/ether_follow_interfaces/share/ether_follow_interfaces/local_setup.dsv
[0.767s] -- Installing: /home/nayab/dev_ws/install/ether_follow_interfaces/share/ether_follow_interfaces/package.dsv
[0.767s] -- Up-to-date: /home/nayab/dev_ws/install/ether_follow_interfaces/share/ament_index/resource_index/packages/ether_follow_interfaces
[0.767s] -- Up-to-date: /home/nayab/dev_ws/install/ether_follow_interfaces/share/ether_follow_interfaces/cmake/ether_follow_interfaces__rosidl_generator_cExport.cmake
[0.767s] -- Up-to-date: /home/nayab/dev_ws/install/ether_follow_interfaces/share/ether_follow_interfaces/cmake/ether_follow_interfaces__rosidl_generator_cExport-noconfig.cmake
[0.768s] -- Up-to-date: /home/nayab/dev_ws/install/ether_follow_interfaces/share/ether_follow_interfaces/cmake/ether_follow_interfaces__rosidl_typesupport_introspection_cExport.cmake
[0.768s] -- Up-to-date: /home/nayab/dev_ws/install/ether_follow_interfaces/share/ether_follow_interfaces/cmake/ether_follow_interfaces__rosidl_typesupport_introspection_cExport-noconfig.cmake
[0.768s] -- Up-to-date: /home/nayab/dev_ws/install/ether_follow_interfaces/share/ether_follow_interfaces/cmake/ether_follow_interfaces__rosidl_typesupport_cExport.cmake
[0.768s] -- Up-to-date: /home/nayab/dev_ws/install/ether_follow_interfaces/share/ether_follow_interfaces/cmake/ether_follow_interfaces__rosidl_typesupport_cExport-noconfig.cmake
[0.768s] -- Up-to-date: /home/nayab/dev_ws/install/ether_follow_interfaces/share/ether_follow_interfaces/cmake/ether_follow_interfaces__rosidl_generator_cppExport.cmake
[0.768s] -- Up-to-date: /home/nayab/dev_ws/install/ether_follow_interfaces/share/ether_follow_interfaces/cmake/ether_follow_interfaces__rosidl_typesupport_introspection_cppExport.cmake
[0.768s] -- Up-to-date: /home/nayab/dev_ws/install/ether_follow_interfaces/share/ether_follow_interfaces/cmake/ether_follow_interfaces__rosidl_typesupport_introspection_cppExport-noconfig.cmake
[0.769s] -- Up-to-date: /home/nayab/dev_ws/install/ether_follow_interfaces/share/ether_follow_interfaces/cmake/ether_follow_interfaces__rosidl_typesupport_cppExport.cmake
[0.777s] -- Up-to-date: /home/nayab/dev_ws/install/ether_follow_interfaces/share/ether_follow_interfaces/cmake/ether_follow_interfaces__rosidl_typesupport_cppExport-noconfig.cmake
[0.777s] -- Up-to-date: /home/nayab/dev_ws/install/ether_follow_interfaces/share/ether_follow_interfaces/cmake/rosidl_cmake-extras.cmake
[0.777s] -- Up-to-date: /home/nayab/dev_ws/install/ether_follow_interfaces/share/ether_follow_interfaces/cmake/ament_cmake_export_dependencies-extras.cmake
[0.777s] -- Up-to-date: /home/nayab/dev_ws/install/ether_follow_interfaces/share/ether_follow_interfaces/cmake/ament_cmake_export_libraries-extras.cmake
[0.777s] -- Up-to-date: /home/nayab/dev_ws/install/ether_follow_interfaces/share/ether_follow_interfaces/cmake/ament_cmake_export_targets-extras.cmake
[0.777s] -- Up-to-date: /home/nayab/dev_ws/install/ether_follow_interfaces/share/ether_follow_interfaces/cmake/ament_cmake_export_include_directories-extras.cmake
[0.777s] -- Up-to-date: /home/nayab/dev_ws/install/ether_follow_interfaces/share/ether_follow_interfaces/cmake/rosidl_cmake_export_typesupport_libraries-extras.cmake
[0.777s] -- Up-to-date: /home/nayab/dev_ws/install/ether_follow_interfaces/share/ether_follow_interfaces/cmake/rosidl_cmake_export_typesupport_targets-extras.cmake
[0.777s] -- Up-to-date: /home/nayab/dev_ws/install/ether_follow_interfaces/share/ether_follow_interfaces/cmake/ether_follow_interfacesConfig.cmake
[0.777s] -- Up-to-date: /home/nayab/dev_ws/install/ether_follow_interfaces/share/ether_follow_interfaces/cmake/ether_follow_interfacesConfig-version.cmake
[0.777s] -- Up-to-date: /home/nayab/dev_ws/install/ether_follow_interfaces/share/ether_follow_interfaces/package.xml
[0.778s] Invoked command in '/home/nayab/dev_ws/build/ether_follow_interfaces' returned '0': CMAKE_PREFIX_PATH=/home/nayab/dev_ws/install/tutorial_interfaces:/home/nayab/dev_ws/install/turtlesim:/home/nayab/dev_ws/install/rc_interfaces:/home/nayab/dev_ws/install/ether_follow_interfaces:/home/nayab/dev_ws/install/abds_core_common:/home/nayab/dev_ws/install/rc_data_emulator:/home/nayab/dev_ws/install/py_pubsub:/home/nayab/dev_ws/install/my_package:/home/nayab/dev_ws/install/ether_follow_pubsub:/home/nayab/dev_ws/install/dbr_pubsub:/opt/ros/foxy:/home/nayab/project_ws/devel:/opt/ros/noetic /usr/bin/cmake --install /home/nayab/dev_ws/build/ether_follow_interfaces
