[0.690s] Invoking command in '/home/nayab/dev_ws/src/py_pubsub': PYTHONPATH=/home/nayab/dev_ws/install/py_pubsub/lib/python3.8/site-packages:${PYTHONPATH} /usr/bin/python3 setup.py egg_info --egg-base ../../build/py_pubsub build --build-base /home/nayab/dev_ws/build/py_pubsub/build install --prefix /home/nayab/dev_ws/install/py_pubsub --record /home/nayab/dev_ws/build/py_pubsub/install.log --single-version-externally-managed
[0.924s] running egg_info
[0.925s] writing ../../build/py_pubsub/py_pubsub.egg-info/PKG-INFO
[0.925s] writing dependency_links to ../../build/py_pubsub/py_pubsub.egg-info/dependency_links.txt
[0.925s] writing entry points to ../../build/py_pubsub/py_pubsub.egg-info/entry_points.txt
[0.926s] writing requirements to ../../build/py_pubsub/py_pubsub.egg-info/requires.txt
[0.926s] writing top-level names to ../../build/py_pubsub/py_pubsub.egg-info/top_level.txt
[0.957s] reading manifest file '../../build/py_pubsub/py_pubsub.egg-info/SOURCES.txt'
[0.958s] writing manifest file '../../build/py_pubsub/py_pubsub.egg-info/SOURCES.txt'
[0.958s] running build
[0.959s] running build_py
[0.959s] running install
[0.960s] running install_lib
[0.961s] running install_data
[0.962s] running install_egg_info
[0.963s] removing '/home/nayab/dev_ws/install/py_pubsub/lib/python3.8/site-packages/py_pubsub-0.0.0-py3.8.egg-info' (and everything under it)
[0.964s] Copying ../../build/py_pubsub/py_pubsub.egg-info to /home/nayab/dev_ws/install/py_pubsub/lib/python3.8/site-packages/py_pubsub-0.0.0-py3.8.egg-info
[0.964s] running install_scripts
[0.981s] Installing dbr_pub_old script to /home/nayab/dev_ws/install/py_pubsub/lib/py_pubsub
[0.981s] Installing listener script to /home/nayab/dev_ws/install/py_pubsub/lib/py_pubsub
[0.981s] Installing listener_old script to /home/nayab/dev_ws/install/py_pubsub/lib/py_pubsub
[0.981s] Installing talker script to /home/nayab/dev_ws/install/py_pubsub/lib/py_pubsub
[0.981s] Installing talker_old script to /home/nayab/dev_ws/install/py_pubsub/lib/py_pubsub
[0.982s] writing list of installed files to '/home/nayab/dev_ws/build/py_pubsub/install.log'
[1.006s] Invoked command in '/home/nayab/dev_ws/src/py_pubsub' returned '0': PYTHONPATH=/home/nayab/dev_ws/install/py_pubsub/lib/python3.8/site-packages:${PYTHONPATH} /usr/bin/python3 setup.py egg_info --egg-base ../../build/py_pubsub build --build-base /home/nayab/dev_ws/build/py_pubsub/build install --prefix /home/nayab/dev_ws/install/py_pubsub --record /home/nayab/dev_ws/build/py_pubsub/install.log --single-version-externally-managed
