[0.240s] DEBUG:colcon:Command line arguments: ['/usr/bin/colcon', 'build']
[0.240s] DEBUG:colcon:Parsed command line arguments: Namespace(allow_overriding=[], ament_cmake_args=None, base_paths=['.'], build_base='build', catkin_cmake_args=None, catkin_skip_building_tests=False, cmake_args=None, cmake_clean_cache=False, cmake_clean_first=False, cmake_force_configure=False, cmake_target=None, cmake_target_skip_unavailable=False, continue_on_error=False, event_handlers=None, executor='parallel', ignore_user_meta=False, install_base='install', log_base=None, log_level=None, main=<bound method BuildVerb.main of <colcon_core.verb.build.BuildVerb object at 0x7fc487a5fc10>>, merge_install=False, metas=['./colcon.meta'], packages_above=None, packages_above_and_dependencies=None, packages_above_depth=None, packages_end=None, packages_ignore=None, packages_ignore_regex=None, packages_select=None, packages_select_build_failed=False, packages_select_by_dep=None, packages_select_regex=None, packages_select_test_failures=False, packages_skip=None, packages_skip_build_finished=False, packages_skip_by_dep=None, packages_skip_regex=None, packages_skip_test_passed=False, packages_skip_up_to=None, packages_start=None, packages_up_to=None, packages_up_to_regex=None, parallel_workers=4, paths=None, symlink_install=False, test_result_base=None, verb_extension=<colcon_core.verb.build.BuildVerb object at 0x7fc487a5fc10>, verb_name='build', verb_parser=<colcon_defaults.argument_parser.defaults.DefaultArgumentsDecorator object at 0x7fc487a681c0>)
[0.252s] Level 1:colcon.colcon_core.package_discovery:discover_packages(colcon_meta) check parameters
[0.252s] Level 1:colcon.colcon_core.package_discovery:discover_packages(recursive) check parameters
[0.252s] Level 1:colcon.colcon_core.package_discovery:discover_packages(ignore) check parameters
[0.252s] Level 1:colcon.colcon_core.package_discovery:discover_packages(path) check parameters
[0.252s] Level 1:colcon.colcon_core.package_discovery:discover_packages(colcon_meta) discover
[0.252s] Level 1:colcon.colcon_core.package_discovery:discover_packages(recursive) discover
[0.253s] INFO:colcon.colcon_core.package_discovery:Crawling recursively for packages in '/home/nayab/dev_ws'
[0.253s] Level 1:colcon.colcon_core.package_identification:_identify(.) by extensions ['ignore', 'ignore_ament_install']
[0.253s] Level 1:colcon.colcon_core.package_identification:_identify(.) by extension 'ignore'
[0.253s] Level 1:colcon.colcon_core.package_identification:_identify(.) by extension 'ignore_ament_install'
[0.253s] Level 1:colcon.colcon_core.package_identification:_identify(.) by extensions ['colcon_pkg']
[0.253s] Level 1:colcon.colcon_core.package_identification:_identify(.) by extension 'colcon_pkg'
[0.253s] Level 1:colcon.colcon_core.package_identification:_identify(.) by extensions ['colcon_meta']
[0.253s] Level 1:colcon.colcon_core.package_identification:_identify(.) by extension 'colcon_meta'
[0.253s] Level 1:colcon.colcon_core.package_identification:_identify(.) by extensions ['ros']
[0.254s] Level 1:colcon.colcon_core.package_identification:_identify(.) by extension 'ros'
[0.262s] Level 1:colcon.colcon_core.package_identification:_identify(.) by extensions ['cmake', 'python']
[0.262s] Level 1:colcon.colcon_core.package_identification:_identify(.) by extension 'cmake'
[0.262s] Level 1:colcon.colcon_core.package_identification:_identify(.) by extension 'python'
[0.262s] Level 1:colcon.colcon_core.package_identification:_identify(.) by extensions ['python_setup_py']
[0.262s] Level 1:colcon.colcon_core.package_identification:_identify(.) by extension 'python_setup_py'
[0.262s] Level 1:colcon.colcon_core.package_identification:_identify(bagfiles) by extensions ['ignore', 'ignore_ament_install']
[0.262s] Level 1:colcon.colcon_core.package_identification:_identify(bagfiles) by extension 'ignore'
[0.262s] Level 1:colcon.colcon_core.package_identification:_identify(bagfiles) by extension 'ignore_ament_install'
[0.263s] Level 1:colcon.colcon_core.package_identification:_identify(bagfiles) by extensions ['colcon_pkg']
[0.263s] Level 1:colcon.colcon_core.package_identification:_identify(bagfiles) by extension 'colcon_pkg'
[0.263s] Level 1:colcon.colcon_core.package_identification:_identify(bagfiles) by extensions ['colcon_meta']
[0.263s] Level 1:colcon.colcon_core.package_identification:_identify(bagfiles) by extension 'colcon_meta'
[0.263s] Level 1:colcon.colcon_core.package_identification:_identify(bagfiles) by extensions ['ros']
[0.263s] Level 1:colcon.colcon_core.package_identification:_identify(bagfiles) by extension 'ros'
[0.263s] Level 1:colcon.colcon_core.package_identification:_identify(bagfiles) by extensions ['cmake', 'python']
[0.263s] Level 1:colcon.colcon_core.package_identification:_identify(bagfiles) by extension 'cmake'
[0.263s] Level 1:colcon.colcon_core.package_identification:_identify(bagfiles) by extension 'python'
[0.264s] Level 1:colcon.colcon_core.package_identification:_identify(bagfiles) by extensions ['python_setup_py']
[0.264s] Level 1:colcon.colcon_core.package_identification:_identify(bagfiles) by extension 'python_setup_py'
[0.264s] Level 1:colcon.colcon_core.package_identification:_identify(bagfiles/imu_d1) by extensions ['ignore', 'ignore_ament_install']
[0.264s] Level 1:colcon.colcon_core.package_identification:_identify(bagfiles/imu_d1) by extension 'ignore'
[0.264s] Level 1:colcon.colcon_core.package_identification:_identify(bagfiles/imu_d1) by extension 'ignore_ament_install'
[0.264s] Level 1:colcon.colcon_core.package_identification:_identify(bagfiles/imu_d1) by extensions ['colcon_pkg']
[0.264s] Level 1:colcon.colcon_core.package_identification:_identify(bagfiles/imu_d1) by extension 'colcon_pkg'
[0.264s] Level 1:colcon.colcon_core.package_identification:_identify(bagfiles/imu_d1) by extensions ['colcon_meta']
[0.264s] Level 1:colcon.colcon_core.package_identification:_identify(bagfiles/imu_d1) by extension 'colcon_meta'
[0.264s] Level 1:colcon.colcon_core.package_identification:_identify(bagfiles/imu_d1) by extensions ['ros']
[0.264s] Level 1:colcon.colcon_core.package_identification:_identify(bagfiles/imu_d1) by extension 'ros'
[0.265s] Level 1:colcon.colcon_core.package_identification:_identify(bagfiles/imu_d1) by extensions ['cmake', 'python']
[0.265s] Level 1:colcon.colcon_core.package_identification:_identify(bagfiles/imu_d1) by extension 'cmake'
[0.265s] Level 1:colcon.colcon_core.package_identification:_identify(bagfiles/imu_d1) by extension 'python'
[0.265s] Level 1:colcon.colcon_core.package_identification:_identify(bagfiles/imu_d1) by extensions ['python_setup_py']
[0.265s] Level 1:colcon.colcon_core.package_identification:_identify(bagfiles/imu_d1) by extension 'python_setup_py'
[0.265s] Level 1:colcon.colcon_core.package_identification:_identify(bagfiles/rc_imu_status) by extensions ['ignore', 'ignore_ament_install']
[0.265s] Level 1:colcon.colcon_core.package_identification:_identify(bagfiles/rc_imu_status) by extension 'ignore'
[0.265s] Level 1:colcon.colcon_core.package_identification:_identify(bagfiles/rc_imu_status) by extension 'ignore_ament_install'
[0.265s] Level 1:colcon.colcon_core.package_identification:_identify(bagfiles/rc_imu_status) by extensions ['colcon_pkg']
[0.265s] Level 1:colcon.colcon_core.package_identification:_identify(bagfiles/rc_imu_status) by extension 'colcon_pkg'
[0.265s] Level 1:colcon.colcon_core.package_identification:_identify(bagfiles/rc_imu_status) by extensions ['colcon_meta']
[0.265s] Level 1:colcon.colcon_core.package_identification:_identify(bagfiles/rc_imu_status) by extension 'colcon_meta'
[0.265s] Level 1:colcon.colcon_core.package_identification:_identify(bagfiles/rc_imu_status) by extensions ['ros']
[0.266s] Level 1:colcon.colcon_core.package_identification:_identify(bagfiles/rc_imu_status) by extension 'ros'
[0.266s] Level 1:colcon.colcon_core.package_identification:_identify(bagfiles/rc_imu_status) by extensions ['cmake', 'python']
[0.266s] Level 1:colcon.colcon_core.package_identification:_identify(bagfiles/rc_imu_status) by extension 'cmake'
[0.266s] Level 1:colcon.colcon_core.package_identification:_identify(bagfiles/rc_imu_status) by extension 'python'
[0.266s] Level 1:colcon.colcon_core.package_identification:_identify(bagfiles/rc_imu_status) by extensions ['python_setup_py']
[0.266s] Level 1:colcon.colcon_core.package_identification:_identify(bagfiles/rc_imu_status) by extension 'python_setup_py'
[0.266s] Level 1:colcon.colcon_core.package_identification:_identify(bagfiles/rc_status_2) by extensions ['ignore', 'ignore_ament_install']
[0.266s] Level 1:colcon.colcon_core.package_identification:_identify(bagfiles/rc_status_2) by extension 'ignore'
[0.266s] Level 1:colcon.colcon_core.package_identification:_identify(bagfiles/rc_status_2) by extension 'ignore_ament_install'
[0.266s] Level 1:colcon.colcon_core.package_identification:_identify(bagfiles/rc_status_2) by extensions ['colcon_pkg']
[0.266s] Level 1:colcon.colcon_core.package_identification:_identify(bagfiles/rc_status_2) by extension 'colcon_pkg'
[0.267s] Level 1:colcon.colcon_core.package_identification:_identify(bagfiles/rc_status_2) by extensions ['colcon_meta']
[0.267s] Level 1:colcon.colcon_core.package_identification:_identify(bagfiles/rc_status_2) by extension 'colcon_meta'
[0.267s] Level 1:colcon.colcon_core.package_identification:_identify(bagfiles/rc_status_2) by extensions ['ros']
[0.267s] Level 1:colcon.colcon_core.package_identification:_identify(bagfiles/rc_status_2) by extension 'ros'
[0.267s] Level 1:colcon.colcon_core.package_identification:_identify(bagfiles/rc_status_2) by extensions ['cmake', 'python']
[0.267s] Level 1:colcon.colcon_core.package_identification:_identify(bagfiles/rc_status_2) by extension 'cmake'
[0.267s] Level 1:colcon.colcon_core.package_identification:_identify(bagfiles/rc_status_2) by extension 'python'
[0.267s] Level 1:colcon.colcon_core.package_identification:_identify(bagfiles/rc_status_2) by extensions ['python_setup_py']
[0.267s] Level 1:colcon.colcon_core.package_identification:_identify(bagfiles/rc_status_2) by extension 'python_setup_py'
[0.267s] Level 1:colcon.colcon_core.package_identification:_identify(build) by extensions ['ignore', 'ignore_ament_install']
[0.267s] Level 1:colcon.colcon_core.package_identification:_identify(build) by extension 'ignore'
[0.267s] Level 1:colcon.colcon_core.package_identification:_identify(build) ignored
[0.267s] Level 1:colcon.colcon_core.package_identification:_identify(install) by extensions ['ignore', 'ignore_ament_install']
[0.268s] Level 1:colcon.colcon_core.package_identification:_identify(install) by extension 'ignore'
[0.268s] Level 1:colcon.colcon_core.package_identification:_identify(install) ignored
[0.268s] Level 1:colcon.colcon_core.package_identification:_identify(log) by extensions ['ignore', 'ignore_ament_install']
[0.268s] Level 1:colcon.colcon_core.package_identification:_identify(log) by extension 'ignore'
[0.268s] Level 1:colcon.colcon_core.package_identification:_identify(log) ignored
[0.268s] Level 1:colcon.colcon_core.package_identification:_identify(src) by extensions ['ignore', 'ignore_ament_install']
[0.268s] Level 1:colcon.colcon_core.package_identification:_identify(src) by extension 'ignore'
[0.269s] Level 1:colcon.colcon_core.package_identification:_identify(src) by extension 'ignore_ament_install'
[0.269s] Level 1:colcon.colcon_core.package_identification:_identify(src) by extensions ['colcon_pkg']
[0.269s] Level 1:colcon.colcon_core.package_identification:_identify(src) by extension 'colcon_pkg'
[0.269s] Level 1:colcon.colcon_core.package_identification:_identify(src) by extensions ['colcon_meta']
[0.269s] Level 1:colcon.colcon_core.package_identification:_identify(src) by extension 'colcon_meta'
[0.269s] Level 1:colcon.colcon_core.package_identification:_identify(src) by extensions ['ros']
[0.269s] Level 1:colcon.colcon_core.package_identification:_identify(src) by extension 'ros'
[0.269s] Level 1:colcon.colcon_core.package_identification:_identify(src) by extensions ['cmake', 'python']
[0.269s] Level 1:colcon.colcon_core.package_identification:_identify(src) by extension 'cmake'
[0.269s] Level 1:colcon.colcon_core.package_identification:_identify(src) by extension 'python'
[0.269s] Level 1:colcon.colcon_core.package_identification:_identify(src) by extensions ['python_setup_py']
[0.269s] Level 1:colcon.colcon_core.package_identification:_identify(src) by extension 'python_setup_py'
[0.269s] Level 1:colcon.colcon_core.package_identification:_identify(src/abds_core_common) by extensions ['ignore', 'ignore_ament_install']
[0.270s] Level 1:colcon.colcon_core.package_identification:_identify(src/abds_core_common) by extension 'ignore'
[0.270s] Level 1:colcon.colcon_core.package_identification:_identify(src/abds_core_common) by extension 'ignore_ament_install'
[0.270s] Level 1:colcon.colcon_core.package_identification:_identify(src/abds_core_common) by extensions ['colcon_pkg']
[0.270s] Level 1:colcon.colcon_core.package_identification:_identify(src/abds_core_common) by extension 'colcon_pkg'
[0.270s] Level 1:colcon.colcon_core.package_identification:_identify(src/abds_core_common) by extensions ['colcon_meta']
[0.270s] Level 1:colcon.colcon_core.package_identification:_identify(src/abds_core_common) by extension 'colcon_meta'
[0.270s] Level 1:colcon.colcon_core.package_identification:_identify(src/abds_core_common) by extensions ['ros']
[0.270s] Level 1:colcon.colcon_core.package_identification:_identify(src/abds_core_common) by extension 'ros'
[0.273s] DEBUG:colcon.colcon_core.package_identification:Package 'src/abds_core_common' with type 'ros.ament_cmake' and name 'abds_core_common'
[0.273s] Level 1:colcon.colcon_core.package_identification:_identify(src/dbr_pubsub) by extensions ['ignore', 'ignore_ament_install']
[0.273s] Level 1:colcon.colcon_core.package_identification:_identify(src/dbr_pubsub) by extension 'ignore'
[0.273s] Level 1:colcon.colcon_core.package_identification:_identify(src/dbr_pubsub) by extension 'ignore_ament_install'
[0.273s] Level 1:colcon.colcon_core.package_identification:_identify(src/dbr_pubsub) by extensions ['colcon_pkg']
[0.273s] Level 1:colcon.colcon_core.package_identification:_identify(src/dbr_pubsub) by extension 'colcon_pkg'
[0.273s] Level 1:colcon.colcon_core.package_identification:_identify(src/dbr_pubsub) by extensions ['colcon_meta']
[0.274s] Level 1:colcon.colcon_core.package_identification:_identify(src/dbr_pubsub) by extension 'colcon_meta'
[0.274s] Level 1:colcon.colcon_core.package_identification:_identify(src/dbr_pubsub) by extensions ['ros']
[0.274s] Level 1:colcon.colcon_core.package_identification:_identify(src/dbr_pubsub) by extension 'ros'
[0.274s] DEBUG:colcon.colcon_core.package_identification:Package 'src/dbr_pubsub' with type 'ros.ament_python' and name 'dbr_pubsub'
[0.275s] Level 1:colcon.colcon_core.package_identification:_identify(src/my_package) by extensions ['ignore', 'ignore_ament_install']
[0.275s] Level 1:colcon.colcon_core.package_identification:_identify(src/my_package) by extension 'ignore'
[0.275s] Level 1:colcon.colcon_core.package_identification:_identify(src/my_package) by extension 'ignore_ament_install'
[0.275s] Level 1:colcon.colcon_core.package_identification:_identify(src/my_package) by extensions ['colcon_pkg']
[0.275s] Level 1:colcon.colcon_core.package_identification:_identify(src/my_package) by extension 'colcon_pkg'
[0.275s] Level 1:colcon.colcon_core.package_identification:_identify(src/my_package) by extensions ['colcon_meta']
[0.275s] Level 1:colcon.colcon_core.package_identification:_identify(src/my_package) by extension 'colcon_meta'
[0.275s] Level 1:colcon.colcon_core.package_identification:_identify(src/my_package) by extensions ['ros']
[0.275s] Level 1:colcon.colcon_core.package_identification:_identify(src/my_package) by extension 'ros'
[0.276s] DEBUG:colcon.colcon_core.package_identification:Package 'src/my_package' with type 'ros.ament_python' and name 'my_package'
[0.276s] Level 1:colcon.colcon_core.package_identification:_identify(src/py_pubsub) by extensions ['ignore', 'ignore_ament_install']
[0.276s] Level 1:colcon.colcon_core.package_identification:_identify(src/py_pubsub) by extension 'ignore'
[0.277s] Level 1:colcon.colcon_core.package_identification:_identify(src/py_pubsub) by extension 'ignore_ament_install'
[0.277s] Level 1:colcon.colcon_core.package_identification:_identify(src/py_pubsub) by extensions ['colcon_pkg']
[0.277s] Level 1:colcon.colcon_core.package_identification:_identify(src/py_pubsub) by extension 'colcon_pkg'
[0.277s] Level 1:colcon.colcon_core.package_identification:_identify(src/py_pubsub) by extensions ['colcon_meta']
[0.277s] Level 1:colcon.colcon_core.package_identification:_identify(src/py_pubsub) by extension 'colcon_meta'
[0.277s] Level 1:colcon.colcon_core.package_identification:_identify(src/py_pubsub) by extensions ['ros']
[0.277s] Level 1:colcon.colcon_core.package_identification:_identify(src/py_pubsub) by extension 'ros'
[0.278s] DEBUG:colcon.colcon_core.package_identification:Package 'src/py_pubsub' with type 'ros.ament_python' and name 'py_pubsub'
[0.278s] Level 1:colcon.colcon_core.package_identification:_identify(src/rc_data_emulator) by extensions ['ignore', 'ignore_ament_install']
[0.278s] Level 1:colcon.colcon_core.package_identification:_identify(src/rc_data_emulator) by extension 'ignore'
[0.278s] Level 1:colcon.colcon_core.package_identification:_identify(src/rc_data_emulator) by extension 'ignore_ament_install'
[0.278s] Level 1:colcon.colcon_core.package_identification:_identify(src/rc_data_emulator) by extensions ['colcon_pkg']
[0.278s] Level 1:colcon.colcon_core.package_identification:_identify(src/rc_data_emulator) by extension 'colcon_pkg'
[0.278s] Level 1:colcon.colcon_core.package_identification:_identify(src/rc_data_emulator) by extensions ['colcon_meta']
[0.278s] Level 1:colcon.colcon_core.package_identification:_identify(src/rc_data_emulator) by extension 'colcon_meta'
[0.279s] Level 1:colcon.colcon_core.package_identification:_identify(src/rc_data_emulator) by extensions ['ros']
[0.279s] Level 1:colcon.colcon_core.package_identification:_identify(src/rc_data_emulator) by extension 'ros'
[0.279s] DEBUG:colcon.colcon_core.package_identification:Package 'src/rc_data_emulator' with type 'ros.ament_python' and name 'rc_data_emulator'
[0.280s] Level 1:colcon.colcon_core.package_identification:_identify(src/rc_interfaces) by extensions ['ignore', 'ignore_ament_install']
[0.280s] Level 1:colcon.colcon_core.package_identification:_identify(src/rc_interfaces) by extension 'ignore'
[0.280s] Level 1:colcon.colcon_core.package_identification:_identify(src/rc_interfaces) by extension 'ignore_ament_install'
[0.280s] Level 1:colcon.colcon_core.package_identification:_identify(src/rc_interfaces) by extensions ['colcon_pkg']
[0.280s] Level 1:colcon.colcon_core.package_identification:_identify(src/rc_interfaces) by extension 'colcon_pkg'
[0.280s] Level 1:colcon.colcon_core.package_identification:_identify(src/rc_interfaces) by extensions ['colcon_meta']
[0.280s] Level 1:colcon.colcon_core.package_identification:_identify(src/rc_interfaces) by extension 'colcon_meta'
[0.280s] Level 1:colcon.colcon_core.package_identification:_identify(src/rc_interfaces) by extensions ['ros']
[0.280s] Level 1:colcon.colcon_core.package_identification:_identify(src/rc_interfaces) by extension 'ros'
[0.281s] DEBUG:colcon.colcon_core.package_identification:Package 'src/rc_interfaces' with type 'ros.ament_cmake' and name 'rc_interfaces'
[0.281s] Level 1:colcon.colcon_core.package_identification:_identify(src/tutorial_interfaces) by extensions ['ignore', 'ignore_ament_install']
[0.281s] Level 1:colcon.colcon_core.package_identification:_identify(src/tutorial_interfaces) by extension 'ignore'
[0.281s] Level 1:colcon.colcon_core.package_identification:_identify(src/tutorial_interfaces) by extension 'ignore_ament_install'
[0.281s] Level 1:colcon.colcon_core.package_identification:_identify(src/tutorial_interfaces) by extensions ['colcon_pkg']
[0.281s] Level 1:colcon.colcon_core.package_identification:_identify(src/tutorial_interfaces) by extension 'colcon_pkg'
[0.281s] Level 1:colcon.colcon_core.package_identification:_identify(src/tutorial_interfaces) by extensions ['colcon_meta']
[0.281s] Level 1:colcon.colcon_core.package_identification:_identify(src/tutorial_interfaces) by extension 'colcon_meta'
[0.281s] Level 1:colcon.colcon_core.package_identification:_identify(src/tutorial_interfaces) by extensions ['ros']
[0.282s] Level 1:colcon.colcon_core.package_identification:_identify(src/tutorial_interfaces) by extension 'ros'
[0.282s] DEBUG:colcon.colcon_core.package_identification:Package 'src/tutorial_interfaces' with type 'ros.ament_cmake' and name 'tutorial_interfaces'
[0.282s] Level 1:colcon.colcon_core.package_discovery:discover_packages(recursive) using defaults
[0.282s] Level 1:colcon.colcon_core.package_discovery:discover_packages(ignore) discover
[0.282s] Level 1:colcon.colcon_core.package_discovery:discover_packages(ignore) using defaults
[0.283s] Level 1:colcon.colcon_core.package_discovery:discover_packages(path) discover
[0.283s] Level 1:colcon.colcon_core.package_discovery:discover_packages(path) using defaults
[0.307s] Level 5:colcon.colcon_core.verb:set package 'abds_core_common' build argument 'cmake_args' from command line to 'None'
[0.307s] Level 5:colcon.colcon_core.verb:set package 'abds_core_common' build argument 'cmake_target' from command line to 'None'
[0.307s] Level 5:colcon.colcon_core.verb:set package 'abds_core_common' build argument 'cmake_target_skip_unavailable' from command line to 'False'
[0.307s] Level 5:colcon.colcon_core.verb:set package 'abds_core_common' build argument 'cmake_clean_cache' from command line to 'False'
[0.307s] Level 5:colcon.colcon_core.verb:set package 'abds_core_common' build argument 'cmake_clean_first' from command line to 'False'
[0.307s] Level 5:colcon.colcon_core.verb:set package 'abds_core_common' build argument 'cmake_force_configure' from command line to 'False'
[0.308s] Level 5:colcon.colcon_core.verb:set package 'abds_core_common' build argument 'ament_cmake_args' from command line to 'None'
[0.308s] Level 5:colcon.colcon_core.verb:set package 'abds_core_common' build argument 'catkin_cmake_args' from command line to 'None'
[0.308s] Level 5:colcon.colcon_core.verb:set package 'abds_core_common' build argument 'catkin_skip_building_tests' from command line to 'False'
[0.308s] DEBUG:colcon.colcon_core.verb:Building package 'abds_core_common' with the following arguments: {'ament_cmake_args': None, 'build_base': '/home/nayab/dev_ws/build/abds_core_common', 'catkin_cmake_args': None, 'catkin_skip_building_tests': False, 'cmake_args': None, 'cmake_clean_cache': False, 'cmake_clean_first': False, 'cmake_force_configure': False, 'cmake_target': None, 'cmake_target_skip_unavailable': False, 'install_base': '/home/nayab/dev_ws/install/abds_core_common', 'merge_install': False, 'path': '/home/nayab/dev_ws/src/abds_core_common', 'symlink_install': False, 'test_result_base': None}
[0.308s] Level 5:colcon.colcon_core.verb:set package 'dbr_pubsub' build argument 'cmake_args' from command line to 'None'
[0.308s] Level 5:colcon.colcon_core.verb:set package 'dbr_pubsub' build argument 'cmake_target' from command line to 'None'
[0.308s] Level 5:colcon.colcon_core.verb:set package 'dbr_pubsub' build argument 'cmake_target_skip_unavailable' from command line to 'False'
[0.308s] Level 5:colcon.colcon_core.verb:set package 'dbr_pubsub' build argument 'cmake_clean_cache' from command line to 'False'
[0.308s] Level 5:colcon.colcon_core.verb:set package 'dbr_pubsub' build argument 'cmake_clean_first' from command line to 'False'
[0.308s] Level 5:colcon.colcon_core.verb:set package 'dbr_pubsub' build argument 'cmake_force_configure' from command line to 'False'
[0.309s] Level 5:colcon.colcon_core.verb:set package 'dbr_pubsub' build argument 'ament_cmake_args' from command line to 'None'
[0.309s] Level 5:colcon.colcon_core.verb:set package 'dbr_pubsub' build argument 'catkin_cmake_args' from command line to 'None'
[0.309s] Level 5:colcon.colcon_core.verb:set package 'dbr_pubsub' build argument 'catkin_skip_building_tests' from command line to 'False'
[0.309s] DEBUG:colcon.colcon_core.verb:Building package 'dbr_pubsub' with the following arguments: {'ament_cmake_args': None, 'build_base': '/home/nayab/dev_ws/build/dbr_pubsub', 'catkin_cmake_args': None, 'catkin_skip_building_tests': False, 'cmake_args': None, 'cmake_clean_cache': False, 'cmake_clean_first': False, 'cmake_force_configure': False, 'cmake_target': None, 'cmake_target_skip_unavailable': False, 'install_base': '/home/nayab/dev_ws/install/dbr_pubsub', 'merge_install': False, 'path': '/home/nayab/dev_ws/src/dbr_pubsub', 'symlink_install': False, 'test_result_base': None}
[0.309s] Level 5:colcon.colcon_core.verb:set package 'my_package' build argument 'cmake_args' from command line to 'None'
[0.309s] Level 5:colcon.colcon_core.verb:set package 'my_package' build argument 'cmake_target' from command line to 'None'
[0.309s] Level 5:colcon.colcon_core.verb:set package 'my_package' build argument 'cmake_target_skip_unavailable' from command line to 'False'
[0.309s] Level 5:colcon.colcon_core.verb:set package 'my_package' build argument 'cmake_clean_cache' from command line to 'False'
[0.309s] Level 5:colcon.colcon_core.verb:set package 'my_package' build argument 'cmake_clean_first' from command line to 'False'
[0.310s] Level 5:colcon.colcon_core.verb:set package 'my_package' build argument 'cmake_force_configure' from command line to 'False'
[0.310s] Level 5:colcon.colcon_core.verb:set package 'my_package' build argument 'ament_cmake_args' from command line to 'None'
[0.310s] Level 5:colcon.colcon_core.verb:set package 'my_package' build argument 'catkin_cmake_args' from command line to 'None'
[0.310s] Level 5:colcon.colcon_core.verb:set package 'my_package' build argument 'catkin_skip_building_tests' from command line to 'False'
[0.310s] DEBUG:colcon.colcon_core.verb:Building package 'my_package' with the following arguments: {'ament_cmake_args': None, 'build_base': '/home/nayab/dev_ws/build/my_package', 'catkin_cmake_args': None, 'catkin_skip_building_tests': False, 'cmake_args': None, 'cmake_clean_cache': False, 'cmake_clean_first': False, 'cmake_force_configure': False, 'cmake_target': None, 'cmake_target_skip_unavailable': False, 'install_base': '/home/nayab/dev_ws/install/my_package', 'merge_install': False, 'path': '/home/nayab/dev_ws/src/my_package', 'symlink_install': False, 'test_result_base': None}
[0.310s] Level 5:colcon.colcon_core.verb:set package 'py_pubsub' build argument 'cmake_args' from command line to 'None'
[0.310s] Level 5:colcon.colcon_core.verb:set package 'py_pubsub' build argument 'cmake_target' from command line to 'None'
[0.310s] Level 5:colcon.colcon_core.verb:set package 'py_pubsub' build argument 'cmake_target_skip_unavailable' from command line to 'False'
[0.310s] Level 5:colcon.colcon_core.verb:set package 'py_pubsub' build argument 'cmake_clean_cache' from command line to 'False'
[0.311s] Level 5:colcon.colcon_core.verb:set package 'py_pubsub' build argument 'cmake_clean_first' from command line to 'False'
[0.311s] Level 5:colcon.colcon_core.verb:set package 'py_pubsub' build argument 'cmake_force_configure' from command line to 'False'
[0.311s] Level 5:colcon.colcon_core.verb:set package 'py_pubsub' build argument 'ament_cmake_args' from command line to 'None'
[0.311s] Level 5:colcon.colcon_core.verb:set package 'py_pubsub' build argument 'catkin_cmake_args' from command line to 'None'
[0.311s] Level 5:colcon.colcon_core.verb:set package 'py_pubsub' build argument 'catkin_skip_building_tests' from command line to 'False'
[0.311s] DEBUG:colcon.colcon_core.verb:Building package 'py_pubsub' with the following arguments: {'ament_cmake_args': None, 'build_base': '/home/nayab/dev_ws/build/py_pubsub', 'catkin_cmake_args': None, 'catkin_skip_building_tests': False, 'cmake_args': None, 'cmake_clean_cache': False, 'cmake_clean_first': False, 'cmake_force_configure': False, 'cmake_target': None, 'cmake_target_skip_unavailable': False, 'install_base': '/home/nayab/dev_ws/install/py_pubsub', 'merge_install': False, 'path': '/home/nayab/dev_ws/src/py_pubsub', 'symlink_install': False, 'test_result_base': None}
[0.311s] Level 5:colcon.colcon_core.verb:set package 'rc_interfaces' build argument 'cmake_args' from command line to 'None'
[0.311s] Level 5:colcon.colcon_core.verb:set package 'rc_interfaces' build argument 'cmake_target' from command line to 'None'
[0.311s] Level 5:colcon.colcon_core.verb:set package 'rc_interfaces' build argument 'cmake_target_skip_unavailable' from command line to 'False'
[0.312s] Level 5:colcon.colcon_core.verb:set package 'rc_interfaces' build argument 'cmake_clean_cache' from command line to 'False'
[0.312s] Level 5:colcon.colcon_core.verb:set package 'rc_interfaces' build argument 'cmake_clean_first' from command line to 'False'
[0.312s] Level 5:colcon.colcon_core.verb:set package 'rc_interfaces' build argument 'cmake_force_configure' from command line to 'False'
[0.312s] Level 5:colcon.colcon_core.verb:set package 'rc_interfaces' build argument 'ament_cmake_args' from command line to 'None'
[0.312s] Level 5:colcon.colcon_core.verb:set package 'rc_interfaces' build argument 'catkin_cmake_args' from command line to 'None'
[0.312s] Level 5:colcon.colcon_core.verb:set package 'rc_interfaces' build argument 'catkin_skip_building_tests' from command line to 'False'
[0.312s] DEBUG:colcon.colcon_core.verb:Building package 'rc_interfaces' with the following arguments: {'ament_cmake_args': None, 'build_base': '/home/nayab/dev_ws/build/rc_interfaces', 'catkin_cmake_args': None, 'catkin_skip_building_tests': False, 'cmake_args': None, 'cmake_clean_cache': False, 'cmake_clean_first': False, 'cmake_force_configure': False, 'cmake_target': None, 'cmake_target_skip_unavailable': False, 'install_base': '/home/nayab/dev_ws/install/rc_interfaces', 'merge_install': False, 'path': '/home/nayab/dev_ws/src/rc_interfaces', 'symlink_install': False, 'test_result_base': None}
[0.312s] Level 5:colcon.colcon_core.verb:set package 'tutorial_interfaces' build argument 'cmake_args' from command line to 'None'
[0.312s] Level 5:colcon.colcon_core.verb:set package 'tutorial_interfaces' build argument 'cmake_target' from command line to 'None'
[0.312s] Level 5:colcon.colcon_core.verb:set package 'tutorial_interfaces' build argument 'cmake_target_skip_unavailable' from command line to 'False'
[0.312s] Level 5:colcon.colcon_core.verb:set package 'tutorial_interfaces' build argument 'cmake_clean_cache' from command line to 'False'
[0.312s] Level 5:colcon.colcon_core.verb:set package 'tutorial_interfaces' build argument 'cmake_clean_first' from command line to 'False'
[0.313s] Level 5:colcon.colcon_core.verb:set package 'tutorial_interfaces' build argument 'cmake_force_configure' from command line to 'False'
[0.313s] Level 5:colcon.colcon_core.verb:set package 'tutorial_interfaces' build argument 'ament_cmake_args' from command line to 'None'
[0.313s] Level 5:colcon.colcon_core.verb:set package 'tutorial_interfaces' build argument 'catkin_cmake_args' from command line to 'None'
[0.313s] Level 5:colcon.colcon_core.verb:set package 'tutorial_interfaces' build argument 'catkin_skip_building_tests' from command line to 'False'
[0.313s] DEBUG:colcon.colcon_core.verb:Building package 'tutorial_interfaces' with the following arguments: {'ament_cmake_args': None, 'build_base': '/home/nayab/dev_ws/build/tutorial_interfaces', 'catkin_cmake_args': None, 'catkin_skip_building_tests': False, 'cmake_args': None, 'cmake_clean_cache': False, 'cmake_clean_first': False, 'cmake_force_configure': False, 'cmake_target': None, 'cmake_target_skip_unavailable': False, 'install_base': '/home/nayab/dev_ws/install/tutorial_interfaces', 'merge_install': False, 'path': '/home/nayab/dev_ws/src/tutorial_interfaces', 'symlink_install': False, 'test_result_base': None}
[0.313s] Level 5:colcon.colcon_core.verb:set package 'rc_data_emulator' build argument 'cmake_args' from command line to 'None'
[0.313s] Level 5:colcon.colcon_core.verb:set package 'rc_data_emulator' build argument 'cmake_target' from command line to 'None'
[0.313s] Level 5:colcon.colcon_core.verb:set package 'rc_data_emulator' build argument 'cmake_target_skip_unavailable' from command line to 'False'
[0.313s] Level 5:colcon.colcon_core.verb:set package 'rc_data_emulator' build argument 'cmake_clean_cache' from command line to 'False'
[0.313s] Level 5:colcon.colcon_core.verb:set package 'rc_data_emulator' build argument 'cmake_clean_first' from command line to 'False'
[0.314s] Level 5:colcon.colcon_core.verb:set package 'rc_data_emulator' build argument 'cmake_force_configure' from command line to 'False'
[0.314s] Level 5:colcon.colcon_core.verb:set package 'rc_data_emulator' build argument 'ament_cmake_args' from command line to 'None'
[0.314s] Level 5:colcon.colcon_core.verb:set package 'rc_data_emulator' build argument 'catkin_cmake_args' from command line to 'None'
[0.314s] Level 5:colcon.colcon_core.verb:set package 'rc_data_emulator' build argument 'catkin_skip_building_tests' from command line to 'False'
[0.314s] DEBUG:colcon.colcon_core.verb:Building package 'rc_data_emulator' with the following arguments: {'ament_cmake_args': None, 'build_base': '/home/nayab/dev_ws/build/rc_data_emulator', 'catkin_cmake_args': None, 'catkin_skip_building_tests': False, 'cmake_args': None, 'cmake_clean_cache': False, 'cmake_clean_first': False, 'cmake_force_configure': False, 'cmake_target': None, 'cmake_target_skip_unavailable': False, 'install_base': '/home/nayab/dev_ws/install/rc_data_emulator', 'merge_install': False, 'path': '/home/nayab/dev_ws/src/rc_data_emulator', 'symlink_install': False, 'test_result_base': None}
[0.320s] INFO:colcon.colcon_core.executor:Executing jobs using 'parallel' executor
[0.322s] DEBUG:colcon.colcon_parallel_executor.executor.parallel:run_until_complete
[0.322s] INFO:colcon.colcon_ros.task.ament_cmake.build:Building ROS package in '/home/nayab/dev_ws/src/abds_core_common' with build type 'ament_cmake'
[0.323s] INFO:colcon.colcon_cmake.task.cmake.build:Building CMake package in '/home/nayab/dev_ws/src/abds_core_common'
[0.333s] INFO:colcon.colcon_core.plugin_system:Skipping extension 'colcon_core.shell.bat': Not used on non-Windows systems
[0.333s] INFO:colcon.colcon_core.shell:Skip shell extension 'powershell' for command environment: Not usable outside of PowerShell
[0.334s] DEBUG:colcon.colcon_core.shell:Skip shell extension 'dsv' for command environment
[0.336s] DEBUG:colcon.colcon_core.shell:Ignoring prefix path '/opt/ros/noetic'
[0.339s] INFO:colcon.colcon_ros.task.ament_python.build:Building ROS package in '/home/nayab/dev_ws/src/dbr_pubsub' with build type 'ament_python'
[0.339s] Level 1:colcon.colcon_core.shell:create_environment_hook('dbr_pubsub', 'ament_prefix_path')
[0.340s] INFO:colcon.colcon_core.shell:Creating environment hook '/home/nayab/dev_ws/install/dbr_pubsub/share/dbr_pubsub/hook/ament_prefix_path.ps1'
[0.342s] INFO:colcon.colcon_core.shell:Creating environment descriptor '/home/nayab/dev_ws/install/dbr_pubsub/share/dbr_pubsub/hook/ament_prefix_path.dsv'
[0.343s] INFO:colcon.colcon_core.shell:Creating environment hook '/home/nayab/dev_ws/install/dbr_pubsub/share/dbr_pubsub/hook/ament_prefix_path.sh'
[0.345s] INFO:colcon.colcon_core.shell:Skip shell extension 'powershell' for command environment: Not usable outside of PowerShell
[0.345s] DEBUG:colcon.colcon_core.shell:Skip shell extension 'dsv' for command environment
[0.347s] DEBUG:colcon.colcon_core.shell:Ignoring prefix path '/opt/ros/noetic'
[0.349s] INFO:colcon.colcon_ros.task.ament_python.build:Building ROS package in '/home/nayab/dev_ws/src/my_package' with build type 'ament_python'
[0.350s] Level 1:colcon.colcon_core.shell:create_environment_hook('my_package', 'ament_prefix_path')
[0.350s] INFO:colcon.colcon_core.shell:Creating environment hook '/home/nayab/dev_ws/install/my_package/share/my_package/hook/ament_prefix_path.ps1'
[0.352s] INFO:colcon.colcon_core.shell:Creating environment descriptor '/home/nayab/dev_ws/install/my_package/share/my_package/hook/ament_prefix_path.dsv'
[0.353s] INFO:colcon.colcon_core.shell:Creating environment hook '/home/nayab/dev_ws/install/my_package/share/my_package/hook/ament_prefix_path.sh'
[0.354s] INFO:colcon.colcon_core.shell:Skip shell extension 'powershell' for command environment: Not usable outside of PowerShell
[0.354s] DEBUG:colcon.colcon_core.shell:Skip shell extension 'dsv' for command environment
[0.356s] DEBUG:colcon.colcon_core.shell:Ignoring prefix path '/opt/ros/noetic'
[0.358s] INFO:colcon.colcon_ros.task.ament_python.build:Building ROS package in '/home/nayab/dev_ws/src/py_pubsub' with build type 'ament_python'
[0.359s] Level 1:colcon.colcon_core.shell:create_environment_hook('py_pubsub', 'ament_prefix_path')
[0.359s] INFO:colcon.colcon_core.shell:Creating environment hook '/home/nayab/dev_ws/install/py_pubsub/share/py_pubsub/hook/ament_prefix_path.ps1'
[0.362s] INFO:colcon.colcon_core.shell:Creating environment descriptor '/home/nayab/dev_ws/install/py_pubsub/share/py_pubsub/hook/ament_prefix_path.dsv'
[0.362s] INFO:colcon.colcon_core.shell:Creating environment hook '/home/nayab/dev_ws/install/py_pubsub/share/py_pubsub/hook/ament_prefix_path.sh'
[0.363s] INFO:colcon.colcon_core.shell:Skip shell extension 'powershell' for command environment: Not usable outside of PowerShell
[0.363s] DEBUG:colcon.colcon_core.shell:Skip shell extension 'dsv' for command environment
[0.365s] DEBUG:colcon.colcon_core.shell:Ignoring prefix path '/opt/ros/noetic'
[0.389s] DEBUG:colcon.colcon_core.event_handler.log_command:Invoking command in '/home/nayab/dev_ws/build/abds_core_common': CMAKE_PREFIX_PATH=/home/nayab/ws_ros2/test_ws/install/test_interfaces:/home/nayab/ws_ros2/test_ws/install/test_pack:/home/nayab/ws_ros2/test_ws/install/dstar:/opt/ros/foxy:/opt/ros/noetic /usr/bin/cmake --build /home/nayab/dev_ws/build/abds_core_common -- -j4 -l4
[0.625s] INFO:colcon.colcon_core.task.python.build:Building Python package in '/home/nayab/dev_ws/src/dbr_pubsub'
[0.626s] INFO:colcon.colcon_core.shell:Skip shell extension 'powershell' for command environment: Not usable outside of PowerShell
[0.626s] DEBUG:colcon.colcon_core.shell:Skip shell extension 'dsv' for command environment
[0.629s] DEBUG:colcon.colcon_core.shell:Ignoring prefix path '/opt/ros/noetic'
[0.860s] INFO:colcon.colcon_core.task.python.build:Building Python package in '/home/nayab/dev_ws/src/my_package'
[0.861s] INFO:colcon.colcon_core.shell:Skip shell extension 'powershell' for command environment: Not usable outside of PowerShell
[0.861s] DEBUG:colcon.colcon_core.shell:Skip shell extension 'dsv' for command environment
[0.863s] DEBUG:colcon.colcon_core.shell:Ignoring prefix path '/opt/ros/noetic'
[1.061s] INFO:colcon.colcon_core.task.python.build:Building Python package in '/home/nayab/dev_ws/src/py_pubsub'
[1.062s] INFO:colcon.colcon_core.shell:Skip shell extension 'powershell' for command environment: Not usable outside of PowerShell
[1.062s] DEBUG:colcon.colcon_core.shell:Skip shell extension 'dsv' for command environment
[1.064s] DEBUG:colcon.colcon_core.shell:Ignoring prefix path '/opt/ros/noetic'
[1.795s] DEBUG:colcon.colcon_core.event_handler.log_command:Invoking command in '/home/nayab/dev_ws/src/my_package': PYTHONPATH=/home/nayab/dev_ws/install/my_package/lib/python3.8/site-packages:${PYTHONPATH} /usr/bin/python3 setup.py egg_info --egg-base ../../build/my_package build --build-base /home/nayab/dev_ws/build/my_package/build install --prefix /home/nayab/dev_ws/install/my_package --record /home/nayab/dev_ws/build/my_package/install.log --single-version-externally-managed
[1.807s] DEBUG:colcon.colcon_core.event_handler.log_command:Invoking command in '/home/nayab/dev_ws/src/dbr_pubsub': PYTHONPATH=/home/nayab/dev_ws/install/dbr_pubsub/lib/python3.8/site-packages:${PYTHONPATH} /usr/bin/python3 setup.py egg_info --egg-base ../../build/dbr_pubsub build --build-base /home/nayab/dev_ws/build/dbr_pubsub/build install --prefix /home/nayab/dev_ws/install/dbr_pubsub --record /home/nayab/dev_ws/build/dbr_pubsub/install.log --single-version-externally-managed
[1.827s] DEBUG:colcon.colcon_core.event_handler.log_command:Invoking command in '/home/nayab/dev_ws/src/py_pubsub': PYTHONPATH=/home/nayab/dev_ws/install/py_pubsub/lib/python3.8/site-packages:${PYTHONPATH} /usr/bin/python3 setup.py egg_info --egg-base ../../build/py_pubsub build --build-base /home/nayab/dev_ws/build/py_pubsub/build install --prefix /home/nayab/dev_ws/install/py_pubsub --record /home/nayab/dev_ws/build/py_pubsub/install.log --single-version-externally-managed
[2.078s] DEBUG:colcon.colcon_core.event_handler.log_command:Invoked command in '/home/nayab/dev_ws/src/my_package' returned '0': PYTHONPATH=/home/nayab/dev_ws/install/my_package/lib/python3.8/site-packages:${PYTHONPATH} /usr/bin/python3 setup.py egg_info --egg-base ../../build/my_package build --build-base /home/nayab/dev_ws/build/my_package/build install --prefix /home/nayab/dev_ws/install/my_package --record /home/nayab/dev_ws/build/my_package/install.log --single-version-externally-managed
[2.097s] Level 1:colcon.colcon_core.environment:checking '/home/nayab/dev_ws/install/my_package' for CMake module files
[2.098s] Level 1:colcon.colcon_core.environment:checking '/home/nayab/dev_ws/install/my_package' for CMake config files
[2.099s] Level 1:colcon.colcon_core.environment:checking '/home/nayab/dev_ws/install/my_package/lib'
[2.099s] Level 1:colcon.colcon_core.environment:checking '/home/nayab/dev_ws/install/my_package/bin'
[2.099s] Level 1:colcon.colcon_core.environment:checking '/home/nayab/dev_ws/install/my_package/lib/pkgconfig/my_package.pc'
[2.099s] Level 1:colcon.colcon_core.environment:checking '/home/nayab/dev_ws/install/my_package/lib/python3.8/site-packages'
[2.099s] Level 1:colcon.colcon_core.shell:create_environment_hook('my_package', 'pythonpath')
[2.100s] INFO:colcon.colcon_core.shell:Creating environment hook '/home/nayab/dev_ws/install/my_package/share/my_package/hook/pythonpath.ps1'
[2.102s] INFO:colcon.colcon_core.shell:Creating environment descriptor '/home/nayab/dev_ws/install/my_package/share/my_package/hook/pythonpath.dsv'
[2.102s] INFO:colcon.colcon_core.shell:Creating environment hook '/home/nayab/dev_ws/install/my_package/share/my_package/hook/pythonpath.sh'
[2.103s] Level 1:colcon.colcon_core.environment:create_environment_scripts_only(my_package)
[2.104s] INFO:colcon.colcon_core.shell:Creating package script '/home/nayab/dev_ws/install/my_package/share/my_package/package.ps1'
[2.106s] INFO:colcon.colcon_core.shell:Creating package descriptor '/home/nayab/dev_ws/install/my_package/share/my_package/package.dsv'
[2.108s] INFO:colcon.colcon_core.shell:Creating package script '/home/nayab/dev_ws/install/my_package/share/my_package/package.sh'
[2.110s] INFO:colcon.colcon_core.shell:Creating package script '/home/nayab/dev_ws/install/my_package/share/my_package/package.bash'
[2.113s] INFO:colcon.colcon_core.shell:Creating package script '/home/nayab/dev_ws/install/my_package/share/my_package/package.zsh'
[2.115s] Level 1:colcon.colcon_core.environment:create_file_with_runtime_dependencies(/home/nayab/dev_ws/install/my_package/share/colcon-core/packages/my_package)
[2.117s] INFO:colcon.colcon_ros.task.ament_cmake.build:Building ROS package in '/home/nayab/dev_ws/src/rc_interfaces' with build type 'ament_cmake'
[2.117s] INFO:colcon.colcon_cmake.task.cmake.build:Building CMake package in '/home/nayab/dev_ws/src/rc_interfaces'
[2.118s] INFO:colcon.colcon_core.shell:Skip shell extension 'powershell' for command environment: Not usable outside of PowerShell
[2.118s] DEBUG:colcon.colcon_core.shell:Skip shell extension 'dsv' for command environment
[2.121s] DEBUG:colcon.colcon_core.shell:Ignoring prefix path '/opt/ros/noetic'
[2.125s] Level 1:colcon.colcon_core.environment:checking '/home/nayab/dev_ws/install/py_pubsub' for CMake module files
[2.127s] DEBUG:colcon.colcon_core.event_handler.log_command:Invoked command in '/home/nayab/dev_ws/src/py_pubsub' returned '0': PYTHONPATH=/home/nayab/dev_ws/install/py_pubsub/lib/python3.8/site-packages:${PYTHONPATH} /usr/bin/python3 setup.py egg_info --egg-base ../../build/py_pubsub build --build-base /home/nayab/dev_ws/build/py_pubsub/build install --prefix /home/nayab/dev_ws/install/py_pubsub --record /home/nayab/dev_ws/build/py_pubsub/install.log --single-version-externally-managed
[2.128s] Level 1:colcon.colcon_core.environment:checking '/home/nayab/dev_ws/install/py_pubsub' for CMake config files
[2.129s] Level 1:colcon.colcon_core.environment:checking '/home/nayab/dev_ws/install/py_pubsub/lib'
[2.129s] Level 1:colcon.colcon_core.environment:checking '/home/nayab/dev_ws/install/py_pubsub/bin'
[2.129s] Level 1:colcon.colcon_core.environment:checking '/home/nayab/dev_ws/install/py_pubsub/lib/pkgconfig/py_pubsub.pc'
[2.129s] Level 1:colcon.colcon_core.environment:checking '/home/nayab/dev_ws/install/py_pubsub/lib/python3.8/site-packages'
[2.129s] Level 1:colcon.colcon_core.shell:create_environment_hook('py_pubsub', 'pythonpath')
[2.130s] INFO:colcon.colcon_core.shell:Creating environment hook '/home/nayab/dev_ws/install/py_pubsub/share/py_pubsub/hook/pythonpath.ps1'
[2.131s] INFO:colcon.colcon_core.shell:Creating environment descriptor '/home/nayab/dev_ws/install/py_pubsub/share/py_pubsub/hook/pythonpath.dsv'
[2.131s] INFO:colcon.colcon_core.shell:Creating environment hook '/home/nayab/dev_ws/install/py_pubsub/share/py_pubsub/hook/pythonpath.sh'
[2.132s] Level 1:colcon.colcon_core.environment:create_environment_scripts_only(py_pubsub)
[2.133s] INFO:colcon.colcon_core.shell:Creating package script '/home/nayab/dev_ws/install/py_pubsub/share/py_pubsub/package.ps1'
[2.134s] INFO:colcon.colcon_core.shell:Creating package descriptor '/home/nayab/dev_ws/install/py_pubsub/share/py_pubsub/package.dsv'
[2.134s] INFO:colcon.colcon_core.shell:Creating package script '/home/nayab/dev_ws/install/py_pubsub/share/py_pubsub/package.sh'
[2.135s] INFO:colcon.colcon_core.shell:Creating package script '/home/nayab/dev_ws/install/py_pubsub/share/py_pubsub/package.bash'
[2.135s] INFO:colcon.colcon_core.shell:Creating package script '/home/nayab/dev_ws/install/py_pubsub/share/py_pubsub/package.zsh'
[2.135s] Level 1:colcon.colcon_core.environment:create_file_with_runtime_dependencies(/home/nayab/dev_ws/install/py_pubsub/share/colcon-core/packages/py_pubsub)
[2.137s] INFO:colcon.colcon_ros.task.ament_cmake.build:Building ROS package in '/home/nayab/dev_ws/src/tutorial_interfaces' with build type 'ament_cmake'
[2.138s] INFO:colcon.colcon_cmake.task.cmake.build:Building CMake package in '/home/nayab/dev_ws/src/tutorial_interfaces'
[2.138s] INFO:colcon.colcon_core.shell:Skip shell extension 'powershell' for command environment: Not usable outside of PowerShell
[2.138s] DEBUG:colcon.colcon_core.shell:Skip shell extension 'dsv' for command environment
[2.140s] DEBUG:colcon.colcon_core.shell:Ignoring prefix path '/opt/ros/noetic'
[2.172s] Level 1:colcon.colcon_core.environment:checking '/home/nayab/dev_ws/install/dbr_pubsub' for CMake module files
[2.172s] Level 1:colcon.colcon_core.environment:checking '/home/nayab/dev_ws/install/dbr_pubsub' for CMake config files
[2.173s] Level 1:colcon.colcon_core.environment:checking '/home/nayab/dev_ws/install/dbr_pubsub/lib'
[2.173s] Level 1:colcon.colcon_core.environment:checking '/home/nayab/dev_ws/install/dbr_pubsub/bin'
[2.173s] Level 1:colcon.colcon_core.environment:checking '/home/nayab/dev_ws/install/dbr_pubsub/lib/pkgconfig/dbr_pubsub.pc'
[2.173s] Level 1:colcon.colcon_core.environment:checking '/home/nayab/dev_ws/install/dbr_pubsub/lib/python3.8/site-packages'
[2.173s] Level 1:colcon.colcon_core.shell:create_environment_hook('dbr_pubsub', 'pythonpath')
[2.173s] INFO:colcon.colcon_core.shell:Creating environment hook '/home/nayab/dev_ws/install/dbr_pubsub/share/dbr_pubsub/hook/pythonpath.ps1'
[2.175s] DEBUG:colcon.colcon_core.event_handler.log_command:Invoked command in '/home/nayab/dev_ws/src/dbr_pubsub' returned '0': PYTHONPATH=/home/nayab/dev_ws/install/dbr_pubsub/lib/python3.8/site-packages:${PYTHONPATH} /usr/bin/python3 setup.py egg_info --egg-base ../../build/dbr_pubsub build --build-base /home/nayab/dev_ws/build/dbr_pubsub/build install --prefix /home/nayab/dev_ws/install/dbr_pubsub --record /home/nayab/dev_ws/build/dbr_pubsub/install.log --single-version-externally-managed
[2.175s] INFO:colcon.colcon_core.shell:Creating environment descriptor '/home/nayab/dev_ws/install/dbr_pubsub/share/dbr_pubsub/hook/pythonpath.dsv'
[2.176s] INFO:colcon.colcon_core.shell:Creating environment hook '/home/nayab/dev_ws/install/dbr_pubsub/share/dbr_pubsub/hook/pythonpath.sh'
[2.177s] Level 1:colcon.colcon_core.environment:create_environment_scripts_only(dbr_pubsub)
[2.178s] INFO:colcon.colcon_core.shell:Creating package script '/home/nayab/dev_ws/install/dbr_pubsub/share/dbr_pubsub/package.ps1'
[2.178s] INFO:colcon.colcon_core.shell:Creating package descriptor '/home/nayab/dev_ws/install/dbr_pubsub/share/dbr_pubsub/package.dsv'
[2.179s] INFO:colcon.colcon_core.shell:Creating package script '/home/nayab/dev_ws/install/dbr_pubsub/share/dbr_pubsub/package.sh'
[2.179s] INFO:colcon.colcon_core.shell:Creating package script '/home/nayab/dev_ws/install/dbr_pubsub/share/dbr_pubsub/package.bash'
[2.179s] INFO:colcon.colcon_core.shell:Creating package script '/home/nayab/dev_ws/install/dbr_pubsub/share/dbr_pubsub/package.zsh'
[2.180s] Level 1:colcon.colcon_core.environment:create_file_with_runtime_dependencies(/home/nayab/dev_ws/install/dbr_pubsub/share/colcon-core/packages/dbr_pubsub)
[2.185s] DEBUG:colcon.colcon_core.event_handler.log_command:Invoking command in '/home/nayab/dev_ws/build/rc_interfaces': CMAKE_PREFIX_PATH=/home/nayab/ws_ros2/test_ws/install/test_interfaces:/home/nayab/ws_ros2/test_ws/install/test_pack:/home/nayab/ws_ros2/test_ws/install/dstar:/opt/ros/foxy:/opt/ros/noetic /usr/bin/cmake --build /home/nayab/dev_ws/build/rc_interfaces -- -j4 -l4
[2.192s] DEBUG:colcon.colcon_core.event_handler.log_command:Invoking command in '/home/nayab/dev_ws/build/tutorial_interfaces': CMAKE_PREFIX_PATH=/home/nayab/ws_ros2/test_ws/install/test_interfaces:/home/nayab/ws_ros2/test_ws/install/test_pack:/home/nayab/ws_ros2/test_ws/install/dstar:/opt/ros/foxy:/opt/ros/noetic /usr/bin/cmake --build /home/nayab/dev_ws/build/tutorial_interfaces -- -j4 -l4
[2.579s] DEBUG:colcon.colcon_core.event_handler.log_command:Invoked command in '/home/nayab/dev_ws/build/abds_core_common' returned '0': CMAKE_PREFIX_PATH=/home/nayab/ws_ros2/test_ws/install/test_interfaces:/home/nayab/ws_ros2/test_ws/install/test_pack:/home/nayab/ws_ros2/test_ws/install/dstar:/opt/ros/foxy:/opt/ros/noetic /usr/bin/cmake --build /home/nayab/dev_ws/build/abds_core_common -- -j4 -l4
[2.583s] DEBUG:colcon.colcon_core.event_handler.log_command:Invoked command in '/home/nayab/dev_ws/build/tutorial_interfaces' returned '0': CMAKE_PREFIX_PATH=/home/nayab/ws_ros2/test_ws/install/test_interfaces:/home/nayab/ws_ros2/test_ws/install/test_pack:/home/nayab/ws_ros2/test_ws/install/dstar:/opt/ros/foxy:/opt/ros/noetic /usr/bin/cmake --build /home/nayab/dev_ws/build/tutorial_interfaces -- -j4 -l4
[2.671s] DEBUG:colcon.colcon_core.event_handler.log_command:Invoking command in '/home/nayab/dev_ws/build/tutorial_interfaces': CMAKE_PREFIX_PATH=/home/nayab/ws_ros2/test_ws/install/test_interfaces:/home/nayab/ws_ros2/test_ws/install/test_pack:/home/nayab/ws_ros2/test_ws/install/dstar:/opt/ros/foxy:/opt/ros/noetic /usr/bin/cmake --install /home/nayab/dev_ws/build/tutorial_interfaces
[2.768s] Level 1:colcon.colcon_core.environment:create_environment_scripts_only(tutorial_interfaces)
[2.769s] Level 1:colcon.colcon_core.environment:checking '/home/nayab/dev_ws/install/tutorial_interfaces' for CMake module files
[2.770s] DEBUG:colcon.colcon_core.event_handler.log_command:Invoked command in '/home/nayab/dev_ws/build/tutorial_interfaces' returned '0': CMAKE_PREFIX_PATH=/home/nayab/ws_ros2/test_ws/install/test_interfaces:/home/nayab/ws_ros2/test_ws/install/test_pack:/home/nayab/ws_ros2/test_ws/install/dstar:/opt/ros/foxy:/opt/ros/noetic /usr/bin/cmake --install /home/nayab/dev_ws/build/tutorial_interfaces
[2.770s] Level 1:colcon.colcon_core.environment:checking '/home/nayab/dev_ws/install/tutorial_interfaces' for CMake config files
[2.771s] Level 1:colcon.colcon_core.shell:create_environment_hook('tutorial_interfaces', 'cmake_prefix_path')
[2.771s] INFO:colcon.colcon_core.shell:Creating environment hook '/home/nayab/dev_ws/install/tutorial_interfaces/share/tutorial_interfaces/hook/cmake_prefix_path.ps1'
[2.772s] INFO:colcon.colcon_core.shell:Creating environment descriptor '/home/nayab/dev_ws/install/tutorial_interfaces/share/tutorial_interfaces/hook/cmake_prefix_path.dsv'
[2.773s] INFO:colcon.colcon_core.shell:Creating environment hook '/home/nayab/dev_ws/install/tutorial_interfaces/share/tutorial_interfaces/hook/cmake_prefix_path.sh'
[2.773s] Level 1:colcon.colcon_core.environment:checking '/home/nayab/dev_ws/install/tutorial_interfaces/lib'
[2.773s] Level 1:colcon.colcon_core.shell:create_environment_hook('tutorial_interfaces', 'ld_library_path_lib')
[2.774s] INFO:colcon.colcon_core.shell:Creating environment hook '/home/nayab/dev_ws/install/tutorial_interfaces/share/tutorial_interfaces/hook/ld_library_path_lib.ps1'
[2.774s] INFO:colcon.colcon_core.shell:Creating environment descriptor '/home/nayab/dev_ws/install/tutorial_interfaces/share/tutorial_interfaces/hook/ld_library_path_lib.dsv'
[2.775s] INFO:colcon.colcon_core.shell:Creating environment hook '/home/nayab/dev_ws/install/tutorial_interfaces/share/tutorial_interfaces/hook/ld_library_path_lib.sh'
[2.776s] Level 1:colcon.colcon_core.environment:checking '/home/nayab/dev_ws/install/tutorial_interfaces/bin'
[2.776s] Level 1:colcon.colcon_core.environment:checking '/home/nayab/dev_ws/install/tutorial_interfaces/lib/pkgconfig/tutorial_interfaces.pc'
[2.776s] Level 1:colcon.colcon_core.environment:checking '/home/nayab/dev_ws/install/tutorial_interfaces/lib/python3.8/site-packages'
[2.776s] Level 1:colcon.colcon_core.shell:create_environment_hook('tutorial_interfaces', 'pythonpath')
[2.776s] INFO:colcon.colcon_core.shell:Creating environment hook '/home/nayab/dev_ws/install/tutorial_interfaces/share/tutorial_interfaces/hook/pythonpath.ps1'
[2.777s] INFO:colcon.colcon_core.shell:Creating environment descriptor '/home/nayab/dev_ws/install/tutorial_interfaces/share/tutorial_interfaces/hook/pythonpath.dsv'
[2.778s] INFO:colcon.colcon_core.shell:Creating environment hook '/home/nayab/dev_ws/install/tutorial_interfaces/share/tutorial_interfaces/hook/pythonpath.sh'
[2.779s] INFO:colcon.colcon_core.shell:Creating package script '/home/nayab/dev_ws/install/tutorial_interfaces/share/tutorial_interfaces/package.ps1'
[2.780s] INFO:colcon.colcon_core.shell:Creating package descriptor '/home/nayab/dev_ws/install/tutorial_interfaces/share/tutorial_interfaces/package.dsv'
[2.780s] INFO:colcon.colcon_core.shell:Creating package script '/home/nayab/dev_ws/install/tutorial_interfaces/share/tutorial_interfaces/package.sh'
[2.781s] INFO:colcon.colcon_core.shell:Creating package script '/home/nayab/dev_ws/install/tutorial_interfaces/share/tutorial_interfaces/package.bash'
[2.782s] INFO:colcon.colcon_core.shell:Creating package script '/home/nayab/dev_ws/install/tutorial_interfaces/share/tutorial_interfaces/package.zsh'
[2.782s] Level 1:colcon.colcon_core.environment:create_file_with_runtime_dependencies(/home/nayab/dev_ws/install/tutorial_interfaces/share/colcon-core/packages/tutorial_interfaces)
[2.867s] Level 1:colcon.colcon_core.environment:create_environment_scripts_only(tutorial_interfaces)
[2.869s] Level 1:colcon.colcon_core.environment:checking '/home/nayab/dev_ws/install/tutorial_interfaces' for CMake module files
[2.869s] Level 1:colcon.colcon_core.environment:checking '/home/nayab/dev_ws/install/tutorial_interfaces' for CMake config files
[2.870s] Level 1:colcon.colcon_core.shell:create_environment_hook('tutorial_interfaces', 'cmake_prefix_path')
[2.870s] INFO:colcon.colcon_core.shell:Creating environment hook '/home/nayab/dev_ws/install/tutorial_interfaces/share/tutorial_interfaces/hook/cmake_prefix_path.ps1'
[2.871s] INFO:colcon.colcon_core.shell:Creating environment descriptor '/home/nayab/dev_ws/install/tutorial_interfaces/share/tutorial_interfaces/hook/cmake_prefix_path.dsv'
[2.871s] INFO:colcon.colcon_core.shell:Creating environment hook '/home/nayab/dev_ws/install/tutorial_interfaces/share/tutorial_interfaces/hook/cmake_prefix_path.sh'
[2.872s] Level 1:colcon.colcon_core.environment:checking '/home/nayab/dev_ws/install/tutorial_interfaces/lib'
[2.872s] Level 1:colcon.colcon_core.shell:create_environment_hook('tutorial_interfaces', 'ld_library_path_lib')
[2.873s] INFO:colcon.colcon_core.shell:Creating environment hook '/home/nayab/dev_ws/install/tutorial_interfaces/share/tutorial_interfaces/hook/ld_library_path_lib.ps1'
[2.873s] INFO:colcon.colcon_core.shell:Creating environment descriptor '/home/nayab/dev_ws/install/tutorial_interfaces/share/tutorial_interfaces/hook/ld_library_path_lib.dsv'
[2.874s] INFO:colcon.colcon_core.shell:Creating environment hook '/home/nayab/dev_ws/install/tutorial_interfaces/share/tutorial_interfaces/hook/ld_library_path_lib.sh'
[2.874s] Level 1:colcon.colcon_core.environment:checking '/home/nayab/dev_ws/install/tutorial_interfaces/bin'
[2.874s] Level 1:colcon.colcon_core.environment:checking '/home/nayab/dev_ws/install/tutorial_interfaces/lib/pkgconfig/tutorial_interfaces.pc'
[2.874s] Level 1:colcon.colcon_core.environment:checking '/home/nayab/dev_ws/install/tutorial_interfaces/lib/python3.8/site-packages'
[2.874s] Level 1:colcon.colcon_core.shell:create_environment_hook('tutorial_interfaces', 'pythonpath')
[2.875s] INFO:colcon.colcon_core.shell:Creating environment hook '/home/nayab/dev_ws/install/tutorial_interfaces/share/tutorial_interfaces/hook/pythonpath.ps1'
[2.876s] INFO:colcon.colcon_core.shell:Creating environment descriptor '/home/nayab/dev_ws/install/tutorial_interfaces/share/tutorial_interfaces/hook/pythonpath.dsv'
[2.876s] INFO:colcon.colcon_core.shell:Creating environment hook '/home/nayab/dev_ws/install/tutorial_interfaces/share/tutorial_interfaces/hook/pythonpath.sh'
[2.877s] INFO:colcon.colcon_core.shell:Creating package script '/home/nayab/dev_ws/install/tutorial_interfaces/share/tutorial_interfaces/package.ps1'
[2.878s] INFO:colcon.colcon_core.shell:Creating package descriptor '/home/nayab/dev_ws/install/tutorial_interfaces/share/tutorial_interfaces/package.dsv'
[2.879s] INFO:colcon.colcon_core.shell:Creating package script '/home/nayab/dev_ws/install/tutorial_interfaces/share/tutorial_interfaces/package.sh'
[2.879s] INFO:colcon.colcon_core.shell:Creating package script '/home/nayab/dev_ws/install/tutorial_interfaces/share/tutorial_interfaces/package.bash'
[2.880s] INFO:colcon.colcon_core.shell:Creating package script '/home/nayab/dev_ws/install/tutorial_interfaces/share/tutorial_interfaces/package.zsh'
[2.880s] Level 1:colcon.colcon_core.environment:create_file_with_runtime_dependencies(/home/nayab/dev_ws/install/tutorial_interfaces/share/colcon-core/packages/tutorial_interfaces)
[2.890s] DEBUG:colcon.colcon_core.event_handler.log_command:Invoking command in '/home/nayab/dev_ws/build/abds_core_common': CMAKE_PREFIX_PATH=/home/nayab/ws_ros2/test_ws/install/test_interfaces:/home/nayab/ws_ros2/test_ws/install/test_pack:/home/nayab/ws_ros2/test_ws/install/dstar:/opt/ros/foxy:/opt/ros/noetic /usr/bin/cmake --install /home/nayab/dev_ws/build/abds_core_common
[3.019s] Level 1:colcon.colcon_core.environment:create_environment_scripts_only(abds_core_common)
[3.020s] Level 1:colcon.colcon_core.environment:checking '/home/nayab/dev_ws/install/abds_core_common' for CMake module files
[3.021s] Level 1:colcon.colcon_core.environment:checking '/home/nayab/dev_ws/install/abds_core_common' for CMake config files
[3.022s] Level 1:colcon.colcon_core.shell:create_environment_hook('abds_core_common', 'cmake_prefix_path')
[3.022s] INFO:colcon.colcon_core.shell:Creating environment hook '/home/nayab/dev_ws/install/abds_core_common/share/abds_core_common/hook/cmake_prefix_path.ps1'
[3.023s] INFO:colcon.colcon_core.shell:Creating environment descriptor '/home/nayab/dev_ws/install/abds_core_common/share/abds_core_common/hook/cmake_prefix_path.dsv'
[3.024s] INFO:colcon.colcon_core.shell:Creating environment hook '/home/nayab/dev_ws/install/abds_core_common/share/abds_core_common/hook/cmake_prefix_path.sh'
[3.024s] Level 1:colcon.colcon_core.environment:checking '/home/nayab/dev_ws/install/abds_core_common/lib'
[3.024s] Level 1:colcon.colcon_core.shell:create_environment_hook('abds_core_common', 'ld_library_path_lib')
[3.025s] INFO:colcon.colcon_core.shell:Creating environment hook '/home/nayab/dev_ws/install/abds_core_common/share/abds_core_common/hook/ld_library_path_lib.ps1'
[3.025s] INFO:colcon.colcon_core.shell:Creating environment descriptor '/home/nayab/dev_ws/install/abds_core_common/share/abds_core_common/hook/ld_library_path_lib.dsv'
[3.026s] INFO:colcon.colcon_core.shell:Creating environment hook '/home/nayab/dev_ws/install/abds_core_common/share/abds_core_common/hook/ld_library_path_lib.sh'
[3.026s] Level 1:colcon.colcon_core.environment:checking '/home/nayab/dev_ws/install/abds_core_common/bin'
[3.026s] Level 1:colcon.colcon_core.environment:checking '/home/nayab/dev_ws/install/abds_core_common/lib/pkgconfig/abds_core_common.pc'
[3.026s] Level 1:colcon.colcon_core.environment:checking '/home/nayab/dev_ws/install/abds_core_common/lib/python3.8/site-packages'
[3.026s] Level 1:colcon.colcon_core.shell:create_environment_hook('abds_core_common', 'pythonpath')
[3.027s] INFO:colcon.colcon_core.shell:Creating environment hook '/home/nayab/dev_ws/install/abds_core_common/share/abds_core_common/hook/pythonpath.ps1'
[3.027s] INFO:colcon.colcon_core.shell:Creating environment descriptor '/home/nayab/dev_ws/install/abds_core_common/share/abds_core_common/hook/pythonpath.dsv'
[3.028s] DEBUG:colcon.colcon_core.event_handler.log_command:Invoked command in '/home/nayab/dev_ws/build/abds_core_common' returned '0': CMAKE_PREFIX_PATH=/home/nayab/ws_ros2/test_ws/install/test_interfaces:/home/nayab/ws_ros2/test_ws/install/test_pack:/home/nayab/ws_ros2/test_ws/install/dstar:/opt/ros/foxy:/opt/ros/noetic /usr/bin/cmake --install /home/nayab/dev_ws/build/abds_core_common
[3.029s] INFO:colcon.colcon_core.shell:Creating environment hook '/home/nayab/dev_ws/install/abds_core_common/share/abds_core_common/hook/pythonpath.sh'
[3.030s] INFO:colcon.colcon_core.shell:Creating package script '/home/nayab/dev_ws/install/abds_core_common/share/abds_core_common/package.ps1'
[3.030s] INFO:colcon.colcon_core.shell:Creating package descriptor '/home/nayab/dev_ws/install/abds_core_common/share/abds_core_common/package.dsv'
[3.031s] INFO:colcon.colcon_core.shell:Creating package script '/home/nayab/dev_ws/install/abds_core_common/share/abds_core_common/package.sh'
[3.031s] INFO:colcon.colcon_core.shell:Creating package script '/home/nayab/dev_ws/install/abds_core_common/share/abds_core_common/package.bash'
[3.032s] INFO:colcon.colcon_core.shell:Creating package script '/home/nayab/dev_ws/install/abds_core_common/share/abds_core_common/package.zsh'
[3.033s] Level 1:colcon.colcon_core.environment:create_file_with_runtime_dependencies(/home/nayab/dev_ws/install/abds_core_common/share/colcon-core/packages/abds_core_common)
[3.340s] Level 1:colcon.colcon_core.environment:create_environment_scripts_only(abds_core_common)
[3.340s] Level 1:colcon.colcon_core.environment:checking '/home/nayab/dev_ws/install/abds_core_common' for CMake module files
[3.341s] Level 1:colcon.colcon_core.environment:checking '/home/nayab/dev_ws/install/abds_core_common' for CMake config files
[3.342s] Level 1:colcon.colcon_core.shell:create_environment_hook('abds_core_common', 'cmake_prefix_path')
[3.342s] INFO:colcon.colcon_core.shell:Creating environment hook '/home/nayab/dev_ws/install/abds_core_common/share/abds_core_common/hook/cmake_prefix_path.ps1'
[3.343s] INFO:colcon.colcon_core.shell:Creating environment descriptor '/home/nayab/dev_ws/install/abds_core_common/share/abds_core_common/hook/cmake_prefix_path.dsv'
[3.343s] INFO:colcon.colcon_core.shell:Creating environment hook '/home/nayab/dev_ws/install/abds_core_common/share/abds_core_common/hook/cmake_prefix_path.sh'
[3.344s] Level 1:colcon.colcon_core.environment:checking '/home/nayab/dev_ws/install/abds_core_common/lib'
[3.344s] Level 1:colcon.colcon_core.shell:create_environment_hook('abds_core_common', 'ld_library_path_lib')
[3.344s] INFO:colcon.colcon_core.shell:Creating environment hook '/home/nayab/dev_ws/install/abds_core_common/share/abds_core_common/hook/ld_library_path_lib.ps1'
[3.345s] INFO:colcon.colcon_core.shell:Creating environment descriptor '/home/nayab/dev_ws/install/abds_core_common/share/abds_core_common/hook/ld_library_path_lib.dsv'
[3.345s] INFO:colcon.colcon_core.shell:Creating environment hook '/home/nayab/dev_ws/install/abds_core_common/share/abds_core_common/hook/ld_library_path_lib.sh'
[3.346s] Level 1:colcon.colcon_core.environment:checking '/home/nayab/dev_ws/install/abds_core_common/bin'
[3.346s] Level 1:colcon.colcon_core.environment:checking '/home/nayab/dev_ws/install/abds_core_common/lib/pkgconfig/abds_core_common.pc'
[3.346s] Level 1:colcon.colcon_core.environment:checking '/home/nayab/dev_ws/install/abds_core_common/lib/python3.8/site-packages'
[3.346s] Level 1:colcon.colcon_core.shell:create_environment_hook('abds_core_common', 'pythonpath')
[3.346s] INFO:colcon.colcon_core.shell:Creating environment hook '/home/nayab/dev_ws/install/abds_core_common/share/abds_core_common/hook/pythonpath.ps1'
[3.347s] INFO:colcon.colcon_core.shell:Creating environment descriptor '/home/nayab/dev_ws/install/abds_core_common/share/abds_core_common/hook/pythonpath.dsv'
[3.347s] INFO:colcon.colcon_core.shell:Creating environment hook '/home/nayab/dev_ws/install/abds_core_common/share/abds_core_common/hook/pythonpath.sh'
[3.348s] INFO:colcon.colcon_core.shell:Creating package script '/home/nayab/dev_ws/install/abds_core_common/share/abds_core_common/package.ps1'
[3.348s] INFO:colcon.colcon_core.shell:Creating package descriptor '/home/nayab/dev_ws/install/abds_core_common/share/abds_core_common/package.dsv'
[3.349s] INFO:colcon.colcon_core.shell:Creating package script '/home/nayab/dev_ws/install/abds_core_common/share/abds_core_common/package.sh'
[3.349s] INFO:colcon.colcon_core.shell:Creating package script '/home/nayab/dev_ws/install/abds_core_common/share/abds_core_common/package.bash'
[3.350s] INFO:colcon.colcon_core.shell:Creating package script '/home/nayab/dev_ws/install/abds_core_common/share/abds_core_common/package.zsh'
[3.350s] Level 1:colcon.colcon_core.environment:create_file_with_runtime_dependencies(/home/nayab/dev_ws/install/abds_core_common/share/colcon-core/packages/abds_core_common)
[3.351s] INFO:colcon.colcon_ros.task.ament_python.build:Building ROS package in '/home/nayab/dev_ws/src/rc_data_emulator' with build type 'ament_python'
[3.352s] Level 1:colcon.colcon_core.shell:create_environment_hook('rc_data_emulator', 'ament_prefix_path')
[3.353s] INFO:colcon.colcon_core.shell:Creating environment hook '/home/nayab/dev_ws/install/rc_data_emulator/share/rc_data_emulator/hook/ament_prefix_path.ps1'
[3.354s] INFO:colcon.colcon_core.shell:Creating environment descriptor '/home/nayab/dev_ws/install/rc_data_emulator/share/rc_data_emulator/hook/ament_prefix_path.dsv'
[3.355s] INFO:colcon.colcon_core.shell:Creating environment hook '/home/nayab/dev_ws/install/rc_data_emulator/share/rc_data_emulator/hook/ament_prefix_path.sh'
[3.356s] INFO:colcon.colcon_core.shell:Skip shell extension 'powershell' for command environment: Not usable outside of PowerShell
[3.356s] DEBUG:colcon.colcon_core.shell:Skip shell extension 'dsv' for command environment
[3.358s] DEBUG:colcon.colcon_core.shell:Ignoring prefix path '/opt/ros/noetic'
[3.577s] INFO:colcon.colcon_core.task.python.build:Building Python package in '/home/nayab/dev_ws/src/rc_data_emulator'
[3.578s] INFO:colcon.colcon_core.shell:Skip shell extension 'powershell' for command environment: Not usable outside of PowerShell
[3.579s] DEBUG:colcon.colcon_core.shell:Skip shell extension 'dsv' for command environment
[3.581s] DEBUG:colcon.colcon_core.shell:Ignoring prefix path '/opt/ros/noetic'
[3.943s] DEBUG:colcon.colcon_core.event_handler.log_command:Invoking command in '/home/nayab/dev_ws/src/rc_data_emulator': AMENT_PREFIX_PATH=/home/nayab/dev_ws/install/abds_core_common:${AMENT_PREFIX_PATH} CMAKE_PREFIX_PATH=/home/nayab/dev_ws/install/abds_core_common:${CMAKE_PREFIX_PATH} LD_LIBRARY_PATH=/home/nayab/dev_ws/install/abds_core_common/lib:${LD_LIBRARY_PATH} PYTHONPATH=/home/nayab/dev_ws/install/rc_data_emulator/lib/python3.8/site-packages:/home/nayab/dev_ws/install/abds_core_common/lib/python3.8/site-packages:${PYTHONPATH} /usr/bin/python3 setup.py egg_info --egg-base ../../build/rc_data_emulator build --build-base /home/nayab/dev_ws/build/rc_data_emulator/build install --prefix /home/nayab/dev_ws/install/rc_data_emulator --record /home/nayab/dev_ws/build/rc_data_emulator/install.log --single-version-externally-managed
[4.248s] Level 1:colcon.colcon_core.environment:checking '/home/nayab/dev_ws/install/rc_data_emulator' for CMake module files
[4.249s] Level 1:colcon.colcon_core.environment:checking '/home/nayab/dev_ws/install/rc_data_emulator' for CMake config files
[4.250s] Level 1:colcon.colcon_core.environment:checking '/home/nayab/dev_ws/install/rc_data_emulator/lib'
[4.250s] Level 1:colcon.colcon_core.environment:checking '/home/nayab/dev_ws/install/rc_data_emulator/bin'
[4.250s] Level 1:colcon.colcon_core.environment:checking '/home/nayab/dev_ws/install/rc_data_emulator/lib/pkgconfig/rc_data_emulator.pc'
[4.250s] Level 1:colcon.colcon_core.environment:checking '/home/nayab/dev_ws/install/rc_data_emulator/lib/python3.8/site-packages'
[4.250s] Level 1:colcon.colcon_core.shell:create_environment_hook('rc_data_emulator', 'pythonpath')
[4.250s] INFO:colcon.colcon_core.shell:Creating environment hook '/home/nayab/dev_ws/install/rc_data_emulator/share/rc_data_emulator/hook/pythonpath.ps1'
[4.249s] DEBUG:colcon.colcon_core.event_handler.log_command:Invoked command in '/home/nayab/dev_ws/src/rc_data_emulator' returned '0': AMENT_PREFIX_PATH=/home/nayab/dev_ws/install/abds_core_common:${AMENT_PREFIX_PATH} CMAKE_PREFIX_PATH=/home/nayab/dev_ws/install/abds_core_common:${CMAKE_PREFIX_PATH} LD_LIBRARY_PATH=/home/nayab/dev_ws/install/abds_core_common/lib:${LD_LIBRARY_PATH} PYTHONPATH=/home/nayab/dev_ws/install/rc_data_emulator/lib/python3.8/site-packages:/home/nayab/dev_ws/install/abds_core_common/lib/python3.8/site-packages:${PYTHONPATH} /usr/bin/python3 setup.py egg_info --egg-base ../../build/rc_data_emulator build --build-base /home/nayab/dev_ws/build/rc_data_emulator/build install --prefix /home/nayab/dev_ws/install/rc_data_emulator --record /home/nayab/dev_ws/build/rc_data_emulator/install.log --single-version-externally-managed
[4.251s] INFO:colcon.colcon_core.shell:Creating environment descriptor '/home/nayab/dev_ws/install/rc_data_emulator/share/rc_data_emulator/hook/pythonpath.dsv'
[4.252s] INFO:colcon.colcon_core.shell:Creating environment hook '/home/nayab/dev_ws/install/rc_data_emulator/share/rc_data_emulator/hook/pythonpath.sh'
[4.252s] Level 1:colcon.colcon_core.environment:create_environment_scripts_only(rc_data_emulator)
[4.253s] INFO:colcon.colcon_core.shell:Creating package script '/home/nayab/dev_ws/install/rc_data_emulator/share/rc_data_emulator/package.ps1'
[4.254s] INFO:colcon.colcon_core.shell:Creating package descriptor '/home/nayab/dev_ws/install/rc_data_emulator/share/rc_data_emulator/package.dsv'
[4.255s] INFO:colcon.colcon_core.shell:Creating package script '/home/nayab/dev_ws/install/rc_data_emulator/share/rc_data_emulator/package.sh'
[4.256s] INFO:colcon.colcon_core.shell:Creating package script '/home/nayab/dev_ws/install/rc_data_emulator/share/rc_data_emulator/package.bash'
[4.256s] INFO:colcon.colcon_core.shell:Creating package script '/home/nayab/dev_ws/install/rc_data_emulator/share/rc_data_emulator/package.zsh'
[4.256s] Level 1:colcon.colcon_core.environment:create_file_with_runtime_dependencies(/home/nayab/dev_ws/install/rc_data_emulator/share/colcon-core/packages/rc_data_emulator)
[6.693s] DEBUG:colcon.colcon_core.event_handler.log_command:Invoked command in '/home/nayab/dev_ws/build/rc_interfaces' returned '0': CMAKE_PREFIX_PATH=/home/nayab/ws_ros2/test_ws/install/test_interfaces:/home/nayab/ws_ros2/test_ws/install/test_pack:/home/nayab/ws_ros2/test_ws/install/dstar:/opt/ros/foxy:/opt/ros/noetic /usr/bin/cmake --build /home/nayab/dev_ws/build/rc_interfaces -- -j4 -l4
[6.764s] DEBUG:colcon.colcon_core.event_handler.log_command:Invoking command in '/home/nayab/dev_ws/build/rc_interfaces': CMAKE_PREFIX_PATH=/home/nayab/ws_ros2/test_ws/install/test_interfaces:/home/nayab/ws_ros2/test_ws/install/test_pack:/home/nayab/ws_ros2/test_ws/install/dstar:/opt/ros/foxy:/opt/ros/noetic /usr/bin/cmake --install /home/nayab/dev_ws/build/rc_interfaces
[6.845s] Level 1:colcon.colcon_core.environment:create_environment_scripts_only(rc_interfaces)
[6.846s] DEBUG:colcon.colcon_core.event_handler.log_command:Invoked command in '/home/nayab/dev_ws/build/rc_interfaces' returned '0': CMAKE_PREFIX_PATH=/home/nayab/ws_ros2/test_ws/install/test_interfaces:/home/nayab/ws_ros2/test_ws/install/test_pack:/home/nayab/ws_ros2/test_ws/install/dstar:/opt/ros/foxy:/opt/ros/noetic /usr/bin/cmake --install /home/nayab/dev_ws/build/rc_interfaces
[6.847s] Level 1:colcon.colcon_core.environment:checking '/home/nayab/dev_ws/install/rc_interfaces' for CMake module files
[6.848s] Level 1:colcon.colcon_core.environment:checking '/home/nayab/dev_ws/install/rc_interfaces' for CMake config files
[6.848s] Level 1:colcon.colcon_core.shell:create_environment_hook('rc_interfaces', 'cmake_prefix_path')
[6.849s] INFO:colcon.colcon_core.shell:Creating environment hook '/home/nayab/dev_ws/install/rc_interfaces/share/rc_interfaces/hook/cmake_prefix_path.ps1'
[6.849s] INFO:colcon.colcon_core.shell:Creating environment descriptor '/home/nayab/dev_ws/install/rc_interfaces/share/rc_interfaces/hook/cmake_prefix_path.dsv'
[6.850s] INFO:colcon.colcon_core.shell:Creating environment hook '/home/nayab/dev_ws/install/rc_interfaces/share/rc_interfaces/hook/cmake_prefix_path.sh'
[6.850s] Level 1:colcon.colcon_core.environment:checking '/home/nayab/dev_ws/install/rc_interfaces/lib'
[6.850s] Level 1:colcon.colcon_core.shell:create_environment_hook('rc_interfaces', 'ld_library_path_lib')
[6.851s] INFO:colcon.colcon_core.shell:Creating environment hook '/home/nayab/dev_ws/install/rc_interfaces/share/rc_interfaces/hook/ld_library_path_lib.ps1'
[6.851s] INFO:colcon.colcon_core.shell:Creating environment descriptor '/home/nayab/dev_ws/install/rc_interfaces/share/rc_interfaces/hook/ld_library_path_lib.dsv'
[6.852s] INFO:colcon.colcon_core.shell:Creating environment hook '/home/nayab/dev_ws/install/rc_interfaces/share/rc_interfaces/hook/ld_library_path_lib.sh'
[6.852s] Level 1:colcon.colcon_core.environment:checking '/home/nayab/dev_ws/install/rc_interfaces/bin'
[6.852s] Level 1:colcon.colcon_core.environment:checking '/home/nayab/dev_ws/install/rc_interfaces/lib/pkgconfig/rc_interfaces.pc'
[6.852s] Level 1:colcon.colcon_core.environment:checking '/home/nayab/dev_ws/install/rc_interfaces/lib/python3.8/site-packages'
[6.852s] Level 1:colcon.colcon_core.shell:create_environment_hook('rc_interfaces', 'pythonpath')
[6.853s] INFO:colcon.colcon_core.shell:Creating environment hook '/home/nayab/dev_ws/install/rc_interfaces/share/rc_interfaces/hook/pythonpath.ps1'
[6.853s] INFO:colcon.colcon_core.shell:Creating environment descriptor '/home/nayab/dev_ws/install/rc_interfaces/share/rc_interfaces/hook/pythonpath.dsv'
[6.854s] INFO:colcon.colcon_core.shell:Creating environment hook '/home/nayab/dev_ws/install/rc_interfaces/share/rc_interfaces/hook/pythonpath.sh'
[6.855s] INFO:colcon.colcon_core.shell:Creating package script '/home/nayab/dev_ws/install/rc_interfaces/share/rc_interfaces/package.ps1'
[6.855s] INFO:colcon.colcon_core.shell:Creating package descriptor '/home/nayab/dev_ws/install/rc_interfaces/share/rc_interfaces/package.dsv'
[6.856s] INFO:colcon.colcon_core.shell:Creating package script '/home/nayab/dev_ws/install/rc_interfaces/share/rc_interfaces/package.sh'
[6.856s] INFO:colcon.colcon_core.shell:Creating package script '/home/nayab/dev_ws/install/rc_interfaces/share/rc_interfaces/package.bash'
[6.857s] INFO:colcon.colcon_core.shell:Creating package script '/home/nayab/dev_ws/install/rc_interfaces/share/rc_interfaces/package.zsh'
[6.857s] Level 1:colcon.colcon_core.environment:create_file_with_runtime_dependencies(/home/nayab/dev_ws/install/rc_interfaces/share/colcon-core/packages/rc_interfaces)
[6.930s] Level 1:colcon.colcon_core.environment:create_environment_scripts_only(rc_interfaces)
[6.931s] Level 1:colcon.colcon_core.environment:checking '/home/nayab/dev_ws/install/rc_interfaces' for CMake module files
[6.931s] Level 1:colcon.colcon_core.environment:checking '/home/nayab/dev_ws/install/rc_interfaces' for CMake config files
[6.932s] Level 1:colcon.colcon_core.shell:create_environment_hook('rc_interfaces', 'cmake_prefix_path')
[6.932s] INFO:colcon.colcon_core.shell:Creating environment hook '/home/nayab/dev_ws/install/rc_interfaces/share/rc_interfaces/hook/cmake_prefix_path.ps1'
[6.933s] INFO:colcon.colcon_core.shell:Creating environment descriptor '/home/nayab/dev_ws/install/rc_interfaces/share/rc_interfaces/hook/cmake_prefix_path.dsv'
[6.933s] INFO:colcon.colcon_core.shell:Creating environment hook '/home/nayab/dev_ws/install/rc_interfaces/share/rc_interfaces/hook/cmake_prefix_path.sh'
[6.934s] Level 1:colcon.colcon_core.environment:checking '/home/nayab/dev_ws/install/rc_interfaces/lib'
[6.934s] Level 1:colcon.colcon_core.shell:create_environment_hook('rc_interfaces', 'ld_library_path_lib')
[6.935s] INFO:colcon.colcon_core.shell:Creating environment hook '/home/nayab/dev_ws/install/rc_interfaces/share/rc_interfaces/hook/ld_library_path_lib.ps1'
[6.935s] INFO:colcon.colcon_core.shell:Creating environment descriptor '/home/nayab/dev_ws/install/rc_interfaces/share/rc_interfaces/hook/ld_library_path_lib.dsv'
[6.936s] INFO:colcon.colcon_core.shell:Creating environment hook '/home/nayab/dev_ws/install/rc_interfaces/share/rc_interfaces/hook/ld_library_path_lib.sh'
[6.936s] Level 1:colcon.colcon_core.environment:checking '/home/nayab/dev_ws/install/rc_interfaces/bin'
[6.936s] Level 1:colcon.colcon_core.environment:checking '/home/nayab/dev_ws/install/rc_interfaces/lib/pkgconfig/rc_interfaces.pc'
[6.936s] Level 1:colcon.colcon_core.environment:checking '/home/nayab/dev_ws/install/rc_interfaces/lib/python3.8/site-packages'
[6.937s] Level 1:colcon.colcon_core.shell:create_environment_hook('rc_interfaces', 'pythonpath')
[6.937s] INFO:colcon.colcon_core.shell:Creating environment hook '/home/nayab/dev_ws/install/rc_interfaces/share/rc_interfaces/hook/pythonpath.ps1'
[6.937s] INFO:colcon.colcon_core.shell:Creating environment descriptor '/home/nayab/dev_ws/install/rc_interfaces/share/rc_interfaces/hook/pythonpath.dsv'
[6.938s] INFO:colcon.colcon_core.shell:Creating environment hook '/home/nayab/dev_ws/install/rc_interfaces/share/rc_interfaces/hook/pythonpath.sh'
[6.939s] INFO:colcon.colcon_core.shell:Creating package script '/home/nayab/dev_ws/install/rc_interfaces/share/rc_interfaces/package.ps1'
[6.939s] INFO:colcon.colcon_core.shell:Creating package descriptor '/home/nayab/dev_ws/install/rc_interfaces/share/rc_interfaces/package.dsv'
[6.940s] INFO:colcon.colcon_core.shell:Creating package script '/home/nayab/dev_ws/install/rc_interfaces/share/rc_interfaces/package.sh'
[6.940s] INFO:colcon.colcon_core.shell:Creating package script '/home/nayab/dev_ws/install/rc_interfaces/share/rc_interfaces/package.bash'
[6.941s] INFO:colcon.colcon_core.shell:Creating package script '/home/nayab/dev_ws/install/rc_interfaces/share/rc_interfaces/package.zsh'
[6.941s] Level 1:colcon.colcon_core.environment:create_file_with_runtime_dependencies(/home/nayab/dev_ws/install/rc_interfaces/share/colcon-core/packages/rc_interfaces)
[6.942s] DEBUG:colcon.colcon_parallel_executor.executor.parallel:closing loop
[6.942s] DEBUG:colcon.colcon_parallel_executor.executor.parallel:loop closed
[6.943s] DEBUG:colcon.colcon_parallel_executor.executor.parallel:run_until_complete finished with '0'
[6.943s] DEBUG:colcon.colcon_core.event_reactor:joining thread
[6.953s] INFO:colcon.colcon_core.plugin_system:Skipping extension 'colcon_notification.desktop_notification.terminal_notifier': Not used on non-Darwin systems
[6.953s] INFO:colcon.colcon_core.plugin_system:Skipping extension 'colcon_notification.desktop_notification.win32': Not used on non-Windows systems
[6.953s] INFO:colcon.colcon_notification.desktop_notification:Sending desktop notification using 'notify2'
[6.971s] DEBUG:colcon.colcon_core.event_reactor:joined thread
[6.972s] INFO:colcon.colcon_core.shell:Creating prefix script '/home/nayab/dev_ws/install/local_setup.ps1'
[6.973s] INFO:colcon.colcon_core.shell:Creating prefix util module '/home/nayab/dev_ws/install/_local_setup_util_ps1.py'
[6.975s] INFO:colcon.colcon_core.shell:Creating prefix chain script '/home/nayab/dev_ws/install/setup.ps1'
[6.988s] INFO:colcon.colcon_core.shell:Creating prefix script '/home/nayab/dev_ws/install/local_setup.sh'
[6.990s] INFO:colcon.colcon_core.shell:Creating prefix util module '/home/nayab/dev_ws/install/_local_setup_util_sh.py'
[6.991s] INFO:colcon.colcon_core.shell:Creating prefix chain script '/home/nayab/dev_ws/install/setup.sh'
[6.994s] INFO:colcon.colcon_core.shell:Creating prefix script '/home/nayab/dev_ws/install/local_setup.bash'
[6.995s] INFO:colcon.colcon_core.shell:Creating prefix chain script '/home/nayab/dev_ws/install/setup.bash'
[6.996s] INFO:colcon.colcon_core.shell:Creating prefix script '/home/nayab/dev_ws/install/local_setup.zsh'
[6.997s] INFO:colcon.colcon_core.shell:Creating prefix chain script '/home/nayab/dev_ws/install/setup.zsh'
