[0.292s] Invoking command in '/home/nayab/dev_ws/build/tutorial_interfaces': CMAKE_PREFIX_PATH=/home/nayab/dev_ws/install/tutorial_interfaces:/home/nayab/dev_ws/install/turtlesim:/home/nayab/dev_ws/install/rc_interfaces:/home/nayab/dev_ws/install/ether_follow_interfaces:/home/nayab/dev_ws/install/abds_core_common:/home/nayab/dev_ws/install/rc_data_emulator:/home/nayab/dev_ws/install/py_pubsub:/home/nayab/dev_ws/install/my_package:/home/nayab/dev_ws/install/ether_follow_pubsub:/home/nayab/dev_ws/install/dbr_pubsub:/opt/ros/foxy:/home/nayab/project_ws/devel:/opt/ros/noetic /usr/bin/cmake --build /home/nayab/dev_ws/build/tutorial_interfaces -- -j4 -l4
[0.373s] [ 10%] Built target tutorial_interfaces__rosidl_generator_c
[0.409s] [ 12%] Built target tutorial_interfaces__cpp
[0.425s] [ 23%] Built target tutorial_interfaces__rosidl_typesupport_introspection_c
[0.464s] [ 33%] Built target tutorial_interfaces__rosidl_typesupport_c
[0.471s] [ 43%] Built target tutorial_interfaces__rosidl_typesupport_cpp
[0.482s] [ 53%] Built target tutorial_interfaces__rosidl_typesupport_fastrtps_cpp
[0.487s] [ 64%] Built target tutorial_interfaces__rosidl_typesupport_introspection_cpp
[0.522s] [ 74%] Built target tutorial_interfaces__rosidl_typesupport_fastrtps_c
[0.543s] [ 74%] Built target tutorial_interfaces
[0.567s] [ 76%] Built target tutorial_interfaces__py
[0.600s] [ 84%] Built target tutorial_interfaces__python
[0.655s] [ 89%] Built target tutorial_interfaces__rosidl_typesupport_introspection_c__pyext
[0.666s] [ 94%] Built target tutorial_interfaces__rosidl_typesupport_fastrtps_c__pyext
[0.678s] [100%] Built target tutorial_interfaces__rosidl_typesupport_c__pyext
[0.699s] Invoked command in '/home/nayab/dev_ws/build/tutorial_interfaces' returned '0': CMAKE_PREFIX_PATH=/home/nayab/dev_ws/install/tutorial_interfaces:/home/nayab/dev_ws/install/turtlesim:/home/nayab/dev_ws/install/rc_interfaces:/home/nayab/dev_ws/install/ether_follow_interfaces:/home/nayab/dev_ws/install/abds_core_common:/home/nayab/dev_ws/install/rc_data_emulator:/home/nayab/dev_ws/install/py_pubsub:/home/nayab/dev_ws/install/my_package:/home/nayab/dev_ws/install/ether_follow_pubsub:/home/nayab/dev_ws/install/dbr_pubsub:/opt/ros/foxy:/home/nayab/project_ws/devel:/opt/ros/noetic /usr/bin/cmake --build /home/nayab/dev_ws/build/tutorial_interfaces -- -j4 -l4
[1.025s] Invoking command in '/home/nayab/dev_ws/build/tutorial_interfaces': CMAKE_PREFIX_PATH=/home/nayab/dev_ws/install/tutorial_interfaces:/home/nayab/dev_ws/install/turtlesim:/home/nayab/dev_ws/install/rc_interfaces:/home/nayab/dev_ws/install/ether_follow_interfaces:/home/nayab/dev_ws/install/abds_core_common:/home/nayab/dev_ws/install/rc_data_emulator:/home/nayab/dev_ws/install/py_pubsub:/home/nayab/dev_ws/install/my_package:/home/nayab/dev_ws/install/ether_follow_pubsub:/home/nayab/dev_ws/install/dbr_pubsub:/opt/ros/foxy:/home/nayab/project_ws/devel:/opt/ros/noetic /usr/bin/cmake --install /home/nayab/dev_ws/build/tutorial_interfaces
[1.038s] -- Install configuration: ""
[1.039s] -- Up-to-date: /home/nayab/dev_ws/install/tutorial_interfaces/share/ament_index/resource_index/rosidl_interfaces/tutorial_interfaces
[1.039s] -- Up-to-date: /home/nayab/dev_ws/install/tutorial_interfaces/include/tutorial_interfaces
[1.039s] -- Up-to-date: /home/nayab/dev_ws/install/tutorial_interfaces/include/tutorial_interfaces/msg
[1.039s] -- Up-to-date: /home/nayab/dev_ws/install/tutorial_interfaces/include/tutorial_interfaces/msg/detail
[1.039s] -- Up-to-date: /home/nayab/dev_ws/install/tutorial_interfaces/include/tutorial_interfaces/msg/detail/num__functions.h
[1.040s] -- Up-to-date: /home/nayab/dev_ws/install/tutorial_interfaces/include/tutorial_interfaces/msg/detail/mp_status__functions.h
[1.040s] -- Up-to-date: /home/nayab/dev_ws/install/tutorial_interfaces/include/tutorial_interfaces/msg/detail/mp_status__type_support.h
[1.040s] -- Up-to-date: /home/nayab/dev_ws/install/tutorial_interfaces/include/tutorial_interfaces/msg/detail/num__type_support.h
[1.040s] -- Up-to-date: /home/nayab/dev_ws/install/tutorial_interfaces/include/tutorial_interfaces/msg/detail/num__functions.c
[1.040s] -- Up-to-date: /home/nayab/dev_ws/install/tutorial_interfaces/include/tutorial_interfaces/msg/detail/mp_status__functions.c
[1.040s] -- Up-to-date: /home/nayab/dev_ws/install/tutorial_interfaces/include/tutorial_interfaces/msg/detail/num__struct.h
[1.041s] -- Up-to-date: /home/nayab/dev_ws/install/tutorial_interfaces/include/tutorial_interfaces/msg/detail/mp_status__struct.h
[1.041s] -- Up-to-date: /home/nayab/dev_ws/install/tutorial_interfaces/include/tutorial_interfaces/msg/num.h
[1.041s] -- Up-to-date: /home/nayab/dev_ws/install/tutorial_interfaces/include/tutorial_interfaces/msg/mp_status.h
[1.041s] -- Up-to-date: /home/nayab/dev_ws/install/tutorial_interfaces/include/tutorial_interfaces/msg/rosidl_generator_c__visibility_control.h
[1.041s] -- Up-to-date: /home/nayab/dev_ws/install/tutorial_interfaces/share/tutorial_interfaces/environment/library_path.sh
[1.041s] -- Up-to-date: /home/nayab/dev_ws/install/tutorial_interfaces/share/tutorial_interfaces/environment/library_path.dsv
[1.041s] -- Up-to-date: /home/nayab/dev_ws/install/tutorial_interfaces/lib/libtutorial_interfaces__rosidl_generator_c.so
[1.042s] -- Up-to-date: /home/nayab/dev_ws/install/tutorial_interfaces/include/tutorial_interfaces
[1.042s] -- Up-to-date: /home/nayab/dev_ws/install/tutorial_interfaces/include/tutorial_interfaces/msg
[1.042s] -- Up-to-date: /home/nayab/dev_ws/install/tutorial_interfaces/include/tutorial_interfaces/msg/detail
[1.042s] -- Up-to-date: /home/nayab/dev_ws/install/tutorial_interfaces/include/tutorial_interfaces/msg/detail/num__rosidl_typesupport_fastrtps_c.h
[1.042s] -- Up-to-date: /home/nayab/dev_ws/install/tutorial_interfaces/include/tutorial_interfaces/msg/detail/mp_status__rosidl_typesupport_fastrtps_c.h
[1.042s] -- Up-to-date: /home/nayab/dev_ws/install/tutorial_interfaces/include/tutorial_interfaces/msg/rosidl_typesupport_fastrtps_c__visibility_control.h
[1.042s] -- Up-to-date: /home/nayab/dev_ws/install/tutorial_interfaces/lib/libtutorial_interfaces__rosidl_typesupport_fastrtps_c.so
[1.042s] -- Up-to-date: /home/nayab/dev_ws/install/tutorial_interfaces/include/tutorial_interfaces
[1.043s] -- Up-to-date: /home/nayab/dev_ws/install/tutorial_interfaces/include/tutorial_interfaces/msg
[1.045s] -- Up-to-date: /home/nayab/dev_ws/install/tutorial_interfaces/include/tutorial_interfaces/msg/detail
[1.048s] -- Up-to-date: /home/nayab/dev_ws/install/tutorial_interfaces/include/tutorial_interfaces/msg/detail/dds_fastrtps
[1.050s] -- Up-to-date: /home/nayab/dev_ws/install/tutorial_interfaces/include/tutorial_interfaces/msg/detail/mp_status__rosidl_typesupport_fastrtps_cpp.hpp
[1.051s] -- Up-to-date: /home/nayab/dev_ws/install/tutorial_interfaces/include/tutorial_interfaces/msg/detail/num__rosidl_typesupport_fastrtps_cpp.hpp
[1.051s] -- Up-to-date: /home/nayab/dev_ws/install/tutorial_interfaces/include/tutorial_interfaces/msg/rosidl_typesupport_fastrtps_cpp__visibility_control.h
[1.056s] -- Up-to-date: /home/nayab/dev_ws/install/tutorial_interfaces/lib/libtutorial_interfaces__rosidl_typesupport_fastrtps_cpp.so
[1.058s] -- Up-to-date: /home/nayab/dev_ws/install/tutorial_interfaces/include/tutorial_interfaces
[1.058s] -- Up-to-date: /home/nayab/dev_ws/install/tutorial_interfaces/include/tutorial_interfaces/msg
[1.061s] -- Up-to-date: /home/nayab/dev_ws/install/tutorial_interfaces/include/tutorial_interfaces/msg/rosidl_typesupport_introspection_c__visibility_control.h
[1.061s] -- Up-to-date: /home/nayab/dev_ws/install/tutorial_interfaces/include/tutorial_interfaces/msg/detail
[1.062s] -- Up-to-date: /home/nayab/dev_ws/install/tutorial_interfaces/include/tutorial_interfaces/msg/detail/num__type_support.c
[1.062s] -- Up-to-date: /home/nayab/dev_ws/install/tutorial_interfaces/include/tutorial_interfaces/msg/detail/mp_status__rosidl_typesupport_introspection_c.h
[1.062s] -- Up-to-date: /home/nayab/dev_ws/install/tutorial_interfaces/include/tutorial_interfaces/msg/detail/num__rosidl_typesupport_introspection_c.h
[1.062s] -- Up-to-date: /home/nayab/dev_ws/install/tutorial_interfaces/include/tutorial_interfaces/msg/detail/mp_status__type_support.c
[1.062s] -- Up-to-date: /home/nayab/dev_ws/install/tutorial_interfaces/lib/libtutorial_interfaces__rosidl_typesupport_introspection_c.so
[1.063s] -- Up-to-date: /home/nayab/dev_ws/install/tutorial_interfaces/lib/libtutorial_interfaces__rosidl_typesupport_c.so
[1.063s] -- Up-to-date: /home/nayab/dev_ws/install/tutorial_interfaces/include/tutorial_interfaces
[1.063s] -- Up-to-date: /home/nayab/dev_ws/install/tutorial_interfaces/include/tutorial_interfaces/msg
[1.064s] -- Up-to-date: /home/nayab/dev_ws/install/tutorial_interfaces/include/tutorial_interfaces/msg/detail
[1.064s] -- Up-to-date: /home/nayab/dev_ws/install/tutorial_interfaces/include/tutorial_interfaces/msg/detail/num__traits.hpp
[1.064s] -- Up-to-date: /home/nayab/dev_ws/install/tutorial_interfaces/include/tutorial_interfaces/msg/detail/mp_status__struct.hpp
[1.064s] -- Up-to-date: /home/nayab/dev_ws/install/tutorial_interfaces/include/tutorial_interfaces/msg/detail/mp_status__builder.hpp
[1.064s] -- Up-to-date: /home/nayab/dev_ws/install/tutorial_interfaces/include/tutorial_interfaces/msg/detail/mp_status__traits.hpp
[1.064s] -- Up-to-date: /home/nayab/dev_ws/install/tutorial_interfaces/include/tutorial_interfaces/msg/detail/num__builder.hpp
[1.064s] -- Up-to-date: /home/nayab/dev_ws/install/tutorial_interfaces/include/tutorial_interfaces/msg/detail/num__struct.hpp
[1.064s] -- Up-to-date: /home/nayab/dev_ws/install/tutorial_interfaces/include/tutorial_interfaces/msg/mp_status.hpp
[1.065s] -- Up-to-date: /home/nayab/dev_ws/install/tutorial_interfaces/include/tutorial_interfaces/msg/num.hpp
[1.065s] -- Up-to-date: /home/nayab/dev_ws/install/tutorial_interfaces/include/tutorial_interfaces
[1.065s] -- Up-to-date: /home/nayab/dev_ws/install/tutorial_interfaces/include/tutorial_interfaces/msg
[1.065s] -- Up-to-date: /home/nayab/dev_ws/install/tutorial_interfaces/include/tutorial_interfaces/msg/detail
[1.065s] -- Up-to-date: /home/nayab/dev_ws/install/tutorial_interfaces/include/tutorial_interfaces/msg/detail/num__type_support.cpp
[1.065s] -- Up-to-date: /home/nayab/dev_ws/install/tutorial_interfaces/include/tutorial_interfaces/msg/detail/num__rosidl_typesupport_introspection_cpp.hpp
[1.065s] -- Up-to-date: /home/nayab/dev_ws/install/tutorial_interfaces/include/tutorial_interfaces/msg/detail/mp_status__rosidl_typesupport_introspection_cpp.hpp
[1.065s] -- Up-to-date: /home/nayab/dev_ws/install/tutorial_interfaces/include/tutorial_interfaces/msg/detail/mp_status__type_support.cpp
[1.065s] -- Up-to-date: /home/nayab/dev_ws/install/tutorial_interfaces/lib/libtutorial_interfaces__rosidl_typesupport_introspection_cpp.so
[1.065s] -- Up-to-date: /home/nayab/dev_ws/install/tutorial_interfaces/lib/libtutorial_interfaces__rosidl_typesupport_cpp.so
[1.066s] -- Up-to-date: /home/nayab/dev_ws/install/tutorial_interfaces/share/tutorial_interfaces/environment/pythonpath.sh
[1.066s] -- Up-to-date: /home/nayab/dev_ws/install/tutorial_interfaces/share/tutorial_interfaces/environment/pythonpath.dsv
[1.066s] -- Up-to-date: /home/nayab/dev_ws/install/tutorial_interfaces/lib/python3.8/site-packages/tutorial_interfaces/__init__.py
[1.114s] -- Up-to-date: /home/nayab/dev_ws/install/tutorial_interfaces/lib/python3.8/site-packages/tutorial_interfaces/msg
[1.114s] -- Up-to-date: /home/nayab/dev_ws/install/tutorial_interfaces/lib/python3.8/site-packages/tutorial_interfaces/msg/__init__.py
[1.114s] -- Up-to-date: /home/nayab/dev_ws/install/tutorial_interfaces/lib/python3.8/site-packages/tutorial_interfaces/msg/_num_s.c
[1.115s] -- Up-to-date: /home/nayab/dev_ws/install/tutorial_interfaces/lib/python3.8/site-packages/tutorial_interfaces/msg/_num.py
[1.115s] -- Up-to-date: /home/nayab/dev_ws/install/tutorial_interfaces/lib/python3.8/site-packages/tutorial_interfaces/msg/_mp_status_s.c
[1.115s] -- Up-to-date: /home/nayab/dev_ws/install/tutorial_interfaces/lib/python3.8/site-packages/tutorial_interfaces/msg/_mp_status.py
[1.115s] -- Up-to-date: /home/nayab/dev_ws/install/tutorial_interfaces/lib/python3.8/site-packages/tutorial_interfaces/tutorial_interfaces_s__rosidl_typesupport_fastrtps_c.cpython-38-x86_64-linux-gnu.so
[1.115s] -- Up-to-date: /home/nayab/dev_ws/install/tutorial_interfaces/lib/python3.8/site-packages/tutorial_interfaces/tutorial_interfaces_s__rosidl_typesupport_introspection_c.cpython-38-x86_64-linux-gnu.so
[1.116s] -- Up-to-date: /home/nayab/dev_ws/install/tutorial_interfaces/lib/python3.8/site-packages/tutorial_interfaces/tutorial_interfaces_s__rosidl_typesupport_c.cpython-38-x86_64-linux-gnu.so
[1.117s] -- Up-to-date: /home/nayab/dev_ws/install/tutorial_interfaces/lib/libtutorial_interfaces__python.so
[1.117s] -- Up-to-date: /home/nayab/dev_ws/install/tutorial_interfaces/share/tutorial_interfaces/msg/Num.idl
[1.117s] -- Up-to-date: /home/nayab/dev_ws/install/tutorial_interfaces/share/tutorial_interfaces/msg/MpStatus.idl
[1.117s] -- Up-to-date: /home/nayab/dev_ws/install/tutorial_interfaces/share/tutorial_interfaces/msg/Num.msg
[1.117s] -- Up-to-date: /home/nayab/dev_ws/install/tutorial_interfaces/share/tutorial_interfaces/msg/MpStatus.msg
[1.117s] -- Up-to-date: /home/nayab/dev_ws/install/tutorial_interfaces/share/ament_index/resource_index/package_run_dependencies/tutorial_interfaces
[1.117s] -- Up-to-date: /home/nayab/dev_ws/install/tutorial_interfaces/share/ament_index/resource_index/parent_prefix_path/tutorial_interfaces
[1.117s] -- Up-to-date: /home/nayab/dev_ws/install/tutorial_interfaces/share/tutorial_interfaces/environment/ament_prefix_path.sh
[1.118s] -- Up-to-date: /home/nayab/dev_ws/install/tutorial_interfaces/share/tutorial_interfaces/environment/ament_prefix_path.dsv
[1.118s] -- Up-to-date: /home/nayab/dev_ws/install/tutorial_interfaces/share/tutorial_interfaces/environment/path.sh
[1.118s] -- Up-to-date: /home/nayab/dev_ws/install/tutorial_interfaces/share/tutorial_interfaces/environment/path.dsv
[1.118s] -- Up-to-date: /home/nayab/dev_ws/install/tutorial_interfaces/share/tutorial_interfaces/local_setup.bash
[1.118s] -- Up-to-date: /home/nayab/dev_ws/install/tutorial_interfaces/share/tutorial_interfaces/local_setup.sh
[1.118s] -- Up-to-date: /home/nayab/dev_ws/install/tutorial_interfaces/share/tutorial_interfaces/local_setup.zsh
[1.118s] -- Up-to-date: /home/nayab/dev_ws/install/tutorial_interfaces/share/tutorial_interfaces/local_setup.dsv
[1.118s] -- Installing: /home/nayab/dev_ws/install/tutorial_interfaces/share/tutorial_interfaces/package.dsv
[1.118s] -- Up-to-date: /home/nayab/dev_ws/install/tutorial_interfaces/share/ament_index/resource_index/packages/tutorial_interfaces
[1.118s] -- Up-to-date: /home/nayab/dev_ws/install/tutorial_interfaces/share/tutorial_interfaces/cmake/tutorial_interfaces__rosidl_generator_cExport.cmake
[1.119s] -- Up-to-date: /home/nayab/dev_ws/install/tutorial_interfaces/share/tutorial_interfaces/cmake/tutorial_interfaces__rosidl_generator_cExport-noconfig.cmake
[1.119s] -- Up-to-date: /home/nayab/dev_ws/install/tutorial_interfaces/share/tutorial_interfaces/cmake/tutorial_interfaces__rosidl_typesupport_introspection_cExport.cmake
[1.119s] -- Up-to-date: /home/nayab/dev_ws/install/tutorial_interfaces/share/tutorial_interfaces/cmake/tutorial_interfaces__rosidl_typesupport_introspection_cExport-noconfig.cmake
[1.119s] -- Up-to-date: /home/nayab/dev_ws/install/tutorial_interfaces/share/tutorial_interfaces/cmake/tutorial_interfaces__rosidl_typesupport_cExport.cmake
[1.119s] -- Up-to-date: /home/nayab/dev_ws/install/tutorial_interfaces/share/tutorial_interfaces/cmake/tutorial_interfaces__rosidl_typesupport_cExport-noconfig.cmake
[1.119s] -- Up-to-date: /home/nayab/dev_ws/install/tutorial_interfaces/share/tutorial_interfaces/cmake/tutorial_interfaces__rosidl_generator_cppExport.cmake
[1.120s] -- Up-to-date: /home/nayab/dev_ws/install/tutorial_interfaces/share/tutorial_interfaces/cmake/tutorial_interfaces__rosidl_typesupport_introspection_cppExport.cmake
[1.120s] -- Up-to-date: /home/nayab/dev_ws/install/tutorial_interfaces/share/tutorial_interfaces/cmake/tutorial_interfaces__rosidl_typesupport_introspection_cppExport-noconfig.cmake
[1.120s] -- Up-to-date: /home/nayab/dev_ws/install/tutorial_interfaces/share/tutorial_interfaces/cmake/tutorial_interfaces__rosidl_typesupport_cppExport.cmake
[1.120s] -- Up-to-date: /home/nayab/dev_ws/install/tutorial_interfaces/share/tutorial_interfaces/cmake/tutorial_interfaces__rosidl_typesupport_cppExport-noconfig.cmake
[1.120s] -- Up-to-date: /home/nayab/dev_ws/install/tutorial_interfaces/share/tutorial_interfaces/cmake/rosidl_cmake-extras.cmake
[1.120s] -- Up-to-date: /home/nayab/dev_ws/install/tutorial_interfaces/share/tutorial_interfaces/cmake/ament_cmake_export_dependencies-extras.cmake
[1.120s] -- Up-to-date: /home/nayab/dev_ws/install/tutorial_interfaces/share/tutorial_interfaces/cmake/ament_cmake_export_libraries-extras.cmake
[1.120s] -- Up-to-date: /home/nayab/dev_ws/install/tutorial_interfaces/share/tutorial_interfaces/cmake/ament_cmake_export_targets-extras.cmake
[1.121s] -- Up-to-date: /home/nayab/dev_ws/install/tutorial_interfaces/share/tutorial_interfaces/cmake/ament_cmake_export_include_directories-extras.cmake
[1.121s] -- Up-to-date: /home/nayab/dev_ws/install/tutorial_interfaces/share/tutorial_interfaces/cmake/rosidl_cmake_export_typesupport_libraries-extras.cmake
[1.121s] -- Up-to-date: /home/nayab/dev_ws/install/tutorial_interfaces/share/tutorial_interfaces/cmake/rosidl_cmake_export_typesupport_targets-extras.cmake
[1.121s] -- Up-to-date: /home/nayab/dev_ws/install/tutorial_interfaces/share/tutorial_interfaces/cmake/tutorial_interfacesConfig.cmake
[1.121s] -- Up-to-date: /home/nayab/dev_ws/install/tutorial_interfaces/share/tutorial_interfaces/cmake/tutorial_interfacesConfig-version.cmake
[1.121s] -- Up-to-date: /home/nayab/dev_ws/install/tutorial_interfaces/share/tutorial_interfaces/package.xml
[1.125s] Invoked command in '/home/nayab/dev_ws/build/tutorial_interfaces' returned '0': CMAKE_PREFIX_PATH=/home/nayab/dev_ws/install/tutorial_interfaces:/home/nayab/dev_ws/install/turtlesim:/home/nayab/dev_ws/install/rc_interfaces:/home/nayab/dev_ws/install/ether_follow_interfaces:/home/nayab/dev_ws/install/abds_core_common:/home/nayab/dev_ws/install/rc_data_emulator:/home/nayab/dev_ws/install/py_pubsub:/home/nayab/dev_ws/install/my_package:/home/nayab/dev_ws/install/ether_follow_pubsub:/home/nayab/dev_ws/install/dbr_pubsub:/opt/ros/foxy:/home/nayab/project_ws/devel:/opt/ros/noetic /usr/bin/cmake --install /home/nayab/dev_ws/build/tutorial_interfaces
