[0.049s] Invoking command in '/home/nayab/dev_ws/build/abds_core_common': CMAKE_PREFIX_PATH=/home/nayab/dev_ws/install/tutorial_interfaces:/home/nayab/dev_ws/install/turtlesim:/home/nayab/dev_ws/install/rc_interfaces:/home/nayab/dev_ws/install/abds_core_common:/home/nayab/dev_ws/install/rc_data_emulator:/home/nayab/dev_ws/install/py_pubsub:/home/nayab/dev_ws/install/my_package:/home/nayab/dev_ws/install/dbr_pubsub:/opt/ros/foxy:/home/nayab/project_ws/devel:/opt/ros/noetic /usr/bin/cmake --build /home/nayab/dev_ws/build/abds_core_common -- -j4 -l4
[0.587s] -- Found ament_cmake_auto: 0.9.9 (/opt/ros/foxy/share/ament_cmake_auto/cmake)
[0.589s] -- Found PythonInterp: /usr/bin/python3 (found suitable version "3.8.10", minimum required is "3") 
[0.589s] -- Using PYTHON_EXECUTABLE: /usr/bin/python3
[0.589s] -- Using all available rosidl_typesupport_c: rosidl_typesupport_fastrtps_c;rosidl_typesupport_introspection_c
[0.589s] -- Found rosidl_adapter: 1.2.1 (/opt/ros/foxy/share/rosidl_adapter/cmake)
[0.630s] -- Using all available rosidl_typesupport_cpp: rosidl_typesupport_fastrtps_cpp;rosidl_typesupport_introspection_cpp
[0.901s] -- Found rmw_implementation_cmake: 1.0.3 (/opt/ros/foxy/share/rmw_implementation_cmake/cmake)
[0.904s] -- Using RMW implementation 'rmw_fastrtps_cpp' as default
[1.093s] -- Found PythonInterp: /usr/bin/python3 (found version "3.8.10") 
[1.256s] -- Found ament_cmake_ros: 0.9.2 (/opt/ros/foxy/share/ament_cmake_ros/cmake)
[1.385s] -- Using all available rosidl_typesupport_c: rosidl_typesupport_fastrtps_c;rosidl_typesupport_introspection_c
[1.399s] -- Using all available rosidl_typesupport_cpp: rosidl_typesupport_fastrtps_cpp;rosidl_typesupport_introspection_cpp
[1.437s] -- Found PythonInterp: /usr/bin/python3 (found suitable version "3.8.10", minimum required is "3.5") 
[1.437s] -- Found python_cmake_module: 0.8.1 (/opt/ros/foxy/share/python_cmake_module/cmake)
[1.466s] -- Using PYTHON_EXECUTABLE: /usr/bin/python3
[1.466s] -- Using PYTHON_INCLUDE_DIRS: /usr/include/python3.8
[1.467s] -- Using PYTHON_LIBRARIES: /usr/lib/x86_64-linux-gnu/libpython3.8.so
[1.488s] -- Found ament_lint_auto: 0.9.6 (/opt/ros/foxy/share/ament_lint_auto/cmake)
[1.509s] -- Added test 'copyright' to check source files copyright and LICENSE
[1.511s] -- Added test 'cppcheck' to perform static code analysis on C / C++ code
[1.513s] -- Configured cppcheck include dirs: /home/nayab/dev_ws/src/abds_core_common/include
[1.513s] -- Configured cppcheck exclude dirs and/or files: 
[1.514s] -- Added test 'cpplint' to check C / C++ code against the Google style
[1.514s] -- Configured cpplint exclude dirs and/or files: 
[1.516s] -- Added test 'lint_cmake' to check CMake code style
[1.518s] -- Added test 'uncrustify' to check C / C++ code style
[1.518s] -- Configured uncrustify additional arguments: 
[1.518s] -- Added test 'xmllint' to check XML markup files
[1.526s] -- Configuring done
[1.623s] -- Generating done
[1.627s] -- Build files have been written to: /home/nayab/dev_ws/build/abds_core_common
[1.683s] [  1%] Built target abds_core_common__cpp
[1.684s] [  1%] [32m[1mLinking CXX shared library libabds_core_common_lib.so[0m
[1.720s] [ 12%] Built target abds_core_common__rosidl_generator_c
[1.748s] [ 24%] Built target abds_core_common__rosidl_typesupport_cpp
[1.750s] [ 36%] Built target abds_core_common__rosidl_typesupport_introspection_cpp
[1.816s] [ 48%] Built target abds_core_common__rosidl_typesupport_c
[1.818s] [ 60%] Built target abds_core_common__rosidl_typesupport_introspection_c
[1.839s] [ 71%] Built target abds_core_common__rosidl_typesupport_fastrtps_cpp
[1.881s] [ 82%] Built target abds_core_common__rosidl_typesupport_fastrtps_c
[1.887s] [ 84%] Built target abds_core_common_lib
[1.907s] [ 84%] Built target abds_core_common
[1.931s] [ 85%] Built target abds_core_common__py
[1.976s] [ 96%] Built target abds_core_common__python
[2.020s] [ 97%] Built target abds_core_common__rosidl_typesupport_introspection_c__pyext
[2.036s] [ 98%] Built target abds_core_common__rosidl_typesupport_c__pyext
[2.043s] [100%] Built target abds_core_common__rosidl_typesupport_fastrtps_c__pyext
[2.060s] Invoked command in '/home/nayab/dev_ws/build/abds_core_common' returned '0': CMAKE_PREFIX_PATH=/home/nayab/dev_ws/install/tutorial_interfaces:/home/nayab/dev_ws/install/turtlesim:/home/nayab/dev_ws/install/rc_interfaces:/home/nayab/dev_ws/install/abds_core_common:/home/nayab/dev_ws/install/rc_data_emulator:/home/nayab/dev_ws/install/py_pubsub:/home/nayab/dev_ws/install/my_package:/home/nayab/dev_ws/install/dbr_pubsub:/opt/ros/foxy:/home/nayab/project_ws/devel:/opt/ros/noetic /usr/bin/cmake --build /home/nayab/dev_ws/build/abds_core_common -- -j4 -l4
[2.329s] Invoking command in '/home/nayab/dev_ws/build/abds_core_common': CMAKE_PREFIX_PATH=/home/nayab/dev_ws/install/tutorial_interfaces:/home/nayab/dev_ws/install/turtlesim:/home/nayab/dev_ws/install/rc_interfaces:/home/nayab/dev_ws/install/abds_core_common:/home/nayab/dev_ws/install/rc_data_emulator:/home/nayab/dev_ws/install/py_pubsub:/home/nayab/dev_ws/install/my_package:/home/nayab/dev_ws/install/dbr_pubsub:/opt/ros/foxy:/home/nayab/project_ws/devel:/opt/ros/noetic /usr/bin/cmake --install /home/nayab/dev_ws/build/abds_core_common
[2.343s] -- Install configuration: ""
[2.343s] -- Up-to-date: /home/nayab/dev_ws/install/abds_core_common/share/ament_index/resource_index/rosidl_interfaces/abds_core_common
[2.343s] -- Up-to-date: /home/nayab/dev_ws/install/abds_core_common/include/abds_core_common
[2.344s] -- Up-to-date: /home/nayab/dev_ws/install/abds_core_common/include/abds_core_common/msg
[2.344s] -- Up-to-date: /home/nayab/dev_ws/install/abds_core_common/include/abds_core_common/msg/cluster.h
[2.344s] -- Up-to-date: /home/nayab/dev_ws/install/abds_core_common/include/abds_core_common/msg/detail
[2.344s] -- Up-to-date: /home/nayab/dev_ws/install/abds_core_common/include/abds_core_common/msg/detail/vehicle_command__struct.h
[2.344s] -- Up-to-date: /home/nayab/dev_ws/install/abds_core_common/include/abds_core_common/msg/detail/bounding_box__functions.h
[2.344s] -- Up-to-date: /home/nayab/dev_ws/install/abds_core_common/include/abds_core_common/msg/detail/bounding_boxes__type_support.h
[2.344s] -- Up-to-date: /home/nayab/dev_ws/install/abds_core_common/include/abds_core_common/msg/detail/test_state__functions.c
[2.344s] -- Up-to-date: /home/nayab/dev_ws/install/abds_core_common/include/abds_core_common/msg/detail/bounding_box__struct.h
[2.344s] -- Up-to-date: /home/nayab/dev_ws/install/abds_core_common/include/abds_core_common/msg/detail/cluster__functions.h
[2.345s] -- Up-to-date: /home/nayab/dev_ws/install/abds_core_common/include/abds_core_common/msg/detail/bounding_boxes__functions.h
[2.345s] -- Up-to-date: /home/nayab/dev_ws/install/abds_core_common/include/abds_core_common/msg/detail/trajectory_point__struct.h
[2.345s] -- Up-to-date: /home/nayab/dev_ws/install/abds_core_common/include/abds_core_common/msg/detail/bounding_box__type_support.h
[2.345s] -- Up-to-date: /home/nayab/dev_ws/install/abds_core_common/include/abds_core_common/msg/detail/trajectory__functions.c
[2.345s] -- Up-to-date: /home/nayab/dev_ws/install/abds_core_common/include/abds_core_common/msg/detail/test_state__struct.h
[2.345s] -- Up-to-date: /home/nayab/dev_ws/install/abds_core_common/include/abds_core_common/msg/detail/test_state__functions.h
[2.345s] -- Up-to-date: /home/nayab/dev_ws/install/abds_core_common/include/abds_core_common/msg/detail/trajectory_point__functions.c
[2.345s] -- Up-to-date: /home/nayab/dev_ws/install/abds_core_common/include/abds_core_common/msg/detail/vehicle_command__type_support.h
[2.345s] -- Up-to-date: /home/nayab/dev_ws/install/abds_core_common/include/abds_core_common/msg/detail/cluster__struct.h
[2.345s] -- Up-to-date: /home/nayab/dev_ws/install/abds_core_common/include/abds_core_common/msg/detail/clusters__struct.h
[2.346s] -- Up-to-date: /home/nayab/dev_ws/install/abds_core_common/include/abds_core_common/msg/detail/trajectory__struct.h
[2.346s] -- Up-to-date: /home/nayab/dev_ws/install/abds_core_common/include/abds_core_common/msg/detail/clusters__functions.h
[2.346s] -- Up-to-date: /home/nayab/dev_ws/install/abds_core_common/include/abds_core_common/msg/detail/vehicle_command__functions.c
[2.346s] -- Up-to-date: /home/nayab/dev_ws/install/abds_core_common/include/abds_core_common/msg/detail/bounding_boxes__struct.h
[2.346s] -- Up-to-date: /home/nayab/dev_ws/install/abds_core_common/include/abds_core_common/msg/detail/cluster__type_support.h
[2.346s] -- Up-to-date: /home/nayab/dev_ws/install/abds_core_common/include/abds_core_common/msg/detail/trajectory_point__type_support.h
[2.346s] -- Up-to-date: /home/nayab/dev_ws/install/abds_core_common/include/abds_core_common/msg/detail/bounding_boxes__functions.c
[2.346s] -- Up-to-date: /home/nayab/dev_ws/install/abds_core_common/include/abds_core_common/msg/detail/vehicle_command__functions.h
[2.346s] -- Up-to-date: /home/nayab/dev_ws/install/abds_core_common/include/abds_core_common/msg/detail/bounding_box__functions.c
[2.346s] -- Up-to-date: /home/nayab/dev_ws/install/abds_core_common/include/abds_core_common/msg/detail/vehicle_state__functions.h
[2.347s] -- Up-to-date: /home/nayab/dev_ws/install/abds_core_common/include/abds_core_common/msg/detail/test_state__type_support.h
[2.347s] -- Up-to-date: /home/nayab/dev_ws/install/abds_core_common/include/abds_core_common/msg/detail/clusters__functions.c
[2.347s] -- Up-to-date: /home/nayab/dev_ws/install/abds_core_common/include/abds_core_common/msg/detail/vehicle_state__struct.h
[2.347s] -- Up-to-date: /home/nayab/dev_ws/install/abds_core_common/include/abds_core_common/msg/detail/vehicle_state__functions.c
[2.347s] -- Up-to-date: /home/nayab/dev_ws/install/abds_core_common/include/abds_core_common/msg/detail/cluster__functions.c
[2.347s] -- Up-to-date: /home/nayab/dev_ws/install/abds_core_common/include/abds_core_common/msg/detail/trajectory__type_support.h
[2.348s] -- Up-to-date: /home/nayab/dev_ws/install/abds_core_common/include/abds_core_common/msg/detail/trajectory__functions.h
[2.348s] -- Up-to-date: /home/nayab/dev_ws/install/abds_core_common/include/abds_core_common/msg/detail/trajectory_point__functions.h
[2.348s] -- Up-to-date: /home/nayab/dev_ws/install/abds_core_common/include/abds_core_common/msg/detail/clusters__type_support.h
[2.348s] -- Up-to-date: /home/nayab/dev_ws/install/abds_core_common/include/abds_core_common/msg/detail/vehicle_state__type_support.h
[2.348s] -- Up-to-date: /home/nayab/dev_ws/install/abds_core_common/include/abds_core_common/msg/test_state.h
[2.348s] -- Up-to-date: /home/nayab/dev_ws/install/abds_core_common/include/abds_core_common/msg/vehicle_command.h
[2.348s] -- Up-to-date: /home/nayab/dev_ws/install/abds_core_common/include/abds_core_common/msg/vehicle_state.h
[2.348s] -- Up-to-date: /home/nayab/dev_ws/install/abds_core_common/include/abds_core_common/msg/bounding_box.h
[2.349s] -- Up-to-date: /home/nayab/dev_ws/install/abds_core_common/include/abds_core_common/msg/rosidl_generator_c__visibility_control.h
[2.349s] -- Up-to-date: /home/nayab/dev_ws/install/abds_core_common/include/abds_core_common/msg/clusters.h
[2.349s] -- Up-to-date: /home/nayab/dev_ws/install/abds_core_common/include/abds_core_common/msg/trajectory_point.h
[2.349s] -- Up-to-date: /home/nayab/dev_ws/install/abds_core_common/include/abds_core_common/msg/trajectory.h
[2.349s] -- Up-to-date: /home/nayab/dev_ws/install/abds_core_common/include/abds_core_common/msg/bounding_boxes.h
[2.349s] -- Up-to-date: /home/nayab/dev_ws/install/abds_core_common/include/abds_core_common/srv
[2.349s] -- Up-to-date: /home/nayab/dev_ws/install/abds_core_common/include/abds_core_common/srv/luminar_connect.h
[2.349s] -- Up-to-date: /home/nayab/dev_ws/install/abds_core_common/include/abds_core_common/srv/luminar_set_fov.h
[2.350s] -- Up-to-date: /home/nayab/dev_ws/install/abds_core_common/include/abds_core_common/srv/detail
[2.350s] -- Up-to-date: /home/nayab/dev_ws/install/abds_core_common/include/abds_core_common/srv/detail/luminar_set_fov__type_support.h
[2.350s] -- Up-to-date: /home/nayab/dev_ws/install/abds_core_common/include/abds_core_common/srv/detail/luminar_set_fov__functions.c
[2.350s] -- Up-to-date: /home/nayab/dev_ws/install/abds_core_common/include/abds_core_common/srv/detail/luminar_discover_sensors__functions.h
[2.351s] -- Up-to-date: /home/nayab/dev_ws/install/abds_core_common/include/abds_core_common/srv/detail/luminar_set_duration__type_support.h
[2.351s] -- Up-to-date: /home/nayab/dev_ws/install/abds_core_common/include/abds_core_common/srv/detail/luminar_set_frequency__functions.h
[2.351s] -- Up-to-date: /home/nayab/dev_ws/install/abds_core_common/include/abds_core_common/srv/detail/luminar_connect__struct.h
[2.351s] -- Up-to-date: /home/nayab/dev_ws/install/abds_core_common/include/abds_core_common/srv/detail/luminar_set_frequency__functions.c
[2.351s] -- Up-to-date: /home/nayab/dev_ws/install/abds_core_common/include/abds_core_common/srv/detail/luminar_discover_sensors__struct.h
[2.351s] -- Up-to-date: /home/nayab/dev_ws/install/abds_core_common/include/abds_core_common/srv/detail/luminar_set_frequency__type_support.h
[2.351s] -- Up-to-date: /home/nayab/dev_ws/install/abds_core_common/include/abds_core_common/srv/detail/luminar_set_fov__functions.h
[2.351s] -- Up-to-date: /home/nayab/dev_ws/install/abds_core_common/include/abds_core_common/srv/detail/luminar_connect__type_support.h
[2.352s] -- Up-to-date: /home/nayab/dev_ws/install/abds_core_common/include/abds_core_common/srv/detail/luminar_connect__functions.h
[2.352s] -- Up-to-date: /home/nayab/dev_ws/install/abds_core_common/include/abds_core_common/srv/detail/luminar_discover_sensors__type_support.h
[2.352s] -- Up-to-date: /home/nayab/dev_ws/install/abds_core_common/include/abds_core_common/srv/detail/luminar_set_duration__struct.h
[2.352s] -- Up-to-date: /home/nayab/dev_ws/install/abds_core_common/include/abds_core_common/srv/detail/luminar_set_duration__functions.h
[2.352s] -- Up-to-date: /home/nayab/dev_ws/install/abds_core_common/include/abds_core_common/srv/detail/luminar_discover_sensors__functions.c
[2.352s] -- Up-to-date: /home/nayab/dev_ws/install/abds_core_common/include/abds_core_common/srv/detail/luminar_set_frequency__struct.h
[2.352s] -- Up-to-date: /home/nayab/dev_ws/install/abds_core_common/include/abds_core_common/srv/detail/luminar_connect__functions.c
[2.352s] -- Up-to-date: /home/nayab/dev_ws/install/abds_core_common/include/abds_core_common/srv/detail/luminar_set_duration__functions.c
[2.352s] -- Up-to-date: /home/nayab/dev_ws/install/abds_core_common/include/abds_core_common/srv/detail/luminar_set_fov__struct.h
[2.352s] -- Up-to-date: /home/nayab/dev_ws/install/abds_core_common/include/abds_core_common/srv/luminar_set_frequency.h
[2.352s] -- Up-to-date: /home/nayab/dev_ws/install/abds_core_common/include/abds_core_common/srv/luminar_set_duration.h
[2.353s] -- Up-to-date: /home/nayab/dev_ws/install/abds_core_common/include/abds_core_common/srv/luminar_discover_sensors.h
[2.353s] -- Up-to-date: /home/nayab/dev_ws/install/abds_core_common/share/abds_core_common/environment/library_path.sh
[2.353s] -- Installing: /home/nayab/dev_ws/install/abds_core_common/share/abds_core_common/environment/library_path.dsv
[2.353s] -- Up-to-date: /home/nayab/dev_ws/install/abds_core_common/lib/libabds_core_common__rosidl_generator_c.so
[2.353s] -- Up-to-date: /home/nayab/dev_ws/install/abds_core_common/include/abds_core_common
[2.353s] -- Up-to-date: /home/nayab/dev_ws/install/abds_core_common/include/abds_core_common/msg
[2.353s] -- Up-to-date: /home/nayab/dev_ws/install/abds_core_common/include/abds_core_common/msg/detail
[2.353s] -- Up-to-date: /home/nayab/dev_ws/install/abds_core_common/include/abds_core_common/msg/detail/bounding_boxes__rosidl_typesupport_fastrtps_c.h
[2.353s] -- Up-to-date: /home/nayab/dev_ws/install/abds_core_common/include/abds_core_common/msg/detail/trajectory_point__rosidl_typesupport_fastrtps_c.h
[2.353s] -- Up-to-date: /home/nayab/dev_ws/install/abds_core_common/include/abds_core_common/msg/detail/vehicle_command__rosidl_typesupport_fastrtps_c.h
[2.353s] -- Up-to-date: /home/nayab/dev_ws/install/abds_core_common/include/abds_core_common/msg/detail/clusters__rosidl_typesupport_fastrtps_c.h
[2.353s] -- Up-to-date: /home/nayab/dev_ws/install/abds_core_common/include/abds_core_common/msg/detail/trajectory__rosidl_typesupport_fastrtps_c.h
[2.354s] -- Up-to-date: /home/nayab/dev_ws/install/abds_core_common/include/abds_core_common/msg/detail/cluster__rosidl_typesupport_fastrtps_c.h
[2.354s] -- Up-to-date: /home/nayab/dev_ws/install/abds_core_common/include/abds_core_common/msg/detail/test_state__rosidl_typesupport_fastrtps_c.h
[2.354s] -- Up-to-date: /home/nayab/dev_ws/install/abds_core_common/include/abds_core_common/msg/detail/bounding_box__rosidl_typesupport_fastrtps_c.h
[2.354s] -- Up-to-date: /home/nayab/dev_ws/install/abds_core_common/include/abds_core_common/msg/detail/vehicle_state__rosidl_typesupport_fastrtps_c.h
[2.354s] -- Up-to-date: /home/nayab/dev_ws/install/abds_core_common/include/abds_core_common/msg/rosidl_typesupport_fastrtps_c__visibility_control.h
[2.354s] -- Up-to-date: /home/nayab/dev_ws/install/abds_core_common/include/abds_core_common/srv
[2.354s] -- Up-to-date: /home/nayab/dev_ws/install/abds_core_common/include/abds_core_common/srv/detail
[2.354s] -- Up-to-date: /home/nayab/dev_ws/install/abds_core_common/include/abds_core_common/srv/detail/luminar_set_frequency__rosidl_typesupport_fastrtps_c.h
[2.354s] -- Up-to-date: /home/nayab/dev_ws/install/abds_core_common/include/abds_core_common/srv/detail/luminar_discover_sensors__rosidl_typesupport_fastrtps_c.h
[2.355s] -- Up-to-date: /home/nayab/dev_ws/install/abds_core_common/include/abds_core_common/srv/detail/luminar_connect__rosidl_typesupport_fastrtps_c.h
[2.355s] -- Up-to-date: /home/nayab/dev_ws/install/abds_core_common/include/abds_core_common/srv/detail/luminar_set_fov__rosidl_typesupport_fastrtps_c.h
[2.355s] -- Up-to-date: /home/nayab/dev_ws/install/abds_core_common/include/abds_core_common/srv/detail/luminar_set_duration__rosidl_typesupport_fastrtps_c.h
[2.355s] -- Up-to-date: /home/nayab/dev_ws/install/abds_core_common/lib/libabds_core_common__rosidl_typesupport_fastrtps_c.so
[2.355s] -- Up-to-date: /home/nayab/dev_ws/install/abds_core_common/include/abds_core_common
[2.355s] -- Up-to-date: /home/nayab/dev_ws/install/abds_core_common/include/abds_core_common/msg
[2.355s] -- Up-to-date: /home/nayab/dev_ws/install/abds_core_common/include/abds_core_common/msg/detail
[2.356s] -- Up-to-date: /home/nayab/dev_ws/install/abds_core_common/include/abds_core_common/msg/detail/dds_fastrtps
[2.357s] -- Up-to-date: /home/nayab/dev_ws/install/abds_core_common/include/abds_core_common/msg/detail/vehicle_command__rosidl_typesupport_fastrtps_cpp.hpp
[2.358s] -- Up-to-date: /home/nayab/dev_ws/install/abds_core_common/include/abds_core_common/msg/detail/cluster__rosidl_typesupport_fastrtps_cpp.hpp
[2.358s] -- Up-to-date: /home/nayab/dev_ws/install/abds_core_common/include/abds_core_common/msg/detail/bounding_boxes__rosidl_typesupport_fastrtps_cpp.hpp
[2.358s] -- Up-to-date: /home/nayab/dev_ws/install/abds_core_common/include/abds_core_common/msg/detail/vehicle_state__rosidl_typesupport_fastrtps_cpp.hpp
[2.358s] -- Up-to-date: /home/nayab/dev_ws/install/abds_core_common/include/abds_core_common/msg/detail/clusters__rosidl_typesupport_fastrtps_cpp.hpp
[2.358s] -- Up-to-date: /home/nayab/dev_ws/install/abds_core_common/include/abds_core_common/msg/detail/bounding_box__rosidl_typesupport_fastrtps_cpp.hpp
[2.358s] -- Up-to-date: /home/nayab/dev_ws/install/abds_core_common/include/abds_core_common/msg/detail/trajectory__rosidl_typesupport_fastrtps_cpp.hpp
[2.358s] -- Up-to-date: /home/nayab/dev_ws/install/abds_core_common/include/abds_core_common/msg/detail/test_state__rosidl_typesupport_fastrtps_cpp.hpp
[2.358s] -- Up-to-date: /home/nayab/dev_ws/install/abds_core_common/include/abds_core_common/msg/detail/trajectory_point__rosidl_typesupport_fastrtps_cpp.hpp
[2.358s] -- Up-to-date: /home/nayab/dev_ws/install/abds_core_common/include/abds_core_common/msg/rosidl_typesupport_fastrtps_cpp__visibility_control.h
[2.358s] -- Up-to-date: /home/nayab/dev_ws/install/abds_core_common/include/abds_core_common/srv
[2.359s] -- Up-to-date: /home/nayab/dev_ws/install/abds_core_common/include/abds_core_common/srv/detail
[2.359s] -- Up-to-date: /home/nayab/dev_ws/install/abds_core_common/include/abds_core_common/srv/detail/dds_fastrtps
[2.359s] -- Up-to-date: /home/nayab/dev_ws/install/abds_core_common/include/abds_core_common/srv/detail/luminar_set_duration__rosidl_typesupport_fastrtps_cpp.hpp
[2.359s] -- Up-to-date: /home/nayab/dev_ws/install/abds_core_common/include/abds_core_common/srv/detail/luminar_set_fov__rosidl_typesupport_fastrtps_cpp.hpp
[2.359s] -- Up-to-date: /home/nayab/dev_ws/install/abds_core_common/include/abds_core_common/srv/detail/luminar_set_frequency__rosidl_typesupport_fastrtps_cpp.hpp
[2.359s] -- Up-to-date: /home/nayab/dev_ws/install/abds_core_common/include/abds_core_common/srv/detail/luminar_discover_sensors__rosidl_typesupport_fastrtps_cpp.hpp
[2.359s] -- Up-to-date: /home/nayab/dev_ws/install/abds_core_common/include/abds_core_common/srv/detail/luminar_connect__rosidl_typesupport_fastrtps_cpp.hpp
[2.359s] -- Up-to-date: /home/nayab/dev_ws/install/abds_core_common/lib/libabds_core_common__rosidl_typesupport_fastrtps_cpp.so
[2.359s] -- Up-to-date: /home/nayab/dev_ws/install/abds_core_common/include/abds_core_common
[2.359s] -- Up-to-date: /home/nayab/dev_ws/install/abds_core_common/include/abds_core_common/msg
[2.360s] -- Up-to-date: /home/nayab/dev_ws/install/abds_core_common/include/abds_core_common/msg/rosidl_typesupport_introspection_c__visibility_control.h
[2.360s] -- Up-to-date: /home/nayab/dev_ws/install/abds_core_common/include/abds_core_common/msg/detail
[2.360s] -- Up-to-date: /home/nayab/dev_ws/install/abds_core_common/include/abds_core_common/msg/detail/bounding_box__type_support.c
[2.360s] -- Up-to-date: /home/nayab/dev_ws/install/abds_core_common/include/abds_core_common/msg/detail/test_state__rosidl_typesupport_introspection_c.h
[2.360s] -- Up-to-date: /home/nayab/dev_ws/install/abds_core_common/include/abds_core_common/msg/detail/trajectory__rosidl_typesupport_introspection_c.h
[2.360s] -- Up-to-date: /home/nayab/dev_ws/install/abds_core_common/include/abds_core_common/msg/detail/cluster__type_support.c
[2.360s] -- Up-to-date: /home/nayab/dev_ws/install/abds_core_common/include/abds_core_common/msg/detail/cluster__rosidl_typesupport_introspection_c.h
[2.361s] -- Up-to-date: /home/nayab/dev_ws/install/abds_core_common/include/abds_core_common/msg/detail/clusters__type_support.c
[2.361s] -- Up-to-date: /home/nayab/dev_ws/install/abds_core_common/include/abds_core_common/msg/detail/test_state__type_support.c
[2.361s] -- Up-to-date: /home/nayab/dev_ws/install/abds_core_common/include/abds_core_common/msg/detail/clusters__rosidl_typesupport_introspection_c.h
[2.361s] -- Up-to-date: /home/nayab/dev_ws/install/abds_core_common/include/abds_core_common/msg/detail/trajectory__type_support.c
[2.361s] -- Up-to-date: /home/nayab/dev_ws/install/abds_core_common/include/abds_core_common/msg/detail/bounding_boxes__rosidl_typesupport_introspection_c.h
[2.361s] -- Up-to-date: /home/nayab/dev_ws/install/abds_core_common/include/abds_core_common/msg/detail/vehicle_state__rosidl_typesupport_introspection_c.h
[2.361s] -- Up-to-date: /home/nayab/dev_ws/install/abds_core_common/include/abds_core_common/msg/detail/bounding_box__rosidl_typesupport_introspection_c.h
[2.361s] -- Up-to-date: /home/nayab/dev_ws/install/abds_core_common/include/abds_core_common/msg/detail/vehicle_command__type_support.c
[2.361s] -- Up-to-date: /home/nayab/dev_ws/install/abds_core_common/include/abds_core_common/msg/detail/trajectory_point__type_support.c
[2.361s] -- Up-to-date: /home/nayab/dev_ws/install/abds_core_common/include/abds_core_common/msg/detail/bounding_boxes__type_support.c
[2.361s] -- Up-to-date: /home/nayab/dev_ws/install/abds_core_common/include/abds_core_common/msg/detail/trajectory_point__rosidl_typesupport_introspection_c.h
[2.361s] -- Up-to-date: /home/nayab/dev_ws/install/abds_core_common/include/abds_core_common/msg/detail/vehicle_command__rosidl_typesupport_introspection_c.h
[2.362s] -- Up-to-date: /home/nayab/dev_ws/install/abds_core_common/include/abds_core_common/msg/detail/vehicle_state__type_support.c
[2.362s] -- Up-to-date: /home/nayab/dev_ws/install/abds_core_common/include/abds_core_common/srv
[2.362s] -- Up-to-date: /home/nayab/dev_ws/install/abds_core_common/include/abds_core_common/srv/detail
[2.362s] -- Up-to-date: /home/nayab/dev_ws/install/abds_core_common/include/abds_core_common/srv/detail/luminar_connect__rosidl_typesupport_introspection_c.h
[2.362s] -- Up-to-date: /home/nayab/dev_ws/install/abds_core_common/include/abds_core_common/srv/detail/luminar_set_duration__rosidl_typesupport_introspection_c.h
[2.362s] -- Up-to-date: /home/nayab/dev_ws/install/abds_core_common/include/abds_core_common/srv/detail/luminar_set_frequency__type_support.c
[2.362s] -- Up-to-date: /home/nayab/dev_ws/install/abds_core_common/include/abds_core_common/srv/detail/luminar_set_frequency__rosidl_typesupport_introspection_c.h
[2.362s] -- Up-to-date: /home/nayab/dev_ws/install/abds_core_common/include/abds_core_common/srv/detail/luminar_set_fov__rosidl_typesupport_introspection_c.h
[2.362s] -- Up-to-date: /home/nayab/dev_ws/install/abds_core_common/include/abds_core_common/srv/detail/luminar_discover_sensors__rosidl_typesupport_introspection_c.h
[2.372s] -- Up-to-date: /home/nayab/dev_ws/install/abds_core_common/include/abds_core_common/srv/detail/luminar_set_fov__type_support.c
[2.374s] -- Up-to-date: /home/nayab/dev_ws/install/abds_core_common/include/abds_core_common/srv/detail/luminar_set_duration__type_support.c
[2.374s] -- Up-to-date: /home/nayab/dev_ws/install/abds_core_common/include/abds_core_common/srv/detail/luminar_discover_sensors__type_support.c
[2.375s] -- Up-to-date: /home/nayab/dev_ws/install/abds_core_common/include/abds_core_common/srv/detail/luminar_connect__type_support.c
[2.375s] -- Up-to-date: /home/nayab/dev_ws/install/abds_core_common/lib/libabds_core_common__rosidl_typesupport_introspection_c.so
[2.375s] -- Up-to-date: /home/nayab/dev_ws/install/abds_core_common/lib/libabds_core_common__rosidl_typesupport_c.so
[2.375s] -- Up-to-date: /home/nayab/dev_ws/install/abds_core_common/include/abds_core_common
[2.375s] -- Up-to-date: /home/nayab/dev_ws/install/abds_core_common/include/abds_core_common/msg
[2.375s] -- Up-to-date: /home/nayab/dev_ws/install/abds_core_common/include/abds_core_common/msg/clusters.hpp
[2.375s] -- Up-to-date: /home/nayab/dev_ws/install/abds_core_common/include/abds_core_common/msg/trajectory.hpp
[2.376s] -- Up-to-date: /home/nayab/dev_ws/install/abds_core_common/include/abds_core_common/msg/detail
[2.376s] -- Up-to-date: /home/nayab/dev_ws/install/abds_core_common/include/abds_core_common/msg/detail/bounding_box__builder.hpp
[2.376s] -- Up-to-date: /home/nayab/dev_ws/install/abds_core_common/include/abds_core_common/msg/detail/bounding_boxes__builder.hpp
[2.376s] -- Up-to-date: /home/nayab/dev_ws/install/abds_core_common/include/abds_core_common/msg/detail/cluster__builder.hpp
[2.377s] -- Up-to-date: /home/nayab/dev_ws/install/abds_core_common/include/abds_core_common/msg/detail/test_state__traits.hpp
[2.377s] -- Up-to-date: /home/nayab/dev_ws/install/abds_core_common/include/abds_core_common/msg/detail/vehicle_command__traits.hpp
[2.378s] -- Up-to-date: /home/nayab/dev_ws/install/abds_core_common/include/abds_core_common/msg/detail/vehicle_command__builder.hpp
[2.378s] -- Up-to-date: /home/nayab/dev_ws/install/abds_core_common/include/abds_core_common/msg/detail/test_state__builder.hpp
[2.379s] -- Up-to-date: /home/nayab/dev_ws/install/abds_core_common/include/abds_core_common/msg/detail/clusters__struct.hpp
[2.379s] -- Up-to-date: /home/nayab/dev_ws/install/abds_core_common/include/abds_core_common/msg/detail/bounding_boxes__struct.hpp
[2.379s] -- Up-to-date: /home/nayab/dev_ws/install/abds_core_common/include/abds_core_common/msg/detail/bounding_box__traits.hpp
[2.379s] -- Up-to-date: /home/nayab/dev_ws/install/abds_core_common/include/abds_core_common/msg/detail/vehicle_state__builder.hpp
[2.379s] -- Up-to-date: /home/nayab/dev_ws/install/abds_core_common/include/abds_core_common/msg/detail/trajectory_point__builder.hpp
[2.380s] -- Up-to-date: /home/nayab/dev_ws/install/abds_core_common/include/abds_core_common/msg/detail/vehicle_state__struct.hpp
[2.380s] -- Up-to-date: /home/nayab/dev_ws/install/abds_core_common/include/abds_core_common/msg/detail/trajectory_point__traits.hpp
[2.380s] -- Up-to-date: /home/nayab/dev_ws/install/abds_core_common/include/abds_core_common/msg/detail/bounding_box__struct.hpp
[2.380s] -- Up-to-date: /home/nayab/dev_ws/install/abds_core_common/include/abds_core_common/msg/detail/bounding_boxes__traits.hpp
[2.380s] -- Up-to-date: /home/nayab/dev_ws/install/abds_core_common/include/abds_core_common/msg/detail/trajectory__traits.hpp
[2.381s] -- Up-to-date: /home/nayab/dev_ws/install/abds_core_common/include/abds_core_common/msg/detail/vehicle_command__struct.hpp
[2.381s] -- Up-to-date: /home/nayab/dev_ws/install/abds_core_common/include/abds_core_common/msg/detail/vehicle_state__traits.hpp
[2.382s] -- Up-to-date: /home/nayab/dev_ws/install/abds_core_common/include/abds_core_common/msg/detail/trajectory_point__struct.hpp
[2.382s] -- Up-to-date: /home/nayab/dev_ws/install/abds_core_common/include/abds_core_common/msg/detail/clusters__builder.hpp
[2.382s] -- Up-to-date: /home/nayab/dev_ws/install/abds_core_common/include/abds_core_common/msg/detail/trajectory__struct.hpp
[2.382s] -- Up-to-date: /home/nayab/dev_ws/install/abds_core_common/include/abds_core_common/msg/detail/cluster__struct.hpp
[2.382s] -- Up-to-date: /home/nayab/dev_ws/install/abds_core_common/include/abds_core_common/msg/detail/test_state__struct.hpp
[2.383s] -- Up-to-date: /home/nayab/dev_ws/install/abds_core_common/include/abds_core_common/msg/detail/cluster__traits.hpp
[2.383s] -- Up-to-date: /home/nayab/dev_ws/install/abds_core_common/include/abds_core_common/msg/detail/trajectory__builder.hpp
[2.383s] -- Up-to-date: /home/nayab/dev_ws/install/abds_core_common/include/abds_core_common/msg/detail/clusters__traits.hpp
[2.383s] -- Up-to-date: /home/nayab/dev_ws/install/abds_core_common/include/abds_core_common/msg/trajectory_point.hpp
[2.383s] -- Up-to-date: /home/nayab/dev_ws/install/abds_core_common/include/abds_core_common/msg/vehicle_command.hpp
[2.384s] -- Up-to-date: /home/nayab/dev_ws/install/abds_core_common/include/abds_core_common/msg/vehicle_state.hpp
[2.385s] -- Up-to-date: /home/nayab/dev_ws/install/abds_core_common/include/abds_core_common/msg/bounding_boxes.hpp
[2.385s] -- Up-to-date: /home/nayab/dev_ws/install/abds_core_common/include/abds_core_common/msg/bounding_box.hpp
[2.385s] -- Up-to-date: /home/nayab/dev_ws/install/abds_core_common/include/abds_core_common/msg/cluster.hpp
[2.386s] -- Up-to-date: /home/nayab/dev_ws/install/abds_core_common/include/abds_core_common/msg/test_state.hpp
[2.386s] -- Up-to-date: /home/nayab/dev_ws/install/abds_core_common/include/abds_core_common/srv
[2.386s] -- Up-to-date: /home/nayab/dev_ws/install/abds_core_common/include/abds_core_common/srv/luminar_set_duration.hpp
[2.386s] -- Up-to-date: /home/nayab/dev_ws/install/abds_core_common/include/abds_core_common/srv/luminar_connect.hpp
[2.386s] -- Up-to-date: /home/nayab/dev_ws/install/abds_core_common/include/abds_core_common/srv/detail
[2.387s] -- Up-to-date: /home/nayab/dev_ws/install/abds_core_common/include/abds_core_common/srv/detail/luminar_discover_sensors__traits.hpp
[2.387s] -- Up-to-date: /home/nayab/dev_ws/install/abds_core_common/include/abds_core_common/srv/detail/luminar_discover_sensors__builder.hpp
[2.388s] -- Up-to-date: /home/nayab/dev_ws/install/abds_core_common/include/abds_core_common/srv/detail/luminar_set_fov__struct.hpp
[2.388s] -- Up-to-date: /home/nayab/dev_ws/install/abds_core_common/include/abds_core_common/srv/detail/luminar_set_frequency__traits.hpp
[2.388s] -- Up-to-date: /home/nayab/dev_ws/install/abds_core_common/include/abds_core_common/srv/detail/luminar_set_duration__struct.hpp
[2.389s] -- Up-to-date: /home/nayab/dev_ws/install/abds_core_common/include/abds_core_common/srv/detail/luminar_set_fov__traits.hpp
[2.389s] -- Up-to-date: /home/nayab/dev_ws/install/abds_core_common/include/abds_core_common/srv/detail/luminar_set_frequency__struct.hpp
[2.389s] -- Up-to-date: /home/nayab/dev_ws/install/abds_core_common/include/abds_core_common/srv/detail/luminar_connect__struct.hpp
[2.389s] -- Up-to-date: /home/nayab/dev_ws/install/abds_core_common/include/abds_core_common/srv/detail/luminar_set_fov__builder.hpp
[2.390s] -- Up-to-date: /home/nayab/dev_ws/install/abds_core_common/include/abds_core_common/srv/detail/luminar_set_duration__builder.hpp
[2.390s] -- Up-to-date: /home/nayab/dev_ws/install/abds_core_common/include/abds_core_common/srv/detail/luminar_discover_sensors__struct.hpp
[2.390s] -- Up-to-date: /home/nayab/dev_ws/install/abds_core_common/include/abds_core_common/srv/detail/luminar_connect__builder.hpp
[2.390s] -- Up-to-date: /home/nayab/dev_ws/install/abds_core_common/include/abds_core_common/srv/detail/luminar_set_frequency__builder.hpp
[2.391s] -- Up-to-date: /home/nayab/dev_ws/install/abds_core_common/include/abds_core_common/srv/detail/luminar_set_duration__traits.hpp
[2.391s] -- Up-to-date: /home/nayab/dev_ws/install/abds_core_common/include/abds_core_common/srv/detail/luminar_connect__traits.hpp
[2.391s] -- Up-to-date: /home/nayab/dev_ws/install/abds_core_common/include/abds_core_common/srv/luminar_set_fov.hpp
[2.391s] -- Up-to-date: /home/nayab/dev_ws/install/abds_core_common/include/abds_core_common/srv/luminar_discover_sensors.hpp
[2.391s] -- Up-to-date: /home/nayab/dev_ws/install/abds_core_common/include/abds_core_common/srv/luminar_set_frequency.hpp
[2.391s] -- Up-to-date: /home/nayab/dev_ws/install/abds_core_common/include/abds_core_common
[2.392s] -- Up-to-date: /home/nayab/dev_ws/install/abds_core_common/include/abds_core_common/msg
[2.392s] -- Up-to-date: /home/nayab/dev_ws/install/abds_core_common/include/abds_core_common/msg/detail
[2.392s] -- Up-to-date: /home/nayab/dev_ws/install/abds_core_common/include/abds_core_common/msg/detail/test_state__type_support.cpp
[2.392s] -- Up-to-date: /home/nayab/dev_ws/install/abds_core_common/include/abds_core_common/msg/detail/vehicle_command__rosidl_typesupport_introspection_cpp.hpp
[2.394s] -- Up-to-date: /home/nayab/dev_ws/install/abds_core_common/include/abds_core_common/msg/detail/vehicle_state__rosidl_typesupport_introspection_cpp.hpp
[2.395s] -- Up-to-date: /home/nayab/dev_ws/install/abds_core_common/include/abds_core_common/msg/detail/bounding_boxes__rosidl_typesupport_introspection_cpp.hpp
[2.395s] -- Up-to-date: /home/nayab/dev_ws/install/abds_core_common/include/abds_core_common/msg/detail/clusters__rosidl_typesupport_introspection_cpp.hpp
[2.395s] -- Up-to-date: /home/nayab/dev_ws/install/abds_core_common/include/abds_core_common/msg/detail/trajectory__rosidl_typesupport_introspection_cpp.hpp
[2.395s] -- Up-to-date: /home/nayab/dev_ws/install/abds_core_common/include/abds_core_common/msg/detail/test_state__rosidl_typesupport_introspection_cpp.hpp
[2.395s] -- Up-to-date: /home/nayab/dev_ws/install/abds_core_common/include/abds_core_common/msg/detail/bounding_box__rosidl_typesupport_introspection_cpp.hpp
[2.395s] -- Up-to-date: /home/nayab/dev_ws/install/abds_core_common/include/abds_core_common/msg/detail/trajectory_point__type_support.cpp
[2.396s] -- Up-to-date: /home/nayab/dev_ws/install/abds_core_common/include/abds_core_common/msg/detail/bounding_box__type_support.cpp
[2.396s] -- Up-to-date: /home/nayab/dev_ws/install/abds_core_common/include/abds_core_common/msg/detail/trajectory__type_support.cpp
[2.396s] -- Up-to-date: /home/nayab/dev_ws/install/abds_core_common/include/abds_core_common/msg/detail/cluster__type_support.cpp
[2.396s] -- Up-to-date: /home/nayab/dev_ws/install/abds_core_common/include/abds_core_common/msg/detail/vehicle_command__type_support.cpp
[2.396s] -- Up-to-date: /home/nayab/dev_ws/install/abds_core_common/include/abds_core_common/msg/detail/bounding_boxes__type_support.cpp
[2.396s] -- Up-to-date: /home/nayab/dev_ws/install/abds_core_common/include/abds_core_common/msg/detail/trajectory_point__rosidl_typesupport_introspection_cpp.hpp
[2.396s] -- Up-to-date: /home/nayab/dev_ws/install/abds_core_common/include/abds_core_common/msg/detail/cluster__rosidl_typesupport_introspection_cpp.hpp
[2.396s] -- Up-to-date: /home/nayab/dev_ws/install/abds_core_common/include/abds_core_common/msg/detail/clusters__type_support.cpp
[2.396s] -- Up-to-date: /home/nayab/dev_ws/install/abds_core_common/include/abds_core_common/msg/detail/vehicle_state__type_support.cpp
[2.396s] -- Up-to-date: /home/nayab/dev_ws/install/abds_core_common/include/abds_core_common/srv
[2.397s] -- Up-to-date: /home/nayab/dev_ws/install/abds_core_common/include/abds_core_common/srv/detail
[2.397s] -- Up-to-date: /home/nayab/dev_ws/install/abds_core_common/include/abds_core_common/srv/detail/luminar_set_frequency__type_support.cpp
[2.397s] -- Up-to-date: /home/nayab/dev_ws/install/abds_core_common/include/abds_core_common/srv/detail/luminar_set_fov__type_support.cpp
[2.397s] -- Up-to-date: /home/nayab/dev_ws/install/abds_core_common/include/abds_core_common/srv/detail/luminar_set_duration__type_support.cpp
[2.397s] -- Up-to-date: /home/nayab/dev_ws/install/abds_core_common/include/abds_core_common/srv/detail/luminar_set_fov__rosidl_typesupport_introspection_cpp.hpp
[2.397s] -- Up-to-date: /home/nayab/dev_ws/install/abds_core_common/include/abds_core_common/srv/detail/luminar_discover_sensors__rosidl_typesupport_introspection_cpp.hpp
[2.397s] -- Up-to-date: /home/nayab/dev_ws/install/abds_core_common/include/abds_core_common/srv/detail/luminar_discover_sensors__type_support.cpp
[2.397s] -- Up-to-date: /home/nayab/dev_ws/install/abds_core_common/include/abds_core_common/srv/detail/luminar_connect__type_support.cpp
[2.397s] -- Up-to-date: /home/nayab/dev_ws/install/abds_core_common/include/abds_core_common/srv/detail/luminar_connect__rosidl_typesupport_introspection_cpp.hpp
[2.397s] -- Up-to-date: /home/nayab/dev_ws/install/abds_core_common/include/abds_core_common/srv/detail/luminar_set_duration__rosidl_typesupport_introspection_cpp.hpp
[2.398s] -- Up-to-date: /home/nayab/dev_ws/install/abds_core_common/include/abds_core_common/srv/detail/luminar_set_frequency__rosidl_typesupport_introspection_cpp.hpp
[2.398s] -- Up-to-date: /home/nayab/dev_ws/install/abds_core_common/lib/libabds_core_common__rosidl_typesupport_introspection_cpp.so
[2.398s] -- Up-to-date: /home/nayab/dev_ws/install/abds_core_common/lib/libabds_core_common__rosidl_typesupport_cpp.so
[2.398s] -- Up-to-date: /home/nayab/dev_ws/install/abds_core_common/share/abds_core_common/environment/pythonpath.sh
[2.398s] -- Installing: /home/nayab/dev_ws/install/abds_core_common/share/abds_core_common/environment/pythonpath.dsv
[2.398s] -- Installing: /home/nayab/dev_ws/install/abds_core_common/lib/python3.8/site-packages/abds_core_common/__init__.py
[2.404s] Compiling '/home/nayab/dev_ws/install/abds_core_common/lib/python3.8/site-packages/abds_core_common/__init__.py'...
[2.404s] -- Up-to-date: /home/nayab/dev_ws/install/abds_core_common/lib/python3.8/site-packages/abds_core_common/srv
[2.404s] -- Up-to-date: /home/nayab/dev_ws/install/abds_core_common/lib/python3.8/site-packages/abds_core_common/srv/_luminar_set_frequency.py
[2.405s] -- Up-to-date: /home/nayab/dev_ws/install/abds_core_common/lib/python3.8/site-packages/abds_core_common/srv/_luminar_set_frequency_s.c
[2.405s] -- Up-to-date: /home/nayab/dev_ws/install/abds_core_common/lib/python3.8/site-packages/abds_core_common/srv/__init__.py
[2.405s] -- Up-to-date: /home/nayab/dev_ws/install/abds_core_common/lib/python3.8/site-packages/abds_core_common/srv/_luminar_discover_sensors_s.c
[2.405s] -- Up-to-date: /home/nayab/dev_ws/install/abds_core_common/lib/python3.8/site-packages/abds_core_common/srv/_luminar_set_fov.py
[2.405s] -- Up-to-date: /home/nayab/dev_ws/install/abds_core_common/lib/python3.8/site-packages/abds_core_common/srv/_luminar_connect_s.c
[2.405s] -- Up-to-date: /home/nayab/dev_ws/install/abds_core_common/lib/python3.8/site-packages/abds_core_common/srv/_luminar_set_fov_s.c
[2.405s] -- Up-to-date: /home/nayab/dev_ws/install/abds_core_common/lib/python3.8/site-packages/abds_core_common/srv/_luminar_discover_sensors.py
[2.405s] -- Up-to-date: /home/nayab/dev_ws/install/abds_core_common/lib/python3.8/site-packages/abds_core_common/srv/_luminar_connect.py
[2.405s] -- Up-to-date: /home/nayab/dev_ws/install/abds_core_common/lib/python3.8/site-packages/abds_core_common/srv/_luminar_set_duration.py
[2.405s] -- Up-to-date: /home/nayab/dev_ws/install/abds_core_common/lib/python3.8/site-packages/abds_core_common/srv/_luminar_set_duration_s.c
[2.405s] -- Up-to-date: /home/nayab/dev_ws/install/abds_core_common/lib/python3.8/site-packages/abds_core_common/msg
[2.405s] -- Up-to-date: /home/nayab/dev_ws/install/abds_core_common/lib/python3.8/site-packages/abds_core_common/msg/_bounding_boxes_s.c
[2.406s] -- Up-to-date: /home/nayab/dev_ws/install/abds_core_common/lib/python3.8/site-packages/abds_core_common/msg/_vehicle_state.py
[2.406s] -- Up-to-date: /home/nayab/dev_ws/install/abds_core_common/lib/python3.8/site-packages/abds_core_common/msg/_bounding_boxes.py
[2.406s] -- Up-to-date: /home/nayab/dev_ws/install/abds_core_common/lib/python3.8/site-packages/abds_core_common/msg/__init__.py
[2.406s] -- Up-to-date: /home/nayab/dev_ws/install/abds_core_common/lib/python3.8/site-packages/abds_core_common/msg/_trajectory_point.py
[2.406s] -- Up-to-date: /home/nayab/dev_ws/install/abds_core_common/lib/python3.8/site-packages/abds_core_common/msg/_vehicle_state_s.c
[2.406s] -- Up-to-date: /home/nayab/dev_ws/install/abds_core_common/lib/python3.8/site-packages/abds_core_common/msg/_cluster_s.c
[2.406s] -- Up-to-date: /home/nayab/dev_ws/install/abds_core_common/lib/python3.8/site-packages/abds_core_common/msg/_trajectory_point_s.c
[2.406s] -- Up-to-date: /home/nayab/dev_ws/install/abds_core_common/lib/python3.8/site-packages/abds_core_common/msg/_test_state.py
[2.406s] -- Up-to-date: /home/nayab/dev_ws/install/abds_core_common/lib/python3.8/site-packages/abds_core_common/msg/_bounding_box.py
[2.406s] -- Up-to-date: /home/nayab/dev_ws/install/abds_core_common/lib/python3.8/site-packages/abds_core_common/msg/_clusters.py
[2.406s] -- Up-to-date: /home/nayab/dev_ws/install/abds_core_common/lib/python3.8/site-packages/abds_core_common/msg/_trajectory.py
[2.406s] -- Up-to-date: /home/nayab/dev_ws/install/abds_core_common/lib/python3.8/site-packages/abds_core_common/msg/_test_state_s.c
[2.406s] -- Up-to-date: /home/nayab/dev_ws/install/abds_core_common/lib/python3.8/site-packages/abds_core_common/msg/_bounding_box_s.c
[2.407s] -- Up-to-date: /home/nayab/dev_ws/install/abds_core_common/lib/python3.8/site-packages/abds_core_common/msg/_clusters_s.c
[2.407s] -- Up-to-date: /home/nayab/dev_ws/install/abds_core_common/lib/python3.8/site-packages/abds_core_common/msg/_vehicle_command.py
[2.407s] -- Up-to-date: /home/nayab/dev_ws/install/abds_core_common/lib/python3.8/site-packages/abds_core_common/msg/_cluster.py
[2.407s] -- Up-to-date: /home/nayab/dev_ws/install/abds_core_common/lib/python3.8/site-packages/abds_core_common/msg/_trajectory_s.c
[2.407s] -- Up-to-date: /home/nayab/dev_ws/install/abds_core_common/lib/python3.8/site-packages/abds_core_common/msg/_vehicle_command_s.c
[2.407s] -- Up-to-date: /home/nayab/dev_ws/install/abds_core_common/lib/python3.8/site-packages/abds_core_common/abds_core_common_s__rosidl_typesupport_fastrtps_c.cpython-38-x86_64-linux-gnu.so
[2.407s] -- Up-to-date: /home/nayab/dev_ws/install/abds_core_common/lib/python3.8/site-packages/abds_core_common/abds_core_common_s__rosidl_typesupport_introspection_c.cpython-38-x86_64-linux-gnu.so
[2.407s] -- Up-to-date: /home/nayab/dev_ws/install/abds_core_common/lib/python3.8/site-packages/abds_core_common/abds_core_common_s__rosidl_typesupport_c.cpython-38-x86_64-linux-gnu.so
[2.407s] -- Up-to-date: /home/nayab/dev_ws/install/abds_core_common/lib/libabds_core_common__python.so
[2.408s] -- Up-to-date: /home/nayab/dev_ws/install/abds_core_common/share/abds_core_common/srv/LuminarConnect.idl
[2.408s] -- Up-to-date: /home/nayab/dev_ws/install/abds_core_common/share/abds_core_common/srv/LuminarDiscoverSensors.idl
[2.408s] -- Up-to-date: /home/nayab/dev_ws/install/abds_core_common/share/abds_core_common/srv/LuminarSetDuration.idl
[2.408s] -- Up-to-date: /home/nayab/dev_ws/install/abds_core_common/share/abds_core_common/srv/LuminarSetFov.idl
[2.409s] -- Up-to-date: /home/nayab/dev_ws/install/abds_core_common/share/abds_core_common/srv/LuminarSetFrequency.idl
[2.409s] -- Up-to-date: /home/nayab/dev_ws/install/abds_core_common/share/abds_core_common/msg/Cluster.idl
[2.409s] -- Up-to-date: /home/nayab/dev_ws/install/abds_core_common/share/abds_core_common/msg/Clusters.idl
[2.409s] -- Up-to-date: /home/nayab/dev_ws/install/abds_core_common/share/abds_core_common/msg/BoundingBox.idl
[2.409s] -- Up-to-date: /home/nayab/dev_ws/install/abds_core_common/share/abds_core_common/msg/BoundingBoxes.idl
[2.410s] -- Up-to-date: /home/nayab/dev_ws/install/abds_core_common/share/abds_core_common/msg/TrajectoryPoint.idl
[2.410s] -- Up-to-date: /home/nayab/dev_ws/install/abds_core_common/share/abds_core_common/msg/Trajectory.idl
[2.410s] -- Up-to-date: /home/nayab/dev_ws/install/abds_core_common/share/abds_core_common/msg/VehicleCommand.idl
[2.411s] -- Up-to-date: /home/nayab/dev_ws/install/abds_core_common/share/abds_core_common/msg/VehicleState.idl
[2.411s] -- Up-to-date: /home/nayab/dev_ws/install/abds_core_common/share/abds_core_common/msg/TestState.idl
[2.411s] -- Up-to-date: /home/nayab/dev_ws/install/abds_core_common/share/abds_core_common/interfaces/LuminarConnect.srv
[2.411s] -- Up-to-date: /home/nayab/dev_ws/install/abds_core_common/share/abds_core_common/interfaces/LuminarConnect_Request.msg
[2.411s] -- Up-to-date: /home/nayab/dev_ws/install/abds_core_common/share/abds_core_common/interfaces/LuminarConnect_Response.msg
[2.411s] -- Up-to-date: /home/nayab/dev_ws/install/abds_core_common/share/abds_core_common/interfaces/LuminarDiscoverSensors.srv
[2.411s] -- Up-to-date: /home/nayab/dev_ws/install/abds_core_common/share/abds_core_common/interfaces/LuminarDiscoverSensors_Request.msg
[2.412s] -- Up-to-date: /home/nayab/dev_ws/install/abds_core_common/share/abds_core_common/interfaces/LuminarDiscoverSensors_Response.msg
[2.412s] -- Up-to-date: /home/nayab/dev_ws/install/abds_core_common/share/abds_core_common/interfaces/LuminarSetDuration.srv
[2.412s] -- Up-to-date: /home/nayab/dev_ws/install/abds_core_common/share/abds_core_common/interfaces/LuminarSetDuration_Request.msg
[2.412s] -- Up-to-date: /home/nayab/dev_ws/install/abds_core_common/share/abds_core_common/interfaces/LuminarSetDuration_Response.msg
[2.412s] -- Up-to-date: /home/nayab/dev_ws/install/abds_core_common/share/abds_core_common/interfaces/LuminarSetFov.srv
[2.413s] -- Up-to-date: /home/nayab/dev_ws/install/abds_core_common/share/abds_core_common/interfaces/LuminarSetFov_Request.msg
[2.413s] -- Up-to-date: /home/nayab/dev_ws/install/abds_core_common/share/abds_core_common/interfaces/LuminarSetFov_Response.msg
[2.413s] -- Up-to-date: /home/nayab/dev_ws/install/abds_core_common/share/abds_core_common/interfaces/LuminarSetFrequency.srv
[2.413s] -- Up-to-date: /home/nayab/dev_ws/install/abds_core_common/share/abds_core_common/interfaces/LuminarSetFrequency_Request.msg
[2.413s] -- Up-to-date: /home/nayab/dev_ws/install/abds_core_common/share/abds_core_common/interfaces/LuminarSetFrequency_Response.msg
[2.413s] -- Up-to-date: /home/nayab/dev_ws/install/abds_core_common/share/abds_core_common/msg/Cluster.msg
[2.413s] -- Up-to-date: /home/nayab/dev_ws/install/abds_core_common/share/abds_core_common/msg/Clusters.msg
[2.413s] -- Up-to-date: /home/nayab/dev_ws/install/abds_core_common/share/abds_core_common/msg/BoundingBox.msg
[2.413s] -- Up-to-date: /home/nayab/dev_ws/install/abds_core_common/share/abds_core_common/msg/BoundingBoxes.msg
[2.414s] -- Up-to-date: /home/nayab/dev_ws/install/abds_core_common/share/abds_core_common/msg/TrajectoryPoint.msg
[2.414s] -- Up-to-date: /home/nayab/dev_ws/install/abds_core_common/share/abds_core_common/msg/Trajectory.msg
[2.414s] -- Up-to-date: /home/nayab/dev_ws/install/abds_core_common/share/abds_core_common/msg/VehicleCommand.msg
[2.414s] -- Up-to-date: /home/nayab/dev_ws/install/abds_core_common/share/abds_core_common/msg/VehicleState.msg
[2.414s] -- Up-to-date: /home/nayab/dev_ws/install/abds_core_common/share/abds_core_common/msg/TestState.msg
[2.414s] -- Up-to-date: /home/nayab/dev_ws/install/abds_core_common/include
[2.414s] -- Up-to-date: /home/nayab/dev_ws/install/abds_core_common/include/geometry
[2.414s] -- Up-to-date: /home/nayab/dev_ws/install/abds_core_common/include/geometry/bounding_box.hpp
[2.414s] -- Up-to-date: /home/nayab/dev_ws/install/abds_core_common/include/time_util
[2.415s] -- Up-to-date: /home/nayab/dev_ws/install/abds_core_common/include/time_util/time_utils.hpp
[2.415s] -- Up-to-date: /home/nayab/dev_ws/install/abds_core_common/include/msg_buffer.hpp
[2.415s] -- Up-to-date: /home/nayab/dev_ws/install/abds_core_common/include/data_storage
[2.415s] -- Up-to-date: /home/nayab/dev_ws/install/abds_core_common/include/data_storage/quad_storage.cpp
[2.415s] -- Up-to-date: /home/nayab/dev_ws/install/abds_core_common/include/data_storage/quad_storage.hpp
[2.415s] -- Up-to-date: /home/nayab/dev_ws/install/abds_core_common/include/data_storage/spatial_hash.hpp
[2.415s] -- Up-to-date: /home/nayab/dev_ws/install/abds_core_common/include/data_storage/spatial_hash.cpp
[2.415s] -- Up-to-date: /home/nayab/dev_ws/install/abds_core_common/include/types.hpp
[2.415s] -- Up-to-date: /home/nayab/dev_ws/install/abds_core_common/include/network
[2.415s] -- Up-to-date: /home/nayab/dev_ws/install/abds_core_common/include/network/udp_client_server.hpp
[2.416s] -- Up-to-date: /home/nayab/dev_ws/install/abds_core_common/include/network/udp_client_server.cpp
[2.416s] -- Up-to-date: /home/nayab/dev_ws/install/abds_core_common/include/lidar_util
[2.416s] -- Up-to-date: /home/nayab/dev_ws/install/abds_core_common/include/lidar_util/point_cloud_transformer.hpp
[2.416s] -- Up-to-date: /home/nayab/dev_ws/install/abds_core_common/include/calculations.hpp
[2.416s] -- Installing: /home/nayab/dev_ws/install/abds_core_common/lib/libabds_core_common_lib.so
[2.416s] -- Set runtime path of "/home/nayab/dev_ws/install/abds_core_common/lib/libabds_core_common_lib.so" to ""
[2.416s] -- Up-to-date: /home/nayab/dev_ws/install/abds_core_common/share/ament_index/resource_index/package_run_dependencies/abds_core_common
[2.417s] -- Installing: /home/nayab/dev_ws/install/abds_core_common/share/ament_index/resource_index/parent_prefix_path/abds_core_common
[2.417s] -- Up-to-date: /home/nayab/dev_ws/install/abds_core_common/share/abds_core_common/environment/ament_prefix_path.sh
[2.417s] -- Installing: /home/nayab/dev_ws/install/abds_core_common/share/abds_core_common/environment/ament_prefix_path.dsv
[2.417s] -- Up-to-date: /home/nayab/dev_ws/install/abds_core_common/share/abds_core_common/environment/path.sh
[2.417s] -- Installing: /home/nayab/dev_ws/install/abds_core_common/share/abds_core_common/environment/path.dsv
[2.417s] -- Up-to-date: /home/nayab/dev_ws/install/abds_core_common/share/abds_core_common/local_setup.bash
[2.417s] -- Up-to-date: /home/nayab/dev_ws/install/abds_core_common/share/abds_core_common/local_setup.sh
[2.417s] -- Up-to-date: /home/nayab/dev_ws/install/abds_core_common/share/abds_core_common/local_setup.zsh
[2.417s] -- Installing: /home/nayab/dev_ws/install/abds_core_common/share/abds_core_common/local_setup.dsv
[2.417s] -- Installing: /home/nayab/dev_ws/install/abds_core_common/share/abds_core_common/package.dsv
[2.417s] -- Up-to-date: /home/nayab/dev_ws/install/abds_core_common/share/ament_index/resource_index/packages/abds_core_common
[2.417s] -- Up-to-date: /home/nayab/dev_ws/install/abds_core_common/share/abds_core_common/cmake/abds_core_common__rosidl_generator_cExport.cmake
[2.418s] -- Installing: /home/nayab/dev_ws/install/abds_core_common/share/abds_core_common/cmake/abds_core_common__rosidl_generator_cExport-noconfig.cmake
[2.418s] -- Up-to-date: /home/nayab/dev_ws/install/abds_core_common/share/abds_core_common/cmake/abds_core_common__rosidl_typesupport_introspection_cExport.cmake
[2.418s] -- Installing: /home/nayab/dev_ws/install/abds_core_common/share/abds_core_common/cmake/abds_core_common__rosidl_typesupport_introspection_cExport-noconfig.cmake
[2.418s] -- Up-to-date: /home/nayab/dev_ws/install/abds_core_common/share/abds_core_common/cmake/abds_core_common__rosidl_typesupport_cExport.cmake
[2.418s] -- Installing: /home/nayab/dev_ws/install/abds_core_common/share/abds_core_common/cmake/abds_core_common__rosidl_typesupport_cExport-noconfig.cmake
[2.418s] -- Up-to-date: /home/nayab/dev_ws/install/abds_core_common/share/abds_core_common/cmake/abds_core_common__rosidl_generator_cppExport.cmake
[2.418s] -- Up-to-date: /home/nayab/dev_ws/install/abds_core_common/share/abds_core_common/cmake/abds_core_common__rosidl_typesupport_introspection_cppExport.cmake
[2.419s] -- Installing: /home/nayab/dev_ws/install/abds_core_common/share/abds_core_common/cmake/abds_core_common__rosidl_typesupport_introspection_cppExport-noconfig.cmake
[2.420s] -- Up-to-date: /home/nayab/dev_ws/install/abds_core_common/share/abds_core_common/cmake/abds_core_common__rosidl_typesupport_cppExport.cmake
[2.421s] -- Installing: /home/nayab/dev_ws/install/abds_core_common/share/abds_core_common/cmake/abds_core_common__rosidl_typesupport_cppExport-noconfig.cmake
[2.421s] -- Up-to-date: /home/nayab/dev_ws/install/abds_core_common/share/abds_core_common/cmake/rosidl_cmake-extras.cmake
[2.421s] -- Installing: /home/nayab/dev_ws/install/abds_core_common/share/abds_core_common/cmake/ament_cmake_export_dependencies-extras.cmake
[2.421s] -- Up-to-date: /home/nayab/dev_ws/install/abds_core_common/share/abds_core_common/cmake/ament_cmake_export_libraries-extras.cmake
[2.421s] -- Up-to-date: /home/nayab/dev_ws/install/abds_core_common/share/abds_core_common/cmake/ament_cmake_export_targets-extras.cmake
[2.421s] -- Up-to-date: /home/nayab/dev_ws/install/abds_core_common/share/abds_core_common/cmake/ament_cmake_export_include_directories-extras.cmake
[2.422s] -- Up-to-date: /home/nayab/dev_ws/install/abds_core_common/share/abds_core_common/cmake/rosidl_cmake_export_typesupport_libraries-extras.cmake
[2.422s] -- Up-to-date: /home/nayab/dev_ws/install/abds_core_common/share/abds_core_common/cmake/rosidl_cmake_export_typesupport_targets-extras.cmake
[2.422s] -- Up-to-date: /home/nayab/dev_ws/install/abds_core_common/share/abds_core_common/cmake/abds_core_commonConfig.cmake
[2.422s] -- Up-to-date: /home/nayab/dev_ws/install/abds_core_common/share/abds_core_common/cmake/abds_core_commonConfig-version.cmake
[2.422s] -- Up-to-date: /home/nayab/dev_ws/install/abds_core_common/share/abds_core_common/package.xml
[2.423s] Invoked command in '/home/nayab/dev_ws/build/abds_core_common' returned '0': CMAKE_PREFIX_PATH=/home/nayab/dev_ws/install/tutorial_interfaces:/home/nayab/dev_ws/install/turtlesim:/home/nayab/dev_ws/install/rc_interfaces:/home/nayab/dev_ws/install/abds_core_common:/home/nayab/dev_ws/install/rc_data_emulator:/home/nayab/dev_ws/install/py_pubsub:/home/nayab/dev_ws/install/my_package:/home/nayab/dev_ws/install/dbr_pubsub:/opt/ros/foxy:/home/nayab/project_ws/devel:/opt/ros/noetic /usr/bin/cmake --install /home/nayab/dev_ws/build/abds_core_common
