[1.334s] Invoking command in '/home/nayab/dev_ws/src/py_pubsub': PYTHONPATH=/home/nayab/dev_ws/install/py_pubsub/lib/python3.8/site-packages:${PYTHONPATH} /usr/bin/python3 setup.py egg_info --egg-base ../../build/py_pubsub build --build-base /home/nayab/dev_ws/build/py_pubsub/build install --prefix /home/nayab/dev_ws/install/py_pubsub --record /home/nayab/dev_ws/build/py_pubsub/install.log --single-version-externally-managed
[1.603s] running egg_info
[1.604s] writing ../../build/py_pubsub/py_pubsub.egg-info/PKG-INFO
[1.605s] writing dependency_links to ../../build/py_pubsub/py_pubsub.egg-info/dependency_links.txt
[1.605s] writing entry points to ../../build/py_pubsub/py_pubsub.egg-info/entry_points.txt
[1.606s] writing requirements to ../../build/py_pubsub/py_pubsub.egg-info/requires.txt
[1.606s] writing top-level names to ../../build/py_pubsub/py_pubsub.egg-info/top_level.txt
[1.646s] reading manifest file '../../build/py_pubsub/py_pubsub.egg-info/SOURCES.txt'
[1.647s] writing manifest file '../../build/py_pubsub/py_pubsub.egg-info/SOURCES.txt'
[1.647s] running build
[1.648s] running build_py
[1.648s] running install
[1.649s] running install_lib
[1.651s] running install_data
[1.652s] running install_egg_info
[1.654s] removing '/home/nayab/dev_ws/install/py_pubsub/lib/python3.8/site-packages/py_pubsub-0.0.0-py3.8.egg-info' (and everything under it)
[1.655s] Copying ../../build/py_pubsub/py_pubsub.egg-info to /home/nayab/dev_ws/install/py_pubsub/lib/python3.8/site-packages/py_pubsub-0.0.0-py3.8.egg-info
[1.656s] running install_scripts
[1.675s] Installing dbr_pub_old script to /home/nayab/dev_ws/install/py_pubsub/lib/py_pubsub
[1.675s] Installing listener script to /home/nayab/dev_ws/install/py_pubsub/lib/py_pubsub
[1.675s] Installing listener_old script to /home/nayab/dev_ws/install/py_pubsub/lib/py_pubsub
[1.676s] Installing talker script to /home/nayab/dev_ws/install/py_pubsub/lib/py_pubsub
[1.676s] Installing talker_old script to /home/nayab/dev_ws/install/py_pubsub/lib/py_pubsub
[1.676s] writing list of installed files to '/home/nayab/dev_ws/build/py_pubsub/install.log'
[1.709s] Invoked command in '/home/nayab/dev_ws/src/py_pubsub' returned '0': PYTHONPATH=/home/nayab/dev_ws/install/py_pubsub/lib/python3.8/site-packages:${PYTHONPATH} /usr/bin/python3 setup.py egg_info --egg-base ../../build/py_pubsub build --build-base /home/nayab/dev_ws/build/py_pubsub/build install --prefix /home/nayab/dev_ws/install/py_pubsub --record /home/nayab/dev_ws/build/py_pubsub/install.log --single-version-externally-managed
