-- The C compiler identification is GNU 9.3.0
-- The CXX compiler identification is GNU 9.3.0
-- Check for working C compiler: /usr/bin/cc
-- Check for working C compiler: /usr/bin/cc -- works
-- Detecting C compiler ABI info
-- Detecting C compiler ABI info - done
-- Detecting C compile features
-- Detecting C compile features - done
-- Check for working CXX compiler: /usr/bin/c++
-- Check for working CXX compiler: /usr/bin/c++ -- works
-- Detecting CXX compiler ABI info
-- Detecting CXX compiler ABI info - done
-- Detecting CXX compile features
-- Detecting CXX compile features - done
-- Found ament_cmake_auto: 0.9.9 (/opt/ros/foxy/share/ament_cmake_auto/cmake)
-- Found PythonInterp: /usr/bin/python3 (found suitable version "3.8.10", minimum required is "3") 
-- Using PYTHON_EXECUTABLE: /usr/bin/python3
-- Using all available rosidl_typesupport_c: rosidl_typesupport_fastrtps_c;rosidl_typesupport_introspection_c
-- Found rosidl_adapter: 1.2.1 (/opt/ros/foxy/share/rosidl_adapter/cmake)
-- Found OpenSSL: /usr/lib/x86_64-linux-gnu/libcrypto.so (found version "1.1.1f")  
-- Found FastRTPS: /opt/ros/foxy/include  
-- Using all available rosidl_typesupport_cpp: rosidl_typesupport_fastrtps_cpp;rosidl_typesupport_introspection_cpp
-- Found rmw_implementation_cmake: 1.0.3 (/opt/ros/foxy/share/rmw_implementation_cmake/cmake)
-- Using RMW implementation 'rmw_fastrtps_cpp' as default
-- Looking for pthread.h
-- Looking for pthread.h - found
-- Performing Test CMAKE_HAVE_LIBC_PTHREAD
-- Performing Test CMAKE_HAVE_LIBC_PTHREAD - Failed
-- Looking for pthread_create in pthreads
-- Looking for pthread_create in pthreads - not found
-- Looking for pthread_create in pthread
-- Looking for pthread_create in pthread - found
-- Found Threads: TRUE  
-- Found PythonInterp: /usr/bin/python3 (found version "3.8.10") 
-- Found ament_cmake_ros: 0.9.2 (/opt/ros/foxy/share/ament_cmake_ros/cmake)
-- Using all available rosidl_typesupport_c: rosidl_typesupport_fastrtps_c;rosidl_typesupport_introspection_c
-- Using all available rosidl_typesupport_cpp: rosidl_typesupport_fastrtps_cpp;rosidl_typesupport_introspection_cpp
-- Found PythonInterp: /usr/bin/python3 (found suitable version "3.8.10", minimum required is "3.5") 
-- Found python_cmake_module: 0.8.1 (/opt/ros/foxy/share/python_cmake_module/cmake)
-- Found PythonLibs: /usr/lib/x86_64-linux-gnu/libpython3.8.so (found suitable version "3.8.10", minimum required is "3.5") 
-- Using PYTHON_EXECUTABLE: /usr/bin/python3
-- Using PYTHON_INCLUDE_DIRS: /usr/include/python3.8
-- Using PYTHON_LIBRARIES: /usr/lib/x86_64-linux-gnu/libpython3.8.so
-- Found PythonExtra: .so  
-- Found ament_lint_auto: 0.9.6 (/opt/ros/foxy/share/ament_lint_auto/cmake)
-- Added test 'copyright' to check source files copyright and LICENSE
-- Added test 'cppcheck' to perform static code analysis on C / C++ code
-- Configured cppcheck include dirs: /home/nayab/dev_ws/src/abds_core_common/include
-- Configured cppcheck exclude dirs and/or files: 
-- Added test 'cpplint' to check C / C++ code against the Google style
-- Configured cpplint exclude dirs and/or files: 
-- Added test 'lint_cmake' to check CMake code style
-- Added test 'uncrustify' to check C / C++ code style
-- Configured uncrustify additional arguments: 
-- Added test 'xmllint' to check XML markup files
-- Configuring done
-- Generating done
-- Build files have been written to: /home/nayab/dev_ws/build/abds_core_common
[  0%] [34m[1mGenerating C code for ROS interfaces[0m
[35m[1mScanning dependencies of target abds_core_common_lib[0m
[35m[1mScanning dependencies of target abds_core_common__cpp[0m
[  0%] [34m[1mGenerating C++ code for ROS interfaces[0m
[  0%] [32mBuilding CXX object CMakeFiles/abds_core_common_lib.dir/include/data_storage/quad_storage.cpp.o[0m
[  1%] [32mBuilding CXX object CMakeFiles/abds_core_common_lib.dir/include/data_storage/spatial_hash.cpp.o[0m
In file included from [01m[K/home/nayab/dev_ws/src/abds_core_common/include/types.hpp:6[m[K,
                 from [01m[K/home/nayab/dev_ws/src/abds_core_common/include/data_storage/quad_storage.hpp:4[m[K,
                 from [01m[K/home/nayab/dev_ws/src/abds_core_common/include/data_storage/quad_storage.cpp:1[m[K:
[01m[K/home/nayab/dev_ws/src/abds_core_common/include/calculations.hpp:10:1:[m[K [01;35m[Kwarning: [m[Ktype qualifiers ignored on function return type [[01;35m[K-Wignored-qualifiers[m[K]
   10 | [01;35m[Kconst[m[K bool isInLimit(const T & target, const T & value, const T & limit)
      | [01;35m[K^~~~~[m[K
In file included from [01m[K/home/nayab/dev_ws/src/abds_core_common/include/data_storage/quad_storage.hpp:4[m[K,
                 from [01m[K/home/nayab/dev_ws/src/abds_core_common/include/data_storage/quad_storage.cpp:1[m[K:
[01m[K/home/nayab/dev_ws/src/abds_core_common/include/types.hpp:103:3:[m[K [01;35m[Kwarning: [m[Ktype qualifiers ignored on function return type [[01;35m[K-Wignored-qualifiers[m[K]
  103 |   [01;35m[Kconst[m[K bool operator==(
      |   [01;35m[K^~~~~[m[K
[01m[K/home/nayab/dev_ws/src/abds_core_common/include/types.hpp:[m[K In constructor ‘[01m[Kabds_core::PointXYZIR::PointXYZIR(abds_core::PointXYZI)[m[K’:
[01m[K/home/nayab/dev_ws/src/abds_core_common/include/types.hpp:100:9:[m[K [01;35m[Kwarning: [m[K‘[01m[Kabds_core::PointXYZIR::intensity[m[K’ will be initialized after [[01;35m[K-Wreorder[m[K]
  100 |   float [01;35m[Kintensity[m[K{0.0F};
      |         [01;35m[K^~~~~~~~~[m[K
[01m[K/home/nayab/dev_ws/src/abds_core_common/include/types.hpp:99:9:[m[K [01;35m[Kwarning: [m[K  ‘[01m[Kfloat abds_core::PointXYZIR::r[m[K’ [[01;35m[K-Wreorder[m[K]
   99 |   float [01;35m[Kr[m[K{0.0F};
      |         [01;35m[K^[m[K
[01m[K/home/nayab/dev_ws/src/abds_core_common/include/types.hpp:89:3:[m[K [01;35m[Kwarning: [m[K  when initialized here [[01;35m[K-Wreorder[m[K]
   89 |   [01;35m[KPointXYZIR[m[K(PointXYZI pt)
      |   [01;35m[K^~~~~~~~~~[m[K
[01m[K/home/nayab/dev_ws/src/abds_core_common/include/types.hpp:[m[K At global scope:
[01m[K/home/nayab/dev_ws/src/abds_core_common/include/types.hpp:132:3:[m[K [01;35m[Kwarning: [m[Ktype qualifiers ignored on function return type [[01;35m[K-Wignored-qualifiers[m[K]
  132 |   [01;35m[Kconst[m[K bool operator==(
      |   [01;35m[K^~~~~[m[K
[  2%] [32mBuilding CXX object CMakeFiles/abds_core_common_lib.dir/include/network/udp_client_server.cpp.o[0m
In file included from [01m[K/home/nayab/dev_ws/src/abds_core_common/include/types.hpp:6[m[K,
                 from [01m[K/home/nayab/dev_ws/src/abds_core_common/include/data_storage/spatial_hash.hpp:4[m[K,
                 from [01m[K/home/nayab/dev_ws/src/abds_core_common/include/data_storage/spatial_hash.cpp:1[m[K:
[01m[K/home/nayab/dev_ws/src/abds_core_common/include/calculations.hpp:10:1:[m[K [01;35m[Kwarning: [m[Ktype qualifiers ignored on function return type [[01;35m[K-Wignored-qualifiers[m[K]
   10 | [01;35m[Kconst[m[K bool isInLimit(const T & target, const T & value, const T & limit)
      | [01;35m[K^~~~~[m[K
In file included from [01m[K/home/nayab/dev_ws/src/abds_core_common/include/data_storage/spatial_hash.hpp:4[m[K,
                 from [01m[K/home/nayab/dev_ws/src/abds_core_common/include/data_storage/spatial_hash.cpp:1[m[K:
[01m[K/home/nayab/dev_ws/src/abds_core_common/include/types.hpp:103:3:[m[K [01;35m[Kwarning: [m[Ktype qualifiers ignored on function return type [[01;35m[K-Wignored-qualifiers[m[K]
  103 |   [01;35m[Kconst[m[K bool operator==(
      |   [01;35m[K^~~~~[m[K
[01m[K/home/nayab/dev_ws/src/abds_core_common/include/types.hpp:[m[K In constructor ‘[01m[Kabds_core::PointXYZIR::PointXYZIR(abds_core::PointXYZI)[m[K’:
[01m[K/home/nayab/dev_ws/src/abds_core_common/include/types.hpp:100:9:[m[K [01;35m[Kwarning: [m[K‘[01m[Kabds_core::PointXYZIR::intensity[m[K’ will be initialized after [[01;35m[K-Wreorder[m[K]
  100 |   float [01;35m[Kintensity[m[K{0.0F};
      |         [01;35m[K^~~~~~~~~[m[K
[01m[K/home/nayab/dev_ws/src/abds_core_common/include/types.hpp:99:9:[m[K [01;35m[Kwarning: [m[K  ‘[01m[Kfloat abds_core::PointXYZIR::r[m[K’ [[01;35m[K-Wreorder[m[K]
   99 |   float [01;35m[Kr[m[K{0.0F};
      |         [01;35m[K^[m[K
[01m[K/home/nayab/dev_ws/src/abds_core_common/include/types.hpp:89:3:[m[K [01;35m[Kwarning: [m[K  when initialized here [[01;35m[K-Wreorder[m[K]
   89 |   [01;35m[KPointXYZIR[m[K(PointXYZI pt)
      |   [01;35m[K^~~~~~~~~~[m[K
[01m[K/home/nayab/dev_ws/src/abds_core_common/include/types.hpp:[m[K At global scope:
[01m[K/home/nayab/dev_ws/src/abds_core_common/include/types.hpp:132:3:[m[K [01;35m[Kwarning: [m[Ktype qualifiers ignored on function return type [[01;35m[K-Wignored-qualifiers[m[K]
  132 |   [01;35m[Kconst[m[K bool operator==(
      |   [01;35m[K^~~~~[m[K
[01m[K/home/nayab/dev_ws/src/abds_core_common/include/network/udp_client_server.cpp:[m[K In member function ‘[01m[Kint abds_core::udp_client_server::udp_server::timed_recv(unsigned char*, size_t, int)[m[K’:
[01m[K/home/nayab/dev_ws/src/abds_core_common/include/network/udp_client_server.cpp:132:39:[m[K [01;35m[Kwarning: [m[Kpassing argument 2 to restrict-qualified parameter aliases with arguments 3, 4 [[01;35m[K-Wrestrict[m[K]
  132 |     int retval = select(m_socket + 1, [01;35m[K&s[m[K, [32m[K&s[m[K, [34m[K&s[m[K, &timeout);
      |                                       [01;35m[K^~[m[K  [32m[K~~[m[K  [34m[K~~[m[K
[01m[K/home/nayab/dev_ws/src/abds_core_common/include/network/udp_client_server.cpp:[m[K In lambda function:
[01m[K/home/nayab/dev_ws/src/abds_core_common/include/network/udp_client_server.cpp:160:27:[m[K [01;35m[Kwarning: [m[KISO C++ forbids variable length array ‘[01m[Kmsg[m[K’ [[01;35m[K-Wvla[m[K]
  160 |             unsigned char [01;35m[Kmsg[m[K[max_size];
      |                           [01;35m[K^~~[m[K
[01m[K/home/nayab/dev_ws/src/abds_core_common/include/network/udp_client_server.cpp:[m[K In member function ‘[01m[Kint abds_core::udp_client_server::udp_server::stop_recv()[m[K’:
[01m[K/home/nayab/dev_ws/src/abds_core_common/include/network/udp_client_server.cpp:174:1:[m[K [01;35m[Kwarning: [m[Kno return statement in function returning non-void [[01;35m[K-Wreturn-type[m[K]
  174 | [01;35m[K}[m[K
      | [01;35m[K^[m[K
[01m[K/home/nayab/dev_ws/src/abds_core_common/include/network/udp_client_server.cpp:[m[K In member function ‘[01m[Kint abds_core::udp_client_server::udp_server::async_recv(size_t, std::function<void(unsigned char*, long unsigned int)>)[m[K’:
[01m[K/home/nayab/dev_ws/src/abds_core_common/include/network/udp_client_server.cpp:168:1:[m[K [01;35m[Kwarning: [m[Kcontrol reaches end of non-void function [[01;35m[K-Wreturn-type[m[K]
  168 | [01;35m[K}[m[K
      | [01;35m[K^[m[K
[  3%] [32m[1mLinking CXX shared library libabds_core_common_lib.so[0m
[  3%] Built target abds_core_common_lib
[  3%] Built target abds_core_common__cpp
[  4%] [34m[1mGenerating C++ introspection for ROS interfaces[0m
[  5%] [34m[1mGenerating C++ type support dispatch for ROS interfaces[0m
[  5%] [34m[1mGenerating C++ type support for eProsima Fast-RTPS[0m
[35m[1mScanning dependencies of target abds_core_common__rosidl_generator_c[0m
[  6%] [32mBuilding C object CMakeFiles/abds_core_common__rosidl_generator_c.dir/rosidl_generator_c/abds_core_common/srv/detail/luminar_connect__functions.c.o[0m
[  7%] [32mBuilding C object CMakeFiles/abds_core_common__rosidl_generator_c.dir/rosidl_generator_c/abds_core_common/srv/detail/luminar_discover_sensors__functions.c.o[0m
[  8%] [32mBuilding C object CMakeFiles/abds_core_common__rosidl_generator_c.dir/rosidl_generator_c/abds_core_common/srv/detail/luminar_set_duration__functions.c.o[0m
[  8%] [32mBuilding C object CMakeFiles/abds_core_common__rosidl_generator_c.dir/rosidl_generator_c/abds_core_common/srv/detail/luminar_set_fov__functions.c.o[0m
[  9%] [32mBuilding C object CMakeFiles/abds_core_common__rosidl_generator_c.dir/rosidl_generator_c/abds_core_common/srv/detail/luminar_set_frequency__functions.c.o[0m
[ 10%] [32mBuilding C object CMakeFiles/abds_core_common__rosidl_generator_c.dir/rosidl_generator_c/abds_core_common/msg/detail/cluster__functions.c.o[0m
[ 10%] [32mBuilding C object CMakeFiles/abds_core_common__rosidl_generator_c.dir/rosidl_generator_c/abds_core_common/msg/detail/clusters__functions.c.o[0m
[ 11%] [32mBuilding C object CMakeFiles/abds_core_common__rosidl_generator_c.dir/rosidl_generator_c/abds_core_common/msg/detail/bounding_box__functions.c.o[0m
[ 12%] [32mBuilding C object CMakeFiles/abds_core_common__rosidl_generator_c.dir/rosidl_generator_c/abds_core_common/msg/detail/bounding_boxes__functions.c.o[0m
[ 13%] [32mBuilding C object CMakeFiles/abds_core_common__rosidl_generator_c.dir/rosidl_generator_c/abds_core_common/msg/detail/trajectory_point__functions.c.o[0m
[ 13%] [32mBuilding C object CMakeFiles/abds_core_common__rosidl_generator_c.dir/rosidl_generator_c/abds_core_common/msg/detail/trajectory__functions.c.o[0m
[ 14%] [32mBuilding C object CMakeFiles/abds_core_common__rosidl_generator_c.dir/rosidl_generator_c/abds_core_common/msg/detail/vehicle_command__functions.c.o[0m
[ 15%] [32mBuilding C object CMakeFiles/abds_core_common__rosidl_generator_c.dir/rosidl_generator_c/abds_core_common/msg/detail/vehicle_state__functions.c.o[0m
[ 16%] [32mBuilding C object CMakeFiles/abds_core_common__rosidl_generator_c.dir/rosidl_generator_c/abds_core_common/msg/detail/test_state__functions.c.o[0m
[35m[1mScanning dependencies of target abds_core_common__rosidl_typesupport_cpp[0m
[ 16%] [32m[1mLinking C shared library libabds_core_common__rosidl_generator_c.so[0m
[ 17%] [32mBuilding CXX object CMakeFiles/abds_core_common__rosidl_typesupport_cpp.dir/rosidl_typesupport_cpp/abds_core_common/srv/luminar_connect__type_support.cpp.o[0m
[ 17%] Built target abds_core_common__rosidl_generator_c
[ 17%] [32mBuilding CXX object CMakeFiles/abds_core_common__rosidl_typesupport_cpp.dir/rosidl_typesupport_cpp/abds_core_common/srv/luminar_discover_sensors__type_support.cpp.o[0m
[35m[1mScanning dependencies of target abds_core_common__rosidl_typesupport_introspection_cpp[0m
[ 18%] [32mBuilding CXX object CMakeFiles/abds_core_common__rosidl_typesupport_introspection_cpp.dir/rosidl_typesupport_introspection_cpp/abds_core_common/srv/detail/luminar_connect__type_support.cpp.o[0m
[ 19%] [32mBuilding CXX object CMakeFiles/abds_core_common__rosidl_typesupport_cpp.dir/rosidl_typesupport_cpp/abds_core_common/srv/luminar_set_duration__type_support.cpp.o[0m
[ 20%] [32mBuilding CXX object CMakeFiles/abds_core_common__rosidl_typesupport_cpp.dir/rosidl_typesupport_cpp/abds_core_common/srv/luminar_set_fov__type_support.cpp.o[0m
[35m[1mScanning dependencies of target abds_core_common__rosidl_typesupport_fastrtps_cpp[0m
[ 21%] [32mBuilding CXX object CMakeFiles/abds_core_common__rosidl_typesupport_fastrtps_cpp.dir/rosidl_typesupport_fastrtps_cpp/abds_core_common/srv/detail/dds_fastrtps/luminar_connect__type_support.cpp.o[0m
[ 21%] [32mBuilding CXX object CMakeFiles/abds_core_common__rosidl_typesupport_introspection_cpp.dir/rosidl_typesupport_introspection_cpp/abds_core_common/srv/detail/luminar_discover_sensors__type_support.cpp.o[0m
[ 22%] [32mBuilding CXX object CMakeFiles/abds_core_common__rosidl_typesupport_fastrtps_cpp.dir/rosidl_typesupport_fastrtps_cpp/abds_core_common/srv/detail/dds_fastrtps/luminar_discover_sensors__type_support.cpp.o[0m
[ 23%] [32mBuilding CXX object CMakeFiles/abds_core_common__rosidl_typesupport_cpp.dir/rosidl_typesupport_cpp/abds_core_common/srv/luminar_set_frequency__type_support.cpp.o[0m
[ 24%] [32mBuilding CXX object CMakeFiles/abds_core_common__rosidl_typesupport_introspection_cpp.dir/rosidl_typesupport_introspection_cpp/abds_core_common/srv/detail/luminar_set_duration__type_support.cpp.o[0m
[ 25%] [32mBuilding CXX object CMakeFiles/abds_core_common__rosidl_typesupport_fastrtps_cpp.dir/rosidl_typesupport_fastrtps_cpp/abds_core_common/srv/detail/dds_fastrtps/luminar_set_duration__type_support.cpp.o[0m
[ 25%] [32mBuilding CXX object CMakeFiles/abds_core_common__rosidl_typesupport_cpp.dir/rosidl_typesupport_cpp/abds_core_common/msg/cluster__type_support.cpp.o[0m
[ 25%] [32mBuilding CXX object CMakeFiles/abds_core_common__rosidl_typesupport_fastrtps_cpp.dir/rosidl_typesupport_fastrtps_cpp/abds_core_common/srv/detail/dds_fastrtps/luminar_set_fov__type_support.cpp.o[0m
[ 26%] [32mBuilding CXX object CMakeFiles/abds_core_common__rosidl_typesupport_introspection_cpp.dir/rosidl_typesupport_introspection_cpp/abds_core_common/srv/detail/luminar_set_fov__type_support.cpp.o[0m
[ 27%] [32mBuilding CXX object CMakeFiles/abds_core_common__rosidl_typesupport_cpp.dir/rosidl_typesupport_cpp/abds_core_common/msg/clusters__type_support.cpp.o[0m
[ 28%] [32mBuilding CXX object CMakeFiles/abds_core_common__rosidl_typesupport_fastrtps_cpp.dir/rosidl_typesupport_fastrtps_cpp/abds_core_common/srv/detail/dds_fastrtps/luminar_set_frequency__type_support.cpp.o[0m
[ 28%] [32mBuilding CXX object CMakeFiles/abds_core_common__rosidl_typesupport_introspection_cpp.dir/rosidl_typesupport_introspection_cpp/abds_core_common/srv/detail/luminar_set_frequency__type_support.cpp.o[0m
[ 29%] [32mBuilding CXX object CMakeFiles/abds_core_common__rosidl_typesupport_fastrtps_cpp.dir/rosidl_typesupport_fastrtps_cpp/abds_core_common/msg/detail/dds_fastrtps/cluster__type_support.cpp.o[0m
[ 30%] [32mBuilding CXX object CMakeFiles/abds_core_common__rosidl_typesupport_cpp.dir/rosidl_typesupport_cpp/abds_core_common/msg/bounding_box__type_support.cpp.o[0m
[ 31%] [32mBuilding CXX object CMakeFiles/abds_core_common__rosidl_typesupport_introspection_cpp.dir/rosidl_typesupport_introspection_cpp/abds_core_common/msg/detail/cluster__type_support.cpp.o[0m
[ 31%] [32mBuilding CXX object CMakeFiles/abds_core_common__rosidl_typesupport_fastrtps_cpp.dir/rosidl_typesupport_fastrtps_cpp/abds_core_common/msg/detail/dds_fastrtps/clusters__type_support.cpp.o[0m
[ 31%] [32mBuilding CXX object CMakeFiles/abds_core_common__rosidl_typesupport_cpp.dir/rosidl_typesupport_cpp/abds_core_common/msg/bounding_boxes__type_support.cpp.o[0m
[ 32%] [32mBuilding CXX object CMakeFiles/abds_core_common__rosidl_typesupport_fastrtps_cpp.dir/rosidl_typesupport_fastrtps_cpp/abds_core_common/msg/detail/dds_fastrtps/bounding_box__type_support.cpp.o[0m
[ 33%] [32mBuilding CXX object CMakeFiles/abds_core_common__rosidl_typesupport_introspection_cpp.dir/rosidl_typesupport_introspection_cpp/abds_core_common/msg/detail/clusters__type_support.cpp.o[0m
[ 34%] [32mBuilding CXX object CMakeFiles/abds_core_common__rosidl_typesupport_cpp.dir/rosidl_typesupport_cpp/abds_core_common/msg/trajectory_point__type_support.cpp.o[0m
[ 35%] [32mBuilding CXX object CMakeFiles/abds_core_common__rosidl_typesupport_fastrtps_cpp.dir/rosidl_typesupport_fastrtps_cpp/abds_core_common/msg/detail/dds_fastrtps/bounding_boxes__type_support.cpp.o[0m
[ 36%] [32mBuilding CXX object CMakeFiles/abds_core_common__rosidl_typesupport_fastrtps_cpp.dir/rosidl_typesupport_fastrtps_cpp/abds_core_common/msg/detail/dds_fastrtps/trajectory_point__type_support.cpp.o[0m
[ 37%] [32mBuilding CXX object CMakeFiles/abds_core_common__rosidl_typesupport_cpp.dir/rosidl_typesupport_cpp/abds_core_common/msg/trajectory__type_support.cpp.o[0m
[ 38%] [32mBuilding CXX object CMakeFiles/abds_core_common__rosidl_typesupport_introspection_cpp.dir/rosidl_typesupport_introspection_cpp/abds_core_common/msg/detail/bounding_box__type_support.cpp.o[0m
[ 39%] [32mBuilding CXX object CMakeFiles/abds_core_common__rosidl_typesupport_cpp.dir/rosidl_typesupport_cpp/abds_core_common/msg/vehicle_command__type_support.cpp.o[0m
[ 39%] [32mBuilding CXX object CMakeFiles/abds_core_common__rosidl_typesupport_fastrtps_cpp.dir/rosidl_typesupport_fastrtps_cpp/abds_core_common/msg/detail/dds_fastrtps/trajectory__type_support.cpp.o[0m
[ 39%] [32mBuilding CXX object CMakeFiles/abds_core_common__rosidl_typesupport_introspection_cpp.dir/rosidl_typesupport_introspection_cpp/abds_core_common/msg/detail/bounding_boxes__type_support.cpp.o[0m
[ 40%] [32mBuilding CXX object CMakeFiles/abds_core_common__rosidl_typesupport_fastrtps_cpp.dir/rosidl_typesupport_fastrtps_cpp/abds_core_common/msg/detail/dds_fastrtps/vehicle_command__type_support.cpp.o[0m
[ 40%] [32mBuilding CXX object CMakeFiles/abds_core_common__rosidl_typesupport_cpp.dir/rosidl_typesupport_cpp/abds_core_common/msg/vehicle_state__type_support.cpp.o[0m
[ 41%] [32mBuilding CXX object CMakeFiles/abds_core_common__rosidl_typesupport_introspection_cpp.dir/rosidl_typesupport_introspection_cpp/abds_core_common/msg/detail/trajectory_point__type_support.cpp.o[0m
[ 42%] [32mBuilding CXX object CMakeFiles/abds_core_common__rosidl_typesupport_fastrtps_cpp.dir/rosidl_typesupport_fastrtps_cpp/abds_core_common/msg/detail/dds_fastrtps/vehicle_state__type_support.cpp.o[0m
[ 42%] [32mBuilding CXX object CMakeFiles/abds_core_common__rosidl_typesupport_fastrtps_cpp.dir/rosidl_typesupport_fastrtps_cpp/abds_core_common/msg/detail/dds_fastrtps/test_state__type_support.cpp.o[0m
[ 43%] [32mBuilding CXX object CMakeFiles/abds_core_common__rosidl_typesupport_cpp.dir/rosidl_typesupport_cpp/abds_core_common/msg/test_state__type_support.cpp.o[0m
[ 44%] [32mBuilding CXX object CMakeFiles/abds_core_common__rosidl_typesupport_introspection_cpp.dir/rosidl_typesupport_introspection_cpp/abds_core_common/msg/detail/trajectory__type_support.cpp.o[0m
[ 45%] [32m[1mLinking CXX shared library libabds_core_common__rosidl_typesupport_cpp.so[0m
[ 45%] Built target abds_core_common__rosidl_typesupport_cpp
[ 46%] [34m[1mGenerating C introspection for ROS interfaces[0m
[ 46%] [32mBuilding CXX object CMakeFiles/abds_core_common__rosidl_typesupport_introspection_cpp.dir/rosidl_typesupport_introspection_cpp/abds_core_common/msg/detail/vehicle_command__type_support.cpp.o[0m
[ 47%] [32m[1mLinking CXX shared library libabds_core_common__rosidl_typesupport_fastrtps_cpp.so[0m
[ 47%] Built target abds_core_common__rosidl_typesupport_fastrtps_cpp
[ 48%] [32mBuilding CXX object CMakeFiles/abds_core_common__rosidl_typesupport_introspection_cpp.dir/rosidl_typesupport_introspection_cpp/abds_core_common/msg/detail/vehicle_state__type_support.cpp.o[0m
[ 49%] [34m[1mGenerating C type support dispatch for ROS interfaces[0m
[ 50%] [32mBuilding CXX object CMakeFiles/abds_core_common__rosidl_typesupport_introspection_cpp.dir/rosidl_typesupport_introspection_cpp/abds_core_common/msg/detail/test_state__type_support.cpp.o[0m
[ 51%] [32m[1mLinking CXX shared library libabds_core_common__rosidl_typesupport_introspection_cpp.so[0m
[ 51%] Built target abds_core_common__rosidl_typesupport_introspection_cpp
[ 51%] [34m[1mGenerating C type support for eProsima Fast-RTPS[0m
[35m[1mScanning dependencies of target abds_core_common__rosidl_typesupport_c[0m
[ 52%] [32mBuilding CXX object CMakeFiles/abds_core_common__rosidl_typesupport_c.dir/rosidl_typesupport_c/abds_core_common/srv/luminar_connect__type_support.cpp.o[0m
[ 52%] [32mBuilding CXX object CMakeFiles/abds_core_common__rosidl_typesupport_c.dir/rosidl_typesupport_c/abds_core_common/srv/luminar_discover_sensors__type_support.cpp.o[0m
[ 53%] [32mBuilding CXX object CMakeFiles/abds_core_common__rosidl_typesupport_c.dir/rosidl_typesupport_c/abds_core_common/srv/luminar_set_duration__type_support.cpp.o[0m
[ 54%] [32mBuilding CXX object CMakeFiles/abds_core_common__rosidl_typesupport_c.dir/rosidl_typesupport_c/abds_core_common/srv/luminar_set_fov__type_support.cpp.o[0m
[ 55%] [32mBuilding CXX object CMakeFiles/abds_core_common__rosidl_typesupport_c.dir/rosidl_typesupport_c/abds_core_common/srv/luminar_set_frequency__type_support.cpp.o[0m
[ 55%] [32mBuilding CXX object CMakeFiles/abds_core_common__rosidl_typesupport_c.dir/rosidl_typesupport_c/abds_core_common/msg/cluster__type_support.cpp.o[0m
[ 56%] [32mBuilding CXX object CMakeFiles/abds_core_common__rosidl_typesupport_c.dir/rosidl_typesupport_c/abds_core_common/msg/clusters__type_support.cpp.o[0m
[ 57%] [32mBuilding CXX object CMakeFiles/abds_core_common__rosidl_typesupport_c.dir/rosidl_typesupport_c/abds_core_common/msg/bounding_box__type_support.cpp.o[0m
[35m[1mScanning dependencies of target abds_core_common__rosidl_typesupport_introspection_c[0m
[ 57%] [32mBuilding CXX object CMakeFiles/abds_core_common__rosidl_typesupport_c.dir/rosidl_typesupport_c/abds_core_common/msg/bounding_boxes__type_support.cpp.o[0m
[ 58%] [32mBuilding C object CMakeFiles/abds_core_common__rosidl_typesupport_introspection_c.dir/rosidl_typesupport_introspection_c/abds_core_common/srv/detail/luminar_connect__type_support.c.o[0m
[ 59%] [32mBuilding CXX object CMakeFiles/abds_core_common__rosidl_typesupport_c.dir/rosidl_typesupport_c/abds_core_common/msg/trajectory_point__type_support.cpp.o[0m
[ 59%] [32mBuilding C object CMakeFiles/abds_core_common__rosidl_typesupport_introspection_c.dir/rosidl_typesupport_introspection_c/abds_core_common/srv/detail/luminar_discover_sensors__type_support.c.o[0m
[ 60%] [32mBuilding CXX object CMakeFiles/abds_core_common__rosidl_typesupport_c.dir/rosidl_typesupport_c/abds_core_common/msg/trajectory__type_support.cpp.o[0m
[ 61%] [32mBuilding CXX object CMakeFiles/abds_core_common__rosidl_typesupport_c.dir/rosidl_typesupport_c/abds_core_common/msg/vehicle_command__type_support.cpp.o[0m
[ 62%] [32mBuilding CXX object CMakeFiles/abds_core_common__rosidl_typesupport_c.dir/rosidl_typesupport_c/abds_core_common/msg/vehicle_state__type_support.cpp.o[0m
[ 62%] [32mBuilding C object CMakeFiles/abds_core_common__rosidl_typesupport_introspection_c.dir/rosidl_typesupport_introspection_c/abds_core_common/srv/detail/luminar_set_duration__type_support.c.o[0m
[ 63%] [32mBuilding CXX object CMakeFiles/abds_core_common__rosidl_typesupport_c.dir/rosidl_typesupport_c/abds_core_common/msg/test_state__type_support.cpp.o[0m
[ 64%] [32mBuilding C object CMakeFiles/abds_core_common__rosidl_typesupport_introspection_c.dir/rosidl_typesupport_introspection_c/abds_core_common/srv/detail/luminar_set_fov__type_support.c.o[0m
[ 65%] [32m[1mLinking CXX shared library libabds_core_common__rosidl_typesupport_c.so[0m
[ 65%] [32mBuilding C object CMakeFiles/abds_core_common__rosidl_typesupport_introspection_c.dir/rosidl_typesupport_introspection_c/abds_core_common/srv/detail/luminar_set_frequency__type_support.c.o[0m
[ 66%] [32mBuilding C object CMakeFiles/abds_core_common__rosidl_typesupport_introspection_c.dir/rosidl_typesupport_introspection_c/abds_core_common/msg/detail/clusters__type_support.c.o[0m
[ 67%] [32mBuilding C object CMakeFiles/abds_core_common__rosidl_typesupport_introspection_c.dir/rosidl_typesupport_introspection_c/abds_core_common/msg/detail/cluster__type_support.c.o[0m
[ 67%] Built target abds_core_common__rosidl_typesupport_c
[ 68%] [32mBuilding C object CMakeFiles/abds_core_common__rosidl_typesupport_introspection_c.dir/rosidl_typesupport_introspection_c/abds_core_common/msg/detail/bounding_box__type_support.c.o[0m
[ 69%] [32mBuilding C object CMakeFiles/abds_core_common__rosidl_typesupport_introspection_c.dir/rosidl_typesupport_introspection_c/abds_core_common/msg/detail/bounding_boxes__type_support.c.o[0m
[ 69%] [32mBuilding C object CMakeFiles/abds_core_common__rosidl_typesupport_introspection_c.dir/rosidl_typesupport_introspection_c/abds_core_common/msg/detail/trajectory_point__type_support.c.o[0m
[ 70%] [32mBuilding C object CMakeFiles/abds_core_common__rosidl_typesupport_introspection_c.dir/rosidl_typesupport_introspection_c/abds_core_common/msg/detail/trajectory__type_support.c.o[0m
[ 70%] [32mBuilding C object CMakeFiles/abds_core_common__rosidl_typesupport_introspection_c.dir/rosidl_typesupport_introspection_c/abds_core_common/msg/detail/vehicle_state__type_support.c.o[0m
[ 71%] [32mBuilding C object CMakeFiles/abds_core_common__rosidl_typesupport_introspection_c.dir/rosidl_typesupport_introspection_c/abds_core_common/msg/detail/vehicle_command__type_support.c.o[0m
[ 72%] [32mBuilding C object CMakeFiles/abds_core_common__rosidl_typesupport_introspection_c.dir/rosidl_typesupport_introspection_c/abds_core_common/msg/detail/test_state__type_support.c.o[0m
[ 73%] [32m[1mLinking C shared library libabds_core_common__rosidl_typesupport_introspection_c.so[0m
[ 73%] Built target abds_core_common__rosidl_typesupport_introspection_c
[35m[1mScanning dependencies of target abds_core_common__rosidl_typesupport_fastrtps_c[0m
[ 76%] [32mBuilding CXX object CMakeFiles/abds_core_common__rosidl_typesupport_fastrtps_c.dir/rosidl_typesupport_fastrtps_c/abds_core_common/srv/detail/luminar_set_duration__type_support_c.cpp.o[0m
[ 76%] [32mBuilding CXX object CMakeFiles/abds_core_common__rosidl_typesupport_fastrtps_c.dir/rosidl_typesupport_fastrtps_c/abds_core_common/srv/detail/luminar_connect__type_support_c.cpp.o[0m
[ 76%] [32mBuilding CXX object CMakeFiles/abds_core_common__rosidl_typesupport_fastrtps_c.dir/rosidl_typesupport_fastrtps_c/abds_core_common/srv/detail/luminar_set_fov__type_support_c.cpp.o[0m
[ 76%] [32mBuilding CXX object CMakeFiles/abds_core_common__rosidl_typesupport_fastrtps_c.dir/rosidl_typesupport_fastrtps_c/abds_core_common/srv/detail/luminar_discover_sensors__type_support_c.cpp.o[0m
[ 78%] [32mBuilding CXX object CMakeFiles/abds_core_common__rosidl_typesupport_fastrtps_c.dir/rosidl_typesupport_fastrtps_c/abds_core_common/srv/detail/luminar_set_frequency__type_support_c.cpp.o[0m
[ 78%] [32mBuilding CXX object CMakeFiles/abds_core_common__rosidl_typesupport_fastrtps_c.dir/rosidl_typesupport_fastrtps_c/abds_core_common/msg/detail/cluster__type_support_c.cpp.o[0m
[ 78%] [32mBuilding CXX object CMakeFiles/abds_core_common__rosidl_typesupport_fastrtps_c.dir/rosidl_typesupport_fastrtps_c/abds_core_common/msg/detail/clusters__type_support_c.cpp.o[0m
[ 79%] [32mBuilding CXX object CMakeFiles/abds_core_common__rosidl_typesupport_fastrtps_c.dir/rosidl_typesupport_fastrtps_c/abds_core_common/msg/detail/bounding_box__type_support_c.cpp.o[0m
[ 81%] [32mBuilding CXX object CMakeFiles/abds_core_common__rosidl_typesupport_fastrtps_c.dir/rosidl_typesupport_fastrtps_c/abds_core_common/msg/detail/trajectory_point__type_support_c.cpp.o[0m
[ 81%] [32mBuilding CXX object CMakeFiles/abds_core_common__rosidl_typesupport_fastrtps_c.dir/rosidl_typesupport_fastrtps_c/abds_core_common/msg/detail/bounding_boxes__type_support_c.cpp.o[0m
[ 81%] [32mBuilding CXX object CMakeFiles/abds_core_common__rosidl_typesupport_fastrtps_c.dir/rosidl_typesupport_fastrtps_c/abds_core_common/msg/detail/trajectory__type_support_c.cpp.o[0m
[ 82%] [32mBuilding CXX object CMakeFiles/abds_core_common__rosidl_typesupport_fastrtps_c.dir/rosidl_typesupport_fastrtps_c/abds_core_common/msg/detail/vehicle_command__type_support_c.cpp.o[0m
[ 83%] [32mBuilding CXX object CMakeFiles/abds_core_common__rosidl_typesupport_fastrtps_c.dir/rosidl_typesupport_fastrtps_c/abds_core_common/msg/detail/vehicle_state__type_support_c.cpp.o[0m
[ 83%] [32mBuilding CXX object CMakeFiles/abds_core_common__rosidl_typesupport_fastrtps_c.dir/rosidl_typesupport_fastrtps_c/abds_core_common/msg/detail/test_state__type_support_c.cpp.o[0m
[ 84%] [32m[1mLinking CXX shared library libabds_core_common__rosidl_typesupport_fastrtps_c.so[0m
[ 84%] Built target abds_core_common__rosidl_typesupport_fastrtps_c
[35m[1mScanning dependencies of target abds_core_common[0m
[ 84%] Built target abds_core_common
[35m[1mScanning dependencies of target abds_core_common__py[0m
[ 85%] [34m[1mGenerating Python code for ROS interfaces[0m
[ 85%] Built target abds_core_common__py
[35m[1mScanning dependencies of target abds_core_common__python[0m
[ 87%] [32mBuilding C object CMakeFiles/abds_core_common__python.dir/rosidl_generator_py/abds_core_common/srv/_luminar_connect_s.c.o[0m
[ 87%] [32mBuilding C object CMakeFiles/abds_core_common__python.dir/rosidl_generator_py/abds_core_common/srv/_luminar_set_duration_s.c.o[0m
[ 87%] [32mBuilding C object CMakeFiles/abds_core_common__python.dir/rosidl_generator_py/abds_core_common/srv/_luminar_discover_sensors_s.c.o[0m
[ 88%] [32mBuilding C object CMakeFiles/abds_core_common__python.dir/rosidl_generator_py/abds_core_common/srv/_luminar_set_fov_s.c.o[0m
[ 89%] [32mBuilding C object CMakeFiles/abds_core_common__python.dir/rosidl_generator_py/abds_core_common/srv/_luminar_set_frequency_s.c.o[0m
[ 89%] [32mBuilding C object CMakeFiles/abds_core_common__python.dir/rosidl_generator_py/abds_core_common/msg/_cluster_s.c.o[0m
[ 90%] [32mBuilding C object CMakeFiles/abds_core_common__python.dir/rosidl_generator_py/abds_core_common/msg/_clusters_s.c.o[0m
[ 91%] [32mBuilding C object CMakeFiles/abds_core_common__python.dir/rosidl_generator_py/abds_core_common/msg/_bounding_box_s.c.o[0m
[ 92%] [32mBuilding C object CMakeFiles/abds_core_common__python.dir/rosidl_generator_py/abds_core_common/msg/_bounding_boxes_s.c.o[0m
[ 92%] [32mBuilding C object CMakeFiles/abds_core_common__python.dir/rosidl_generator_py/abds_core_common/msg/_trajectory_point_s.c.o[0m
[ 93%] [32mBuilding C object CMakeFiles/abds_core_common__python.dir/rosidl_generator_py/abds_core_common/msg/_trajectory_s.c.o[0m
[ 94%] [32mBuilding C object CMakeFiles/abds_core_common__python.dir/rosidl_generator_py/abds_core_common/msg/_vehicle_command_s.c.o[0m
[ 94%] [32mBuilding C object CMakeFiles/abds_core_common__python.dir/rosidl_generator_py/abds_core_common/msg/_vehicle_state_s.c.o[0m
[ 95%] [32mBuilding C object CMakeFiles/abds_core_common__python.dir/rosidl_generator_py/abds_core_common/msg/_test_state_s.c.o[0m
[ 96%] [32m[1mLinking C shared library rosidl_generator_py/abds_core_common/libabds_core_common__python.so[0m
[ 96%] Built target abds_core_common__python
[35m[1mScanning dependencies of target abds_core_common__rosidl_typesupport_introspection_c__pyext[0m
[35m[1mScanning dependencies of target abds_core_common__rosidl_typesupport_c__pyext[0m
[35m[1mScanning dependencies of target abds_core_common__rosidl_typesupport_fastrtps_c__pyext[0m
[ 96%] [32mBuilding C object CMakeFiles/abds_core_common__rosidl_typesupport_introspection_c__pyext.dir/rosidl_generator_py/abds_core_common/_abds_core_common_s.ep.rosidl_typesupport_introspection_c.c.o[0m
[ 97%] [32mBuilding C object CMakeFiles/abds_core_common__rosidl_typesupport_fastrtps_c__pyext.dir/rosidl_generator_py/abds_core_common/_abds_core_common_s.ep.rosidl_typesupport_fastrtps_c.c.o[0m
[ 97%] [32mBuilding C object CMakeFiles/abds_core_common__rosidl_typesupport_c__pyext.dir/rosidl_generator_py/abds_core_common/_abds_core_common_s.ep.rosidl_typesupport_c.c.o[0m
[ 98%] [32m[1mLinking C shared library rosidl_generator_py/abds_core_common/abds_core_common_s__rosidl_typesupport_c.cpython-38-x86_64-linux-gnu.so[0m
[ 99%] [32m[1mLinking CXX shared library rosidl_generator_py/abds_core_common/abds_core_common_s__rosidl_typesupport_fastrtps_c.cpython-38-x86_64-linux-gnu.so[0m
[ 99%] Built target abds_core_common__rosidl_typesupport_c__pyext
[100%] [32m[1mLinking C shared library rosidl_generator_py/abds_core_common/abds_core_common_s__rosidl_typesupport_introspection_c.cpython-38-x86_64-linux-gnu.so[0m
[100%] Built target abds_core_common__rosidl_typesupport_fastrtps_c__pyext
[100%] Built target abds_core_common__rosidl_typesupport_introspection_c__pyext
-- Install configuration: ""
-- Installing: /home/nayab/dev_ws/install/abds_core_common/share/ament_index/resource_index/rosidl_interfaces/abds_core_common
-- Installing: /home/nayab/dev_ws/install/abds_core_common/include/abds_core_common
-- Installing: /home/nayab/dev_ws/install/abds_core_common/include/abds_core_common/msg
-- Installing: /home/nayab/dev_ws/install/abds_core_common/include/abds_core_common/msg/cluster.h
-- Installing: /home/nayab/dev_ws/install/abds_core_common/include/abds_core_common/msg/detail
-- Installing: /home/nayab/dev_ws/install/abds_core_common/include/abds_core_common/msg/detail/vehicle_command__struct.h
-- Installing: /home/nayab/dev_ws/install/abds_core_common/include/abds_core_common/msg/detail/bounding_box__functions.h
-- Installing: /home/nayab/dev_ws/install/abds_core_common/include/abds_core_common/msg/detail/bounding_boxes__type_support.h
-- Installing: /home/nayab/dev_ws/install/abds_core_common/include/abds_core_common/msg/detail/test_state__functions.c
-- Installing: /home/nayab/dev_ws/install/abds_core_common/include/abds_core_common/msg/detail/bounding_box__struct.h
-- Installing: /home/nayab/dev_ws/install/abds_core_common/include/abds_core_common/msg/detail/cluster__functions.h
-- Installing: /home/nayab/dev_ws/install/abds_core_common/include/abds_core_common/msg/detail/bounding_boxes__functions.h
-- Installing: /home/nayab/dev_ws/install/abds_core_common/include/abds_core_common/msg/detail/trajectory_point__struct.h
-- Installing: /home/nayab/dev_ws/install/abds_core_common/include/abds_core_common/msg/detail/bounding_box__type_support.h
-- Installing: /home/nayab/dev_ws/install/abds_core_common/include/abds_core_common/msg/detail/trajectory__functions.c
-- Installing: /home/nayab/dev_ws/install/abds_core_common/include/abds_core_common/msg/detail/test_state__struct.h
-- Installing: /home/nayab/dev_ws/install/abds_core_common/include/abds_core_common/msg/detail/test_state__functions.h
-- Installing: /home/nayab/dev_ws/install/abds_core_common/include/abds_core_common/msg/detail/trajectory_point__functions.c
-- Installing: /home/nayab/dev_ws/install/abds_core_common/include/abds_core_common/msg/detail/vehicle_command__type_support.h
-- Installing: /home/nayab/dev_ws/install/abds_core_common/include/abds_core_common/msg/detail/cluster__struct.h
-- Installing: /home/nayab/dev_ws/install/abds_core_common/include/abds_core_common/msg/detail/clusters__struct.h
-- Installing: /home/nayab/dev_ws/install/abds_core_common/include/abds_core_common/msg/detail/trajectory__struct.h
-- Installing: /home/nayab/dev_ws/install/abds_core_common/include/abds_core_common/msg/detail/clusters__functions.h
-- Installing: /home/nayab/dev_ws/install/abds_core_common/include/abds_core_common/msg/detail/vehicle_command__functions.c
-- Installing: /home/nayab/dev_ws/install/abds_core_common/include/abds_core_common/msg/detail/bounding_boxes__struct.h
-- Installing: /home/nayab/dev_ws/install/abds_core_common/include/abds_core_common/msg/detail/cluster__type_support.h
-- Installing: /home/nayab/dev_ws/install/abds_core_common/include/abds_core_common/msg/detail/trajectory_point__type_support.h
-- Installing: /home/nayab/dev_ws/install/abds_core_common/include/abds_core_common/msg/detail/bounding_boxes__functions.c
-- Installing: /home/nayab/dev_ws/install/abds_core_common/include/abds_core_common/msg/detail/vehicle_command__functions.h
-- Installing: /home/nayab/dev_ws/install/abds_core_common/include/abds_core_common/msg/detail/bounding_box__functions.c
-- Installing: /home/nayab/dev_ws/install/abds_core_common/include/abds_core_common/msg/detail/vehicle_state__functions.h
-- Installing: /home/nayab/dev_ws/install/abds_core_common/include/abds_core_common/msg/detail/test_state__type_support.h
-- Installing: /home/nayab/dev_ws/install/abds_core_common/include/abds_core_common/msg/detail/clusters__functions.c
-- Installing: /home/nayab/dev_ws/install/abds_core_common/include/abds_core_common/msg/detail/vehicle_state__struct.h
-- Installing: /home/nayab/dev_ws/install/abds_core_common/include/abds_core_common/msg/detail/vehicle_state__functions.c
-- Installing: /home/nayab/dev_ws/install/abds_core_common/include/abds_core_common/msg/detail/cluster__functions.c
-- Installing: /home/nayab/dev_ws/install/abds_core_common/include/abds_core_common/msg/detail/trajectory__type_support.h
-- Installing: /home/nayab/dev_ws/install/abds_core_common/include/abds_core_common/msg/detail/trajectory__functions.h
-- Installing: /home/nayab/dev_ws/install/abds_core_common/include/abds_core_common/msg/detail/trajectory_point__functions.h
-- Installing: /home/nayab/dev_ws/install/abds_core_common/include/abds_core_common/msg/detail/clusters__type_support.h
-- Installing: /home/nayab/dev_ws/install/abds_core_common/include/abds_core_common/msg/detail/vehicle_state__type_support.h
-- Installing: /home/nayab/dev_ws/install/abds_core_common/include/abds_core_common/msg/test_state.h
-- Installing: /home/nayab/dev_ws/install/abds_core_common/include/abds_core_common/msg/vehicle_command.h
-- Installing: /home/nayab/dev_ws/install/abds_core_common/include/abds_core_common/msg/vehicle_state.h
-- Installing: /home/nayab/dev_ws/install/abds_core_common/include/abds_core_common/msg/bounding_box.h
-- Installing: /home/nayab/dev_ws/install/abds_core_common/include/abds_core_common/msg/rosidl_generator_c__visibility_control.h
-- Installing: /home/nayab/dev_ws/install/abds_core_common/include/abds_core_common/msg/clusters.h
-- Installing: /home/nayab/dev_ws/install/abds_core_common/include/abds_core_common/msg/trajectory_point.h
-- Installing: /home/nayab/dev_ws/install/abds_core_common/include/abds_core_common/msg/trajectory.h
-- Installing: /home/nayab/dev_ws/install/abds_core_common/include/abds_core_common/msg/bounding_boxes.h
-- Installing: /home/nayab/dev_ws/install/abds_core_common/include/abds_core_common/srv
-- Installing: /home/nayab/dev_ws/install/abds_core_common/include/abds_core_common/srv/luminar_connect.h
-- Installing: /home/nayab/dev_ws/install/abds_core_common/include/abds_core_common/srv/luminar_set_fov.h
-- Installing: /home/nayab/dev_ws/install/abds_core_common/include/abds_core_common/srv/detail
-- Installing: /home/nayab/dev_ws/install/abds_core_common/include/abds_core_common/srv/detail/luminar_set_fov__type_support.h
-- Installing: /home/nayab/dev_ws/install/abds_core_common/include/abds_core_common/srv/detail/luminar_set_fov__functions.c
-- Installing: /home/nayab/dev_ws/install/abds_core_common/include/abds_core_common/srv/detail/luminar_discover_sensors__functions.h
-- Installing: /home/nayab/dev_ws/install/abds_core_common/include/abds_core_common/srv/detail/luminar_set_duration__type_support.h
-- Installing: /home/nayab/dev_ws/install/abds_core_common/include/abds_core_common/srv/detail/luminar_set_frequency__functions.h
-- Installing: /home/nayab/dev_ws/install/abds_core_common/include/abds_core_common/srv/detail/luminar_connect__struct.h
-- Installing: /home/nayab/dev_ws/install/abds_core_common/include/abds_core_common/srv/detail/luminar_set_frequency__functions.c
-- Installing: /home/nayab/dev_ws/install/abds_core_common/include/abds_core_common/srv/detail/luminar_discover_sensors__struct.h
-- Installing: /home/nayab/dev_ws/install/abds_core_common/include/abds_core_common/srv/detail/luminar_set_frequency__type_support.h
-- Installing: /home/nayab/dev_ws/install/abds_core_common/include/abds_core_common/srv/detail/luminar_set_fov__functions.h
-- Installing: /home/nayab/dev_ws/install/abds_core_common/include/abds_core_common/srv/detail/luminar_connect__type_support.h
-- Installing: /home/nayab/dev_ws/install/abds_core_common/include/abds_core_common/srv/detail/luminar_connect__functions.h
-- Installing: /home/nayab/dev_ws/install/abds_core_common/include/abds_core_common/srv/detail/luminar_discover_sensors__type_support.h
-- Installing: /home/nayab/dev_ws/install/abds_core_common/include/abds_core_common/srv/detail/luminar_set_duration__struct.h
-- Installing: /home/nayab/dev_ws/install/abds_core_common/include/abds_core_common/srv/detail/luminar_set_duration__functions.h
-- Installing: /home/nayab/dev_ws/install/abds_core_common/include/abds_core_common/srv/detail/luminar_discover_sensors__functions.c
-- Installing: /home/nayab/dev_ws/install/abds_core_common/include/abds_core_common/srv/detail/luminar_set_frequency__struct.h
-- Installing: /home/nayab/dev_ws/install/abds_core_common/include/abds_core_common/srv/detail/luminar_connect__functions.c
-- Installing: /home/nayab/dev_ws/install/abds_core_common/include/abds_core_common/srv/detail/luminar_set_duration__functions.c
-- Installing: /home/nayab/dev_ws/install/abds_core_common/include/abds_core_common/srv/detail/luminar_set_fov__struct.h
-- Installing: /home/nayab/dev_ws/install/abds_core_common/include/abds_core_common/srv/luminar_set_frequency.h
-- Installing: /home/nayab/dev_ws/install/abds_core_common/include/abds_core_common/srv/luminar_set_duration.h
-- Installing: /home/nayab/dev_ws/install/abds_core_common/include/abds_core_common/srv/luminar_discover_sensors.h
-- Installing: /home/nayab/dev_ws/install/abds_core_common/share/abds_core_common/environment/library_path.sh
-- Installing: /home/nayab/dev_ws/install/abds_core_common/share/abds_core_common/environment/library_path.dsv
-- Installing: /home/nayab/dev_ws/install/abds_core_common/lib/libabds_core_common__rosidl_generator_c.so
-- Set runtime path of "/home/nayab/dev_ws/install/abds_core_common/lib/libabds_core_common__rosidl_generator_c.so" to ""
-- Up-to-date: /home/nayab/dev_ws/install/abds_core_common/include/abds_core_common
-- Up-to-date: /home/nayab/dev_ws/install/abds_core_common/include/abds_core_common/msg
-- Up-to-date: /home/nayab/dev_ws/install/abds_core_common/include/abds_core_common/msg/detail
-- Installing: /home/nayab/dev_ws/install/abds_core_common/include/abds_core_common/msg/detail/bounding_boxes__rosidl_typesupport_fastrtps_c.h
-- Installing: /home/nayab/dev_ws/install/abds_core_common/include/abds_core_common/msg/detail/trajectory_point__rosidl_typesupport_fastrtps_c.h
-- Installing: /home/nayab/dev_ws/install/abds_core_common/include/abds_core_common/msg/detail/vehicle_command__rosidl_typesupport_fastrtps_c.h
-- Installing: /home/nayab/dev_ws/install/abds_core_common/include/abds_core_common/msg/detail/clusters__rosidl_typesupport_fastrtps_c.h
-- Installing: /home/nayab/dev_ws/install/abds_core_common/include/abds_core_common/msg/detail/trajectory__rosidl_typesupport_fastrtps_c.h
-- Installing: /home/nayab/dev_ws/install/abds_core_common/include/abds_core_common/msg/detail/cluster__rosidl_typesupport_fastrtps_c.h
-- Installing: /home/nayab/dev_ws/install/abds_core_common/include/abds_core_common/msg/detail/test_state__rosidl_typesupport_fastrtps_c.h
-- Installing: /home/nayab/dev_ws/install/abds_core_common/include/abds_core_common/msg/detail/bounding_box__rosidl_typesupport_fastrtps_c.h
-- Installing: /home/nayab/dev_ws/install/abds_core_common/include/abds_core_common/msg/detail/vehicle_state__rosidl_typesupport_fastrtps_c.h
-- Installing: /home/nayab/dev_ws/install/abds_core_common/include/abds_core_common/msg/rosidl_typesupport_fastrtps_c__visibility_control.h
-- Up-to-date: /home/nayab/dev_ws/install/abds_core_common/include/abds_core_common/srv
-- Up-to-date: /home/nayab/dev_ws/install/abds_core_common/include/abds_core_common/srv/detail
-- Installing: /home/nayab/dev_ws/install/abds_core_common/include/abds_core_common/srv/detail/luminar_set_frequency__rosidl_typesupport_fastrtps_c.h
-- Installing: /home/nayab/dev_ws/install/abds_core_common/include/abds_core_common/srv/detail/luminar_discover_sensors__rosidl_typesupport_fastrtps_c.h
-- Installing: /home/nayab/dev_ws/install/abds_core_common/include/abds_core_common/srv/detail/luminar_connect__rosidl_typesupport_fastrtps_c.h
-- Installing: /home/nayab/dev_ws/install/abds_core_common/include/abds_core_common/srv/detail/luminar_set_fov__rosidl_typesupport_fastrtps_c.h
-- Installing: /home/nayab/dev_ws/install/abds_core_common/include/abds_core_common/srv/detail/luminar_set_duration__rosidl_typesupport_fastrtps_c.h
-- Installing: /home/nayab/dev_ws/install/abds_core_common/lib/libabds_core_common__rosidl_typesupport_fastrtps_c.so
-- Set runtime path of "/home/nayab/dev_ws/install/abds_core_common/lib/libabds_core_common__rosidl_typesupport_fastrtps_c.so" to ""
-- Up-to-date: /home/nayab/dev_ws/install/abds_core_common/include/abds_core_common
-- Up-to-date: /home/nayab/dev_ws/install/abds_core_common/include/abds_core_common/msg
-- Up-to-date: /home/nayab/dev_ws/install/abds_core_common/include/abds_core_common/msg/detail
-- Installing: /home/nayab/dev_ws/install/abds_core_common/include/abds_core_common/msg/detail/dds_fastrtps
-- Installing: /home/nayab/dev_ws/install/abds_core_common/include/abds_core_common/msg/detail/vehicle_command__rosidl_typesupport_fastrtps_cpp.hpp
-- Installing: /home/nayab/dev_ws/install/abds_core_common/include/abds_core_common/msg/detail/cluster__rosidl_typesupport_fastrtps_cpp.hpp
-- Installing: /home/nayab/dev_ws/install/abds_core_common/include/abds_core_common/msg/detail/bounding_boxes__rosidl_typesupport_fastrtps_cpp.hpp
-- Installing: /home/nayab/dev_ws/install/abds_core_common/include/abds_core_common/msg/detail/vehicle_state__rosidl_typesupport_fastrtps_cpp.hpp
-- Installing: /home/nayab/dev_ws/install/abds_core_common/include/abds_core_common/msg/detail/clusters__rosidl_typesupport_fastrtps_cpp.hpp
-- Installing: /home/nayab/dev_ws/install/abds_core_common/include/abds_core_common/msg/detail/bounding_box__rosidl_typesupport_fastrtps_cpp.hpp
-- Installing: /home/nayab/dev_ws/install/abds_core_common/include/abds_core_common/msg/detail/trajectory__rosidl_typesupport_fastrtps_cpp.hpp
-- Installing: /home/nayab/dev_ws/install/abds_core_common/include/abds_core_common/msg/detail/test_state__rosidl_typesupport_fastrtps_cpp.hpp
-- Installing: /home/nayab/dev_ws/install/abds_core_common/include/abds_core_common/msg/detail/trajectory_point__rosidl_typesupport_fastrtps_cpp.hpp
-- Installing: /home/nayab/dev_ws/install/abds_core_common/include/abds_core_common/msg/rosidl_typesupport_fastrtps_cpp__visibility_control.h
-- Up-to-date: /home/nayab/dev_ws/install/abds_core_common/include/abds_core_common/srv
-- Up-to-date: /home/nayab/dev_ws/install/abds_core_common/include/abds_core_common/srv/detail
-- Installing: /home/nayab/dev_ws/install/abds_core_common/include/abds_core_common/srv/detail/dds_fastrtps
-- Installing: /home/nayab/dev_ws/install/abds_core_common/include/abds_core_common/srv/detail/luminar_set_duration__rosidl_typesupport_fastrtps_cpp.hpp
-- Installing: /home/nayab/dev_ws/install/abds_core_common/include/abds_core_common/srv/detail/luminar_set_fov__rosidl_typesupport_fastrtps_cpp.hpp
-- Installing: /home/nayab/dev_ws/install/abds_core_common/include/abds_core_common/srv/detail/luminar_set_frequency__rosidl_typesupport_fastrtps_cpp.hpp
-- Installing: /home/nayab/dev_ws/install/abds_core_common/include/abds_core_common/srv/detail/luminar_discover_sensors__rosidl_typesupport_fastrtps_cpp.hpp
-- Installing: /home/nayab/dev_ws/install/abds_core_common/include/abds_core_common/srv/detail/luminar_connect__rosidl_typesupport_fastrtps_cpp.hpp
-- Installing: /home/nayab/dev_ws/install/abds_core_common/lib/libabds_core_common__rosidl_typesupport_fastrtps_cpp.so
-- Set runtime path of "/home/nayab/dev_ws/install/abds_core_common/lib/libabds_core_common__rosidl_typesupport_fastrtps_cpp.so" to ""
-- Up-to-date: /home/nayab/dev_ws/install/abds_core_common/include/abds_core_common
-- Up-to-date: /home/nayab/dev_ws/install/abds_core_common/include/abds_core_common/msg
-- Installing: /home/nayab/dev_ws/install/abds_core_common/include/abds_core_common/msg/rosidl_typesupport_introspection_c__visibility_control.h
-- Up-to-date: /home/nayab/dev_ws/install/abds_core_common/include/abds_core_common/msg/detail
-- Installing: /home/nayab/dev_ws/install/abds_core_common/include/abds_core_common/msg/detail/bounding_box__type_support.c
-- Installing: /home/nayab/dev_ws/install/abds_core_common/include/abds_core_common/msg/detail/test_state__rosidl_typesupport_introspection_c.h
-- Installing: /home/nayab/dev_ws/install/abds_core_common/include/abds_core_common/msg/detail/trajectory__rosidl_typesupport_introspection_c.h
-- Installing: /home/nayab/dev_ws/install/abds_core_common/include/abds_core_common/msg/detail/cluster__type_support.c
-- Installing: /home/nayab/dev_ws/install/abds_core_common/include/abds_core_common/msg/detail/cluster__rosidl_typesupport_introspection_c.h
-- Installing: /home/nayab/dev_ws/install/abds_core_common/include/abds_core_common/msg/detail/clusters__type_support.c
-- Installing: /home/nayab/dev_ws/install/abds_core_common/include/abds_core_common/msg/detail/test_state__type_support.c
-- Installing: /home/nayab/dev_ws/install/abds_core_common/include/abds_core_common/msg/detail/clusters__rosidl_typesupport_introspection_c.h
-- Installing: /home/nayab/dev_ws/install/abds_core_common/include/abds_core_common/msg/detail/trajectory__type_support.c
-- Installing: /home/nayab/dev_ws/install/abds_core_common/include/abds_core_common/msg/detail/bounding_boxes__rosidl_typesupport_introspection_c.h
-- Installing: /home/nayab/dev_ws/install/abds_core_common/include/abds_core_common/msg/detail/vehicle_state__rosidl_typesupport_introspection_c.h
-- Installing: /home/nayab/dev_ws/install/abds_core_common/include/abds_core_common/msg/detail/bounding_box__rosidl_typesupport_introspection_c.h
-- Installing: /home/nayab/dev_ws/install/abds_core_common/include/abds_core_common/msg/detail/vehicle_command__type_support.c
-- Installing: /home/nayab/dev_ws/install/abds_core_common/include/abds_core_common/msg/detail/trajectory_point__type_support.c
-- Installing: /home/nayab/dev_ws/install/abds_core_common/include/abds_core_common/msg/detail/bounding_boxes__type_support.c
-- Installing: /home/nayab/dev_ws/install/abds_core_common/include/abds_core_common/msg/detail/trajectory_point__rosidl_typesupport_introspection_c.h
-- Installing: /home/nayab/dev_ws/install/abds_core_common/include/abds_core_common/msg/detail/vehicle_command__rosidl_typesupport_introspection_c.h
-- Installing: /home/nayab/dev_ws/install/abds_core_common/include/abds_core_common/msg/detail/vehicle_state__type_support.c
-- Up-to-date: /home/nayab/dev_ws/install/abds_core_common/include/abds_core_common/srv
-- Up-to-date: /home/nayab/dev_ws/install/abds_core_common/include/abds_core_common/srv/detail
-- Installing: /home/nayab/dev_ws/install/abds_core_common/include/abds_core_common/srv/detail/luminar_connect__rosidl_typesupport_introspection_c.h
-- Installing: /home/nayab/dev_ws/install/abds_core_common/include/abds_core_common/srv/detail/luminar_set_duration__rosidl_typesupport_introspection_c.h
-- Installing: /home/nayab/dev_ws/install/abds_core_common/include/abds_core_common/srv/detail/luminar_set_frequency__type_support.c
-- Installing: /home/nayab/dev_ws/install/abds_core_common/include/abds_core_common/srv/detail/luminar_set_frequency__rosidl_typesupport_introspection_c.h
-- Installing: /home/nayab/dev_ws/install/abds_core_common/include/abds_core_common/srv/detail/luminar_set_fov__rosidl_typesupport_introspection_c.h
-- Installing: /home/nayab/dev_ws/install/abds_core_common/include/abds_core_common/srv/detail/luminar_discover_sensors__rosidl_typesupport_introspection_c.h
-- Installing: /home/nayab/dev_ws/install/abds_core_common/include/abds_core_common/srv/detail/luminar_set_fov__type_support.c
-- Installing: /home/nayab/dev_ws/install/abds_core_common/include/abds_core_common/srv/detail/luminar_set_duration__type_support.c
-- Installing: /home/nayab/dev_ws/install/abds_core_common/include/abds_core_common/srv/detail/luminar_discover_sensors__type_support.c
-- Installing: /home/nayab/dev_ws/install/abds_core_common/include/abds_core_common/srv/detail/luminar_connect__type_support.c
-- Installing: /home/nayab/dev_ws/install/abds_core_common/lib/libabds_core_common__rosidl_typesupport_introspection_c.so
-- Set runtime path of "/home/nayab/dev_ws/install/abds_core_common/lib/libabds_core_common__rosidl_typesupport_introspection_c.so" to ""
-- Installing: /home/nayab/dev_ws/install/abds_core_common/lib/libabds_core_common__rosidl_typesupport_c.so
-- Set runtime path of "/home/nayab/dev_ws/install/abds_core_common/lib/libabds_core_common__rosidl_typesupport_c.so" to ""
-- Up-to-date: /home/nayab/dev_ws/install/abds_core_common/include/abds_core_common
-- Up-to-date: /home/nayab/dev_ws/install/abds_core_common/include/abds_core_common/msg
-- Installing: /home/nayab/dev_ws/install/abds_core_common/include/abds_core_common/msg/clusters.hpp
-- Installing: /home/nayab/dev_ws/install/abds_core_common/include/abds_core_common/msg/trajectory.hpp
-- Up-to-date: /home/nayab/dev_ws/install/abds_core_common/include/abds_core_common/msg/detail
-- Installing: /home/nayab/dev_ws/install/abds_core_common/include/abds_core_common/msg/detail/bounding_box__builder.hpp
-- Installing: /home/nayab/dev_ws/install/abds_core_common/include/abds_core_common/msg/detail/bounding_boxes__builder.hpp
-- Installing: /home/nayab/dev_ws/install/abds_core_common/include/abds_core_common/msg/detail/cluster__builder.hpp
-- Installing: /home/nayab/dev_ws/install/abds_core_common/include/abds_core_common/msg/detail/test_state__traits.hpp
-- Installing: /home/nayab/dev_ws/install/abds_core_common/include/abds_core_common/msg/detail/vehicle_command__traits.hpp
-- Installing: /home/nayab/dev_ws/install/abds_core_common/include/abds_core_common/msg/detail/vehicle_command__builder.hpp
-- Installing: /home/nayab/dev_ws/install/abds_core_common/include/abds_core_common/msg/detail/test_state__builder.hpp
-- Installing: /home/nayab/dev_ws/install/abds_core_common/include/abds_core_common/msg/detail/clusters__struct.hpp
-- Installing: /home/nayab/dev_ws/install/abds_core_common/include/abds_core_common/msg/detail/bounding_boxes__struct.hpp
-- Installing: /home/nayab/dev_ws/install/abds_core_common/include/abds_core_common/msg/detail/bounding_box__traits.hpp
-- Installing: /home/nayab/dev_ws/install/abds_core_common/include/abds_core_common/msg/detail/vehicle_state__builder.hpp
-- Installing: /home/nayab/dev_ws/install/abds_core_common/include/abds_core_common/msg/detail/trajectory_point__builder.hpp
-- Installing: /home/nayab/dev_ws/install/abds_core_common/include/abds_core_common/msg/detail/vehicle_state__struct.hpp
-- Installing: /home/nayab/dev_ws/install/abds_core_common/include/abds_core_common/msg/detail/trajectory_point__traits.hpp
-- Installing: /home/nayab/dev_ws/install/abds_core_common/include/abds_core_common/msg/detail/bounding_box__struct.hpp
-- Installing: /home/nayab/dev_ws/install/abds_core_common/include/abds_core_common/msg/detail/bounding_boxes__traits.hpp
-- Installing: /home/nayab/dev_ws/install/abds_core_common/include/abds_core_common/msg/detail/trajectory__traits.hpp
-- Installing: /home/nayab/dev_ws/install/abds_core_common/include/abds_core_common/msg/detail/vehicle_command__struct.hpp
-- Installing: /home/nayab/dev_ws/install/abds_core_common/include/abds_core_common/msg/detail/vehicle_state__traits.hpp
-- Installing: /home/nayab/dev_ws/install/abds_core_common/include/abds_core_common/msg/detail/trajectory_point__struct.hpp
-- Installing: /home/nayab/dev_ws/install/abds_core_common/include/abds_core_common/msg/detail/clusters__builder.hpp
-- Installing: /home/nayab/dev_ws/install/abds_core_common/include/abds_core_common/msg/detail/trajectory__struct.hpp
-- Installing: /home/nayab/dev_ws/install/abds_core_common/include/abds_core_common/msg/detail/cluster__struct.hpp
-- Installing: /home/nayab/dev_ws/install/abds_core_common/include/abds_core_common/msg/detail/test_state__struct.hpp
-- Installing: /home/nayab/dev_ws/install/abds_core_common/include/abds_core_common/msg/detail/cluster__traits.hpp
-- Installing: /home/nayab/dev_ws/install/abds_core_common/include/abds_core_common/msg/detail/trajectory__builder.hpp
-- Installing: /home/nayab/dev_ws/install/abds_core_common/include/abds_core_common/msg/detail/clusters__traits.hpp
-- Installing: /home/nayab/dev_ws/install/abds_core_common/include/abds_core_common/msg/trajectory_point.hpp
-- Installing: /home/nayab/dev_ws/install/abds_core_common/include/abds_core_common/msg/vehicle_command.hpp
-- Installing: /home/nayab/dev_ws/install/abds_core_common/include/abds_core_common/msg/vehicle_state.hpp
-- Installing: /home/nayab/dev_ws/install/abds_core_common/include/abds_core_common/msg/bounding_boxes.hpp
-- Installing: /home/nayab/dev_ws/install/abds_core_common/include/abds_core_common/msg/bounding_box.hpp
-- Installing: /home/nayab/dev_ws/install/abds_core_common/include/abds_core_common/msg/cluster.hpp
-- Installing: /home/nayab/dev_ws/install/abds_core_common/include/abds_core_common/msg/test_state.hpp
-- Up-to-date: /home/nayab/dev_ws/install/abds_core_common/include/abds_core_common/srv
-- Installing: /home/nayab/dev_ws/install/abds_core_common/include/abds_core_common/srv/luminar_set_duration.hpp
-- Installing: /home/nayab/dev_ws/install/abds_core_common/include/abds_core_common/srv/luminar_connect.hpp
-- Up-to-date: /home/nayab/dev_ws/install/abds_core_common/include/abds_core_common/srv/detail
-- Installing: /home/nayab/dev_ws/install/abds_core_common/include/abds_core_common/srv/detail/luminar_discover_sensors__traits.hpp
-- Installing: /home/nayab/dev_ws/install/abds_core_common/include/abds_core_common/srv/detail/luminar_discover_sensors__builder.hpp
-- Installing: /home/nayab/dev_ws/install/abds_core_common/include/abds_core_common/srv/detail/luminar_set_fov__struct.hpp
-- Installing: /home/nayab/dev_ws/install/abds_core_common/include/abds_core_common/srv/detail/luminar_set_frequency__traits.hpp
-- Installing: /home/nayab/dev_ws/install/abds_core_common/include/abds_core_common/srv/detail/luminar_set_duration__struct.hpp
-- Installing: /home/nayab/dev_ws/install/abds_core_common/include/abds_core_common/srv/detail/luminar_set_fov__traits.hpp
-- Installing: /home/nayab/dev_ws/install/abds_core_common/include/abds_core_common/srv/detail/luminar_set_frequency__struct.hpp
-- Installing: /home/nayab/dev_ws/install/abds_core_common/include/abds_core_common/srv/detail/luminar_connect__struct.hpp
-- Installing: /home/nayab/dev_ws/install/abds_core_common/include/abds_core_common/srv/detail/luminar_set_fov__builder.hpp
-- Installing: /home/nayab/dev_ws/install/abds_core_common/include/abds_core_common/srv/detail/luminar_set_duration__builder.hpp
-- Installing: /home/nayab/dev_ws/install/abds_core_common/include/abds_core_common/srv/detail/luminar_discover_sensors__struct.hpp
-- Installing: /home/nayab/dev_ws/install/abds_core_common/include/abds_core_common/srv/detail/luminar_connect__builder.hpp
-- Installing: /home/nayab/dev_ws/install/abds_core_common/include/abds_core_common/srv/detail/luminar_set_frequency__builder.hpp
-- Installing: /home/nayab/dev_ws/install/abds_core_common/include/abds_core_common/srv/detail/luminar_set_duration__traits.hpp
-- Installing: /home/nayab/dev_ws/install/abds_core_common/include/abds_core_common/srv/detail/luminar_connect__traits.hpp
-- Installing: /home/nayab/dev_ws/install/abds_core_common/include/abds_core_common/srv/luminar_set_fov.hpp
-- Installing: /home/nayab/dev_ws/install/abds_core_common/include/abds_core_common/srv/luminar_discover_sensors.hpp
-- Installing: /home/nayab/dev_ws/install/abds_core_common/include/abds_core_common/srv/luminar_set_frequency.hpp
-- Up-to-date: /home/nayab/dev_ws/install/abds_core_common/include/abds_core_common
-- Up-to-date: /home/nayab/dev_ws/install/abds_core_common/include/abds_core_common/msg
-- Up-to-date: /home/nayab/dev_ws/install/abds_core_common/include/abds_core_common/msg/detail
-- Installing: /home/nayab/dev_ws/install/abds_core_common/include/abds_core_common/msg/detail/test_state__type_support.cpp
-- Installing: /home/nayab/dev_ws/install/abds_core_common/include/abds_core_common/msg/detail/vehicle_command__rosidl_typesupport_introspection_cpp.hpp
-- Installing: /home/nayab/dev_ws/install/abds_core_common/include/abds_core_common/msg/detail/vehicle_state__rosidl_typesupport_introspection_cpp.hpp
-- Installing: /home/nayab/dev_ws/install/abds_core_common/include/abds_core_common/msg/detail/bounding_boxes__rosidl_typesupport_introspection_cpp.hpp
-- Installing: /home/nayab/dev_ws/install/abds_core_common/include/abds_core_common/msg/detail/clusters__rosidl_typesupport_introspection_cpp.hpp
-- Installing: /home/nayab/dev_ws/install/abds_core_common/include/abds_core_common/msg/detail/trajectory__rosidl_typesupport_introspection_cpp.hpp
-- Installing: /home/nayab/dev_ws/install/abds_core_common/include/abds_core_common/msg/detail/test_state__rosidl_typesupport_introspection_cpp.hpp
-- Installing: /home/nayab/dev_ws/install/abds_core_common/include/abds_core_common/msg/detail/bounding_box__rosidl_typesupport_introspection_cpp.hpp
-- Installing: /home/nayab/dev_ws/install/abds_core_common/include/abds_core_common/msg/detail/trajectory_point__type_support.cpp
-- Installing: /home/nayab/dev_ws/install/abds_core_common/include/abds_core_common/msg/detail/bounding_box__type_support.cpp
-- Installing: /home/nayab/dev_ws/install/abds_core_common/include/abds_core_common/msg/detail/trajectory__type_support.cpp
-- Installing: /home/nayab/dev_ws/install/abds_core_common/include/abds_core_common/msg/detail/cluster__type_support.cpp
-- Installing: /home/nayab/dev_ws/install/abds_core_common/include/abds_core_common/msg/detail/vehicle_command__type_support.cpp
-- Installing: /home/nayab/dev_ws/install/abds_core_common/include/abds_core_common/msg/detail/bounding_boxes__type_support.cpp
-- Installing: /home/nayab/dev_ws/install/abds_core_common/include/abds_core_common/msg/detail/trajectory_point__rosidl_typesupport_introspection_cpp.hpp
-- Installing: /home/nayab/dev_ws/install/abds_core_common/include/abds_core_common/msg/detail/cluster__rosidl_typesupport_introspection_cpp.hpp
-- Installing: /home/nayab/dev_ws/install/abds_core_common/include/abds_core_common/msg/detail/clusters__type_support.cpp
-- Installing: /home/nayab/dev_ws/install/abds_core_common/include/abds_core_common/msg/detail/vehicle_state__type_support.cpp
-- Up-to-date: /home/nayab/dev_ws/install/abds_core_common/include/abds_core_common/srv
-- Up-to-date: /home/nayab/dev_ws/install/abds_core_common/include/abds_core_common/srv/detail
-- Installing: /home/nayab/dev_ws/install/abds_core_common/include/abds_core_common/srv/detail/luminar_set_frequency__type_support.cpp
-- Installing: /home/nayab/dev_ws/install/abds_core_common/include/abds_core_common/srv/detail/luminar_set_fov__type_support.cpp
-- Installing: /home/nayab/dev_ws/install/abds_core_common/include/abds_core_common/srv/detail/luminar_set_duration__type_support.cpp
-- Installing: /home/nayab/dev_ws/install/abds_core_common/include/abds_core_common/srv/detail/luminar_set_fov__rosidl_typesupport_introspection_cpp.hpp
-- Installing: /home/nayab/dev_ws/install/abds_core_common/include/abds_core_common/srv/detail/luminar_discover_sensors__rosidl_typesupport_introspection_cpp.hpp
-- Installing: /home/nayab/dev_ws/install/abds_core_common/include/abds_core_common/srv/detail/luminar_discover_sensors__type_support.cpp
-- Installing: /home/nayab/dev_ws/install/abds_core_common/include/abds_core_common/srv/detail/luminar_connect__type_support.cpp
-- Installing: /home/nayab/dev_ws/install/abds_core_common/include/abds_core_common/srv/detail/luminar_connect__rosidl_typesupport_introspection_cpp.hpp
-- Installing: /home/nayab/dev_ws/install/abds_core_common/include/abds_core_common/srv/detail/luminar_set_duration__rosidl_typesupport_introspection_cpp.hpp
-- Installing: /home/nayab/dev_ws/install/abds_core_common/include/abds_core_common/srv/detail/luminar_set_frequency__rosidl_typesupport_introspection_cpp.hpp
-- Installing: /home/nayab/dev_ws/install/abds_core_common/lib/libabds_core_common__rosidl_typesupport_introspection_cpp.so
-- Set runtime path of "/home/nayab/dev_ws/install/abds_core_common/lib/libabds_core_common__rosidl_typesupport_introspection_cpp.so" to ""
-- Installing: /home/nayab/dev_ws/install/abds_core_common/lib/libabds_core_common__rosidl_typesupport_cpp.so
-- Set runtime path of "/home/nayab/dev_ws/install/abds_core_common/lib/libabds_core_common__rosidl_typesupport_cpp.so" to ""
-- Installing: /home/nayab/dev_ws/install/abds_core_common/share/abds_core_common/environment/pythonpath.sh
-- Installing: /home/nayab/dev_ws/install/abds_core_common/share/abds_core_common/environment/pythonpath.dsv
-- Installing: /home/nayab/dev_ws/install/abds_core_common/lib/python3.8/site-packages/abds_core_common/__init__.py
Compiling '/home/nayab/dev_ws/install/abds_core_common/lib/python3.8/site-packages/abds_core_common/__init__.py'...
-- Installing: /home/nayab/dev_ws/install/abds_core_common/lib/python3.8/site-packages/abds_core_common/srv
-- Installing: /home/nayab/dev_ws/install/abds_core_common/lib/python3.8/site-packages/abds_core_common/srv/_luminar_set_frequency.py
-- Installing: /home/nayab/dev_ws/install/abds_core_common/lib/python3.8/site-packages/abds_core_common/srv/_luminar_set_frequency_s.c
-- Installing: /home/nayab/dev_ws/install/abds_core_common/lib/python3.8/site-packages/abds_core_common/srv/__init__.py
-- Installing: /home/nayab/dev_ws/install/abds_core_common/lib/python3.8/site-packages/abds_core_common/srv/_luminar_discover_sensors_s.c
-- Installing: /home/nayab/dev_ws/install/abds_core_common/lib/python3.8/site-packages/abds_core_common/srv/_luminar_set_fov.py
-- Installing: /home/nayab/dev_ws/install/abds_core_common/lib/python3.8/site-packages/abds_core_common/srv/_luminar_connect_s.c
-- Installing: /home/nayab/dev_ws/install/abds_core_common/lib/python3.8/site-packages/abds_core_common/srv/_luminar_set_fov_s.c
-- Installing: /home/nayab/dev_ws/install/abds_core_common/lib/python3.8/site-packages/abds_core_common/srv/_luminar_discover_sensors.py
-- Installing: /home/nayab/dev_ws/install/abds_core_common/lib/python3.8/site-packages/abds_core_common/srv/_luminar_connect.py
-- Installing: /home/nayab/dev_ws/install/abds_core_common/lib/python3.8/site-packages/abds_core_common/srv/_luminar_set_duration.py
-- Installing: /home/nayab/dev_ws/install/abds_core_common/lib/python3.8/site-packages/abds_core_common/srv/_luminar_set_duration_s.c
-- Installing: /home/nayab/dev_ws/install/abds_core_common/lib/python3.8/site-packages/abds_core_common/msg
-- Installing: /home/nayab/dev_ws/install/abds_core_common/lib/python3.8/site-packages/abds_core_common/msg/_bounding_boxes_s.c
-- Installing: /home/nayab/dev_ws/install/abds_core_common/lib/python3.8/site-packages/abds_core_common/msg/_vehicle_state.py
-- Installing: /home/nayab/dev_ws/install/abds_core_common/lib/python3.8/site-packages/abds_core_common/msg/_bounding_boxes.py
-- Installing: /home/nayab/dev_ws/install/abds_core_common/lib/python3.8/site-packages/abds_core_common/msg/__init__.py
-- Installing: /home/nayab/dev_ws/install/abds_core_common/lib/python3.8/site-packages/abds_core_common/msg/_trajectory_point.py
-- Installing: /home/nayab/dev_ws/install/abds_core_common/lib/python3.8/site-packages/abds_core_common/msg/_vehicle_state_s.c
-- Installing: /home/nayab/dev_ws/install/abds_core_common/lib/python3.8/site-packages/abds_core_common/msg/_cluster_s.c
-- Installing: /home/nayab/dev_ws/install/abds_core_common/lib/python3.8/site-packages/abds_core_common/msg/_trajectory_point_s.c
-- Installing: /home/nayab/dev_ws/install/abds_core_common/lib/python3.8/site-packages/abds_core_common/msg/_test_state.py
-- Installing: /home/nayab/dev_ws/install/abds_core_common/lib/python3.8/site-packages/abds_core_common/msg/_bounding_box.py
-- Installing: /home/nayab/dev_ws/install/abds_core_common/lib/python3.8/site-packages/abds_core_common/msg/_clusters.py
-- Installing: /home/nayab/dev_ws/install/abds_core_common/lib/python3.8/site-packages/abds_core_common/msg/_trajectory.py
-- Installing: /home/nayab/dev_ws/install/abds_core_common/lib/python3.8/site-packages/abds_core_common/msg/_test_state_s.c
-- Installing: /home/nayab/dev_ws/install/abds_core_common/lib/python3.8/site-packages/abds_core_common/msg/_bounding_box_s.c
-- Installing: /home/nayab/dev_ws/install/abds_core_common/lib/python3.8/site-packages/abds_core_common/msg/_clusters_s.c
-- Installing: /home/nayab/dev_ws/install/abds_core_common/lib/python3.8/site-packages/abds_core_common/msg/_vehicle_command.py
-- Installing: /home/nayab/dev_ws/install/abds_core_common/lib/python3.8/site-packages/abds_core_common/msg/_cluster.py
-- Installing: /home/nayab/dev_ws/install/abds_core_common/lib/python3.8/site-packages/abds_core_common/msg/_trajectory_s.c
-- Installing: /home/nayab/dev_ws/install/abds_core_common/lib/python3.8/site-packages/abds_core_common/msg/_vehicle_command_s.c
-- Installing: /home/nayab/dev_ws/install/abds_core_common/lib/python3.8/site-packages/abds_core_common/abds_core_common_s__rosidl_typesupport_fastrtps_c.cpython-38-x86_64-linux-gnu.so
-- Set runtime path of "/home/nayab/dev_ws/install/abds_core_common/lib/python3.8/site-packages/abds_core_common/abds_core_common_s__rosidl_typesupport_fastrtps_c.cpython-38-x86_64-linux-gnu.so" to ""
-- Installing: /home/nayab/dev_ws/install/abds_core_common/lib/python3.8/site-packages/abds_core_common/abds_core_common_s__rosidl_typesupport_introspection_c.cpython-38-x86_64-linux-gnu.so
-- Set runtime path of "/home/nayab/dev_ws/install/abds_core_common/lib/python3.8/site-packages/abds_core_common/abds_core_common_s__rosidl_typesupport_introspection_c.cpython-38-x86_64-linux-gnu.so" to ""
-- Installing: /home/nayab/dev_ws/install/abds_core_common/lib/python3.8/site-packages/abds_core_common/abds_core_common_s__rosidl_typesupport_c.cpython-38-x86_64-linux-gnu.so
-- Set runtime path of "/home/nayab/dev_ws/install/abds_core_common/lib/python3.8/site-packages/abds_core_common/abds_core_common_s__rosidl_typesupport_c.cpython-38-x86_64-linux-gnu.so" to ""
-- Installing: /home/nayab/dev_ws/install/abds_core_common/lib/libabds_core_common__python.so
-- Set runtime path of "/home/nayab/dev_ws/install/abds_core_common/lib/libabds_core_common__python.so" to ""
-- Installing: /home/nayab/dev_ws/install/abds_core_common/share/abds_core_common/srv/LuminarConnect.idl
-- Installing: /home/nayab/dev_ws/install/abds_core_common/share/abds_core_common/srv/LuminarDiscoverSensors.idl
-- Installing: /home/nayab/dev_ws/install/abds_core_common/share/abds_core_common/srv/LuminarSetDuration.idl
-- Installing: /home/nayab/dev_ws/install/abds_core_common/share/abds_core_common/srv/LuminarSetFov.idl
-- Installing: /home/nayab/dev_ws/install/abds_core_common/share/abds_core_common/srv/LuminarSetFrequency.idl
-- Installing: /home/nayab/dev_ws/install/abds_core_common/share/abds_core_common/msg/Cluster.idl
-- Installing: /home/nayab/dev_ws/install/abds_core_common/share/abds_core_common/msg/Clusters.idl
-- Installing: /home/nayab/dev_ws/install/abds_core_common/share/abds_core_common/msg/BoundingBox.idl
-- Installing: /home/nayab/dev_ws/install/abds_core_common/share/abds_core_common/msg/BoundingBoxes.idl
-- Installing: /home/nayab/dev_ws/install/abds_core_common/share/abds_core_common/msg/TrajectoryPoint.idl
-- Installing: /home/nayab/dev_ws/install/abds_core_common/share/abds_core_common/msg/Trajectory.idl
-- Installing: /home/nayab/dev_ws/install/abds_core_common/share/abds_core_common/msg/VehicleCommand.idl
-- Installing: /home/nayab/dev_ws/install/abds_core_common/share/abds_core_common/msg/VehicleState.idl
-- Installing: /home/nayab/dev_ws/install/abds_core_common/share/abds_core_common/msg/TestState.idl
-- Installing: /home/nayab/dev_ws/install/abds_core_common/share/abds_core_common/interfaces/LuminarConnect.srv
-- Installing: /home/nayab/dev_ws/install/abds_core_common/share/abds_core_common/interfaces/LuminarConnect_Request.msg
-- Installing: /home/nayab/dev_ws/install/abds_core_common/share/abds_core_common/interfaces/LuminarConnect_Response.msg
-- Installing: /home/nayab/dev_ws/install/abds_core_common/share/abds_core_common/interfaces/LuminarDiscoverSensors.srv
-- Installing: /home/nayab/dev_ws/install/abds_core_common/share/abds_core_common/interfaces/LuminarDiscoverSensors_Request.msg
-- Installing: /home/nayab/dev_ws/install/abds_core_common/share/abds_core_common/interfaces/LuminarDiscoverSensors_Response.msg
-- Installing: /home/nayab/dev_ws/install/abds_core_common/share/abds_core_common/interfaces/LuminarSetDuration.srv
-- Installing: /home/nayab/dev_ws/install/abds_core_common/share/abds_core_common/interfaces/LuminarSetDuration_Request.msg
-- Installing: /home/nayab/dev_ws/install/abds_core_common/share/abds_core_common/interfaces/LuminarSetDuration_Response.msg
-- Installing: /home/nayab/dev_ws/install/abds_core_common/share/abds_core_common/interfaces/LuminarSetFov.srv
-- Installing: /home/nayab/dev_ws/install/abds_core_common/share/abds_core_common/interfaces/LuminarSetFov_Request.msg
-- Installing: /home/nayab/dev_ws/install/abds_core_common/share/abds_core_common/interfaces/LuminarSetFov_Response.msg
-- Installing: /home/nayab/dev_ws/install/abds_core_common/share/abds_core_common/interfaces/LuminarSetFrequency.srv
-- Installing: /home/nayab/dev_ws/install/abds_core_common/share/abds_core_common/interfaces/LuminarSetFrequency_Request.msg
-- Installing: /home/nayab/dev_ws/install/abds_core_common/share/abds_core_common/interfaces/LuminarSetFrequency_Response.msg
-- Installing: /home/nayab/dev_ws/install/abds_core_common/share/abds_core_common/msg/Cluster.msg
-- Installing: /home/nayab/dev_ws/install/abds_core_common/share/abds_core_common/msg/Clusters.msg
-- Installing: /home/nayab/dev_ws/install/abds_core_common/share/abds_core_common/msg/BoundingBox.msg
-- Installing: /home/nayab/dev_ws/install/abds_core_common/share/abds_core_common/msg/BoundingBoxes.msg
-- Installing: /home/nayab/dev_ws/install/abds_core_common/share/abds_core_common/msg/TrajectoryPoint.msg
-- Installing: /home/nayab/dev_ws/install/abds_core_common/share/abds_core_common/msg/Trajectory.msg
-- Installing: /home/nayab/dev_ws/install/abds_core_common/share/abds_core_common/msg/VehicleCommand.msg
-- Installing: /home/nayab/dev_ws/install/abds_core_common/share/abds_core_common/msg/VehicleState.msg
-- Installing: /home/nayab/dev_ws/install/abds_core_common/share/abds_core_common/msg/TestState.msg
-- Up-to-date: /home/nayab/dev_ws/install/abds_core_common/include
-- Installing: /home/nayab/dev_ws/install/abds_core_common/include/geometry
-- Installing: /home/nayab/dev_ws/install/abds_core_common/include/geometry/bounding_box.hpp
-- Installing: /home/nayab/dev_ws/install/abds_core_common/include/time_util
-- Installing: /home/nayab/dev_ws/install/abds_core_common/include/time_util/time_utils.hpp
-- Installing: /home/nayab/dev_ws/install/abds_core_common/include/msg_buffer.hpp
-- Installing: /home/nayab/dev_ws/install/abds_core_common/include/data_storage
-- Installing: /home/nayab/dev_ws/install/abds_core_common/include/data_storage/quad_storage.cpp
-- Installing: /home/nayab/dev_ws/install/abds_core_common/include/data_storage/quad_storage.hpp
-- Installing: /home/nayab/dev_ws/install/abds_core_common/include/data_storage/spatial_hash.hpp
-- Installing: /home/nayab/dev_ws/install/abds_core_common/include/data_storage/spatial_hash.cpp
-- Installing: /home/nayab/dev_ws/install/abds_core_common/include/types.hpp
-- Installing: /home/nayab/dev_ws/install/abds_core_common/include/network
-- Installing: /home/nayab/dev_ws/install/abds_core_common/include/network/udp_client_server.hpp
-- Installing: /home/nayab/dev_ws/install/abds_core_common/include/network/udp_client_server.cpp
-- Installing: /home/nayab/dev_ws/install/abds_core_common/include/lidar_util
-- Installing: /home/nayab/dev_ws/install/abds_core_common/include/lidar_util/point_cloud_transformer.hpp
-- Installing: /home/nayab/dev_ws/install/abds_core_common/include/calculations.hpp
-- Installing: /home/nayab/dev_ws/install/abds_core_common/lib/libabds_core_common_lib.so
-- Set runtime path of "/home/nayab/dev_ws/install/abds_core_common/lib/libabds_core_common_lib.so" to ""
-- Installing: /home/nayab/dev_ws/install/abds_core_common/share/ament_index/resource_index/package_run_dependencies/abds_core_common
-- Installing: /home/nayab/dev_ws/install/abds_core_common/share/ament_index/resource_index/parent_prefix_path/abds_core_common
-- Installing: /home/nayab/dev_ws/install/abds_core_common/share/abds_core_common/environment/ament_prefix_path.sh
-- Installing: /home/nayab/dev_ws/install/abds_core_common/share/abds_core_common/environment/ament_prefix_path.dsv
-- Installing: /home/nayab/dev_ws/install/abds_core_common/share/abds_core_common/environment/path.sh
-- Installing: /home/nayab/dev_ws/install/abds_core_common/share/abds_core_common/environment/path.dsv
-- Installing: /home/nayab/dev_ws/install/abds_core_common/share/abds_core_common/local_setup.bash
-- Installing: /home/nayab/dev_ws/install/abds_core_common/share/abds_core_common/local_setup.sh
-- Installing: /home/nayab/dev_ws/install/abds_core_common/share/abds_core_common/local_setup.zsh
-- Installing: /home/nayab/dev_ws/install/abds_core_common/share/abds_core_common/local_setup.dsv
-- Installing: /home/nayab/dev_ws/install/abds_core_common/share/abds_core_common/package.dsv
-- Installing: /home/nayab/dev_ws/install/abds_core_common/share/ament_index/resource_index/packages/abds_core_common
-- Installing: /home/nayab/dev_ws/install/abds_core_common/share/abds_core_common/cmake/abds_core_common__rosidl_generator_cExport.cmake
-- Installing: /home/nayab/dev_ws/install/abds_core_common/share/abds_core_common/cmake/abds_core_common__rosidl_generator_cExport-noconfig.cmake
-- Installing: /home/nayab/dev_ws/install/abds_core_common/share/abds_core_common/cmake/abds_core_common__rosidl_typesupport_introspection_cExport.cmake
-- Installing: /home/nayab/dev_ws/install/abds_core_common/share/abds_core_common/cmake/abds_core_common__rosidl_typesupport_introspection_cExport-noconfig.cmake
-- Installing: /home/nayab/dev_ws/install/abds_core_common/share/abds_core_common/cmake/abds_core_common__rosidl_typesupport_cExport.cmake
-- Installing: /home/nayab/dev_ws/install/abds_core_common/share/abds_core_common/cmake/abds_core_common__rosidl_typesupport_cExport-noconfig.cmake
-- Installing: /home/nayab/dev_ws/install/abds_core_common/share/abds_core_common/cmake/abds_core_common__rosidl_generator_cppExport.cmake
-- Installing: /home/nayab/dev_ws/install/abds_core_common/share/abds_core_common/cmake/abds_core_common__rosidl_typesupport_introspection_cppExport.cmake
-- Installing: /home/nayab/dev_ws/install/abds_core_common/share/abds_core_common/cmake/abds_core_common__rosidl_typesupport_introspection_cppExport-noconfig.cmake
-- Installing: /home/nayab/dev_ws/install/abds_core_common/share/abds_core_common/cmake/abds_core_common__rosidl_typesupport_cppExport.cmake
-- Installing: /home/nayab/dev_ws/install/abds_core_common/share/abds_core_common/cmake/abds_core_common__rosidl_typesupport_cppExport-noconfig.cmake
-- Installing: /home/nayab/dev_ws/install/abds_core_common/share/abds_core_common/cmake/rosidl_cmake-extras.cmake
-- Installing: /home/nayab/dev_ws/install/abds_core_common/share/abds_core_common/cmake/ament_cmake_export_dependencies-extras.cmake
-- Installing: /home/nayab/dev_ws/install/abds_core_common/share/abds_core_common/cmake/ament_cmake_export_libraries-extras.cmake
-- Installing: /home/nayab/dev_ws/install/abds_core_common/share/abds_core_common/cmake/ament_cmake_export_targets-extras.cmake
-- Installing: /home/nayab/dev_ws/install/abds_core_common/share/abds_core_common/cmake/ament_cmake_export_include_directories-extras.cmake
-- Installing: /home/nayab/dev_ws/install/abds_core_common/share/abds_core_common/cmake/rosidl_cmake_export_typesupport_libraries-extras.cmake
-- Installing: /home/nayab/dev_ws/install/abds_core_common/share/abds_core_common/cmake/rosidl_cmake_export_typesupport_targets-extras.cmake
-- Installing: /home/nayab/dev_ws/install/abds_core_common/share/abds_core_common/cmake/abds_core_commonConfig.cmake
-- Installing: /home/nayab/dev_ws/install/abds_core_common/share/abds_core_common/cmake/abds_core_commonConfig-version.cmake
-- Installing: /home/nayab/dev_ws/install/abds_core_common/share/abds_core_common/package.xml
