[0.992s] Invoking command in '/home/nayab/dev_ws/src/my_package': PYTHONPATH=/home/nayab/dev_ws/install/my_package/lib/python3.8/site-packages:${PYTHONPATH} /usr/bin/python3 setup.py egg_info --egg-base ../../build/my_package build --build-base /home/nayab/dev_ws/build/my_package/build install --prefix /home/nayab/dev_ws/install/my_package --record /home/nayab/dev_ws/build/my_package/install.log --single-version-externally-managed
[1.334s] running egg_info
[1.335s] writing ../../build/my_package/my_package.egg-info/PKG-INFO
[1.335s] writing dependency_links to ../../build/my_package/my_package.egg-info/dependency_links.txt
[1.336s] writing entry points to ../../build/my_package/my_package.egg-info/entry_points.txt
[1.336s] writing requirements to ../../build/my_package/my_package.egg-info/requires.txt
[1.336s] writing top-level names to ../../build/my_package/my_package.egg-info/top_level.txt
[1.378s] reading manifest file '../../build/my_package/my_package.egg-info/SOURCES.txt'
[1.379s] writing manifest file '../../build/my_package/my_package.egg-info/SOURCES.txt'
[1.380s] running build
[1.380s] running build_py
[1.381s] running install
[1.382s] running install_lib
[1.384s] running install_data
[1.385s] running install_egg_info
[1.388s] removing '/home/nayab/dev_ws/install/my_package/lib/python3.8/site-packages/my_package-0.0.0-py3.8.egg-info' (and everything under it)
[1.389s] Copying ../../build/my_package/my_package.egg-info to /home/nayab/dev_ws/install/my_package/lib/python3.8/site-packages/my_package-0.0.0-py3.8.egg-info
[1.390s] running install_scripts
[1.412s] Installing my_node script to /home/nayab/dev_ws/install/my_package/lib/my_package
[1.412s] writing list of installed files to '/home/nayab/dev_ws/build/my_package/install.log'
[1.461s] Invoked command in '/home/nayab/dev_ws/src/my_package' returned '0': PYTHONPATH=/home/nayab/dev_ws/install/my_package/lib/python3.8/site-packages:${PYTHONPATH} /usr/bin/python3 setup.py egg_info --egg-base ../../build/my_package build --build-base /home/nayab/dev_ws/build/my_package/build install --prefix /home/nayab/dev_ws/install/my_package --record /home/nayab/dev_ws/build/my_package/install.log --single-version-externally-managed
