[0.775s] Invoking command in '/home/nayab/dev_ws/src/my_package': PYTHONPATH=/home/nayab/dev_ws/install/my_package/lib/python3.8/site-packages:${PYTHONPATH} /usr/bin/python3 setup.py egg_info --egg-base ../../build/my_package build --build-base /home/nayab/dev_ws/build/my_package/build install --prefix /home/nayab/dev_ws/install/my_package --record /home/nayab/dev_ws/build/my_package/install.log --single-version-externally-managed
[0.968s] running egg_info
[0.969s] writing ../../build/my_package/my_package.egg-info/PKG-INFO
[0.969s] writing dependency_links to ../../build/my_package/my_package.egg-info/dependency_links.txt
[0.969s] writing entry points to ../../build/my_package/my_package.egg-info/entry_points.txt
[0.969s] writing requirements to ../../build/my_package/my_package.egg-info/requires.txt
[0.969s] writing top-level names to ../../build/my_package/my_package.egg-info/top_level.txt
[1.001s] reading manifest file '../../build/my_package/my_package.egg-info/SOURCES.txt'
[1.001s] writing manifest file '../../build/my_package/my_package.egg-info/SOURCES.txt'
[1.002s] running build
[1.002s] running build_py
[1.003s] running install
[1.005s] running install_lib
[1.007s] running install_data
[1.007s] running install_egg_info
[1.009s] removing '/home/nayab/dev_ws/install/my_package/lib/python3.8/site-packages/my_package-0.0.0-py3.8.egg-info' (and everything under it)
[1.010s] Copying ../../build/my_package/my_package.egg-info to /home/nayab/dev_ws/install/my_package/lib/python3.8/site-packages/my_package-0.0.0-py3.8.egg-info
[1.011s] running install_scripts
[1.026s] Installing my_node script to /home/nayab/dev_ws/install/my_package/lib/my_package
[1.027s] writing list of installed files to '/home/nayab/dev_ws/build/my_package/install.log'
[1.052s] Invoked command in '/home/nayab/dev_ws/src/my_package' returned '0': PYTHONPATH=/home/nayab/dev_ws/install/my_package/lib/python3.8/site-packages:${PYTHONPATH} /usr/bin/python3 setup.py egg_info --egg-base ../../build/my_package build --build-base /home/nayab/dev_ws/build/my_package/build install --prefix /home/nayab/dev_ws/install/my_package --record /home/nayab/dev_ws/build/my_package/install.log --single-version-externally-managed
