[1.159s] Invoking command in '/home/nayab/dev_ws/src/ether_follow_pubsub': PYTHONPATH=/home/nayab/dev_ws/install/ether_follow_pubsub/lib/python3.8/site-packages:${PYTHONPATH} /usr/bin/python3 setup.py egg_info --egg-base ../../build/ether_follow_pubsub build --build-base /home/nayab/dev_ws/build/ether_follow_pubsub/build install --prefix /home/nayab/dev_ws/install/ether_follow_pubsub --record /home/nayab/dev_ws/build/ether_follow_pubsub/install.log --single-version-externally-managed
[1.445s] running egg_info
[1.445s] writing ../../build/ether_follow_pubsub/ether_follow_pubsub.egg-info/PKG-INFO
[1.446s] writing dependency_links to ../../build/ether_follow_pubsub/ether_follow_pubsub.egg-info/dependency_links.txt
[1.446s] writing entry points to ../../build/ether_follow_pubsub/ether_follow_pubsub.egg-info/entry_points.txt
[1.446s] writing requirements to ../../build/ether_follow_pubsub/ether_follow_pubsub.egg-info/requires.txt
[1.446s] writing top-level names to ../../build/ether_follow_pubsub/ether_follow_pubsub.egg-info/top_level.txt
[1.482s] reading manifest file '../../build/ether_follow_pubsub/ether_follow_pubsub.egg-info/SOURCES.txt'
[1.483s] writing manifest file '../../build/ether_follow_pubsub/ether_follow_pubsub.egg-info/SOURCES.txt'
[1.483s] running build
[1.483s] running build_py
[1.483s] copying ether_follow_pubsub/external_follow.py -> /home/nayab/dev_ws/build/ether_follow_pubsub/build/lib/ether_follow_pubsub
[1.484s] running install
[1.485s] running install_lib
[1.486s] copying /home/nayab/dev_ws/build/ether_follow_pubsub/build/lib/ether_follow_pubsub/external_follow.py -> /home/nayab/dev_ws/install/ether_follow_pubsub/lib/python3.8/site-packages/ether_follow_pubsub
[1.486s] byte-compiling /home/nayab/dev_ws/install/ether_follow_pubsub/lib/python3.8/site-packages/ether_follow_pubsub/external_follow.py to external_follow.cpython-38.pyc
[1.489s] running install_data
[1.490s] running install_egg_info
[1.491s] removing '/home/nayab/dev_ws/install/ether_follow_pubsub/lib/python3.8/site-packages/ether_follow_pubsub-0.0.0-py3.8.egg-info' (and everything under it)
[1.492s] Copying ../../build/ether_follow_pubsub/ether_follow_pubsub.egg-info to /home/nayab/dev_ws/install/ether_follow_pubsub/lib/python3.8/site-packages/ether_follow_pubsub-0.0.0-py3.8.egg-info
[1.493s] running install_scripts
[1.516s] Installing efollow_pub script to /home/nayab/dev_ws/install/ether_follow_pubsub/lib/ether_follow_pubsub
[1.516s] Installing efollow_sub script to /home/nayab/dev_ws/install/ether_follow_pubsub/lib/ether_follow_pubsub
[1.516s] Installing external_follow script to /home/nayab/dev_ws/install/ether_follow_pubsub/lib/ether_follow_pubsub
[1.516s] writing list of installed files to '/home/nayab/dev_ws/build/ether_follow_pubsub/install.log'
[1.590s] Invoked command in '/home/nayab/dev_ws/src/ether_follow_pubsub' returned '0': PYTHONPATH=/home/nayab/dev_ws/install/ether_follow_pubsub/lib/python3.8/site-packages:${PYTHONPATH} /usr/bin/python3 setup.py egg_info --egg-base ../../build/ether_follow_pubsub build --build-base /home/nayab/dev_ws/build/ether_follow_pubsub/build install --prefix /home/nayab/dev_ws/install/ether_follow_pubsub --record /home/nayab/dev_ws/build/ether_follow_pubsub/install.log --single-version-externally-managed
