[0.018s] Invoking command in '/home/nayab/dev_ws/build/tutorial_interfaces': CMAKE_PREFIX_PATH=/opt/ros/foxy:${CMAKE_PREFIX_PATH} /usr/bin/cmake --build /home/nayab/dev_ws/build/tutorial_interfaces -- -j4 -l4
[0.134s] [  2%] Built target tutorial_interfaces__cpp
[0.158s] [ 12%] Built target tutorial_interfaces__rosidl_generator_c
[0.201s] [ 23%] Built target tutorial_interfaces__rosidl_typesupport_introspection_cpp
[0.223s] [ 33%] Built target tutorial_interfaces__rosidl_typesupport_cpp
[0.226s] [ 43%] Built target tutorial_interfaces__rosidl_typesupport_introspection_c
[0.230s] [ 53%] Built target tutorial_interfaces__rosidl_typesupport_fastrtps_cpp
[0.271s] [ 64%] Built target tutorial_interfaces__rosidl_typesupport_c
[0.282s] [ 74%] Built target tutorial_interfaces__rosidl_typesupport_fastrtps_c
[0.322s] [ 74%] Built target tutorial_interfaces
[0.360s] [ 76%] Built target tutorial_interfaces__py
[0.408s] [ 84%] Built target tutorial_interfaces__python
[0.456s] [ 89%] Built target tutorial_interfaces__rosidl_typesupport_introspection_c__pyext
[0.474s] [ 94%] Built target tutorial_interfaces__rosidl_typesupport_c__pyext
[0.483s] [100%] Built target tutorial_interfaces__rosidl_typesupport_fastrtps_c__pyext
[0.501s] Invoked command in '/home/nayab/dev_ws/build/tutorial_interfaces' returned '0': CMAKE_PREFIX_PATH=/opt/ros/foxy:${CMAKE_PREFIX_PATH} /usr/bin/cmake --build /home/nayab/dev_ws/build/tutorial_interfaces -- -j4 -l4
[0.698s] Invoking command in '/home/nayab/dev_ws/build/tutorial_interfaces': CMAKE_PREFIX_PATH=/opt/ros/foxy:${CMAKE_PREFIX_PATH} /usr/bin/cmake --install /home/nayab/dev_ws/build/tutorial_interfaces
[0.744s] -- Install configuration: ""
[0.745s] -- Up-to-date: /home/nayab/dev_ws/install/tutorial_interfaces/share/ament_index/resource_index/rosidl_interfaces/tutorial_interfaces
[0.746s] -- Up-to-date: /home/nayab/dev_ws/install/tutorial_interfaces/include/tutorial_interfaces
[0.760s] -- Up-to-date: /home/nayab/dev_ws/install/tutorial_interfaces/include/tutorial_interfaces/msg
[0.760s] -- Up-to-date: /home/nayab/dev_ws/install/tutorial_interfaces/include/tutorial_interfaces/msg/mp_status.h
[0.761s] -- Up-to-date: /home/nayab/dev_ws/install/tutorial_interfaces/include/tutorial_interfaces/msg/rosidl_generator_c__visibility_control.h
[0.761s] -- Up-to-date: /home/nayab/dev_ws/install/tutorial_interfaces/include/tutorial_interfaces/msg/num.h
[0.761s] -- Up-to-date: /home/nayab/dev_ws/install/tutorial_interfaces/include/tutorial_interfaces/msg/detail
[0.762s] -- Up-to-date: /home/nayab/dev_ws/install/tutorial_interfaces/include/tutorial_interfaces/msg/detail/num__struct.h
[0.763s] -- Up-to-date: /home/nayab/dev_ws/install/tutorial_interfaces/include/tutorial_interfaces/msg/detail/mp_status__type_support.h
[0.763s] -- Up-to-date: /home/nayab/dev_ws/install/tutorial_interfaces/include/tutorial_interfaces/msg/detail/mp_status__functions.c
[0.764s] -- Up-to-date: /home/nayab/dev_ws/install/tutorial_interfaces/include/tutorial_interfaces/msg/detail/num__type_support.h
[0.764s] -- Up-to-date: /home/nayab/dev_ws/install/tutorial_interfaces/include/tutorial_interfaces/msg/detail/num__functions.h
[0.764s] -- Up-to-date: /home/nayab/dev_ws/install/tutorial_interfaces/include/tutorial_interfaces/msg/detail/num__functions.c
[0.764s] -- Up-to-date: /home/nayab/dev_ws/install/tutorial_interfaces/include/tutorial_interfaces/msg/detail/mp_status__functions.h
[0.765s] -- Up-to-date: /home/nayab/dev_ws/install/tutorial_interfaces/include/tutorial_interfaces/msg/detail/mp_status__struct.h
[0.765s] -- Up-to-date: /home/nayab/dev_ws/install/tutorial_interfaces/share/tutorial_interfaces/environment/library_path.sh
[0.765s] -- Up-to-date: /home/nayab/dev_ws/install/tutorial_interfaces/share/tutorial_interfaces/environment/library_path.dsv
[0.765s] -- Up-to-date: /home/nayab/dev_ws/install/tutorial_interfaces/lib/libtutorial_interfaces__rosidl_generator_c.so
[0.766s] -- Up-to-date: /home/nayab/dev_ws/install/tutorial_interfaces/include/tutorial_interfaces
[0.766s] -- Up-to-date: /home/nayab/dev_ws/install/tutorial_interfaces/include/tutorial_interfaces/msg
[0.767s] -- Up-to-date: /home/nayab/dev_ws/install/tutorial_interfaces/include/tutorial_interfaces/msg/detail
[0.767s] -- Up-to-date: /home/nayab/dev_ws/install/tutorial_interfaces/include/tutorial_interfaces/msg/detail/num__rosidl_typesupport_fastrtps_c.h
[0.768s] -- Up-to-date: /home/nayab/dev_ws/install/tutorial_interfaces/include/tutorial_interfaces/msg/detail/mp_status__rosidl_typesupport_fastrtps_c.h
[0.768s] -- Up-to-date: /home/nayab/dev_ws/install/tutorial_interfaces/include/tutorial_interfaces/msg/rosidl_typesupport_fastrtps_c__visibility_control.h
[0.769s] -- Up-to-date: /home/nayab/dev_ws/install/tutorial_interfaces/lib/libtutorial_interfaces__rosidl_typesupport_fastrtps_c.so
[0.770s] -- Up-to-date: /home/nayab/dev_ws/install/tutorial_interfaces/include/tutorial_interfaces
[0.773s] -- Up-to-date: /home/nayab/dev_ws/install/tutorial_interfaces/include/tutorial_interfaces/msg
[0.774s] -- Up-to-date: /home/nayab/dev_ws/install/tutorial_interfaces/include/tutorial_interfaces/msg/rosidl_typesupport_fastrtps_cpp__visibility_control.h
[0.775s] -- Up-to-date: /home/nayab/dev_ws/install/tutorial_interfaces/include/tutorial_interfaces/msg/detail
[0.775s] -- Up-to-date: /home/nayab/dev_ws/install/tutorial_interfaces/include/tutorial_interfaces/msg/detail/dds_fastrtps
[0.776s] -- Up-to-date: /home/nayab/dev_ws/install/tutorial_interfaces/include/tutorial_interfaces/msg/detail/mp_status__rosidl_typesupport_fastrtps_cpp.hpp
[0.777s] -- Up-to-date: /home/nayab/dev_ws/install/tutorial_interfaces/include/tutorial_interfaces/msg/detail/num__rosidl_typesupport_fastrtps_cpp.hpp
[0.777s] -- Up-to-date: /home/nayab/dev_ws/install/tutorial_interfaces/lib/libtutorial_interfaces__rosidl_typesupport_fastrtps_cpp.so
[0.778s] -- Up-to-date: /home/nayab/dev_ws/install/tutorial_interfaces/include/tutorial_interfaces
[0.780s] -- Up-to-date: /home/nayab/dev_ws/install/tutorial_interfaces/include/tutorial_interfaces/msg
[0.781s] -- Up-to-date: /home/nayab/dev_ws/install/tutorial_interfaces/include/tutorial_interfaces/msg/detail
[0.781s] -- Up-to-date: /home/nayab/dev_ws/install/tutorial_interfaces/include/tutorial_interfaces/msg/detail/num__rosidl_typesupport_introspection_c.h
[0.784s] -- Up-to-date: /home/nayab/dev_ws/install/tutorial_interfaces/include/tutorial_interfaces/msg/detail/num__type_support.c
[0.785s] -- Up-to-date: /home/nayab/dev_ws/install/tutorial_interfaces/include/tutorial_interfaces/msg/detail/mp_status__rosidl_typesupport_introspection_c.h
[0.785s] -- Up-to-date: /home/nayab/dev_ws/install/tutorial_interfaces/include/tutorial_interfaces/msg/detail/mp_status__type_support.c
[0.786s] -- Up-to-date: /home/nayab/dev_ws/install/tutorial_interfaces/include/tutorial_interfaces/msg/rosidl_typesupport_introspection_c__visibility_control.h
[0.787s] -- Up-to-date: /home/nayab/dev_ws/install/tutorial_interfaces/lib/libtutorial_interfaces__rosidl_typesupport_introspection_c.so
[0.788s] -- Up-to-date: /home/nayab/dev_ws/install/tutorial_interfaces/lib/libtutorial_interfaces__rosidl_typesupport_c.so
[0.788s] -- Up-to-date: /home/nayab/dev_ws/install/tutorial_interfaces/include/tutorial_interfaces
[0.789s] -- Up-to-date: /home/nayab/dev_ws/install/tutorial_interfaces/include/tutorial_interfaces/msg
[0.789s] -- Up-to-date: /home/nayab/dev_ws/install/tutorial_interfaces/include/tutorial_interfaces/msg/mp_status.hpp
[0.792s] -- Up-to-date: /home/nayab/dev_ws/install/tutorial_interfaces/include/tutorial_interfaces/msg/detail
[0.793s] -- Up-to-date: /home/nayab/dev_ws/install/tutorial_interfaces/include/tutorial_interfaces/msg/detail/num__builder.hpp
[0.793s] -- Up-to-date: /home/nayab/dev_ws/install/tutorial_interfaces/include/tutorial_interfaces/msg/detail/mp_status__struct.hpp
[0.793s] -- Up-to-date: /home/nayab/dev_ws/install/tutorial_interfaces/include/tutorial_interfaces/msg/detail/mp_status__builder.hpp
[0.794s] -- Up-to-date: /home/nayab/dev_ws/install/tutorial_interfaces/include/tutorial_interfaces/msg/detail/num__struct.hpp
[0.794s] -- Up-to-date: /home/nayab/dev_ws/install/tutorial_interfaces/include/tutorial_interfaces/msg/detail/num__traits.hpp
[0.795s] -- Up-to-date: /home/nayab/dev_ws/install/tutorial_interfaces/include/tutorial_interfaces/msg/detail/mp_status__traits.hpp
[0.796s] -- Up-to-date: /home/nayab/dev_ws/install/tutorial_interfaces/include/tutorial_interfaces/msg/num.hpp
[0.796s] -- Up-to-date: /home/nayab/dev_ws/install/tutorial_interfaces/include/tutorial_interfaces
[0.796s] -- Up-to-date: /home/nayab/dev_ws/install/tutorial_interfaces/include/tutorial_interfaces/msg
[0.796s] -- Up-to-date: /home/nayab/dev_ws/install/tutorial_interfaces/include/tutorial_interfaces/msg/detail
[0.796s] -- Up-to-date: /home/nayab/dev_ws/install/tutorial_interfaces/include/tutorial_interfaces/msg/detail/mp_status__rosidl_typesupport_introspection_cpp.hpp
[0.796s] -- Up-to-date: /home/nayab/dev_ws/install/tutorial_interfaces/include/tutorial_interfaces/msg/detail/mp_status__type_support.cpp
[0.796s] -- Up-to-date: /home/nayab/dev_ws/install/tutorial_interfaces/include/tutorial_interfaces/msg/detail/num__type_support.cpp
[0.796s] -- Up-to-date: /home/nayab/dev_ws/install/tutorial_interfaces/include/tutorial_interfaces/msg/detail/num__rosidl_typesupport_introspection_cpp.hpp
[0.819s] -- Up-to-date: /home/nayab/dev_ws/install/tutorial_interfaces/lib/libtutorial_interfaces__rosidl_typesupport_introspection_cpp.so
[0.820s] -- Up-to-date: /home/nayab/dev_ws/install/tutorial_interfaces/lib/libtutorial_interfaces__rosidl_typesupport_cpp.so
[0.820s] -- Up-to-date: /home/nayab/dev_ws/install/tutorial_interfaces/share/tutorial_interfaces/environment/pythonpath.sh
[0.821s] -- Up-to-date: /home/nayab/dev_ws/install/tutorial_interfaces/share/tutorial_interfaces/environment/pythonpath.dsv
[0.823s] -- Up-to-date: /home/nayab/dev_ws/install/tutorial_interfaces/lib/python3.8/site-packages/tutorial_interfaces/__init__.py
[0.824s] -- Up-to-date: /home/nayab/dev_ws/install/tutorial_interfaces/lib/python3.8/site-packages/tutorial_interfaces/msg
[0.824s] -- Up-to-date: /home/nayab/dev_ws/install/tutorial_interfaces/lib/python3.8/site-packages/tutorial_interfaces/msg/__init__.py
[0.825s] -- Up-to-date: /home/nayab/dev_ws/install/tutorial_interfaces/lib/python3.8/site-packages/tutorial_interfaces/msg/_num_s.c
[0.825s] -- Up-to-date: /home/nayab/dev_ws/install/tutorial_interfaces/lib/python3.8/site-packages/tutorial_interfaces/msg/_mp_status_s.c
[0.826s] -- Up-to-date: /home/nayab/dev_ws/install/tutorial_interfaces/lib/python3.8/site-packages/tutorial_interfaces/msg/_mp_status.py
[0.826s] -- Up-to-date: /home/nayab/dev_ws/install/tutorial_interfaces/lib/python3.8/site-packages/tutorial_interfaces/msg/_num.py
[0.828s] -- Up-to-date: /home/nayab/dev_ws/install/tutorial_interfaces/lib/python3.8/site-packages/tutorial_interfaces/tutorial_interfaces_s__rosidl_typesupport_fastrtps_c.cpython-38-x86_64-linux-gnu.so
[0.830s] -- Up-to-date: /home/nayab/dev_ws/install/tutorial_interfaces/lib/python3.8/site-packages/tutorial_interfaces/tutorial_interfaces_s__rosidl_typesupport_introspection_c.cpython-38-x86_64-linux-gnu.so
[0.830s] -- Up-to-date: /home/nayab/dev_ws/install/tutorial_interfaces/lib/python3.8/site-packages/tutorial_interfaces/tutorial_interfaces_s__rosidl_typesupport_c.cpython-38-x86_64-linux-gnu.so
[0.830s] -- Up-to-date: /home/nayab/dev_ws/install/tutorial_interfaces/lib/libtutorial_interfaces__python.so
[0.830s] -- Up-to-date: /home/nayab/dev_ws/install/tutorial_interfaces/share/tutorial_interfaces/msg/Num.idl
[0.831s] -- Up-to-date: /home/nayab/dev_ws/install/tutorial_interfaces/share/tutorial_interfaces/msg/MpStatus.idl
[0.832s] -- Up-to-date: /home/nayab/dev_ws/install/tutorial_interfaces/share/tutorial_interfaces/msg/Num.msg
[0.834s] -- Up-to-date: /home/nayab/dev_ws/install/tutorial_interfaces/share/tutorial_interfaces/msg/MpStatus.msg
[0.836s] -- Up-to-date: /home/nayab/dev_ws/install/tutorial_interfaces/share/ament_index/resource_index/package_run_dependencies/tutorial_interfaces
[0.840s] -- Up-to-date: /home/nayab/dev_ws/install/tutorial_interfaces/share/ament_index/resource_index/parent_prefix_path/tutorial_interfaces
[0.840s] -- Up-to-date: /home/nayab/dev_ws/install/tutorial_interfaces/share/tutorial_interfaces/environment/ament_prefix_path.sh
[0.843s] -- Up-to-date: /home/nayab/dev_ws/install/tutorial_interfaces/share/tutorial_interfaces/environment/ament_prefix_path.dsv
[0.844s] -- Up-to-date: /home/nayab/dev_ws/install/tutorial_interfaces/share/tutorial_interfaces/environment/path.sh
[0.845s] -- Up-to-date: /home/nayab/dev_ws/install/tutorial_interfaces/share/tutorial_interfaces/environment/path.dsv
[0.846s] -- Up-to-date: /home/nayab/dev_ws/install/tutorial_interfaces/share/tutorial_interfaces/local_setup.bash
[0.846s] -- Up-to-date: /home/nayab/dev_ws/install/tutorial_interfaces/share/tutorial_interfaces/local_setup.sh
[0.846s] -- Up-to-date: /home/nayab/dev_ws/install/tutorial_interfaces/share/tutorial_interfaces/local_setup.zsh
[0.847s] -- Up-to-date: /home/nayab/dev_ws/install/tutorial_interfaces/share/tutorial_interfaces/local_setup.dsv
[0.849s] -- Installing: /home/nayab/dev_ws/install/tutorial_interfaces/share/tutorial_interfaces/package.dsv
[0.849s] -- Up-to-date: /home/nayab/dev_ws/install/tutorial_interfaces/share/ament_index/resource_index/packages/tutorial_interfaces
[0.851s] -- Up-to-date: /home/nayab/dev_ws/install/tutorial_interfaces/share/tutorial_interfaces/cmake/tutorial_interfaces__rosidl_generator_cExport.cmake
[0.853s] -- Up-to-date: /home/nayab/dev_ws/install/tutorial_interfaces/share/tutorial_interfaces/cmake/tutorial_interfaces__rosidl_generator_cExport-noconfig.cmake
[0.853s] -- Up-to-date: /home/nayab/dev_ws/install/tutorial_interfaces/share/tutorial_interfaces/cmake/tutorial_interfaces__rosidl_typesupport_introspection_cExport.cmake
[0.853s] -- Up-to-date: /home/nayab/dev_ws/install/tutorial_interfaces/share/tutorial_interfaces/cmake/tutorial_interfaces__rosidl_typesupport_introspection_cExport-noconfig.cmake
[0.854s] -- Up-to-date: /home/nayab/dev_ws/install/tutorial_interfaces/share/tutorial_interfaces/cmake/tutorial_interfaces__rosidl_typesupport_cExport.cmake
[0.855s] -- Up-to-date: /home/nayab/dev_ws/install/tutorial_interfaces/share/tutorial_interfaces/cmake/tutorial_interfaces__rosidl_typesupport_cExport-noconfig.cmake
[0.857s] -- Up-to-date: /home/nayab/dev_ws/install/tutorial_interfaces/share/tutorial_interfaces/cmake/tutorial_interfaces__rosidl_generator_cppExport.cmake
[0.860s] -- Up-to-date: /home/nayab/dev_ws/install/tutorial_interfaces/share/tutorial_interfaces/cmake/tutorial_interfaces__rosidl_typesupport_introspection_cppExport.cmake
[0.860s] -- Up-to-date: /home/nayab/dev_ws/install/tutorial_interfaces/share/tutorial_interfaces/cmake/tutorial_interfaces__rosidl_typesupport_introspection_cppExport-noconfig.cmake
[0.861s] -- Up-to-date: /home/nayab/dev_ws/install/tutorial_interfaces/share/tutorial_interfaces/cmake/tutorial_interfaces__rosidl_typesupport_cppExport.cmake
[0.862s] -- Up-to-date: /home/nayab/dev_ws/install/tutorial_interfaces/share/tutorial_interfaces/cmake/tutorial_interfaces__rosidl_typesupport_cppExport-noconfig.cmake
[0.863s] -- Up-to-date: /home/nayab/dev_ws/install/tutorial_interfaces/share/tutorial_interfaces/cmake/rosidl_cmake-extras.cmake
[0.863s] -- Up-to-date: /home/nayab/dev_ws/install/tutorial_interfaces/share/tutorial_interfaces/cmake/ament_cmake_export_dependencies-extras.cmake
[0.863s] -- Up-to-date: /home/nayab/dev_ws/install/tutorial_interfaces/share/tutorial_interfaces/cmake/ament_cmake_export_libraries-extras.cmake
[0.863s] -- Up-to-date: /home/nayab/dev_ws/install/tutorial_interfaces/share/tutorial_interfaces/cmake/ament_cmake_export_targets-extras.cmake
[0.864s] -- Up-to-date: /home/nayab/dev_ws/install/tutorial_interfaces/share/tutorial_interfaces/cmake/ament_cmake_export_include_directories-extras.cmake
[0.864s] -- Up-to-date: /home/nayab/dev_ws/install/tutorial_interfaces/share/tutorial_interfaces/cmake/rosidl_cmake_export_typesupport_libraries-extras.cmake
[0.864s] -- Up-to-date: /home/nayab/dev_ws/install/tutorial_interfaces/share/tutorial_interfaces/cmake/rosidl_cmake_export_typesupport_targets-extras.cmake
[0.866s] -- Up-to-date: /home/nayab/dev_ws/install/tutorial_interfaces/share/tutorial_interfaces/cmake/tutorial_interfacesConfig.cmake
[0.866s] -- Up-to-date: /home/nayab/dev_ws/install/tutorial_interfaces/share/tutorial_interfaces/cmake/tutorial_interfacesConfig-version.cmake
[0.866s] -- Up-to-date: /home/nayab/dev_ws/install/tutorial_interfaces/share/tutorial_interfaces/package.xml
[0.891s] Invoked command in '/home/nayab/dev_ws/build/tutorial_interfaces' returned '0': CMAKE_PREFIX_PATH=/opt/ros/foxy:${CMAKE_PREFIX_PATH} /usr/bin/cmake --install /home/nayab/dev_ws/build/tutorial_interfaces
