[0.792s] Invoking command in '/home/nayab/dev_ws/src/rc_data_emulator': CMAKE_PREFIX_PATH=/home/nayab/dev_ws/install/abds_core_common:/home/nayab/dev_ws/install/tutorial_interfaces:/home/nayab/dev_ws/install/turtlesim:/home/nayab/dev_ws/install/rc_interfaces:/home/nayab/project_ws/devel:/opt/ros/noetic LD_LIBRARY_PATH=/home/nayab/dev_ws/install/abds_core_common/lib:/home/nayab/dev_ws/install/tutorial_interfaces/lib:/home/nayab/dev_ws/install/turtlesim/lib:/home/nayab/dev_ws/install/rc_interfaces/lib:/opt/ros/foxy/opt/yaml_cpp_vendor/lib:/opt/ros/foxy/opt/rviz_ogre_vendor/lib:/opt/ros/foxy/lib/x86_64-linux-gnu:/opt/ros/foxy/lib:/home/nayab/project_ws/devel/lib:/opt/ros/noetic/lib PYTHONPATH=/home/nayab/dev_ws/install/rc_data_emulator/lib/python3.8/site-packages:/home/nayab/dev_ws/install/abds_core_common/lib/python3.8/site-packages:/home/nayab/dev_ws/install/tutorial_interfaces/lib/python3.8/site-packages:/home/nayab/dev_ws/install/turtlesim/lib/python3.8/site-packages:/home/nayab/dev_ws/install/rc_interfaces/lib/python3.8/site-packages:/home/nayab/dev_ws/install/rc_data_emulator/lib/python3.8/site-packages:/home/nayab/dev_ws/install/py_pubsub/lib/python3.8/site-packages:/home/nayab/dev_ws/install/my_package/lib/python3.8/site-packages:/home/nayab/dev_ws/install/dbr_pubsub/lib/python3.8/site-packages:/opt/ros/foxy/lib/python3.8/site-packages:/home/nayab/project_ws/devel/lib/python3/dist-packages:/opt/ros/noetic/lib/python3/dist-packages /usr/bin/python3 setup.py egg_info --egg-base ../../build/rc_data_emulator build --build-base /home/nayab/dev_ws/build/rc_data_emulator/build install --prefix /home/nayab/dev_ws/install/rc_data_emulator --record /home/nayab/dev_ws/build/rc_data_emulator/install.log --single-version-externally-managed
[1.031s] running egg_info
[1.032s] writing ../../build/rc_data_emulator/rc_data_emulator.egg-info/PKG-INFO
[1.032s] writing dependency_links to ../../build/rc_data_emulator/rc_data_emulator.egg-info/dependency_links.txt
[1.032s] writing entry points to ../../build/rc_data_emulator/rc_data_emulator.egg-info/entry_points.txt
[1.032s] writing requirements to ../../build/rc_data_emulator/rc_data_emulator.egg-info/requires.txt
[1.033s] writing top-level names to ../../build/rc_data_emulator/rc_data_emulator.egg-info/top_level.txt
[1.064s] reading manifest file '../../build/rc_data_emulator/rc_data_emulator.egg-info/SOURCES.txt'
[1.065s] writing manifest file '../../build/rc_data_emulator/rc_data_emulator.egg-info/SOURCES.txt'
[1.065s] running build
[1.066s] running build_py
[1.066s] copying rc_data_emulator/rc_data_emu.py -> /home/nayab/dev_ws/build/rc_data_emulator/build/lib/rc_data_emulator
[1.066s] running install
[1.066s] running install_lib
[1.067s] copying /home/nayab/dev_ws/build/rc_data_emulator/build/lib/rc_data_emulator/rc_data_emu.py -> /home/nayab/dev_ws/install/rc_data_emulator/lib/python3.8/site-packages/rc_data_emulator
[1.068s] byte-compiling /home/nayab/dev_ws/install/rc_data_emulator/lib/python3.8/site-packages/rc_data_emulator/rc_data_emu.py to rc_data_emu.cpython-38.pyc
[1.072s] running install_data
[1.072s]   File "/home/nayab/dev_ws/install/rc_data_emulator/lib/python3.8/site-packages/rc_data_emulator/rc_data_emu.py", line 659
[1.072s]     ushmfile = '~/python_programs/rc_global_def\ushm definitions.pmh'
[1.072s]                ^
[1.072s] SyntaxError: (unicode error) 'unicodeescape' codec can't decode bytes in position 31-32: truncated \uXXXX escape
[1.072s] 
[1.073s] running install_egg_info
[1.074s] removing '/home/nayab/dev_ws/install/rc_data_emulator/lib/python3.8/site-packages/rc_data_emulator-0.0.0-py3.8.egg-info' (and everything under it)
[1.074s] Copying ../../build/rc_data_emulator/rc_data_emulator.egg-info to /home/nayab/dev_ws/install/rc_data_emulator/lib/python3.8/site-packages/rc_data_emulator-0.0.0-py3.8.egg-info
[1.075s] running install_scripts
[1.092s] Installing rc_emu script to /home/nayab/dev_ws/install/rc_data_emulator/lib/rc_data_emulator
[1.092s] writing list of installed files to '/home/nayab/dev_ws/build/rc_data_emulator/install.log'
[1.118s] Invoked command in '/home/nayab/dev_ws/src/rc_data_emulator' returned '0': CMAKE_PREFIX_PATH=/home/nayab/dev_ws/install/abds_core_common:/home/nayab/dev_ws/install/tutorial_interfaces:/home/nayab/dev_ws/install/turtlesim:/home/nayab/dev_ws/install/rc_interfaces:/home/nayab/project_ws/devel:/opt/ros/noetic LD_LIBRARY_PATH=/home/nayab/dev_ws/install/abds_core_common/lib:/home/nayab/dev_ws/install/tutorial_interfaces/lib:/home/nayab/dev_ws/install/turtlesim/lib:/home/nayab/dev_ws/install/rc_interfaces/lib:/opt/ros/foxy/opt/yaml_cpp_vendor/lib:/opt/ros/foxy/opt/rviz_ogre_vendor/lib:/opt/ros/foxy/lib/x86_64-linux-gnu:/opt/ros/foxy/lib:/home/nayab/project_ws/devel/lib:/opt/ros/noetic/lib PYTHONPATH=/home/nayab/dev_ws/install/rc_data_emulator/lib/python3.8/site-packages:/home/nayab/dev_ws/install/abds_core_common/lib/python3.8/site-packages:/home/nayab/dev_ws/install/tutorial_interfaces/lib/python3.8/site-packages:/home/nayab/dev_ws/install/turtlesim/lib/python3.8/site-packages:/home/nayab/dev_ws/install/rc_interfaces/lib/python3.8/site-packages:/home/nayab/dev_ws/install/rc_data_emulator/lib/python3.8/site-packages:/home/nayab/dev_ws/install/py_pubsub/lib/python3.8/site-packages:/home/nayab/dev_ws/install/my_package/lib/python3.8/site-packages:/home/nayab/dev_ws/install/dbr_pubsub/lib/python3.8/site-packages:/opt/ros/foxy/lib/python3.8/site-packages:/home/nayab/project_ws/devel/lib/python3/dist-packages:/opt/ros/noetic/lib/python3/dist-packages /usr/bin/python3 setup.py egg_info --egg-base ../../build/rc_data_emulator build --build-base /home/nayab/dev_ws/build/rc_data_emulator/build install --prefix /home/nayab/dev_ws/install/rc_data_emulator --record /home/nayab/dev_ws/build/rc_data_emulator/install.log --single-version-externally-managed
