[0.769s] Invoking command in '/home/nayab/dev_ws/src/my_package': PYTHONPATH=/home/nayab/dev_ws/install/my_package/lib/python3.8/site-packages:${PYTHONPATH} /usr/bin/python3 setup.py egg_info --egg-base ../../build/my_package build --build-base /home/nayab/dev_ws/build/my_package/build install --prefix /home/nayab/dev_ws/install/my_package --record /home/nayab/dev_ws/build/my_package/install.log --single-version-externally-managed
[1.014s] running egg_info
[1.015s] creating ../../build/my_package/my_package.egg-info
[1.015s] writing ../../build/my_package/my_package.egg-info/PKG-INFO
[1.015s] writing dependency_links to ../../build/my_package/my_package.egg-info/dependency_links.txt
[1.015s] writing entry points to ../../build/my_package/my_package.egg-info/entry_points.txt
[1.016s] writing requirements to ../../build/my_package/my_package.egg-info/requires.txt
[1.016s] writing top-level names to ../../build/my_package/my_package.egg-info/top_level.txt
[1.017s] writing manifest file '../../build/my_package/my_package.egg-info/SOURCES.txt'
[1.049s] reading manifest file '../../build/my_package/my_package.egg-info/SOURCES.txt'
[1.050s] writing manifest file '../../build/my_package/my_package.egg-info/SOURCES.txt'
[1.050s] running build
[1.050s] running build_py
[1.050s] creating /home/nayab/dev_ws/build/my_package/build
[1.050s] creating /home/nayab/dev_ws/build/my_package/build/lib
[1.050s] creating /home/nayab/dev_ws/build/my_package/build/lib/my_package
[1.051s] copying my_package/__init__.py -> /home/nayab/dev_ws/build/my_package/build/lib/my_package
[1.051s] copying my_package/my_node.py -> /home/nayab/dev_ws/build/my_package/build/lib/my_package
[1.051s] running install
[1.051s] running install_lib
[1.052s] creating /home/nayab/dev_ws/install/my_package/lib/python3.8/site-packages/my_package
[1.052s] copying /home/nayab/dev_ws/build/my_package/build/lib/my_package/__init__.py -> /home/nayab/dev_ws/install/my_package/lib/python3.8/site-packages/my_package
[1.052s] copying /home/nayab/dev_ws/build/my_package/build/lib/my_package/my_node.py -> /home/nayab/dev_ws/install/my_package/lib/python3.8/site-packages/my_package
[1.053s] byte-compiling /home/nayab/dev_ws/install/my_package/lib/python3.8/site-packages/my_package/__init__.py to __init__.cpython-38.pyc
[1.054s] byte-compiling /home/nayab/dev_ws/install/my_package/lib/python3.8/site-packages/my_package/my_node.py to my_node.cpython-38.pyc
[1.054s] running install_data
[1.055s] creating /home/nayab/dev_ws/install/my_package/share/ament_index
[1.055s] creating /home/nayab/dev_ws/install/my_package/share/ament_index/resource_index
[1.055s] creating /home/nayab/dev_ws/install/my_package/share/ament_index/resource_index/packages
[1.055s] copying resource/my_package -> /home/nayab/dev_ws/install/my_package/share/ament_index/resource_index/packages
[1.055s] copying package.xml -> /home/nayab/dev_ws/install/my_package/share/my_package
[1.055s] running install_egg_info
[1.057s] Copying ../../build/my_package/my_package.egg-info to /home/nayab/dev_ws/install/my_package/lib/python3.8/site-packages/my_package-0.0.0-py3.8.egg-info
[1.057s] running install_scripts
[1.073s] Installing my_node script to /home/nayab/dev_ws/install/my_package/lib/my_package
[1.074s] writing list of installed files to '/home/nayab/dev_ws/build/my_package/install.log'
[1.096s] Invoked command in '/home/nayab/dev_ws/src/my_package' returned '0': PYTHONPATH=/home/nayab/dev_ws/install/my_package/lib/python3.8/site-packages:${PYTHONPATH} /usr/bin/python3 setup.py egg_info --egg-base ../../build/my_package build --build-base /home/nayab/dev_ws/build/my_package/build install --prefix /home/nayab/dev_ws/install/my_package --record /home/nayab/dev_ws/build/my_package/install.log --single-version-externally-managed
