[1.030s] Invoking command in '/home/nayab/dev_ws/src/my_package': PYTHONPATH=/home/nayab/dev_ws/install/my_package/lib/python3.8/site-packages:${PYTHONPATH} /usr/bin/python3 setup.py egg_info --egg-base ../../build/my_package build --build-base /home/nayab/dev_ws/build/my_package/build install --prefix /home/nayab/dev_ws/install/my_package --record /home/nayab/dev_ws/build/my_package/install.log --single-version-externally-managed
[1.347s] running egg_info
[1.348s] writing ../../build/my_package/my_package.egg-info/PKG-INFO
[1.348s] writing dependency_links to ../../build/my_package/my_package.egg-info/dependency_links.txt
[1.348s] writing entry points to ../../build/my_package/my_package.egg-info/entry_points.txt
[1.350s] writing requirements to ../../build/my_package/my_package.egg-info/requires.txt
[1.350s] writing top-level names to ../../build/my_package/my_package.egg-info/top_level.txt
[1.397s] reading manifest file '../../build/my_package/my_package.egg-info/SOURCES.txt'
[1.398s] writing manifest file '../../build/my_package/my_package.egg-info/SOURCES.txt'
[1.398s] running build
[1.398s] running build_py
[1.398s] running install
[1.399s] running install_lib
[1.401s] running install_data
[1.401s] running install_egg_info
[1.403s] removing '/home/nayab/dev_ws/install/my_package/lib/python3.8/site-packages/my_package-0.0.0-py3.8.egg-info' (and everything under it)
[1.404s] Copying ../../build/my_package/my_package.egg-info to /home/nayab/dev_ws/install/my_package/lib/python3.8/site-packages/my_package-0.0.0-py3.8.egg-info
[1.404s] running install_scripts
[1.423s] Installing my_node script to /home/nayab/dev_ws/install/my_package/lib/my_package
[1.423s] writing list of installed files to '/home/nayab/dev_ws/build/my_package/install.log'
[1.459s] Invoked command in '/home/nayab/dev_ws/src/my_package' returned '0': PYTHONPATH=/home/nayab/dev_ws/install/my_package/lib/python3.8/site-packages:${PYTHONPATH} /usr/bin/python3 setup.py egg_info --egg-base ../../build/my_package build --build-base /home/nayab/dev_ws/build/my_package/build install --prefix /home/nayab/dev_ws/install/my_package --record /home/nayab/dev_ws/build/my_package/install.log --single-version-externally-managed
