[0.634s] Invoking command in '/home/nayab/dev_ws/src/my_package': PYTHONPATH=/home/nayab/dev_ws/install/my_package/lib/python3.8/site-packages:${PYTHONPATH} /usr/bin/python3 setup.py egg_info --egg-base ../../build/my_package build --build-base /home/nayab/dev_ws/build/my_package/build install --prefix /home/nayab/dev_ws/install/my_package --record /home/nayab/dev_ws/build/my_package/install.log --single-version-externally-managed
[0.833s] running egg_info
[0.834s] writing ../../build/my_package/my_package.egg-info/PKG-INFO
[0.834s] writing dependency_links to ../../build/my_package/my_package.egg-info/dependency_links.txt
[0.834s] writing entry points to ../../build/my_package/my_package.egg-info/entry_points.txt
[0.835s] writing requirements to ../../build/my_package/my_package.egg-info/requires.txt
[0.835s] writing top-level names to ../../build/my_package/my_package.egg-info/top_level.txt
[0.861s] reading manifest file '../../build/my_package/my_package.egg-info/SOURCES.txt'
[0.862s] writing manifest file '../../build/my_package/my_package.egg-info/SOURCES.txt'
[0.863s] running build
[0.863s] running build_py
[0.863s] running install
[0.864s] running install_lib
[0.866s] running install_data
[0.866s] running install_egg_info
[0.867s] removing '/home/nayab/dev_ws/install/my_package/lib/python3.8/site-packages/my_package-0.0.0-py3.8.egg-info' (and everything under it)
[0.868s] Copying ../../build/my_package/my_package.egg-info to /home/nayab/dev_ws/install/my_package/lib/python3.8/site-packages/my_package-0.0.0-py3.8.egg-info
[0.870s] running install_scripts
[0.885s] Installing my_node script to /home/nayab/dev_ws/install/my_package/lib/my_package
[0.886s] writing list of installed files to '/home/nayab/dev_ws/build/my_package/install.log'
