[0.323s] DEBUG:colcon:Command line arguments: ['/usr/bin/colcon', 'build']
[0.323s] DEBUG:colcon:Parsed command line arguments: Namespace(allow_overriding=[], ament_cmake_args=None, base_paths=['.'], build_base='build', catkin_cmake_args=None, catkin_skip_building_tests=False, cmake_args=None, cmake_clean_cache=False, cmake_clean_first=False, cmake_force_configure=False, cmake_target=None, cmake_target_skip_unavailable=False, continue_on_error=False, event_handlers=None, executor='parallel', ignore_user_meta=False, install_base='install', log_base=None, log_level=None, main=<bound method BuildVerb.main of <colcon_core.verb.build.BuildVerb object at 0x7f71ddd0dbe0>>, merge_install=False, metas=['./colcon.meta'], packages_above=None, packages_above_and_dependencies=None, packages_above_depth=None, packages_end=None, packages_ignore=None, packages_ignore_regex=None, packages_select=None, packages_select_build_failed=False, packages_select_by_dep=None, packages_select_regex=None, packages_select_test_failures=False, packages_skip=None, packages_skip_build_finished=False, packages_skip_by_dep=None, packages_skip_regex=None, packages_skip_test_passed=False, packages_skip_up_to=None, packages_start=None, packages_up_to=None, packages_up_to_regex=None, parallel_workers=4, paths=None, symlink_install=False, test_result_base=None, verb_extension=<colcon_core.verb.build.BuildVerb object at 0x7f71ddd0dbe0>, verb_name='build', verb_parser=<colcon_defaults.argument_parser.defaults.DefaultArgumentsDecorator object at 0x7f71ddd1a190>)
[0.337s] Level 1:colcon.colcon_core.package_discovery:discover_packages(colcon_meta) check parameters
[0.337s] Level 1:colcon.colcon_core.package_discovery:discover_packages(recursive) check parameters
[0.337s] Level 1:colcon.colcon_core.package_discovery:discover_packages(ignore) check parameters
[0.337s] Level 1:colcon.colcon_core.package_discovery:discover_packages(path) check parameters
[0.338s] Level 1:colcon.colcon_core.package_discovery:discover_packages(colcon_meta) discover
[0.338s] Level 1:colcon.colcon_core.package_discovery:discover_packages(recursive) discover
[0.338s] INFO:colcon.colcon_core.package_discovery:Crawling recursively for packages in '/home/nayab/dev_ws'
[0.338s] Level 1:colcon.colcon_core.package_identification:_identify(.) by extensions ['ignore', 'ignore_ament_install']
[0.338s] Level 1:colcon.colcon_core.package_identification:_identify(.) by extension 'ignore'
[0.338s] Level 1:colcon.colcon_core.package_identification:_identify(.) by extension 'ignore_ament_install'
[0.338s] Level 1:colcon.colcon_core.package_identification:_identify(.) by extensions ['colcon_pkg']
[0.338s] Level 1:colcon.colcon_core.package_identification:_identify(.) by extension 'colcon_pkg'
[0.339s] Level 1:colcon.colcon_core.package_identification:_identify(.) by extensions ['colcon_meta']
[0.339s] Level 1:colcon.colcon_core.package_identification:_identify(.) by extension 'colcon_meta'
[0.339s] Level 1:colcon.colcon_core.package_identification:_identify(.) by extensions ['ros']
[0.339s] Level 1:colcon.colcon_core.package_identification:_identify(.) by extension 'ros'
[0.347s] Level 1:colcon.colcon_core.package_identification:_identify(.) by extensions ['cmake', 'python']
[0.347s] Level 1:colcon.colcon_core.package_identification:_identify(.) by extension 'cmake'
[0.347s] Level 1:colcon.colcon_core.package_identification:_identify(.) by extension 'python'
[0.347s] Level 1:colcon.colcon_core.package_identification:_identify(.) by extensions ['python_setup_py']
[0.348s] Level 1:colcon.colcon_core.package_identification:_identify(.) by extension 'python_setup_py'
[0.348s] Level 1:colcon.colcon_core.package_identification:_identify(bagfiles) by extensions ['ignore', 'ignore_ament_install']
[0.348s] Level 1:colcon.colcon_core.package_identification:_identify(bagfiles) by extension 'ignore'
[0.348s] Level 1:colcon.colcon_core.package_identification:_identify(bagfiles) by extension 'ignore_ament_install'
[0.348s] Level 1:colcon.colcon_core.package_identification:_identify(bagfiles) by extensions ['colcon_pkg']
[0.348s] Level 1:colcon.colcon_core.package_identification:_identify(bagfiles) by extension 'colcon_pkg'
[0.348s] Level 1:colcon.colcon_core.package_identification:_identify(bagfiles) by extensions ['colcon_meta']
[0.348s] Level 1:colcon.colcon_core.package_identification:_identify(bagfiles) by extension 'colcon_meta'
[0.348s] Level 1:colcon.colcon_core.package_identification:_identify(bagfiles) by extensions ['ros']
[0.348s] Level 1:colcon.colcon_core.package_identification:_identify(bagfiles) by extension 'ros'
[0.349s] Level 1:colcon.colcon_core.package_identification:_identify(bagfiles) by extensions ['cmake', 'python']
[0.349s] Level 1:colcon.colcon_core.package_identification:_identify(bagfiles) by extension 'cmake'
[0.349s] Level 1:colcon.colcon_core.package_identification:_identify(bagfiles) by extension 'python'
[0.349s] Level 1:colcon.colcon_core.package_identification:_identify(bagfiles) by extensions ['python_setup_py']
[0.349s] Level 1:colcon.colcon_core.package_identification:_identify(bagfiles) by extension 'python_setup_py'
[0.349s] Level 1:colcon.colcon_core.package_identification:_identify(bagfiles/imu_status-14-3-22) by extensions ['ignore', 'ignore_ament_install']
[0.349s] Level 1:colcon.colcon_core.package_identification:_identify(bagfiles/imu_status-14-3-22) by extension 'ignore'
[0.349s] Level 1:colcon.colcon_core.package_identification:_identify(bagfiles/imu_status-14-3-22) by extension 'ignore_ament_install'
[0.349s] Level 1:colcon.colcon_core.package_identification:_identify(bagfiles/imu_status-14-3-22) by extensions ['colcon_pkg']
[0.350s] Level 1:colcon.colcon_core.package_identification:_identify(bagfiles/imu_status-14-3-22) by extension 'colcon_pkg'
[0.350s] Level 1:colcon.colcon_core.package_identification:_identify(bagfiles/imu_status-14-3-22) by extensions ['colcon_meta']
[0.350s] Level 1:colcon.colcon_core.package_identification:_identify(bagfiles/imu_status-14-3-22) by extension 'colcon_meta'
[0.350s] Level 1:colcon.colcon_core.package_identification:_identify(bagfiles/imu_status-14-3-22) by extensions ['ros']
[0.350s] Level 1:colcon.colcon_core.package_identification:_identify(bagfiles/imu_status-14-3-22) by extension 'ros'
[0.350s] Level 1:colcon.colcon_core.package_identification:_identify(bagfiles/imu_status-14-3-22) by extensions ['cmake', 'python']
[0.350s] Level 1:colcon.colcon_core.package_identification:_identify(bagfiles/imu_status-14-3-22) by extension 'cmake'
[0.350s] Level 1:colcon.colcon_core.package_identification:_identify(bagfiles/imu_status-14-3-22) by extension 'python'
[0.350s] Level 1:colcon.colcon_core.package_identification:_identify(bagfiles/imu_status-14-3-22) by extensions ['python_setup_py']
[0.350s] Level 1:colcon.colcon_core.package_identification:_identify(bagfiles/imu_status-14-3-22) by extension 'python_setup_py'
[0.351s] Level 1:colcon.colcon_core.package_identification:_identify(bagfiles/rc_imu_status) by extensions ['ignore', 'ignore_ament_install']
[0.351s] Level 1:colcon.colcon_core.package_identification:_identify(bagfiles/rc_imu_status) by extension 'ignore'
[0.351s] Level 1:colcon.colcon_core.package_identification:_identify(bagfiles/rc_imu_status) by extension 'ignore_ament_install'
[0.351s] Level 1:colcon.colcon_core.package_identification:_identify(bagfiles/rc_imu_status) by extensions ['colcon_pkg']
[0.351s] Level 1:colcon.colcon_core.package_identification:_identify(bagfiles/rc_imu_status) by extension 'colcon_pkg'
[0.351s] Level 1:colcon.colcon_core.package_identification:_identify(bagfiles/rc_imu_status) by extensions ['colcon_meta']
[0.351s] Level 1:colcon.colcon_core.package_identification:_identify(bagfiles/rc_imu_status) by extension 'colcon_meta'
[0.351s] Level 1:colcon.colcon_core.package_identification:_identify(bagfiles/rc_imu_status) by extensions ['ros']
[0.351s] Level 1:colcon.colcon_core.package_identification:_identify(bagfiles/rc_imu_status) by extension 'ros'
[0.352s] Level 1:colcon.colcon_core.package_identification:_identify(bagfiles/rc_imu_status) by extensions ['cmake', 'python']
[0.352s] Level 1:colcon.colcon_core.package_identification:_identify(bagfiles/rc_imu_status) by extension 'cmake'
[0.352s] Level 1:colcon.colcon_core.package_identification:_identify(bagfiles/rc_imu_status) by extension 'python'
[0.352s] Level 1:colcon.colcon_core.package_identification:_identify(bagfiles/rc_imu_status) by extensions ['python_setup_py']
[0.352s] Level 1:colcon.colcon_core.package_identification:_identify(bagfiles/rc_imu_status) by extension 'python_setup_py'
[0.352s] Level 1:colcon.colcon_core.package_identification:_identify(bagfiles/rc_status_2) by extensions ['ignore', 'ignore_ament_install']
[0.352s] Level 1:colcon.colcon_core.package_identification:_identify(bagfiles/rc_status_2) by extension 'ignore'
[0.352s] Level 1:colcon.colcon_core.package_identification:_identify(bagfiles/rc_status_2) by extension 'ignore_ament_install'
[0.352s] Level 1:colcon.colcon_core.package_identification:_identify(bagfiles/rc_status_2) by extensions ['colcon_pkg']
[0.352s] Level 1:colcon.colcon_core.package_identification:_identify(bagfiles/rc_status_2) by extension 'colcon_pkg'
[0.352s] Level 1:colcon.colcon_core.package_identification:_identify(bagfiles/rc_status_2) by extensions ['colcon_meta']
[0.352s] Level 1:colcon.colcon_core.package_identification:_identify(bagfiles/rc_status_2) by extension 'colcon_meta'
[0.353s] Level 1:colcon.colcon_core.package_identification:_identify(bagfiles/rc_status_2) by extensions ['ros']
[0.353s] Level 1:colcon.colcon_core.package_identification:_identify(bagfiles/rc_status_2) by extension 'ros'
[0.353s] Level 1:colcon.colcon_core.package_identification:_identify(bagfiles/rc_status_2) by extensions ['cmake', 'python']
[0.353s] Level 1:colcon.colcon_core.package_identification:_identify(bagfiles/rc_status_2) by extension 'cmake'
[0.353s] Level 1:colcon.colcon_core.package_identification:_identify(bagfiles/rc_status_2) by extension 'python'
[0.353s] Level 1:colcon.colcon_core.package_identification:_identify(bagfiles/rc_status_2) by extensions ['python_setup_py']
[0.353s] Level 1:colcon.colcon_core.package_identification:_identify(bagfiles/rc_status_2) by extension 'python_setup_py'
[0.353s] Level 1:colcon.colcon_core.package_identification:_identify(build) by extensions ['ignore', 'ignore_ament_install']
[0.353s] Level 1:colcon.colcon_core.package_identification:_identify(build) by extension 'ignore'
[0.353s] Level 1:colcon.colcon_core.package_identification:_identify(build) ignored
[0.353s] Level 1:colcon.colcon_core.package_identification:_identify(install) by extensions ['ignore', 'ignore_ament_install']
[0.354s] Level 1:colcon.colcon_core.package_identification:_identify(install) by extension 'ignore'
[0.354s] Level 1:colcon.colcon_core.package_identification:_identify(install) ignored
[0.354s] Level 1:colcon.colcon_core.package_identification:_identify(log) by extensions ['ignore', 'ignore_ament_install']
[0.354s] Level 1:colcon.colcon_core.package_identification:_identify(log) by extension 'ignore'
[0.354s] Level 1:colcon.colcon_core.package_identification:_identify(log) ignored
[0.354s] Level 1:colcon.colcon_core.package_identification:_identify(src) by extensions ['ignore', 'ignore_ament_install']
[0.354s] Level 1:colcon.colcon_core.package_identification:_identify(src) by extension 'ignore'
[0.354s] Level 1:colcon.colcon_core.package_identification:_identify(src) by extension 'ignore_ament_install'
[0.355s] Level 1:colcon.colcon_core.package_identification:_identify(src) by extensions ['colcon_pkg']
[0.355s] Level 1:colcon.colcon_core.package_identification:_identify(src) by extension 'colcon_pkg'
[0.355s] Level 1:colcon.colcon_core.package_identification:_identify(src) by extensions ['colcon_meta']
[0.355s] Level 1:colcon.colcon_core.package_identification:_identify(src) by extension 'colcon_meta'
[0.355s] Level 1:colcon.colcon_core.package_identification:_identify(src) by extensions ['ros']
[0.355s] Level 1:colcon.colcon_core.package_identification:_identify(src) by extension 'ros'
[0.355s] Level 1:colcon.colcon_core.package_identification:_identify(src) by extensions ['cmake', 'python']
[0.355s] Level 1:colcon.colcon_core.package_identification:_identify(src) by extension 'cmake'
[0.355s] Level 1:colcon.colcon_core.package_identification:_identify(src) by extension 'python'
[0.356s] Level 1:colcon.colcon_core.package_identification:_identify(src) by extensions ['python_setup_py']
[0.356s] Level 1:colcon.colcon_core.package_identification:_identify(src) by extension 'python_setup_py'
[0.356s] Level 1:colcon.colcon_core.package_identification:_identify(src/abd_robot_comms) by extensions ['ignore', 'ignore_ament_install']
[0.356s] Level 1:colcon.colcon_core.package_identification:_identify(src/abd_robot_comms) by extension 'ignore'
[0.356s] Level 1:colcon.colcon_core.package_identification:_identify(src/abd_robot_comms) by extension 'ignore_ament_install'
[0.356s] Level 1:colcon.colcon_core.package_identification:_identify(src/abd_robot_comms) by extensions ['colcon_pkg']
[0.356s] Level 1:colcon.colcon_core.package_identification:_identify(src/abd_robot_comms) by extension 'colcon_pkg'
[0.356s] Level 1:colcon.colcon_core.package_identification:_identify(src/abd_robot_comms) by extensions ['colcon_meta']
[0.356s] Level 1:colcon.colcon_core.package_identification:_identify(src/abd_robot_comms) by extension 'colcon_meta'
[0.356s] Level 1:colcon.colcon_core.package_identification:_identify(src/abd_robot_comms) by extensions ['ros']
[0.356s] Level 1:colcon.colcon_core.package_identification:_identify(src/abd_robot_comms) by extension 'ros'
[0.358s] DEBUG:colcon.colcon_core.package_identification:Package 'src/abd_robot_comms' with type 'ros.ament_cmake' and name 'abd_robot_comms'
[0.359s] Level 1:colcon.colcon_core.package_identification:_identify(src/abds_core_common) by extensions ['ignore', 'ignore_ament_install']
[0.359s] Level 1:colcon.colcon_core.package_identification:_identify(src/abds_core_common) by extension 'ignore'
[0.359s] Level 1:colcon.colcon_core.package_identification:_identify(src/abds_core_common) by extension 'ignore_ament_install'
[0.359s] Level 1:colcon.colcon_core.package_identification:_identify(src/abds_core_common) by extensions ['colcon_pkg']
[0.359s] Level 1:colcon.colcon_core.package_identification:_identify(src/abds_core_common) by extension 'colcon_pkg'
[0.359s] Level 1:colcon.colcon_core.package_identification:_identify(src/abds_core_common) by extensions ['colcon_meta']
[0.359s] Level 1:colcon.colcon_core.package_identification:_identify(src/abds_core_common) by extension 'colcon_meta'
[0.359s] Level 1:colcon.colcon_core.package_identification:_identify(src/abds_core_common) by extensions ['ros']
[0.359s] Level 1:colcon.colcon_core.package_identification:_identify(src/abds_core_common) by extension 'ros'
[0.360s] DEBUG:colcon.colcon_core.package_identification:Package 'src/abds_core_common' with type 'ros.ament_cmake' and name 'abds_core_common'
[0.360s] Level 1:colcon.colcon_core.package_identification:_identify(src/abds_msgs) by extensions ['ignore', 'ignore_ament_install']
[0.360s] Level 1:colcon.colcon_core.package_identification:_identify(src/abds_msgs) by extension 'ignore'
[0.360s] Level 1:colcon.colcon_core.package_identification:_identify(src/abds_msgs) by extension 'ignore_ament_install'
[0.360s] Level 1:colcon.colcon_core.package_identification:_identify(src/abds_msgs) by extensions ['colcon_pkg']
[0.360s] Level 1:colcon.colcon_core.package_identification:_identify(src/abds_msgs) by extension 'colcon_pkg'
[0.361s] Level 1:colcon.colcon_core.package_identification:_identify(src/abds_msgs) by extensions ['colcon_meta']
[0.361s] Level 1:colcon.colcon_core.package_identification:_identify(src/abds_msgs) by extension 'colcon_meta'
[0.361s] Level 1:colcon.colcon_core.package_identification:_identify(src/abds_msgs) by extensions ['ros']
[0.361s] Level 1:colcon.colcon_core.package_identification:_identify(src/abds_msgs) by extension 'ros'
[0.361s] DEBUG:colcon.colcon_core.package_identification:Package 'src/abds_msgs' with type 'ros.ament_cmake' and name 'abds_msgs'
[0.362s] Level 1:colcon.colcon_core.package_identification:_identify(src/dbr_pubsub) by extensions ['ignore', 'ignore_ament_install']
[0.362s] Level 1:colcon.colcon_core.package_identification:_identify(src/dbr_pubsub) by extension 'ignore'
[0.362s] Level 1:colcon.colcon_core.package_identification:_identify(src/dbr_pubsub) by extension 'ignore_ament_install'
[0.362s] Level 1:colcon.colcon_core.package_identification:_identify(src/dbr_pubsub) by extensions ['colcon_pkg']
[0.362s] Level 1:colcon.colcon_core.package_identification:_identify(src/dbr_pubsub) by extension 'colcon_pkg'
[0.362s] Level 1:colcon.colcon_core.package_identification:_identify(src/dbr_pubsub) by extensions ['colcon_meta']
[0.362s] Level 1:colcon.colcon_core.package_identification:_identify(src/dbr_pubsub) by extension 'colcon_meta'
[0.362s] Level 1:colcon.colcon_core.package_identification:_identify(src/dbr_pubsub) by extensions ['ros']
[0.362s] Level 1:colcon.colcon_core.package_identification:_identify(src/dbr_pubsub) by extension 'ros'
[0.363s] DEBUG:colcon.colcon_core.package_identification:Package 'src/dbr_pubsub' with type 'ros.ament_python' and name 'dbr_pubsub'
[0.363s] Level 1:colcon.colcon_core.package_identification:_identify(src/ether_follow_interfaces) by extensions ['ignore', 'ignore_ament_install']
[0.363s] Level 1:colcon.colcon_core.package_identification:_identify(src/ether_follow_interfaces) by extension 'ignore'
[0.363s] Level 1:colcon.colcon_core.package_identification:_identify(src/ether_follow_interfaces) by extension 'ignore_ament_install'
[0.363s] Level 1:colcon.colcon_core.package_identification:_identify(src/ether_follow_interfaces) by extensions ['colcon_pkg']
[0.363s] Level 1:colcon.colcon_core.package_identification:_identify(src/ether_follow_interfaces) by extension 'colcon_pkg'
[0.363s] Level 1:colcon.colcon_core.package_identification:_identify(src/ether_follow_interfaces) by extensions ['colcon_meta']
[0.363s] Level 1:colcon.colcon_core.package_identification:_identify(src/ether_follow_interfaces) by extension 'colcon_meta'
[0.363s] Level 1:colcon.colcon_core.package_identification:_identify(src/ether_follow_interfaces) by extensions ['ros']
[0.363s] Level 1:colcon.colcon_core.package_identification:_identify(src/ether_follow_interfaces) by extension 'ros'
[0.364s] DEBUG:colcon.colcon_core.package_identification:Package 'src/ether_follow_interfaces' with type 'ros.ament_cmake' and name 'ether_follow_interfaces'
[0.364s] Level 1:colcon.colcon_core.package_identification:_identify(src/ether_follow_pubsub) by extensions ['ignore', 'ignore_ament_install']
[0.364s] Level 1:colcon.colcon_core.package_identification:_identify(src/ether_follow_pubsub) by extension 'ignore'
[0.364s] Level 1:colcon.colcon_core.package_identification:_identify(src/ether_follow_pubsub) by extension 'ignore_ament_install'
[0.364s] Level 1:colcon.colcon_core.package_identification:_identify(src/ether_follow_pubsub) by extensions ['colcon_pkg']
[0.364s] Level 1:colcon.colcon_core.package_identification:_identify(src/ether_follow_pubsub) by extension 'colcon_pkg'
[0.364s] Level 1:colcon.colcon_core.package_identification:_identify(src/ether_follow_pubsub) by extensions ['colcon_meta']
[0.365s] Level 1:colcon.colcon_core.package_identification:_identify(src/ether_follow_pubsub) by extension 'colcon_meta'
[0.365s] Level 1:colcon.colcon_core.package_identification:_identify(src/ether_follow_pubsub) by extensions ['ros']
[0.365s] Level 1:colcon.colcon_core.package_identification:_identify(src/ether_follow_pubsub) by extension 'ros'
[0.365s] DEBUG:colcon.colcon_core.package_identification:Package 'src/ether_follow_pubsub' with type 'ros.ament_python' and name 'ether_follow_pubsub'
[0.365s] Level 1:colcon.colcon_core.package_identification:_identify(src/geographic_msgs) by extensions ['ignore', 'ignore_ament_install']
[0.365s] Level 1:colcon.colcon_core.package_identification:_identify(src/geographic_msgs) by extension 'ignore'
[0.365s] Level 1:colcon.colcon_core.package_identification:_identify(src/geographic_msgs) by extension 'ignore_ament_install'
[0.366s] Level 1:colcon.colcon_core.package_identification:_identify(src/geographic_msgs) by extensions ['colcon_pkg']
[0.366s] Level 1:colcon.colcon_core.package_identification:_identify(src/geographic_msgs) by extension 'colcon_pkg'
[0.366s] Level 1:colcon.colcon_core.package_identification:_identify(src/geographic_msgs) by extensions ['colcon_meta']
[0.366s] Level 1:colcon.colcon_core.package_identification:_identify(src/geographic_msgs) by extension 'colcon_meta'
[0.366s] Level 1:colcon.colcon_core.package_identification:_identify(src/geographic_msgs) by extensions ['ros']
[0.366s] Level 1:colcon.colcon_core.package_identification:_identify(src/geographic_msgs) by extension 'ros'
[0.366s] DEBUG:colcon.colcon_core.package_identification:Package 'src/geographic_msgs' with type 'ros.catkin' and name 'geographic_msgs'
[0.367s] Level 1:colcon.colcon_core.package_identification:_identify(src/my_package) by extensions ['ignore', 'ignore_ament_install']
[0.367s] Level 1:colcon.colcon_core.package_identification:_identify(src/my_package) by extension 'ignore'
[0.367s] Level 1:colcon.colcon_core.package_identification:_identify(src/my_package) by extension 'ignore_ament_install'
[0.367s] Level 1:colcon.colcon_core.package_identification:_identify(src/my_package) by extensions ['colcon_pkg']
[0.367s] Level 1:colcon.colcon_core.package_identification:_identify(src/my_package) by extension 'colcon_pkg'
[0.367s] Level 1:colcon.colcon_core.package_identification:_identify(src/my_package) by extensions ['colcon_meta']
[0.367s] Level 1:colcon.colcon_core.package_identification:_identify(src/my_package) by extension 'colcon_meta'
[0.367s] Level 1:colcon.colcon_core.package_identification:_identify(src/my_package) by extensions ['ros']
[0.367s] Level 1:colcon.colcon_core.package_identification:_identify(src/my_package) by extension 'ros'
[0.368s] DEBUG:colcon.colcon_core.package_identification:Package 'src/my_package' with type 'ros.ament_python' and name 'my_package'
[0.368s] Level 1:colcon.colcon_core.package_identification:_identify(src/py_pubsub) by extensions ['ignore', 'ignore_ament_install']
[0.368s] Level 1:colcon.colcon_core.package_identification:_identify(src/py_pubsub) by extension 'ignore'
[0.368s] Level 1:colcon.colcon_core.package_identification:_identify(src/py_pubsub) by extension 'ignore_ament_install'
[0.368s] Level 1:colcon.colcon_core.package_identification:_identify(src/py_pubsub) by extensions ['colcon_pkg']
[0.368s] Level 1:colcon.colcon_core.package_identification:_identify(src/py_pubsub) by extension 'colcon_pkg'
[0.368s] Level 1:colcon.colcon_core.package_identification:_identify(src/py_pubsub) by extensions ['colcon_meta']
[0.368s] Level 1:colcon.colcon_core.package_identification:_identify(src/py_pubsub) by extension 'colcon_meta'
[0.368s] Level 1:colcon.colcon_core.package_identification:_identify(src/py_pubsub) by extensions ['ros']
[0.368s] Level 1:colcon.colcon_core.package_identification:_identify(src/py_pubsub) by extension 'ros'
[0.369s] DEBUG:colcon.colcon_core.package_identification:Package 'src/py_pubsub' with type 'ros.ament_python' and name 'py_pubsub'
[0.369s] Level 1:colcon.colcon_core.package_identification:_identify(src/rc_interfaces) by extensions ['ignore', 'ignore_ament_install']
[0.369s] Level 1:colcon.colcon_core.package_identification:_identify(src/rc_interfaces) by extension 'ignore'
[0.369s] Level 1:colcon.colcon_core.package_identification:_identify(src/rc_interfaces) by extension 'ignore_ament_install'
[0.369s] Level 1:colcon.colcon_core.package_identification:_identify(src/rc_interfaces) by extensions ['colcon_pkg']
[0.369s] Level 1:colcon.colcon_core.package_identification:_identify(src/rc_interfaces) by extension 'colcon_pkg'
[0.369s] Level 1:colcon.colcon_core.package_identification:_identify(src/rc_interfaces) by extensions ['colcon_meta']
[0.369s] Level 1:colcon.colcon_core.package_identification:_identify(src/rc_interfaces) by extension 'colcon_meta'
[0.369s] Level 1:colcon.colcon_core.package_identification:_identify(src/rc_interfaces) by extensions ['ros']
[0.370s] Level 1:colcon.colcon_core.package_identification:_identify(src/rc_interfaces) by extension 'ros'
[0.370s] DEBUG:colcon.colcon_core.package_identification:Package 'src/rc_interfaces' with type 'ros.ament_cmake' and name 'rc_interfaces'
[0.370s] Level 1:colcon.colcon_core.package_identification:_identify(src/tutorial_interfaces) by extensions ['ignore', 'ignore_ament_install']
[0.370s] Level 1:colcon.colcon_core.package_identification:_identify(src/tutorial_interfaces) by extension 'ignore'
[0.370s] Level 1:colcon.colcon_core.package_identification:_identify(src/tutorial_interfaces) by extension 'ignore_ament_install'
[0.370s] Level 1:colcon.colcon_core.package_identification:_identify(src/tutorial_interfaces) by extensions ['colcon_pkg']
[0.371s] Level 1:colcon.colcon_core.package_identification:_identify(src/tutorial_interfaces) by extension 'colcon_pkg'
[0.371s] Level 1:colcon.colcon_core.package_identification:_identify(src/tutorial_interfaces) by extensions ['colcon_meta']
[0.371s] Level 1:colcon.colcon_core.package_identification:_identify(src/tutorial_interfaces) by extension 'colcon_meta'
[0.371s] Level 1:colcon.colcon_core.package_identification:_identify(src/tutorial_interfaces) by extensions ['ros']
[0.371s] Level 1:colcon.colcon_core.package_identification:_identify(src/tutorial_interfaces) by extension 'ros'
[0.372s] DEBUG:colcon.colcon_core.package_identification:Package 'src/tutorial_interfaces' with type 'ros.ament_cmake' and name 'tutorial_interfaces'
[0.372s] Level 1:colcon.colcon_core.package_discovery:discover_packages(recursive) using defaults
[0.372s] Level 1:colcon.colcon_core.package_discovery:discover_packages(ignore) discover
[0.372s] Level 1:colcon.colcon_core.package_discovery:discover_packages(ignore) using defaults
[0.372s] Level 1:colcon.colcon_core.package_discovery:discover_packages(path) discover
[0.372s] Level 1:colcon.colcon_core.package_discovery:discover_packages(path) using defaults
[0.404s] Level 5:colcon.colcon_core.verb:set package 'dbr_pubsub' build argument 'cmake_args' from command line to 'None'
[0.404s] Level 5:colcon.colcon_core.verb:set package 'dbr_pubsub' build argument 'cmake_target' from command line to 'None'
[0.404s] Level 5:colcon.colcon_core.verb:set package 'dbr_pubsub' build argument 'cmake_target_skip_unavailable' from command line to 'False'
[0.404s] Level 5:colcon.colcon_core.verb:set package 'dbr_pubsub' build argument 'cmake_clean_cache' from command line to 'False'
[0.404s] Level 5:colcon.colcon_core.verb:set package 'dbr_pubsub' build argument 'cmake_clean_first' from command line to 'False'
[0.404s] Level 5:colcon.colcon_core.verb:set package 'dbr_pubsub' build argument 'cmake_force_configure' from command line to 'False'
[0.404s] Level 5:colcon.colcon_core.verb:set package 'dbr_pubsub' build argument 'ament_cmake_args' from command line to 'None'
[0.404s] Level 5:colcon.colcon_core.verb:set package 'dbr_pubsub' build argument 'catkin_cmake_args' from command line to 'None'
[0.404s] Level 5:colcon.colcon_core.verb:set package 'dbr_pubsub' build argument 'catkin_skip_building_tests' from command line to 'False'
[0.405s] DEBUG:colcon.colcon_core.verb:Building package 'dbr_pubsub' with the following arguments: {'ament_cmake_args': None, 'build_base': '/home/nayab/dev_ws/build/dbr_pubsub', 'catkin_cmake_args': None, 'catkin_skip_building_tests': False, 'cmake_args': None, 'cmake_clean_cache': False, 'cmake_clean_first': False, 'cmake_force_configure': False, 'cmake_target': None, 'cmake_target_skip_unavailable': False, 'install_base': '/home/nayab/dev_ws/install/dbr_pubsub', 'merge_install': False, 'path': '/home/nayab/dev_ws/src/dbr_pubsub', 'symlink_install': False, 'test_result_base': None}
[0.405s] Level 5:colcon.colcon_core.verb:set package 'ether_follow_interfaces' build argument 'cmake_args' from command line to 'None'
[0.405s] Level 5:colcon.colcon_core.verb:set package 'ether_follow_interfaces' build argument 'cmake_target' from command line to 'None'
[0.405s] Level 5:colcon.colcon_core.verb:set package 'ether_follow_interfaces' build argument 'cmake_target_skip_unavailable' from command line to 'False'
[0.405s] Level 5:colcon.colcon_core.verb:set package 'ether_follow_interfaces' build argument 'cmake_clean_cache' from command line to 'False'
[0.405s] Level 5:colcon.colcon_core.verb:set package 'ether_follow_interfaces' build argument 'cmake_clean_first' from command line to 'False'
[0.405s] Level 5:colcon.colcon_core.verb:set package 'ether_follow_interfaces' build argument 'cmake_force_configure' from command line to 'False'
[0.406s] Level 5:colcon.colcon_core.verb:set package 'ether_follow_interfaces' build argument 'ament_cmake_args' from command line to 'None'
[0.406s] Level 5:colcon.colcon_core.verb:set package 'ether_follow_interfaces' build argument 'catkin_cmake_args' from command line to 'None'
[0.406s] Level 5:colcon.colcon_core.verb:set package 'ether_follow_interfaces' build argument 'catkin_skip_building_tests' from command line to 'False'
[0.406s] DEBUG:colcon.colcon_core.verb:Building package 'ether_follow_interfaces' with the following arguments: {'ament_cmake_args': None, 'build_base': '/home/nayab/dev_ws/build/ether_follow_interfaces', 'catkin_cmake_args': None, 'catkin_skip_building_tests': False, 'cmake_args': None, 'cmake_clean_cache': False, 'cmake_clean_first': False, 'cmake_force_configure': False, 'cmake_target': None, 'cmake_target_skip_unavailable': False, 'install_base': '/home/nayab/dev_ws/install/ether_follow_interfaces', 'merge_install': False, 'path': '/home/nayab/dev_ws/src/ether_follow_interfaces', 'symlink_install': False, 'test_result_base': None}
[0.406s] Level 5:colcon.colcon_core.verb:set package 'ether_follow_pubsub' build argument 'cmake_args' from command line to 'None'
[0.407s] Level 5:colcon.colcon_core.verb:set package 'ether_follow_pubsub' build argument 'cmake_target' from command line to 'None'
[0.407s] Level 5:colcon.colcon_core.verb:set package 'ether_follow_pubsub' build argument 'cmake_target_skip_unavailable' from command line to 'False'
[0.407s] Level 5:colcon.colcon_core.verb:set package 'ether_follow_pubsub' build argument 'cmake_clean_cache' from command line to 'False'
[0.407s] Level 5:colcon.colcon_core.verb:set package 'ether_follow_pubsub' build argument 'cmake_clean_first' from command line to 'False'
[0.407s] Level 5:colcon.colcon_core.verb:set package 'ether_follow_pubsub' build argument 'cmake_force_configure' from command line to 'False'
[0.407s] Level 5:colcon.colcon_core.verb:set package 'ether_follow_pubsub' build argument 'ament_cmake_args' from command line to 'None'
[0.407s] Level 5:colcon.colcon_core.verb:set package 'ether_follow_pubsub' build argument 'catkin_cmake_args' from command line to 'None'
[0.407s] Level 5:colcon.colcon_core.verb:set package 'ether_follow_pubsub' build argument 'catkin_skip_building_tests' from command line to 'False'
[0.407s] DEBUG:colcon.colcon_core.verb:Building package 'ether_follow_pubsub' with the following arguments: {'ament_cmake_args': None, 'build_base': '/home/nayab/dev_ws/build/ether_follow_pubsub', 'catkin_cmake_args': None, 'catkin_skip_building_tests': False, 'cmake_args': None, 'cmake_clean_cache': False, 'cmake_clean_first': False, 'cmake_force_configure': False, 'cmake_target': None, 'cmake_target_skip_unavailable': False, 'install_base': '/home/nayab/dev_ws/install/ether_follow_pubsub', 'merge_install': False, 'path': '/home/nayab/dev_ws/src/ether_follow_pubsub', 'symlink_install': False, 'test_result_base': None}
[0.407s] Level 5:colcon.colcon_core.verb:set package 'geographic_msgs' build argument 'cmake_args' from command line to 'None'
[0.408s] Level 5:colcon.colcon_core.verb:set package 'geographic_msgs' build argument 'cmake_target' from command line to 'None'
[0.408s] Level 5:colcon.colcon_core.verb:set package 'geographic_msgs' build argument 'cmake_target_skip_unavailable' from command line to 'False'
[0.408s] Level 5:colcon.colcon_core.verb:set package 'geographic_msgs' build argument 'cmake_clean_cache' from command line to 'False'
[0.408s] Level 5:colcon.colcon_core.verb:set package 'geographic_msgs' build argument 'cmake_clean_first' from command line to 'False'
[0.408s] Level 5:colcon.colcon_core.verb:set package 'geographic_msgs' build argument 'cmake_force_configure' from command line to 'False'
[0.408s] Level 5:colcon.colcon_core.verb:set package 'geographic_msgs' build argument 'ament_cmake_args' from command line to 'None'
[0.408s] Level 5:colcon.colcon_core.verb:set package 'geographic_msgs' build argument 'catkin_cmake_args' from command line to 'None'
[0.408s] Level 5:colcon.colcon_core.verb:set package 'geographic_msgs' build argument 'catkin_skip_building_tests' from command line to 'False'
[0.408s] DEBUG:colcon.colcon_core.verb:Building package 'geographic_msgs' with the following arguments: {'ament_cmake_args': None, 'build_base': '/home/nayab/dev_ws/build/geographic_msgs', 'catkin_cmake_args': None, 'catkin_skip_building_tests': False, 'cmake_args': None, 'cmake_clean_cache': False, 'cmake_clean_first': False, 'cmake_force_configure': False, 'cmake_target': None, 'cmake_target_skip_unavailable': False, 'install_base': '/home/nayab/dev_ws/install/geographic_msgs', 'merge_install': False, 'path': '/home/nayab/dev_ws/src/geographic_msgs', 'symlink_install': False, 'test_result_base': None}
[0.408s] Level 5:colcon.colcon_core.verb:set package 'my_package' build argument 'cmake_args' from command line to 'None'
[0.408s] Level 5:colcon.colcon_core.verb:set package 'my_package' build argument 'cmake_target' from command line to 'None'
[0.408s] Level 5:colcon.colcon_core.verb:set package 'my_package' build argument 'cmake_target_skip_unavailable' from command line to 'False'
[0.408s] Level 5:colcon.colcon_core.verb:set package 'my_package' build argument 'cmake_clean_cache' from command line to 'False'
[0.408s] Level 5:colcon.colcon_core.verb:set package 'my_package' build argument 'cmake_clean_first' from command line to 'False'
[0.408s] Level 5:colcon.colcon_core.verb:set package 'my_package' build argument 'cmake_force_configure' from command line to 'False'
[0.408s] Level 5:colcon.colcon_core.verb:set package 'my_package' build argument 'ament_cmake_args' from command line to 'None'
[0.409s] Level 5:colcon.colcon_core.verb:set package 'my_package' build argument 'catkin_cmake_args' from command line to 'None'
[0.409s] Level 5:colcon.colcon_core.verb:set package 'my_package' build argument 'catkin_skip_building_tests' from command line to 'False'
[0.409s] DEBUG:colcon.colcon_core.verb:Building package 'my_package' with the following arguments: {'ament_cmake_args': None, 'build_base': '/home/nayab/dev_ws/build/my_package', 'catkin_cmake_args': None, 'catkin_skip_building_tests': False, 'cmake_args': None, 'cmake_clean_cache': False, 'cmake_clean_first': False, 'cmake_force_configure': False, 'cmake_target': None, 'cmake_target_skip_unavailable': False, 'install_base': '/home/nayab/dev_ws/install/my_package', 'merge_install': False, 'path': '/home/nayab/dev_ws/src/my_package', 'symlink_install': False, 'test_result_base': None}
[0.409s] Level 5:colcon.colcon_core.verb:set package 'py_pubsub' build argument 'cmake_args' from command line to 'None'
[0.409s] Level 5:colcon.colcon_core.verb:set package 'py_pubsub' build argument 'cmake_target' from command line to 'None'
[0.409s] Level 5:colcon.colcon_core.verb:set package 'py_pubsub' build argument 'cmake_target_skip_unavailable' from command line to 'False'
[0.409s] Level 5:colcon.colcon_core.verb:set package 'py_pubsub' build argument 'cmake_clean_cache' from command line to 'False'
[0.409s] Level 5:colcon.colcon_core.verb:set package 'py_pubsub' build argument 'cmake_clean_first' from command line to 'False'
[0.409s] Level 5:colcon.colcon_core.verb:set package 'py_pubsub' build argument 'cmake_force_configure' from command line to 'False'
[0.409s] Level 5:colcon.colcon_core.verb:set package 'py_pubsub' build argument 'ament_cmake_args' from command line to 'None'
[0.409s] Level 5:colcon.colcon_core.verb:set package 'py_pubsub' build argument 'catkin_cmake_args' from command line to 'None'
[0.409s] Level 5:colcon.colcon_core.verb:set package 'py_pubsub' build argument 'catkin_skip_building_tests' from command line to 'False'
[0.410s] DEBUG:colcon.colcon_core.verb:Building package 'py_pubsub' with the following arguments: {'ament_cmake_args': None, 'build_base': '/home/nayab/dev_ws/build/py_pubsub', 'catkin_cmake_args': None, 'catkin_skip_building_tests': False, 'cmake_args': None, 'cmake_clean_cache': False, 'cmake_clean_first': False, 'cmake_force_configure': False, 'cmake_target': None, 'cmake_target_skip_unavailable': False, 'install_base': '/home/nayab/dev_ws/install/py_pubsub', 'merge_install': False, 'path': '/home/nayab/dev_ws/src/py_pubsub', 'symlink_install': False, 'test_result_base': None}
[0.410s] Level 5:colcon.colcon_core.verb:set package 'rc_interfaces' build argument 'cmake_args' from command line to 'None'
[0.410s] Level 5:colcon.colcon_core.verb:set package 'rc_interfaces' build argument 'cmake_target' from command line to 'None'
[0.410s] Level 5:colcon.colcon_core.verb:set package 'rc_interfaces' build argument 'cmake_target_skip_unavailable' from command line to 'False'
[0.410s] Level 5:colcon.colcon_core.verb:set package 'rc_interfaces' build argument 'cmake_clean_cache' from command line to 'False'
[0.411s] Level 5:colcon.colcon_core.verb:set package 'rc_interfaces' build argument 'cmake_clean_first' from command line to 'False'
[0.411s] Level 5:colcon.colcon_core.verb:set package 'rc_interfaces' build argument 'cmake_force_configure' from command line to 'False'
[0.411s] Level 5:colcon.colcon_core.verb:set package 'rc_interfaces' build argument 'ament_cmake_args' from command line to 'None'
[0.411s] Level 5:colcon.colcon_core.verb:set package 'rc_interfaces' build argument 'catkin_cmake_args' from command line to 'None'
[0.411s] Level 5:colcon.colcon_core.verb:set package 'rc_interfaces' build argument 'catkin_skip_building_tests' from command line to 'False'
[0.411s] DEBUG:colcon.colcon_core.verb:Building package 'rc_interfaces' with the following arguments: {'ament_cmake_args': None, 'build_base': '/home/nayab/dev_ws/build/rc_interfaces', 'catkin_cmake_args': None, 'catkin_skip_building_tests': False, 'cmake_args': None, 'cmake_clean_cache': False, 'cmake_clean_first': False, 'cmake_force_configure': False, 'cmake_target': None, 'cmake_target_skip_unavailable': False, 'install_base': '/home/nayab/dev_ws/install/rc_interfaces', 'merge_install': False, 'path': '/home/nayab/dev_ws/src/rc_interfaces', 'symlink_install': False, 'test_result_base': None}
[0.411s] Level 5:colcon.colcon_core.verb:set package 'tutorial_interfaces' build argument 'cmake_args' from command line to 'None'
[0.411s] Level 5:colcon.colcon_core.verb:set package 'tutorial_interfaces' build argument 'cmake_target' from command line to 'None'
[0.411s] Level 5:colcon.colcon_core.verb:set package 'tutorial_interfaces' build argument 'cmake_target_skip_unavailable' from command line to 'False'
[0.411s] Level 5:colcon.colcon_core.verb:set package 'tutorial_interfaces' build argument 'cmake_clean_cache' from command line to 'False'
[0.411s] Level 5:colcon.colcon_core.verb:set package 'tutorial_interfaces' build argument 'cmake_clean_first' from command line to 'False'
[0.411s] Level 5:colcon.colcon_core.verb:set package 'tutorial_interfaces' build argument 'cmake_force_configure' from command line to 'False'
[0.412s] Level 5:colcon.colcon_core.verb:set package 'tutorial_interfaces' build argument 'ament_cmake_args' from command line to 'None'
[0.412s] Level 5:colcon.colcon_core.verb:set package 'tutorial_interfaces' build argument 'catkin_cmake_args' from command line to 'None'
[0.412s] Level 5:colcon.colcon_core.verb:set package 'tutorial_interfaces' build argument 'catkin_skip_building_tests' from command line to 'False'
[0.412s] DEBUG:colcon.colcon_core.verb:Building package 'tutorial_interfaces' with the following arguments: {'ament_cmake_args': None, 'build_base': '/home/nayab/dev_ws/build/tutorial_interfaces', 'catkin_cmake_args': None, 'catkin_skip_building_tests': False, 'cmake_args': None, 'cmake_clean_cache': False, 'cmake_clean_first': False, 'cmake_force_configure': False, 'cmake_target': None, 'cmake_target_skip_unavailable': False, 'install_base': '/home/nayab/dev_ws/install/tutorial_interfaces', 'merge_install': False, 'path': '/home/nayab/dev_ws/src/tutorial_interfaces', 'symlink_install': False, 'test_result_base': None}
[0.412s] Level 5:colcon.colcon_core.verb:set package 'abds_core_common' build argument 'cmake_args' from command line to 'None'
[0.412s] Level 5:colcon.colcon_core.verb:set package 'abds_core_common' build argument 'cmake_target' from command line to 'None'
[0.412s] Level 5:colcon.colcon_core.verb:set package 'abds_core_common' build argument 'cmake_target_skip_unavailable' from command line to 'False'
[0.412s] Level 5:colcon.colcon_core.verb:set package 'abds_core_common' build argument 'cmake_clean_cache' from command line to 'False'
[0.412s] Level 5:colcon.colcon_core.verb:set package 'abds_core_common' build argument 'cmake_clean_first' from command line to 'False'
[0.412s] Level 5:colcon.colcon_core.verb:set package 'abds_core_common' build argument 'cmake_force_configure' from command line to 'False'
[0.412s] Level 5:colcon.colcon_core.verb:set package 'abds_core_common' build argument 'ament_cmake_args' from command line to 'None'
[0.412s] Level 5:colcon.colcon_core.verb:set package 'abds_core_common' build argument 'catkin_cmake_args' from command line to 'None'
[0.412s] Level 5:colcon.colcon_core.verb:set package 'abds_core_common' build argument 'catkin_skip_building_tests' from command line to 'False'
[0.413s] DEBUG:colcon.colcon_core.verb:Building package 'abds_core_common' with the following arguments: {'ament_cmake_args': None, 'build_base': '/home/nayab/dev_ws/build/abds_core_common', 'catkin_cmake_args': None, 'catkin_skip_building_tests': False, 'cmake_args': None, 'cmake_clean_cache': False, 'cmake_clean_first': False, 'cmake_force_configure': False, 'cmake_target': None, 'cmake_target_skip_unavailable': False, 'install_base': '/home/nayab/dev_ws/install/abds_core_common', 'merge_install': False, 'path': '/home/nayab/dev_ws/src/abds_core_common', 'symlink_install': False, 'test_result_base': None}
[0.413s] Level 5:colcon.colcon_core.verb:set package 'abds_msgs' build argument 'cmake_args' from command line to 'None'
[0.413s] Level 5:colcon.colcon_core.verb:set package 'abds_msgs' build argument 'cmake_target' from command line to 'None'
[0.413s] Level 5:colcon.colcon_core.verb:set package 'abds_msgs' build argument 'cmake_target_skip_unavailable' from command line to 'False'
[0.413s] Level 5:colcon.colcon_core.verb:set package 'abds_msgs' build argument 'cmake_clean_cache' from command line to 'False'
[0.413s] Level 5:colcon.colcon_core.verb:set package 'abds_msgs' build argument 'cmake_clean_first' from command line to 'False'
[0.413s] Level 5:colcon.colcon_core.verb:set package 'abds_msgs' build argument 'cmake_force_configure' from command line to 'False'
[0.413s] Level 5:colcon.colcon_core.verb:set package 'abds_msgs' build argument 'ament_cmake_args' from command line to 'None'
[0.413s] Level 5:colcon.colcon_core.verb:set package 'abds_msgs' build argument 'catkin_cmake_args' from command line to 'None'
[0.413s] Level 5:colcon.colcon_core.verb:set package 'abds_msgs' build argument 'catkin_skip_building_tests' from command line to 'False'
[0.413s] DEBUG:colcon.colcon_core.verb:Building package 'abds_msgs' with the following arguments: {'ament_cmake_args': None, 'build_base': '/home/nayab/dev_ws/build/abds_msgs', 'catkin_cmake_args': None, 'catkin_skip_building_tests': False, 'cmake_args': None, 'cmake_clean_cache': False, 'cmake_clean_first': False, 'cmake_force_configure': False, 'cmake_target': None, 'cmake_target_skip_unavailable': False, 'install_base': '/home/nayab/dev_ws/install/abds_msgs', 'merge_install': False, 'path': '/home/nayab/dev_ws/src/abds_msgs', 'symlink_install': False, 'test_result_base': None}
[0.414s] Level 5:colcon.colcon_core.verb:set package 'abd_robot_comms' build argument 'cmake_args' from command line to 'None'
[0.414s] Level 5:colcon.colcon_core.verb:set package 'abd_robot_comms' build argument 'cmake_target' from command line to 'None'
[0.414s] Level 5:colcon.colcon_core.verb:set package 'abd_robot_comms' build argument 'cmake_target_skip_unavailable' from command line to 'False'
[0.414s] Level 5:colcon.colcon_core.verb:set package 'abd_robot_comms' build argument 'cmake_clean_cache' from command line to 'False'
[0.414s] Level 5:colcon.colcon_core.verb:set package 'abd_robot_comms' build argument 'cmake_clean_first' from command line to 'False'
[0.414s] Level 5:colcon.colcon_core.verb:set package 'abd_robot_comms' build argument 'cmake_force_configure' from command line to 'False'
[0.414s] Level 5:colcon.colcon_core.verb:set package 'abd_robot_comms' build argument 'ament_cmake_args' from command line to 'None'
[0.414s] Level 5:colcon.colcon_core.verb:set package 'abd_robot_comms' build argument 'catkin_cmake_args' from command line to 'None'
[0.414s] Level 5:colcon.colcon_core.verb:set package 'abd_robot_comms' build argument 'catkin_skip_building_tests' from command line to 'False'
[0.415s] DEBUG:colcon.colcon_core.verb:Building package 'abd_robot_comms' with the following arguments: {'ament_cmake_args': None, 'build_base': '/home/nayab/dev_ws/build/abd_robot_comms', 'catkin_cmake_args': None, 'catkin_skip_building_tests': False, 'cmake_args': None, 'cmake_clean_cache': False, 'cmake_clean_first': False, 'cmake_force_configure': False, 'cmake_target': None, 'cmake_target_skip_unavailable': False, 'install_base': '/home/nayab/dev_ws/install/abd_robot_comms', 'merge_install': False, 'path': '/home/nayab/dev_ws/src/abd_robot_comms', 'symlink_install': False, 'test_result_base': None}
[0.421s] INFO:colcon.colcon_core.executor:Executing jobs using 'parallel' executor
[0.423s] DEBUG:colcon.colcon_parallel_executor.executor.parallel:run_until_complete
[0.423s] INFO:colcon.colcon_ros.task.catkin.build:Building ROS package in '/home/nayab/dev_ws/src/geographic_msgs' with build type 'catkin'
[0.423s] INFO:colcon.colcon_cmake.task.cmake.build:Building CMake package in '/home/nayab/dev_ws/src/geographic_msgs'
[0.436s] INFO:colcon.colcon_core.plugin_system:Skipping extension 'colcon_core.shell.bat': Not used on non-Windows systems
[0.436s] INFO:colcon.colcon_core.shell:Skip shell extension 'powershell' for command environment: Not usable outside of PowerShell
[0.436s] DEBUG:colcon.colcon_core.shell:Skip shell extension 'dsv' for command environment
[0.437s] DEBUG:colcon.colcon_core.shell:Ignoring prefix path '/opt/ros/noetic'
[0.441s] INFO:colcon.colcon_ros.task.ament_cmake.build:Building ROS package in '/home/nayab/dev_ws/src/rc_interfaces' with build type 'ament_cmake'
[0.441s] INFO:colcon.colcon_cmake.task.cmake.build:Building CMake package in '/home/nayab/dev_ws/src/rc_interfaces'
[0.442s] INFO:colcon.colcon_core.shell:Skip shell extension 'powershell' for command environment: Not usable outside of PowerShell
[0.442s] DEBUG:colcon.colcon_core.shell:Skip shell extension 'dsv' for command environment
[0.444s] DEBUG:colcon.colcon_core.shell:Ignoring prefix path '/opt/ros/noetic'
[0.446s] INFO:colcon.colcon_ros.task.ament_python.build:Building ROS package in '/home/nayab/dev_ws/src/dbr_pubsub' with build type 'ament_python'
[0.447s] Level 1:colcon.colcon_core.shell:create_environment_hook('dbr_pubsub', 'ament_prefix_path')
[0.447s] INFO:colcon.colcon_core.shell:Creating environment hook '/home/nayab/dev_ws/install/dbr_pubsub/share/dbr_pubsub/hook/ament_prefix_path.ps1'
[0.449s] INFO:colcon.colcon_core.shell:Creating environment descriptor '/home/nayab/dev_ws/install/dbr_pubsub/share/dbr_pubsub/hook/ament_prefix_path.dsv'
[0.450s] INFO:colcon.colcon_core.shell:Creating environment hook '/home/nayab/dev_ws/install/dbr_pubsub/share/dbr_pubsub/hook/ament_prefix_path.sh'
[0.452s] INFO:colcon.colcon_core.shell:Skip shell extension 'powershell' for command environment: Not usable outside of PowerShell
[0.452s] DEBUG:colcon.colcon_core.shell:Skip shell extension 'dsv' for command environment
[0.453s] DEBUG:colcon.colcon_core.shell:Ignoring prefix path '/opt/ros/noetic'
[0.455s] INFO:colcon.colcon_ros.task.ament_cmake.build:Building ROS package in '/home/nayab/dev_ws/src/ether_follow_interfaces' with build type 'ament_cmake'
[0.456s] INFO:colcon.colcon_cmake.task.cmake.build:Building CMake package in '/home/nayab/dev_ws/src/ether_follow_interfaces'
[0.456s] INFO:colcon.colcon_core.shell:Skip shell extension 'powershell' for command environment: Not usable outside of PowerShell
[0.457s] DEBUG:colcon.colcon_core.shell:Skip shell extension 'dsv' for command environment
[0.459s] DEBUG:colcon.colcon_core.shell:Ignoring prefix path '/opt/ros/noetic'
[0.469s] DEBUG:colcon.colcon_core.event_handler.log_command:Invoking command in '/home/nayab/dev_ws/build/geographic_msgs': /usr/bin/cmake /home/nayab/dev_ws/src/geographic_msgs -DCATKIN_INSTALL_INTO_PREFIX_ROOT=0 -DCMAKE_INSTALL_PREFIX=/home/nayab/dev_ws/install/geographic_msgs
[0.483s] DEBUG:colcon.colcon_core.event_handler.log_command:Invoking command in '/home/nayab/dev_ws/build/rc_interfaces': CMAKE_PREFIX_PATH=/opt/ros/foxy:${CMAKE_PREFIX_PATH} /usr/bin/cmake --build /home/nayab/dev_ws/build/rc_interfaces -- -j4 -l4
[0.880s] INFO:colcon.colcon_core.task.python.build:Building Python package in '/home/nayab/dev_ws/src/dbr_pubsub'
[0.881s] INFO:colcon.colcon_core.shell:Skip shell extension 'powershell' for command environment: Not usable outside of PowerShell
[0.882s] DEBUG:colcon.colcon_core.shell:Skip shell extension 'dsv' for command environment
[0.883s] DEBUG:colcon.colcon_core.shell:Ignoring prefix path '/opt/ros/noetic'
[0.899s] DEBUG:colcon.colcon_core.event_handler.log_command:Invoking command in '/home/nayab/dev_ws/build/ether_follow_interfaces': CMAKE_PREFIX_PATH=/opt/ros/foxy:${CMAKE_PREFIX_PATH} /usr/bin/cmake --build /home/nayab/dev_ws/build/ether_follow_interfaces -- -j4 -l4
[0.921s] DEBUG:colcon.colcon_core.event_handler.log_command:Invoked command in '/home/nayab/dev_ws/build/rc_interfaces' returned '0': CMAKE_PREFIX_PATH=/opt/ros/foxy:${CMAKE_PREFIX_PATH} /usr/bin/cmake --build /home/nayab/dev_ws/build/rc_interfaces -- -j4 -l4
[1.069s] DEBUG:colcon.colcon_core.event_handler.log_command:Invoking command in '/home/nayab/dev_ws/build/rc_interfaces': CMAKE_PREFIX_PATH=/opt/ros/foxy:${CMAKE_PREFIX_PATH} /usr/bin/cmake --install /home/nayab/dev_ws/build/rc_interfaces
[1.171s] Level 1:colcon.colcon_core.environment:create_environment_scripts_only(rc_interfaces)
[1.172s] DEBUG:colcon.colcon_core.event_handler.log_command:Invoked command in '/home/nayab/dev_ws/build/rc_interfaces' returned '0': CMAKE_PREFIX_PATH=/opt/ros/foxy:${CMAKE_PREFIX_PATH} /usr/bin/cmake --install /home/nayab/dev_ws/build/rc_interfaces
[1.188s] Level 1:colcon.colcon_core.environment:checking '/home/nayab/dev_ws/install/rc_interfaces' for CMake module files
[1.188s] Level 1:colcon.colcon_core.environment:checking '/home/nayab/dev_ws/install/rc_interfaces' for CMake config files
[1.189s] Level 1:colcon.colcon_core.shell:create_environment_hook('rc_interfaces', 'cmake_prefix_path')
[1.189s] INFO:colcon.colcon_core.shell:Creating environment hook '/home/nayab/dev_ws/install/rc_interfaces/share/rc_interfaces/hook/cmake_prefix_path.ps1'
[1.190s] INFO:colcon.colcon_core.shell:Creating environment descriptor '/home/nayab/dev_ws/install/rc_interfaces/share/rc_interfaces/hook/cmake_prefix_path.dsv'
[1.190s] INFO:colcon.colcon_core.shell:Creating environment hook '/home/nayab/dev_ws/install/rc_interfaces/share/rc_interfaces/hook/cmake_prefix_path.sh'
[1.191s] Level 1:colcon.colcon_core.environment:checking '/home/nayab/dev_ws/install/rc_interfaces/lib'
[1.191s] Level 1:colcon.colcon_core.shell:create_environment_hook('rc_interfaces', 'ld_library_path_lib')
[1.192s] INFO:colcon.colcon_core.shell:Creating environment hook '/home/nayab/dev_ws/install/rc_interfaces/share/rc_interfaces/hook/ld_library_path_lib.ps1'
[1.192s] INFO:colcon.colcon_core.shell:Creating environment descriptor '/home/nayab/dev_ws/install/rc_interfaces/share/rc_interfaces/hook/ld_library_path_lib.dsv'
[1.192s] INFO:colcon.colcon_core.shell:Creating environment hook '/home/nayab/dev_ws/install/rc_interfaces/share/rc_interfaces/hook/ld_library_path_lib.sh'
[1.193s] Level 1:colcon.colcon_core.environment:checking '/home/nayab/dev_ws/install/rc_interfaces/bin'
[1.193s] Level 1:colcon.colcon_core.environment:checking '/home/nayab/dev_ws/install/rc_interfaces/lib/pkgconfig/rc_interfaces.pc'
[1.193s] Level 1:colcon.colcon_core.environment:checking '/home/nayab/dev_ws/install/rc_interfaces/lib/python3.8/site-packages'
[1.193s] Level 1:colcon.colcon_core.shell:create_environment_hook('rc_interfaces', 'pythonpath')
[1.194s] INFO:colcon.colcon_core.shell:Creating environment hook '/home/nayab/dev_ws/install/rc_interfaces/share/rc_interfaces/hook/pythonpath.ps1'
[1.194s] INFO:colcon.colcon_core.shell:Creating environment descriptor '/home/nayab/dev_ws/install/rc_interfaces/share/rc_interfaces/hook/pythonpath.dsv'
[1.194s] INFO:colcon.colcon_core.shell:Creating environment hook '/home/nayab/dev_ws/install/rc_interfaces/share/rc_interfaces/hook/pythonpath.sh'
[1.196s] INFO:colcon.colcon_core.shell:Creating package script '/home/nayab/dev_ws/install/rc_interfaces/share/rc_interfaces/package.ps1'
[1.198s] INFO:colcon.colcon_core.shell:Creating package descriptor '/home/nayab/dev_ws/install/rc_interfaces/share/rc_interfaces/package.dsv'
[1.199s] INFO:colcon.colcon_core.shell:Creating package script '/home/nayab/dev_ws/install/rc_interfaces/share/rc_interfaces/package.sh'
[1.201s] INFO:colcon.colcon_core.shell:Creating package script '/home/nayab/dev_ws/install/rc_interfaces/share/rc_interfaces/package.bash'
[1.203s] INFO:colcon.colcon_core.shell:Creating package script '/home/nayab/dev_ws/install/rc_interfaces/share/rc_interfaces/package.zsh'
[1.213s] Level 1:colcon.colcon_core.environment:create_file_with_runtime_dependencies(/home/nayab/dev_ws/install/rc_interfaces/share/colcon-core/packages/rc_interfaces)
[1.231s] DEBUG:colcon.colcon_core.event_handler.log_command:Invoked command in '/home/nayab/dev_ws/build/ether_follow_interfaces' returned '0': CMAKE_PREFIX_PATH=/opt/ros/foxy:${CMAKE_PREFIX_PATH} /usr/bin/cmake --build /home/nayab/dev_ws/build/ether_follow_interfaces -- -j4 -l4
[1.318s] DEBUG:colcon.colcon_core.event_handler.log_command:Invoking command in '/home/nayab/dev_ws/build/ether_follow_interfaces': CMAKE_PREFIX_PATH=/opt/ros/foxy:${CMAKE_PREFIX_PATH} /usr/bin/cmake --install /home/nayab/dev_ws/build/ether_follow_interfaces
[1.332s] Level 1:colcon.colcon_core.environment:create_environment_scripts_only(rc_interfaces)
[1.334s] Level 1:colcon.colcon_core.environment:checking '/home/nayab/dev_ws/install/rc_interfaces' for CMake module files
[1.337s] Level 1:colcon.colcon_core.environment:checking '/home/nayab/dev_ws/install/rc_interfaces' for CMake config files
[1.343s] Level 1:colcon.colcon_core.shell:create_environment_hook('rc_interfaces', 'cmake_prefix_path')
[1.344s] INFO:colcon.colcon_core.shell:Creating environment hook '/home/nayab/dev_ws/install/rc_interfaces/share/rc_interfaces/hook/cmake_prefix_path.ps1'
[1.345s] INFO:colcon.colcon_core.shell:Creating environment descriptor '/home/nayab/dev_ws/install/rc_interfaces/share/rc_interfaces/hook/cmake_prefix_path.dsv'
[1.345s] INFO:colcon.colcon_core.shell:Creating environment hook '/home/nayab/dev_ws/install/rc_interfaces/share/rc_interfaces/hook/cmake_prefix_path.sh'
[1.346s] Level 1:colcon.colcon_core.environment:checking '/home/nayab/dev_ws/install/rc_interfaces/lib'
[1.346s] Level 1:colcon.colcon_core.shell:create_environment_hook('rc_interfaces', 'ld_library_path_lib')
[1.346s] INFO:colcon.colcon_core.shell:Creating environment hook '/home/nayab/dev_ws/install/rc_interfaces/share/rc_interfaces/hook/ld_library_path_lib.ps1'
[1.347s] INFO:colcon.colcon_core.shell:Creating environment descriptor '/home/nayab/dev_ws/install/rc_interfaces/share/rc_interfaces/hook/ld_library_path_lib.dsv'
[1.347s] INFO:colcon.colcon_core.shell:Creating environment hook '/home/nayab/dev_ws/install/rc_interfaces/share/rc_interfaces/hook/ld_library_path_lib.sh'
[1.348s] Level 1:colcon.colcon_core.environment:checking '/home/nayab/dev_ws/install/rc_interfaces/bin'
[1.348s] Level 1:colcon.colcon_core.environment:checking '/home/nayab/dev_ws/install/rc_interfaces/lib/pkgconfig/rc_interfaces.pc'
[1.348s] Level 1:colcon.colcon_core.environment:checking '/home/nayab/dev_ws/install/rc_interfaces/lib/python3.8/site-packages'
[1.348s] Level 1:colcon.colcon_core.shell:create_environment_hook('rc_interfaces', 'pythonpath')
[1.348s] INFO:colcon.colcon_core.shell:Creating environment hook '/home/nayab/dev_ws/install/rc_interfaces/share/rc_interfaces/hook/pythonpath.ps1'
[1.349s] INFO:colcon.colcon_core.shell:Creating environment descriptor '/home/nayab/dev_ws/install/rc_interfaces/share/rc_interfaces/hook/pythonpath.dsv'
[1.349s] INFO:colcon.colcon_core.shell:Creating environment hook '/home/nayab/dev_ws/install/rc_interfaces/share/rc_interfaces/hook/pythonpath.sh'
[1.350s] INFO:colcon.colcon_core.shell:Creating package script '/home/nayab/dev_ws/install/rc_interfaces/share/rc_interfaces/package.ps1'
[1.351s] INFO:colcon.colcon_core.shell:Creating package descriptor '/home/nayab/dev_ws/install/rc_interfaces/share/rc_interfaces/package.dsv'
[1.351s] INFO:colcon.colcon_core.shell:Creating package script '/home/nayab/dev_ws/install/rc_interfaces/share/rc_interfaces/package.sh'
[1.352s] INFO:colcon.colcon_core.shell:Creating package script '/home/nayab/dev_ws/install/rc_interfaces/share/rc_interfaces/package.bash'
[1.353s] INFO:colcon.colcon_core.shell:Creating package script '/home/nayab/dev_ws/install/rc_interfaces/share/rc_interfaces/package.zsh'
[1.353s] Level 1:colcon.colcon_core.environment:create_file_with_runtime_dependencies(/home/nayab/dev_ws/install/rc_interfaces/share/colcon-core/packages/rc_interfaces)
[1.354s] INFO:colcon.colcon_ros.task.ament_python.build:Building ROS package in '/home/nayab/dev_ws/src/ether_follow_pubsub' with build type 'ament_python'
[1.354s] Level 1:colcon.colcon_core.shell:create_environment_hook('ether_follow_pubsub', 'ament_prefix_path')
[1.355s] INFO:colcon.colcon_core.shell:Creating environment hook '/home/nayab/dev_ws/install/ether_follow_pubsub/share/ether_follow_pubsub/hook/ament_prefix_path.ps1'
[1.356s] INFO:colcon.colcon_core.shell:Creating environment descriptor '/home/nayab/dev_ws/install/ether_follow_pubsub/share/ether_follow_pubsub/hook/ament_prefix_path.dsv'
[1.356s] INFO:colcon.colcon_core.shell:Creating environment hook '/home/nayab/dev_ws/install/ether_follow_pubsub/share/ether_follow_pubsub/hook/ament_prefix_path.sh'
[1.357s] INFO:colcon.colcon_core.shell:Skip shell extension 'powershell' for command environment: Not usable outside of PowerShell
[1.357s] DEBUG:colcon.colcon_core.shell:Skip shell extension 'dsv' for command environment
[1.359s] DEBUG:colcon.colcon_core.shell:Ignoring prefix path '/opt/ros/noetic'
[1.592s] INFO:colcon.colcon_core.task.python.build:Building Python package in '/home/nayab/dev_ws/src/ether_follow_pubsub'
[1.593s] INFO:colcon.colcon_core.shell:Skip shell extension 'powershell' for command environment: Not usable outside of PowerShell
[1.593s] DEBUG:colcon.colcon_core.shell:Skip shell extension 'dsv' for command environment
[1.595s] DEBUG:colcon.colcon_core.shell:Ignoring prefix path '/opt/ros/noetic'
[1.601s] Level 1:colcon.colcon_core.environment:create_environment_scripts_only(ether_follow_interfaces)
[1.602s] Level 1:colcon.colcon_core.environment:checking '/home/nayab/dev_ws/install/ether_follow_interfaces' for CMake module files
[1.603s] DEBUG:colcon.colcon_core.event_handler.log_command:Invoked command in '/home/nayab/dev_ws/build/ether_follow_interfaces' returned '0': CMAKE_PREFIX_PATH=/opt/ros/foxy:${CMAKE_PREFIX_PATH} /usr/bin/cmake --install /home/nayab/dev_ws/build/ether_follow_interfaces
[1.604s] Level 1:colcon.colcon_core.environment:checking '/home/nayab/dev_ws/install/ether_follow_interfaces' for CMake config files
[1.604s] Level 1:colcon.colcon_core.shell:create_environment_hook('ether_follow_interfaces', 'cmake_prefix_path')
[1.605s] INFO:colcon.colcon_core.shell:Creating environment hook '/home/nayab/dev_ws/install/ether_follow_interfaces/share/ether_follow_interfaces/hook/cmake_prefix_path.ps1'
[1.605s] INFO:colcon.colcon_core.shell:Creating environment descriptor '/home/nayab/dev_ws/install/ether_follow_interfaces/share/ether_follow_interfaces/hook/cmake_prefix_path.dsv'
[1.606s] INFO:colcon.colcon_core.shell:Creating environment hook '/home/nayab/dev_ws/install/ether_follow_interfaces/share/ether_follow_interfaces/hook/cmake_prefix_path.sh'
[1.607s] Level 1:colcon.colcon_core.environment:checking '/home/nayab/dev_ws/install/ether_follow_interfaces/lib'
[1.607s] Level 1:colcon.colcon_core.shell:create_environment_hook('ether_follow_interfaces', 'ld_library_path_lib')
[1.607s] INFO:colcon.colcon_core.shell:Creating environment hook '/home/nayab/dev_ws/install/ether_follow_interfaces/share/ether_follow_interfaces/hook/ld_library_path_lib.ps1'
[1.608s] INFO:colcon.colcon_core.shell:Creating environment descriptor '/home/nayab/dev_ws/install/ether_follow_interfaces/share/ether_follow_interfaces/hook/ld_library_path_lib.dsv'
[1.609s] INFO:colcon.colcon_core.shell:Creating environment hook '/home/nayab/dev_ws/install/ether_follow_interfaces/share/ether_follow_interfaces/hook/ld_library_path_lib.sh'
[1.610s] Level 1:colcon.colcon_core.environment:checking '/home/nayab/dev_ws/install/ether_follow_interfaces/bin'
[1.610s] Level 1:colcon.colcon_core.environment:checking '/home/nayab/dev_ws/install/ether_follow_interfaces/lib/pkgconfig/ether_follow_interfaces.pc'
[1.610s] Level 1:colcon.colcon_core.environment:checking '/home/nayab/dev_ws/install/ether_follow_interfaces/lib/python3.8/site-packages'
[1.610s] Level 1:colcon.colcon_core.shell:create_environment_hook('ether_follow_interfaces', 'pythonpath')
[1.611s] INFO:colcon.colcon_core.shell:Creating environment hook '/home/nayab/dev_ws/install/ether_follow_interfaces/share/ether_follow_interfaces/hook/pythonpath.ps1'
[1.611s] INFO:colcon.colcon_core.shell:Creating environment descriptor '/home/nayab/dev_ws/install/ether_follow_interfaces/share/ether_follow_interfaces/hook/pythonpath.dsv'
[1.612s] INFO:colcon.colcon_core.shell:Creating environment hook '/home/nayab/dev_ws/install/ether_follow_interfaces/share/ether_follow_interfaces/hook/pythonpath.sh'
[1.613s] INFO:colcon.colcon_core.shell:Creating package script '/home/nayab/dev_ws/install/ether_follow_interfaces/share/ether_follow_interfaces/package.ps1'
[1.614s] INFO:colcon.colcon_core.shell:Creating package descriptor '/home/nayab/dev_ws/install/ether_follow_interfaces/share/ether_follow_interfaces/package.dsv'
[1.615s] INFO:colcon.colcon_core.shell:Creating package script '/home/nayab/dev_ws/install/ether_follow_interfaces/share/ether_follow_interfaces/package.sh'
[1.616s] INFO:colcon.colcon_core.shell:Creating package script '/home/nayab/dev_ws/install/ether_follow_interfaces/share/ether_follow_interfaces/package.bash'
[1.617s] INFO:colcon.colcon_core.shell:Creating package script '/home/nayab/dev_ws/install/ether_follow_interfaces/share/ether_follow_interfaces/package.zsh'
[1.618s] Level 1:colcon.colcon_core.environment:create_file_with_runtime_dependencies(/home/nayab/dev_ws/install/ether_follow_interfaces/share/colcon-core/packages/ether_follow_interfaces)
[1.628s] DEBUG:colcon.colcon_core.event_handler.log_command:Invoking command in '/home/nayab/dev_ws/src/dbr_pubsub': PYTHONPATH=/home/nayab/dev_ws/install/dbr_pubsub/lib/python3.8/site-packages:${PYTHONPATH} /usr/bin/python3 setup.py egg_info --egg-base ../../build/dbr_pubsub build --build-base /home/nayab/dev_ws/build/dbr_pubsub/build install --prefix /home/nayab/dev_ws/install/dbr_pubsub --record /home/nayab/dev_ws/build/dbr_pubsub/install.log --single-version-externally-managed
[1.760s] Level 1:colcon.colcon_core.environment:create_environment_scripts_only(ether_follow_interfaces)
[1.760s] Level 1:colcon.colcon_core.environment:checking '/home/nayab/dev_ws/install/ether_follow_interfaces' for CMake module files
[1.761s] Level 1:colcon.colcon_core.environment:checking '/home/nayab/dev_ws/install/ether_follow_interfaces' for CMake config files
[1.761s] Level 1:colcon.colcon_core.shell:create_environment_hook('ether_follow_interfaces', 'cmake_prefix_path')
[1.762s] INFO:colcon.colcon_core.shell:Creating environment hook '/home/nayab/dev_ws/install/ether_follow_interfaces/share/ether_follow_interfaces/hook/cmake_prefix_path.ps1'
[1.762s] INFO:colcon.colcon_core.shell:Creating environment descriptor '/home/nayab/dev_ws/install/ether_follow_interfaces/share/ether_follow_interfaces/hook/cmake_prefix_path.dsv'
[1.763s] INFO:colcon.colcon_core.shell:Creating environment hook '/home/nayab/dev_ws/install/ether_follow_interfaces/share/ether_follow_interfaces/hook/cmake_prefix_path.sh'
[1.764s] Level 1:colcon.colcon_core.environment:checking '/home/nayab/dev_ws/install/ether_follow_interfaces/lib'
[1.764s] Level 1:colcon.colcon_core.shell:create_environment_hook('ether_follow_interfaces', 'ld_library_path_lib')
[1.764s] INFO:colcon.colcon_core.shell:Creating environment hook '/home/nayab/dev_ws/install/ether_follow_interfaces/share/ether_follow_interfaces/hook/ld_library_path_lib.ps1'
[1.765s] INFO:colcon.colcon_core.shell:Creating environment descriptor '/home/nayab/dev_ws/install/ether_follow_interfaces/share/ether_follow_interfaces/hook/ld_library_path_lib.dsv'
[1.765s] INFO:colcon.colcon_core.shell:Creating environment hook '/home/nayab/dev_ws/install/ether_follow_interfaces/share/ether_follow_interfaces/hook/ld_library_path_lib.sh'
[1.766s] Level 1:colcon.colcon_core.environment:checking '/home/nayab/dev_ws/install/ether_follow_interfaces/bin'
[1.766s] Level 1:colcon.colcon_core.environment:checking '/home/nayab/dev_ws/install/ether_follow_interfaces/lib/pkgconfig/ether_follow_interfaces.pc'
[1.766s] Level 1:colcon.colcon_core.environment:checking '/home/nayab/dev_ws/install/ether_follow_interfaces/lib/python3.8/site-packages'
[1.766s] Level 1:colcon.colcon_core.shell:create_environment_hook('ether_follow_interfaces', 'pythonpath')
[1.767s] INFO:colcon.colcon_core.shell:Creating environment hook '/home/nayab/dev_ws/install/ether_follow_interfaces/share/ether_follow_interfaces/hook/pythonpath.ps1'
[1.767s] INFO:colcon.colcon_core.shell:Creating environment descriptor '/home/nayab/dev_ws/install/ether_follow_interfaces/share/ether_follow_interfaces/hook/pythonpath.dsv'
[1.768s] INFO:colcon.colcon_core.shell:Creating environment hook '/home/nayab/dev_ws/install/ether_follow_interfaces/share/ether_follow_interfaces/hook/pythonpath.sh'
[1.769s] INFO:colcon.colcon_core.shell:Creating package script '/home/nayab/dev_ws/install/ether_follow_interfaces/share/ether_follow_interfaces/package.ps1'
[1.769s] INFO:colcon.colcon_core.shell:Creating package descriptor '/home/nayab/dev_ws/install/ether_follow_interfaces/share/ether_follow_interfaces/package.dsv'
[1.770s] INFO:colcon.colcon_core.shell:Creating package script '/home/nayab/dev_ws/install/ether_follow_interfaces/share/ether_follow_interfaces/package.sh'
[1.770s] INFO:colcon.colcon_core.shell:Creating package script '/home/nayab/dev_ws/install/ether_follow_interfaces/share/ether_follow_interfaces/package.bash'
[1.771s] INFO:colcon.colcon_core.shell:Creating package script '/home/nayab/dev_ws/install/ether_follow_interfaces/share/ether_follow_interfaces/package.zsh'
[1.771s] Level 1:colcon.colcon_core.environment:create_file_with_runtime_dependencies(/home/nayab/dev_ws/install/ether_follow_interfaces/share/colcon-core/packages/ether_follow_interfaces)
[1.773s] INFO:colcon.colcon_ros.task.ament_python.build:Building ROS package in '/home/nayab/dev_ws/src/my_package' with build type 'ament_python'
[1.773s] Level 1:colcon.colcon_core.shell:create_environment_hook('my_package', 'ament_prefix_path')
[1.774s] INFO:colcon.colcon_core.shell:Creating environment hook '/home/nayab/dev_ws/install/my_package/share/my_package/hook/ament_prefix_path.ps1'
[1.774s] INFO:colcon.colcon_core.shell:Creating environment descriptor '/home/nayab/dev_ws/install/my_package/share/my_package/hook/ament_prefix_path.dsv'
[1.774s] INFO:colcon.colcon_core.shell:Creating environment hook '/home/nayab/dev_ws/install/my_package/share/my_package/hook/ament_prefix_path.sh'
[1.775s] INFO:colcon.colcon_core.shell:Skip shell extension 'powershell' for command environment: Not usable outside of PowerShell
[1.775s] DEBUG:colcon.colcon_core.shell:Skip shell extension 'dsv' for command environment
[1.777s] DEBUG:colcon.colcon_core.shell:Ignoring prefix path '/opt/ros/noetic'
[1.993s] INFO:colcon.colcon_core.task.python.build:Building Python package in '/home/nayab/dev_ws/src/my_package'
[1.994s] INFO:colcon.colcon_core.shell:Skip shell extension 'powershell' for command environment: Not usable outside of PowerShell
[1.994s] DEBUG:colcon.colcon_core.shell:Skip shell extension 'dsv' for command environment
[1.996s] DEBUG:colcon.colcon_core.shell:Ignoring prefix path '/opt/ros/noetic'
[2.009s] DEBUG:colcon.colcon_core.event_handler.log_command:Invoking command in '/home/nayab/dev_ws/src/ether_follow_pubsub': PYTHONPATH=/home/nayab/dev_ws/install/ether_follow_pubsub/lib/python3.8/site-packages:${PYTHONPATH} /usr/bin/python3 setup.py egg_info --egg-base ../../build/ether_follow_pubsub build --build-base /home/nayab/dev_ws/build/ether_follow_pubsub/build install --prefix /home/nayab/dev_ws/install/ether_follow_pubsub --record /home/nayab/dev_ws/build/ether_follow_pubsub/install.log --single-version-externally-managed
[2.014s] Level 1:colcon.colcon_core.environment:checking '/home/nayab/dev_ws/install/dbr_pubsub' for CMake module files
[2.015s] DEBUG:colcon.colcon_core.event_handler.log_command:Invoked command in '/home/nayab/dev_ws/src/dbr_pubsub' returned '0': PYTHONPATH=/home/nayab/dev_ws/install/dbr_pubsub/lib/python3.8/site-packages:${PYTHONPATH} /usr/bin/python3 setup.py egg_info --egg-base ../../build/dbr_pubsub build --build-base /home/nayab/dev_ws/build/dbr_pubsub/build install --prefix /home/nayab/dev_ws/install/dbr_pubsub --record /home/nayab/dev_ws/build/dbr_pubsub/install.log --single-version-externally-managed
[2.016s] Level 1:colcon.colcon_core.environment:checking '/home/nayab/dev_ws/install/dbr_pubsub' for CMake config files
[2.016s] Level 1:colcon.colcon_core.environment:checking '/home/nayab/dev_ws/install/dbr_pubsub/lib'
[2.017s] Level 1:colcon.colcon_core.environment:checking '/home/nayab/dev_ws/install/dbr_pubsub/bin'
[2.017s] Level 1:colcon.colcon_core.environment:checking '/home/nayab/dev_ws/install/dbr_pubsub/lib/pkgconfig/dbr_pubsub.pc'
[2.017s] Level 1:colcon.colcon_core.environment:checking '/home/nayab/dev_ws/install/dbr_pubsub/lib/python3.8/site-packages'
[2.017s] Level 1:colcon.colcon_core.shell:create_environment_hook('dbr_pubsub', 'pythonpath')
[2.018s] INFO:colcon.colcon_core.shell:Creating environment hook '/home/nayab/dev_ws/install/dbr_pubsub/share/dbr_pubsub/hook/pythonpath.ps1'
[2.019s] INFO:colcon.colcon_core.shell:Creating environment descriptor '/home/nayab/dev_ws/install/dbr_pubsub/share/dbr_pubsub/hook/pythonpath.dsv'
[2.020s] INFO:colcon.colcon_core.shell:Creating environment hook '/home/nayab/dev_ws/install/dbr_pubsub/share/dbr_pubsub/hook/pythonpath.sh'
[2.021s] Level 1:colcon.colcon_core.environment:create_environment_scripts_only(dbr_pubsub)
[2.021s] INFO:colcon.colcon_core.shell:Creating package script '/home/nayab/dev_ws/install/dbr_pubsub/share/dbr_pubsub/package.ps1'
[2.022s] INFO:colcon.colcon_core.shell:Creating package descriptor '/home/nayab/dev_ws/install/dbr_pubsub/share/dbr_pubsub/package.dsv'
[2.023s] INFO:colcon.colcon_core.shell:Creating package script '/home/nayab/dev_ws/install/dbr_pubsub/share/dbr_pubsub/package.sh'
[2.024s] INFO:colcon.colcon_core.shell:Creating package script '/home/nayab/dev_ws/install/dbr_pubsub/share/dbr_pubsub/package.bash'
[2.024s] INFO:colcon.colcon_core.shell:Creating package script '/home/nayab/dev_ws/install/dbr_pubsub/share/dbr_pubsub/package.zsh'
[2.025s] Level 1:colcon.colcon_core.environment:create_file_with_runtime_dependencies(/home/nayab/dev_ws/install/dbr_pubsub/share/colcon-core/packages/dbr_pubsub)
[2.027s] INFO:colcon.colcon_ros.task.ament_python.build:Building ROS package in '/home/nayab/dev_ws/src/py_pubsub' with build type 'ament_python'
[2.027s] Level 1:colcon.colcon_core.shell:create_environment_hook('py_pubsub', 'ament_prefix_path')
[2.028s] INFO:colcon.colcon_core.shell:Creating environment hook '/home/nayab/dev_ws/install/py_pubsub/share/py_pubsub/hook/ament_prefix_path.ps1'
[2.030s] INFO:colcon.colcon_core.shell:Creating environment descriptor '/home/nayab/dev_ws/install/py_pubsub/share/py_pubsub/hook/ament_prefix_path.dsv'
[2.030s] INFO:colcon.colcon_core.shell:Creating environment hook '/home/nayab/dev_ws/install/py_pubsub/share/py_pubsub/hook/ament_prefix_path.sh'
[2.032s] INFO:colcon.colcon_core.shell:Skip shell extension 'powershell' for command environment: Not usable outside of PowerShell
[2.032s] DEBUG:colcon.colcon_core.shell:Skip shell extension 'dsv' for command environment
[2.033s] DEBUG:colcon.colcon_core.shell:Ignoring prefix path '/opt/ros/noetic'
[2.377s] INFO:colcon.colcon_core.task.python.build:Building Python package in '/home/nayab/dev_ws/src/py_pubsub'
[2.378s] INFO:colcon.colcon_core.shell:Skip shell extension 'powershell' for command environment: Not usable outside of PowerShell
[2.378s] DEBUG:colcon.colcon_core.shell:Skip shell extension 'dsv' for command environment
[2.379s] DEBUG:colcon.colcon_core.shell:Ignoring prefix path '/opt/ros/noetic'
[2.387s] Level 1:colcon.colcon_core.environment:checking '/home/nayab/dev_ws/install/ether_follow_pubsub' for CMake module files
[2.388s] DEBUG:colcon.colcon_core.event_handler.log_command:Invoked command in '/home/nayab/dev_ws/src/ether_follow_pubsub' returned '0': PYTHONPATH=/home/nayab/dev_ws/install/ether_follow_pubsub/lib/python3.8/site-packages:${PYTHONPATH} /usr/bin/python3 setup.py egg_info --egg-base ../../build/ether_follow_pubsub build --build-base /home/nayab/dev_ws/build/ether_follow_pubsub/build install --prefix /home/nayab/dev_ws/install/ether_follow_pubsub --record /home/nayab/dev_ws/build/ether_follow_pubsub/install.log --single-version-externally-managed
[2.389s] Level 1:colcon.colcon_core.environment:checking '/home/nayab/dev_ws/install/ether_follow_pubsub' for CMake config files
[2.389s] Level 1:colcon.colcon_core.environment:checking '/home/nayab/dev_ws/install/ether_follow_pubsub/lib'
[2.389s] Level 1:colcon.colcon_core.environment:checking '/home/nayab/dev_ws/install/ether_follow_pubsub/bin'
[2.389s] Level 1:colcon.colcon_core.environment:checking '/home/nayab/dev_ws/install/ether_follow_pubsub/lib/pkgconfig/ether_follow_pubsub.pc'
[2.390s] Level 1:colcon.colcon_core.environment:checking '/home/nayab/dev_ws/install/ether_follow_pubsub/lib/python3.8/site-packages'
[2.390s] Level 1:colcon.colcon_core.shell:create_environment_hook('ether_follow_pubsub', 'pythonpath')
[2.391s] INFO:colcon.colcon_core.shell:Creating environment hook '/home/nayab/dev_ws/install/ether_follow_pubsub/share/ether_follow_pubsub/hook/pythonpath.ps1'
[2.391s] INFO:colcon.colcon_core.shell:Creating environment descriptor '/home/nayab/dev_ws/install/ether_follow_pubsub/share/ether_follow_pubsub/hook/pythonpath.dsv'
[2.392s] INFO:colcon.colcon_core.shell:Creating environment hook '/home/nayab/dev_ws/install/ether_follow_pubsub/share/ether_follow_pubsub/hook/pythonpath.sh'
[2.392s] Level 1:colcon.colcon_core.environment:create_environment_scripts_only(ether_follow_pubsub)
[2.393s] INFO:colcon.colcon_core.shell:Creating package script '/home/nayab/dev_ws/install/ether_follow_pubsub/share/ether_follow_pubsub/package.ps1'
[2.393s] INFO:colcon.colcon_core.shell:Creating package descriptor '/home/nayab/dev_ws/install/ether_follow_pubsub/share/ether_follow_pubsub/package.dsv'
[2.394s] INFO:colcon.colcon_core.shell:Creating package script '/home/nayab/dev_ws/install/ether_follow_pubsub/share/ether_follow_pubsub/package.sh'
[2.395s] INFO:colcon.colcon_core.shell:Creating package script '/home/nayab/dev_ws/install/ether_follow_pubsub/share/ether_follow_pubsub/package.bash'
[2.395s] INFO:colcon.colcon_core.shell:Creating package script '/home/nayab/dev_ws/install/ether_follow_pubsub/share/ether_follow_pubsub/package.zsh'
[2.396s] Level 1:colcon.colcon_core.environment:create_file_with_runtime_dependencies(/home/nayab/dev_ws/install/ether_follow_pubsub/share/colcon-core/packages/ether_follow_pubsub)
[2.400s] INFO:colcon.colcon_ros.task.ament_cmake.build:Building ROS package in '/home/nayab/dev_ws/src/tutorial_interfaces' with build type 'ament_cmake'
[2.401s] INFO:colcon.colcon_cmake.task.cmake.build:Building CMake package in '/home/nayab/dev_ws/src/tutorial_interfaces'
[2.402s] INFO:colcon.colcon_core.shell:Skip shell extension 'powershell' for command environment: Not usable outside of PowerShell
[2.403s] DEBUG:colcon.colcon_core.shell:Skip shell extension 'dsv' for command environment
[2.405s] DEBUG:colcon.colcon_core.shell:Ignoring prefix path '/opt/ros/noetic'
[2.408s] DEBUG:colcon.colcon_core.event_handler.log_command:Invoking command in '/home/nayab/dev_ws/src/my_package': PYTHONPATH=/home/nayab/dev_ws/install/my_package/lib/python3.8/site-packages:${PYTHONPATH} /usr/bin/python3 setup.py egg_info --egg-base ../../build/my_package build --build-base /home/nayab/dev_ws/build/my_package/build install --prefix /home/nayab/dev_ws/install/my_package --record /home/nayab/dev_ws/build/my_package/install.log --single-version-externally-managed
[2.416s] DEBUG:colcon.colcon_core.event_handler.log_command:Invoked command in '/home/nayab/dev_ws/build/geographic_msgs' returned '1': /usr/bin/cmake /home/nayab/dev_ws/src/geographic_msgs -DCATKIN_INSTALL_INTO_PREFIX_ROOT=0 -DCMAKE_INSTALL_PREFIX=/home/nayab/dev_ws/install/geographic_msgs
[2.428s] DEBUG:colcon.colcon_core.event_handler.log_command:Invoking command in '/home/nayab/dev_ws/build/tutorial_interfaces': CMAKE_PREFIX_PATH=/opt/ros/foxy:${CMAKE_PREFIX_PATH} /usr/bin/cmake --build /home/nayab/dev_ws/build/tutorial_interfaces -- -j4 -l4
[2.432s] Level 1:colcon.colcon_core.environment:create_environment_scripts_only(geographic_msgs)
[2.433s] Level 1:colcon.colcon_core.environment:checking '/home/nayab/dev_ws/install/geographic_msgs' for CMake module files
[2.433s] Level 1:colcon.colcon_core.environment:checking '/home/nayab/dev_ws/install/geographic_msgs' for CMake config files
[2.434s] Level 1:colcon.colcon_core.environment:checking '/home/nayab/dev_ws/install/geographic_msgs/bin'
[2.434s] Level 1:colcon.colcon_core.environment:checking '/home/nayab/dev_ws/install/geographic_msgs/lib/pkgconfig/geographic_msgs.pc'
[2.435s] Level 1:colcon.colcon_core.environment:checking '/home/nayab/dev_ws/install/geographic_msgs/lib/python3.8/site-packages'
[2.435s] INFO:colcon.colcon_core.shell:Creating package script '/home/nayab/dev_ws/install/geographic_msgs/share/geographic_msgs/package.ps1'
[2.436s] INFO:colcon.colcon_core.shell:Creating package descriptor '/home/nayab/dev_ws/install/geographic_msgs/share/geographic_msgs/package.dsv'
[2.436s] INFO:colcon.colcon_core.shell:Creating package script '/home/nayab/dev_ws/install/geographic_msgs/share/geographic_msgs/package.sh'
[2.437s] INFO:colcon.colcon_core.shell:Creating package script '/home/nayab/dev_ws/install/geographic_msgs/share/geographic_msgs/package.bash'
[2.437s] INFO:colcon.colcon_core.shell:Creating package script '/home/nayab/dev_ws/install/geographic_msgs/share/geographic_msgs/package.zsh'
[2.437s] Level 1:colcon.colcon_core.environment:create_file_with_runtime_dependencies(/home/nayab/dev_ws/install/geographic_msgs/share/colcon-core/packages/geographic_msgs)
[2.806s] DEBUG:colcon.colcon_parallel_executor.executor.parallel:closing loop
[2.806s] DEBUG:colcon.colcon_parallel_executor.executor.parallel:loop closed
[2.807s] DEBUG:colcon.colcon_parallel_executor.executor.parallel:run_until_complete finished with '1'
[2.808s] DEBUG:colcon.colcon_core.event_reactor:joining thread
[2.816s] INFO:colcon.colcon_core.plugin_system:Skipping extension 'colcon_notification.desktop_notification.terminal_notifier': Not used on non-Darwin systems
[2.817s] INFO:colcon.colcon_core.plugin_system:Skipping extension 'colcon_notification.desktop_notification.win32': Not used on non-Windows systems
[2.817s] INFO:colcon.colcon_notification.desktop_notification:Sending desktop notification using 'notify2'
[2.835s] DEBUG:colcon.colcon_core.event_reactor:joined thread
[2.836s] INFO:colcon.colcon_core.shell:Creating prefix script '/home/nayab/dev_ws/install/local_setup.ps1'
[2.838s] INFO:colcon.colcon_core.shell:Creating prefix util module '/home/nayab/dev_ws/install/_local_setup_util_ps1.py'
[2.839s] INFO:colcon.colcon_core.shell:Creating prefix chain script '/home/nayab/dev_ws/install/setup.ps1'
[2.841s] INFO:colcon.colcon_core.shell:Creating prefix script '/home/nayab/dev_ws/install/local_setup.sh'
[2.842s] INFO:colcon.colcon_core.shell:Creating prefix util module '/home/nayab/dev_ws/install/_local_setup_util_sh.py'
[2.843s] INFO:colcon.colcon_core.shell:Creating prefix chain script '/home/nayab/dev_ws/install/setup.sh'
[2.844s] INFO:colcon.colcon_core.shell:Creating prefix script '/home/nayab/dev_ws/install/local_setup.bash'
[2.845s] INFO:colcon.colcon_core.shell:Creating prefix chain script '/home/nayab/dev_ws/install/setup.bash'
[2.847s] INFO:colcon.colcon_core.shell:Creating prefix script '/home/nayab/dev_ws/install/local_setup.zsh'
[2.848s] INFO:colcon.colcon_core.shell:Creating prefix chain script '/home/nayab/dev_ws/install/setup.zsh'
