[1.598s] Invoking command in '/home/nayab/dev_ws/src/py_pubsub': PYTHONPATH=/home/nayab/dev_ws/install/py_pubsub/lib/python3.8/site-packages:${PYTHONPATH} /usr/bin/python3 setup.py egg_info --egg-base ../../build/py_pubsub build --build-base /home/nayab/dev_ws/build/py_pubsub/build install --prefix /home/nayab/dev_ws/install/py_pubsub --record /home/nayab/dev_ws/build/py_pubsub/install.log --single-version-externally-managed
[2.071s] running egg_info
[2.074s] writing ../../build/py_pubsub/py_pubsub.egg-info/PKG-INFO
[2.075s] writing dependency_links to ../../build/py_pubsub/py_pubsub.egg-info/dependency_links.txt
[2.076s] writing entry points to ../../build/py_pubsub/py_pubsub.egg-info/entry_points.txt
[2.076s] writing requirements to ../../build/py_pubsub/py_pubsub.egg-info/requires.txt
[2.078s] writing top-level names to ../../build/py_pubsub/py_pubsub.egg-info/top_level.txt
[2.146s] reading manifest file '../../build/py_pubsub/py_pubsub.egg-info/SOURCES.txt'
[2.156s] writing manifest file '../../build/py_pubsub/py_pubsub.egg-info/SOURCES.txt'
[2.157s] running build
[2.157s] running build_py
[2.158s] running install
[2.159s] running install_lib
[2.159s] running install_data
[2.159s] running install_egg_info
[2.161s] removing '/home/nayab/dev_ws/install/py_pubsub/lib/python3.8/site-packages/py_pubsub-0.0.0-py3.8.egg-info' (and everything under it)
[2.163s] Copying ../../build/py_pubsub/py_pubsub.egg-info to /home/nayab/dev_ws/install/py_pubsub/lib/python3.8/site-packages/py_pubsub-0.0.0-py3.8.egg-info
[2.169s] running install_scripts
[2.198s] Installing dbr_pub_old script to /home/nayab/dev_ws/install/py_pubsub/lib/py_pubsub
[2.198s] Installing listener script to /home/nayab/dev_ws/install/py_pubsub/lib/py_pubsub
[2.199s] Installing listener_old script to /home/nayab/dev_ws/install/py_pubsub/lib/py_pubsub
[2.200s] Installing talker script to /home/nayab/dev_ws/install/py_pubsub/lib/py_pubsub
[2.200s] Installing talker_old script to /home/nayab/dev_ws/install/py_pubsub/lib/py_pubsub
[2.201s] writing list of installed files to '/home/nayab/dev_ws/build/py_pubsub/install.log'
[2.239s] Invoked command in '/home/nayab/dev_ws/src/py_pubsub' returned '0': PYTHONPATH=/home/nayab/dev_ws/install/py_pubsub/lib/python3.8/site-packages:${PYTHONPATH} /usr/bin/python3 setup.py egg_info --egg-base ../../build/py_pubsub build --build-base /home/nayab/dev_ws/build/py_pubsub/build install --prefix /home/nayab/dev_ws/install/py_pubsub --record /home/nayab/dev_ws/build/py_pubsub/install.log --single-version-externally-managed
