[1.077s] Invoking command in '/home/nayab/dev_ws/src/my_package': PYTHONPATH=/home/nayab/dev_ws/install/my_package/lib/python3.8/site-packages:${PYTHONPATH} /usr/bin/python3 setup.py egg_info --egg-base ../../build/my_package build --build-base /home/nayab/dev_ws/build/my_package/build install --prefix /home/nayab/dev_ws/install/my_package --record /home/nayab/dev_ws/build/my_package/install.log --single-version-externally-managed
[1.431s] running egg_info
[1.432s] writing ../../build/my_package/my_package.egg-info/PKG-INFO
[1.433s] writing dependency_links to ../../build/my_package/my_package.egg-info/dependency_links.txt
[1.433s] writing entry points to ../../build/my_package/my_package.egg-info/entry_points.txt
[1.434s] writing requirements to ../../build/my_package/my_package.egg-info/requires.txt
[1.434s] writing top-level names to ../../build/my_package/my_package.egg-info/top_level.txt
[1.474s] reading manifest file '../../build/my_package/my_package.egg-info/SOURCES.txt'
[1.475s] writing manifest file '../../build/my_package/my_package.egg-info/SOURCES.txt'
[1.475s] running build
[1.476s] running build_py
[1.476s] running install
[1.476s] running install_lib
[1.478s] running install_data
[1.478s] running install_egg_info
[1.480s] removing '/home/nayab/dev_ws/install/my_package/lib/python3.8/site-packages/my_package-0.0.0-py3.8.egg-info' (and everything under it)
[1.481s] Copying ../../build/my_package/my_package.egg-info to /home/nayab/dev_ws/install/my_package/lib/python3.8/site-packages/my_package-0.0.0-py3.8.egg-info
[1.483s] running install_scripts
[1.505s] Installing my_node script to /home/nayab/dev_ws/install/my_package/lib/my_package
[1.505s] writing list of installed files to '/home/nayab/dev_ws/build/my_package/install.log'
[1.544s] Invoked command in '/home/nayab/dev_ws/src/my_package' returned '0': PYTHONPATH=/home/nayab/dev_ws/install/my_package/lib/python3.8/site-packages:${PYTHONPATH} /usr/bin/python3 setup.py egg_info --egg-base ../../build/my_package build --build-base /home/nayab/dev_ws/build/my_package/build install --prefix /home/nayab/dev_ws/install/my_package --record /home/nayab/dev_ws/build/my_package/install.log --single-version-externally-managed
