[2.042s] Invoking command in '/home/nayab/dev_ws/src/dbr_pubsub': PYTHONPATH=/home/nayab/dev_ws/install/dbr_pubsub/lib/python3.8/site-packages:${PYTHONPATH} /usr/bin/python3 setup.py egg_info --egg-base ../../build/dbr_pubsub build --build-base /home/nayab/dev_ws/build/dbr_pubsub/build install --prefix /home/nayab/dev_ws/install/dbr_pubsub --record /home/nayab/dev_ws/build/dbr_pubsub/install.log --single-version-externally-managed
[2.408s] running egg_info
[2.409s] writing ../../build/dbr_pubsub/dbr_pubsub.egg-info/PKG-INFO
[2.410s] writing dependency_links to ../../build/dbr_pubsub/dbr_pubsub.egg-info/dependency_links.txt
[2.411s] writing entry points to ../../build/dbr_pubsub/dbr_pubsub.egg-info/entry_points.txt
[2.411s] writing requirements to ../../build/dbr_pubsub/dbr_pubsub.egg-info/requires.txt
[2.411s] writing top-level names to ../../build/dbr_pubsub/dbr_pubsub.egg-info/top_level.txt
[2.465s] reading manifest file '../../build/dbr_pubsub/dbr_pubsub.egg-info/SOURCES.txt'
[2.466s] writing manifest file '../../build/dbr_pubsub/dbr_pubsub.egg-info/SOURCES.txt'
[2.466s] running build
[2.467s] running build_py
[2.467s] copying dbr_pubsub/rc_data_emu.py -> /home/nayab/dev_ws/build/dbr_pubsub/build/lib/dbr_pubsub
[2.468s] running install
[2.469s] running install_lib
[2.471s] copying /home/nayab/dev_ws/build/dbr_pubsub/build/lib/dbr_pubsub/rc_data_emu.py -> /home/nayab/dev_ws/install/dbr_pubsub/lib/python3.8/site-packages/dbr_pubsub
[2.473s] byte-compiling /home/nayab/dev_ws/install/dbr_pubsub/lib/python3.8/site-packages/dbr_pubsub/rc_data_emu.py to rc_data_emu.cpython-38.pyc
[2.476s]   File "/home/nayab/dev_ws/install/dbr_pubsub/lib/python3.8/site-packages/dbr_pubsub/rc_data_emu.py", line 26
[2.476s]     self.vcmd_sub_      =self.create_subscription(VehicleCommand 'vcmd', self.vcmd_callback, 10)
[2.476s]                                                                  ^
[2.476s] SyntaxError: invalid syntax
[2.477s] 
[2.477s] running install_data
[2.477s] running install_egg_info
[2.480s] removing '/home/nayab/dev_ws/install/dbr_pubsub/lib/python3.8/site-packages/dbr_pubsub-0.0.0-py3.8.egg-info' (and everything under it)
[2.481s] Copying ../../build/dbr_pubsub/dbr_pubsub.egg-info to /home/nayab/dev_ws/install/dbr_pubsub/lib/python3.8/site-packages/dbr_pubsub-0.0.0-py3.8.egg-info
[2.484s] running install_scripts
[2.506s] Installing dbr_pub script to /home/nayab/dev_ws/install/dbr_pubsub/lib/dbr_pubsub
[2.507s] Installing rc_emu script to /home/nayab/dev_ws/install/dbr_pubsub/lib/dbr_pubsub
[2.508s] writing list of installed files to '/home/nayab/dev_ws/build/dbr_pubsub/install.log'
[2.543s] Invoked command in '/home/nayab/dev_ws/src/dbr_pubsub' returned '0': PYTHONPATH=/home/nayab/dev_ws/install/dbr_pubsub/lib/python3.8/site-packages:${PYTHONPATH} /usr/bin/python3 setup.py egg_info --egg-base ../../build/dbr_pubsub build --build-base /home/nayab/dev_ws/build/dbr_pubsub/build install --prefix /home/nayab/dev_ws/install/dbr_pubsub --record /home/nayab/dev_ws/build/dbr_pubsub/install.log --single-version-externally-managed
