[1.120s] Invoking command in '/home/nayab/dev_ws/src/my_package': PYTHONPATH=/home/nayab/dev_ws/install/my_package/lib/python3.8/site-packages:${PYTHONPATH} /usr/bin/python3 setup.py egg_info --egg-base ../../build/my_package build --build-base /home/nayab/dev_ws/build/my_package/build install --prefix /home/nayab/dev_ws/install/my_package --record /home/nayab/dev_ws/build/my_package/install.log --single-version-externally-managed
[1.401s] running egg_info
[1.403s] writing ../../build/my_package/my_package.egg-info/PKG-INFO
[1.403s] writing dependency_links to ../../build/my_package/my_package.egg-info/dependency_links.txt
[1.403s] writing entry points to ../../build/my_package/my_package.egg-info/entry_points.txt
[1.403s] writing requirements to ../../build/my_package/my_package.egg-info/requires.txt
[1.404s] writing top-level names to ../../build/my_package/my_package.egg-info/top_level.txt
[1.443s] reading manifest file '../../build/my_package/my_package.egg-info/SOURCES.txt'
[1.444s] writing manifest file '../../build/my_package/my_package.egg-info/SOURCES.txt'
[1.444s] running build
[1.444s] running build_py
[1.444s] running install
[1.445s] running install_lib
[1.447s] running install_data
[1.447s] running install_egg_info
[1.450s] removing '/home/nayab/dev_ws/install/my_package/lib/python3.8/site-packages/my_package-0.0.0-py3.8.egg-info' (and everything under it)
[1.451s] Copying ../../build/my_package/my_package.egg-info to /home/nayab/dev_ws/install/my_package/lib/python3.8/site-packages/my_package-0.0.0-py3.8.egg-info
[1.452s] running install_scripts
[1.473s] Installing my_node script to /home/nayab/dev_ws/install/my_package/lib/my_package
[1.474s] writing list of installed files to '/home/nayab/dev_ws/build/my_package/install.log'
[1.515s] Invoked command in '/home/nayab/dev_ws/src/my_package' returned '0': PYTHONPATH=/home/nayab/dev_ws/install/my_package/lib/python3.8/site-packages:${PYTHONPATH} /usr/bin/python3 setup.py egg_info --egg-base ../../build/my_package build --build-base /home/nayab/dev_ws/build/my_package/build install --prefix /home/nayab/dev_ws/install/my_package --record /home/nayab/dev_ws/build/my_package/install.log --single-version-externally-managed
