running egg_info
creating ../../build/rc_data_emulator/rc_data_emulator.egg-info
writing ../../build/rc_data_emulator/rc_data_emulator.egg-info/PKG-INFO
writing dependency_links to ../../build/rc_data_emulator/rc_data_emulator.egg-info/dependency_links.txt
writing entry points to ../../build/rc_data_emulator/rc_data_emulator.egg-info/entry_points.txt
writing requirements to ../../build/rc_data_emulator/rc_data_emulator.egg-info/requires.txt
writing top-level names to ../../build/rc_data_emulator/rc_data_emulator.egg-info/top_level.txt
writing manifest file '../../build/rc_data_emulator/rc_data_emulator.egg-info/SOURCES.txt'
reading manifest file '../../build/rc_data_emulator/rc_data_emulator.egg-info/SOURCES.txt'
writing manifest file '../../build/rc_data_emulator/rc_data_emulator.egg-info/SOURCES.txt'
running build
running build_py
creating /home/nayab/dev_ws/build/rc_data_emulator/build
creating /home/nayab/dev_ws/build/rc_data_emulator/build/lib
creating /home/nayab/dev_ws/build/rc_data_emulator/build/lib/rc_data_emulator
copying rc_data_emulator/__init__.py -> /home/nayab/dev_ws/build/rc_data_emulator/build/lib/rc_data_emulator
copying rc_data_emulator/rc_data_emulator.py -> /home/nayab/dev_ws/build/rc_data_emulator/build/lib/rc_data_emulator
running install
running install_lib
creating /home/nayab/dev_ws/install/rc_data_emulator/lib/python3.8/site-packages/rc_data_emulator
copying /home/nayab/dev_ws/build/rc_data_emulator/build/lib/rc_data_emulator/__init__.py -> /home/nayab/dev_ws/install/rc_data_emulator/lib/python3.8/site-packages/rc_data_emulator
copying /home/nayab/dev_ws/build/rc_data_emulator/build/lib/rc_data_emulator/rc_data_emulator.py -> /home/nayab/dev_ws/install/rc_data_emulator/lib/python3.8/site-packages/rc_data_emulator
byte-compiling /home/nayab/dev_ws/install/rc_data_emulator/lib/python3.8/site-packages/rc_data_emulator/__init__.py to __init__.cpython-38.pyc
byte-compiling /home/nayab/dev_ws/install/rc_data_emulator/lib/python3.8/site-packages/rc_data_emulator/rc_data_emulator.py to rc_data_emulator.cpython-38.pyc
running install_data
creating /home/nayab/dev_ws/install/rc_data_emulator/share/ament_index
creating /home/nayab/dev_ws/install/rc_data_emulator/share/ament_index/resource_index
creating /home/nayab/dev_ws/install/rc_data_emulator/share/ament_index/resource_index/packages
copying resource/rc_data_emulator -> /home/nayab/dev_ws/install/rc_data_emulator/share/ament_index/resource_index/packages
copying package.xml -> /home/nayab/dev_ws/install/rc_data_emulator/share/rc_data_emulator
running install_egg_info
Copying ../../build/rc_data_emulator/rc_data_emulator.egg-info to /home/nayab/dev_ws/install/rc_data_emulator/lib/python3.8/site-packages/rc_data_emulator-0.0.0-py3.8.egg-info
running install_scripts
Installing rc_dem script to /home/nayab/dev_ws/install/rc_data_emulator/lib/rc_data_emulator
writing list of installed files to '/home/nayab/dev_ws/build/rc_data_emulator/install.log'
