[0.904s] Invoking command in '/home/nayab/dev_ws/src/rc_data_emulator': PYTHONPATH=/home/nayab/dev_ws/install/rc_data_emulator/lib/python3.8/site-packages:${PYTHONPATH} /usr/bin/python3 setup.py egg_info --egg-base ../../build/rc_data_emulator build --build-base /home/nayab/dev_ws/build/rc_data_emulator/build install --prefix /home/nayab/dev_ws/install/rc_data_emulator --record /home/nayab/dev_ws/build/rc_data_emulator/install.log --single-version-externally-managed
[1.182s] running egg_info
[1.182s] creating ../../build/rc_data_emulator/rc_data_emulator.egg-info
[1.182s] writing ../../build/rc_data_emulator/rc_data_emulator.egg-info/PKG-INFO
[1.182s] writing dependency_links to ../../build/rc_data_emulator/rc_data_emulator.egg-info/dependency_links.txt
[1.183s] writing entry points to ../../build/rc_data_emulator/rc_data_emulator.egg-info/entry_points.txt
[1.183s] writing requirements to ../../build/rc_data_emulator/rc_data_emulator.egg-info/requires.txt
[1.183s] writing top-level names to ../../build/rc_data_emulator/rc_data_emulator.egg-info/top_level.txt
[1.183s] writing manifest file '../../build/rc_data_emulator/rc_data_emulator.egg-info/SOURCES.txt'
[1.216s] reading manifest file '../../build/rc_data_emulator/rc_data_emulator.egg-info/SOURCES.txt'
[1.216s] writing manifest file '../../build/rc_data_emulator/rc_data_emulator.egg-info/SOURCES.txt'
[1.217s] running build
[1.217s] running build_py
[1.217s] creating /home/nayab/dev_ws/build/rc_data_emulator/build
[1.217s] creating /home/nayab/dev_ws/build/rc_data_emulator/build/lib
[1.217s] creating /home/nayab/dev_ws/build/rc_data_emulator/build/lib/rc_data_emulator
[1.217s] copying rc_data_emulator/__init__.py -> /home/nayab/dev_ws/build/rc_data_emulator/build/lib/rc_data_emulator
[1.217s] copying rc_data_emulator/rc_data_emulator.py -> /home/nayab/dev_ws/build/rc_data_emulator/build/lib/rc_data_emulator
[1.218s] running install
[1.218s] running install_lib
[1.219s] creating /home/nayab/dev_ws/install/rc_data_emulator/lib/python3.8/site-packages/rc_data_emulator
[1.219s] copying /home/nayab/dev_ws/build/rc_data_emulator/build/lib/rc_data_emulator/__init__.py -> /home/nayab/dev_ws/install/rc_data_emulator/lib/python3.8/site-packages/rc_data_emulator
[1.219s] copying /home/nayab/dev_ws/build/rc_data_emulator/build/lib/rc_data_emulator/rc_data_emulator.py -> /home/nayab/dev_ws/install/rc_data_emulator/lib/python3.8/site-packages/rc_data_emulator
[1.219s] byte-compiling /home/nayab/dev_ws/install/rc_data_emulator/lib/python3.8/site-packages/rc_data_emulator/__init__.py to __init__.cpython-38.pyc
[1.221s] byte-compiling /home/nayab/dev_ws/install/rc_data_emulator/lib/python3.8/site-packages/rc_data_emulator/rc_data_emulator.py to rc_data_emulator.cpython-38.pyc
[1.224s] running install_data
[1.225s] creating /home/nayab/dev_ws/install/rc_data_emulator/share/ament_index
[1.225s] creating /home/nayab/dev_ws/install/rc_data_emulator/share/ament_index/resource_index
[1.225s] creating /home/nayab/dev_ws/install/rc_data_emulator/share/ament_index/resource_index/packages
[1.225s] copying resource/rc_data_emulator -> /home/nayab/dev_ws/install/rc_data_emulator/share/ament_index/resource_index/packages
[1.225s] copying package.xml -> /home/nayab/dev_ws/install/rc_data_emulator/share/rc_data_emulator
[1.225s] running install_egg_info
[1.227s] Copying ../../build/rc_data_emulator/rc_data_emulator.egg-info to /home/nayab/dev_ws/install/rc_data_emulator/lib/python3.8/site-packages/rc_data_emulator-0.0.0-py3.8.egg-info
[1.228s] running install_scripts
[1.245s] Installing rc_dem script to /home/nayab/dev_ws/install/rc_data_emulator/lib/rc_data_emulator
[1.246s] writing list of installed files to '/home/nayab/dev_ws/build/rc_data_emulator/install.log'
[1.277s] Invoked command in '/home/nayab/dev_ws/src/rc_data_emulator' returned '0': PYTHONPATH=/home/nayab/dev_ws/install/rc_data_emulator/lib/python3.8/site-packages:${PYTHONPATH} /usr/bin/python3 setup.py egg_info --egg-base ../../build/rc_data_emulator build --build-base /home/nayab/dev_ws/build/rc_data_emulator/build install --prefix /home/nayab/dev_ws/install/rc_data_emulator --record /home/nayab/dev_ws/build/rc_data_emulator/install.log --single-version-externally-managed
