[0.300s] Invoking command in '/home/nayab/dev_ws/build/ether_follow_interfaces': CMAKE_PREFIX_PATH=/opt/ros/foxy:${CMAKE_PREFIX_PATH} /usr/bin/cmake /home/nayab/dev_ws/src/ether_follow_interfaces -DCMAKE_INSTALL_PREFIX=/home/nayab/dev_ws/install/ether_follow_interfaces
[0.356s] -- The C compiler identification is GNU 9.3.0
[0.409s] -- The CXX compiler identification is GNU 9.3.0
[0.414s] -- Check for working C compiler: /usr/bin/cc
[0.478s] -- Check for working C compiler: /usr/bin/cc -- works
[0.480s] -- Detecting C compiler ABI info
[0.546s] -- Detecting C compiler ABI info - done
[0.558s] -- Detecting C compile features
[0.559s] -- Detecting C compile features - done
[0.562s] -- Check for working CXX compiler: /usr/bin/c++
[0.643s] -- Check for working CXX compiler: /usr/bin/c++ -- works
[0.644s] -- Detecting CXX compiler ABI info
[0.726s] -- Detecting CXX compiler ABI info - done
[0.738s] -- Detecting CXX compile features
[0.739s] -- Detecting CXX compile features - done
[0.741s] -- Found ament_cmake: 0.9.9 (/opt/ros/foxy/share/ament_cmake/cmake)
[0.766s] -- Found PythonInterp: /usr/bin/python3 (found suitable version "3.8.10", minimum required is "3") 
[0.767s] -- Using PYTHON_EXECUTABLE: /usr/bin/python3
[1.014s] -- Found rosidl_default_generators: 1.0.1 (/opt/ros/foxy/share/rosidl_default_generators/cmake)
[1.018s] -- Using all available rosidl_typesupport_c: rosidl_typesupport_fastrtps_c;rosidl_typesupport_introspection_c
[1.027s] -- Found rosidl_adapter: 1.2.1 (/opt/ros/foxy/share/rosidl_adapter/cmake)
[1.157s] -- Found OpenSSL: /usr/lib/x86_64-linux-gnu/libcrypto.so (found version "1.1.1f")  
[1.190s] -- Found FastRTPS: /opt/ros/foxy/include  
[1.280s] -- Using all available rosidl_typesupport_cpp: rosidl_typesupport_fastrtps_cpp;rosidl_typesupport_introspection_cpp
[1.334s] -- Found PythonInterp: /usr/bin/python3 (found version "3.8.10") 
[1.533s] CMake Error at /opt/ros/foxy/share/rosidl_adapter/cmake/rosidl_adapt_interfaces.cmake:60 (message):
[1.533s]   execute_process(/usr/bin/python3 -m rosidl_adapter --package-name
[1.533s]   ether_follow_interfaces --arguments-file
[1.534s]   /home/nayab/dev_ws/build/ether_follow_interfaces/rosidl_adapter__arguments__ether_follow_interfaces.json
[1.534s]   --output-dir
[1.534s]   /home/nayab/dev_ws/build/ether_follow_interfaces/rosidl_adapter/ether_follow_interfaces
[1.534s]   --output-file
[1.535s]   /home/nayab/dev_ws/build/ether_follow_interfaces/rosidl_adapter/ether_follow_interfaces.idls)
[1.536s]   returned error code 1:
[1.536s] 
[1.536s]   Error processing 'string IP_Address' of
[1.536s]   'ether_follow_interfaces/EtherMessage': ''IP_Address' is an invalid field
[1.536s]   name.  It should have the pattern '^(?!.*__)(?!.*_$)[a-z][a-z0-9_]*$''
[1.537s] 
[1.537s]   Traceback (most recent call last):
[1.537s] 
[1.537s]     File "/usr/lib/python3.8/runpy.py", line 194, in _run_module_as_main
[1.538s]       return _run_code(code, main_globals, None,
[1.538s]     File "/usr/lib/python3.8/runpy.py", line 87, in _run_code
[1.538s]       exec(code, run_globals)
[1.538s]     File "/opt/ros/foxy/lib/python3.8/site-packages/rosidl_adapter/__main__.py", line 19, in <module>
[1.538s]       sys.exit(main())
[1.538s]     File "/opt/ros/foxy/lib/python3.8/site-packages/rosidl_adapter/main.py", line 53, in main
[1.539s]       abs_idl_file = convert_to_idl(
[1.539s]     File "/opt/ros/foxy/lib/python3.8/site-packages/rosidl_adapter/__init__.py", line 19, in convert_to_idl
[1.539s]       return convert_msg_to_idl(
[1.541s]     File "/opt/ros/foxy/lib/python3.8/site-packages/rosidl_adapter/msg/__init__.py", line 28, in convert_msg_to_idl
[1.541s]       msg = parse_message_string(package_name, input_file.stem, content)
[1.541s]     File "/opt/ros/foxy/lib/python3.8/site-packages/rosidl_adapter/parser.py", line 515, in parse_message_string
[1.541s]       fields.append(Field(
[1.541s]     File "/opt/ros/foxy/lib/python3.8/site-packages/rosidl_adapter/parser.py", line 353, in __init__
[1.542s]       raise NameError(
[1.542s] 
[1.542s]   NameError: 'IP_Address' is an invalid field name.  It should have the
[1.542s]   pattern '^(?!.*__)(?!.*_$)[a-z][a-z0-9_]*$'
[1.542s] 
[1.542s] Call Stack (most recent call first):
[1.542s]   /opt/ros/foxy/share/rosidl_cmake/cmake/rosidl_generate_interfaces.cmake:130 (rosidl_adapt_interfaces)
[1.542s]   CMakeLists.txt:26 (rosidl_generate_interfaces)
[1.543s] 
[1.543s] 
[1.543s] -- Configuring incomplete, errors occurred!
[1.543s] See also "/home/nayab/dev_ws/build/ether_follow_interfaces/CMakeFiles/CMakeOutput.log".
[1.573s] Invoked command in '/home/nayab/dev_ws/build/ether_follow_interfaces' returned '1': CMAKE_PREFIX_PATH=/opt/ros/foxy:${CMAKE_PREFIX_PATH} /usr/bin/cmake /home/nayab/dev_ws/src/ether_follow_interfaces -DCMAKE_INSTALL_PREFIX=/home/nayab/dev_ws/install/ether_follow_interfaces
