[1.204s] Invoking command in '/home/nayab/dev_ws/src/dbr_pubsub': PYTHONPATH=/home/nayab/dev_ws/install/dbr_pubsub/lib/python3.8/site-packages:${PYTHONPATH} /usr/bin/python3 setup.py egg_info --egg-base ../../build/dbr_pubsub build --build-base /home/nayab/dev_ws/build/dbr_pubsub/build install --prefix /home/nayab/dev_ws/install/dbr_pubsub --record /home/nayab/dev_ws/build/dbr_pubsub/install.log --single-version-externally-managed
[1.479s] running egg_info
[1.479s] writing ../../build/dbr_pubsub/dbr_pubsub.egg-info/PKG-INFO
[1.480s] writing dependency_links to ../../build/dbr_pubsub/dbr_pubsub.egg-info/dependency_links.txt
[1.480s] writing entry points to ../../build/dbr_pubsub/dbr_pubsub.egg-info/entry_points.txt
[1.480s] writing requirements to ../../build/dbr_pubsub/dbr_pubsub.egg-info/requires.txt
[1.480s] writing top-level names to ../../build/dbr_pubsub/dbr_pubsub.egg-info/top_level.txt
[1.516s] reading manifest file '../../build/dbr_pubsub/dbr_pubsub.egg-info/SOURCES.txt'
[1.517s] writing manifest file '../../build/dbr_pubsub/dbr_pubsub.egg-info/SOURCES.txt'
[1.517s] running build
[1.517s] running build_py
[1.517s] running install
[1.518s] running install_lib
[1.520s] running install_data
[1.521s] running install_egg_info
[1.523s] removing '/home/nayab/dev_ws/install/dbr_pubsub/lib/python3.8/site-packages/dbr_pubsub-0.0.0-py3.8.egg-info' (and everything under it)
[1.523s] Copying ../../build/dbr_pubsub/dbr_pubsub.egg-info to /home/nayab/dev_ws/install/dbr_pubsub/lib/python3.8/site-packages/dbr_pubsub-0.0.0-py3.8.egg-info
[1.524s] running install_scripts
[1.545s] Installing dbr_pub script to /home/nayab/dev_ws/install/dbr_pubsub/lib/dbr_pubsub
[1.545s] writing list of installed files to '/home/nayab/dev_ws/build/dbr_pubsub/install.log'
[1.583s] Invoked command in '/home/nayab/dev_ws/src/dbr_pubsub' returned '0': PYTHONPATH=/home/nayab/dev_ws/install/dbr_pubsub/lib/python3.8/site-packages:${PYTHONPATH} /usr/bin/python3 setup.py egg_info --egg-base ../../build/dbr_pubsub build --build-base /home/nayab/dev_ws/build/dbr_pubsub/build install --prefix /home/nayab/dev_ws/install/dbr_pubsub --record /home/nayab/dev_ws/build/dbr_pubsub/install.log --single-version-externally-managed
