-- Found ament_cmake_auto: 0.9.9 (/opt/ros/foxy/share/ament_cmake_auto/cmake)
-- Found PythonInterp: /usr/bin/python3 (found suitable version "3.8.10", minimum required is "3") 
-- Using PYTHON_EXECUTABLE: /usr/bin/python3
-- Using all available rosidl_typesupport_c: rosidl_typesupport_fastrtps_c;rosidl_typesupport_introspection_c
-- Found rosidl_adapter: 1.2.1 (/opt/ros/foxy/share/rosidl_adapter/cmake)
-- Using all available rosidl_typesupport_cpp: rosidl_typesupport_fastrtps_cpp;rosidl_typesupport_introspection_cpp
-- Found PythonInterp: /usr/bin/python3 (found version "3.8.10") 
-- Found ament_cmake_ros: 0.9.2 (/opt/ros/foxy/share/ament_cmake_ros/cmake)
-- Using all available rosidl_typesupport_c: rosidl_typesupport_fastrtps_c;rosidl_typesupport_introspection_c
-- Using all available rosidl_typesupport_cpp: rosidl_typesupport_fastrtps_cpp;rosidl_typesupport_introspection_cpp
-- Found PythonInterp: /usr/bin/python3 (found suitable version "3.8.10", minimum required is "3.5") 
-- Found python_cmake_module: 0.8.1 (/opt/ros/foxy/share/python_cmake_module/cmake)
-- Using PYTHON_EXECUTABLE: /usr/bin/python3
-- Using PYTHON_INCLUDE_DIRS: /usr/include/python3.8
-- Using PYTHON_LIBRARIES: /usr/lib/x86_64-linux-gnu/libpython3.8.so
-- Found ament_lint_auto: 0.9.6 (/opt/ros/foxy/share/ament_lint_auto/cmake)
-- Added test 'copyright' to check source files copyright and LICENSE
-- Added test 'lint_cmake' to check CMake code style
-- Added test 'xmllint' to check XML markup files
-- Configuring done
-- Generating done
-- Build files have been written to: /home/nayab/dev_ws/build/abds_msgs
[35m[1mScanning dependencies of target abds_msgs__rosidl_generator_c[0m
[  1%] Built target abds_msgs__cpp
[  2%] [32mBuilding C object CMakeFiles/abds_msgs__rosidl_generator_c.dir/rosidl_generator_c/abds_msgs/msg/detail/bounding_box__functions.c.o[0m
[35m[1mScanning dependencies of target abds_msgs__rosidl_typesupport_cpp[0m
[35m[1mScanning dependencies of target abds_msgs__rosidl_typesupport_fastrtps_cpp[0m
[35m[1mScanning dependencies of target abds_msgs__rosidl_typesupport_introspection_cpp[0m
[  3%] [32mBuilding CXX object CMakeFiles/abds_msgs__rosidl_typesupport_cpp.dir/rosidl_typesupport_cpp/abds_msgs/msg/bounding_box__type_support.cpp.o[0m
[  5%] [32mBuilding CXX object CMakeFiles/abds_msgs__rosidl_typesupport_introspection_cpp.dir/rosidl_typesupport_introspection_cpp/abds_msgs/msg/detail/bounding_box__type_support.cpp.o[0m
[  6%] [32mBuilding CXX object CMakeFiles/abds_msgs__rosidl_typesupport_fastrtps_cpp.dir/rosidl_typesupport_fastrtps_cpp/abds_msgs/msg/detail/dds_fastrtps/bounding_box__type_support.cpp.o[0m
[  7%] [32mBuilding C object CMakeFiles/abds_msgs__rosidl_generator_c.dir/rosidl_generator_c/abds_msgs/msg/detail/bounding_boxes__functions.c.o[0m
[  8%] [32mBuilding C object CMakeFiles/abds_msgs__rosidl_generator_c.dir/rosidl_generator_c/abds_msgs/msg/detail/trajectory_point__functions.c.o[0m
[ 10%] [32mBuilding C object CMakeFiles/abds_msgs__rosidl_generator_c.dir/rosidl_generator_c/abds_msgs/msg/detail/trajectory__functions.c.o[0m
[ 11%] [32mBuilding C object CMakeFiles/abds_msgs__rosidl_generator_c.dir/rosidl_generator_c/abds_msgs/msg/detail/vehicle_command__functions.c.o[0m
[ 12%] [32mBuilding C object CMakeFiles/abds_msgs__rosidl_generator_c.dir/rosidl_generator_c/abds_msgs/msg/detail/vehicle_state__functions.c.o[0m
[ 13%] [32mBuilding CXX object CMakeFiles/abds_msgs__rosidl_typesupport_introspection_cpp.dir/rosidl_typesupport_introspection_cpp/abds_msgs/msg/detail/bounding_boxes__type_support.cpp.o[0m
[ 15%] [32mBuilding C object CMakeFiles/abds_msgs__rosidl_generator_c.dir/rosidl_generator_c/abds_msgs/msg/detail/test_state__functions.c.o[0m
[ 16%] [32mBuilding CXX object CMakeFiles/abds_msgs__rosidl_typesupport_cpp.dir/rosidl_typesupport_cpp/abds_msgs/msg/bounding_boxes__type_support.cpp.o[0m
[ 17%] [32m[1mLinking C shared library libabds_msgs__rosidl_generator_c.so[0m
[ 18%] Built target abds_msgs__rosidl_generator_c
[ 20%] [32mBuilding CXX object CMakeFiles/abds_msgs__rosidl_typesupport_cpp.dir/rosidl_typesupport_cpp/abds_msgs/msg/trajectory_point__type_support.cpp.o[0m
[ 21%] [32mBuilding CXX object CMakeFiles/abds_msgs__rosidl_typesupport_fastrtps_cpp.dir/rosidl_typesupport_fastrtps_cpp/abds_msgs/msg/detail/dds_fastrtps/bounding_boxes__type_support.cpp.o[0m
[ 22%] [32mBuilding CXX object CMakeFiles/abds_msgs__rosidl_typesupport_fastrtps_cpp.dir/rosidl_typesupport_fastrtps_cpp/abds_msgs/msg/detail/dds_fastrtps/trajectory_point__type_support.cpp.o[0m
[ 24%] [32mBuilding CXX object CMakeFiles/abds_msgs__rosidl_typesupport_cpp.dir/rosidl_typesupport_cpp/abds_msgs/msg/trajectory__type_support.cpp.o[0m
[ 25%] [32mBuilding CXX object CMakeFiles/abds_msgs__rosidl_typesupport_introspection_cpp.dir/rosidl_typesupport_introspection_cpp/abds_msgs/msg/detail/trajectory_point__type_support.cpp.o[0m
[ 26%] [32mBuilding CXX object CMakeFiles/abds_msgs__rosidl_typesupport_cpp.dir/rosidl_typesupport_cpp/abds_msgs/msg/vehicle_command__type_support.cpp.o[0m
[ 27%] [32mBuilding CXX object CMakeFiles/abds_msgs__rosidl_typesupport_introspection_cpp.dir/rosidl_typesupport_introspection_cpp/abds_msgs/msg/detail/trajectory__type_support.cpp.o[0m
[ 29%] [32mBuilding CXX object CMakeFiles/abds_msgs__rosidl_typesupport_fastrtps_cpp.dir/rosidl_typesupport_fastrtps_cpp/abds_msgs/msg/detail/dds_fastrtps/trajectory__type_support.cpp.o[0m
[ 30%] [32mBuilding CXX object CMakeFiles/abds_msgs__rosidl_typesupport_introspection_cpp.dir/rosidl_typesupport_introspection_cpp/abds_msgs/msg/detail/vehicle_command__type_support.cpp.o[0m
[ 31%] [32mBuilding CXX object CMakeFiles/abds_msgs__rosidl_typesupport_cpp.dir/rosidl_typesupport_cpp/abds_msgs/msg/vehicle_state__type_support.cpp.o[0m
[ 32%] [32mBuilding CXX object CMakeFiles/abds_msgs__rosidl_typesupport_introspection_cpp.dir/rosidl_typesupport_introspection_cpp/abds_msgs/msg/detail/vehicle_state__type_support.cpp.o[0m
[ 34%] [32mBuilding CXX object CMakeFiles/abds_msgs__rosidl_typesupport_introspection_cpp.dir/rosidl_typesupport_introspection_cpp/abds_msgs/msg/detail/test_state__type_support.cpp.o[0m
[ 35%] [32mBuilding CXX object CMakeFiles/abds_msgs__rosidl_typesupport_cpp.dir/rosidl_typesupport_cpp/abds_msgs/msg/test_state__type_support.cpp.o[0m
[ 36%] [32mBuilding CXX object CMakeFiles/abds_msgs__rosidl_typesupport_fastrtps_cpp.dir/rosidl_typesupport_fastrtps_cpp/abds_msgs/msg/detail/dds_fastrtps/vehicle_command__type_support.cpp.o[0m
[35m[1mScanning dependencies of target abds_msgs__rosidl_typesupport_introspection_c[0m
[ 37%] [32mBuilding C object CMakeFiles/abds_msgs__rosidl_typesupport_introspection_c.dir/rosidl_typesupport_introspection_c/abds_msgs/msg/detail/bounding_box__type_support.c.o[0m
[ 39%] [32mBuilding C object CMakeFiles/abds_msgs__rosidl_typesupport_introspection_c.dir/rosidl_typesupport_introspection_c/abds_msgs/msg/detail/bounding_boxes__type_support.c.o[0m
[ 40%] [32m[1mLinking CXX shared library libabds_msgs__rosidl_typesupport_introspection_cpp.so[0m
[ 41%] [32m[1mLinking CXX shared library libabds_msgs__rosidl_typesupport_cpp.so[0m
[ 43%] [32mBuilding C object CMakeFiles/abds_msgs__rosidl_typesupport_introspection_c.dir/rosidl_typesupport_introspection_c/abds_msgs/msg/detail/trajectory_point__type_support.c.o[0m
[ 44%] Built target abds_msgs__rosidl_typesupport_cpp
[ 45%] Built target abds_msgs__rosidl_typesupport_introspection_cpp
[ 46%] [32mBuilding C object CMakeFiles/abds_msgs__rosidl_typesupport_introspection_c.dir/rosidl_typesupport_introspection_c/abds_msgs/msg/detail/trajectory__type_support.c.o[0m
[35m[1mScanning dependencies of target abds_msgs__rosidl_typesupport_c[0m
[ 48%] [32mBuilding C object CMakeFiles/abds_msgs__rosidl_typesupport_introspection_c.dir/rosidl_typesupport_introspection_c/abds_msgs/msg/detail/vehicle_command__type_support.c.o[0m
[ 49%] [32mBuilding CXX object CMakeFiles/abds_msgs__rosidl_typesupport_c.dir/rosidl_typesupport_c/abds_msgs/msg/bounding_box__type_support.cpp.o[0m
[ 50%] [32mBuilding C object CMakeFiles/abds_msgs__rosidl_typesupport_introspection_c.dir/rosidl_typesupport_introspection_c/abds_msgs/msg/detail/vehicle_state__type_support.c.o[0m
[ 51%] [32mBuilding CXX object CMakeFiles/abds_msgs__rosidl_typesupport_c.dir/rosidl_typesupport_c/abds_msgs/msg/bounding_boxes__type_support.cpp.o[0m
[ 53%] [32mBuilding CXX object CMakeFiles/abds_msgs__rosidl_typesupport_fastrtps_cpp.dir/rosidl_typesupport_fastrtps_cpp/abds_msgs/msg/detail/dds_fastrtps/vehicle_state__type_support.cpp.o[0m
[ 54%] [32mBuilding CXX object CMakeFiles/abds_msgs__rosidl_typesupport_c.dir/rosidl_typesupport_c/abds_msgs/msg/trajectory_point__type_support.cpp.o[0m
[ 55%] [32mBuilding C object CMakeFiles/abds_msgs__rosidl_typesupport_introspection_c.dir/rosidl_typesupport_introspection_c/abds_msgs/msg/detail/test_state__type_support.c.o[0m
[ 56%] [32m[1mLinking C shared library libabds_msgs__rosidl_typesupport_introspection_c.so[0m
[ 58%] [32mBuilding CXX object CMakeFiles/abds_msgs__rosidl_typesupport_c.dir/rosidl_typesupport_c/abds_msgs/msg/trajectory__type_support.cpp.o[0m
[ 59%] Built target abds_msgs__rosidl_typesupport_introspection_c
[ 60%] [32mBuilding CXX object CMakeFiles/abds_msgs__rosidl_typesupport_c.dir/rosidl_typesupport_c/abds_msgs/msg/vehicle_state__type_support.cpp.o[0m
[ 62%] [32mBuilding CXX object CMakeFiles/abds_msgs__rosidl_typesupport_c.dir/rosidl_typesupport_c/abds_msgs/msg/vehicle_command__type_support.cpp.o[0m
[ 63%] [32mBuilding CXX object CMakeFiles/abds_msgs__rosidl_typesupport_fastrtps_cpp.dir/rosidl_typesupport_fastrtps_cpp/abds_msgs/msg/detail/dds_fastrtps/test_state__type_support.cpp.o[0m
[ 64%] [32mBuilding CXX object CMakeFiles/abds_msgs__rosidl_typesupport_c.dir/rosidl_typesupport_c/abds_msgs/msg/test_state__type_support.cpp.o[0m
[ 65%] [32m[1mLinking CXX shared library libabds_msgs__rosidl_typesupport_c.so[0m
[ 67%] Built target abds_msgs__rosidl_typesupport_c
[ 68%] [32m[1mLinking CXX shared library libabds_msgs__rosidl_typesupport_fastrtps_cpp.so[0m
[ 69%] Built target abds_msgs__rosidl_typesupport_fastrtps_cpp
[35m[1mScanning dependencies of target abds_msgs__rosidl_typesupport_fastrtps_c[0m
[ 73%] [32mBuilding CXX object CMakeFiles/abds_msgs__rosidl_typesupport_fastrtps_c.dir/rosidl_typesupport_fastrtps_c/abds_msgs/msg/detail/bounding_boxes__type_support_c.cpp.o[0m
[ 73%] [32mBuilding CXX object CMakeFiles/abds_msgs__rosidl_typesupport_fastrtps_c.dir/rosidl_typesupport_fastrtps_c/abds_msgs/msg/detail/bounding_box__type_support_c.cpp.o[0m
[ 73%] [32mBuilding CXX object CMakeFiles/abds_msgs__rosidl_typesupport_fastrtps_c.dir/rosidl_typesupport_fastrtps_c/abds_msgs/msg/detail/trajectory_point__type_support_c.cpp.o[0m
[ 74%] [32mBuilding CXX object CMakeFiles/abds_msgs__rosidl_typesupport_fastrtps_c.dir/rosidl_typesupport_fastrtps_c/abds_msgs/msg/detail/trajectory__type_support_c.cpp.o[0m
[ 75%] [32mBuilding CXX object CMakeFiles/abds_msgs__rosidl_typesupport_fastrtps_c.dir/rosidl_typesupport_fastrtps_c/abds_msgs/msg/detail/vehicle_command__type_support_c.cpp.o[0m
[ 77%] [32mBuilding CXX object CMakeFiles/abds_msgs__rosidl_typesupport_fastrtps_c.dir/rosidl_typesupport_fastrtps_c/abds_msgs/msg/detail/vehicle_state__type_support_c.cpp.o[0m
[ 78%] [32mBuilding CXX object CMakeFiles/abds_msgs__rosidl_typesupport_fastrtps_c.dir/rosidl_typesupport_fastrtps_c/abds_msgs/msg/detail/test_state__type_support_c.cpp.o[0m
[ 79%] [32m[1mLinking CXX shared library libabds_msgs__rosidl_typesupport_fastrtps_c.so[0m
[ 81%] Built target abds_msgs__rosidl_typesupport_fastrtps_c
[ 81%] Built target abds_msgs
[ 82%] Built target abds_msgs__py
[35m[1mScanning dependencies of target abds_msgs__python[0m
[ 87%] [32mBuilding C object CMakeFiles/abds_msgs__python.dir/rosidl_generator_py/abds_msgs/msg/_bounding_box_s.c.o[0m
[ 87%] [32mBuilding C object CMakeFiles/abds_msgs__python.dir/rosidl_generator_py/abds_msgs/msg/_trajectory_point_s.c.o[0m
[ 87%] [32mBuilding C object CMakeFiles/abds_msgs__python.dir/rosidl_generator_py/abds_msgs/msg/_bounding_boxes_s.c.o[0m
[ 87%] [32mBuilding C object CMakeFiles/abds_msgs__python.dir/rosidl_generator_py/abds_msgs/msg/_trajectory_s.c.o[0m
[ 89%] [32mBuilding C object CMakeFiles/abds_msgs__python.dir/rosidl_generator_py/abds_msgs/msg/_vehicle_command_s.c.o[0m
[ 89%] [32mBuilding C object CMakeFiles/abds_msgs__python.dir/rosidl_generator_py/abds_msgs/msg/_vehicle_state_s.c.o[0m
[ 91%] [32mBuilding C object CMakeFiles/abds_msgs__python.dir/rosidl_generator_py/abds_msgs/msg/_test_state_s.c.o[0m
[ 92%] [32m[1mLinking C shared library rosidl_generator_py/abds_msgs/libabds_msgs__python.so[0m
[ 92%] Built target abds_msgs__python
[35m[1mScanning dependencies of target abds_msgs__rosidl_typesupport_introspection_c__pyext[0m
[35m[1mScanning dependencies of target abds_msgs__rosidl_typesupport_c__pyext[0m
[35m[1mScanning dependencies of target abds_msgs__rosidl_typesupport_fastrtps_c__pyext[0m
[ 93%] [32mBuilding C object CMakeFiles/abds_msgs__rosidl_typesupport_c__pyext.dir/rosidl_generator_py/abds_msgs/_abds_msgs_s.ep.rosidl_typesupport_c.c.o[0m
[ 94%] [32mBuilding C object CMakeFiles/abds_msgs__rosidl_typesupport_introspection_c__pyext.dir/rosidl_generator_py/abds_msgs/_abds_msgs_s.ep.rosidl_typesupport_introspection_c.c.o[0m
[ 96%] [32mBuilding C object CMakeFiles/abds_msgs__rosidl_typesupport_fastrtps_c__pyext.dir/rosidl_generator_py/abds_msgs/_abds_msgs_s.ep.rosidl_typesupport_fastrtps_c.c.o[0m
[ 97%] [32m[1mLinking C shared library rosidl_generator_py/abds_msgs/abds_msgs_s__rosidl_typesupport_c.cpython-38-x86_64-linux-gnu.so[0m
[ 98%] [32m[1mLinking C shared library rosidl_generator_py/abds_msgs/abds_msgs_s__rosidl_typesupport_introspection_c.cpython-38-x86_64-linux-gnu.so[0m
[100%] [32m[1mLinking CXX shared library rosidl_generator_py/abds_msgs/abds_msgs_s__rosidl_typesupport_fastrtps_c.cpython-38-x86_64-linux-gnu.so[0m
[100%] Built target abds_msgs__rosidl_typesupport_c__pyext
[100%] Built target abds_msgs__rosidl_typesupport_introspection_c__pyext
[100%] Built target abds_msgs__rosidl_typesupport_fastrtps_c__pyext
-- Install configuration: ""
-- Up-to-date: /home/nayab/dev_ws/install/abds_msgs/share/ament_index/resource_index/rosidl_interfaces/abds_msgs
-- Up-to-date: /home/nayab/dev_ws/install/abds_msgs/include/abds_msgs
-- Up-to-date: /home/nayab/dev_ws/install/abds_msgs/include/abds_msgs/msg
-- Up-to-date: /home/nayab/dev_ws/install/abds_msgs/include/abds_msgs/msg/detail
-- Up-to-date: /home/nayab/dev_ws/install/abds_msgs/include/abds_msgs/msg/detail/vehicle_command__struct.h
-- Up-to-date: /home/nayab/dev_ws/install/abds_msgs/include/abds_msgs/msg/detail/bounding_box__functions.h
-- Up-to-date: /home/nayab/dev_ws/install/abds_msgs/include/abds_msgs/msg/detail/bounding_boxes__type_support.h
-- Up-to-date: /home/nayab/dev_ws/install/abds_msgs/include/abds_msgs/msg/detail/test_state__functions.c
-- Up-to-date: /home/nayab/dev_ws/install/abds_msgs/include/abds_msgs/msg/detail/bounding_box__struct.h
-- Up-to-date: /home/nayab/dev_ws/install/abds_msgs/include/abds_msgs/msg/detail/bounding_boxes__functions.h
-- Up-to-date: /home/nayab/dev_ws/install/abds_msgs/include/abds_msgs/msg/detail/trajectory_point__struct.h
-- Up-to-date: /home/nayab/dev_ws/install/abds_msgs/include/abds_msgs/msg/detail/bounding_box__type_support.h
-- Up-to-date: /home/nayab/dev_ws/install/abds_msgs/include/abds_msgs/msg/detail/trajectory__functions.c
-- Up-to-date: /home/nayab/dev_ws/install/abds_msgs/include/abds_msgs/msg/detail/test_state__struct.h
-- Up-to-date: /home/nayab/dev_ws/install/abds_msgs/include/abds_msgs/msg/detail/test_state__functions.h
-- Up-to-date: /home/nayab/dev_ws/install/abds_msgs/include/abds_msgs/msg/detail/trajectory_point__functions.c
-- Up-to-date: /home/nayab/dev_ws/install/abds_msgs/include/abds_msgs/msg/detail/vehicle_command__type_support.h
-- Up-to-date: /home/nayab/dev_ws/install/abds_msgs/include/abds_msgs/msg/detail/trajectory__struct.h
-- Up-to-date: /home/nayab/dev_ws/install/abds_msgs/include/abds_msgs/msg/detail/vehicle_command__functions.c
-- Up-to-date: /home/nayab/dev_ws/install/abds_msgs/include/abds_msgs/msg/detail/bounding_boxes__struct.h
-- Up-to-date: /home/nayab/dev_ws/install/abds_msgs/include/abds_msgs/msg/detail/trajectory_point__type_support.h
-- Up-to-date: /home/nayab/dev_ws/install/abds_msgs/include/abds_msgs/msg/detail/bounding_boxes__functions.c
-- Up-to-date: /home/nayab/dev_ws/install/abds_msgs/include/abds_msgs/msg/detail/vehicle_command__functions.h
-- Up-to-date: /home/nayab/dev_ws/install/abds_msgs/include/abds_msgs/msg/detail/bounding_box__functions.c
-- Up-to-date: /home/nayab/dev_ws/install/abds_msgs/include/abds_msgs/msg/detail/vehicle_state__functions.h
-- Up-to-date: /home/nayab/dev_ws/install/abds_msgs/include/abds_msgs/msg/detail/test_state__type_support.h
-- Up-to-date: /home/nayab/dev_ws/install/abds_msgs/include/abds_msgs/msg/detail/vehicle_state__struct.h
-- Up-to-date: /home/nayab/dev_ws/install/abds_msgs/include/abds_msgs/msg/detail/vehicle_state__functions.c
-- Up-to-date: /home/nayab/dev_ws/install/abds_msgs/include/abds_msgs/msg/detail/trajectory__type_support.h
-- Up-to-date: /home/nayab/dev_ws/install/abds_msgs/include/abds_msgs/msg/detail/trajectory__functions.h
-- Up-to-date: /home/nayab/dev_ws/install/abds_msgs/include/abds_msgs/msg/detail/trajectory_point__functions.h
-- Up-to-date: /home/nayab/dev_ws/install/abds_msgs/include/abds_msgs/msg/detail/vehicle_state__type_support.h
-- Up-to-date: /home/nayab/dev_ws/install/abds_msgs/include/abds_msgs/msg/test_state.h
-- Up-to-date: /home/nayab/dev_ws/install/abds_msgs/include/abds_msgs/msg/vehicle_command.h
-- Up-to-date: /home/nayab/dev_ws/install/abds_msgs/include/abds_msgs/msg/vehicle_state.h
-- Up-to-date: /home/nayab/dev_ws/install/abds_msgs/include/abds_msgs/msg/bounding_box.h
-- Up-to-date: /home/nayab/dev_ws/install/abds_msgs/include/abds_msgs/msg/rosidl_generator_c__visibility_control.h
-- Up-to-date: /home/nayab/dev_ws/install/abds_msgs/include/abds_msgs/msg/trajectory_point.h
-- Up-to-date: /home/nayab/dev_ws/install/abds_msgs/include/abds_msgs/msg/trajectory.h
-- Up-to-date: /home/nayab/dev_ws/install/abds_msgs/include/abds_msgs/msg/bounding_boxes.h
-- Installing: /home/nayab/dev_ws/install/abds_msgs/share/abds_msgs/environment/library_path.sh
-- Installing: /home/nayab/dev_ws/install/abds_msgs/share/abds_msgs/environment/library_path.dsv
-- Installing: /home/nayab/dev_ws/install/abds_msgs/lib/libabds_msgs__rosidl_generator_c.so
-- Set runtime path of "/home/nayab/dev_ws/install/abds_msgs/lib/libabds_msgs__rosidl_generator_c.so" to ""
-- Up-to-date: /home/nayab/dev_ws/install/abds_msgs/include/abds_msgs
-- Up-to-date: /home/nayab/dev_ws/install/abds_msgs/include/abds_msgs/msg
-- Up-to-date: /home/nayab/dev_ws/install/abds_msgs/include/abds_msgs/msg/detail
-- Up-to-date: /home/nayab/dev_ws/install/abds_msgs/include/abds_msgs/msg/detail/bounding_boxes__rosidl_typesupport_fastrtps_c.h
-- Up-to-date: /home/nayab/dev_ws/install/abds_msgs/include/abds_msgs/msg/detail/trajectory_point__rosidl_typesupport_fastrtps_c.h
-- Up-to-date: /home/nayab/dev_ws/install/abds_msgs/include/abds_msgs/msg/detail/vehicle_command__rosidl_typesupport_fastrtps_c.h
-- Up-to-date: /home/nayab/dev_ws/install/abds_msgs/include/abds_msgs/msg/detail/trajectory__rosidl_typesupport_fastrtps_c.h
-- Up-to-date: /home/nayab/dev_ws/install/abds_msgs/include/abds_msgs/msg/detail/test_state__rosidl_typesupport_fastrtps_c.h
-- Up-to-date: /home/nayab/dev_ws/install/abds_msgs/include/abds_msgs/msg/detail/bounding_box__rosidl_typesupport_fastrtps_c.h
-- Up-to-date: /home/nayab/dev_ws/install/abds_msgs/include/abds_msgs/msg/detail/vehicle_state__rosidl_typesupport_fastrtps_c.h
-- Up-to-date: /home/nayab/dev_ws/install/abds_msgs/include/abds_msgs/msg/rosidl_typesupport_fastrtps_c__visibility_control.h
-- Installing: /home/nayab/dev_ws/install/abds_msgs/lib/libabds_msgs__rosidl_typesupport_fastrtps_c.so
-- Set runtime path of "/home/nayab/dev_ws/install/abds_msgs/lib/libabds_msgs__rosidl_typesupport_fastrtps_c.so" to ""
-- Up-to-date: /home/nayab/dev_ws/install/abds_msgs/include/abds_msgs
-- Up-to-date: /home/nayab/dev_ws/install/abds_msgs/include/abds_msgs/msg
-- Up-to-date: /home/nayab/dev_ws/install/abds_msgs/include/abds_msgs/msg/detail
-- Installing: /home/nayab/dev_ws/install/abds_msgs/include/abds_msgs/msg/detail/dds_fastrtps
-- Up-to-date: /home/nayab/dev_ws/install/abds_msgs/include/abds_msgs/msg/detail/vehicle_command__rosidl_typesupport_fastrtps_cpp.hpp
-- Up-to-date: /home/nayab/dev_ws/install/abds_msgs/include/abds_msgs/msg/detail/bounding_boxes__rosidl_typesupport_fastrtps_cpp.hpp
-- Up-to-date: /home/nayab/dev_ws/install/abds_msgs/include/abds_msgs/msg/detail/vehicle_state__rosidl_typesupport_fastrtps_cpp.hpp
-- Up-to-date: /home/nayab/dev_ws/install/abds_msgs/include/abds_msgs/msg/detail/bounding_box__rosidl_typesupport_fastrtps_cpp.hpp
-- Up-to-date: /home/nayab/dev_ws/install/abds_msgs/include/abds_msgs/msg/detail/trajectory__rosidl_typesupport_fastrtps_cpp.hpp
-- Up-to-date: /home/nayab/dev_ws/install/abds_msgs/include/abds_msgs/msg/detail/test_state__rosidl_typesupport_fastrtps_cpp.hpp
-- Up-to-date: /home/nayab/dev_ws/install/abds_msgs/include/abds_msgs/msg/detail/trajectory_point__rosidl_typesupport_fastrtps_cpp.hpp
-- Up-to-date: /home/nayab/dev_ws/install/abds_msgs/include/abds_msgs/msg/rosidl_typesupport_fastrtps_cpp__visibility_control.h
-- Installing: /home/nayab/dev_ws/install/abds_msgs/lib/libabds_msgs__rosidl_typesupport_fastrtps_cpp.so
-- Set runtime path of "/home/nayab/dev_ws/install/abds_msgs/lib/libabds_msgs__rosidl_typesupport_fastrtps_cpp.so" to ""
-- Up-to-date: /home/nayab/dev_ws/install/abds_msgs/include/abds_msgs
-- Up-to-date: /home/nayab/dev_ws/install/abds_msgs/include/abds_msgs/msg
-- Up-to-date: /home/nayab/dev_ws/install/abds_msgs/include/abds_msgs/msg/rosidl_typesupport_introspection_c__visibility_control.h
-- Up-to-date: /home/nayab/dev_ws/install/abds_msgs/include/abds_msgs/msg/detail
-- Up-to-date: /home/nayab/dev_ws/install/abds_msgs/include/abds_msgs/msg/detail/bounding_box__type_support.c
-- Up-to-date: /home/nayab/dev_ws/install/abds_msgs/include/abds_msgs/msg/detail/test_state__rosidl_typesupport_introspection_c.h
-- Up-to-date: /home/nayab/dev_ws/install/abds_msgs/include/abds_msgs/msg/detail/trajectory__rosidl_typesupport_introspection_c.h
-- Up-to-date: /home/nayab/dev_ws/install/abds_msgs/include/abds_msgs/msg/detail/test_state__type_support.c
-- Up-to-date: /home/nayab/dev_ws/install/abds_msgs/include/abds_msgs/msg/detail/trajectory__type_support.c
-- Up-to-date: /home/nayab/dev_ws/install/abds_msgs/include/abds_msgs/msg/detail/bounding_boxes__rosidl_typesupport_introspection_c.h
-- Up-to-date: /home/nayab/dev_ws/install/abds_msgs/include/abds_msgs/msg/detail/vehicle_state__rosidl_typesupport_introspection_c.h
-- Up-to-date: /home/nayab/dev_ws/install/abds_msgs/include/abds_msgs/msg/detail/bounding_box__rosidl_typesupport_introspection_c.h
-- Up-to-date: /home/nayab/dev_ws/install/abds_msgs/include/abds_msgs/msg/detail/vehicle_command__type_support.c
-- Up-to-date: /home/nayab/dev_ws/install/abds_msgs/include/abds_msgs/msg/detail/trajectory_point__type_support.c
-- Up-to-date: /home/nayab/dev_ws/install/abds_msgs/include/abds_msgs/msg/detail/bounding_boxes__type_support.c
-- Up-to-date: /home/nayab/dev_ws/install/abds_msgs/include/abds_msgs/msg/detail/trajectory_point__rosidl_typesupport_introspection_c.h
-- Up-to-date: /home/nayab/dev_ws/install/abds_msgs/include/abds_msgs/msg/detail/vehicle_command__rosidl_typesupport_introspection_c.h
-- Up-to-date: /home/nayab/dev_ws/install/abds_msgs/include/abds_msgs/msg/detail/vehicle_state__type_support.c
-- Installing: /home/nayab/dev_ws/install/abds_msgs/lib/libabds_msgs__rosidl_typesupport_introspection_c.so
-- Set runtime path of "/home/nayab/dev_ws/install/abds_msgs/lib/libabds_msgs__rosidl_typesupport_introspection_c.so" to ""
-- Installing: /home/nayab/dev_ws/install/abds_msgs/lib/libabds_msgs__rosidl_typesupport_c.so
-- Set runtime path of "/home/nayab/dev_ws/install/abds_msgs/lib/libabds_msgs__rosidl_typesupport_c.so" to ""
-- Up-to-date: /home/nayab/dev_ws/install/abds_msgs/include/abds_msgs
-- Up-to-date: /home/nayab/dev_ws/install/abds_msgs/include/abds_msgs/msg
-- Up-to-date: /home/nayab/dev_ws/install/abds_msgs/include/abds_msgs/msg/trajectory.hpp
-- Up-to-date: /home/nayab/dev_ws/install/abds_msgs/include/abds_msgs/msg/detail
-- Up-to-date: /home/nayab/dev_ws/install/abds_msgs/include/abds_msgs/msg/detail/bounding_box__builder.hpp
-- Up-to-date: /home/nayab/dev_ws/install/abds_msgs/include/abds_msgs/msg/detail/bounding_boxes__builder.hpp
-- Up-to-date: /home/nayab/dev_ws/install/abds_msgs/include/abds_msgs/msg/detail/test_state__traits.hpp
-- Up-to-date: /home/nayab/dev_ws/install/abds_msgs/include/abds_msgs/msg/detail/vehicle_command__traits.hpp
-- Up-to-date: /home/nayab/dev_ws/install/abds_msgs/include/abds_msgs/msg/detail/vehicle_command__builder.hpp
-- Up-to-date: /home/nayab/dev_ws/install/abds_msgs/include/abds_msgs/msg/detail/test_state__builder.hpp
-- Up-to-date: /home/nayab/dev_ws/install/abds_msgs/include/abds_msgs/msg/detail/bounding_boxes__struct.hpp
-- Up-to-date: /home/nayab/dev_ws/install/abds_msgs/include/abds_msgs/msg/detail/bounding_box__traits.hpp
-- Up-to-date: /home/nayab/dev_ws/install/abds_msgs/include/abds_msgs/msg/detail/vehicle_state__builder.hpp
-- Up-to-date: /home/nayab/dev_ws/install/abds_msgs/include/abds_msgs/msg/detail/trajectory_point__builder.hpp
-- Up-to-date: /home/nayab/dev_ws/install/abds_msgs/include/abds_msgs/msg/detail/vehicle_state__struct.hpp
-- Up-to-date: /home/nayab/dev_ws/install/abds_msgs/include/abds_msgs/msg/detail/trajectory_point__traits.hpp
-- Up-to-date: /home/nayab/dev_ws/install/abds_msgs/include/abds_msgs/msg/detail/bounding_box__struct.hpp
-- Up-to-date: /home/nayab/dev_ws/install/abds_msgs/include/abds_msgs/msg/detail/bounding_boxes__traits.hpp
-- Up-to-date: /home/nayab/dev_ws/install/abds_msgs/include/abds_msgs/msg/detail/trajectory__traits.hpp
-- Up-to-date: /home/nayab/dev_ws/install/abds_msgs/include/abds_msgs/msg/detail/vehicle_command__struct.hpp
-- Up-to-date: /home/nayab/dev_ws/install/abds_msgs/include/abds_msgs/msg/detail/vehicle_state__traits.hpp
-- Up-to-date: /home/nayab/dev_ws/install/abds_msgs/include/abds_msgs/msg/detail/trajectory_point__struct.hpp
-- Up-to-date: /home/nayab/dev_ws/install/abds_msgs/include/abds_msgs/msg/detail/trajectory__struct.hpp
-- Up-to-date: /home/nayab/dev_ws/install/abds_msgs/include/abds_msgs/msg/detail/test_state__struct.hpp
-- Up-to-date: /home/nayab/dev_ws/install/abds_msgs/include/abds_msgs/msg/detail/trajectory__builder.hpp
-- Up-to-date: /home/nayab/dev_ws/install/abds_msgs/include/abds_msgs/msg/trajectory_point.hpp
-- Up-to-date: /home/nayab/dev_ws/install/abds_msgs/include/abds_msgs/msg/vehicle_command.hpp
-- Up-to-date: /home/nayab/dev_ws/install/abds_msgs/include/abds_msgs/msg/vehicle_state.hpp
-- Up-to-date: /home/nayab/dev_ws/install/abds_msgs/include/abds_msgs/msg/bounding_boxes.hpp
-- Up-to-date: /home/nayab/dev_ws/install/abds_msgs/include/abds_msgs/msg/bounding_box.hpp
-- Up-to-date: /home/nayab/dev_ws/install/abds_msgs/include/abds_msgs/msg/test_state.hpp
-- Up-to-date: /home/nayab/dev_ws/install/abds_msgs/include/abds_msgs
-- Up-to-date: /home/nayab/dev_ws/install/abds_msgs/include/abds_msgs/msg
-- Up-to-date: /home/nayab/dev_ws/install/abds_msgs/include/abds_msgs/msg/detail
-- Up-to-date: /home/nayab/dev_ws/install/abds_msgs/include/abds_msgs/msg/detail/test_state__type_support.cpp
-- Up-to-date: /home/nayab/dev_ws/install/abds_msgs/include/abds_msgs/msg/detail/vehicle_command__rosidl_typesupport_introspection_cpp.hpp
-- Up-to-date: /home/nayab/dev_ws/install/abds_msgs/include/abds_msgs/msg/detail/vehicle_state__rosidl_typesupport_introspection_cpp.hpp
-- Up-to-date: /home/nayab/dev_ws/install/abds_msgs/include/abds_msgs/msg/detail/bounding_boxes__rosidl_typesupport_introspection_cpp.hpp
-- Up-to-date: /home/nayab/dev_ws/install/abds_msgs/include/abds_msgs/msg/detail/trajectory__rosidl_typesupport_introspection_cpp.hpp
-- Up-to-date: /home/nayab/dev_ws/install/abds_msgs/include/abds_msgs/msg/detail/test_state__rosidl_typesupport_introspection_cpp.hpp
-- Up-to-date: /home/nayab/dev_ws/install/abds_msgs/include/abds_msgs/msg/detail/bounding_box__rosidl_typesupport_introspection_cpp.hpp
-- Up-to-date: /home/nayab/dev_ws/install/abds_msgs/include/abds_msgs/msg/detail/trajectory_point__type_support.cpp
-- Up-to-date: /home/nayab/dev_ws/install/abds_msgs/include/abds_msgs/msg/detail/bounding_box__type_support.cpp
-- Up-to-date: /home/nayab/dev_ws/install/abds_msgs/include/abds_msgs/msg/detail/trajectory__type_support.cpp
-- Up-to-date: /home/nayab/dev_ws/install/abds_msgs/include/abds_msgs/msg/detail/vehicle_command__type_support.cpp
-- Up-to-date: /home/nayab/dev_ws/install/abds_msgs/include/abds_msgs/msg/detail/bounding_boxes__type_support.cpp
-- Up-to-date: /home/nayab/dev_ws/install/abds_msgs/include/abds_msgs/msg/detail/trajectory_point__rosidl_typesupport_introspection_cpp.hpp
-- Up-to-date: /home/nayab/dev_ws/install/abds_msgs/include/abds_msgs/msg/detail/vehicle_state__type_support.cpp
-- Installing: /home/nayab/dev_ws/install/abds_msgs/lib/libabds_msgs__rosidl_typesupport_introspection_cpp.so
-- Set runtime path of "/home/nayab/dev_ws/install/abds_msgs/lib/libabds_msgs__rosidl_typesupport_introspection_cpp.so" to ""
-- Installing: /home/nayab/dev_ws/install/abds_msgs/lib/libabds_msgs__rosidl_typesupport_cpp.so
-- Set runtime path of "/home/nayab/dev_ws/install/abds_msgs/lib/libabds_msgs__rosidl_typesupport_cpp.so" to ""
-- Up-to-date: /home/nayab/dev_ws/install/abds_msgs/share/abds_msgs/environment/pythonpath.sh
-- Installing: /home/nayab/dev_ws/install/abds_msgs/share/abds_msgs/environment/pythonpath.dsv
-- Installing: /home/nayab/dev_ws/install/abds_msgs/lib/python3.8/site-packages/abds_msgs/__init__.py
Compiling '/home/nayab/dev_ws/install/abds_msgs/lib/python3.8/site-packages/abds_msgs/__init__.py'...
-- Up-to-date: /home/nayab/dev_ws/install/abds_msgs/lib/python3.8/site-packages/abds_msgs/msg
-- Up-to-date: /home/nayab/dev_ws/install/abds_msgs/lib/python3.8/site-packages/abds_msgs/msg/_bounding_boxes_s.c
-- Up-to-date: /home/nayab/dev_ws/install/abds_msgs/lib/python3.8/site-packages/abds_msgs/msg/_vehicle_state.py
-- Up-to-date: /home/nayab/dev_ws/install/abds_msgs/lib/python3.8/site-packages/abds_msgs/msg/_bounding_boxes.py
-- Up-to-date: /home/nayab/dev_ws/install/abds_msgs/lib/python3.8/site-packages/abds_msgs/msg/__init__.py
-- Up-to-date: /home/nayab/dev_ws/install/abds_msgs/lib/python3.8/site-packages/abds_msgs/msg/_trajectory_point.py
-- Up-to-date: /home/nayab/dev_ws/install/abds_msgs/lib/python3.8/site-packages/abds_msgs/msg/_vehicle_state_s.c
-- Up-to-date: /home/nayab/dev_ws/install/abds_msgs/lib/python3.8/site-packages/abds_msgs/msg/_trajectory_point_s.c
-- Up-to-date: /home/nayab/dev_ws/install/abds_msgs/lib/python3.8/site-packages/abds_msgs/msg/_test_state.py
-- Up-to-date: /home/nayab/dev_ws/install/abds_msgs/lib/python3.8/site-packages/abds_msgs/msg/_bounding_box.py
-- Up-to-date: /home/nayab/dev_ws/install/abds_msgs/lib/python3.8/site-packages/abds_msgs/msg/_trajectory.py
-- Up-to-date: /home/nayab/dev_ws/install/abds_msgs/lib/python3.8/site-packages/abds_msgs/msg/_test_state_s.c
-- Up-to-date: /home/nayab/dev_ws/install/abds_msgs/lib/python3.8/site-packages/abds_msgs/msg/_bounding_box_s.c
-- Up-to-date: /home/nayab/dev_ws/install/abds_msgs/lib/python3.8/site-packages/abds_msgs/msg/_vehicle_command.py
-- Up-to-date: /home/nayab/dev_ws/install/abds_msgs/lib/python3.8/site-packages/abds_msgs/msg/_trajectory_s.c
-- Up-to-date: /home/nayab/dev_ws/install/abds_msgs/lib/python3.8/site-packages/abds_msgs/msg/_vehicle_command_s.c
-- Installing: /home/nayab/dev_ws/install/abds_msgs/lib/python3.8/site-packages/abds_msgs/abds_msgs_s__rosidl_typesupport_fastrtps_c.cpython-38-x86_64-linux-gnu.so
-- Set runtime path of "/home/nayab/dev_ws/install/abds_msgs/lib/python3.8/site-packages/abds_msgs/abds_msgs_s__rosidl_typesupport_fastrtps_c.cpython-38-x86_64-linux-gnu.so" to ""
-- Installing: /home/nayab/dev_ws/install/abds_msgs/lib/python3.8/site-packages/abds_msgs/abds_msgs_s__rosidl_typesupport_introspection_c.cpython-38-x86_64-linux-gnu.so
-- Set runtime path of "/home/nayab/dev_ws/install/abds_msgs/lib/python3.8/site-packages/abds_msgs/abds_msgs_s__rosidl_typesupport_introspection_c.cpython-38-x86_64-linux-gnu.so" to ""
-- Installing: /home/nayab/dev_ws/install/abds_msgs/lib/python3.8/site-packages/abds_msgs/abds_msgs_s__rosidl_typesupport_c.cpython-38-x86_64-linux-gnu.so
-- Set runtime path of "/home/nayab/dev_ws/install/abds_msgs/lib/python3.8/site-packages/abds_msgs/abds_msgs_s__rosidl_typesupport_c.cpython-38-x86_64-linux-gnu.so" to ""
-- Installing: /home/nayab/dev_ws/install/abds_msgs/lib/libabds_msgs__python.so
-- Set runtime path of "/home/nayab/dev_ws/install/abds_msgs/lib/libabds_msgs__python.so" to ""
-- Up-to-date: /home/nayab/dev_ws/install/abds_msgs/share/abds_msgs/msg/BoundingBox.idl
-- Up-to-date: /home/nayab/dev_ws/install/abds_msgs/share/abds_msgs/msg/BoundingBoxes.idl
-- Up-to-date: /home/nayab/dev_ws/install/abds_msgs/share/abds_msgs/msg/TrajectoryPoint.idl
-- Up-to-date: /home/nayab/dev_ws/install/abds_msgs/share/abds_msgs/msg/Trajectory.idl
-- Up-to-date: /home/nayab/dev_ws/install/abds_msgs/share/abds_msgs/msg/VehicleCommand.idl
-- Up-to-date: /home/nayab/dev_ws/install/abds_msgs/share/abds_msgs/msg/VehicleState.idl
-- Up-to-date: /home/nayab/dev_ws/install/abds_msgs/share/abds_msgs/msg/TestState.idl
-- Up-to-date: /home/nayab/dev_ws/install/abds_msgs/share/abds_msgs/msg/BoundingBox.msg
-- Up-to-date: /home/nayab/dev_ws/install/abds_msgs/share/abds_msgs/msg/BoundingBoxes.msg
-- Up-to-date: /home/nayab/dev_ws/install/abds_msgs/share/abds_msgs/msg/TrajectoryPoint.msg
-- Up-to-date: /home/nayab/dev_ws/install/abds_msgs/share/abds_msgs/msg/Trajectory.msg
-- Up-to-date: /home/nayab/dev_ws/install/abds_msgs/share/abds_msgs/msg/VehicleCommand.msg
-- Up-to-date: /home/nayab/dev_ws/install/abds_msgs/share/abds_msgs/msg/VehicleState.msg
-- Up-to-date: /home/nayab/dev_ws/install/abds_msgs/share/abds_msgs/msg/TestState.msg
-- Up-to-date: /home/nayab/dev_ws/install/abds_msgs/share/ament_index/resource_index/package_run_dependencies/abds_msgs
-- Up-to-date: /home/nayab/dev_ws/install/abds_msgs/share/ament_index/resource_index/parent_prefix_path/abds_msgs
-- Installing: /home/nayab/dev_ws/install/abds_msgs/share/abds_msgs/environment/ament_prefix_path.sh
-- Installing: /home/nayab/dev_ws/install/abds_msgs/share/abds_msgs/environment/ament_prefix_path.dsv
-- Installing: /home/nayab/dev_ws/install/abds_msgs/share/abds_msgs/environment/path.sh
-- Installing: /home/nayab/dev_ws/install/abds_msgs/share/abds_msgs/environment/path.dsv
-- Up-to-date: /home/nayab/dev_ws/install/abds_msgs/share/abds_msgs/local_setup.bash
-- Up-to-date: /home/nayab/dev_ws/install/abds_msgs/share/abds_msgs/local_setup.sh
-- Up-to-date: /home/nayab/dev_ws/install/abds_msgs/share/abds_msgs/local_setup.zsh
-- Installing: /home/nayab/dev_ws/install/abds_msgs/share/abds_msgs/local_setup.dsv
-- Installing: /home/nayab/dev_ws/install/abds_msgs/share/abds_msgs/package.dsv
-- Up-to-date: /home/nayab/dev_ws/install/abds_msgs/share/ament_index/resource_index/packages/abds_msgs
-- Up-to-date: /home/nayab/dev_ws/install/abds_msgs/share/abds_msgs/cmake/abds_msgs__rosidl_generator_cExport.cmake
-- Installing: /home/nayab/dev_ws/install/abds_msgs/share/abds_msgs/cmake/abds_msgs__rosidl_generator_cExport-noconfig.cmake
-- Up-to-date: /home/nayab/dev_ws/install/abds_msgs/share/abds_msgs/cmake/abds_msgs__rosidl_typesupport_introspection_cExport.cmake
-- Installing: /home/nayab/dev_ws/install/abds_msgs/share/abds_msgs/cmake/abds_msgs__rosidl_typesupport_introspection_cExport-noconfig.cmake
-- Up-to-date: /home/nayab/dev_ws/install/abds_msgs/share/abds_msgs/cmake/abds_msgs__rosidl_typesupport_cExport.cmake
-- Installing: /home/nayab/dev_ws/install/abds_msgs/share/abds_msgs/cmake/abds_msgs__rosidl_typesupport_cExport-noconfig.cmake
-- Up-to-date: /home/nayab/dev_ws/install/abds_msgs/share/abds_msgs/cmake/abds_msgs__rosidl_generator_cppExport.cmake
-- Up-to-date: /home/nayab/dev_ws/install/abds_msgs/share/abds_msgs/cmake/abds_msgs__rosidl_typesupport_introspection_cppExport.cmake
-- Installing: /home/nayab/dev_ws/install/abds_msgs/share/abds_msgs/cmake/abds_msgs__rosidl_typesupport_introspection_cppExport-noconfig.cmake
-- Up-to-date: /home/nayab/dev_ws/install/abds_msgs/share/abds_msgs/cmake/abds_msgs__rosidl_typesupport_cppExport.cmake
-- Installing: /home/nayab/dev_ws/install/abds_msgs/share/abds_msgs/cmake/abds_msgs__rosidl_typesupport_cppExport-noconfig.cmake
-- Up-to-date: /home/nayab/dev_ws/install/abds_msgs/share/abds_msgs/cmake/rosidl_cmake-extras.cmake
-- Installing: /home/nayab/dev_ws/install/abds_msgs/share/abds_msgs/cmake/ament_cmake_export_dependencies-extras.cmake
-- Up-to-date: /home/nayab/dev_ws/install/abds_msgs/share/abds_msgs/cmake/ament_cmake_export_libraries-extras.cmake
-- Up-to-date: /home/nayab/dev_ws/install/abds_msgs/share/abds_msgs/cmake/ament_cmake_export_targets-extras.cmake
-- Up-to-date: /home/nayab/dev_ws/install/abds_msgs/share/abds_msgs/cmake/ament_cmake_export_include_directories-extras.cmake
-- Up-to-date: /home/nayab/dev_ws/install/abds_msgs/share/abds_msgs/cmake/rosidl_cmake_export_typesupport_libraries-extras.cmake
-- Up-to-date: /home/nayab/dev_ws/install/abds_msgs/share/abds_msgs/cmake/rosidl_cmake_export_typesupport_targets-extras.cmake
-- Up-to-date: /home/nayab/dev_ws/install/abds_msgs/share/abds_msgs/cmake/abds_msgsConfig.cmake
-- Up-to-date: /home/nayab/dev_ws/install/abds_msgs/share/abds_msgs/cmake/abds_msgsConfig-version.cmake
-- Up-to-date: /home/nayab/dev_ws/install/abds_msgs/share/abds_msgs/package.xml
