[0.046s] Invoking command in '/home/nayab/dev_ws/build/abds_msgs': CMAKE_PREFIX_PATH=/opt/ros/foxy:${CMAKE_PREFIX_PATH} /usr/bin/cmake --build /home/nayab/dev_ws/build/abds_msgs -- -j4 -l4
[0.363s] -- Found ament_cmake_auto: 0.9.9 (/opt/ros/foxy/share/ament_cmake_auto/cmake)
[0.365s] -- Found PythonInterp: /usr/bin/python3 (found suitable version "3.8.10", minimum required is "3") 
[0.365s] -- Using PYTHON_EXECUTABLE: /usr/bin/python3
[0.564s] -- Using all available rosidl_typesupport_c: rosidl_typesupport_fastrtps_c;rosidl_typesupport_introspection_c
[0.572s] -- Found rosidl_adapter: 1.2.1 (/opt/ros/foxy/share/rosidl_adapter/cmake)
[0.753s] -- Using all available rosidl_typesupport_cpp: rosidl_typesupport_fastrtps_cpp;rosidl_typesupport_introspection_cpp
[1.027s] -- Found PythonInterp: /usr/bin/python3 (found version "3.8.10") 
[1.208s] -- Found ament_cmake_ros: 0.9.2 (/opt/ros/foxy/share/ament_cmake_ros/cmake)
[1.487s] -- Using all available rosidl_typesupport_c: rosidl_typesupport_fastrtps_c;rosidl_typesupport_introspection_c
[1.603s] -- Using all available rosidl_typesupport_cpp: rosidl_typesupport_fastrtps_cpp;rosidl_typesupport_introspection_cpp
[1.629s] -- Found PythonInterp: /usr/bin/python3 (found suitable version "3.8.10", minimum required is "3.5") 
[1.630s] -- Found python_cmake_module: 0.8.1 (/opt/ros/foxy/share/python_cmake_module/cmake)
[1.667s] -- Using PYTHON_EXECUTABLE: /usr/bin/python3
[1.667s] -- Using PYTHON_INCLUDE_DIRS: /usr/include/python3.8
[1.667s] -- Using PYTHON_LIBRARIES: /usr/lib/x86_64-linux-gnu/libpython3.8.so
[1.722s] -- Found ament_lint_auto: 0.9.6 (/opt/ros/foxy/share/ament_lint_auto/cmake)
[1.734s] -- Added test 'copyright' to check source files copyright and LICENSE
[1.739s] -- Added test 'lint_cmake' to check CMake code style
[1.739s] -- Added test 'xmllint' to check XML markup files
[1.741s] -- Configuring done
[1.816s] -- Generating done
[1.819s] -- Build files have been written to: /home/nayab/dev_ws/build/abds_msgs
[1.862s] [35m[1mScanning dependencies of target abds_msgs__rosidl_generator_c[0m
[1.867s] [  1%] Built target abds_msgs__cpp
[1.885s] [  2%] [32mBuilding C object CMakeFiles/abds_msgs__rosidl_generator_c.dir/rosidl_generator_c/abds_msgs/msg/detail/bounding_box__functions.c.o[0m
[1.893s] [35m[1mScanning dependencies of target abds_msgs__rosidl_typesupport_cpp[0m
[1.896s] [35m[1mScanning dependencies of target abds_msgs__rosidl_typesupport_fastrtps_cpp[0m
[1.902s] [35m[1mScanning dependencies of target abds_msgs__rosidl_typesupport_introspection_cpp[0m
[1.929s] [  3%] [32mBuilding CXX object CMakeFiles/abds_msgs__rosidl_typesupport_cpp.dir/rosidl_typesupport_cpp/abds_msgs/msg/bounding_box__type_support.cpp.o[0m
[1.945s] [  5%] [32mBuilding CXX object CMakeFiles/abds_msgs__rosidl_typesupport_introspection_cpp.dir/rosidl_typesupport_introspection_cpp/abds_msgs/msg/detail/bounding_box__type_support.cpp.o[0m
[1.956s] [  6%] [32mBuilding CXX object CMakeFiles/abds_msgs__rosidl_typesupport_fastrtps_cpp.dir/rosidl_typesupport_fastrtps_cpp/abds_msgs/msg/detail/dds_fastrtps/bounding_box__type_support.cpp.o[0m
[2.177s] [  7%] [32mBuilding C object CMakeFiles/abds_msgs__rosidl_generator_c.dir/rosidl_generator_c/abds_msgs/msg/detail/bounding_boxes__functions.c.o[0m
[2.303s] [  8%] [32mBuilding C object CMakeFiles/abds_msgs__rosidl_generator_c.dir/rosidl_generator_c/abds_msgs/msg/detail/trajectory_point__functions.c.o[0m
[2.433s] [ 10%] [32mBuilding C object CMakeFiles/abds_msgs__rosidl_generator_c.dir/rosidl_generator_c/abds_msgs/msg/detail/trajectory__functions.c.o[0m
[2.562s] [ 11%] [32mBuilding C object CMakeFiles/abds_msgs__rosidl_generator_c.dir/rosidl_generator_c/abds_msgs/msg/detail/vehicle_command__functions.c.o[0m
[2.656s] [ 12%] [32mBuilding C object CMakeFiles/abds_msgs__rosidl_generator_c.dir/rosidl_generator_c/abds_msgs/msg/detail/vehicle_state__functions.c.o[0m
[2.698s] [ 13%] [32mBuilding CXX object CMakeFiles/abds_msgs__rosidl_typesupport_introspection_cpp.dir/rosidl_typesupport_introspection_cpp/abds_msgs/msg/detail/bounding_boxes__type_support.cpp.o[0m
[2.706s] [ 15%] [32mBuilding C object CMakeFiles/abds_msgs__rosidl_generator_c.dir/rosidl_generator_c/abds_msgs/msg/detail/test_state__functions.c.o[0m
[2.759s] [ 16%] [32mBuilding CXX object CMakeFiles/abds_msgs__rosidl_typesupport_cpp.dir/rosidl_typesupport_cpp/abds_msgs/msg/bounding_boxes__type_support.cpp.o[0m
[2.761s] [ 17%] [32m[1mLinking C shared library libabds_msgs__rosidl_generator_c.so[0m
[2.884s] [ 18%] Built target abds_msgs__rosidl_generator_c
[2.908s] [ 20%] [32mBuilding CXX object CMakeFiles/abds_msgs__rosidl_typesupport_cpp.dir/rosidl_typesupport_cpp/abds_msgs/msg/trajectory_point__type_support.cpp.o[0m
[3.080s] [ 21%] [32mBuilding CXX object CMakeFiles/abds_msgs__rosidl_typesupport_fastrtps_cpp.dir/rosidl_typesupport_fastrtps_cpp/abds_msgs/msg/detail/dds_fastrtps/bounding_boxes__type_support.cpp.o[0m
[3.117s] [ 22%] [32mBuilding CXX object CMakeFiles/abds_msgs__rosidl_typesupport_fastrtps_cpp.dir/rosidl_typesupport_fastrtps_cpp/abds_msgs/msg/detail/dds_fastrtps/trajectory_point__type_support.cpp.o[0m
[3.388s] [ 24%] [32mBuilding CXX object CMakeFiles/abds_msgs__rosidl_typesupport_cpp.dir/rosidl_typesupport_cpp/abds_msgs/msg/trajectory__type_support.cpp.o[0m
[3.428s] [ 25%] [32mBuilding CXX object CMakeFiles/abds_msgs__rosidl_typesupport_introspection_cpp.dir/rosidl_typesupport_introspection_cpp/abds_msgs/msg/detail/trajectory_point__type_support.cpp.o[0m
[3.683s] [ 26%] [32mBuilding CXX object CMakeFiles/abds_msgs__rosidl_typesupport_cpp.dir/rosidl_typesupport_cpp/abds_msgs/msg/vehicle_command__type_support.cpp.o[0m
[3.724s] [ 27%] [32mBuilding CXX object CMakeFiles/abds_msgs__rosidl_typesupport_introspection_cpp.dir/rosidl_typesupport_introspection_cpp/abds_msgs/msg/detail/trajectory__type_support.cpp.o[0m
[3.767s] [ 29%] [32mBuilding CXX object CMakeFiles/abds_msgs__rosidl_typesupport_fastrtps_cpp.dir/rosidl_typesupport_fastrtps_cpp/abds_msgs/msg/detail/dds_fastrtps/trajectory__type_support.cpp.o[0m
[3.885s] [ 30%] [32mBuilding CXX object CMakeFiles/abds_msgs__rosidl_typesupport_introspection_cpp.dir/rosidl_typesupport_introspection_cpp/abds_msgs/msg/detail/vehicle_command__type_support.cpp.o[0m
[4.069s] [ 31%] [32mBuilding CXX object CMakeFiles/abds_msgs__rosidl_typesupport_cpp.dir/rosidl_typesupport_cpp/abds_msgs/msg/vehicle_state__type_support.cpp.o[0m
[4.252s] [ 32%] [32mBuilding CXX object CMakeFiles/abds_msgs__rosidl_typesupport_introspection_cpp.dir/rosidl_typesupport_introspection_cpp/abds_msgs/msg/detail/vehicle_state__type_support.cpp.o[0m
[4.387s] [ 34%] [32mBuilding CXX object CMakeFiles/abds_msgs__rosidl_typesupport_introspection_cpp.dir/rosidl_typesupport_introspection_cpp/abds_msgs/msg/detail/test_state__type_support.cpp.o[0m
[4.425s] [ 35%] [32mBuilding CXX object CMakeFiles/abds_msgs__rosidl_typesupport_cpp.dir/rosidl_typesupport_cpp/abds_msgs/msg/test_state__type_support.cpp.o[0m
[4.525s] [ 36%] [32mBuilding CXX object CMakeFiles/abds_msgs__rosidl_typesupport_fastrtps_cpp.dir/rosidl_typesupport_fastrtps_cpp/abds_msgs/msg/detail/dds_fastrtps/vehicle_command__type_support.cpp.o[0m
[4.693s] [35m[1mScanning dependencies of target abds_msgs__rosidl_typesupport_introspection_c[0m
[4.761s] [ 37%] [32mBuilding C object CMakeFiles/abds_msgs__rosidl_typesupport_introspection_c.dir/rosidl_typesupport_introspection_c/abds_msgs/msg/detail/bounding_box__type_support.c.o[0m
[4.805s] [ 39%] [32mBuilding C object CMakeFiles/abds_msgs__rosidl_typesupport_introspection_c.dir/rosidl_typesupport_introspection_c/abds_msgs/msg/detail/bounding_boxes__type_support.c.o[0m
[4.824s] [ 40%] [32m[1mLinking CXX shared library libabds_msgs__rosidl_typesupport_introspection_cpp.so[0m
[4.878s] [ 41%] [32m[1mLinking CXX shared library libabds_msgs__rosidl_typesupport_cpp.so[0m
[4.917s] [ 43%] [32mBuilding C object CMakeFiles/abds_msgs__rosidl_typesupport_introspection_c.dir/rosidl_typesupport_introspection_c/abds_msgs/msg/detail/trajectory_point__type_support.c.o[0m
[4.939s] [ 44%] Built target abds_msgs__rosidl_typesupport_cpp
[4.954s] [ 45%] Built target abds_msgs__rosidl_typesupport_introspection_cpp
[4.956s] [ 46%] [32mBuilding C object CMakeFiles/abds_msgs__rosidl_typesupport_introspection_c.dir/rosidl_typesupport_introspection_c/abds_msgs/msg/detail/trajectory__type_support.c.o[0m
[4.964s] [35m[1mScanning dependencies of target abds_msgs__rosidl_typesupport_c[0m
[4.968s] [ 48%] [32mBuilding C object CMakeFiles/abds_msgs__rosidl_typesupport_introspection_c.dir/rosidl_typesupport_introspection_c/abds_msgs/msg/detail/vehicle_command__type_support.c.o[0m
[4.984s] [ 49%] [32mBuilding CXX object CMakeFiles/abds_msgs__rosidl_typesupport_c.dir/rosidl_typesupport_c/abds_msgs/msg/bounding_box__type_support.cpp.o[0m
[5.020s] [ 50%] [32mBuilding C object CMakeFiles/abds_msgs__rosidl_typesupport_introspection_c.dir/rosidl_typesupport_introspection_c/abds_msgs/msg/detail/vehicle_state__type_support.c.o[0m
[5.036s] [ 51%] [32mBuilding CXX object CMakeFiles/abds_msgs__rosidl_typesupport_c.dir/rosidl_typesupport_c/abds_msgs/msg/bounding_boxes__type_support.cpp.o[0m
[5.052s] [ 53%] [32mBuilding CXX object CMakeFiles/abds_msgs__rosidl_typesupport_fastrtps_cpp.dir/rosidl_typesupport_fastrtps_cpp/abds_msgs/msg/detail/dds_fastrtps/vehicle_state__type_support.cpp.o[0m
[5.108s] [ 54%] [32mBuilding CXX object CMakeFiles/abds_msgs__rosidl_typesupport_c.dir/rosidl_typesupport_c/abds_msgs/msg/trajectory_point__type_support.cpp.o[0m
[5.111s] [ 55%] [32mBuilding C object CMakeFiles/abds_msgs__rosidl_typesupport_introspection_c.dir/rosidl_typesupport_introspection_c/abds_msgs/msg/detail/test_state__type_support.c.o[0m
[5.168s] [ 56%] [32m[1mLinking C shared library libabds_msgs__rosidl_typesupport_introspection_c.so[0m
[5.200s] [ 58%] [32mBuilding CXX object CMakeFiles/abds_msgs__rosidl_typesupport_c.dir/rosidl_typesupport_c/abds_msgs/msg/trajectory__type_support.cpp.o[0m
[5.245s] [ 59%] Built target abds_msgs__rosidl_typesupport_introspection_c
[5.263s] [ 60%] [32mBuilding CXX object CMakeFiles/abds_msgs__rosidl_typesupport_c.dir/rosidl_typesupport_c/abds_msgs/msg/vehicle_state__type_support.cpp.o[0m
[5.269s] [ 62%] [32mBuilding CXX object CMakeFiles/abds_msgs__rosidl_typesupport_c.dir/rosidl_typesupport_c/abds_msgs/msg/vehicle_command__type_support.cpp.o[0m
[5.277s] [ 63%] [32mBuilding CXX object CMakeFiles/abds_msgs__rosidl_typesupport_fastrtps_cpp.dir/rosidl_typesupport_fastrtps_cpp/abds_msgs/msg/detail/dds_fastrtps/test_state__type_support.cpp.o[0m
[5.301s] [ 64%] [32mBuilding CXX object CMakeFiles/abds_msgs__rosidl_typesupport_c.dir/rosidl_typesupport_c/abds_msgs/msg/test_state__type_support.cpp.o[0m
[5.343s] [ 65%] [32m[1mLinking CXX shared library libabds_msgs__rosidl_typesupport_c.so[0m
[5.406s] [ 67%] Built target abds_msgs__rosidl_typesupport_c
[5.706s] [ 68%] [32m[1mLinking CXX shared library libabds_msgs__rosidl_typesupport_fastrtps_cpp.so[0m
[5.819s] [ 69%] Built target abds_msgs__rosidl_typesupport_fastrtps_cpp
[5.835s] [35m[1mScanning dependencies of target abds_msgs__rosidl_typesupport_fastrtps_c[0m
[5.863s] [ 73%] [32mBuilding CXX object CMakeFiles/abds_msgs__rosidl_typesupport_fastrtps_c.dir/rosidl_typesupport_fastrtps_c/abds_msgs/msg/detail/bounding_boxes__type_support_c.cpp.o[0m
[5.863s] [ 73%] [32mBuilding CXX object CMakeFiles/abds_msgs__rosidl_typesupport_fastrtps_c.dir/rosidl_typesupport_fastrtps_c/abds_msgs/msg/detail/bounding_box__type_support_c.cpp.o[0m
[5.863s] [ 73%] [32mBuilding CXX object CMakeFiles/abds_msgs__rosidl_typesupport_fastrtps_c.dir/rosidl_typesupport_fastrtps_c/abds_msgs/msg/detail/trajectory_point__type_support_c.cpp.o[0m
[5.863s] [ 74%] [32mBuilding CXX object CMakeFiles/abds_msgs__rosidl_typesupport_fastrtps_c.dir/rosidl_typesupport_fastrtps_c/abds_msgs/msg/detail/trajectory__type_support_c.cpp.o[0m
[6.218s] [ 75%] [32mBuilding CXX object CMakeFiles/abds_msgs__rosidl_typesupport_fastrtps_c.dir/rosidl_typesupport_fastrtps_c/abds_msgs/msg/detail/vehicle_command__type_support_c.cpp.o[0m
[6.224s] [ 77%] [32mBuilding CXX object CMakeFiles/abds_msgs__rosidl_typesupport_fastrtps_c.dir/rosidl_typesupport_fastrtps_c/abds_msgs/msg/detail/vehicle_state__type_support_c.cpp.o[0m
[6.234s] [ 78%] [32mBuilding CXX object CMakeFiles/abds_msgs__rosidl_typesupport_fastrtps_c.dir/rosidl_typesupport_fastrtps_c/abds_msgs/msg/detail/test_state__type_support_c.cpp.o[0m
[6.583s] [ 79%] [32m[1mLinking CXX shared library libabds_msgs__rosidl_typesupport_fastrtps_c.so[0m
[6.687s] [ 81%] Built target abds_msgs__rosidl_typesupport_fastrtps_c
[6.715s] [ 81%] Built target abds_msgs
[6.741s] [ 82%] Built target abds_msgs__py
[6.757s] [35m[1mScanning dependencies of target abds_msgs__python[0m
[6.786s] [ 87%] [32mBuilding C object CMakeFiles/abds_msgs__python.dir/rosidl_generator_py/abds_msgs/msg/_bounding_box_s.c.o[0m
[6.787s] [ 87%] [32mBuilding C object CMakeFiles/abds_msgs__python.dir/rosidl_generator_py/abds_msgs/msg/_trajectory_point_s.c.o[0m
[6.787s] [ 87%] [32mBuilding C object CMakeFiles/abds_msgs__python.dir/rosidl_generator_py/abds_msgs/msg/_bounding_boxes_s.c.o[0m
[6.787s] [ 87%] [32mBuilding C object CMakeFiles/abds_msgs__python.dir/rosidl_generator_py/abds_msgs/msg/_trajectory_s.c.o[0m
[6.905s] [ 89%] [32mBuilding C object CMakeFiles/abds_msgs__python.dir/rosidl_generator_py/abds_msgs/msg/_vehicle_command_s.c.o[0m
[6.905s] [ 89%] [32mBuilding C object CMakeFiles/abds_msgs__python.dir/rosidl_generator_py/abds_msgs/msg/_vehicle_state_s.c.o[0m
[6.912s] [ 91%] [32mBuilding C object CMakeFiles/abds_msgs__python.dir/rosidl_generator_py/abds_msgs/msg/_test_state_s.c.o[0m
[7.001s] [ 92%] [32m[1mLinking C shared library rosidl_generator_py/abds_msgs/libabds_msgs__python.so[0m
[7.053s] [ 92%] Built target abds_msgs__python
[7.065s] [35m[1mScanning dependencies of target abds_msgs__rosidl_typesupport_introspection_c__pyext[0m
[7.065s] [35m[1mScanning dependencies of target abds_msgs__rosidl_typesupport_c__pyext[0m
[7.065s] [35m[1mScanning dependencies of target abds_msgs__rosidl_typesupport_fastrtps_c__pyext[0m
[7.083s] [ 93%] [32mBuilding C object CMakeFiles/abds_msgs__rosidl_typesupport_c__pyext.dir/rosidl_generator_py/abds_msgs/_abds_msgs_s.ep.rosidl_typesupport_c.c.o[0m
[7.087s] [ 94%] [32mBuilding C object CMakeFiles/abds_msgs__rosidl_typesupport_introspection_c__pyext.dir/rosidl_generator_py/abds_msgs/_abds_msgs_s.ep.rosidl_typesupport_introspection_c.c.o[0m
[7.089s] [ 96%] [32mBuilding C object CMakeFiles/abds_msgs__rosidl_typesupport_fastrtps_c__pyext.dir/rosidl_generator_py/abds_msgs/_abds_msgs_s.ep.rosidl_typesupport_fastrtps_c.c.o[0m
[7.183s] [ 97%] [32m[1mLinking C shared library rosidl_generator_py/abds_msgs/abds_msgs_s__rosidl_typesupport_c.cpython-38-x86_64-linux-gnu.so[0m
[7.185s] [ 98%] [32m[1mLinking C shared library rosidl_generator_py/abds_msgs/abds_msgs_s__rosidl_typesupport_introspection_c.cpython-38-x86_64-linux-gnu.so[0m
[7.191s] [100%] [32m[1mLinking CXX shared library rosidl_generator_py/abds_msgs/abds_msgs_s__rosidl_typesupport_fastrtps_c.cpython-38-x86_64-linux-gnu.so[0m
[7.226s] [100%] Built target abds_msgs__rosidl_typesupport_c__pyext
[7.227s] [100%] Built target abds_msgs__rosidl_typesupport_introspection_c__pyext
[7.267s] [100%] Built target abds_msgs__rosidl_typesupport_fastrtps_c__pyext
[7.279s] Invoked command in '/home/nayab/dev_ws/build/abds_msgs' returned '0': CMAKE_PREFIX_PATH=/opt/ros/foxy:${CMAKE_PREFIX_PATH} /usr/bin/cmake --build /home/nayab/dev_ws/build/abds_msgs -- -j4 -l4
[7.400s] Invoking command in '/home/nayab/dev_ws/build/abds_msgs': CMAKE_PREFIX_PATH=/opt/ros/foxy:${CMAKE_PREFIX_PATH} /usr/bin/cmake --install /home/nayab/dev_ws/build/abds_msgs
[7.410s] -- Install configuration: ""
[7.410s] -- Up-to-date: /home/nayab/dev_ws/install/abds_msgs/share/ament_index/resource_index/rosidl_interfaces/abds_msgs
[7.411s] -- Up-to-date: /home/nayab/dev_ws/install/abds_msgs/include/abds_msgs
[7.411s] -- Up-to-date: /home/nayab/dev_ws/install/abds_msgs/include/abds_msgs/msg
[7.411s] -- Up-to-date: /home/nayab/dev_ws/install/abds_msgs/include/abds_msgs/msg/detail
[7.411s] -- Up-to-date: /home/nayab/dev_ws/install/abds_msgs/include/abds_msgs/msg/detail/vehicle_command__struct.h
[7.411s] -- Up-to-date: /home/nayab/dev_ws/install/abds_msgs/include/abds_msgs/msg/detail/bounding_box__functions.h
[7.411s] -- Up-to-date: /home/nayab/dev_ws/install/abds_msgs/include/abds_msgs/msg/detail/bounding_boxes__type_support.h
[7.411s] -- Up-to-date: /home/nayab/dev_ws/install/abds_msgs/include/abds_msgs/msg/detail/test_state__functions.c
[7.411s] -- Up-to-date: /home/nayab/dev_ws/install/abds_msgs/include/abds_msgs/msg/detail/bounding_box__struct.h
[7.411s] -- Up-to-date: /home/nayab/dev_ws/install/abds_msgs/include/abds_msgs/msg/detail/bounding_boxes__functions.h
[7.412s] -- Up-to-date: /home/nayab/dev_ws/install/abds_msgs/include/abds_msgs/msg/detail/trajectory_point__struct.h
[7.412s] -- Up-to-date: /home/nayab/dev_ws/install/abds_msgs/include/abds_msgs/msg/detail/bounding_box__type_support.h
[7.412s] -- Up-to-date: /home/nayab/dev_ws/install/abds_msgs/include/abds_msgs/msg/detail/trajectory__functions.c
[7.412s] -- Up-to-date: /home/nayab/dev_ws/install/abds_msgs/include/abds_msgs/msg/detail/test_state__struct.h
[7.412s] -- Up-to-date: /home/nayab/dev_ws/install/abds_msgs/include/abds_msgs/msg/detail/test_state__functions.h
[7.412s] -- Up-to-date: /home/nayab/dev_ws/install/abds_msgs/include/abds_msgs/msg/detail/trajectory_point__functions.c
[7.412s] -- Up-to-date: /home/nayab/dev_ws/install/abds_msgs/include/abds_msgs/msg/detail/vehicle_command__type_support.h
[7.412s] -- Up-to-date: /home/nayab/dev_ws/install/abds_msgs/include/abds_msgs/msg/detail/trajectory__struct.h
[7.412s] -- Up-to-date: /home/nayab/dev_ws/install/abds_msgs/include/abds_msgs/msg/detail/vehicle_command__functions.c
[7.412s] -- Up-to-date: /home/nayab/dev_ws/install/abds_msgs/include/abds_msgs/msg/detail/bounding_boxes__struct.h
[7.412s] -- Up-to-date: /home/nayab/dev_ws/install/abds_msgs/include/abds_msgs/msg/detail/trajectory_point__type_support.h
[7.413s] -- Up-to-date: /home/nayab/dev_ws/install/abds_msgs/include/abds_msgs/msg/detail/bounding_boxes__functions.c
[7.413s] -- Up-to-date: /home/nayab/dev_ws/install/abds_msgs/include/abds_msgs/msg/detail/vehicle_command__functions.h
[7.413s] -- Up-to-date: /home/nayab/dev_ws/install/abds_msgs/include/abds_msgs/msg/detail/bounding_box__functions.c
[7.413s] -- Up-to-date: /home/nayab/dev_ws/install/abds_msgs/include/abds_msgs/msg/detail/vehicle_state__functions.h
[7.413s] -- Up-to-date: /home/nayab/dev_ws/install/abds_msgs/include/abds_msgs/msg/detail/test_state__type_support.h
[7.413s] -- Up-to-date: /home/nayab/dev_ws/install/abds_msgs/include/abds_msgs/msg/detail/vehicle_state__struct.h
[7.413s] -- Up-to-date: /home/nayab/dev_ws/install/abds_msgs/include/abds_msgs/msg/detail/vehicle_state__functions.c
[7.413s] -- Up-to-date: /home/nayab/dev_ws/install/abds_msgs/include/abds_msgs/msg/detail/trajectory__type_support.h
[7.413s] -- Up-to-date: /home/nayab/dev_ws/install/abds_msgs/include/abds_msgs/msg/detail/trajectory__functions.h
[7.413s] -- Up-to-date: /home/nayab/dev_ws/install/abds_msgs/include/abds_msgs/msg/detail/trajectory_point__functions.h
[7.413s] -- Up-to-date: /home/nayab/dev_ws/install/abds_msgs/include/abds_msgs/msg/detail/vehicle_state__type_support.h
[7.413s] -- Up-to-date: /home/nayab/dev_ws/install/abds_msgs/include/abds_msgs/msg/test_state.h
[7.414s] -- Up-to-date: /home/nayab/dev_ws/install/abds_msgs/include/abds_msgs/msg/vehicle_command.h
[7.414s] -- Up-to-date: /home/nayab/dev_ws/install/abds_msgs/include/abds_msgs/msg/vehicle_state.h
[7.414s] -- Up-to-date: /home/nayab/dev_ws/install/abds_msgs/include/abds_msgs/msg/bounding_box.h
[7.414s] -- Up-to-date: /home/nayab/dev_ws/install/abds_msgs/include/abds_msgs/msg/rosidl_generator_c__visibility_control.h
[7.414s] -- Up-to-date: /home/nayab/dev_ws/install/abds_msgs/include/abds_msgs/msg/trajectory_point.h
[7.414s] -- Up-to-date: /home/nayab/dev_ws/install/abds_msgs/include/abds_msgs/msg/trajectory.h
[7.414s] -- Up-to-date: /home/nayab/dev_ws/install/abds_msgs/include/abds_msgs/msg/bounding_boxes.h
[7.414s] -- Installing: /home/nayab/dev_ws/install/abds_msgs/share/abds_msgs/environment/library_path.sh
[7.414s] -- Installing: /home/nayab/dev_ws/install/abds_msgs/share/abds_msgs/environment/library_path.dsv
[7.414s] -- Installing: /home/nayab/dev_ws/install/abds_msgs/lib/libabds_msgs__rosidl_generator_c.so
[7.414s] -- Set runtime path of "/home/nayab/dev_ws/install/abds_msgs/lib/libabds_msgs__rosidl_generator_c.so" to ""
[7.415s] -- Up-to-date: /home/nayab/dev_ws/install/abds_msgs/include/abds_msgs
[7.415s] -- Up-to-date: /home/nayab/dev_ws/install/abds_msgs/include/abds_msgs/msg
[7.415s] -- Up-to-date: /home/nayab/dev_ws/install/abds_msgs/include/abds_msgs/msg/detail
[7.415s] -- Up-to-date: /home/nayab/dev_ws/install/abds_msgs/include/abds_msgs/msg/detail/bounding_boxes__rosidl_typesupport_fastrtps_c.h
[7.415s] -- Up-to-date: /home/nayab/dev_ws/install/abds_msgs/include/abds_msgs/msg/detail/trajectory_point__rosidl_typesupport_fastrtps_c.h
[7.415s] -- Up-to-date: /home/nayab/dev_ws/install/abds_msgs/include/abds_msgs/msg/detail/vehicle_command__rosidl_typesupport_fastrtps_c.h
[7.415s] -- Up-to-date: /home/nayab/dev_ws/install/abds_msgs/include/abds_msgs/msg/detail/trajectory__rosidl_typesupport_fastrtps_c.h
[7.415s] -- Up-to-date: /home/nayab/dev_ws/install/abds_msgs/include/abds_msgs/msg/detail/test_state__rosidl_typesupport_fastrtps_c.h
[7.415s] -- Up-to-date: /home/nayab/dev_ws/install/abds_msgs/include/abds_msgs/msg/detail/bounding_box__rosidl_typesupport_fastrtps_c.h
[7.415s] -- Up-to-date: /home/nayab/dev_ws/install/abds_msgs/include/abds_msgs/msg/detail/vehicle_state__rosidl_typesupport_fastrtps_c.h
[7.415s] -- Up-to-date: /home/nayab/dev_ws/install/abds_msgs/include/abds_msgs/msg/rosidl_typesupport_fastrtps_c__visibility_control.h
[7.416s] -- Installing: /home/nayab/dev_ws/install/abds_msgs/lib/libabds_msgs__rosidl_typesupport_fastrtps_c.so
[7.416s] -- Set runtime path of "/home/nayab/dev_ws/install/abds_msgs/lib/libabds_msgs__rosidl_typesupport_fastrtps_c.so" to ""
[7.416s] -- Up-to-date: /home/nayab/dev_ws/install/abds_msgs/include/abds_msgs
[7.416s] -- Up-to-date: /home/nayab/dev_ws/install/abds_msgs/include/abds_msgs/msg
[7.416s] -- Up-to-date: /home/nayab/dev_ws/install/abds_msgs/include/abds_msgs/msg/detail
[7.416s] -- Installing: /home/nayab/dev_ws/install/abds_msgs/include/abds_msgs/msg/detail/dds_fastrtps
[7.416s] -- Up-to-date: /home/nayab/dev_ws/install/abds_msgs/include/abds_msgs/msg/detail/vehicle_command__rosidl_typesupport_fastrtps_cpp.hpp
[7.416s] -- Up-to-date: /home/nayab/dev_ws/install/abds_msgs/include/abds_msgs/msg/detail/bounding_boxes__rosidl_typesupport_fastrtps_cpp.hpp
[7.416s] -- Up-to-date: /home/nayab/dev_ws/install/abds_msgs/include/abds_msgs/msg/detail/vehicle_state__rosidl_typesupport_fastrtps_cpp.hpp
[7.416s] -- Up-to-date: /home/nayab/dev_ws/install/abds_msgs/include/abds_msgs/msg/detail/bounding_box__rosidl_typesupport_fastrtps_cpp.hpp
[7.416s] -- Up-to-date: /home/nayab/dev_ws/install/abds_msgs/include/abds_msgs/msg/detail/trajectory__rosidl_typesupport_fastrtps_cpp.hpp
[7.416s] -- Up-to-date: /home/nayab/dev_ws/install/abds_msgs/include/abds_msgs/msg/detail/test_state__rosidl_typesupport_fastrtps_cpp.hpp
[7.416s] -- Up-to-date: /home/nayab/dev_ws/install/abds_msgs/include/abds_msgs/msg/detail/trajectory_point__rosidl_typesupport_fastrtps_cpp.hpp
[7.416s] -- Up-to-date: /home/nayab/dev_ws/install/abds_msgs/include/abds_msgs/msg/rosidl_typesupport_fastrtps_cpp__visibility_control.h
[7.417s] -- Installing: /home/nayab/dev_ws/install/abds_msgs/lib/libabds_msgs__rosidl_typesupport_fastrtps_cpp.so
[7.417s] -- Set runtime path of "/home/nayab/dev_ws/install/abds_msgs/lib/libabds_msgs__rosidl_typesupport_fastrtps_cpp.so" to ""
[7.417s] -- Up-to-date: /home/nayab/dev_ws/install/abds_msgs/include/abds_msgs
[7.417s] -- Up-to-date: /home/nayab/dev_ws/install/abds_msgs/include/abds_msgs/msg
[7.417s] -- Up-to-date: /home/nayab/dev_ws/install/abds_msgs/include/abds_msgs/msg/rosidl_typesupport_introspection_c__visibility_control.h
[7.417s] -- Up-to-date: /home/nayab/dev_ws/install/abds_msgs/include/abds_msgs/msg/detail
[7.417s] -- Up-to-date: /home/nayab/dev_ws/install/abds_msgs/include/abds_msgs/msg/detail/bounding_box__type_support.c
[7.417s] -- Up-to-date: /home/nayab/dev_ws/install/abds_msgs/include/abds_msgs/msg/detail/test_state__rosidl_typesupport_introspection_c.h
[7.418s] -- Up-to-date: /home/nayab/dev_ws/install/abds_msgs/include/abds_msgs/msg/detail/trajectory__rosidl_typesupport_introspection_c.h
[7.418s] -- Up-to-date: /home/nayab/dev_ws/install/abds_msgs/include/abds_msgs/msg/detail/test_state__type_support.c
[7.418s] -- Up-to-date: /home/nayab/dev_ws/install/abds_msgs/include/abds_msgs/msg/detail/trajectory__type_support.c
[7.418s] -- Up-to-date: /home/nayab/dev_ws/install/abds_msgs/include/abds_msgs/msg/detail/bounding_boxes__rosidl_typesupport_introspection_c.h
[7.418s] -- Up-to-date: /home/nayab/dev_ws/install/abds_msgs/include/abds_msgs/msg/detail/vehicle_state__rosidl_typesupport_introspection_c.h
[7.418s] -- Up-to-date: /home/nayab/dev_ws/install/abds_msgs/include/abds_msgs/msg/detail/bounding_box__rosidl_typesupport_introspection_c.h
[7.418s] -- Up-to-date: /home/nayab/dev_ws/install/abds_msgs/include/abds_msgs/msg/detail/vehicle_command__type_support.c
[7.418s] -- Up-to-date: /home/nayab/dev_ws/install/abds_msgs/include/abds_msgs/msg/detail/trajectory_point__type_support.c
[7.418s] -- Up-to-date: /home/nayab/dev_ws/install/abds_msgs/include/abds_msgs/msg/detail/bounding_boxes__type_support.c
[7.418s] -- Up-to-date: /home/nayab/dev_ws/install/abds_msgs/include/abds_msgs/msg/detail/trajectory_point__rosidl_typesupport_introspection_c.h
[7.418s] -- Up-to-date: /home/nayab/dev_ws/install/abds_msgs/include/abds_msgs/msg/detail/vehicle_command__rosidl_typesupport_introspection_c.h
[7.418s] -- Up-to-date: /home/nayab/dev_ws/install/abds_msgs/include/abds_msgs/msg/detail/vehicle_state__type_support.c
[7.418s] -- Installing: /home/nayab/dev_ws/install/abds_msgs/lib/libabds_msgs__rosidl_typesupport_introspection_c.so
[7.419s] -- Set runtime path of "/home/nayab/dev_ws/install/abds_msgs/lib/libabds_msgs__rosidl_typesupport_introspection_c.so" to ""
[7.419s] -- Installing: /home/nayab/dev_ws/install/abds_msgs/lib/libabds_msgs__rosidl_typesupport_c.so
[7.419s] -- Set runtime path of "/home/nayab/dev_ws/install/abds_msgs/lib/libabds_msgs__rosidl_typesupport_c.so" to ""
[7.419s] -- Up-to-date: /home/nayab/dev_ws/install/abds_msgs/include/abds_msgs
[7.419s] -- Up-to-date: /home/nayab/dev_ws/install/abds_msgs/include/abds_msgs/msg
[7.419s] -- Up-to-date: /home/nayab/dev_ws/install/abds_msgs/include/abds_msgs/msg/trajectory.hpp
[7.419s] -- Up-to-date: /home/nayab/dev_ws/install/abds_msgs/include/abds_msgs/msg/detail
[7.419s] -- Up-to-date: /home/nayab/dev_ws/install/abds_msgs/include/abds_msgs/msg/detail/bounding_box__builder.hpp
[7.420s] -- Up-to-date: /home/nayab/dev_ws/install/abds_msgs/include/abds_msgs/msg/detail/bounding_boxes__builder.hpp
[7.420s] -- Up-to-date: /home/nayab/dev_ws/install/abds_msgs/include/abds_msgs/msg/detail/test_state__traits.hpp
[7.420s] -- Up-to-date: /home/nayab/dev_ws/install/abds_msgs/include/abds_msgs/msg/detail/vehicle_command__traits.hpp
[7.420s] -- Up-to-date: /home/nayab/dev_ws/install/abds_msgs/include/abds_msgs/msg/detail/vehicle_command__builder.hpp
[7.420s] -- Up-to-date: /home/nayab/dev_ws/install/abds_msgs/include/abds_msgs/msg/detail/test_state__builder.hpp
[7.420s] -- Up-to-date: /home/nayab/dev_ws/install/abds_msgs/include/abds_msgs/msg/detail/bounding_boxes__struct.hpp
[7.420s] -- Up-to-date: /home/nayab/dev_ws/install/abds_msgs/include/abds_msgs/msg/detail/bounding_box__traits.hpp
[7.420s] -- Up-to-date: /home/nayab/dev_ws/install/abds_msgs/include/abds_msgs/msg/detail/vehicle_state__builder.hpp
[7.420s] -- Up-to-date: /home/nayab/dev_ws/install/abds_msgs/include/abds_msgs/msg/detail/trajectory_point__builder.hpp
[7.420s] -- Up-to-date: /home/nayab/dev_ws/install/abds_msgs/include/abds_msgs/msg/detail/vehicle_state__struct.hpp
[7.420s] -- Up-to-date: /home/nayab/dev_ws/install/abds_msgs/include/abds_msgs/msg/detail/trajectory_point__traits.hpp
[7.420s] -- Up-to-date: /home/nayab/dev_ws/install/abds_msgs/include/abds_msgs/msg/detail/bounding_box__struct.hpp
[7.420s] -- Up-to-date: /home/nayab/dev_ws/install/abds_msgs/include/abds_msgs/msg/detail/bounding_boxes__traits.hpp
[7.421s] -- Up-to-date: /home/nayab/dev_ws/install/abds_msgs/include/abds_msgs/msg/detail/trajectory__traits.hpp
[7.421s] -- Up-to-date: /home/nayab/dev_ws/install/abds_msgs/include/abds_msgs/msg/detail/vehicle_command__struct.hpp
[7.421s] -- Up-to-date: /home/nayab/dev_ws/install/abds_msgs/include/abds_msgs/msg/detail/vehicle_state__traits.hpp
[7.421s] -- Up-to-date: /home/nayab/dev_ws/install/abds_msgs/include/abds_msgs/msg/detail/trajectory_point__struct.hpp
[7.421s] -- Up-to-date: /home/nayab/dev_ws/install/abds_msgs/include/abds_msgs/msg/detail/trajectory__struct.hpp
[7.421s] -- Up-to-date: /home/nayab/dev_ws/install/abds_msgs/include/abds_msgs/msg/detail/test_state__struct.hpp
[7.421s] -- Up-to-date: /home/nayab/dev_ws/install/abds_msgs/include/abds_msgs/msg/detail/trajectory__builder.hpp
[7.421s] -- Up-to-date: /home/nayab/dev_ws/install/abds_msgs/include/abds_msgs/msg/trajectory_point.hpp
[7.421s] -- Up-to-date: /home/nayab/dev_ws/install/abds_msgs/include/abds_msgs/msg/vehicle_command.hpp
[7.421s] -- Up-to-date: /home/nayab/dev_ws/install/abds_msgs/include/abds_msgs/msg/vehicle_state.hpp
[7.421s] -- Up-to-date: /home/nayab/dev_ws/install/abds_msgs/include/abds_msgs/msg/bounding_boxes.hpp
[7.421s] -- Up-to-date: /home/nayab/dev_ws/install/abds_msgs/include/abds_msgs/msg/bounding_box.hpp
[7.421s] -- Up-to-date: /home/nayab/dev_ws/install/abds_msgs/include/abds_msgs/msg/test_state.hpp
[7.422s] -- Up-to-date: /home/nayab/dev_ws/install/abds_msgs/include/abds_msgs
[7.422s] -- Up-to-date: /home/nayab/dev_ws/install/abds_msgs/include/abds_msgs/msg
[7.422s] -- Up-to-date: /home/nayab/dev_ws/install/abds_msgs/include/abds_msgs/msg/detail
[7.422s] -- Up-to-date: /home/nayab/dev_ws/install/abds_msgs/include/abds_msgs/msg/detail/test_state__type_support.cpp
[7.422s] -- Up-to-date: /home/nayab/dev_ws/install/abds_msgs/include/abds_msgs/msg/detail/vehicle_command__rosidl_typesupport_introspection_cpp.hpp
[7.422s] -- Up-to-date: /home/nayab/dev_ws/install/abds_msgs/include/abds_msgs/msg/detail/vehicle_state__rosidl_typesupport_introspection_cpp.hpp
[7.422s] -- Up-to-date: /home/nayab/dev_ws/install/abds_msgs/include/abds_msgs/msg/detail/bounding_boxes__rosidl_typesupport_introspection_cpp.hpp
[7.422s] -- Up-to-date: /home/nayab/dev_ws/install/abds_msgs/include/abds_msgs/msg/detail/trajectory__rosidl_typesupport_introspection_cpp.hpp
[7.422s] -- Up-to-date: /home/nayab/dev_ws/install/abds_msgs/include/abds_msgs/msg/detail/test_state__rosidl_typesupport_introspection_cpp.hpp
[7.422s] -- Up-to-date: /home/nayab/dev_ws/install/abds_msgs/include/abds_msgs/msg/detail/bounding_box__rosidl_typesupport_introspection_cpp.hpp
[7.422s] -- Up-to-date: /home/nayab/dev_ws/install/abds_msgs/include/abds_msgs/msg/detail/trajectory_point__type_support.cpp
[7.422s] -- Up-to-date: /home/nayab/dev_ws/install/abds_msgs/include/abds_msgs/msg/detail/bounding_box__type_support.cpp
[7.423s] -- Up-to-date: /home/nayab/dev_ws/install/abds_msgs/include/abds_msgs/msg/detail/trajectory__type_support.cpp
[7.423s] -- Up-to-date: /home/nayab/dev_ws/install/abds_msgs/include/abds_msgs/msg/detail/vehicle_command__type_support.cpp
[7.423s] -- Up-to-date: /home/nayab/dev_ws/install/abds_msgs/include/abds_msgs/msg/detail/bounding_boxes__type_support.cpp
[7.423s] -- Up-to-date: /home/nayab/dev_ws/install/abds_msgs/include/abds_msgs/msg/detail/trajectory_point__rosidl_typesupport_introspection_cpp.hpp
[7.423s] -- Up-to-date: /home/nayab/dev_ws/install/abds_msgs/include/abds_msgs/msg/detail/vehicle_state__type_support.cpp
[7.423s] -- Installing: /home/nayab/dev_ws/install/abds_msgs/lib/libabds_msgs__rosidl_typesupport_introspection_cpp.so
[7.425s] -- Set runtime path of "/home/nayab/dev_ws/install/abds_msgs/lib/libabds_msgs__rosidl_typesupport_introspection_cpp.so" to ""
[7.425s] -- Installing: /home/nayab/dev_ws/install/abds_msgs/lib/libabds_msgs__rosidl_typesupport_cpp.so
[7.425s] -- Set runtime path of "/home/nayab/dev_ws/install/abds_msgs/lib/libabds_msgs__rosidl_typesupport_cpp.so" to ""
[7.425s] -- Up-to-date: /home/nayab/dev_ws/install/abds_msgs/share/abds_msgs/environment/pythonpath.sh
[7.425s] -- Installing: /home/nayab/dev_ws/install/abds_msgs/share/abds_msgs/environment/pythonpath.dsv
[7.425s] -- Installing: /home/nayab/dev_ws/install/abds_msgs/lib/python3.8/site-packages/abds_msgs/__init__.py
[7.458s] Compiling '/home/nayab/dev_ws/install/abds_msgs/lib/python3.8/site-packages/abds_msgs/__init__.py'...
[7.464s] -- Up-to-date: /home/nayab/dev_ws/install/abds_msgs/lib/python3.8/site-packages/abds_msgs/msg
[7.464s] -- Up-to-date: /home/nayab/dev_ws/install/abds_msgs/lib/python3.8/site-packages/abds_msgs/msg/_bounding_boxes_s.c
[7.464s] -- Up-to-date: /home/nayab/dev_ws/install/abds_msgs/lib/python3.8/site-packages/abds_msgs/msg/_vehicle_state.py
[7.464s] -- Up-to-date: /home/nayab/dev_ws/install/abds_msgs/lib/python3.8/site-packages/abds_msgs/msg/_bounding_boxes.py
[7.464s] -- Up-to-date: /home/nayab/dev_ws/install/abds_msgs/lib/python3.8/site-packages/abds_msgs/msg/__init__.py
[7.464s] -- Up-to-date: /home/nayab/dev_ws/install/abds_msgs/lib/python3.8/site-packages/abds_msgs/msg/_trajectory_point.py
[7.464s] -- Up-to-date: /home/nayab/dev_ws/install/abds_msgs/lib/python3.8/site-packages/abds_msgs/msg/_vehicle_state_s.c
[7.464s] -- Up-to-date: /home/nayab/dev_ws/install/abds_msgs/lib/python3.8/site-packages/abds_msgs/msg/_trajectory_point_s.c
[7.464s] -- Up-to-date: /home/nayab/dev_ws/install/abds_msgs/lib/python3.8/site-packages/abds_msgs/msg/_test_state.py
[7.464s] -- Up-to-date: /home/nayab/dev_ws/install/abds_msgs/lib/python3.8/site-packages/abds_msgs/msg/_bounding_box.py
[7.465s] -- Up-to-date: /home/nayab/dev_ws/install/abds_msgs/lib/python3.8/site-packages/abds_msgs/msg/_trajectory.py
[7.465s] -- Up-to-date: /home/nayab/dev_ws/install/abds_msgs/lib/python3.8/site-packages/abds_msgs/msg/_test_state_s.c
[7.465s] -- Up-to-date: /home/nayab/dev_ws/install/abds_msgs/lib/python3.8/site-packages/abds_msgs/msg/_bounding_box_s.c
[7.465s] -- Up-to-date: /home/nayab/dev_ws/install/abds_msgs/lib/python3.8/site-packages/abds_msgs/msg/_vehicle_command.py
[7.465s] -- Up-to-date: /home/nayab/dev_ws/install/abds_msgs/lib/python3.8/site-packages/abds_msgs/msg/_trajectory_s.c
[7.465s] -- Up-to-date: /home/nayab/dev_ws/install/abds_msgs/lib/python3.8/site-packages/abds_msgs/msg/_vehicle_command_s.c
[7.465s] -- Installing: /home/nayab/dev_ws/install/abds_msgs/lib/python3.8/site-packages/abds_msgs/abds_msgs_s__rosidl_typesupport_fastrtps_c.cpython-38-x86_64-linux-gnu.so
[7.465s] -- Set runtime path of "/home/nayab/dev_ws/install/abds_msgs/lib/python3.8/site-packages/abds_msgs/abds_msgs_s__rosidl_typesupport_fastrtps_c.cpython-38-x86_64-linux-gnu.so" to ""
[7.465s] -- Installing: /home/nayab/dev_ws/install/abds_msgs/lib/python3.8/site-packages/abds_msgs/abds_msgs_s__rosidl_typesupport_introspection_c.cpython-38-x86_64-linux-gnu.so
[7.466s] -- Set runtime path of "/home/nayab/dev_ws/install/abds_msgs/lib/python3.8/site-packages/abds_msgs/abds_msgs_s__rosidl_typesupport_introspection_c.cpython-38-x86_64-linux-gnu.so" to ""
[7.466s] -- Installing: /home/nayab/dev_ws/install/abds_msgs/lib/python3.8/site-packages/abds_msgs/abds_msgs_s__rosidl_typesupport_c.cpython-38-x86_64-linux-gnu.so
[7.467s] -- Set runtime path of "/home/nayab/dev_ws/install/abds_msgs/lib/python3.8/site-packages/abds_msgs/abds_msgs_s__rosidl_typesupport_c.cpython-38-x86_64-linux-gnu.so" to ""
[7.467s] -- Installing: /home/nayab/dev_ws/install/abds_msgs/lib/libabds_msgs__python.so
[7.467s] -- Set runtime path of "/home/nayab/dev_ws/install/abds_msgs/lib/libabds_msgs__python.so" to ""
[7.468s] -- Up-to-date: /home/nayab/dev_ws/install/abds_msgs/share/abds_msgs/msg/BoundingBox.idl
[7.468s] -- Up-to-date: /home/nayab/dev_ws/install/abds_msgs/share/abds_msgs/msg/BoundingBoxes.idl
[7.468s] -- Up-to-date: /home/nayab/dev_ws/install/abds_msgs/share/abds_msgs/msg/TrajectoryPoint.idl
[7.468s] -- Up-to-date: /home/nayab/dev_ws/install/abds_msgs/share/abds_msgs/msg/Trajectory.idl
[7.468s] -- Up-to-date: /home/nayab/dev_ws/install/abds_msgs/share/abds_msgs/msg/VehicleCommand.idl
[7.468s] -- Up-to-date: /home/nayab/dev_ws/install/abds_msgs/share/abds_msgs/msg/VehicleState.idl
[7.468s] -- Up-to-date: /home/nayab/dev_ws/install/abds_msgs/share/abds_msgs/msg/TestState.idl
[7.468s] -- Up-to-date: /home/nayab/dev_ws/install/abds_msgs/share/abds_msgs/msg/BoundingBox.msg
[7.469s] -- Up-to-date: /home/nayab/dev_ws/install/abds_msgs/share/abds_msgs/msg/BoundingBoxes.msg
[7.469s] -- Up-to-date: /home/nayab/dev_ws/install/abds_msgs/share/abds_msgs/msg/TrajectoryPoint.msg
[7.469s] -- Up-to-date: /home/nayab/dev_ws/install/abds_msgs/share/abds_msgs/msg/Trajectory.msg
[7.469s] -- Up-to-date: /home/nayab/dev_ws/install/abds_msgs/share/abds_msgs/msg/VehicleCommand.msg
[7.469s] -- Up-to-date: /home/nayab/dev_ws/install/abds_msgs/share/abds_msgs/msg/VehicleState.msg
[7.469s] -- Up-to-date: /home/nayab/dev_ws/install/abds_msgs/share/abds_msgs/msg/TestState.msg
[7.469s] -- Up-to-date: /home/nayab/dev_ws/install/abds_msgs/share/ament_index/resource_index/package_run_dependencies/abds_msgs
[7.469s] -- Up-to-date: /home/nayab/dev_ws/install/abds_msgs/share/ament_index/resource_index/parent_prefix_path/abds_msgs
[7.469s] -- Installing: /home/nayab/dev_ws/install/abds_msgs/share/abds_msgs/environment/ament_prefix_path.sh
[7.469s] -- Installing: /home/nayab/dev_ws/install/abds_msgs/share/abds_msgs/environment/ament_prefix_path.dsv
[7.469s] -- Installing: /home/nayab/dev_ws/install/abds_msgs/share/abds_msgs/environment/path.sh
[7.470s] -- Installing: /home/nayab/dev_ws/install/abds_msgs/share/abds_msgs/environment/path.dsv
[7.470s] -- Up-to-date: /home/nayab/dev_ws/install/abds_msgs/share/abds_msgs/local_setup.bash
[7.470s] -- Up-to-date: /home/nayab/dev_ws/install/abds_msgs/share/abds_msgs/local_setup.sh
[7.470s] -- Up-to-date: /home/nayab/dev_ws/install/abds_msgs/share/abds_msgs/local_setup.zsh
[7.470s] -- Installing: /home/nayab/dev_ws/install/abds_msgs/share/abds_msgs/local_setup.dsv
[7.470s] -- Installing: /home/nayab/dev_ws/install/abds_msgs/share/abds_msgs/package.dsv
[7.470s] -- Up-to-date: /home/nayab/dev_ws/install/abds_msgs/share/ament_index/resource_index/packages/abds_msgs
[7.470s] -- Up-to-date: /home/nayab/dev_ws/install/abds_msgs/share/abds_msgs/cmake/abds_msgs__rosidl_generator_cExport.cmake
[7.470s] -- Installing: /home/nayab/dev_ws/install/abds_msgs/share/abds_msgs/cmake/abds_msgs__rosidl_generator_cExport-noconfig.cmake
[7.470s] -- Up-to-date: /home/nayab/dev_ws/install/abds_msgs/share/abds_msgs/cmake/abds_msgs__rosidl_typesupport_introspection_cExport.cmake
[7.470s] -- Installing: /home/nayab/dev_ws/install/abds_msgs/share/abds_msgs/cmake/abds_msgs__rosidl_typesupport_introspection_cExport-noconfig.cmake
[7.471s] -- Up-to-date: /home/nayab/dev_ws/install/abds_msgs/share/abds_msgs/cmake/abds_msgs__rosidl_typesupport_cExport.cmake
[7.471s] -- Installing: /home/nayab/dev_ws/install/abds_msgs/share/abds_msgs/cmake/abds_msgs__rosidl_typesupport_cExport-noconfig.cmake
[7.471s] -- Up-to-date: /home/nayab/dev_ws/install/abds_msgs/share/abds_msgs/cmake/abds_msgs__rosidl_generator_cppExport.cmake
[7.473s] -- Up-to-date: /home/nayab/dev_ws/install/abds_msgs/share/abds_msgs/cmake/abds_msgs__rosidl_typesupport_introspection_cppExport.cmake
[7.473s] -- Installing: /home/nayab/dev_ws/install/abds_msgs/share/abds_msgs/cmake/abds_msgs__rosidl_typesupport_introspection_cppExport-noconfig.cmake
[7.473s] -- Up-to-date: /home/nayab/dev_ws/install/abds_msgs/share/abds_msgs/cmake/abds_msgs__rosidl_typesupport_cppExport.cmake
[7.473s] -- Installing: /home/nayab/dev_ws/install/abds_msgs/share/abds_msgs/cmake/abds_msgs__rosidl_typesupport_cppExport-noconfig.cmake
[7.473s] -- Up-to-date: /home/nayab/dev_ws/install/abds_msgs/share/abds_msgs/cmake/rosidl_cmake-extras.cmake
[7.474s] -- Installing: /home/nayab/dev_ws/install/abds_msgs/share/abds_msgs/cmake/ament_cmake_export_dependencies-extras.cmake
[7.474s] -- Up-to-date: /home/nayab/dev_ws/install/abds_msgs/share/abds_msgs/cmake/ament_cmake_export_libraries-extras.cmake
[7.474s] -- Up-to-date: /home/nayab/dev_ws/install/abds_msgs/share/abds_msgs/cmake/ament_cmake_export_targets-extras.cmake
[7.474s] -- Up-to-date: /home/nayab/dev_ws/install/abds_msgs/share/abds_msgs/cmake/ament_cmake_export_include_directories-extras.cmake
[7.474s] -- Up-to-date: /home/nayab/dev_ws/install/abds_msgs/share/abds_msgs/cmake/rosidl_cmake_export_typesupport_libraries-extras.cmake
[7.474s] -- Up-to-date: /home/nayab/dev_ws/install/abds_msgs/share/abds_msgs/cmake/rosidl_cmake_export_typesupport_targets-extras.cmake
[7.474s] -- Up-to-date: /home/nayab/dev_ws/install/abds_msgs/share/abds_msgs/cmake/abds_msgsConfig.cmake
[7.474s] -- Up-to-date: /home/nayab/dev_ws/install/abds_msgs/share/abds_msgs/cmake/abds_msgsConfig-version.cmake
[7.475s] -- Up-to-date: /home/nayab/dev_ws/install/abds_msgs/share/abds_msgs/package.xml
[7.477s] Invoked command in '/home/nayab/dev_ws/build/abds_msgs' returned '0': CMAKE_PREFIX_PATH=/opt/ros/foxy:${CMAKE_PREFIX_PATH} /usr/bin/cmake --install /home/nayab/dev_ws/build/abds_msgs
