[1.333s] Invoking command in '/home/nayab/dev_ws/src/dbr_pubsub': PYTHONPATH=/home/nayab/dev_ws/install/dbr_pubsub/lib/python3.8/site-packages:${PYTHONPATH} /usr/bin/python3 setup.py egg_info --egg-base ../../build/dbr_pubsub build --build-base /home/nayab/dev_ws/build/dbr_pubsub/build install --prefix /home/nayab/dev_ws/install/dbr_pubsub --record /home/nayab/dev_ws/build/dbr_pubsub/install.log --single-version-externally-managed
[1.613s] running egg_info
[1.613s] creating ../../build/dbr_pubsub/dbr_pubsub.egg-info
[1.613s] writing ../../build/dbr_pubsub/dbr_pubsub.egg-info/PKG-INFO
[1.614s] writing dependency_links to ../../build/dbr_pubsub/dbr_pubsub.egg-info/dependency_links.txt
[1.614s] writing entry points to ../../build/dbr_pubsub/dbr_pubsub.egg-info/entry_points.txt
[1.614s] writing requirements to ../../build/dbr_pubsub/dbr_pubsub.egg-info/requires.txt
[1.614s] writing top-level names to ../../build/dbr_pubsub/dbr_pubsub.egg-info/top_level.txt
[1.615s] writing manifest file '../../build/dbr_pubsub/dbr_pubsub.egg-info/SOURCES.txt'
[1.651s] reading manifest file '../../build/dbr_pubsub/dbr_pubsub.egg-info/SOURCES.txt'
[1.652s] writing manifest file '../../build/dbr_pubsub/dbr_pubsub.egg-info/SOURCES.txt'
[1.652s] running build
[1.653s] running build_py
[1.653s] creating /home/nayab/dev_ws/build/dbr_pubsub/build
[1.653s] creating /home/nayab/dev_ws/build/dbr_pubsub/build/lib
[1.653s] creating /home/nayab/dev_ws/build/dbr_pubsub/build/lib/dbr_pubsub
[1.653s] copying dbr_pubsub/__init__.py -> /home/nayab/dev_ws/build/dbr_pubsub/build/lib/dbr_pubsub
[1.653s] copying dbr_pubsub/dbr_pub.py -> /home/nayab/dev_ws/build/dbr_pubsub/build/lib/dbr_pubsub
[1.653s] running install
[1.654s] running install_lib
[1.655s] creating /home/nayab/dev_ws/install/dbr_pubsub/lib/python3.8/site-packages/dbr_pubsub
[1.655s] copying /home/nayab/dev_ws/build/dbr_pubsub/build/lib/dbr_pubsub/__init__.py -> /home/nayab/dev_ws/install/dbr_pubsub/lib/python3.8/site-packages/dbr_pubsub
[1.655s] copying /home/nayab/dev_ws/build/dbr_pubsub/build/lib/dbr_pubsub/dbr_pub.py -> /home/nayab/dev_ws/install/dbr_pubsub/lib/python3.8/site-packages/dbr_pubsub
[1.655s] byte-compiling /home/nayab/dev_ws/install/dbr_pubsub/lib/python3.8/site-packages/dbr_pubsub/__init__.py to __init__.cpython-38.pyc
[1.657s] byte-compiling /home/nayab/dev_ws/install/dbr_pubsub/lib/python3.8/site-packages/dbr_pubsub/dbr_pub.py to dbr_pub.cpython-38.pyc
[1.660s] running install_data
[1.660s] creating /home/nayab/dev_ws/install/dbr_pubsub/share/ament_index
[1.661s] creating /home/nayab/dev_ws/install/dbr_pubsub/share/ament_index/resource_index
[1.661s] creating /home/nayab/dev_ws/install/dbr_pubsub/share/ament_index/resource_index/packages
[1.661s] copying resource/dbr_pubsub -> /home/nayab/dev_ws/install/dbr_pubsub/share/ament_index/resource_index/packages
[1.661s] copying package.xml -> /home/nayab/dev_ws/install/dbr_pubsub/share/dbr_pubsub
[1.661s] running install_egg_info
[1.663s] Copying ../../build/dbr_pubsub/dbr_pubsub.egg-info to /home/nayab/dev_ws/install/dbr_pubsub/lib/python3.8/site-packages/dbr_pubsub-0.0.0-py3.8.egg-info
[1.664s] running install_scripts
[1.683s] Installing dbr_pub script to /home/nayab/dev_ws/install/dbr_pubsub/lib/dbr_pubsub
[1.683s] writing list of installed files to '/home/nayab/dev_ws/build/dbr_pubsub/install.log'
[1.721s] Invoked command in '/home/nayab/dev_ws/src/dbr_pubsub' returned '0': PYTHONPATH=/home/nayab/dev_ws/install/dbr_pubsub/lib/python3.8/site-packages:${PYTHONPATH} /usr/bin/python3 setup.py egg_info --egg-base ../../build/dbr_pubsub build --build-base /home/nayab/dev_ws/build/dbr_pubsub/build install --prefix /home/nayab/dev_ws/install/dbr_pubsub --record /home/nayab/dev_ws/build/dbr_pubsub/install.log --single-version-externally-managed
