running egg_info
writing ../../build/dbr_pubsub/dbr_pubsub.egg-info/PKG-INFO
writing dependency_links to ../../build/dbr_pubsub/dbr_pubsub.egg-info/dependency_links.txt
writing entry points to ../../build/dbr_pubsub/dbr_pubsub.egg-info/entry_points.txt
writing requirements to ../../build/dbr_pubsub/dbr_pubsub.egg-info/requires.txt
writing top-level names to ../../build/dbr_pubsub/dbr_pubsub.egg-info/top_level.txt
reading manifest file '../../build/dbr_pubsub/dbr_pubsub.egg-info/SOURCES.txt'
writing manifest file '../../build/dbr_pubsub/dbr_pubsub.egg-info/SOURCES.txt'
running build
running build_py
copying dbr_pubsub/dbr_pub.py -> /home/nayab/dev_ws/build/dbr_pubsub/build/lib/dbr_pubsub
copying dbr_pubsub/dbr_module.py -> /home/nayab/dev_ws/build/dbr_pubsub/build/lib/dbr_pubsub
copying dbr_pubsub/rc_data_emu.py -> /home/nayab/dev_ws/build/dbr_pubsub/build/lib/dbr_pubsub
running install
running install_lib
copying /home/nayab/dev_ws/build/dbr_pubsub/build/lib/dbr_pubsub/dbr_pub.py -> /home/nayab/dev_ws/install/dbr_pubsub/lib/python3.8/site-packages/dbr_pubsub
copying /home/nayab/dev_ws/build/dbr_pubsub/build/lib/dbr_pubsub/dbr_module.py -> /home/nayab/dev_ws/install/dbr_pubsub/lib/python3.8/site-packages/dbr_pubsub
copying /home/nayab/dev_ws/build/dbr_pubsub/build/lib/dbr_pubsub/rc_data_emu.py -> /home/nayab/dev_ws/install/dbr_pubsub/lib/python3.8/site-packages/dbr_pubsub
byte-compiling /home/nayab/dev_ws/install/dbr_pubsub/lib/python3.8/site-packages/dbr_pubsub/dbr_pub.py to dbr_pub.cpython-38.pyc
byte-compiling /home/nayab/dev_ws/install/dbr_pubsub/lib/python3.8/site-packages/dbr_pubsub/dbr_module.py to dbr_module.cpython-38.pyc
byte-compiling /home/nayab/dev_ws/install/dbr_pubsub/lib/python3.8/site-packages/dbr_pubsub/rc_data_emu.py to rc_data_emu.cpython-38.pyc
running install_data
running install_egg_info
removing '/home/nayab/dev_ws/install/dbr_pubsub/lib/python3.8/site-packages/dbr_pubsub-0.0.0-py3.8.egg-info' (and everything under it)
Copying ../../build/dbr_pubsub/dbr_pubsub.egg-info to /home/nayab/dev_ws/install/dbr_pubsub/lib/python3.8/site-packages/dbr_pubsub-0.0.0-py3.8.egg-info
running install_scripts
Installing dbr_pub script to /home/nayab/dev_ws/install/dbr_pubsub/lib/dbr_pubsub
Installing rc_emu script to /home/nayab/dev_ws/install/dbr_pubsub/lib/dbr_pubsub
writing list of installed files to '/home/nayab/dev_ws/build/dbr_pubsub/install.log'
