[0.247s] DEBUG:colcon:Command line arguments: ['/usr/bin/colcon', 'build']
[0.247s] DEBUG:colcon:Parsed command line arguments: Namespace(allow_overriding=[], ament_cmake_args=None, base_paths=['.'], build_base='build', catkin_cmake_args=None, catkin_skip_building_tests=False, cmake_args=None, cmake_clean_cache=False, cmake_clean_first=False, cmake_force_configure=False, cmake_target=None, cmake_target_skip_unavailable=False, continue_on_error=False, event_handlers=None, executor='parallel', ignore_user_meta=False, install_base='install', log_base=None, log_level=None, main=<bound method BuildVerb.main of <colcon_core.verb.build.BuildVerb object at 0x7f1ed06f9760>>, merge_install=False, metas=['./colcon.meta'], packages_above=None, packages_above_and_dependencies=None, packages_above_depth=None, packages_end=None, packages_ignore=None, packages_ignore_regex=None, packages_select=None, packages_select_build_failed=False, packages_select_by_dep=None, packages_select_regex=None, packages_select_test_failures=False, packages_skip=None, packages_skip_build_finished=False, packages_skip_by_dep=None, packages_skip_regex=None, packages_skip_test_passed=False, packages_skip_up_to=None, packages_start=None, packages_up_to=None, packages_up_to_regex=None, parallel_workers=4, paths=None, symlink_install=False, test_result_base=None, verb_extension=<colcon_core.verb.build.BuildVerb object at 0x7f1ed06f9760>, verb_name='build', verb_parser=<colcon_defaults.argument_parser.defaults.DefaultArgumentsDecorator object at 0x7f1ed06f9cd0>)
[0.258s] Level 1:colcon.colcon_core.package_discovery:discover_packages(colcon_meta) check parameters
[0.258s] Level 1:colcon.colcon_core.package_discovery:discover_packages(recursive) check parameters
[0.258s] Level 1:colcon.colcon_core.package_discovery:discover_packages(ignore) check parameters
[0.258s] Level 1:colcon.colcon_core.package_discovery:discover_packages(path) check parameters
[0.258s] Level 1:colcon.colcon_core.package_discovery:discover_packages(colcon_meta) discover
[0.258s] Level 1:colcon.colcon_core.package_discovery:discover_packages(recursive) discover
[0.258s] INFO:colcon.colcon_core.package_discovery:Crawling recursively for packages in '/home/nayab/dev_ws'
[0.258s] Level 1:colcon.colcon_core.package_identification:_identify(.) by extensions ['ignore', 'ignore_ament_install']
[0.258s] Level 1:colcon.colcon_core.package_identification:_identify(.) by extension 'ignore'
[0.258s] Level 1:colcon.colcon_core.package_identification:_identify(.) by extension 'ignore_ament_install'
[0.259s] Level 1:colcon.colcon_core.package_identification:_identify(.) by extensions ['colcon_pkg']
[0.259s] Level 1:colcon.colcon_core.package_identification:_identify(.) by extension 'colcon_pkg'
[0.259s] Level 1:colcon.colcon_core.package_identification:_identify(.) by extensions ['colcon_meta']
[0.259s] Level 1:colcon.colcon_core.package_identification:_identify(.) by extension 'colcon_meta'
[0.259s] Level 1:colcon.colcon_core.package_identification:_identify(.) by extensions ['ros']
[0.259s] Level 1:colcon.colcon_core.package_identification:_identify(.) by extension 'ros'
[0.283s] Level 1:colcon.colcon_core.package_identification:_identify(.) by extensions ['cmake', 'python']
[0.283s] Level 1:colcon.colcon_core.package_identification:_identify(.) by extension 'cmake'
[0.283s] Level 1:colcon.colcon_core.package_identification:_identify(.) by extension 'python'
[0.283s] Level 1:colcon.colcon_core.package_identification:_identify(.) by extensions ['python_setup_py']
[0.283s] Level 1:colcon.colcon_core.package_identification:_identify(.) by extension 'python_setup_py'
[0.283s] Level 1:colcon.colcon_core.package_identification:_identify(bagfiles) by extensions ['ignore', 'ignore_ament_install']
[0.283s] Level 1:colcon.colcon_core.package_identification:_identify(bagfiles) by extension 'ignore'
[0.283s] Level 1:colcon.colcon_core.package_identification:_identify(bagfiles) by extension 'ignore_ament_install'
[0.283s] Level 1:colcon.colcon_core.package_identification:_identify(bagfiles) by extensions ['colcon_pkg']
[0.283s] Level 1:colcon.colcon_core.package_identification:_identify(bagfiles) by extension 'colcon_pkg'
[0.283s] Level 1:colcon.colcon_core.package_identification:_identify(bagfiles) by extensions ['colcon_meta']
[0.283s] Level 1:colcon.colcon_core.package_identification:_identify(bagfiles) by extension 'colcon_meta'
[0.283s] Level 1:colcon.colcon_core.package_identification:_identify(bagfiles) by extensions ['ros']
[0.283s] Level 1:colcon.colcon_core.package_identification:_identify(bagfiles) by extension 'ros'
[0.283s] Level 1:colcon.colcon_core.package_identification:_identify(bagfiles) by extensions ['cmake', 'python']
[0.284s] Level 1:colcon.colcon_core.package_identification:_identify(bagfiles) by extension 'cmake'
[0.284s] Level 1:colcon.colcon_core.package_identification:_identify(bagfiles) by extension 'python'
[0.284s] Level 1:colcon.colcon_core.package_identification:_identify(bagfiles) by extensions ['python_setup_py']
[0.284s] Level 1:colcon.colcon_core.package_identification:_identify(bagfiles) by extension 'python_setup_py'
[0.284s] Level 1:colcon.colcon_core.package_identification:_identify(bagfiles/imu_status-14-3-22) by extensions ['ignore', 'ignore_ament_install']
[0.284s] Level 1:colcon.colcon_core.package_identification:_identify(bagfiles/imu_status-14-3-22) by extension 'ignore'
[0.284s] Level 1:colcon.colcon_core.package_identification:_identify(bagfiles/imu_status-14-3-22) by extension 'ignore_ament_install'
[0.284s] Level 1:colcon.colcon_core.package_identification:_identify(bagfiles/imu_status-14-3-22) by extensions ['colcon_pkg']
[0.284s] Level 1:colcon.colcon_core.package_identification:_identify(bagfiles/imu_status-14-3-22) by extension 'colcon_pkg'
[0.284s] Level 1:colcon.colcon_core.package_identification:_identify(bagfiles/imu_status-14-3-22) by extensions ['colcon_meta']
[0.284s] Level 1:colcon.colcon_core.package_identification:_identify(bagfiles/imu_status-14-3-22) by extension 'colcon_meta'
[0.284s] Level 1:colcon.colcon_core.package_identification:_identify(bagfiles/imu_status-14-3-22) by extensions ['ros']
[0.284s] Level 1:colcon.colcon_core.package_identification:_identify(bagfiles/imu_status-14-3-22) by extension 'ros'
[0.284s] Level 1:colcon.colcon_core.package_identification:_identify(bagfiles/imu_status-14-3-22) by extensions ['cmake', 'python']
[0.284s] Level 1:colcon.colcon_core.package_identification:_identify(bagfiles/imu_status-14-3-22) by extension 'cmake'
[0.284s] Level 1:colcon.colcon_core.package_identification:_identify(bagfiles/imu_status-14-3-22) by extension 'python'
[0.284s] Level 1:colcon.colcon_core.package_identification:_identify(bagfiles/imu_status-14-3-22) by extensions ['python_setup_py']
[0.284s] Level 1:colcon.colcon_core.package_identification:_identify(bagfiles/imu_status-14-3-22) by extension 'python_setup_py'
[0.285s] Level 1:colcon.colcon_core.package_identification:_identify(bagfiles/rc_imu_status) by extensions ['ignore', 'ignore_ament_install']
[0.285s] Level 1:colcon.colcon_core.package_identification:_identify(bagfiles/rc_imu_status) by extension 'ignore'
[0.285s] Level 1:colcon.colcon_core.package_identification:_identify(bagfiles/rc_imu_status) by extension 'ignore_ament_install'
[0.285s] Level 1:colcon.colcon_core.package_identification:_identify(bagfiles/rc_imu_status) by extensions ['colcon_pkg']
[0.285s] Level 1:colcon.colcon_core.package_identification:_identify(bagfiles/rc_imu_status) by extension 'colcon_pkg'
[0.285s] Level 1:colcon.colcon_core.package_identification:_identify(bagfiles/rc_imu_status) by extensions ['colcon_meta']
[0.285s] Level 1:colcon.colcon_core.package_identification:_identify(bagfiles/rc_imu_status) by extension 'colcon_meta'
[0.285s] Level 1:colcon.colcon_core.package_identification:_identify(bagfiles/rc_imu_status) by extensions ['ros']
[0.285s] Level 1:colcon.colcon_core.package_identification:_identify(bagfiles/rc_imu_status) by extension 'ros'
[0.285s] Level 1:colcon.colcon_core.package_identification:_identify(bagfiles/rc_imu_status) by extensions ['cmake', 'python']
[0.285s] Level 1:colcon.colcon_core.package_identification:_identify(bagfiles/rc_imu_status) by extension 'cmake'
[0.285s] Level 1:colcon.colcon_core.package_identification:_identify(bagfiles/rc_imu_status) by extension 'python'
[0.285s] Level 1:colcon.colcon_core.package_identification:_identify(bagfiles/rc_imu_status) by extensions ['python_setup_py']
[0.285s] Level 1:colcon.colcon_core.package_identification:_identify(bagfiles/rc_imu_status) by extension 'python_setup_py'
[0.285s] Level 1:colcon.colcon_core.package_identification:_identify(bagfiles/rc_status_2) by extensions ['ignore', 'ignore_ament_install']
[0.285s] Level 1:colcon.colcon_core.package_identification:_identify(bagfiles/rc_status_2) by extension 'ignore'
[0.285s] Level 1:colcon.colcon_core.package_identification:_identify(bagfiles/rc_status_2) by extension 'ignore_ament_install'
[0.285s] Level 1:colcon.colcon_core.package_identification:_identify(bagfiles/rc_status_2) by extensions ['colcon_pkg']
[0.286s] Level 1:colcon.colcon_core.package_identification:_identify(bagfiles/rc_status_2) by extension 'colcon_pkg'
[0.286s] Level 1:colcon.colcon_core.package_identification:_identify(bagfiles/rc_status_2) by extensions ['colcon_meta']
[0.286s] Level 1:colcon.colcon_core.package_identification:_identify(bagfiles/rc_status_2) by extension 'colcon_meta'
[0.286s] Level 1:colcon.colcon_core.package_identification:_identify(bagfiles/rc_status_2) by extensions ['ros']
[0.286s] Level 1:colcon.colcon_core.package_identification:_identify(bagfiles/rc_status_2) by extension 'ros'
[0.286s] Level 1:colcon.colcon_core.package_identification:_identify(bagfiles/rc_status_2) by extensions ['cmake', 'python']
[0.286s] Level 1:colcon.colcon_core.package_identification:_identify(bagfiles/rc_status_2) by extension 'cmake'
[0.286s] Level 1:colcon.colcon_core.package_identification:_identify(bagfiles/rc_status_2) by extension 'python'
[0.286s] Level 1:colcon.colcon_core.package_identification:_identify(bagfiles/rc_status_2) by extensions ['python_setup_py']
[0.286s] Level 1:colcon.colcon_core.package_identification:_identify(bagfiles/rc_status_2) by extension 'python_setup_py'
[0.286s] Level 1:colcon.colcon_core.package_identification:_identify(build) by extensions ['ignore', 'ignore_ament_install']
[0.286s] Level 1:colcon.colcon_core.package_identification:_identify(build) by extension 'ignore'
[0.286s] Level 1:colcon.colcon_core.package_identification:_identify(build) ignored
[0.286s] Level 1:colcon.colcon_core.package_identification:_identify(install) by extensions ['ignore', 'ignore_ament_install']
[0.286s] Level 1:colcon.colcon_core.package_identification:_identify(install) by extension 'ignore'
[0.286s] Level 1:colcon.colcon_core.package_identification:_identify(install) ignored
[0.287s] Level 1:colcon.colcon_core.package_identification:_identify(log) by extensions ['ignore', 'ignore_ament_install']
[0.287s] Level 1:colcon.colcon_core.package_identification:_identify(log) by extension 'ignore'
[0.287s] Level 1:colcon.colcon_core.package_identification:_identify(log) ignored
[0.287s] Level 1:colcon.colcon_core.package_identification:_identify(src) by extensions ['ignore', 'ignore_ament_install']
[0.287s] Level 1:colcon.colcon_core.package_identification:_identify(src) by extension 'ignore'
[0.287s] Level 1:colcon.colcon_core.package_identification:_identify(src) by extension 'ignore_ament_install'
[0.287s] Level 1:colcon.colcon_core.package_identification:_identify(src) by extensions ['colcon_pkg']
[0.287s] Level 1:colcon.colcon_core.package_identification:_identify(src) by extension 'colcon_pkg'
[0.287s] Level 1:colcon.colcon_core.package_identification:_identify(src) by extensions ['colcon_meta']
[0.287s] Level 1:colcon.colcon_core.package_identification:_identify(src) by extension 'colcon_meta'
[0.287s] Level 1:colcon.colcon_core.package_identification:_identify(src) by extensions ['ros']
[0.287s] Level 1:colcon.colcon_core.package_identification:_identify(src) by extension 'ros'
[0.287s] Level 1:colcon.colcon_core.package_identification:_identify(src) by extensions ['cmake', 'python']
[0.288s] Level 1:colcon.colcon_core.package_identification:_identify(src) by extension 'cmake'
[0.288s] Level 1:colcon.colcon_core.package_identification:_identify(src) by extension 'python'
[0.288s] Level 1:colcon.colcon_core.package_identification:_identify(src) by extensions ['python_setup_py']
[0.288s] Level 1:colcon.colcon_core.package_identification:_identify(src) by extension 'python_setup_py'
[0.288s] Level 1:colcon.colcon_core.package_identification:_identify(src/abds_core_common) by extensions ['ignore', 'ignore_ament_install']
[0.288s] Level 1:colcon.colcon_core.package_identification:_identify(src/abds_core_common) by extension 'ignore'
[0.288s] Level 1:colcon.colcon_core.package_identification:_identify(src/abds_core_common) by extension 'ignore_ament_install'
[0.288s] Level 1:colcon.colcon_core.package_identification:_identify(src/abds_core_common) by extensions ['colcon_pkg']
[0.288s] Level 1:colcon.colcon_core.package_identification:_identify(src/abds_core_common) by extension 'colcon_pkg'
[0.288s] Level 1:colcon.colcon_core.package_identification:_identify(src/abds_core_common) by extensions ['colcon_meta']
[0.288s] Level 1:colcon.colcon_core.package_identification:_identify(src/abds_core_common) by extension 'colcon_meta'
[0.288s] Level 1:colcon.colcon_core.package_identification:_identify(src/abds_core_common) by extensions ['ros']
[0.288s] Level 1:colcon.colcon_core.package_identification:_identify(src/abds_core_common) by extension 'ros'
[0.291s] DEBUG:colcon.colcon_core.package_identification:Package 'src/abds_core_common' with type 'ros.ament_cmake' and name 'abds_core_common'
[0.292s] Level 1:colcon.colcon_core.package_identification:_identify(src/dbr_pubsub) by extensions ['ignore', 'ignore_ament_install']
[0.292s] Level 1:colcon.colcon_core.package_identification:_identify(src/dbr_pubsub) by extension 'ignore'
[0.292s] Level 1:colcon.colcon_core.package_identification:_identify(src/dbr_pubsub) by extension 'ignore_ament_install'
[0.292s] Level 1:colcon.colcon_core.package_identification:_identify(src/dbr_pubsub) by extensions ['colcon_pkg']
[0.292s] Level 1:colcon.colcon_core.package_identification:_identify(src/dbr_pubsub) by extension 'colcon_pkg'
[0.292s] Level 1:colcon.colcon_core.package_identification:_identify(src/dbr_pubsub) by extensions ['colcon_meta']
[0.292s] Level 1:colcon.colcon_core.package_identification:_identify(src/dbr_pubsub) by extension 'colcon_meta'
[0.292s] Level 1:colcon.colcon_core.package_identification:_identify(src/dbr_pubsub) by extensions ['ros']
[0.292s] Level 1:colcon.colcon_core.package_identification:_identify(src/dbr_pubsub) by extension 'ros'
[0.292s] DEBUG:colcon.colcon_core.package_identification:Package 'src/dbr_pubsub' with type 'ros.ament_python' and name 'dbr_pubsub'
[0.293s] Level 1:colcon.colcon_core.package_identification:_identify(src/ether_follow_interfaces) by extensions ['ignore', 'ignore_ament_install']
[0.293s] Level 1:colcon.colcon_core.package_identification:_identify(src/ether_follow_interfaces) by extension 'ignore'
[0.293s] Level 1:colcon.colcon_core.package_identification:_identify(src/ether_follow_interfaces) by extension 'ignore_ament_install'
[0.293s] Level 1:colcon.colcon_core.package_identification:_identify(src/ether_follow_interfaces) by extensions ['colcon_pkg']
[0.293s] Level 1:colcon.colcon_core.package_identification:_identify(src/ether_follow_interfaces) by extension 'colcon_pkg'
[0.293s] Level 1:colcon.colcon_core.package_identification:_identify(src/ether_follow_interfaces) by extensions ['colcon_meta']
[0.293s] Level 1:colcon.colcon_core.package_identification:_identify(src/ether_follow_interfaces) by extension 'colcon_meta'
[0.293s] Level 1:colcon.colcon_core.package_identification:_identify(src/ether_follow_interfaces) by extensions ['ros']
[0.293s] Level 1:colcon.colcon_core.package_identification:_identify(src/ether_follow_interfaces) by extension 'ros'
[0.293s] DEBUG:colcon.colcon_core.package_identification:Package 'src/ether_follow_interfaces' with type 'ros.ament_cmake' and name 'ether_follow_interfaces'
[0.294s] Level 1:colcon.colcon_core.package_identification:_identify(src/ether_follow_pubsub) by extensions ['ignore', 'ignore_ament_install']
[0.294s] Level 1:colcon.colcon_core.package_identification:_identify(src/ether_follow_pubsub) by extension 'ignore'
[0.294s] Level 1:colcon.colcon_core.package_identification:_identify(src/ether_follow_pubsub) by extension 'ignore_ament_install'
[0.294s] Level 1:colcon.colcon_core.package_identification:_identify(src/ether_follow_pubsub) by extensions ['colcon_pkg']
[0.294s] Level 1:colcon.colcon_core.package_identification:_identify(src/ether_follow_pubsub) by extension 'colcon_pkg'
[0.294s] Level 1:colcon.colcon_core.package_identification:_identify(src/ether_follow_pubsub) by extensions ['colcon_meta']
[0.294s] Level 1:colcon.colcon_core.package_identification:_identify(src/ether_follow_pubsub) by extension 'colcon_meta'
[0.294s] Level 1:colcon.colcon_core.package_identification:_identify(src/ether_follow_pubsub) by extensions ['ros']
[0.294s] Level 1:colcon.colcon_core.package_identification:_identify(src/ether_follow_pubsub) by extension 'ros'
[0.294s] DEBUG:colcon.colcon_core.package_identification:Package 'src/ether_follow_pubsub' with type 'ros.ament_python' and name 'ether_follow_pubsub'
[0.294s] Level 1:colcon.colcon_core.package_identification:_identify(src/my_package) by extensions ['ignore', 'ignore_ament_install']
[0.295s] Level 1:colcon.colcon_core.package_identification:_identify(src/my_package) by extension 'ignore'
[0.295s] Level 1:colcon.colcon_core.package_identification:_identify(src/my_package) by extension 'ignore_ament_install'
[0.295s] Level 1:colcon.colcon_core.package_identification:_identify(src/my_package) by extensions ['colcon_pkg']
[0.295s] Level 1:colcon.colcon_core.package_identification:_identify(src/my_package) by extension 'colcon_pkg'
[0.295s] Level 1:colcon.colcon_core.package_identification:_identify(src/my_package) by extensions ['colcon_meta']
[0.295s] Level 1:colcon.colcon_core.package_identification:_identify(src/my_package) by extension 'colcon_meta'
[0.295s] Level 1:colcon.colcon_core.package_identification:_identify(src/my_package) by extensions ['ros']
[0.295s] Level 1:colcon.colcon_core.package_identification:_identify(src/my_package) by extension 'ros'
[0.295s] DEBUG:colcon.colcon_core.package_identification:Package 'src/my_package' with type 'ros.ament_python' and name 'my_package'
[0.296s] Level 1:colcon.colcon_core.package_identification:_identify(src/py_pubsub) by extensions ['ignore', 'ignore_ament_install']
[0.296s] Level 1:colcon.colcon_core.package_identification:_identify(src/py_pubsub) by extension 'ignore'
[0.296s] Level 1:colcon.colcon_core.package_identification:_identify(src/py_pubsub) by extension 'ignore_ament_install'
[0.296s] Level 1:colcon.colcon_core.package_identification:_identify(src/py_pubsub) by extensions ['colcon_pkg']
[0.296s] Level 1:colcon.colcon_core.package_identification:_identify(src/py_pubsub) by extension 'colcon_pkg'
[0.296s] Level 1:colcon.colcon_core.package_identification:_identify(src/py_pubsub) by extensions ['colcon_meta']
[0.296s] Level 1:colcon.colcon_core.package_identification:_identify(src/py_pubsub) by extension 'colcon_meta'
[0.296s] Level 1:colcon.colcon_core.package_identification:_identify(src/py_pubsub) by extensions ['ros']
[0.296s] Level 1:colcon.colcon_core.package_identification:_identify(src/py_pubsub) by extension 'ros'
[0.297s] DEBUG:colcon.colcon_core.package_identification:Package 'src/py_pubsub' with type 'ros.ament_python' and name 'py_pubsub'
[0.297s] Level 1:colcon.colcon_core.package_identification:_identify(src/rc_interfaces) by extensions ['ignore', 'ignore_ament_install']
[0.297s] Level 1:colcon.colcon_core.package_identification:_identify(src/rc_interfaces) by extension 'ignore'
[0.297s] Level 1:colcon.colcon_core.package_identification:_identify(src/rc_interfaces) by extension 'ignore_ament_install'
[0.297s] Level 1:colcon.colcon_core.package_identification:_identify(src/rc_interfaces) by extensions ['colcon_pkg']
[0.297s] Level 1:colcon.colcon_core.package_identification:_identify(src/rc_interfaces) by extension 'colcon_pkg'
[0.297s] Level 1:colcon.colcon_core.package_identification:_identify(src/rc_interfaces) by extensions ['colcon_meta']
[0.297s] Level 1:colcon.colcon_core.package_identification:_identify(src/rc_interfaces) by extension 'colcon_meta'
[0.297s] Level 1:colcon.colcon_core.package_identification:_identify(src/rc_interfaces) by extensions ['ros']
[0.297s] Level 1:colcon.colcon_core.package_identification:_identify(src/rc_interfaces) by extension 'ros'
[0.298s] DEBUG:colcon.colcon_core.package_identification:Package 'src/rc_interfaces' with type 'ros.ament_cmake' and name 'rc_interfaces'
[0.298s] Level 1:colcon.colcon_core.package_identification:_identify(src/tutorial_interfaces) by extensions ['ignore', 'ignore_ament_install']
[0.298s] Level 1:colcon.colcon_core.package_identification:_identify(src/tutorial_interfaces) by extension 'ignore'
[0.298s] Level 1:colcon.colcon_core.package_identification:_identify(src/tutorial_interfaces) by extension 'ignore_ament_install'
[0.298s] Level 1:colcon.colcon_core.package_identification:_identify(src/tutorial_interfaces) by extensions ['colcon_pkg']
[0.298s] Level 1:colcon.colcon_core.package_identification:_identify(src/tutorial_interfaces) by extension 'colcon_pkg'
[0.298s] Level 1:colcon.colcon_core.package_identification:_identify(src/tutorial_interfaces) by extensions ['colcon_meta']
[0.298s] Level 1:colcon.colcon_core.package_identification:_identify(src/tutorial_interfaces) by extension 'colcon_meta'
[0.298s] Level 1:colcon.colcon_core.package_identification:_identify(src/tutorial_interfaces) by extensions ['ros']
[0.298s] Level 1:colcon.colcon_core.package_identification:_identify(src/tutorial_interfaces) by extension 'ros'
[0.299s] DEBUG:colcon.colcon_core.package_identification:Package 'src/tutorial_interfaces' with type 'ros.ament_cmake' and name 'tutorial_interfaces'
[0.299s] Level 1:colcon.colcon_core.package_discovery:discover_packages(recursive) using defaults
[0.299s] Level 1:colcon.colcon_core.package_discovery:discover_packages(ignore) discover
[0.299s] Level 1:colcon.colcon_core.package_discovery:discover_packages(ignore) using defaults
[0.299s] Level 1:colcon.colcon_core.package_discovery:discover_packages(path) discover
[0.299s] Level 1:colcon.colcon_core.package_discovery:discover_packages(path) using defaults
[0.322s] Level 5:colcon.colcon_core.verb:set package 'abds_core_common' build argument 'cmake_args' from command line to 'None'
[0.322s] Level 5:colcon.colcon_core.verb:set package 'abds_core_common' build argument 'cmake_target' from command line to 'None'
[0.322s] Level 5:colcon.colcon_core.verb:set package 'abds_core_common' build argument 'cmake_target_skip_unavailable' from command line to 'False'
[0.322s] Level 5:colcon.colcon_core.verb:set package 'abds_core_common' build argument 'cmake_clean_cache' from command line to 'False'
[0.322s] Level 5:colcon.colcon_core.verb:set package 'abds_core_common' build argument 'cmake_clean_first' from command line to 'False'
[0.322s] Level 5:colcon.colcon_core.verb:set package 'abds_core_common' build argument 'cmake_force_configure' from command line to 'False'
[0.322s] Level 5:colcon.colcon_core.verb:set package 'abds_core_common' build argument 'ament_cmake_args' from command line to 'None'
[0.323s] Level 5:colcon.colcon_core.verb:set package 'abds_core_common' build argument 'catkin_cmake_args' from command line to 'None'
[0.323s] Level 5:colcon.colcon_core.verb:set package 'abds_core_common' build argument 'catkin_skip_building_tests' from command line to 'False'
[0.323s] DEBUG:colcon.colcon_core.verb:Building package 'abds_core_common' with the following arguments: {'ament_cmake_args': None, 'build_base': '/home/nayab/dev_ws/build/abds_core_common', 'catkin_cmake_args': None, 'catkin_skip_building_tests': False, 'cmake_args': None, 'cmake_clean_cache': False, 'cmake_clean_first': False, 'cmake_force_configure': False, 'cmake_target': None, 'cmake_target_skip_unavailable': False, 'install_base': '/home/nayab/dev_ws/install/abds_core_common', 'merge_install': False, 'path': '/home/nayab/dev_ws/src/abds_core_common', 'symlink_install': False, 'test_result_base': None}
[0.323s] Level 5:colcon.colcon_core.verb:set package 'dbr_pubsub' build argument 'cmake_args' from command line to 'None'
[0.323s] Level 5:colcon.colcon_core.verb:set package 'dbr_pubsub' build argument 'cmake_target' from command line to 'None'
[0.323s] Level 5:colcon.colcon_core.verb:set package 'dbr_pubsub' build argument 'cmake_target_skip_unavailable' from command line to 'False'
[0.323s] Level 5:colcon.colcon_core.verb:set package 'dbr_pubsub' build argument 'cmake_clean_cache' from command line to 'False'
[0.323s] Level 5:colcon.colcon_core.verb:set package 'dbr_pubsub' build argument 'cmake_clean_first' from command line to 'False'
[0.323s] Level 5:colcon.colcon_core.verb:set package 'dbr_pubsub' build argument 'cmake_force_configure' from command line to 'False'
[0.323s] Level 5:colcon.colcon_core.verb:set package 'dbr_pubsub' build argument 'ament_cmake_args' from command line to 'None'
[0.323s] Level 5:colcon.colcon_core.verb:set package 'dbr_pubsub' build argument 'catkin_cmake_args' from command line to 'None'
[0.323s] Level 5:colcon.colcon_core.verb:set package 'dbr_pubsub' build argument 'catkin_skip_building_tests' from command line to 'False'
[0.323s] DEBUG:colcon.colcon_core.verb:Building package 'dbr_pubsub' with the following arguments: {'ament_cmake_args': None, 'build_base': '/home/nayab/dev_ws/build/dbr_pubsub', 'catkin_cmake_args': None, 'catkin_skip_building_tests': False, 'cmake_args': None, 'cmake_clean_cache': False, 'cmake_clean_first': False, 'cmake_force_configure': False, 'cmake_target': None, 'cmake_target_skip_unavailable': False, 'install_base': '/home/nayab/dev_ws/install/dbr_pubsub', 'merge_install': False, 'path': '/home/nayab/dev_ws/src/dbr_pubsub', 'symlink_install': False, 'test_result_base': None}
[0.324s] Level 5:colcon.colcon_core.verb:set package 'ether_follow_interfaces' build argument 'cmake_args' from command line to 'None'
[0.324s] Level 5:colcon.colcon_core.verb:set package 'ether_follow_interfaces' build argument 'cmake_target' from command line to 'None'
[0.324s] Level 5:colcon.colcon_core.verb:set package 'ether_follow_interfaces' build argument 'cmake_target_skip_unavailable' from command line to 'False'
[0.324s] Level 5:colcon.colcon_core.verb:set package 'ether_follow_interfaces' build argument 'cmake_clean_cache' from command line to 'False'
[0.324s] Level 5:colcon.colcon_core.verb:set package 'ether_follow_interfaces' build argument 'cmake_clean_first' from command line to 'False'
[0.324s] Level 5:colcon.colcon_core.verb:set package 'ether_follow_interfaces' build argument 'cmake_force_configure' from command line to 'False'
[0.324s] Level 5:colcon.colcon_core.verb:set package 'ether_follow_interfaces' build argument 'ament_cmake_args' from command line to 'None'
[0.324s] Level 5:colcon.colcon_core.verb:set package 'ether_follow_interfaces' build argument 'catkin_cmake_args' from command line to 'None'
[0.324s] Level 5:colcon.colcon_core.verb:set package 'ether_follow_interfaces' build argument 'catkin_skip_building_tests' from command line to 'False'
[0.324s] DEBUG:colcon.colcon_core.verb:Building package 'ether_follow_interfaces' with the following arguments: {'ament_cmake_args': None, 'build_base': '/home/nayab/dev_ws/build/ether_follow_interfaces', 'catkin_cmake_args': None, 'catkin_skip_building_tests': False, 'cmake_args': None, 'cmake_clean_cache': False, 'cmake_clean_first': False, 'cmake_force_configure': False, 'cmake_target': None, 'cmake_target_skip_unavailable': False, 'install_base': '/home/nayab/dev_ws/install/ether_follow_interfaces', 'merge_install': False, 'path': '/home/nayab/dev_ws/src/ether_follow_interfaces', 'symlink_install': False, 'test_result_base': None}
[0.325s] Level 5:colcon.colcon_core.verb:set package 'ether_follow_pubsub' build argument 'cmake_args' from command line to 'None'
[0.325s] Level 5:colcon.colcon_core.verb:set package 'ether_follow_pubsub' build argument 'cmake_target' from command line to 'None'
[0.325s] Level 5:colcon.colcon_core.verb:set package 'ether_follow_pubsub' build argument 'cmake_target_skip_unavailable' from command line to 'False'
[0.325s] Level 5:colcon.colcon_core.verb:set package 'ether_follow_pubsub' build argument 'cmake_clean_cache' from command line to 'False'
[0.325s] Level 5:colcon.colcon_core.verb:set package 'ether_follow_pubsub' build argument 'cmake_clean_first' from command line to 'False'
[0.325s] Level 5:colcon.colcon_core.verb:set package 'ether_follow_pubsub' build argument 'cmake_force_configure' from command line to 'False'
[0.325s] Level 5:colcon.colcon_core.verb:set package 'ether_follow_pubsub' build argument 'ament_cmake_args' from command line to 'None'
[0.325s] Level 5:colcon.colcon_core.verb:set package 'ether_follow_pubsub' build argument 'catkin_cmake_args' from command line to 'None'
[0.325s] Level 5:colcon.colcon_core.verb:set package 'ether_follow_pubsub' build argument 'catkin_skip_building_tests' from command line to 'False'
[0.325s] DEBUG:colcon.colcon_core.verb:Building package 'ether_follow_pubsub' with the following arguments: {'ament_cmake_args': None, 'build_base': '/home/nayab/dev_ws/build/ether_follow_pubsub', 'catkin_cmake_args': None, 'catkin_skip_building_tests': False, 'cmake_args': None, 'cmake_clean_cache': False, 'cmake_clean_first': False, 'cmake_force_configure': False, 'cmake_target': None, 'cmake_target_skip_unavailable': False, 'install_base': '/home/nayab/dev_ws/install/ether_follow_pubsub', 'merge_install': False, 'path': '/home/nayab/dev_ws/src/ether_follow_pubsub', 'symlink_install': False, 'test_result_base': None}
[0.326s] Level 5:colcon.colcon_core.verb:set package 'my_package' build argument 'cmake_args' from command line to 'None'
[0.326s] Level 5:colcon.colcon_core.verb:set package 'my_package' build argument 'cmake_target' from command line to 'None'
[0.326s] Level 5:colcon.colcon_core.verb:set package 'my_package' build argument 'cmake_target_skip_unavailable' from command line to 'False'
[0.326s] Level 5:colcon.colcon_core.verb:set package 'my_package' build argument 'cmake_clean_cache' from command line to 'False'
[0.326s] Level 5:colcon.colcon_core.verb:set package 'my_package' build argument 'cmake_clean_first' from command line to 'False'
[0.326s] Level 5:colcon.colcon_core.verb:set package 'my_package' build argument 'cmake_force_configure' from command line to 'False'
[0.326s] Level 5:colcon.colcon_core.verb:set package 'my_package' build argument 'ament_cmake_args' from command line to 'None'
[0.326s] Level 5:colcon.colcon_core.verb:set package 'my_package' build argument 'catkin_cmake_args' from command line to 'None'
[0.326s] Level 5:colcon.colcon_core.verb:set package 'my_package' build argument 'catkin_skip_building_tests' from command line to 'False'
[0.326s] DEBUG:colcon.colcon_core.verb:Building package 'my_package' with the following arguments: {'ament_cmake_args': None, 'build_base': '/home/nayab/dev_ws/build/my_package', 'catkin_cmake_args': None, 'catkin_skip_building_tests': False, 'cmake_args': None, 'cmake_clean_cache': False, 'cmake_clean_first': False, 'cmake_force_configure': False, 'cmake_target': None, 'cmake_target_skip_unavailable': False, 'install_base': '/home/nayab/dev_ws/install/my_package', 'merge_install': False, 'path': '/home/nayab/dev_ws/src/my_package', 'symlink_install': False, 'test_result_base': None}
[0.327s] Level 5:colcon.colcon_core.verb:set package 'py_pubsub' build argument 'cmake_args' from command line to 'None'
[0.327s] Level 5:colcon.colcon_core.verb:set package 'py_pubsub' build argument 'cmake_target' from command line to 'None'
[0.327s] Level 5:colcon.colcon_core.verb:set package 'py_pubsub' build argument 'cmake_target_skip_unavailable' from command line to 'False'
[0.327s] Level 5:colcon.colcon_core.verb:set package 'py_pubsub' build argument 'cmake_clean_cache' from command line to 'False'
[0.327s] Level 5:colcon.colcon_core.verb:set package 'py_pubsub' build argument 'cmake_clean_first' from command line to 'False'
[0.327s] Level 5:colcon.colcon_core.verb:set package 'py_pubsub' build argument 'cmake_force_configure' from command line to 'False'
[0.327s] Level 5:colcon.colcon_core.verb:set package 'py_pubsub' build argument 'ament_cmake_args' from command line to 'None'
[0.327s] Level 5:colcon.colcon_core.verb:set package 'py_pubsub' build argument 'catkin_cmake_args' from command line to 'None'
[0.327s] Level 5:colcon.colcon_core.verb:set package 'py_pubsub' build argument 'catkin_skip_building_tests' from command line to 'False'
[0.327s] DEBUG:colcon.colcon_core.verb:Building package 'py_pubsub' with the following arguments: {'ament_cmake_args': None, 'build_base': '/home/nayab/dev_ws/build/py_pubsub', 'catkin_cmake_args': None, 'catkin_skip_building_tests': False, 'cmake_args': None, 'cmake_clean_cache': False, 'cmake_clean_first': False, 'cmake_force_configure': False, 'cmake_target': None, 'cmake_target_skip_unavailable': False, 'install_base': '/home/nayab/dev_ws/install/py_pubsub', 'merge_install': False, 'path': '/home/nayab/dev_ws/src/py_pubsub', 'symlink_install': False, 'test_result_base': None}
[0.328s] Level 5:colcon.colcon_core.verb:set package 'rc_interfaces' build argument 'cmake_args' from command line to 'None'
[0.328s] Level 5:colcon.colcon_core.verb:set package 'rc_interfaces' build argument 'cmake_target' from command line to 'None'
[0.328s] Level 5:colcon.colcon_core.verb:set package 'rc_interfaces' build argument 'cmake_target_skip_unavailable' from command line to 'False'
[0.328s] Level 5:colcon.colcon_core.verb:set package 'rc_interfaces' build argument 'cmake_clean_cache' from command line to 'False'
[0.328s] Level 5:colcon.colcon_core.verb:set package 'rc_interfaces' build argument 'cmake_clean_first' from command line to 'False'
[0.328s] Level 5:colcon.colcon_core.verb:set package 'rc_interfaces' build argument 'cmake_force_configure' from command line to 'False'
[0.328s] Level 5:colcon.colcon_core.verb:set package 'rc_interfaces' build argument 'ament_cmake_args' from command line to 'None'
[0.328s] Level 5:colcon.colcon_core.verb:set package 'rc_interfaces' build argument 'catkin_cmake_args' from command line to 'None'
[0.328s] Level 5:colcon.colcon_core.verb:set package 'rc_interfaces' build argument 'catkin_skip_building_tests' from command line to 'False'
[0.328s] DEBUG:colcon.colcon_core.verb:Building package 'rc_interfaces' with the following arguments: {'ament_cmake_args': None, 'build_base': '/home/nayab/dev_ws/build/rc_interfaces', 'catkin_cmake_args': None, 'catkin_skip_building_tests': False, 'cmake_args': None, 'cmake_clean_cache': False, 'cmake_clean_first': False, 'cmake_force_configure': False, 'cmake_target': None, 'cmake_target_skip_unavailable': False, 'install_base': '/home/nayab/dev_ws/install/rc_interfaces', 'merge_install': False, 'path': '/home/nayab/dev_ws/src/rc_interfaces', 'symlink_install': False, 'test_result_base': None}
[0.329s] Level 5:colcon.colcon_core.verb:set package 'tutorial_interfaces' build argument 'cmake_args' from command line to 'None'
[0.329s] Level 5:colcon.colcon_core.verb:set package 'tutorial_interfaces' build argument 'cmake_target' from command line to 'None'
[0.329s] Level 5:colcon.colcon_core.verb:set package 'tutorial_interfaces' build argument 'cmake_target_skip_unavailable' from command line to 'False'
[0.329s] Level 5:colcon.colcon_core.verb:set package 'tutorial_interfaces' build argument 'cmake_clean_cache' from command line to 'False'
[0.329s] Level 5:colcon.colcon_core.verb:set package 'tutorial_interfaces' build argument 'cmake_clean_first' from command line to 'False'
[0.329s] Level 5:colcon.colcon_core.verb:set package 'tutorial_interfaces' build argument 'cmake_force_configure' from command line to 'False'
[0.329s] Level 5:colcon.colcon_core.verb:set package 'tutorial_interfaces' build argument 'ament_cmake_args' from command line to 'None'
[0.329s] Level 5:colcon.colcon_core.verb:set package 'tutorial_interfaces' build argument 'catkin_cmake_args' from command line to 'None'
[0.329s] Level 5:colcon.colcon_core.verb:set package 'tutorial_interfaces' build argument 'catkin_skip_building_tests' from command line to 'False'
[0.329s] DEBUG:colcon.colcon_core.verb:Building package 'tutorial_interfaces' with the following arguments: {'ament_cmake_args': None, 'build_base': '/home/nayab/dev_ws/build/tutorial_interfaces', 'catkin_cmake_args': None, 'catkin_skip_building_tests': False, 'cmake_args': None, 'cmake_clean_cache': False, 'cmake_clean_first': False, 'cmake_force_configure': False, 'cmake_target': None, 'cmake_target_skip_unavailable': False, 'install_base': '/home/nayab/dev_ws/install/tutorial_interfaces', 'merge_install': False, 'path': '/home/nayab/dev_ws/src/tutorial_interfaces', 'symlink_install': False, 'test_result_base': None}
[0.332s] INFO:colcon.colcon_core.executor:Executing jobs using 'parallel' executor
[0.334s] DEBUG:colcon.colcon_parallel_executor.executor.parallel:run_until_complete
[0.334s] INFO:colcon.colcon_ros.task.ament_cmake.build:Building ROS package in '/home/nayab/dev_ws/src/abds_core_common' with build type 'ament_cmake'
[0.334s] INFO:colcon.colcon_cmake.task.cmake.build:Building CMake package in '/home/nayab/dev_ws/src/abds_core_common'
[0.341s] INFO:colcon.colcon_core.plugin_system:Skipping extension 'colcon_core.shell.bat': Not used on non-Windows systems
[0.341s] INFO:colcon.colcon_core.shell:Skip shell extension 'powershell' for command environment: Not usable outside of PowerShell
[0.342s] DEBUG:colcon.colcon_core.shell:Skip shell extension 'dsv' for command environment
[0.342s] DEBUG:colcon.colcon_core.shell:Ignoring prefix path '/home/nayab/project_ws/devel'
[0.343s] DEBUG:colcon.colcon_core.shell:Ignoring prefix path '/opt/ros/noetic'
[0.345s] INFO:colcon.colcon_ros.task.ament_python.build:Building ROS package in '/home/nayab/dev_ws/src/dbr_pubsub' with build type 'ament_python'
[0.346s] Level 1:colcon.colcon_core.shell:create_environment_hook('dbr_pubsub', 'ament_prefix_path')
[0.347s] INFO:colcon.colcon_core.shell:Creating environment hook '/home/nayab/dev_ws/install/dbr_pubsub/share/dbr_pubsub/hook/ament_prefix_path.ps1'
[0.348s] INFO:colcon.colcon_core.shell:Creating environment descriptor '/home/nayab/dev_ws/install/dbr_pubsub/share/dbr_pubsub/hook/ament_prefix_path.dsv'
[0.349s] INFO:colcon.colcon_core.shell:Creating environment hook '/home/nayab/dev_ws/install/dbr_pubsub/share/dbr_pubsub/hook/ament_prefix_path.sh'
[0.351s] INFO:colcon.colcon_core.shell:Skip shell extension 'powershell' for command environment: Not usable outside of PowerShell
[0.351s] DEBUG:colcon.colcon_core.shell:Skip shell extension 'dsv' for command environment
[0.352s] DEBUG:colcon.colcon_core.shell:Ignoring prefix path '/home/nayab/project_ws/devel'
[0.352s] DEBUG:colcon.colcon_core.shell:Ignoring prefix path '/opt/ros/noetic'
[0.354s] INFO:colcon.colcon_ros.task.ament_cmake.build:Building ROS package in '/home/nayab/dev_ws/src/ether_follow_interfaces' with build type 'ament_cmake'
[0.354s] INFO:colcon.colcon_cmake.task.cmake.build:Building CMake package in '/home/nayab/dev_ws/src/ether_follow_interfaces'
[0.355s] INFO:colcon.colcon_core.shell:Skip shell extension 'powershell' for command environment: Not usable outside of PowerShell
[0.355s] DEBUG:colcon.colcon_core.shell:Skip shell extension 'dsv' for command environment
[0.356s] DEBUG:colcon.colcon_core.shell:Ignoring prefix path '/home/nayab/project_ws/devel'
[0.357s] DEBUG:colcon.colcon_core.shell:Ignoring prefix path '/opt/ros/noetic'
[0.359s] INFO:colcon.colcon_ros.task.ament_python.build:Building ROS package in '/home/nayab/dev_ws/src/ether_follow_pubsub' with build type 'ament_python'
[0.359s] Level 1:colcon.colcon_core.shell:create_environment_hook('ether_follow_pubsub', 'ament_prefix_path')
[0.360s] INFO:colcon.colcon_core.shell:Creating environment hook '/home/nayab/dev_ws/install/ether_follow_pubsub/share/ether_follow_pubsub/hook/ament_prefix_path.ps1'
[0.361s] INFO:colcon.colcon_core.shell:Creating environment descriptor '/home/nayab/dev_ws/install/ether_follow_pubsub/share/ether_follow_pubsub/hook/ament_prefix_path.dsv'
[0.361s] INFO:colcon.colcon_core.shell:Creating environment hook '/home/nayab/dev_ws/install/ether_follow_pubsub/share/ether_follow_pubsub/hook/ament_prefix_path.sh'
[0.362s] INFO:colcon.colcon_core.shell:Skip shell extension 'powershell' for command environment: Not usable outside of PowerShell
[0.362s] DEBUG:colcon.colcon_core.shell:Skip shell extension 'dsv' for command environment
[0.363s] DEBUG:colcon.colcon_core.shell:Ignoring prefix path '/home/nayab/project_ws/devel'
[0.363s] DEBUG:colcon.colcon_core.shell:Ignoring prefix path '/opt/ros/noetic'
[0.374s] DEBUG:colcon.colcon_core.event_handler.log_command:Invoking command in '/home/nayab/dev_ws/build/abds_core_common': /usr/bin/cmake --build /home/nayab/dev_ws/build/abds_core_common -- -j4 -l4
[0.624s] INFO:colcon.colcon_core.task.python.build:Building Python package in '/home/nayab/dev_ws/src/dbr_pubsub'
[0.625s] INFO:colcon.colcon_core.shell:Skip shell extension 'powershell' for command environment: Not usable outside of PowerShell
[0.625s] DEBUG:colcon.colcon_core.shell:Skip shell extension 'dsv' for command environment
[0.626s] DEBUG:colcon.colcon_core.shell:Ignoring prefix path '/home/nayab/project_ws/devel'
[0.626s] DEBUG:colcon.colcon_core.shell:Ignoring prefix path '/opt/ros/noetic'
[0.635s] DEBUG:colcon.colcon_core.event_handler.log_command:Invoking command in '/home/nayab/dev_ws/build/ether_follow_interfaces': /usr/bin/cmake --build /home/nayab/dev_ws/build/ether_follow_interfaces -- -j4 -l4
[0.883s] INFO:colcon.colcon_core.task.python.build:Building Python package in '/home/nayab/dev_ws/src/ether_follow_pubsub'
[0.884s] INFO:colcon.colcon_core.shell:Skip shell extension 'powershell' for command environment: Not usable outside of PowerShell
[0.884s] DEBUG:colcon.colcon_core.shell:Skip shell extension 'dsv' for command environment
[0.885s] DEBUG:colcon.colcon_core.shell:Ignoring prefix path '/home/nayab/project_ws/devel'
[0.885s] DEBUG:colcon.colcon_core.shell:Ignoring prefix path '/opt/ros/noetic'
[0.903s] DEBUG:colcon.colcon_core.event_handler.log_command:Invoked command in '/home/nayab/dev_ws/build/abds_core_common' returned '0': /usr/bin/cmake --build /home/nayab/dev_ws/build/abds_core_common -- -j4 -l4
[0.904s] DEBUG:colcon.colcon_core.event_handler.log_command:Invoked command in '/home/nayab/dev_ws/build/ether_follow_interfaces' returned '0': /usr/bin/cmake --build /home/nayab/dev_ws/build/ether_follow_interfaces -- -j4 -l4
[0.964s] DEBUG:colcon.colcon_core.event_handler.log_command:Invoking command in '/home/nayab/dev_ws/build/ether_follow_interfaces': /usr/bin/cmake --install /home/nayab/dev_ws/build/ether_follow_interfaces
[1.053s] Level 1:colcon.colcon_core.environment:create_environment_scripts_only(ether_follow_interfaces)
[1.053s] DEBUG:colcon.colcon_core.event_handler.log_command:Invoked command in '/home/nayab/dev_ws/build/ether_follow_interfaces' returned '0': /usr/bin/cmake --install /home/nayab/dev_ws/build/ether_follow_interfaces
[1.061s] Level 1:colcon.colcon_core.environment:checking '/home/nayab/dev_ws/install/ether_follow_interfaces' for CMake module files
[1.062s] Level 1:colcon.colcon_core.environment:checking '/home/nayab/dev_ws/install/ether_follow_interfaces' for CMake config files
[1.062s] Level 1:colcon.colcon_core.shell:create_environment_hook('ether_follow_interfaces', 'cmake_prefix_path')
[1.062s] INFO:colcon.colcon_core.shell:Creating environment hook '/home/nayab/dev_ws/install/ether_follow_interfaces/share/ether_follow_interfaces/hook/cmake_prefix_path.ps1'
[1.063s] INFO:colcon.colcon_core.shell:Creating environment descriptor '/home/nayab/dev_ws/install/ether_follow_interfaces/share/ether_follow_interfaces/hook/cmake_prefix_path.dsv'
[1.064s] INFO:colcon.colcon_core.shell:Creating environment hook '/home/nayab/dev_ws/install/ether_follow_interfaces/share/ether_follow_interfaces/hook/cmake_prefix_path.sh'
[1.064s] Level 1:colcon.colcon_core.environment:checking '/home/nayab/dev_ws/install/ether_follow_interfaces/lib'
[1.065s] Level 1:colcon.colcon_core.shell:create_environment_hook('ether_follow_interfaces', 'ld_library_path_lib')
[1.065s] INFO:colcon.colcon_core.shell:Creating environment hook '/home/nayab/dev_ws/install/ether_follow_interfaces/share/ether_follow_interfaces/hook/ld_library_path_lib.ps1'
[1.066s] INFO:colcon.colcon_core.shell:Creating environment descriptor '/home/nayab/dev_ws/install/ether_follow_interfaces/share/ether_follow_interfaces/hook/ld_library_path_lib.dsv'
[1.066s] INFO:colcon.colcon_core.shell:Creating environment hook '/home/nayab/dev_ws/install/ether_follow_interfaces/share/ether_follow_interfaces/hook/ld_library_path_lib.sh'
[1.067s] Level 1:colcon.colcon_core.environment:checking '/home/nayab/dev_ws/install/ether_follow_interfaces/bin'
[1.067s] Level 1:colcon.colcon_core.environment:checking '/home/nayab/dev_ws/install/ether_follow_interfaces/lib/pkgconfig/ether_follow_interfaces.pc'
[1.067s] Level 1:colcon.colcon_core.environment:checking '/home/nayab/dev_ws/install/ether_follow_interfaces/lib/python3.8/site-packages'
[1.067s] Level 1:colcon.colcon_core.shell:create_environment_hook('ether_follow_interfaces', 'pythonpath')
[1.068s] INFO:colcon.colcon_core.shell:Creating environment hook '/home/nayab/dev_ws/install/ether_follow_interfaces/share/ether_follow_interfaces/hook/pythonpath.ps1'
[1.068s] INFO:colcon.colcon_core.shell:Creating environment descriptor '/home/nayab/dev_ws/install/ether_follow_interfaces/share/ether_follow_interfaces/hook/pythonpath.dsv'
[1.069s] INFO:colcon.colcon_core.shell:Creating environment hook '/home/nayab/dev_ws/install/ether_follow_interfaces/share/ether_follow_interfaces/hook/pythonpath.sh'
[1.069s] INFO:colcon.colcon_core.shell:Creating package script '/home/nayab/dev_ws/install/ether_follow_interfaces/share/ether_follow_interfaces/package.ps1'
[1.071s] INFO:colcon.colcon_core.shell:Creating package descriptor '/home/nayab/dev_ws/install/ether_follow_interfaces/share/ether_follow_interfaces/package.dsv'
[1.072s] INFO:colcon.colcon_core.shell:Creating package script '/home/nayab/dev_ws/install/ether_follow_interfaces/share/ether_follow_interfaces/package.sh'
[1.073s] INFO:colcon.colcon_core.shell:Creating package script '/home/nayab/dev_ws/install/ether_follow_interfaces/share/ether_follow_interfaces/package.bash'
[1.074s] INFO:colcon.colcon_core.shell:Creating package script '/home/nayab/dev_ws/install/ether_follow_interfaces/share/ether_follow_interfaces/package.zsh'
[1.076s] Level 1:colcon.colcon_core.environment:create_file_with_runtime_dependencies(/home/nayab/dev_ws/install/ether_follow_interfaces/share/colcon-core/packages/ether_follow_interfaces)
[1.119s] Level 1:colcon.colcon_core.environment:create_environment_scripts_only(ether_follow_interfaces)
[1.120s] Level 1:colcon.colcon_core.environment:checking '/home/nayab/dev_ws/install/ether_follow_interfaces' for CMake module files
[1.121s] Level 1:colcon.colcon_core.environment:checking '/home/nayab/dev_ws/install/ether_follow_interfaces' for CMake config files
[1.121s] Level 1:colcon.colcon_core.shell:create_environment_hook('ether_follow_interfaces', 'cmake_prefix_path')
[1.122s] INFO:colcon.colcon_core.shell:Creating environment hook '/home/nayab/dev_ws/install/ether_follow_interfaces/share/ether_follow_interfaces/hook/cmake_prefix_path.ps1'
[1.123s] INFO:colcon.colcon_core.shell:Creating environment descriptor '/home/nayab/dev_ws/install/ether_follow_interfaces/share/ether_follow_interfaces/hook/cmake_prefix_path.dsv'
[1.123s] INFO:colcon.colcon_core.shell:Creating environment hook '/home/nayab/dev_ws/install/ether_follow_interfaces/share/ether_follow_interfaces/hook/cmake_prefix_path.sh'
[1.124s] Level 1:colcon.colcon_core.environment:checking '/home/nayab/dev_ws/install/ether_follow_interfaces/lib'
[1.124s] Level 1:colcon.colcon_core.shell:create_environment_hook('ether_follow_interfaces', 'ld_library_path_lib')
[1.124s] INFO:colcon.colcon_core.shell:Creating environment hook '/home/nayab/dev_ws/install/ether_follow_interfaces/share/ether_follow_interfaces/hook/ld_library_path_lib.ps1'
[1.125s] INFO:colcon.colcon_core.shell:Creating environment descriptor '/home/nayab/dev_ws/install/ether_follow_interfaces/share/ether_follow_interfaces/hook/ld_library_path_lib.dsv'
[1.125s] INFO:colcon.colcon_core.shell:Creating environment hook '/home/nayab/dev_ws/install/ether_follow_interfaces/share/ether_follow_interfaces/hook/ld_library_path_lib.sh'
[1.126s] Level 1:colcon.colcon_core.environment:checking '/home/nayab/dev_ws/install/ether_follow_interfaces/bin'
[1.126s] Level 1:colcon.colcon_core.environment:checking '/home/nayab/dev_ws/install/ether_follow_interfaces/lib/pkgconfig/ether_follow_interfaces.pc'
[1.126s] Level 1:colcon.colcon_core.environment:checking '/home/nayab/dev_ws/install/ether_follow_interfaces/lib/python3.8/site-packages'
[1.126s] Level 1:colcon.colcon_core.shell:create_environment_hook('ether_follow_interfaces', 'pythonpath')
[1.126s] INFO:colcon.colcon_core.shell:Creating environment hook '/home/nayab/dev_ws/install/ether_follow_interfaces/share/ether_follow_interfaces/hook/pythonpath.ps1'
[1.127s] INFO:colcon.colcon_core.shell:Creating environment descriptor '/home/nayab/dev_ws/install/ether_follow_interfaces/share/ether_follow_interfaces/hook/pythonpath.dsv'
[1.127s] INFO:colcon.colcon_core.shell:Creating environment hook '/home/nayab/dev_ws/install/ether_follow_interfaces/share/ether_follow_interfaces/hook/pythonpath.sh'
[1.128s] INFO:colcon.colcon_core.shell:Creating package script '/home/nayab/dev_ws/install/ether_follow_interfaces/share/ether_follow_interfaces/package.ps1'
[1.129s] INFO:colcon.colcon_core.shell:Creating package descriptor '/home/nayab/dev_ws/install/ether_follow_interfaces/share/ether_follow_interfaces/package.dsv'
[1.129s] INFO:colcon.colcon_core.shell:Creating package script '/home/nayab/dev_ws/install/ether_follow_interfaces/share/ether_follow_interfaces/package.sh'
[1.130s] INFO:colcon.colcon_core.shell:Creating package script '/home/nayab/dev_ws/install/ether_follow_interfaces/share/ether_follow_interfaces/package.bash'
[1.130s] INFO:colcon.colcon_core.shell:Creating package script '/home/nayab/dev_ws/install/ether_follow_interfaces/share/ether_follow_interfaces/package.zsh'
[1.131s] Level 1:colcon.colcon_core.environment:create_file_with_runtime_dependencies(/home/nayab/dev_ws/install/ether_follow_interfaces/share/colcon-core/packages/ether_follow_interfaces)
[1.132s] INFO:colcon.colcon_ros.task.ament_python.build:Building ROS package in '/home/nayab/dev_ws/src/my_package' with build type 'ament_python'
[1.132s] Level 1:colcon.colcon_core.shell:create_environment_hook('my_package', 'ament_prefix_path')
[1.133s] INFO:colcon.colcon_core.shell:Creating environment hook '/home/nayab/dev_ws/install/my_package/share/my_package/hook/ament_prefix_path.ps1'
[1.133s] INFO:colcon.colcon_core.shell:Creating environment descriptor '/home/nayab/dev_ws/install/my_package/share/my_package/hook/ament_prefix_path.dsv'
[1.134s] INFO:colcon.colcon_core.shell:Creating environment hook '/home/nayab/dev_ws/install/my_package/share/my_package/hook/ament_prefix_path.sh'
[1.134s] INFO:colcon.colcon_core.shell:Skip shell extension 'powershell' for command environment: Not usable outside of PowerShell
[1.134s] DEBUG:colcon.colcon_core.shell:Skip shell extension 'dsv' for command environment
[1.135s] DEBUG:colcon.colcon_core.shell:Ignoring prefix path '/home/nayab/project_ws/devel'
[1.135s] DEBUG:colcon.colcon_core.shell:Ignoring prefix path '/opt/ros/noetic'
[1.142s] DEBUG:colcon.colcon_core.event_handler.log_command:Invoking command in '/home/nayab/dev_ws/build/abds_core_common': /usr/bin/cmake --install /home/nayab/dev_ws/build/abds_core_common
[1.402s] INFO:colcon.colcon_core.task.python.build:Building Python package in '/home/nayab/dev_ws/src/my_package'
[1.404s] INFO:colcon.colcon_core.shell:Skip shell extension 'powershell' for command environment: Not usable outside of PowerShell
[1.404s] DEBUG:colcon.colcon_core.shell:Skip shell extension 'dsv' for command environment
[1.405s] DEBUG:colcon.colcon_core.shell:Ignoring prefix path '/home/nayab/project_ws/devel'
[1.405s] DEBUG:colcon.colcon_core.shell:Ignoring prefix path '/opt/ros/noetic'
[1.410s] Level 1:colcon.colcon_core.environment:create_environment_scripts_only(abds_core_common)
[1.412s] Level 1:colcon.colcon_core.environment:checking '/home/nayab/dev_ws/install/abds_core_common' for CMake module files
[1.412s] DEBUG:colcon.colcon_core.event_handler.log_command:Invoked command in '/home/nayab/dev_ws/build/abds_core_common' returned '0': /usr/bin/cmake --install /home/nayab/dev_ws/build/abds_core_common
[1.413s] Level 1:colcon.colcon_core.environment:checking '/home/nayab/dev_ws/install/abds_core_common' for CMake config files
[1.413s] Level 1:colcon.colcon_core.shell:create_environment_hook('abds_core_common', 'cmake_prefix_path')
[1.414s] INFO:colcon.colcon_core.shell:Creating environment hook '/home/nayab/dev_ws/install/abds_core_common/share/abds_core_common/hook/cmake_prefix_path.ps1'
[1.415s] INFO:colcon.colcon_core.shell:Creating environment descriptor '/home/nayab/dev_ws/install/abds_core_common/share/abds_core_common/hook/cmake_prefix_path.dsv'
[1.415s] INFO:colcon.colcon_core.shell:Creating environment hook '/home/nayab/dev_ws/install/abds_core_common/share/abds_core_common/hook/cmake_prefix_path.sh'
[1.416s] Level 1:colcon.colcon_core.environment:checking '/home/nayab/dev_ws/install/abds_core_common/lib'
[1.416s] Level 1:colcon.colcon_core.shell:create_environment_hook('abds_core_common', 'ld_library_path_lib')
[1.417s] INFO:colcon.colcon_core.shell:Creating environment hook '/home/nayab/dev_ws/install/abds_core_common/share/abds_core_common/hook/ld_library_path_lib.ps1'
[1.417s] INFO:colcon.colcon_core.shell:Creating environment descriptor '/home/nayab/dev_ws/install/abds_core_common/share/abds_core_common/hook/ld_library_path_lib.dsv'
[1.418s] INFO:colcon.colcon_core.shell:Creating environment hook '/home/nayab/dev_ws/install/abds_core_common/share/abds_core_common/hook/ld_library_path_lib.sh'
[1.418s] Level 1:colcon.colcon_core.environment:checking '/home/nayab/dev_ws/install/abds_core_common/bin'
[1.418s] Level 1:colcon.colcon_core.environment:checking '/home/nayab/dev_ws/install/abds_core_common/lib/pkgconfig/abds_core_common.pc'
[1.418s] Level 1:colcon.colcon_core.environment:checking '/home/nayab/dev_ws/install/abds_core_common/lib/python3.8/site-packages'
[1.418s] Level 1:colcon.colcon_core.shell:create_environment_hook('abds_core_common', 'pythonpath')
[1.419s] INFO:colcon.colcon_core.shell:Creating environment hook '/home/nayab/dev_ws/install/abds_core_common/share/abds_core_common/hook/pythonpath.ps1'
[1.419s] INFO:colcon.colcon_core.shell:Creating environment descriptor '/home/nayab/dev_ws/install/abds_core_common/share/abds_core_common/hook/pythonpath.dsv'
[1.420s] INFO:colcon.colcon_core.shell:Creating environment hook '/home/nayab/dev_ws/install/abds_core_common/share/abds_core_common/hook/pythonpath.sh'
[1.421s] INFO:colcon.colcon_core.shell:Creating package script '/home/nayab/dev_ws/install/abds_core_common/share/abds_core_common/package.ps1'
[1.421s] INFO:colcon.colcon_core.shell:Creating package descriptor '/home/nayab/dev_ws/install/abds_core_common/share/abds_core_common/package.dsv'
[1.422s] INFO:colcon.colcon_core.shell:Creating package script '/home/nayab/dev_ws/install/abds_core_common/share/abds_core_common/package.sh'
[1.423s] INFO:colcon.colcon_core.shell:Creating package script '/home/nayab/dev_ws/install/abds_core_common/share/abds_core_common/package.bash'
[1.423s] INFO:colcon.colcon_core.shell:Creating package script '/home/nayab/dev_ws/install/abds_core_common/share/abds_core_common/package.zsh'
[1.423s] Level 1:colcon.colcon_core.environment:create_file_with_runtime_dependencies(/home/nayab/dev_ws/install/abds_core_common/share/colcon-core/packages/abds_core_common)
[1.440s] DEBUG:colcon.colcon_core.event_handler.log_command:Invoking command in '/home/nayab/dev_ws/src/dbr_pubsub': PYTHONPATH=/home/nayab/dev_ws/install/dbr_pubsub/lib/python3.8/site-packages:${PYTHONPATH} /usr/bin/python3 setup.py egg_info --egg-base ../../build/dbr_pubsub build --build-base /home/nayab/dev_ws/build/dbr_pubsub/build install --prefix /home/nayab/dev_ws/install/dbr_pubsub --record /home/nayab/dev_ws/build/dbr_pubsub/install.log --single-version-externally-managed
[1.444s] DEBUG:colcon.colcon_core.event_handler.log_command:Invoking command in '/home/nayab/dev_ws/src/ether_follow_pubsub': PYTHONPATH=/home/nayab/dev_ws/install/ether_follow_pubsub/lib/python3.8/site-packages:${PYTHONPATH} /usr/bin/python3 setup.py egg_info --egg-base ../../build/ether_follow_pubsub build --build-base /home/nayab/dev_ws/build/ether_follow_pubsub/build install --prefix /home/nayab/dev_ws/install/ether_follow_pubsub --record /home/nayab/dev_ws/build/ether_follow_pubsub/install.log --single-version-externally-managed
[1.602s] Level 1:colcon.colcon_core.environment:create_environment_scripts_only(abds_core_common)
[1.603s] Level 1:colcon.colcon_core.environment:checking '/home/nayab/dev_ws/install/abds_core_common' for CMake module files
[1.603s] Level 1:colcon.colcon_core.environment:checking '/home/nayab/dev_ws/install/abds_core_common' for CMake config files
[1.604s] Level 1:colcon.colcon_core.shell:create_environment_hook('abds_core_common', 'cmake_prefix_path')
[1.604s] INFO:colcon.colcon_core.shell:Creating environment hook '/home/nayab/dev_ws/install/abds_core_common/share/abds_core_common/hook/cmake_prefix_path.ps1'
[1.605s] INFO:colcon.colcon_core.shell:Creating environment descriptor '/home/nayab/dev_ws/install/abds_core_common/share/abds_core_common/hook/cmake_prefix_path.dsv'
[1.605s] INFO:colcon.colcon_core.shell:Creating environment hook '/home/nayab/dev_ws/install/abds_core_common/share/abds_core_common/hook/cmake_prefix_path.sh'
[1.606s] Level 1:colcon.colcon_core.environment:checking '/home/nayab/dev_ws/install/abds_core_common/lib'
[1.606s] Level 1:colcon.colcon_core.shell:create_environment_hook('abds_core_common', 'ld_library_path_lib')
[1.606s] INFO:colcon.colcon_core.shell:Creating environment hook '/home/nayab/dev_ws/install/abds_core_common/share/abds_core_common/hook/ld_library_path_lib.ps1'
[1.607s] INFO:colcon.colcon_core.shell:Creating environment descriptor '/home/nayab/dev_ws/install/abds_core_common/share/abds_core_common/hook/ld_library_path_lib.dsv'
[1.607s] INFO:colcon.colcon_core.shell:Creating environment hook '/home/nayab/dev_ws/install/abds_core_common/share/abds_core_common/hook/ld_library_path_lib.sh'
[1.609s] Level 1:colcon.colcon_core.environment:checking '/home/nayab/dev_ws/install/abds_core_common/bin'
[1.609s] Level 1:colcon.colcon_core.environment:checking '/home/nayab/dev_ws/install/abds_core_common/lib/pkgconfig/abds_core_common.pc'
[1.609s] Level 1:colcon.colcon_core.environment:checking '/home/nayab/dev_ws/install/abds_core_common/lib/python3.8/site-packages'
[1.609s] Level 1:colcon.colcon_core.shell:create_environment_hook('abds_core_common', 'pythonpath')
[1.610s] INFO:colcon.colcon_core.shell:Creating environment hook '/home/nayab/dev_ws/install/abds_core_common/share/abds_core_common/hook/pythonpath.ps1'
[1.610s] INFO:colcon.colcon_core.shell:Creating environment descriptor '/home/nayab/dev_ws/install/abds_core_common/share/abds_core_common/hook/pythonpath.dsv'
[1.610s] INFO:colcon.colcon_core.shell:Creating environment hook '/home/nayab/dev_ws/install/abds_core_common/share/abds_core_common/hook/pythonpath.sh'
[1.611s] INFO:colcon.colcon_core.shell:Creating package script '/home/nayab/dev_ws/install/abds_core_common/share/abds_core_common/package.ps1'
[1.612s] INFO:colcon.colcon_core.shell:Creating package descriptor '/home/nayab/dev_ws/install/abds_core_common/share/abds_core_common/package.dsv'
[1.613s] INFO:colcon.colcon_core.shell:Creating package script '/home/nayab/dev_ws/install/abds_core_common/share/abds_core_common/package.sh'
[1.613s] INFO:colcon.colcon_core.shell:Creating package script '/home/nayab/dev_ws/install/abds_core_common/share/abds_core_common/package.bash'
[1.614s] INFO:colcon.colcon_core.shell:Creating package script '/home/nayab/dev_ws/install/abds_core_common/share/abds_core_common/package.zsh'
[1.614s] Level 1:colcon.colcon_core.environment:create_file_with_runtime_dependencies(/home/nayab/dev_ws/install/abds_core_common/share/colcon-core/packages/abds_core_common)
[1.615s] INFO:colcon.colcon_ros.task.ament_python.build:Building ROS package in '/home/nayab/dev_ws/src/py_pubsub' with build type 'ament_python'
[1.615s] Level 1:colcon.colcon_core.shell:create_environment_hook('py_pubsub', 'ament_prefix_path')
[1.616s] INFO:colcon.colcon_core.shell:Creating environment hook '/home/nayab/dev_ws/install/py_pubsub/share/py_pubsub/hook/ament_prefix_path.ps1'
[1.616s] INFO:colcon.colcon_core.shell:Creating environment descriptor '/home/nayab/dev_ws/install/py_pubsub/share/py_pubsub/hook/ament_prefix_path.dsv'
[1.616s] INFO:colcon.colcon_core.shell:Creating environment hook '/home/nayab/dev_ws/install/py_pubsub/share/py_pubsub/hook/ament_prefix_path.sh'
[1.617s] INFO:colcon.colcon_core.shell:Skip shell extension 'powershell' for command environment: Not usable outside of PowerShell
[1.617s] DEBUG:colcon.colcon_core.shell:Skip shell extension 'dsv' for command environment
[1.618s] DEBUG:colcon.colcon_core.shell:Ignoring prefix path '/home/nayab/project_ws/devel'
[1.618s] DEBUG:colcon.colcon_core.shell:Ignoring prefix path '/opt/ros/noetic'
[1.886s] INFO:colcon.colcon_core.task.python.build:Building Python package in '/home/nayab/dev_ws/src/py_pubsub'
[1.887s] INFO:colcon.colcon_core.shell:Skip shell extension 'powershell' for command environment: Not usable outside of PowerShell
[1.887s] DEBUG:colcon.colcon_core.shell:Skip shell extension 'dsv' for command environment
[1.888s] DEBUG:colcon.colcon_core.shell:Ignoring prefix path '/home/nayab/project_ws/devel'
[1.888s] DEBUG:colcon.colcon_core.shell:Ignoring prefix path '/opt/ros/noetic'
[1.896s] Level 1:colcon.colcon_core.environment:checking '/home/nayab/dev_ws/install/dbr_pubsub' for CMake module files
[1.897s] DEBUG:colcon.colcon_core.event_handler.log_command:Invoked command in '/home/nayab/dev_ws/src/dbr_pubsub' returned '0': PYTHONPATH=/home/nayab/dev_ws/install/dbr_pubsub/lib/python3.8/site-packages:${PYTHONPATH} /usr/bin/python3 setup.py egg_info --egg-base ../../build/dbr_pubsub build --build-base /home/nayab/dev_ws/build/dbr_pubsub/build install --prefix /home/nayab/dev_ws/install/dbr_pubsub --record /home/nayab/dev_ws/build/dbr_pubsub/install.log --single-version-externally-managed
[1.897s] Level 1:colcon.colcon_core.environment:checking '/home/nayab/dev_ws/install/dbr_pubsub' for CMake config files
[1.898s] Level 1:colcon.colcon_core.environment:checking '/home/nayab/dev_ws/install/dbr_pubsub/lib'
[1.898s] Level 1:colcon.colcon_core.environment:checking '/home/nayab/dev_ws/install/dbr_pubsub/bin'
[1.898s] Level 1:colcon.colcon_core.environment:checking '/home/nayab/dev_ws/install/dbr_pubsub/lib/pkgconfig/dbr_pubsub.pc'
[1.898s] Level 1:colcon.colcon_core.environment:checking '/home/nayab/dev_ws/install/dbr_pubsub/lib/python3.8/site-packages'
[1.898s] Level 1:colcon.colcon_core.shell:create_environment_hook('dbr_pubsub', 'pythonpath')
[1.899s] INFO:colcon.colcon_core.shell:Creating environment hook '/home/nayab/dev_ws/install/dbr_pubsub/share/dbr_pubsub/hook/pythonpath.ps1'
[1.900s] INFO:colcon.colcon_core.shell:Creating environment descriptor '/home/nayab/dev_ws/install/dbr_pubsub/share/dbr_pubsub/hook/pythonpath.dsv'
[1.900s] INFO:colcon.colcon_core.shell:Creating environment hook '/home/nayab/dev_ws/install/dbr_pubsub/share/dbr_pubsub/hook/pythonpath.sh'
[1.900s] Level 1:colcon.colcon_core.environment:create_environment_scripts_only(dbr_pubsub)
[1.901s] INFO:colcon.colcon_core.shell:Creating package script '/home/nayab/dev_ws/install/dbr_pubsub/share/dbr_pubsub/package.ps1'
[1.902s] INFO:colcon.colcon_core.shell:Creating package descriptor '/home/nayab/dev_ws/install/dbr_pubsub/share/dbr_pubsub/package.dsv'
[1.902s] INFO:colcon.colcon_core.shell:Creating package script '/home/nayab/dev_ws/install/dbr_pubsub/share/dbr_pubsub/package.sh'
[1.903s] INFO:colcon.colcon_core.shell:Creating package script '/home/nayab/dev_ws/install/dbr_pubsub/share/dbr_pubsub/package.bash'
[1.903s] INFO:colcon.colcon_core.shell:Creating package script '/home/nayab/dev_ws/install/dbr_pubsub/share/dbr_pubsub/package.zsh'
[1.903s] Level 1:colcon.colcon_core.environment:create_file_with_runtime_dependencies(/home/nayab/dev_ws/install/dbr_pubsub/share/colcon-core/packages/dbr_pubsub)
[1.905s] Level 1:colcon.colcon_core.environment:checking '/home/nayab/dev_ws/install/ether_follow_pubsub' for CMake module files
[1.906s] DEBUG:colcon.colcon_core.event_handler.log_command:Invoked command in '/home/nayab/dev_ws/src/ether_follow_pubsub' returned '0': PYTHONPATH=/home/nayab/dev_ws/install/ether_follow_pubsub/lib/python3.8/site-packages:${PYTHONPATH} /usr/bin/python3 setup.py egg_info --egg-base ../../build/ether_follow_pubsub build --build-base /home/nayab/dev_ws/build/ether_follow_pubsub/build install --prefix /home/nayab/dev_ws/install/ether_follow_pubsub --record /home/nayab/dev_ws/build/ether_follow_pubsub/install.log --single-version-externally-managed
[1.906s] Level 1:colcon.colcon_core.environment:checking '/home/nayab/dev_ws/install/ether_follow_pubsub' for CMake config files
[1.907s] Level 1:colcon.colcon_core.environment:checking '/home/nayab/dev_ws/install/ether_follow_pubsub/lib'
[1.907s] Level 1:colcon.colcon_core.environment:checking '/home/nayab/dev_ws/install/ether_follow_pubsub/bin'
[1.907s] Level 1:colcon.colcon_core.environment:checking '/home/nayab/dev_ws/install/ether_follow_pubsub/lib/pkgconfig/ether_follow_pubsub.pc'
[1.907s] Level 1:colcon.colcon_core.environment:checking '/home/nayab/dev_ws/install/ether_follow_pubsub/lib/python3.8/site-packages'
[1.907s] Level 1:colcon.colcon_core.shell:create_environment_hook('ether_follow_pubsub', 'pythonpath')
[1.907s] INFO:colcon.colcon_core.shell:Creating environment hook '/home/nayab/dev_ws/install/ether_follow_pubsub/share/ether_follow_pubsub/hook/pythonpath.ps1'
[1.908s] INFO:colcon.colcon_core.shell:Creating environment descriptor '/home/nayab/dev_ws/install/ether_follow_pubsub/share/ether_follow_pubsub/hook/pythonpath.dsv'
[1.908s] INFO:colcon.colcon_core.shell:Creating environment hook '/home/nayab/dev_ws/install/ether_follow_pubsub/share/ether_follow_pubsub/hook/pythonpath.sh'
[1.908s] Level 1:colcon.colcon_core.environment:create_environment_scripts_only(ether_follow_pubsub)
[1.909s] INFO:colcon.colcon_core.shell:Creating package script '/home/nayab/dev_ws/install/ether_follow_pubsub/share/ether_follow_pubsub/package.ps1'
[1.909s] INFO:colcon.colcon_core.shell:Creating package descriptor '/home/nayab/dev_ws/install/ether_follow_pubsub/share/ether_follow_pubsub/package.dsv'
[1.910s] INFO:colcon.colcon_core.shell:Creating package script '/home/nayab/dev_ws/install/ether_follow_pubsub/share/ether_follow_pubsub/package.sh'
[1.910s] INFO:colcon.colcon_core.shell:Creating package script '/home/nayab/dev_ws/install/ether_follow_pubsub/share/ether_follow_pubsub/package.bash'
[1.910s] INFO:colcon.colcon_core.shell:Creating package script '/home/nayab/dev_ws/install/ether_follow_pubsub/share/ether_follow_pubsub/package.zsh'
[1.911s] Level 1:colcon.colcon_core.environment:create_file_with_runtime_dependencies(/home/nayab/dev_ws/install/ether_follow_pubsub/share/colcon-core/packages/ether_follow_pubsub)
[1.914s] INFO:colcon.colcon_ros.task.ament_cmake.build:Building ROS package in '/home/nayab/dev_ws/src/rc_interfaces' with build type 'ament_cmake'
[1.914s] INFO:colcon.colcon_cmake.task.cmake.build:Building CMake package in '/home/nayab/dev_ws/src/rc_interfaces'
[1.915s] INFO:colcon.colcon_core.shell:Skip shell extension 'powershell' for command environment: Not usable outside of PowerShell
[1.915s] DEBUG:colcon.colcon_core.shell:Skip shell extension 'dsv' for command environment
[1.916s] DEBUG:colcon.colcon_core.shell:Ignoring prefix path '/home/nayab/project_ws/devel'
[1.916s] DEBUG:colcon.colcon_core.shell:Ignoring prefix path '/opt/ros/noetic'
[1.925s] INFO:colcon.colcon_ros.task.ament_cmake.build:Building ROS package in '/home/nayab/dev_ws/src/tutorial_interfaces' with build type 'ament_cmake'
[1.925s] INFO:colcon.colcon_cmake.task.cmake.build:Building CMake package in '/home/nayab/dev_ws/src/tutorial_interfaces'
[1.926s] INFO:colcon.colcon_core.shell:Skip shell extension 'powershell' for command environment: Not usable outside of PowerShell
[1.927s] DEBUG:colcon.colcon_core.event_handler.log_command:Invoking command in '/home/nayab/dev_ws/src/my_package': PYTHONPATH=/home/nayab/dev_ws/install/my_package/lib/python3.8/site-packages:${PYTHONPATH} /usr/bin/python3 setup.py egg_info --egg-base ../../build/my_package build --build-base /home/nayab/dev_ws/build/my_package/build install --prefix /home/nayab/dev_ws/install/my_package --record /home/nayab/dev_ws/build/my_package/install.log --single-version-externally-managed
[1.927s] DEBUG:colcon.colcon_core.shell:Skip shell extension 'dsv' for command environment
[1.928s] DEBUG:colcon.colcon_core.shell:Ignoring prefix path '/home/nayab/project_ws/devel'
[1.929s] DEBUG:colcon.colcon_core.shell:Ignoring prefix path '/opt/ros/noetic'
[1.947s] DEBUG:colcon.colcon_core.event_handler.log_command:Invoking command in '/home/nayab/dev_ws/build/rc_interfaces': /usr/bin/cmake --build /home/nayab/dev_ws/build/rc_interfaces -- -j4 -l4
[1.953s] DEBUG:colcon.colcon_core.event_handler.log_command:Invoking command in '/home/nayab/dev_ws/build/tutorial_interfaces': /usr/bin/cmake --build /home/nayab/dev_ws/build/tutorial_interfaces -- -j4 -l4
[2.307s] Level 1:colcon.colcon_core.environment:checking '/home/nayab/dev_ws/install/my_package' for CMake module files
[2.308s] Level 1:colcon.colcon_core.environment:checking '/home/nayab/dev_ws/install/my_package' for CMake config files
[2.309s] Level 1:colcon.colcon_core.environment:checking '/home/nayab/dev_ws/install/my_package/lib'
[2.309s] Level 1:colcon.colcon_core.environment:checking '/home/nayab/dev_ws/install/my_package/bin'
[2.309s] Level 1:colcon.colcon_core.environment:checking '/home/nayab/dev_ws/install/my_package/lib/pkgconfig/my_package.pc'
[2.309s] Level 1:colcon.colcon_core.environment:checking '/home/nayab/dev_ws/install/my_package/lib/python3.8/site-packages'
[2.309s] Level 1:colcon.colcon_core.shell:create_environment_hook('my_package', 'pythonpath')
[2.310s] INFO:colcon.colcon_core.shell:Creating environment hook '/home/nayab/dev_ws/install/my_package/share/my_package/hook/pythonpath.ps1'
[2.308s] DEBUG:colcon.colcon_core.event_handler.log_command:Invoked command in '/home/nayab/dev_ws/src/my_package' returned '0': PYTHONPATH=/home/nayab/dev_ws/install/my_package/lib/python3.8/site-packages:${PYTHONPATH} /usr/bin/python3 setup.py egg_info --egg-base ../../build/my_package build --build-base /home/nayab/dev_ws/build/my_package/build install --prefix /home/nayab/dev_ws/install/my_package --record /home/nayab/dev_ws/build/my_package/install.log --single-version-externally-managed
[2.311s] INFO:colcon.colcon_core.shell:Creating environment descriptor '/home/nayab/dev_ws/install/my_package/share/my_package/hook/pythonpath.dsv'
[2.311s] INFO:colcon.colcon_core.shell:Creating environment hook '/home/nayab/dev_ws/install/my_package/share/my_package/hook/pythonpath.sh'
[2.312s] Level 1:colcon.colcon_core.environment:create_environment_scripts_only(my_package)
[2.312s] INFO:colcon.colcon_core.shell:Creating package script '/home/nayab/dev_ws/install/my_package/share/my_package/package.ps1'
[2.313s] INFO:colcon.colcon_core.shell:Creating package descriptor '/home/nayab/dev_ws/install/my_package/share/my_package/package.dsv'
[2.313s] INFO:colcon.colcon_core.shell:Creating package script '/home/nayab/dev_ws/install/my_package/share/my_package/package.sh'
[2.314s] INFO:colcon.colcon_core.shell:Creating package script '/home/nayab/dev_ws/install/my_package/share/my_package/package.bash'
[2.314s] INFO:colcon.colcon_core.shell:Creating package script '/home/nayab/dev_ws/install/my_package/share/my_package/package.zsh'
[2.315s] Level 1:colcon.colcon_core.environment:create_file_with_runtime_dependencies(/home/nayab/dev_ws/install/my_package/share/colcon-core/packages/my_package)
[2.341s] DEBUG:colcon.colcon_core.event_handler.log_command:Invoked command in '/home/nayab/dev_ws/build/rc_interfaces' returned '0': /usr/bin/cmake --build /home/nayab/dev_ws/build/rc_interfaces -- -j4 -l4
[2.350s] DEBUG:colcon.colcon_core.event_handler.log_command:Invoked command in '/home/nayab/dev_ws/build/tutorial_interfaces' returned '0': /usr/bin/cmake --build /home/nayab/dev_ws/build/tutorial_interfaces -- -j4 -l4
[2.403s] DEBUG:colcon.colcon_core.event_handler.log_command:Invoking command in '/home/nayab/dev_ws/build/rc_interfaces': /usr/bin/cmake --install /home/nayab/dev_ws/build/rc_interfaces
[2.414s] DEBUG:colcon.colcon_core.event_handler.log_command:Invoking command in '/home/nayab/dev_ws/build/tutorial_interfaces': /usr/bin/cmake --install /home/nayab/dev_ws/build/tutorial_interfaces
[2.425s] DEBUG:colcon.colcon_core.event_handler.log_command:Invoking command in '/home/nayab/dev_ws/src/py_pubsub': PYTHONPATH=/home/nayab/dev_ws/install/py_pubsub/lib/python3.8/site-packages:${PYTHONPATH} /usr/bin/python3 setup.py egg_info --egg-base ../../build/py_pubsub build --build-base /home/nayab/dev_ws/build/py_pubsub/build install --prefix /home/nayab/dev_ws/install/py_pubsub --record /home/nayab/dev_ws/build/py_pubsub/install.log --single-version-externally-managed
[2.472s] Level 1:colcon.colcon_core.environment:create_environment_scripts_only(rc_interfaces)
[2.474s] Level 1:colcon.colcon_core.environment:checking '/home/nayab/dev_ws/install/rc_interfaces' for CMake module files
[2.474s] Level 1:colcon.colcon_core.environment:checking '/home/nayab/dev_ws/install/rc_interfaces' for CMake config files
[2.475s] Level 1:colcon.colcon_core.shell:create_environment_hook('rc_interfaces', 'cmake_prefix_path')
[2.475s] INFO:colcon.colcon_core.shell:Creating environment hook '/home/nayab/dev_ws/install/rc_interfaces/share/rc_interfaces/hook/cmake_prefix_path.ps1'
[2.476s] INFO:colcon.colcon_core.shell:Creating environment descriptor '/home/nayab/dev_ws/install/rc_interfaces/share/rc_interfaces/hook/cmake_prefix_path.dsv'
[2.476s] INFO:colcon.colcon_core.shell:Creating environment hook '/home/nayab/dev_ws/install/rc_interfaces/share/rc_interfaces/hook/cmake_prefix_path.sh'
[2.477s] Level 1:colcon.colcon_core.environment:checking '/home/nayab/dev_ws/install/rc_interfaces/lib'
[2.477s] Level 1:colcon.colcon_core.shell:create_environment_hook('rc_interfaces', 'ld_library_path_lib')
[2.478s] INFO:colcon.colcon_core.shell:Creating environment hook '/home/nayab/dev_ws/install/rc_interfaces/share/rc_interfaces/hook/ld_library_path_lib.ps1'
[2.478s] INFO:colcon.colcon_core.shell:Creating environment descriptor '/home/nayab/dev_ws/install/rc_interfaces/share/rc_interfaces/hook/ld_library_path_lib.dsv'
[2.478s] INFO:colcon.colcon_core.shell:Creating environment hook '/home/nayab/dev_ws/install/rc_interfaces/share/rc_interfaces/hook/ld_library_path_lib.sh'
[2.479s] Level 1:colcon.colcon_core.environment:checking '/home/nayab/dev_ws/install/rc_interfaces/bin'
[2.479s] Level 1:colcon.colcon_core.environment:checking '/home/nayab/dev_ws/install/rc_interfaces/lib/pkgconfig/rc_interfaces.pc'
[2.479s] Level 1:colcon.colcon_core.environment:checking '/home/nayab/dev_ws/install/rc_interfaces/lib/python3.8/site-packages'
[2.479s] Level 1:colcon.colcon_core.shell:create_environment_hook('rc_interfaces', 'pythonpath')
[2.480s] INFO:colcon.colcon_core.shell:Creating environment hook '/home/nayab/dev_ws/install/rc_interfaces/share/rc_interfaces/hook/pythonpath.ps1'
[2.480s] INFO:colcon.colcon_core.shell:Creating environment descriptor '/home/nayab/dev_ws/install/rc_interfaces/share/rc_interfaces/hook/pythonpath.dsv'
[2.481s] INFO:colcon.colcon_core.shell:Creating environment hook '/home/nayab/dev_ws/install/rc_interfaces/share/rc_interfaces/hook/pythonpath.sh'
[2.482s] INFO:colcon.colcon_core.shell:Creating package script '/home/nayab/dev_ws/install/rc_interfaces/share/rc_interfaces/package.ps1'
[2.483s] DEBUG:colcon.colcon_core.event_handler.log_command:Invoked command in '/home/nayab/dev_ws/build/rc_interfaces' returned '0': /usr/bin/cmake --install /home/nayab/dev_ws/build/rc_interfaces
[2.483s] INFO:colcon.colcon_core.shell:Creating package descriptor '/home/nayab/dev_ws/install/rc_interfaces/share/rc_interfaces/package.dsv'
[2.484s] INFO:colcon.colcon_core.shell:Creating package script '/home/nayab/dev_ws/install/rc_interfaces/share/rc_interfaces/package.sh'
[2.485s] INFO:colcon.colcon_core.shell:Creating package script '/home/nayab/dev_ws/install/rc_interfaces/share/rc_interfaces/package.bash'
[2.485s] INFO:colcon.colcon_core.shell:Creating package script '/home/nayab/dev_ws/install/rc_interfaces/share/rc_interfaces/package.zsh'
[2.486s] Level 1:colcon.colcon_core.environment:create_file_with_runtime_dependencies(/home/nayab/dev_ws/install/rc_interfaces/share/colcon-core/packages/rc_interfaces)
[2.490s] Level 1:colcon.colcon_core.environment:create_environment_scripts_only(tutorial_interfaces)
[2.491s] Level 1:colcon.colcon_core.environment:checking '/home/nayab/dev_ws/install/tutorial_interfaces' for CMake module files
[2.492s] DEBUG:colcon.colcon_core.event_handler.log_command:Invoked command in '/home/nayab/dev_ws/build/tutorial_interfaces' returned '0': /usr/bin/cmake --install /home/nayab/dev_ws/build/tutorial_interfaces
[2.492s] Level 1:colcon.colcon_core.environment:checking '/home/nayab/dev_ws/install/tutorial_interfaces' for CMake config files
[2.493s] Level 1:colcon.colcon_core.shell:create_environment_hook('tutorial_interfaces', 'cmake_prefix_path')
[2.493s] INFO:colcon.colcon_core.shell:Creating environment hook '/home/nayab/dev_ws/install/tutorial_interfaces/share/tutorial_interfaces/hook/cmake_prefix_path.ps1'
[2.494s] INFO:colcon.colcon_core.shell:Creating environment descriptor '/home/nayab/dev_ws/install/tutorial_interfaces/share/tutorial_interfaces/hook/cmake_prefix_path.dsv'
[2.494s] INFO:colcon.colcon_core.shell:Creating environment hook '/home/nayab/dev_ws/install/tutorial_interfaces/share/tutorial_interfaces/hook/cmake_prefix_path.sh'
[2.495s] Level 1:colcon.colcon_core.environment:checking '/home/nayab/dev_ws/install/tutorial_interfaces/lib'
[2.495s] Level 1:colcon.colcon_core.shell:create_environment_hook('tutorial_interfaces', 'ld_library_path_lib')
[2.496s] INFO:colcon.colcon_core.shell:Creating environment hook '/home/nayab/dev_ws/install/tutorial_interfaces/share/tutorial_interfaces/hook/ld_library_path_lib.ps1'
[2.496s] INFO:colcon.colcon_core.shell:Creating environment descriptor '/home/nayab/dev_ws/install/tutorial_interfaces/share/tutorial_interfaces/hook/ld_library_path_lib.dsv'
[2.496s] INFO:colcon.colcon_core.shell:Creating environment hook '/home/nayab/dev_ws/install/tutorial_interfaces/share/tutorial_interfaces/hook/ld_library_path_lib.sh'
[2.497s] Level 1:colcon.colcon_core.environment:checking '/home/nayab/dev_ws/install/tutorial_interfaces/bin'
[2.497s] Level 1:colcon.colcon_core.environment:checking '/home/nayab/dev_ws/install/tutorial_interfaces/lib/pkgconfig/tutorial_interfaces.pc'
[2.497s] Level 1:colcon.colcon_core.environment:checking '/home/nayab/dev_ws/install/tutorial_interfaces/lib/python3.8/site-packages'
[2.497s] Level 1:colcon.colcon_core.shell:create_environment_hook('tutorial_interfaces', 'pythonpath')
[2.498s] INFO:colcon.colcon_core.shell:Creating environment hook '/home/nayab/dev_ws/install/tutorial_interfaces/share/tutorial_interfaces/hook/pythonpath.ps1'
[2.498s] INFO:colcon.colcon_core.shell:Creating environment descriptor '/home/nayab/dev_ws/install/tutorial_interfaces/share/tutorial_interfaces/hook/pythonpath.dsv'
[2.499s] INFO:colcon.colcon_core.shell:Creating environment hook '/home/nayab/dev_ws/install/tutorial_interfaces/share/tutorial_interfaces/hook/pythonpath.sh'
[2.500s] INFO:colcon.colcon_core.shell:Creating package script '/home/nayab/dev_ws/install/tutorial_interfaces/share/tutorial_interfaces/package.ps1'
[2.500s] INFO:colcon.colcon_core.shell:Creating package descriptor '/home/nayab/dev_ws/install/tutorial_interfaces/share/tutorial_interfaces/package.dsv'
[2.501s] INFO:colcon.colcon_core.shell:Creating package script '/home/nayab/dev_ws/install/tutorial_interfaces/share/tutorial_interfaces/package.sh'
[2.501s] INFO:colcon.colcon_core.shell:Creating package script '/home/nayab/dev_ws/install/tutorial_interfaces/share/tutorial_interfaces/package.bash'
[2.502s] INFO:colcon.colcon_core.shell:Creating package script '/home/nayab/dev_ws/install/tutorial_interfaces/share/tutorial_interfaces/package.zsh'
[2.502s] Level 1:colcon.colcon_core.environment:create_file_with_runtime_dependencies(/home/nayab/dev_ws/install/tutorial_interfaces/share/colcon-core/packages/tutorial_interfaces)
[2.539s] Level 1:colcon.colcon_core.environment:create_environment_scripts_only(rc_interfaces)
[2.540s] Level 1:colcon.colcon_core.environment:checking '/home/nayab/dev_ws/install/rc_interfaces' for CMake module files
[2.541s] Level 1:colcon.colcon_core.environment:checking '/home/nayab/dev_ws/install/rc_interfaces' for CMake config files
[2.541s] Level 1:colcon.colcon_core.shell:create_environment_hook('rc_interfaces', 'cmake_prefix_path')
[2.542s] INFO:colcon.colcon_core.shell:Creating environment hook '/home/nayab/dev_ws/install/rc_interfaces/share/rc_interfaces/hook/cmake_prefix_path.ps1'
[2.543s] INFO:colcon.colcon_core.shell:Creating environment descriptor '/home/nayab/dev_ws/install/rc_interfaces/share/rc_interfaces/hook/cmake_prefix_path.dsv'
[2.543s] INFO:colcon.colcon_core.shell:Creating environment hook '/home/nayab/dev_ws/install/rc_interfaces/share/rc_interfaces/hook/cmake_prefix_path.sh'
[2.543s] Level 1:colcon.colcon_core.environment:checking '/home/nayab/dev_ws/install/rc_interfaces/lib'
[2.544s] Level 1:colcon.colcon_core.shell:create_environment_hook('rc_interfaces', 'ld_library_path_lib')
[2.544s] INFO:colcon.colcon_core.shell:Creating environment hook '/home/nayab/dev_ws/install/rc_interfaces/share/rc_interfaces/hook/ld_library_path_lib.ps1'
[2.544s] INFO:colcon.colcon_core.shell:Creating environment descriptor '/home/nayab/dev_ws/install/rc_interfaces/share/rc_interfaces/hook/ld_library_path_lib.dsv'
[2.545s] INFO:colcon.colcon_core.shell:Creating environment hook '/home/nayab/dev_ws/install/rc_interfaces/share/rc_interfaces/hook/ld_library_path_lib.sh'
[2.545s] Level 1:colcon.colcon_core.environment:checking '/home/nayab/dev_ws/install/rc_interfaces/bin'
[2.545s] Level 1:colcon.colcon_core.environment:checking '/home/nayab/dev_ws/install/rc_interfaces/lib/pkgconfig/rc_interfaces.pc'
[2.545s] Level 1:colcon.colcon_core.environment:checking '/home/nayab/dev_ws/install/rc_interfaces/lib/python3.8/site-packages'
[2.545s] Level 1:colcon.colcon_core.shell:create_environment_hook('rc_interfaces', 'pythonpath')
[2.546s] INFO:colcon.colcon_core.shell:Creating environment hook '/home/nayab/dev_ws/install/rc_interfaces/share/rc_interfaces/hook/pythonpath.ps1'
[2.546s] INFO:colcon.colcon_core.shell:Creating environment descriptor '/home/nayab/dev_ws/install/rc_interfaces/share/rc_interfaces/hook/pythonpath.dsv'
[2.547s] INFO:colcon.colcon_core.shell:Creating environment hook '/home/nayab/dev_ws/install/rc_interfaces/share/rc_interfaces/hook/pythonpath.sh'
[2.547s] INFO:colcon.colcon_core.shell:Creating package script '/home/nayab/dev_ws/install/rc_interfaces/share/rc_interfaces/package.ps1'
[2.548s] INFO:colcon.colcon_core.shell:Creating package descriptor '/home/nayab/dev_ws/install/rc_interfaces/share/rc_interfaces/package.dsv'
[2.549s] INFO:colcon.colcon_core.shell:Creating package script '/home/nayab/dev_ws/install/rc_interfaces/share/rc_interfaces/package.sh'
[2.549s] INFO:colcon.colcon_core.shell:Creating package script '/home/nayab/dev_ws/install/rc_interfaces/share/rc_interfaces/package.bash'
[2.550s] INFO:colcon.colcon_core.shell:Creating package script '/home/nayab/dev_ws/install/rc_interfaces/share/rc_interfaces/package.zsh'
[2.550s] Level 1:colcon.colcon_core.environment:create_file_with_runtime_dependencies(/home/nayab/dev_ws/install/rc_interfaces/share/colcon-core/packages/rc_interfaces)
[2.557s] Level 1:colcon.colcon_core.environment:create_environment_scripts_only(tutorial_interfaces)
[2.558s] Level 1:colcon.colcon_core.environment:checking '/home/nayab/dev_ws/install/tutorial_interfaces' for CMake module files
[2.558s] Level 1:colcon.colcon_core.environment:checking '/home/nayab/dev_ws/install/tutorial_interfaces' for CMake config files
[2.558s] Level 1:colcon.colcon_core.shell:create_environment_hook('tutorial_interfaces', 'cmake_prefix_path')
[2.559s] INFO:colcon.colcon_core.shell:Creating environment hook '/home/nayab/dev_ws/install/tutorial_interfaces/share/tutorial_interfaces/hook/cmake_prefix_path.ps1'
[2.559s] INFO:colcon.colcon_core.shell:Creating environment descriptor '/home/nayab/dev_ws/install/tutorial_interfaces/share/tutorial_interfaces/hook/cmake_prefix_path.dsv'
[2.560s] INFO:colcon.colcon_core.shell:Creating environment hook '/home/nayab/dev_ws/install/tutorial_interfaces/share/tutorial_interfaces/hook/cmake_prefix_path.sh'
[2.560s] Level 1:colcon.colcon_core.environment:checking '/home/nayab/dev_ws/install/tutorial_interfaces/lib'
[2.560s] Level 1:colcon.colcon_core.shell:create_environment_hook('tutorial_interfaces', 'ld_library_path_lib')
[2.561s] INFO:colcon.colcon_core.shell:Creating environment hook '/home/nayab/dev_ws/install/tutorial_interfaces/share/tutorial_interfaces/hook/ld_library_path_lib.ps1'
[2.561s] INFO:colcon.colcon_core.shell:Creating environment descriptor '/home/nayab/dev_ws/install/tutorial_interfaces/share/tutorial_interfaces/hook/ld_library_path_lib.dsv'
[2.562s] INFO:colcon.colcon_core.shell:Creating environment hook '/home/nayab/dev_ws/install/tutorial_interfaces/share/tutorial_interfaces/hook/ld_library_path_lib.sh'
[2.562s] Level 1:colcon.colcon_core.environment:checking '/home/nayab/dev_ws/install/tutorial_interfaces/bin'
[2.562s] Level 1:colcon.colcon_core.environment:checking '/home/nayab/dev_ws/install/tutorial_interfaces/lib/pkgconfig/tutorial_interfaces.pc'
[2.562s] Level 1:colcon.colcon_core.environment:checking '/home/nayab/dev_ws/install/tutorial_interfaces/lib/python3.8/site-packages'
[2.562s] Level 1:colcon.colcon_core.shell:create_environment_hook('tutorial_interfaces', 'pythonpath')
[2.563s] INFO:colcon.colcon_core.shell:Creating environment hook '/home/nayab/dev_ws/install/tutorial_interfaces/share/tutorial_interfaces/hook/pythonpath.ps1'
[2.563s] INFO:colcon.colcon_core.shell:Creating environment descriptor '/home/nayab/dev_ws/install/tutorial_interfaces/share/tutorial_interfaces/hook/pythonpath.dsv'
[2.563s] INFO:colcon.colcon_core.shell:Creating environment hook '/home/nayab/dev_ws/install/tutorial_interfaces/share/tutorial_interfaces/hook/pythonpath.sh'
[2.564s] INFO:colcon.colcon_core.shell:Creating package script '/home/nayab/dev_ws/install/tutorial_interfaces/share/tutorial_interfaces/package.ps1'
[2.565s] INFO:colcon.colcon_core.shell:Creating package descriptor '/home/nayab/dev_ws/install/tutorial_interfaces/share/tutorial_interfaces/package.dsv'
[2.566s] INFO:colcon.colcon_core.shell:Creating package script '/home/nayab/dev_ws/install/tutorial_interfaces/share/tutorial_interfaces/package.sh'
[2.566s] INFO:colcon.colcon_core.shell:Creating package script '/home/nayab/dev_ws/install/tutorial_interfaces/share/tutorial_interfaces/package.bash'
[2.566s] INFO:colcon.colcon_core.shell:Creating package script '/home/nayab/dev_ws/install/tutorial_interfaces/share/tutorial_interfaces/package.zsh'
[2.567s] Level 1:colcon.colcon_core.environment:create_file_with_runtime_dependencies(/home/nayab/dev_ws/install/tutorial_interfaces/share/colcon-core/packages/tutorial_interfaces)
[2.740s] Level 1:colcon.colcon_core.environment:checking '/home/nayab/dev_ws/install/py_pubsub' for CMake module files
[2.740s] DEBUG:colcon.colcon_core.event_handler.log_command:Invoked command in '/home/nayab/dev_ws/src/py_pubsub' returned '0': PYTHONPATH=/home/nayab/dev_ws/install/py_pubsub/lib/python3.8/site-packages:${PYTHONPATH} /usr/bin/python3 setup.py egg_info --egg-base ../../build/py_pubsub build --build-base /home/nayab/dev_ws/build/py_pubsub/build install --prefix /home/nayab/dev_ws/install/py_pubsub --record /home/nayab/dev_ws/build/py_pubsub/install.log --single-version-externally-managed
[2.741s] Level 1:colcon.colcon_core.environment:checking '/home/nayab/dev_ws/install/py_pubsub' for CMake config files
[2.741s] Level 1:colcon.colcon_core.environment:checking '/home/nayab/dev_ws/install/py_pubsub/lib'
[2.741s] Level 1:colcon.colcon_core.environment:checking '/home/nayab/dev_ws/install/py_pubsub/bin'
[2.741s] Level 1:colcon.colcon_core.environment:checking '/home/nayab/dev_ws/install/py_pubsub/lib/pkgconfig/py_pubsub.pc'
[2.741s] Level 1:colcon.colcon_core.environment:checking '/home/nayab/dev_ws/install/py_pubsub/lib/python3.8/site-packages'
[2.742s] Level 1:colcon.colcon_core.shell:create_environment_hook('py_pubsub', 'pythonpath')
[2.742s] INFO:colcon.colcon_core.shell:Creating environment hook '/home/nayab/dev_ws/install/py_pubsub/share/py_pubsub/hook/pythonpath.ps1'
[2.743s] INFO:colcon.colcon_core.shell:Creating environment descriptor '/home/nayab/dev_ws/install/py_pubsub/share/py_pubsub/hook/pythonpath.dsv'
[2.743s] INFO:colcon.colcon_core.shell:Creating environment hook '/home/nayab/dev_ws/install/py_pubsub/share/py_pubsub/hook/pythonpath.sh'
[2.744s] Level 1:colcon.colcon_core.environment:create_environment_scripts_only(py_pubsub)
[2.745s] INFO:colcon.colcon_core.shell:Creating package script '/home/nayab/dev_ws/install/py_pubsub/share/py_pubsub/package.ps1'
[2.745s] INFO:colcon.colcon_core.shell:Creating package descriptor '/home/nayab/dev_ws/install/py_pubsub/share/py_pubsub/package.dsv'
[2.746s] INFO:colcon.colcon_core.shell:Creating package script '/home/nayab/dev_ws/install/py_pubsub/share/py_pubsub/package.sh'
[2.747s] INFO:colcon.colcon_core.shell:Creating package script '/home/nayab/dev_ws/install/py_pubsub/share/py_pubsub/package.bash'
[2.747s] INFO:colcon.colcon_core.shell:Creating package script '/home/nayab/dev_ws/install/py_pubsub/share/py_pubsub/package.zsh'
[2.748s] Level 1:colcon.colcon_core.environment:create_file_with_runtime_dependencies(/home/nayab/dev_ws/install/py_pubsub/share/colcon-core/packages/py_pubsub)
[2.748s] DEBUG:colcon.colcon_parallel_executor.executor.parallel:closing loop
[2.748s] DEBUG:colcon.colcon_parallel_executor.executor.parallel:loop closed
[2.748s] DEBUG:colcon.colcon_parallel_executor.executor.parallel:run_until_complete finished with '0'
[2.748s] DEBUG:colcon.colcon_core.event_reactor:joining thread
[2.758s] INFO:colcon.colcon_core.plugin_system:Skipping extension 'colcon_notification.desktop_notification.terminal_notifier': Not used on non-Darwin systems
[2.758s] INFO:colcon.colcon_core.plugin_system:Skipping extension 'colcon_notification.desktop_notification.win32': Not used on non-Windows systems
[2.758s] INFO:colcon.colcon_notification.desktop_notification:Sending desktop notification using 'notify2'
[2.778s] DEBUG:colcon.colcon_core.event_reactor:joined thread
[2.779s] INFO:colcon.colcon_core.shell:Creating prefix script '/home/nayab/dev_ws/install/local_setup.ps1'
[2.781s] INFO:colcon.colcon_core.shell:Creating prefix util module '/home/nayab/dev_ws/install/_local_setup_util_ps1.py'
[2.782s] INFO:colcon.colcon_core.shell:Creating prefix chain script '/home/nayab/dev_ws/install/setup.ps1'
[2.783s] INFO:colcon.colcon_core.shell:Creating prefix script '/home/nayab/dev_ws/install/local_setup.sh'
[2.784s] INFO:colcon.colcon_core.shell:Creating prefix util module '/home/nayab/dev_ws/install/_local_setup_util_sh.py'
[2.785s] INFO:colcon.colcon_core.shell:Creating prefix chain script '/home/nayab/dev_ws/install/setup.sh'
[2.786s] INFO:colcon.colcon_core.shell:Creating prefix script '/home/nayab/dev_ws/install/local_setup.bash'
[2.786s] INFO:colcon.colcon_core.shell:Creating prefix chain script '/home/nayab/dev_ws/install/setup.bash'
[2.788s] INFO:colcon.colcon_core.shell:Creating prefix script '/home/nayab/dev_ws/install/local_setup.zsh'
[2.789s] INFO:colcon.colcon_core.shell:Creating prefix chain script '/home/nayab/dev_ws/install/setup.zsh'
