[0.655s] Invoking command in '/home/nayab/dev_ws/src/dbr_pubsub': PYTHONPATH=/home/nayab/dev_ws/install/dbr_pubsub/lib/python3.8/site-packages:${PYTHONPATH} /usr/bin/python3 setup.py egg_info --egg-base ../../build/dbr_pubsub build --build-base /home/nayab/dev_ws/build/dbr_pubsub/build install --prefix /home/nayab/dev_ws/install/dbr_pubsub --record /home/nayab/dev_ws/build/dbr_pubsub/install.log --single-version-externally-managed
[0.887s] running egg_info
[0.887s] writing ../../build/dbr_pubsub/dbr_pubsub.egg-info/PKG-INFO
[0.888s] writing dependency_links to ../../build/dbr_pubsub/dbr_pubsub.egg-info/dependency_links.txt
[0.888s] writing entry points to ../../build/dbr_pubsub/dbr_pubsub.egg-info/entry_points.txt
[0.889s] writing requirements to ../../build/dbr_pubsub/dbr_pubsub.egg-info/requires.txt
[0.889s] writing top-level names to ../../build/dbr_pubsub/dbr_pubsub.egg-info/top_level.txt
[0.918s] reading manifest file '../../build/dbr_pubsub/dbr_pubsub.egg-info/SOURCES.txt'
[0.919s] writing manifest file '../../build/dbr_pubsub/dbr_pubsub.egg-info/SOURCES.txt'
[0.919s] running build
[0.920s] running build_py
[0.920s] running install
[0.921s] running install_lib
[0.922s] running install_data
[0.923s] running install_egg_info
[0.924s] removing '/home/nayab/dev_ws/install/dbr_pubsub/lib/python3.8/site-packages/dbr_pubsub-0.0.0-py3.8.egg-info' (and everything under it)
[0.925s] Copying ../../build/dbr_pubsub/dbr_pubsub.egg-info to /home/nayab/dev_ws/install/dbr_pubsub/lib/python3.8/site-packages/dbr_pubsub-0.0.0-py3.8.egg-info
[0.926s] running install_scripts
[0.942s] Installing dbr_pub script to /home/nayab/dev_ws/install/dbr_pubsub/lib/dbr_pubsub
[0.943s] Installing rc_emu script to /home/nayab/dev_ws/install/dbr_pubsub/lib/dbr_pubsub
[0.943s] writing list of installed files to '/home/nayab/dev_ws/build/dbr_pubsub/install.log'
[0.974s] Invoked command in '/home/nayab/dev_ws/src/dbr_pubsub' returned '0': PYTHONPATH=/home/nayab/dev_ws/install/dbr_pubsub/lib/python3.8/site-packages:${PYTHONPATH} /usr/bin/python3 setup.py egg_info --egg-base ../../build/dbr_pubsub build --build-base /home/nayab/dev_ws/build/dbr_pubsub/build install --prefix /home/nayab/dev_ws/install/dbr_pubsub --record /home/nayab/dev_ws/build/dbr_pubsub/install.log --single-version-externally-managed
