[1.010s] Invoking command in '/home/nayab/dev_ws/src/my_package': PYTHONPATH=/home/nayab/dev_ws/install/my_package/lib/python3.8/site-packages:${PYTHONPATH} /usr/bin/python3 setup.py egg_info --egg-base ../../build/my_package build --build-base /home/nayab/dev_ws/build/my_package/build install --prefix /home/nayab/dev_ws/install/my_package --record /home/nayab/dev_ws/build/my_package/install.log --single-version-externally-managed
[1.313s] running egg_info
[1.314s] writing ../../build/my_package/my_package.egg-info/PKG-INFO
[1.314s] writing dependency_links to ../../build/my_package/my_package.egg-info/dependency_links.txt
[1.314s] writing entry points to ../../build/my_package/my_package.egg-info/entry_points.txt
[1.315s] writing requirements to ../../build/my_package/my_package.egg-info/requires.txt
[1.315s] writing top-level names to ../../build/my_package/my_package.egg-info/top_level.txt
[1.350s] reading manifest file '../../build/my_package/my_package.egg-info/SOURCES.txt'
[1.351s] writing manifest file '../../build/my_package/my_package.egg-info/SOURCES.txt'
[1.351s] running build
[1.351s] running build_py
[1.351s] running install
[1.352s] running install_lib
[1.353s] running install_data
[1.354s] running install_egg_info
[1.356s] removing '/home/nayab/dev_ws/install/my_package/lib/python3.8/site-packages/my_package-0.0.0-py3.8.egg-info' (and everything under it)
[1.356s] Copying ../../build/my_package/my_package.egg-info to /home/nayab/dev_ws/install/my_package/lib/python3.8/site-packages/my_package-0.0.0-py3.8.egg-info
[1.357s] running install_scripts
[1.376s] Installing my_node script to /home/nayab/dev_ws/install/my_package/lib/my_package
[1.376s] writing list of installed files to '/home/nayab/dev_ws/build/my_package/install.log'
[1.407s] Invoked command in '/home/nayab/dev_ws/src/my_package' returned '0': PYTHONPATH=/home/nayab/dev_ws/install/my_package/lib/python3.8/site-packages:${PYTHONPATH} /usr/bin/python3 setup.py egg_info --egg-base ../../build/my_package build --build-base /home/nayab/dev_ws/build/my_package/build install --prefix /home/nayab/dev_ws/install/my_package --record /home/nayab/dev_ws/build/my_package/install.log --single-version-externally-managed
