[0.148s] DEBUG:colcon:Command line arguments: ['/usr/bin/colcon', 'build']
[0.148s] DEBUG:colcon:Parsed command line arguments: Namespace(allow_overriding=[], ament_cmake_args=None, base_paths=['.'], build_base='build', catkin_cmake_args=None, catkin_skip_building_tests=False, cmake_args=None, cmake_clean_cache=False, cmake_clean_first=False, cmake_force_configure=False, cmake_target=None, cmake_target_skip_unavailable=False, continue_on_error=False, event_handlers=None, executor='parallel', ignore_user_meta=False, install_base='install', log_base=None, log_level=None, main=<bound method BuildVerb.main of <colcon_core.verb.build.BuildVerb object at 0x7fca3e06b550>>, merge_install=False, metas=['./colcon.meta'], packages_above=None, packages_above_and_dependencies=None, packages_above_depth=None, packages_end=None, packages_ignore=None, packages_ignore_regex=None, packages_select=None, packages_select_build_failed=False, packages_select_by_dep=None, packages_select_regex=None, packages_select_test_failures=False, packages_skip=None, packages_skip_build_finished=False, packages_skip_by_dep=None, packages_skip_regex=None, packages_skip_test_passed=False, packages_skip_up_to=None, packages_start=None, packages_up_to=None, packages_up_to_regex=None, parallel_workers=4, paths=None, symlink_install=False, test_result_base=None, verb_extension=<colcon_core.verb.build.BuildVerb object at 0x7fca3e06b550>, verb_name='build', verb_parser=<colcon_defaults.argument_parser.defaults.DefaultArgumentsDecorator object at 0x7fca3e06ba90>)
[0.153s] Level 1:colcon.colcon_core.package_discovery:discover_packages(colcon_meta) check parameters
[0.153s] Level 1:colcon.colcon_core.package_discovery:discover_packages(recursive) check parameters
[0.153s] Level 1:colcon.colcon_core.package_discovery:discover_packages(ignore) check parameters
[0.153s] Level 1:colcon.colcon_core.package_discovery:discover_packages(path) check parameters
[0.153s] Level 1:colcon.colcon_core.package_discovery:discover_packages(colcon_meta) discover
[0.153s] Level 1:colcon.colcon_core.package_discovery:discover_packages(recursive) discover
[0.153s] INFO:colcon.colcon_core.package_discovery:Crawling recursively for packages in '/home/nayab/dev_ws'
[0.153s] Level 1:colcon.colcon_core.package_identification:_identify(.) by extensions ['ignore', 'ignore_ament_install']
[0.154s] Level 1:colcon.colcon_core.package_identification:_identify(.) by extension 'ignore'
[0.154s] Level 1:colcon.colcon_core.package_identification:_identify(.) by extension 'ignore_ament_install'
[0.154s] Level 1:colcon.colcon_core.package_identification:_identify(.) by extensions ['colcon_pkg']
[0.154s] Level 1:colcon.colcon_core.package_identification:_identify(.) by extension 'colcon_pkg'
[0.154s] Level 1:colcon.colcon_core.package_identification:_identify(.) by extensions ['colcon_meta']
[0.154s] Level 1:colcon.colcon_core.package_identification:_identify(.) by extension 'colcon_meta'
[0.154s] Level 1:colcon.colcon_core.package_identification:_identify(.) by extensions ['ros']
[0.154s] Level 1:colcon.colcon_core.package_identification:_identify(.) by extension 'ros'
[0.164s] Level 1:colcon.colcon_core.package_identification:_identify(.) by extensions ['cmake', 'python']
[0.164s] Level 1:colcon.colcon_core.package_identification:_identify(.) by extension 'cmake'
[0.164s] Level 1:colcon.colcon_core.package_identification:_identify(.) by extension 'python'
[0.164s] Level 1:colcon.colcon_core.package_identification:_identify(.) by extensions ['python_setup_py']
[0.164s] Level 1:colcon.colcon_core.package_identification:_identify(.) by extension 'python_setup_py'
[0.164s] Level 1:colcon.colcon_core.package_identification:_identify(bagfiles) by extensions ['ignore', 'ignore_ament_install']
[0.164s] Level 1:colcon.colcon_core.package_identification:_identify(bagfiles) by extension 'ignore'
[0.165s] Level 1:colcon.colcon_core.package_identification:_identify(bagfiles) by extension 'ignore_ament_install'
[0.165s] Level 1:colcon.colcon_core.package_identification:_identify(bagfiles) by extensions ['colcon_pkg']
[0.165s] Level 1:colcon.colcon_core.package_identification:_identify(bagfiles) by extension 'colcon_pkg'
[0.165s] Level 1:colcon.colcon_core.package_identification:_identify(bagfiles) by extensions ['colcon_meta']
[0.165s] Level 1:colcon.colcon_core.package_identification:_identify(bagfiles) by extension 'colcon_meta'
[0.165s] Level 1:colcon.colcon_core.package_identification:_identify(bagfiles) by extensions ['ros']
[0.165s] Level 1:colcon.colcon_core.package_identification:_identify(bagfiles) by extension 'ros'
[0.165s] Level 1:colcon.colcon_core.package_identification:_identify(bagfiles) by extensions ['cmake', 'python']
[0.165s] Level 1:colcon.colcon_core.package_identification:_identify(bagfiles) by extension 'cmake'
[0.165s] Level 1:colcon.colcon_core.package_identification:_identify(bagfiles) by extension 'python'
[0.165s] Level 1:colcon.colcon_core.package_identification:_identify(bagfiles) by extensions ['python_setup_py']
[0.165s] Level 1:colcon.colcon_core.package_identification:_identify(bagfiles) by extension 'python_setup_py'
[0.165s] Level 1:colcon.colcon_core.package_identification:_identify(bagfiles/imu_status-14-3-22) by extensions ['ignore', 'ignore_ament_install']
[0.165s] Level 1:colcon.colcon_core.package_identification:_identify(bagfiles/imu_status-14-3-22) by extension 'ignore'
[0.165s] Level 1:colcon.colcon_core.package_identification:_identify(bagfiles/imu_status-14-3-22) by extension 'ignore_ament_install'
[0.165s] Level 1:colcon.colcon_core.package_identification:_identify(bagfiles/imu_status-14-3-22) by extensions ['colcon_pkg']
[0.165s] Level 1:colcon.colcon_core.package_identification:_identify(bagfiles/imu_status-14-3-22) by extension 'colcon_pkg'
[0.165s] Level 1:colcon.colcon_core.package_identification:_identify(bagfiles/imu_status-14-3-22) by extensions ['colcon_meta']
[0.166s] Level 1:colcon.colcon_core.package_identification:_identify(bagfiles/imu_status-14-3-22) by extension 'colcon_meta'
[0.166s] Level 1:colcon.colcon_core.package_identification:_identify(bagfiles/imu_status-14-3-22) by extensions ['ros']
[0.166s] Level 1:colcon.colcon_core.package_identification:_identify(bagfiles/imu_status-14-3-22) by extension 'ros'
[0.166s] Level 1:colcon.colcon_core.package_identification:_identify(bagfiles/imu_status-14-3-22) by extensions ['cmake', 'python']
[0.166s] Level 1:colcon.colcon_core.package_identification:_identify(bagfiles/imu_status-14-3-22) by extension 'cmake'
[0.166s] Level 1:colcon.colcon_core.package_identification:_identify(bagfiles/imu_status-14-3-22) by extension 'python'
[0.166s] Level 1:colcon.colcon_core.package_identification:_identify(bagfiles/imu_status-14-3-22) by extensions ['python_setup_py']
[0.166s] Level 1:colcon.colcon_core.package_identification:_identify(bagfiles/imu_status-14-3-22) by extension 'python_setup_py'
[0.166s] Level 1:colcon.colcon_core.package_identification:_identify(bagfiles/rc_imu_status) by extensions ['ignore', 'ignore_ament_install']
[0.166s] Level 1:colcon.colcon_core.package_identification:_identify(bagfiles/rc_imu_status) by extension 'ignore'
[0.166s] Level 1:colcon.colcon_core.package_identification:_identify(bagfiles/rc_imu_status) by extension 'ignore_ament_install'
[0.166s] Level 1:colcon.colcon_core.package_identification:_identify(bagfiles/rc_imu_status) by extensions ['colcon_pkg']
[0.166s] Level 1:colcon.colcon_core.package_identification:_identify(bagfiles/rc_imu_status) by extension 'colcon_pkg'
[0.166s] Level 1:colcon.colcon_core.package_identification:_identify(bagfiles/rc_imu_status) by extensions ['colcon_meta']
[0.166s] Level 1:colcon.colcon_core.package_identification:_identify(bagfiles/rc_imu_status) by extension 'colcon_meta'
[0.166s] Level 1:colcon.colcon_core.package_identification:_identify(bagfiles/rc_imu_status) by extensions ['ros']
[0.166s] Level 1:colcon.colcon_core.package_identification:_identify(bagfiles/rc_imu_status) by extension 'ros'
[0.166s] Level 1:colcon.colcon_core.package_identification:_identify(bagfiles/rc_imu_status) by extensions ['cmake', 'python']
[0.166s] Level 1:colcon.colcon_core.package_identification:_identify(bagfiles/rc_imu_status) by extension 'cmake'
[0.167s] Level 1:colcon.colcon_core.package_identification:_identify(bagfiles/rc_imu_status) by extension 'python'
[0.167s] Level 1:colcon.colcon_core.package_identification:_identify(bagfiles/rc_imu_status) by extensions ['python_setup_py']
[0.167s] Level 1:colcon.colcon_core.package_identification:_identify(bagfiles/rc_imu_status) by extension 'python_setup_py'
[0.167s] Level 1:colcon.colcon_core.package_identification:_identify(bagfiles/rc_status_2) by extensions ['ignore', 'ignore_ament_install']
[0.167s] Level 1:colcon.colcon_core.package_identification:_identify(bagfiles/rc_status_2) by extension 'ignore'
[0.167s] Level 1:colcon.colcon_core.package_identification:_identify(bagfiles/rc_status_2) by extension 'ignore_ament_install'
[0.167s] Level 1:colcon.colcon_core.package_identification:_identify(bagfiles/rc_status_2) by extensions ['colcon_pkg']
[0.167s] Level 1:colcon.colcon_core.package_identification:_identify(bagfiles/rc_status_2) by extension 'colcon_pkg'
[0.167s] Level 1:colcon.colcon_core.package_identification:_identify(bagfiles/rc_status_2) by extensions ['colcon_meta']
[0.167s] Level 1:colcon.colcon_core.package_identification:_identify(bagfiles/rc_status_2) by extension 'colcon_meta'
[0.167s] Level 1:colcon.colcon_core.package_identification:_identify(bagfiles/rc_status_2) by extensions ['ros']
[0.167s] Level 1:colcon.colcon_core.package_identification:_identify(bagfiles/rc_status_2) by extension 'ros'
[0.167s] Level 1:colcon.colcon_core.package_identification:_identify(bagfiles/rc_status_2) by extensions ['cmake', 'python']
[0.167s] Level 1:colcon.colcon_core.package_identification:_identify(bagfiles/rc_status_2) by extension 'cmake'
[0.167s] Level 1:colcon.colcon_core.package_identification:_identify(bagfiles/rc_status_2) by extension 'python'
[0.167s] Level 1:colcon.colcon_core.package_identification:_identify(bagfiles/rc_status_2) by extensions ['python_setup_py']
[0.167s] Level 1:colcon.colcon_core.package_identification:_identify(bagfiles/rc_status_2) by extension 'python_setup_py'
[0.167s] Level 1:colcon.colcon_core.package_identification:_identify(build) by extensions ['ignore', 'ignore_ament_install']
[0.168s] Level 1:colcon.colcon_core.package_identification:_identify(build) by extension 'ignore'
[0.168s] Level 1:colcon.colcon_core.package_identification:_identify(build) ignored
[0.168s] Level 1:colcon.colcon_core.package_identification:_identify(install) by extensions ['ignore', 'ignore_ament_install']
[0.168s] Level 1:colcon.colcon_core.package_identification:_identify(install) by extension 'ignore'
[0.168s] Level 1:colcon.colcon_core.package_identification:_identify(install) ignored
[0.168s] Level 1:colcon.colcon_core.package_identification:_identify(log) by extensions ['ignore', 'ignore_ament_install']
[0.168s] Level 1:colcon.colcon_core.package_identification:_identify(log) by extension 'ignore'
[0.168s] Level 1:colcon.colcon_core.package_identification:_identify(log) ignored
[0.168s] Level 1:colcon.colcon_core.package_identification:_identify(src) by extensions ['ignore', 'ignore_ament_install']
[0.168s] Level 1:colcon.colcon_core.package_identification:_identify(src) by extension 'ignore'
[0.169s] Level 1:colcon.colcon_core.package_identification:_identify(src) by extension 'ignore_ament_install'
[0.169s] Level 1:colcon.colcon_core.package_identification:_identify(src) by extensions ['colcon_pkg']
[0.169s] Level 1:colcon.colcon_core.package_identification:_identify(src) by extension 'colcon_pkg'
[0.169s] Level 1:colcon.colcon_core.package_identification:_identify(src) by extensions ['colcon_meta']
[0.169s] Level 1:colcon.colcon_core.package_identification:_identify(src) by extension 'colcon_meta'
[0.169s] Level 1:colcon.colcon_core.package_identification:_identify(src) by extensions ['ros']
[0.169s] Level 1:colcon.colcon_core.package_identification:_identify(src) by extension 'ros'
[0.169s] Level 1:colcon.colcon_core.package_identification:_identify(src) by extensions ['cmake', 'python']
[0.169s] Level 1:colcon.colcon_core.package_identification:_identify(src) by extension 'cmake'
[0.169s] Level 1:colcon.colcon_core.package_identification:_identify(src) by extension 'python'
[0.169s] Level 1:colcon.colcon_core.package_identification:_identify(src) by extensions ['python_setup_py']
[0.169s] Level 1:colcon.colcon_core.package_identification:_identify(src) by extension 'python_setup_py'
[0.169s] Level 1:colcon.colcon_core.package_identification:_identify(src/abds_core_common) by extensions ['ignore', 'ignore_ament_install']
[0.169s] Level 1:colcon.colcon_core.package_identification:_identify(src/abds_core_common) by extension 'ignore'
[0.169s] Level 1:colcon.colcon_core.package_identification:_identify(src/abds_core_common) by extension 'ignore_ament_install'
[0.169s] Level 1:colcon.colcon_core.package_identification:_identify(src/abds_core_common) by extensions ['colcon_pkg']
[0.169s] Level 1:colcon.colcon_core.package_identification:_identify(src/abds_core_common) by extension 'colcon_pkg'
[0.169s] Level 1:colcon.colcon_core.package_identification:_identify(src/abds_core_common) by extensions ['colcon_meta']
[0.169s] Level 1:colcon.colcon_core.package_identification:_identify(src/abds_core_common) by extension 'colcon_meta'
[0.170s] Level 1:colcon.colcon_core.package_identification:_identify(src/abds_core_common) by extensions ['ros']
[0.170s] Level 1:colcon.colcon_core.package_identification:_identify(src/abds_core_common) by extension 'ros'
[0.172s] DEBUG:colcon.colcon_core.package_identification:Package 'src/abds_core_common' with type 'ros.ament_cmake' and name 'abds_core_common'
[0.172s] Level 1:colcon.colcon_core.package_identification:_identify(src/dbr_pubsub) by extensions ['ignore', 'ignore_ament_install']
[0.172s] Level 1:colcon.colcon_core.package_identification:_identify(src/dbr_pubsub) by extension 'ignore'
[0.172s] Level 1:colcon.colcon_core.package_identification:_identify(src/dbr_pubsub) by extension 'ignore_ament_install'
[0.172s] Level 1:colcon.colcon_core.package_identification:_identify(src/dbr_pubsub) by extensions ['colcon_pkg']
[0.172s] Level 1:colcon.colcon_core.package_identification:_identify(src/dbr_pubsub) by extension 'colcon_pkg'
[0.172s] Level 1:colcon.colcon_core.package_identification:_identify(src/dbr_pubsub) by extensions ['colcon_meta']
[0.172s] Level 1:colcon.colcon_core.package_identification:_identify(src/dbr_pubsub) by extension 'colcon_meta'
[0.173s] Level 1:colcon.colcon_core.package_identification:_identify(src/dbr_pubsub) by extensions ['ros']
[0.173s] Level 1:colcon.colcon_core.package_identification:_identify(src/dbr_pubsub) by extension 'ros'
[0.173s] DEBUG:colcon.colcon_core.package_identification:Package 'src/dbr_pubsub' with type 'ros.ament_python' and name 'dbr_pubsub'
[0.173s] Level 1:colcon.colcon_core.package_identification:_identify(src/ether_follow_interfaces) by extensions ['ignore', 'ignore_ament_install']
[0.173s] Level 1:colcon.colcon_core.package_identification:_identify(src/ether_follow_interfaces) by extension 'ignore'
[0.173s] Level 1:colcon.colcon_core.package_identification:_identify(src/ether_follow_interfaces) by extension 'ignore_ament_install'
[0.173s] Level 1:colcon.colcon_core.package_identification:_identify(src/ether_follow_interfaces) by extensions ['colcon_pkg']
[0.173s] Level 1:colcon.colcon_core.package_identification:_identify(src/ether_follow_interfaces) by extension 'colcon_pkg'
[0.173s] Level 1:colcon.colcon_core.package_identification:_identify(src/ether_follow_interfaces) by extensions ['colcon_meta']
[0.173s] Level 1:colcon.colcon_core.package_identification:_identify(src/ether_follow_interfaces) by extension 'colcon_meta'
[0.173s] Level 1:colcon.colcon_core.package_identification:_identify(src/ether_follow_interfaces) by extensions ['ros']
[0.173s] Level 1:colcon.colcon_core.package_identification:_identify(src/ether_follow_interfaces) by extension 'ros'
[0.174s] DEBUG:colcon.colcon_core.package_identification:Package 'src/ether_follow_interfaces' with type 'ros.ament_cmake' and name 'ether_follow_interfaces'
[0.174s] Level 1:colcon.colcon_core.package_identification:_identify(src/ether_follow_pubsub) by extensions ['ignore', 'ignore_ament_install']
[0.174s] Level 1:colcon.colcon_core.package_identification:_identify(src/ether_follow_pubsub) by extension 'ignore'
[0.174s] Level 1:colcon.colcon_core.package_identification:_identify(src/ether_follow_pubsub) by extension 'ignore_ament_install'
[0.174s] Level 1:colcon.colcon_core.package_identification:_identify(src/ether_follow_pubsub) by extensions ['colcon_pkg']
[0.174s] Level 1:colcon.colcon_core.package_identification:_identify(src/ether_follow_pubsub) by extension 'colcon_pkg'
[0.174s] Level 1:colcon.colcon_core.package_identification:_identify(src/ether_follow_pubsub) by extensions ['colcon_meta']
[0.174s] Level 1:colcon.colcon_core.package_identification:_identify(src/ether_follow_pubsub) by extension 'colcon_meta'
[0.174s] Level 1:colcon.colcon_core.package_identification:_identify(src/ether_follow_pubsub) by extensions ['ros']
[0.174s] Level 1:colcon.colcon_core.package_identification:_identify(src/ether_follow_pubsub) by extension 'ros'
[0.175s] DEBUG:colcon.colcon_core.package_identification:Package 'src/ether_follow_pubsub' with type 'ros.ament_python' and name 'ether_follow_pubsub'
[0.175s] Level 1:colcon.colcon_core.package_identification:_identify(src/my_package) by extensions ['ignore', 'ignore_ament_install']
[0.175s] Level 1:colcon.colcon_core.package_identification:_identify(src/my_package) by extension 'ignore'
[0.175s] Level 1:colcon.colcon_core.package_identification:_identify(src/my_package) by extension 'ignore_ament_install'
[0.175s] Level 1:colcon.colcon_core.package_identification:_identify(src/my_package) by extensions ['colcon_pkg']
[0.175s] Level 1:colcon.colcon_core.package_identification:_identify(src/my_package) by extension 'colcon_pkg'
[0.175s] Level 1:colcon.colcon_core.package_identification:_identify(src/my_package) by extensions ['colcon_meta']
[0.175s] Level 1:colcon.colcon_core.package_identification:_identify(src/my_package) by extension 'colcon_meta'
[0.175s] Level 1:colcon.colcon_core.package_identification:_identify(src/my_package) by extensions ['ros']
[0.175s] Level 1:colcon.colcon_core.package_identification:_identify(src/my_package) by extension 'ros'
[0.176s] DEBUG:colcon.colcon_core.package_identification:Package 'src/my_package' with type 'ros.ament_python' and name 'my_package'
[0.176s] Level 1:colcon.colcon_core.package_identification:_identify(src/py_pubsub) by extensions ['ignore', 'ignore_ament_install']
[0.176s] Level 1:colcon.colcon_core.package_identification:_identify(src/py_pubsub) by extension 'ignore'
[0.176s] Level 1:colcon.colcon_core.package_identification:_identify(src/py_pubsub) by extension 'ignore_ament_install'
[0.176s] Level 1:colcon.colcon_core.package_identification:_identify(src/py_pubsub) by extensions ['colcon_pkg']
[0.176s] Level 1:colcon.colcon_core.package_identification:_identify(src/py_pubsub) by extension 'colcon_pkg'
[0.176s] Level 1:colcon.colcon_core.package_identification:_identify(src/py_pubsub) by extensions ['colcon_meta']
[0.176s] Level 1:colcon.colcon_core.package_identification:_identify(src/py_pubsub) by extension 'colcon_meta'
[0.176s] Level 1:colcon.colcon_core.package_identification:_identify(src/py_pubsub) by extensions ['ros']
[0.176s] Level 1:colcon.colcon_core.package_identification:_identify(src/py_pubsub) by extension 'ros'
[0.177s] DEBUG:colcon.colcon_core.package_identification:Package 'src/py_pubsub' with type 'ros.ament_python' and name 'py_pubsub'
[0.177s] Level 1:colcon.colcon_core.package_identification:_identify(src/rc_interfaces) by extensions ['ignore', 'ignore_ament_install']
[0.177s] Level 1:colcon.colcon_core.package_identification:_identify(src/rc_interfaces) by extension 'ignore'
[0.177s] Level 1:colcon.colcon_core.package_identification:_identify(src/rc_interfaces) by extension 'ignore_ament_install'
[0.177s] Level 1:colcon.colcon_core.package_identification:_identify(src/rc_interfaces) by extensions ['colcon_pkg']
[0.177s] Level 1:colcon.colcon_core.package_identification:_identify(src/rc_interfaces) by extension 'colcon_pkg'
[0.177s] Level 1:colcon.colcon_core.package_identification:_identify(src/rc_interfaces) by extensions ['colcon_meta']
[0.177s] Level 1:colcon.colcon_core.package_identification:_identify(src/rc_interfaces) by extension 'colcon_meta'
[0.177s] Level 1:colcon.colcon_core.package_identification:_identify(src/rc_interfaces) by extensions ['ros']
[0.177s] Level 1:colcon.colcon_core.package_identification:_identify(src/rc_interfaces) by extension 'ros'
[0.178s] DEBUG:colcon.colcon_core.package_identification:Package 'src/rc_interfaces' with type 'ros.ament_cmake' and name 'rc_interfaces'
[0.178s] Level 1:colcon.colcon_core.package_identification:_identify(src/tutorial_interfaces) by extensions ['ignore', 'ignore_ament_install']
[0.178s] Level 1:colcon.colcon_core.package_identification:_identify(src/tutorial_interfaces) by extension 'ignore'
[0.178s] Level 1:colcon.colcon_core.package_identification:_identify(src/tutorial_interfaces) by extension 'ignore_ament_install'
[0.178s] Level 1:colcon.colcon_core.package_identification:_identify(src/tutorial_interfaces) by extensions ['colcon_pkg']
[0.178s] Level 1:colcon.colcon_core.package_identification:_identify(src/tutorial_interfaces) by extension 'colcon_pkg'
[0.178s] Level 1:colcon.colcon_core.package_identification:_identify(src/tutorial_interfaces) by extensions ['colcon_meta']
[0.178s] Level 1:colcon.colcon_core.package_identification:_identify(src/tutorial_interfaces) by extension 'colcon_meta'
[0.178s] Level 1:colcon.colcon_core.package_identification:_identify(src/tutorial_interfaces) by extensions ['ros']
[0.178s] Level 1:colcon.colcon_core.package_identification:_identify(src/tutorial_interfaces) by extension 'ros'
[0.179s] DEBUG:colcon.colcon_core.package_identification:Package 'src/tutorial_interfaces' with type 'ros.ament_cmake' and name 'tutorial_interfaces'
[0.179s] Level 1:colcon.colcon_core.package_discovery:discover_packages(recursive) using defaults
[0.179s] Level 1:colcon.colcon_core.package_discovery:discover_packages(ignore) discover
[0.179s] Level 1:colcon.colcon_core.package_discovery:discover_packages(ignore) using defaults
[0.179s] Level 1:colcon.colcon_core.package_discovery:discover_packages(path) discover
[0.179s] Level 1:colcon.colcon_core.package_discovery:discover_packages(path) using defaults
[0.197s] Level 5:colcon.colcon_core.verb:set package 'abds_core_common' build argument 'cmake_args' from command line to 'None'
[0.197s] Level 5:colcon.colcon_core.verb:set package 'abds_core_common' build argument 'cmake_target' from command line to 'None'
[0.197s] Level 5:colcon.colcon_core.verb:set package 'abds_core_common' build argument 'cmake_target_skip_unavailable' from command line to 'False'
[0.197s] Level 5:colcon.colcon_core.verb:set package 'abds_core_common' build argument 'cmake_clean_cache' from command line to 'False'
[0.197s] Level 5:colcon.colcon_core.verb:set package 'abds_core_common' build argument 'cmake_clean_first' from command line to 'False'
[0.197s] Level 5:colcon.colcon_core.verb:set package 'abds_core_common' build argument 'cmake_force_configure' from command line to 'False'
[0.197s] Level 5:colcon.colcon_core.verb:set package 'abds_core_common' build argument 'ament_cmake_args' from command line to 'None'
[0.197s] Level 5:colcon.colcon_core.verb:set package 'abds_core_common' build argument 'catkin_cmake_args' from command line to 'None'
[0.197s] Level 5:colcon.colcon_core.verb:set package 'abds_core_common' build argument 'catkin_skip_building_tests' from command line to 'False'
[0.197s] DEBUG:colcon.colcon_core.verb:Building package 'abds_core_common' with the following arguments: {'ament_cmake_args': None, 'build_base': '/home/nayab/dev_ws/build/abds_core_common', 'catkin_cmake_args': None, 'catkin_skip_building_tests': False, 'cmake_args': None, 'cmake_clean_cache': False, 'cmake_clean_first': False, 'cmake_force_configure': False, 'cmake_target': None, 'cmake_target_skip_unavailable': False, 'install_base': '/home/nayab/dev_ws/install/abds_core_common', 'merge_install': False, 'path': '/home/nayab/dev_ws/src/abds_core_common', 'symlink_install': False, 'test_result_base': None}
[0.198s] Level 5:colcon.colcon_core.verb:set package 'dbr_pubsub' build argument 'cmake_args' from command line to 'None'
[0.198s] Level 5:colcon.colcon_core.verb:set package 'dbr_pubsub' build argument 'cmake_target' from command line to 'None'
[0.198s] Level 5:colcon.colcon_core.verb:set package 'dbr_pubsub' build argument 'cmake_target_skip_unavailable' from command line to 'False'
[0.198s] Level 5:colcon.colcon_core.verb:set package 'dbr_pubsub' build argument 'cmake_clean_cache' from command line to 'False'
[0.198s] Level 5:colcon.colcon_core.verb:set package 'dbr_pubsub' build argument 'cmake_clean_first' from command line to 'False'
[0.198s] Level 5:colcon.colcon_core.verb:set package 'dbr_pubsub' build argument 'cmake_force_configure' from command line to 'False'
[0.198s] Level 5:colcon.colcon_core.verb:set package 'dbr_pubsub' build argument 'ament_cmake_args' from command line to 'None'
[0.198s] Level 5:colcon.colcon_core.verb:set package 'dbr_pubsub' build argument 'catkin_cmake_args' from command line to 'None'
[0.198s] Level 5:colcon.colcon_core.verb:set package 'dbr_pubsub' build argument 'catkin_skip_building_tests' from command line to 'False'
[0.198s] DEBUG:colcon.colcon_core.verb:Building package 'dbr_pubsub' with the following arguments: {'ament_cmake_args': None, 'build_base': '/home/nayab/dev_ws/build/dbr_pubsub', 'catkin_cmake_args': None, 'catkin_skip_building_tests': False, 'cmake_args': None, 'cmake_clean_cache': False, 'cmake_clean_first': False, 'cmake_force_configure': False, 'cmake_target': None, 'cmake_target_skip_unavailable': False, 'install_base': '/home/nayab/dev_ws/install/dbr_pubsub', 'merge_install': False, 'path': '/home/nayab/dev_ws/src/dbr_pubsub', 'symlink_install': False, 'test_result_base': None}
[0.199s] Level 5:colcon.colcon_core.verb:set package 'ether_follow_interfaces' build argument 'cmake_args' from command line to 'None'
[0.199s] Level 5:colcon.colcon_core.verb:set package 'ether_follow_interfaces' build argument 'cmake_target' from command line to 'None'
[0.199s] Level 5:colcon.colcon_core.verb:set package 'ether_follow_interfaces' build argument 'cmake_target_skip_unavailable' from command line to 'False'
[0.199s] Level 5:colcon.colcon_core.verb:set package 'ether_follow_interfaces' build argument 'cmake_clean_cache' from command line to 'False'
[0.199s] Level 5:colcon.colcon_core.verb:set package 'ether_follow_interfaces' build argument 'cmake_clean_first' from command line to 'False'
[0.199s] Level 5:colcon.colcon_core.verb:set package 'ether_follow_interfaces' build argument 'cmake_force_configure' from command line to 'False'
[0.199s] Level 5:colcon.colcon_core.verb:set package 'ether_follow_interfaces' build argument 'ament_cmake_args' from command line to 'None'
[0.199s] Level 5:colcon.colcon_core.verb:set package 'ether_follow_interfaces' build argument 'catkin_cmake_args' from command line to 'None'
[0.199s] Level 5:colcon.colcon_core.verb:set package 'ether_follow_interfaces' build argument 'catkin_skip_building_tests' from command line to 'False'
[0.199s] DEBUG:colcon.colcon_core.verb:Building package 'ether_follow_interfaces' with the following arguments: {'ament_cmake_args': None, 'build_base': '/home/nayab/dev_ws/build/ether_follow_interfaces', 'catkin_cmake_args': None, 'catkin_skip_building_tests': False, 'cmake_args': None, 'cmake_clean_cache': False, 'cmake_clean_first': False, 'cmake_force_configure': False, 'cmake_target': None, 'cmake_target_skip_unavailable': False, 'install_base': '/home/nayab/dev_ws/install/ether_follow_interfaces', 'merge_install': False, 'path': '/home/nayab/dev_ws/src/ether_follow_interfaces', 'symlink_install': False, 'test_result_base': None}
[0.200s] Level 5:colcon.colcon_core.verb:set package 'ether_follow_pubsub' build argument 'cmake_args' from command line to 'None'
[0.200s] Level 5:colcon.colcon_core.verb:set package 'ether_follow_pubsub' build argument 'cmake_target' from command line to 'None'
[0.200s] Level 5:colcon.colcon_core.verb:set package 'ether_follow_pubsub' build argument 'cmake_target_skip_unavailable' from command line to 'False'
[0.200s] Level 5:colcon.colcon_core.verb:set package 'ether_follow_pubsub' build argument 'cmake_clean_cache' from command line to 'False'
[0.200s] Level 5:colcon.colcon_core.verb:set package 'ether_follow_pubsub' build argument 'cmake_clean_first' from command line to 'False'
[0.200s] Level 5:colcon.colcon_core.verb:set package 'ether_follow_pubsub' build argument 'cmake_force_configure' from command line to 'False'
[0.200s] Level 5:colcon.colcon_core.verb:set package 'ether_follow_pubsub' build argument 'ament_cmake_args' from command line to 'None'
[0.200s] Level 5:colcon.colcon_core.verb:set package 'ether_follow_pubsub' build argument 'catkin_cmake_args' from command line to 'None'
[0.200s] Level 5:colcon.colcon_core.verb:set package 'ether_follow_pubsub' build argument 'catkin_skip_building_tests' from command line to 'False'
[0.200s] DEBUG:colcon.colcon_core.verb:Building package 'ether_follow_pubsub' with the following arguments: {'ament_cmake_args': None, 'build_base': '/home/nayab/dev_ws/build/ether_follow_pubsub', 'catkin_cmake_args': None, 'catkin_skip_building_tests': False, 'cmake_args': None, 'cmake_clean_cache': False, 'cmake_clean_first': False, 'cmake_force_configure': False, 'cmake_target': None, 'cmake_target_skip_unavailable': False, 'install_base': '/home/nayab/dev_ws/install/ether_follow_pubsub', 'merge_install': False, 'path': '/home/nayab/dev_ws/src/ether_follow_pubsub', 'symlink_install': False, 'test_result_base': None}
[0.201s] Level 5:colcon.colcon_core.verb:set package 'my_package' build argument 'cmake_args' from command line to 'None'
[0.201s] Level 5:colcon.colcon_core.verb:set package 'my_package' build argument 'cmake_target' from command line to 'None'
[0.201s] Level 5:colcon.colcon_core.verb:set package 'my_package' build argument 'cmake_target_skip_unavailable' from command line to 'False'
[0.201s] Level 5:colcon.colcon_core.verb:set package 'my_package' build argument 'cmake_clean_cache' from command line to 'False'
[0.201s] Level 5:colcon.colcon_core.verb:set package 'my_package' build argument 'cmake_clean_first' from command line to 'False'
[0.201s] Level 5:colcon.colcon_core.verb:set package 'my_package' build argument 'cmake_force_configure' from command line to 'False'
[0.201s] Level 5:colcon.colcon_core.verb:set package 'my_package' build argument 'ament_cmake_args' from command line to 'None'
[0.201s] Level 5:colcon.colcon_core.verb:set package 'my_package' build argument 'catkin_cmake_args' from command line to 'None'
[0.201s] Level 5:colcon.colcon_core.verb:set package 'my_package' build argument 'catkin_skip_building_tests' from command line to 'False'
[0.201s] DEBUG:colcon.colcon_core.verb:Building package 'my_package' with the following arguments: {'ament_cmake_args': None, 'build_base': '/home/nayab/dev_ws/build/my_package', 'catkin_cmake_args': None, 'catkin_skip_building_tests': False, 'cmake_args': None, 'cmake_clean_cache': False, 'cmake_clean_first': False, 'cmake_force_configure': False, 'cmake_target': None, 'cmake_target_skip_unavailable': False, 'install_base': '/home/nayab/dev_ws/install/my_package', 'merge_install': False, 'path': '/home/nayab/dev_ws/src/my_package', 'symlink_install': False, 'test_result_base': None}
[0.202s] Level 5:colcon.colcon_core.verb:set package 'py_pubsub' build argument 'cmake_args' from command line to 'None'
[0.202s] Level 5:colcon.colcon_core.verb:set package 'py_pubsub' build argument 'cmake_target' from command line to 'None'
[0.202s] Level 5:colcon.colcon_core.verb:set package 'py_pubsub' build argument 'cmake_target_skip_unavailable' from command line to 'False'
[0.202s] Level 5:colcon.colcon_core.verb:set package 'py_pubsub' build argument 'cmake_clean_cache' from command line to 'False'
[0.202s] Level 5:colcon.colcon_core.verb:set package 'py_pubsub' build argument 'cmake_clean_first' from command line to 'False'
[0.202s] Level 5:colcon.colcon_core.verb:set package 'py_pubsub' build argument 'cmake_force_configure' from command line to 'False'
[0.202s] Level 5:colcon.colcon_core.verb:set package 'py_pubsub' build argument 'ament_cmake_args' from command line to 'None'
[0.202s] Level 5:colcon.colcon_core.verb:set package 'py_pubsub' build argument 'catkin_cmake_args' from command line to 'None'
[0.202s] Level 5:colcon.colcon_core.verb:set package 'py_pubsub' build argument 'catkin_skip_building_tests' from command line to 'False'
[0.202s] DEBUG:colcon.colcon_core.verb:Building package 'py_pubsub' with the following arguments: {'ament_cmake_args': None, 'build_base': '/home/nayab/dev_ws/build/py_pubsub', 'catkin_cmake_args': None, 'catkin_skip_building_tests': False, 'cmake_args': None, 'cmake_clean_cache': False, 'cmake_clean_first': False, 'cmake_force_configure': False, 'cmake_target': None, 'cmake_target_skip_unavailable': False, 'install_base': '/home/nayab/dev_ws/install/py_pubsub', 'merge_install': False, 'path': '/home/nayab/dev_ws/src/py_pubsub', 'symlink_install': False, 'test_result_base': None}
[0.202s] Level 5:colcon.colcon_core.verb:set package 'rc_interfaces' build argument 'cmake_args' from command line to 'None'
[0.202s] Level 5:colcon.colcon_core.verb:set package 'rc_interfaces' build argument 'cmake_target' from command line to 'None'
[0.202s] Level 5:colcon.colcon_core.verb:set package 'rc_interfaces' build argument 'cmake_target_skip_unavailable' from command line to 'False'
[0.203s] Level 5:colcon.colcon_core.verb:set package 'rc_interfaces' build argument 'cmake_clean_cache' from command line to 'False'
[0.203s] Level 5:colcon.colcon_core.verb:set package 'rc_interfaces' build argument 'cmake_clean_first' from command line to 'False'
[0.203s] Level 5:colcon.colcon_core.verb:set package 'rc_interfaces' build argument 'cmake_force_configure' from command line to 'False'
[0.203s] Level 5:colcon.colcon_core.verb:set package 'rc_interfaces' build argument 'ament_cmake_args' from command line to 'None'
[0.203s] Level 5:colcon.colcon_core.verb:set package 'rc_interfaces' build argument 'catkin_cmake_args' from command line to 'None'
[0.203s] Level 5:colcon.colcon_core.verb:set package 'rc_interfaces' build argument 'catkin_skip_building_tests' from command line to 'False'
[0.203s] DEBUG:colcon.colcon_core.verb:Building package 'rc_interfaces' with the following arguments: {'ament_cmake_args': None, 'build_base': '/home/nayab/dev_ws/build/rc_interfaces', 'catkin_cmake_args': None, 'catkin_skip_building_tests': False, 'cmake_args': None, 'cmake_clean_cache': False, 'cmake_clean_first': False, 'cmake_force_configure': False, 'cmake_target': None, 'cmake_target_skip_unavailable': False, 'install_base': '/home/nayab/dev_ws/install/rc_interfaces', 'merge_install': False, 'path': '/home/nayab/dev_ws/src/rc_interfaces', 'symlink_install': False, 'test_result_base': None}
[0.203s] Level 5:colcon.colcon_core.verb:set package 'tutorial_interfaces' build argument 'cmake_args' from command line to 'None'
[0.203s] Level 5:colcon.colcon_core.verb:set package 'tutorial_interfaces' build argument 'cmake_target' from command line to 'None'
[0.203s] Level 5:colcon.colcon_core.verb:set package 'tutorial_interfaces' build argument 'cmake_target_skip_unavailable' from command line to 'False'
[0.203s] Level 5:colcon.colcon_core.verb:set package 'tutorial_interfaces' build argument 'cmake_clean_cache' from command line to 'False'
[0.203s] Level 5:colcon.colcon_core.verb:set package 'tutorial_interfaces' build argument 'cmake_clean_first' from command line to 'False'
[0.204s] Level 5:colcon.colcon_core.verb:set package 'tutorial_interfaces' build argument 'cmake_force_configure' from command line to 'False'
[0.204s] Level 5:colcon.colcon_core.verb:set package 'tutorial_interfaces' build argument 'ament_cmake_args' from command line to 'None'
[0.204s] Level 5:colcon.colcon_core.verb:set package 'tutorial_interfaces' build argument 'catkin_cmake_args' from command line to 'None'
[0.204s] Level 5:colcon.colcon_core.verb:set package 'tutorial_interfaces' build argument 'catkin_skip_building_tests' from command line to 'False'
[0.204s] DEBUG:colcon.colcon_core.verb:Building package 'tutorial_interfaces' with the following arguments: {'ament_cmake_args': None, 'build_base': '/home/nayab/dev_ws/build/tutorial_interfaces', 'catkin_cmake_args': None, 'catkin_skip_building_tests': False, 'cmake_args': None, 'cmake_clean_cache': False, 'cmake_clean_first': False, 'cmake_force_configure': False, 'cmake_target': None, 'cmake_target_skip_unavailable': False, 'install_base': '/home/nayab/dev_ws/install/tutorial_interfaces', 'merge_install': False, 'path': '/home/nayab/dev_ws/src/tutorial_interfaces', 'symlink_install': False, 'test_result_base': None}
[0.207s] INFO:colcon.colcon_core.executor:Executing jobs using 'parallel' executor
[0.209s] DEBUG:colcon.colcon_parallel_executor.executor.parallel:run_until_complete
[0.209s] INFO:colcon.colcon_ros.task.ament_cmake.build:Building ROS package in '/home/nayab/dev_ws/src/abds_core_common' with build type 'ament_cmake'
[0.210s] INFO:colcon.colcon_cmake.task.cmake.build:Building CMake package in '/home/nayab/dev_ws/src/abds_core_common'
[0.213s] INFO:colcon.colcon_core.plugin_system:Skipping extension 'colcon_core.shell.bat': Not used on non-Windows systems
[0.213s] INFO:colcon.colcon_core.shell:Skip shell extension 'powershell' for command environment: Not usable outside of PowerShell
[0.214s] DEBUG:colcon.colcon_core.shell:Skip shell extension 'dsv' for command environment
[0.215s] DEBUG:colcon.colcon_core.shell:Ignoring prefix path '/home/nayab/project_ws/devel'
[0.216s] DEBUG:colcon.colcon_core.shell:Ignoring prefix path '/opt/ros/noetic'
[0.218s] INFO:colcon.colcon_ros.task.ament_python.build:Building ROS package in '/home/nayab/dev_ws/src/dbr_pubsub' with build type 'ament_python'
[0.219s] Level 1:colcon.colcon_core.shell:create_environment_hook('dbr_pubsub', 'ament_prefix_path')
[0.220s] INFO:colcon.colcon_core.shell:Creating environment hook '/home/nayab/dev_ws/install/dbr_pubsub/share/dbr_pubsub/hook/ament_prefix_path.ps1'
[0.220s] INFO:colcon.colcon_core.shell:Creating environment descriptor '/home/nayab/dev_ws/install/dbr_pubsub/share/dbr_pubsub/hook/ament_prefix_path.dsv'
[0.221s] INFO:colcon.colcon_core.shell:Creating environment hook '/home/nayab/dev_ws/install/dbr_pubsub/share/dbr_pubsub/hook/ament_prefix_path.sh'
[0.222s] INFO:colcon.colcon_core.shell:Skip shell extension 'powershell' for command environment: Not usable outside of PowerShell
[0.222s] DEBUG:colcon.colcon_core.shell:Skip shell extension 'dsv' for command environment
[0.224s] DEBUG:colcon.colcon_core.shell:Ignoring prefix path '/home/nayab/project_ws/devel'
[0.224s] DEBUG:colcon.colcon_core.shell:Ignoring prefix path '/opt/ros/noetic'
[0.227s] INFO:colcon.colcon_ros.task.ament_cmake.build:Building ROS package in '/home/nayab/dev_ws/src/ether_follow_interfaces' with build type 'ament_cmake'
[0.227s] INFO:colcon.colcon_cmake.task.cmake.build:Building CMake package in '/home/nayab/dev_ws/src/ether_follow_interfaces'
[0.228s] INFO:colcon.colcon_core.shell:Skip shell extension 'powershell' for command environment: Not usable outside of PowerShell
[0.228s] DEBUG:colcon.colcon_core.shell:Skip shell extension 'dsv' for command environment
[0.230s] DEBUG:colcon.colcon_core.shell:Ignoring prefix path '/home/nayab/project_ws/devel'
[0.230s] DEBUG:colcon.colcon_core.shell:Ignoring prefix path '/opt/ros/noetic'
[0.233s] INFO:colcon.colcon_ros.task.ament_python.build:Building ROS package in '/home/nayab/dev_ws/src/ether_follow_pubsub' with build type 'ament_python'
[0.233s] Level 1:colcon.colcon_core.shell:create_environment_hook('ether_follow_pubsub', 'ament_prefix_path')
[0.234s] INFO:colcon.colcon_core.shell:Creating environment hook '/home/nayab/dev_ws/install/ether_follow_pubsub/share/ether_follow_pubsub/hook/ament_prefix_path.ps1'
[0.235s] INFO:colcon.colcon_core.shell:Creating environment descriptor '/home/nayab/dev_ws/install/ether_follow_pubsub/share/ether_follow_pubsub/hook/ament_prefix_path.dsv'
[0.235s] INFO:colcon.colcon_core.shell:Creating environment hook '/home/nayab/dev_ws/install/ether_follow_pubsub/share/ether_follow_pubsub/hook/ament_prefix_path.sh'
[0.236s] INFO:colcon.colcon_core.shell:Skip shell extension 'powershell' for command environment: Not usable outside of PowerShell
[0.236s] DEBUG:colcon.colcon_core.shell:Skip shell extension 'dsv' for command environment
[0.238s] DEBUG:colcon.colcon_core.shell:Ignoring prefix path '/home/nayab/project_ws/devel'
[0.239s] DEBUG:colcon.colcon_core.shell:Ignoring prefix path '/opt/ros/noetic'
[0.247s] DEBUG:colcon.colcon_core.event_handler.log_command:Invoking command in '/home/nayab/dev_ws/build/abds_core_common': CMAKE_PREFIX_PATH=/opt/ros/foxy:${CMAKE_PREFIX_PATH} /usr/bin/cmake --build /home/nayab/dev_ws/build/abds_core_common -- -j4 -l4
[0.519s] INFO:colcon.colcon_core.task.python.build:Building Python package in '/home/nayab/dev_ws/src/dbr_pubsub'
[0.520s] INFO:colcon.colcon_core.shell:Skip shell extension 'powershell' for command environment: Not usable outside of PowerShell
[0.520s] DEBUG:colcon.colcon_core.shell:Skip shell extension 'dsv' for command environment
[0.522s] DEBUG:colcon.colcon_core.shell:Ignoring prefix path '/home/nayab/project_ws/devel'
[0.523s] DEBUG:colcon.colcon_core.shell:Ignoring prefix path '/opt/ros/noetic'
[0.531s] DEBUG:colcon.colcon_core.event_handler.log_command:Invoking command in '/home/nayab/dev_ws/build/ether_follow_interfaces': CMAKE_PREFIX_PATH=/opt/ros/foxy:${CMAKE_PREFIX_PATH} /usr/bin/cmake --build /home/nayab/dev_ws/build/ether_follow_interfaces -- -j4 -l4
[0.796s] INFO:colcon.colcon_core.task.python.build:Building Python package in '/home/nayab/dev_ws/src/ether_follow_pubsub'
[0.797s] INFO:colcon.colcon_core.shell:Skip shell extension 'powershell' for command environment: Not usable outside of PowerShell
[0.797s] DEBUG:colcon.colcon_core.shell:Skip shell extension 'dsv' for command environment
[0.800s] DEBUG:colcon.colcon_core.shell:Ignoring prefix path '/home/nayab/project_ws/devel'
[0.800s] DEBUG:colcon.colcon_core.shell:Ignoring prefix path '/opt/ros/noetic'
[0.814s] DEBUG:colcon.colcon_core.event_handler.log_command:Invoked command in '/home/nayab/dev_ws/build/abds_core_common' returned '0': CMAKE_PREFIX_PATH=/opt/ros/foxy:${CMAKE_PREFIX_PATH} /usr/bin/cmake --build /home/nayab/dev_ws/build/abds_core_common -- -j4 -l4
[0.815s] DEBUG:colcon.colcon_core.event_handler.log_command:Invoked command in '/home/nayab/dev_ws/build/ether_follow_interfaces' returned '0': CMAKE_PREFIX_PATH=/opt/ros/foxy:${CMAKE_PREFIX_PATH} /usr/bin/cmake --build /home/nayab/dev_ws/build/ether_follow_interfaces -- -j4 -l4
[0.890s] DEBUG:colcon.colcon_core.event_handler.log_command:Invoking command in '/home/nayab/dev_ws/build/ether_follow_interfaces': CMAKE_PREFIX_PATH=/opt/ros/foxy:${CMAKE_PREFIX_PATH} /usr/bin/cmake --install /home/nayab/dev_ws/build/ether_follow_interfaces
[0.950s] Level 1:colcon.colcon_core.environment:create_environment_scripts_only(ether_follow_interfaces)
[0.955s] Level 1:colcon.colcon_core.environment:checking '/home/nayab/dev_ws/install/ether_follow_interfaces' for CMake module files
[0.955s] Level 1:colcon.colcon_core.environment:checking '/home/nayab/dev_ws/install/ether_follow_interfaces' for CMake config files
[0.955s] Level 1:colcon.colcon_core.shell:create_environment_hook('ether_follow_interfaces', 'cmake_prefix_path')
[0.956s] INFO:colcon.colcon_core.shell:Creating environment hook '/home/nayab/dev_ws/install/ether_follow_interfaces/share/ether_follow_interfaces/hook/cmake_prefix_path.ps1'
[0.957s] DEBUG:colcon.colcon_core.event_handler.log_command:Invoked command in '/home/nayab/dev_ws/build/ether_follow_interfaces' returned '0': CMAKE_PREFIX_PATH=/opt/ros/foxy:${CMAKE_PREFIX_PATH} /usr/bin/cmake --install /home/nayab/dev_ws/build/ether_follow_interfaces
[0.958s] INFO:colcon.colcon_core.shell:Creating environment descriptor '/home/nayab/dev_ws/install/ether_follow_interfaces/share/ether_follow_interfaces/hook/cmake_prefix_path.dsv'
[0.958s] INFO:colcon.colcon_core.shell:Creating environment hook '/home/nayab/dev_ws/install/ether_follow_interfaces/share/ether_follow_interfaces/hook/cmake_prefix_path.sh'
[0.959s] Level 1:colcon.colcon_core.environment:checking '/home/nayab/dev_ws/install/ether_follow_interfaces/lib'
[0.959s] Level 1:colcon.colcon_core.shell:create_environment_hook('ether_follow_interfaces', 'ld_library_path_lib')
[0.960s] INFO:colcon.colcon_core.shell:Creating environment hook '/home/nayab/dev_ws/install/ether_follow_interfaces/share/ether_follow_interfaces/hook/ld_library_path_lib.ps1'
[0.961s] INFO:colcon.colcon_core.shell:Creating environment descriptor '/home/nayab/dev_ws/install/ether_follow_interfaces/share/ether_follow_interfaces/hook/ld_library_path_lib.dsv'
[0.961s] INFO:colcon.colcon_core.shell:Creating environment hook '/home/nayab/dev_ws/install/ether_follow_interfaces/share/ether_follow_interfaces/hook/ld_library_path_lib.sh'
[0.961s] Level 1:colcon.colcon_core.environment:checking '/home/nayab/dev_ws/install/ether_follow_interfaces/bin'
[0.961s] Level 1:colcon.colcon_core.environment:checking '/home/nayab/dev_ws/install/ether_follow_interfaces/lib/pkgconfig/ether_follow_interfaces.pc'
[0.962s] Level 1:colcon.colcon_core.environment:checking '/home/nayab/dev_ws/install/ether_follow_interfaces/lib/python3.8/site-packages'
[0.962s] Level 1:colcon.colcon_core.shell:create_environment_hook('ether_follow_interfaces', 'pythonpath')
[0.962s] INFO:colcon.colcon_core.shell:Creating environment hook '/home/nayab/dev_ws/install/ether_follow_interfaces/share/ether_follow_interfaces/hook/pythonpath.ps1'
[0.963s] INFO:colcon.colcon_core.shell:Creating environment descriptor '/home/nayab/dev_ws/install/ether_follow_interfaces/share/ether_follow_interfaces/hook/pythonpath.dsv'
[0.963s] INFO:colcon.colcon_core.shell:Creating environment hook '/home/nayab/dev_ws/install/ether_follow_interfaces/share/ether_follow_interfaces/hook/pythonpath.sh'
[0.967s] INFO:colcon.colcon_core.shell:Creating package script '/home/nayab/dev_ws/install/ether_follow_interfaces/share/ether_follow_interfaces/package.ps1'
[0.967s] INFO:colcon.colcon_core.shell:Creating package descriptor '/home/nayab/dev_ws/install/ether_follow_interfaces/share/ether_follow_interfaces/package.dsv'
[0.969s] INFO:colcon.colcon_core.shell:Creating package script '/home/nayab/dev_ws/install/ether_follow_interfaces/share/ether_follow_interfaces/package.sh'
[0.970s] INFO:colcon.colcon_core.shell:Creating package script '/home/nayab/dev_ws/install/ether_follow_interfaces/share/ether_follow_interfaces/package.bash'
[0.971s] INFO:colcon.colcon_core.shell:Creating package script '/home/nayab/dev_ws/install/ether_follow_interfaces/share/ether_follow_interfaces/package.zsh'
[0.971s] Level 1:colcon.colcon_core.environment:create_file_with_runtime_dependencies(/home/nayab/dev_ws/install/ether_follow_interfaces/share/colcon-core/packages/ether_follow_interfaces)
[1.027s] Level 1:colcon.colcon_core.environment:create_environment_scripts_only(ether_follow_interfaces)
[1.028s] Level 1:colcon.colcon_core.environment:checking '/home/nayab/dev_ws/install/ether_follow_interfaces' for CMake module files
[1.029s] Level 1:colcon.colcon_core.environment:checking '/home/nayab/dev_ws/install/ether_follow_interfaces' for CMake config files
[1.029s] Level 1:colcon.colcon_core.shell:create_environment_hook('ether_follow_interfaces', 'cmake_prefix_path')
[1.029s] INFO:colcon.colcon_core.shell:Creating environment hook '/home/nayab/dev_ws/install/ether_follow_interfaces/share/ether_follow_interfaces/hook/cmake_prefix_path.ps1'
[1.030s] INFO:colcon.colcon_core.shell:Creating environment descriptor '/home/nayab/dev_ws/install/ether_follow_interfaces/share/ether_follow_interfaces/hook/cmake_prefix_path.dsv'
[1.030s] INFO:colcon.colcon_core.shell:Creating environment hook '/home/nayab/dev_ws/install/ether_follow_interfaces/share/ether_follow_interfaces/hook/cmake_prefix_path.sh'
[1.031s] Level 1:colcon.colcon_core.environment:checking '/home/nayab/dev_ws/install/ether_follow_interfaces/lib'
[1.031s] Level 1:colcon.colcon_core.shell:create_environment_hook('ether_follow_interfaces', 'ld_library_path_lib')
[1.032s] INFO:colcon.colcon_core.shell:Creating environment hook '/home/nayab/dev_ws/install/ether_follow_interfaces/share/ether_follow_interfaces/hook/ld_library_path_lib.ps1'
[1.032s] INFO:colcon.colcon_core.shell:Creating environment descriptor '/home/nayab/dev_ws/install/ether_follow_interfaces/share/ether_follow_interfaces/hook/ld_library_path_lib.dsv'
[1.033s] INFO:colcon.colcon_core.shell:Creating environment hook '/home/nayab/dev_ws/install/ether_follow_interfaces/share/ether_follow_interfaces/hook/ld_library_path_lib.sh'
[1.033s] Level 1:colcon.colcon_core.environment:checking '/home/nayab/dev_ws/install/ether_follow_interfaces/bin'
[1.033s] Level 1:colcon.colcon_core.environment:checking '/home/nayab/dev_ws/install/ether_follow_interfaces/lib/pkgconfig/ether_follow_interfaces.pc'
[1.033s] Level 1:colcon.colcon_core.environment:checking '/home/nayab/dev_ws/install/ether_follow_interfaces/lib/python3.8/site-packages'
[1.033s] Level 1:colcon.colcon_core.shell:create_environment_hook('ether_follow_interfaces', 'pythonpath')
[1.034s] INFO:colcon.colcon_core.shell:Creating environment hook '/home/nayab/dev_ws/install/ether_follow_interfaces/share/ether_follow_interfaces/hook/pythonpath.ps1'
[1.034s] INFO:colcon.colcon_core.shell:Creating environment descriptor '/home/nayab/dev_ws/install/ether_follow_interfaces/share/ether_follow_interfaces/hook/pythonpath.dsv'
[1.035s] INFO:colcon.colcon_core.shell:Creating environment hook '/home/nayab/dev_ws/install/ether_follow_interfaces/share/ether_follow_interfaces/hook/pythonpath.sh'
[1.036s] INFO:colcon.colcon_core.shell:Creating package script '/home/nayab/dev_ws/install/ether_follow_interfaces/share/ether_follow_interfaces/package.ps1'
[1.036s] INFO:colcon.colcon_core.shell:Creating package descriptor '/home/nayab/dev_ws/install/ether_follow_interfaces/share/ether_follow_interfaces/package.dsv'
[1.037s] INFO:colcon.colcon_core.shell:Creating package script '/home/nayab/dev_ws/install/ether_follow_interfaces/share/ether_follow_interfaces/package.sh'
[1.039s] INFO:colcon.colcon_core.shell:Creating package script '/home/nayab/dev_ws/install/ether_follow_interfaces/share/ether_follow_interfaces/package.bash'
[1.040s] INFO:colcon.colcon_core.shell:Creating package script '/home/nayab/dev_ws/install/ether_follow_interfaces/share/ether_follow_interfaces/package.zsh'
[1.040s] Level 1:colcon.colcon_core.environment:create_file_with_runtime_dependencies(/home/nayab/dev_ws/install/ether_follow_interfaces/share/colcon-core/packages/ether_follow_interfaces)
[1.042s] INFO:colcon.colcon_ros.task.ament_python.build:Building ROS package in '/home/nayab/dev_ws/src/my_package' with build type 'ament_python'
[1.042s] Level 1:colcon.colcon_core.shell:create_environment_hook('my_package', 'ament_prefix_path')
[1.043s] INFO:colcon.colcon_core.shell:Creating environment hook '/home/nayab/dev_ws/install/my_package/share/my_package/hook/ament_prefix_path.ps1'
[1.043s] INFO:colcon.colcon_core.shell:Creating environment descriptor '/home/nayab/dev_ws/install/my_package/share/my_package/hook/ament_prefix_path.dsv'
[1.043s] INFO:colcon.colcon_core.shell:Creating environment hook '/home/nayab/dev_ws/install/my_package/share/my_package/hook/ament_prefix_path.sh'
[1.044s] INFO:colcon.colcon_core.shell:Skip shell extension 'powershell' for command environment: Not usable outside of PowerShell
[1.045s] DEBUG:colcon.colcon_core.shell:Skip shell extension 'dsv' for command environment
[1.047s] DEBUG:colcon.colcon_core.shell:Ignoring prefix path '/home/nayab/project_ws/devel'
[1.048s] DEBUG:colcon.colcon_core.shell:Ignoring prefix path '/opt/ros/noetic'
[1.320s] INFO:colcon.colcon_core.task.python.build:Building Python package in '/home/nayab/dev_ws/src/my_package'
[1.321s] INFO:colcon.colcon_core.shell:Skip shell extension 'powershell' for command environment: Not usable outside of PowerShell
[1.321s] DEBUG:colcon.colcon_core.shell:Skip shell extension 'dsv' for command environment
[1.323s] DEBUG:colcon.colcon_core.shell:Ignoring prefix path '/home/nayab/project_ws/devel'
[1.324s] DEBUG:colcon.colcon_core.shell:Ignoring prefix path '/opt/ros/noetic'
[1.330s] DEBUG:colcon.colcon_core.event_handler.log_command:Invoking command in '/home/nayab/dev_ws/build/abds_core_common': CMAKE_PREFIX_PATH=/opt/ros/foxy:${CMAKE_PREFIX_PATH} /usr/bin/cmake --install /home/nayab/dev_ws/build/abds_core_common
[1.337s] DEBUG:colcon.colcon_core.event_handler.log_command:Invoking command in '/home/nayab/dev_ws/src/dbr_pubsub': PYTHONPATH=/home/nayab/dev_ws/install/dbr_pubsub/lib/python3.8/site-packages:${PYTHONPATH} /usr/bin/python3 setup.py egg_info --egg-base ../../build/dbr_pubsub build --build-base /home/nayab/dev_ws/build/dbr_pubsub/build install --prefix /home/nayab/dev_ws/install/dbr_pubsub --record /home/nayab/dev_ws/build/dbr_pubsub/install.log --single-version-externally-managed
[1.338s] DEBUG:colcon.colcon_core.event_handler.log_command:Invoking command in '/home/nayab/dev_ws/src/ether_follow_pubsub': PYTHONPATH=/home/nayab/dev_ws/install/ether_follow_pubsub/lib/python3.8/site-packages:${PYTHONPATH} /usr/bin/python3 setup.py egg_info --egg-base ../../build/ether_follow_pubsub build --build-base /home/nayab/dev_ws/build/ether_follow_pubsub/build install --prefix /home/nayab/dev_ws/install/ether_follow_pubsub --record /home/nayab/dev_ws/build/ether_follow_pubsub/install.log --single-version-externally-managed
[1.425s] Level 1:colcon.colcon_core.environment:create_environment_scripts_only(abds_core_common)
[1.426s] Level 1:colcon.colcon_core.environment:checking '/home/nayab/dev_ws/install/abds_core_common' for CMake module files
[1.427s] DEBUG:colcon.colcon_core.event_handler.log_command:Invoked command in '/home/nayab/dev_ws/build/abds_core_common' returned '0': CMAKE_PREFIX_PATH=/opt/ros/foxy:${CMAKE_PREFIX_PATH} /usr/bin/cmake --install /home/nayab/dev_ws/build/abds_core_common
[1.427s] Level 1:colcon.colcon_core.environment:checking '/home/nayab/dev_ws/install/abds_core_common' for CMake config files
[1.428s] Level 1:colcon.colcon_core.shell:create_environment_hook('abds_core_common', 'cmake_prefix_path')
[1.428s] INFO:colcon.colcon_core.shell:Creating environment hook '/home/nayab/dev_ws/install/abds_core_common/share/abds_core_common/hook/cmake_prefix_path.ps1'
[1.429s] INFO:colcon.colcon_core.shell:Creating environment descriptor '/home/nayab/dev_ws/install/abds_core_common/share/abds_core_common/hook/cmake_prefix_path.dsv'
[1.429s] INFO:colcon.colcon_core.shell:Creating environment hook '/home/nayab/dev_ws/install/abds_core_common/share/abds_core_common/hook/cmake_prefix_path.sh'
[1.430s] Level 1:colcon.colcon_core.environment:checking '/home/nayab/dev_ws/install/abds_core_common/lib'
[1.430s] Level 1:colcon.colcon_core.shell:create_environment_hook('abds_core_common', 'ld_library_path_lib')
[1.431s] INFO:colcon.colcon_core.shell:Creating environment hook '/home/nayab/dev_ws/install/abds_core_common/share/abds_core_common/hook/ld_library_path_lib.ps1'
[1.431s] INFO:colcon.colcon_core.shell:Creating environment descriptor '/home/nayab/dev_ws/install/abds_core_common/share/abds_core_common/hook/ld_library_path_lib.dsv'
[1.432s] INFO:colcon.colcon_core.shell:Creating environment hook '/home/nayab/dev_ws/install/abds_core_common/share/abds_core_common/hook/ld_library_path_lib.sh'
[1.432s] Level 1:colcon.colcon_core.environment:checking '/home/nayab/dev_ws/install/abds_core_common/bin'
[1.432s] Level 1:colcon.colcon_core.environment:checking '/home/nayab/dev_ws/install/abds_core_common/lib/pkgconfig/abds_core_common.pc'
[1.432s] Level 1:colcon.colcon_core.environment:checking '/home/nayab/dev_ws/install/abds_core_common/lib/python3.8/site-packages'
[1.432s] Level 1:colcon.colcon_core.shell:create_environment_hook('abds_core_common', 'pythonpath')
[1.433s] INFO:colcon.colcon_core.shell:Creating environment hook '/home/nayab/dev_ws/install/abds_core_common/share/abds_core_common/hook/pythonpath.ps1'
[1.433s] INFO:colcon.colcon_core.shell:Creating environment descriptor '/home/nayab/dev_ws/install/abds_core_common/share/abds_core_common/hook/pythonpath.dsv'
[1.434s] INFO:colcon.colcon_core.shell:Creating environment hook '/home/nayab/dev_ws/install/abds_core_common/share/abds_core_common/hook/pythonpath.sh'
[1.434s] INFO:colcon.colcon_core.shell:Creating package script '/home/nayab/dev_ws/install/abds_core_common/share/abds_core_common/package.ps1'
[1.435s] INFO:colcon.colcon_core.shell:Creating package descriptor '/home/nayab/dev_ws/install/abds_core_common/share/abds_core_common/package.dsv'
[1.436s] INFO:colcon.colcon_core.shell:Creating package script '/home/nayab/dev_ws/install/abds_core_common/share/abds_core_common/package.sh'
[1.444s] INFO:colcon.colcon_core.shell:Creating package script '/home/nayab/dev_ws/install/abds_core_common/share/abds_core_common/package.bash'
[1.445s] INFO:colcon.colcon_core.shell:Creating package script '/home/nayab/dev_ws/install/abds_core_common/share/abds_core_common/package.zsh'
[1.445s] Level 1:colcon.colcon_core.environment:create_file_with_runtime_dependencies(/home/nayab/dev_ws/install/abds_core_common/share/colcon-core/packages/abds_core_common)
[1.701s] Level 1:colcon.colcon_core.environment:checking '/home/nayab/dev_ws/install/dbr_pubsub' for CMake module files
[1.701s] DEBUG:colcon.colcon_core.event_handler.log_command:Invoked command in '/home/nayab/dev_ws/src/dbr_pubsub' returned '0': PYTHONPATH=/home/nayab/dev_ws/install/dbr_pubsub/lib/python3.8/site-packages:${PYTHONPATH} /usr/bin/python3 setup.py egg_info --egg-base ../../build/dbr_pubsub build --build-base /home/nayab/dev_ws/build/dbr_pubsub/build install --prefix /home/nayab/dev_ws/install/dbr_pubsub --record /home/nayab/dev_ws/build/dbr_pubsub/install.log --single-version-externally-managed
[1.703s] Level 1:colcon.colcon_core.environment:checking '/home/nayab/dev_ws/install/dbr_pubsub' for CMake config files
[1.703s] Level 1:colcon.colcon_core.environment:checking '/home/nayab/dev_ws/install/dbr_pubsub/lib'
[1.704s] Level 1:colcon.colcon_core.environment:checking '/home/nayab/dev_ws/install/dbr_pubsub/bin'
[1.704s] Level 1:colcon.colcon_core.environment:checking '/home/nayab/dev_ws/install/dbr_pubsub/lib/pkgconfig/dbr_pubsub.pc'
[1.704s] Level 1:colcon.colcon_core.environment:checking '/home/nayab/dev_ws/install/dbr_pubsub/lib/python3.8/site-packages'
[1.704s] Level 1:colcon.colcon_core.shell:create_environment_hook('dbr_pubsub', 'pythonpath')
[1.705s] INFO:colcon.colcon_core.shell:Creating environment hook '/home/nayab/dev_ws/install/dbr_pubsub/share/dbr_pubsub/hook/pythonpath.ps1'
[1.705s] INFO:colcon.colcon_core.shell:Creating environment descriptor '/home/nayab/dev_ws/install/dbr_pubsub/share/dbr_pubsub/hook/pythonpath.dsv'
[1.706s] INFO:colcon.colcon_core.shell:Creating environment hook '/home/nayab/dev_ws/install/dbr_pubsub/share/dbr_pubsub/hook/pythonpath.sh'
[1.706s] Level 1:colcon.colcon_core.environment:create_environment_scripts_only(dbr_pubsub)
[1.707s] INFO:colcon.colcon_core.shell:Creating package script '/home/nayab/dev_ws/install/dbr_pubsub/share/dbr_pubsub/package.ps1'
[1.707s] INFO:colcon.colcon_core.shell:Creating package descriptor '/home/nayab/dev_ws/install/dbr_pubsub/share/dbr_pubsub/package.dsv'
[1.708s] INFO:colcon.colcon_core.shell:Creating package script '/home/nayab/dev_ws/install/dbr_pubsub/share/dbr_pubsub/package.sh'
[1.708s] INFO:colcon.colcon_core.shell:Creating package script '/home/nayab/dev_ws/install/dbr_pubsub/share/dbr_pubsub/package.bash'
[1.709s] INFO:colcon.colcon_core.shell:Creating package script '/home/nayab/dev_ws/install/dbr_pubsub/share/dbr_pubsub/package.zsh'
[1.709s] Level 1:colcon.colcon_core.environment:create_file_with_runtime_dependencies(/home/nayab/dev_ws/install/dbr_pubsub/share/colcon-core/packages/dbr_pubsub)
[1.710s] INFO:colcon.colcon_ros.task.ament_python.build:Building ROS package in '/home/nayab/dev_ws/src/py_pubsub' with build type 'ament_python'
[1.710s] Level 1:colcon.colcon_core.shell:create_environment_hook('py_pubsub', 'ament_prefix_path')
[1.711s] INFO:colcon.colcon_core.shell:Creating environment hook '/home/nayab/dev_ws/install/py_pubsub/share/py_pubsub/hook/ament_prefix_path.ps1'
[1.712s] INFO:colcon.colcon_core.shell:Creating environment descriptor '/home/nayab/dev_ws/install/py_pubsub/share/py_pubsub/hook/ament_prefix_path.dsv'
[1.712s] INFO:colcon.colcon_core.shell:Creating environment hook '/home/nayab/dev_ws/install/py_pubsub/share/py_pubsub/hook/ament_prefix_path.sh'
[1.713s] INFO:colcon.colcon_core.shell:Skip shell extension 'powershell' for command environment: Not usable outside of PowerShell
[1.713s] DEBUG:colcon.colcon_core.shell:Skip shell extension 'dsv' for command environment
[1.716s] DEBUG:colcon.colcon_core.shell:Ignoring prefix path '/home/nayab/project_ws/devel'
[1.716s] DEBUG:colcon.colcon_core.shell:Ignoring prefix path '/opt/ros/noetic'
[1.721s] Level 1:colcon.colcon_core.environment:create_environment_scripts_only(abds_core_common)
[1.723s] Level 1:colcon.colcon_core.environment:checking '/home/nayab/dev_ws/install/abds_core_common' for CMake module files
[1.723s] Level 1:colcon.colcon_core.environment:checking '/home/nayab/dev_ws/install/abds_core_common' for CMake config files
[1.724s] Level 1:colcon.colcon_core.shell:create_environment_hook('abds_core_common', 'cmake_prefix_path')
[1.724s] INFO:colcon.colcon_core.shell:Creating environment hook '/home/nayab/dev_ws/install/abds_core_common/share/abds_core_common/hook/cmake_prefix_path.ps1'
[1.725s] INFO:colcon.colcon_core.shell:Creating environment descriptor '/home/nayab/dev_ws/install/abds_core_common/share/abds_core_common/hook/cmake_prefix_path.dsv'
[1.726s] INFO:colcon.colcon_core.shell:Creating environment hook '/home/nayab/dev_ws/install/abds_core_common/share/abds_core_common/hook/cmake_prefix_path.sh'
[1.726s] Level 1:colcon.colcon_core.environment:checking '/home/nayab/dev_ws/install/abds_core_common/lib'
[1.726s] Level 1:colcon.colcon_core.shell:create_environment_hook('abds_core_common', 'ld_library_path_lib')
[1.727s] INFO:colcon.colcon_core.shell:Creating environment hook '/home/nayab/dev_ws/install/abds_core_common/share/abds_core_common/hook/ld_library_path_lib.ps1'
[1.727s] INFO:colcon.colcon_core.shell:Creating environment descriptor '/home/nayab/dev_ws/install/abds_core_common/share/abds_core_common/hook/ld_library_path_lib.dsv'
[1.728s] INFO:colcon.colcon_core.shell:Creating environment hook '/home/nayab/dev_ws/install/abds_core_common/share/abds_core_common/hook/ld_library_path_lib.sh'
[1.729s] Level 1:colcon.colcon_core.environment:checking '/home/nayab/dev_ws/install/abds_core_common/bin'
[1.729s] Level 1:colcon.colcon_core.environment:checking '/home/nayab/dev_ws/install/abds_core_common/lib/pkgconfig/abds_core_common.pc'
[1.729s] Level 1:colcon.colcon_core.environment:checking '/home/nayab/dev_ws/install/abds_core_common/lib/python3.8/site-packages'
[1.729s] Level 1:colcon.colcon_core.shell:create_environment_hook('abds_core_common', 'pythonpath')
[1.730s] INFO:colcon.colcon_core.shell:Creating environment hook '/home/nayab/dev_ws/install/abds_core_common/share/abds_core_common/hook/pythonpath.ps1'
[1.730s] INFO:colcon.colcon_core.shell:Creating environment descriptor '/home/nayab/dev_ws/install/abds_core_common/share/abds_core_common/hook/pythonpath.dsv'
[1.730s] INFO:colcon.colcon_core.shell:Creating environment hook '/home/nayab/dev_ws/install/abds_core_common/share/abds_core_common/hook/pythonpath.sh'
[1.731s] INFO:colcon.colcon_core.shell:Creating package script '/home/nayab/dev_ws/install/abds_core_common/share/abds_core_common/package.ps1'
[1.732s] INFO:colcon.colcon_core.shell:Creating package descriptor '/home/nayab/dev_ws/install/abds_core_common/share/abds_core_common/package.dsv'
[1.732s] INFO:colcon.colcon_core.shell:Creating package script '/home/nayab/dev_ws/install/abds_core_common/share/abds_core_common/package.sh'
[1.733s] INFO:colcon.colcon_core.shell:Creating package script '/home/nayab/dev_ws/install/abds_core_common/share/abds_core_common/package.bash'
[1.733s] INFO:colcon.colcon_core.shell:Creating package script '/home/nayab/dev_ws/install/abds_core_common/share/abds_core_common/package.zsh'
[1.734s] Level 1:colcon.colcon_core.environment:create_file_with_runtime_dependencies(/home/nayab/dev_ws/install/abds_core_common/share/colcon-core/packages/abds_core_common)
[1.735s] INFO:colcon.colcon_ros.task.ament_cmake.build:Building ROS package in '/home/nayab/dev_ws/src/rc_interfaces' with build type 'ament_cmake'
[1.735s] INFO:colcon.colcon_cmake.task.cmake.build:Building CMake package in '/home/nayab/dev_ws/src/rc_interfaces'
[1.736s] INFO:colcon.colcon_core.shell:Skip shell extension 'powershell' for command environment: Not usable outside of PowerShell
[1.736s] DEBUG:colcon.colcon_core.shell:Skip shell extension 'dsv' for command environment
[1.738s] DEBUG:colcon.colcon_core.shell:Ignoring prefix path '/home/nayab/project_ws/devel'
[1.739s] DEBUG:colcon.colcon_core.shell:Ignoring prefix path '/opt/ros/noetic'
[1.743s] Level 1:colcon.colcon_core.environment:checking '/home/nayab/dev_ws/install/ether_follow_pubsub' for CMake module files
[1.744s] DEBUG:colcon.colcon_core.event_handler.log_command:Invoked command in '/home/nayab/dev_ws/src/ether_follow_pubsub' returned '0': PYTHONPATH=/home/nayab/dev_ws/install/ether_follow_pubsub/lib/python3.8/site-packages:${PYTHONPATH} /usr/bin/python3 setup.py egg_info --egg-base ../../build/ether_follow_pubsub build --build-base /home/nayab/dev_ws/build/ether_follow_pubsub/build install --prefix /home/nayab/dev_ws/install/ether_follow_pubsub --record /home/nayab/dev_ws/build/ether_follow_pubsub/install.log --single-version-externally-managed
[1.745s] Level 1:colcon.colcon_core.environment:checking '/home/nayab/dev_ws/install/ether_follow_pubsub' for CMake config files
[1.745s] Level 1:colcon.colcon_core.environment:checking '/home/nayab/dev_ws/install/ether_follow_pubsub/lib'
[1.745s] Level 1:colcon.colcon_core.environment:checking '/home/nayab/dev_ws/install/ether_follow_pubsub/bin'
[1.746s] Level 1:colcon.colcon_core.environment:checking '/home/nayab/dev_ws/install/ether_follow_pubsub/lib/pkgconfig/ether_follow_pubsub.pc'
[1.746s] Level 1:colcon.colcon_core.environment:checking '/home/nayab/dev_ws/install/ether_follow_pubsub/lib/python3.8/site-packages'
[1.746s] Level 1:colcon.colcon_core.shell:create_environment_hook('ether_follow_pubsub', 'pythonpath')
[1.746s] INFO:colcon.colcon_core.shell:Creating environment hook '/home/nayab/dev_ws/install/ether_follow_pubsub/share/ether_follow_pubsub/hook/pythonpath.ps1'
[1.747s] INFO:colcon.colcon_core.shell:Creating environment descriptor '/home/nayab/dev_ws/install/ether_follow_pubsub/share/ether_follow_pubsub/hook/pythonpath.dsv'
[1.747s] INFO:colcon.colcon_core.shell:Creating environment hook '/home/nayab/dev_ws/install/ether_follow_pubsub/share/ether_follow_pubsub/hook/pythonpath.sh'
[1.748s] Level 1:colcon.colcon_core.environment:create_environment_scripts_only(ether_follow_pubsub)
[1.749s] INFO:colcon.colcon_core.shell:Creating package script '/home/nayab/dev_ws/install/ether_follow_pubsub/share/ether_follow_pubsub/package.ps1'
[1.749s] INFO:colcon.colcon_core.shell:Creating package descriptor '/home/nayab/dev_ws/install/ether_follow_pubsub/share/ether_follow_pubsub/package.dsv'
[1.750s] INFO:colcon.colcon_core.shell:Creating package script '/home/nayab/dev_ws/install/ether_follow_pubsub/share/ether_follow_pubsub/package.sh'
[1.750s] INFO:colcon.colcon_core.shell:Creating package script '/home/nayab/dev_ws/install/ether_follow_pubsub/share/ether_follow_pubsub/package.bash'
[1.750s] INFO:colcon.colcon_core.shell:Creating package script '/home/nayab/dev_ws/install/ether_follow_pubsub/share/ether_follow_pubsub/package.zsh'
[1.751s] Level 1:colcon.colcon_core.environment:create_file_with_runtime_dependencies(/home/nayab/dev_ws/install/ether_follow_pubsub/share/colcon-core/packages/ether_follow_pubsub)
[1.752s] INFO:colcon.colcon_ros.task.ament_cmake.build:Building ROS package in '/home/nayab/dev_ws/src/tutorial_interfaces' with build type 'ament_cmake'
[1.752s] INFO:colcon.colcon_cmake.task.cmake.build:Building CMake package in '/home/nayab/dev_ws/src/tutorial_interfaces'
[1.752s] INFO:colcon.colcon_core.shell:Skip shell extension 'powershell' for command environment: Not usable outside of PowerShell
[1.753s] DEBUG:colcon.colcon_core.shell:Skip shell extension 'dsv' for command environment
[1.755s] DEBUG:colcon.colcon_core.shell:Ignoring prefix path '/home/nayab/project_ws/devel'
[1.755s] DEBUG:colcon.colcon_core.shell:Ignoring prefix path '/opt/ros/noetic'
[2.011s] INFO:colcon.colcon_core.task.python.build:Building Python package in '/home/nayab/dev_ws/src/py_pubsub'
[2.012s] INFO:colcon.colcon_core.shell:Skip shell extension 'powershell' for command environment: Not usable outside of PowerShell
[2.012s] DEBUG:colcon.colcon_core.shell:Skip shell extension 'dsv' for command environment
[2.015s] DEBUG:colcon.colcon_core.shell:Ignoring prefix path '/home/nayab/project_ws/devel'
[2.015s] DEBUG:colcon.colcon_core.shell:Ignoring prefix path '/opt/ros/noetic'
[2.028s] DEBUG:colcon.colcon_core.event_handler.log_command:Invoking command in '/home/nayab/dev_ws/build/rc_interfaces': CMAKE_PREFIX_PATH=/opt/ros/foxy:${CMAKE_PREFIX_PATH} /usr/bin/cmake --build /home/nayab/dev_ws/build/rc_interfaces -- -j4 -l4
[2.029s] DEBUG:colcon.colcon_core.event_handler.log_command:Invoking command in '/home/nayab/dev_ws/src/my_package': PYTHONPATH=/home/nayab/dev_ws/install/my_package/lib/python3.8/site-packages:${PYTHONPATH} /usr/bin/python3 setup.py egg_info --egg-base ../../build/my_package build --build-base /home/nayab/dev_ws/build/my_package/build install --prefix /home/nayab/dev_ws/install/my_package --record /home/nayab/dev_ws/build/my_package/install.log --single-version-externally-managed
[2.035s] DEBUG:colcon.colcon_core.event_handler.log_command:Invoking command in '/home/nayab/dev_ws/build/tutorial_interfaces': CMAKE_PREFIX_PATH=/opt/ros/foxy:${CMAKE_PREFIX_PATH} /usr/bin/cmake --build /home/nayab/dev_ws/build/tutorial_interfaces -- -j4 -l4
[2.417s] DEBUG:colcon.colcon_core.event_handler.log_command:Invoked command in '/home/nayab/dev_ws/build/rc_interfaces' returned '0': CMAKE_PREFIX_PATH=/opt/ros/foxy:${CMAKE_PREFIX_PATH} /usr/bin/cmake --build /home/nayab/dev_ws/build/rc_interfaces -- -j4 -l4
[2.421s] Level 1:colcon.colcon_core.environment:checking '/home/nayab/dev_ws/install/my_package' for CMake module files
[2.422s] DEBUG:colcon.colcon_core.event_handler.log_command:Invoked command in '/home/nayab/dev_ws/src/my_package' returned '0': PYTHONPATH=/home/nayab/dev_ws/install/my_package/lib/python3.8/site-packages:${PYTHONPATH} /usr/bin/python3 setup.py egg_info --egg-base ../../build/my_package build --build-base /home/nayab/dev_ws/build/my_package/build install --prefix /home/nayab/dev_ws/install/my_package --record /home/nayab/dev_ws/build/my_package/install.log --single-version-externally-managed
[2.422s] Level 1:colcon.colcon_core.environment:checking '/home/nayab/dev_ws/install/my_package' for CMake config files
[2.423s] Level 1:colcon.colcon_core.environment:checking '/home/nayab/dev_ws/install/my_package/lib'
[2.423s] Level 1:colcon.colcon_core.environment:checking '/home/nayab/dev_ws/install/my_package/bin'
[2.423s] Level 1:colcon.colcon_core.environment:checking '/home/nayab/dev_ws/install/my_package/lib/pkgconfig/my_package.pc'
[2.424s] Level 1:colcon.colcon_core.environment:checking '/home/nayab/dev_ws/install/my_package/lib/python3.8/site-packages'
[2.424s] Level 1:colcon.colcon_core.shell:create_environment_hook('my_package', 'pythonpath')
[2.424s] INFO:colcon.colcon_core.shell:Creating environment hook '/home/nayab/dev_ws/install/my_package/share/my_package/hook/pythonpath.ps1'
[2.425s] INFO:colcon.colcon_core.shell:Creating environment descriptor '/home/nayab/dev_ws/install/my_package/share/my_package/hook/pythonpath.dsv'
[2.425s] INFO:colcon.colcon_core.shell:Creating environment hook '/home/nayab/dev_ws/install/my_package/share/my_package/hook/pythonpath.sh'
[2.426s] Level 1:colcon.colcon_core.environment:create_environment_scripts_only(my_package)
[2.427s] INFO:colcon.colcon_core.shell:Creating package script '/home/nayab/dev_ws/install/my_package/share/my_package/package.ps1'
[2.427s] INFO:colcon.colcon_core.shell:Creating package descriptor '/home/nayab/dev_ws/install/my_package/share/my_package/package.dsv'
[2.428s] INFO:colcon.colcon_core.shell:Creating package script '/home/nayab/dev_ws/install/my_package/share/my_package/package.sh'
[2.428s] INFO:colcon.colcon_core.shell:Creating package script '/home/nayab/dev_ws/install/my_package/share/my_package/package.bash'
[2.429s] INFO:colcon.colcon_core.shell:Creating package script '/home/nayab/dev_ws/install/my_package/share/my_package/package.zsh'
[2.429s] Level 1:colcon.colcon_core.environment:create_file_with_runtime_dependencies(/home/nayab/dev_ws/install/my_package/share/colcon-core/packages/my_package)
[2.438s] DEBUG:colcon.colcon_core.event_handler.log_command:Invoked command in '/home/nayab/dev_ws/build/tutorial_interfaces' returned '0': CMAKE_PREFIX_PATH=/opt/ros/foxy:${CMAKE_PREFIX_PATH} /usr/bin/cmake --build /home/nayab/dev_ws/build/tutorial_interfaces -- -j4 -l4
[2.485s] DEBUG:colcon.colcon_core.event_handler.log_command:Invoking command in '/home/nayab/dev_ws/build/rc_interfaces': CMAKE_PREFIX_PATH=/opt/ros/foxy:${CMAKE_PREFIX_PATH} /usr/bin/cmake --install /home/nayab/dev_ws/build/rc_interfaces
[2.504s] DEBUG:colcon.colcon_core.event_handler.log_command:Invoking command in '/home/nayab/dev_ws/build/tutorial_interfaces': CMAKE_PREFIX_PATH=/opt/ros/foxy:${CMAKE_PREFIX_PATH} /usr/bin/cmake --install /home/nayab/dev_ws/build/tutorial_interfaces
[2.548s] DEBUG:colcon.colcon_core.event_handler.log_command:Invoking command in '/home/nayab/dev_ws/src/py_pubsub': PYTHONPATH=/home/nayab/dev_ws/install/py_pubsub/lib/python3.8/site-packages:${PYTHONPATH} /usr/bin/python3 setup.py egg_info --egg-base ../../build/py_pubsub build --build-base /home/nayab/dev_ws/build/py_pubsub/build install --prefix /home/nayab/dev_ws/install/py_pubsub --record /home/nayab/dev_ws/build/py_pubsub/install.log --single-version-externally-managed
[2.549s] Level 1:colcon.colcon_core.environment:create_environment_scripts_only(rc_interfaces)
[2.550s] Level 1:colcon.colcon_core.environment:checking '/home/nayab/dev_ws/install/rc_interfaces' for CMake module files
[2.553s] DEBUG:colcon.colcon_core.event_handler.log_command:Invoked command in '/home/nayab/dev_ws/build/rc_interfaces' returned '0': CMAKE_PREFIX_PATH=/opt/ros/foxy:${CMAKE_PREFIX_PATH} /usr/bin/cmake --install /home/nayab/dev_ws/build/rc_interfaces
[2.553s] Level 1:colcon.colcon_core.environment:checking '/home/nayab/dev_ws/install/rc_interfaces' for CMake config files
[2.553s] Level 1:colcon.colcon_core.shell:create_environment_hook('rc_interfaces', 'cmake_prefix_path')
[2.554s] INFO:colcon.colcon_core.shell:Creating environment hook '/home/nayab/dev_ws/install/rc_interfaces/share/rc_interfaces/hook/cmake_prefix_path.ps1'
[2.555s] INFO:colcon.colcon_core.shell:Creating environment descriptor '/home/nayab/dev_ws/install/rc_interfaces/share/rc_interfaces/hook/cmake_prefix_path.dsv'
[2.555s] INFO:colcon.colcon_core.shell:Creating environment hook '/home/nayab/dev_ws/install/rc_interfaces/share/rc_interfaces/hook/cmake_prefix_path.sh'
[2.556s] Level 1:colcon.colcon_core.environment:checking '/home/nayab/dev_ws/install/rc_interfaces/lib'
[2.556s] Level 1:colcon.colcon_core.shell:create_environment_hook('rc_interfaces', 'ld_library_path_lib')
[2.557s] INFO:colcon.colcon_core.shell:Creating environment hook '/home/nayab/dev_ws/install/rc_interfaces/share/rc_interfaces/hook/ld_library_path_lib.ps1'
[2.557s] INFO:colcon.colcon_core.shell:Creating environment descriptor '/home/nayab/dev_ws/install/rc_interfaces/share/rc_interfaces/hook/ld_library_path_lib.dsv'
[2.557s] INFO:colcon.colcon_core.shell:Creating environment hook '/home/nayab/dev_ws/install/rc_interfaces/share/rc_interfaces/hook/ld_library_path_lib.sh'
[2.558s] Level 1:colcon.colcon_core.environment:checking '/home/nayab/dev_ws/install/rc_interfaces/bin'
[2.558s] Level 1:colcon.colcon_core.environment:checking '/home/nayab/dev_ws/install/rc_interfaces/lib/pkgconfig/rc_interfaces.pc'
[2.558s] Level 1:colcon.colcon_core.environment:checking '/home/nayab/dev_ws/install/rc_interfaces/lib/python3.8/site-packages'
[2.558s] Level 1:colcon.colcon_core.shell:create_environment_hook('rc_interfaces', 'pythonpath')
[2.559s] INFO:colcon.colcon_core.shell:Creating environment hook '/home/nayab/dev_ws/install/rc_interfaces/share/rc_interfaces/hook/pythonpath.ps1'
[2.559s] INFO:colcon.colcon_core.shell:Creating environment descriptor '/home/nayab/dev_ws/install/rc_interfaces/share/rc_interfaces/hook/pythonpath.dsv'
[2.559s] INFO:colcon.colcon_core.shell:Creating environment hook '/home/nayab/dev_ws/install/rc_interfaces/share/rc_interfaces/hook/pythonpath.sh'
[2.560s] INFO:colcon.colcon_core.shell:Creating package script '/home/nayab/dev_ws/install/rc_interfaces/share/rc_interfaces/package.ps1'
[2.561s] INFO:colcon.colcon_core.shell:Creating package descriptor '/home/nayab/dev_ws/install/rc_interfaces/share/rc_interfaces/package.dsv'
[2.562s] INFO:colcon.colcon_core.shell:Creating package script '/home/nayab/dev_ws/install/rc_interfaces/share/rc_interfaces/package.sh'
[2.563s] INFO:colcon.colcon_core.shell:Creating package script '/home/nayab/dev_ws/install/rc_interfaces/share/rc_interfaces/package.bash'
[2.564s] INFO:colcon.colcon_core.shell:Creating package script '/home/nayab/dev_ws/install/rc_interfaces/share/rc_interfaces/package.zsh'
[2.565s] Level 1:colcon.colcon_core.environment:create_file_with_runtime_dependencies(/home/nayab/dev_ws/install/rc_interfaces/share/colcon-core/packages/rc_interfaces)
[2.575s] Level 1:colcon.colcon_core.environment:create_environment_scripts_only(tutorial_interfaces)
[2.576s] Level 1:colcon.colcon_core.environment:checking '/home/nayab/dev_ws/install/tutorial_interfaces' for CMake module files
[2.577s] DEBUG:colcon.colcon_core.event_handler.log_command:Invoked command in '/home/nayab/dev_ws/build/tutorial_interfaces' returned '0': CMAKE_PREFIX_PATH=/opt/ros/foxy:${CMAKE_PREFIX_PATH} /usr/bin/cmake --install /home/nayab/dev_ws/build/tutorial_interfaces
[2.578s] Level 1:colcon.colcon_core.environment:checking '/home/nayab/dev_ws/install/tutorial_interfaces' for CMake config files
[2.578s] Level 1:colcon.colcon_core.shell:create_environment_hook('tutorial_interfaces', 'cmake_prefix_path')
[2.578s] INFO:colcon.colcon_core.shell:Creating environment hook '/home/nayab/dev_ws/install/tutorial_interfaces/share/tutorial_interfaces/hook/cmake_prefix_path.ps1'
[2.579s] INFO:colcon.colcon_core.shell:Creating environment descriptor '/home/nayab/dev_ws/install/tutorial_interfaces/share/tutorial_interfaces/hook/cmake_prefix_path.dsv'
[2.579s] INFO:colcon.colcon_core.shell:Creating environment hook '/home/nayab/dev_ws/install/tutorial_interfaces/share/tutorial_interfaces/hook/cmake_prefix_path.sh'
[2.580s] Level 1:colcon.colcon_core.environment:checking '/home/nayab/dev_ws/install/tutorial_interfaces/lib'
[2.580s] Level 1:colcon.colcon_core.shell:create_environment_hook('tutorial_interfaces', 'ld_library_path_lib')
[2.581s] INFO:colcon.colcon_core.shell:Creating environment hook '/home/nayab/dev_ws/install/tutorial_interfaces/share/tutorial_interfaces/hook/ld_library_path_lib.ps1'
[2.581s] INFO:colcon.colcon_core.shell:Creating environment descriptor '/home/nayab/dev_ws/install/tutorial_interfaces/share/tutorial_interfaces/hook/ld_library_path_lib.dsv'
[2.582s] INFO:colcon.colcon_core.shell:Creating environment hook '/home/nayab/dev_ws/install/tutorial_interfaces/share/tutorial_interfaces/hook/ld_library_path_lib.sh'
[2.582s] Level 1:colcon.colcon_core.environment:checking '/home/nayab/dev_ws/install/tutorial_interfaces/bin'
[2.582s] Level 1:colcon.colcon_core.environment:checking '/home/nayab/dev_ws/install/tutorial_interfaces/lib/pkgconfig/tutorial_interfaces.pc'
[2.582s] Level 1:colcon.colcon_core.environment:checking '/home/nayab/dev_ws/install/tutorial_interfaces/lib/python3.8/site-packages'
[2.582s] Level 1:colcon.colcon_core.shell:create_environment_hook('tutorial_interfaces', 'pythonpath')
[2.583s] INFO:colcon.colcon_core.shell:Creating environment hook '/home/nayab/dev_ws/install/tutorial_interfaces/share/tutorial_interfaces/hook/pythonpath.ps1'
[2.583s] INFO:colcon.colcon_core.shell:Creating environment descriptor '/home/nayab/dev_ws/install/tutorial_interfaces/share/tutorial_interfaces/hook/pythonpath.dsv'
[2.583s] INFO:colcon.colcon_core.shell:Creating environment hook '/home/nayab/dev_ws/install/tutorial_interfaces/share/tutorial_interfaces/hook/pythonpath.sh'
[2.585s] INFO:colcon.colcon_core.shell:Creating package script '/home/nayab/dev_ws/install/tutorial_interfaces/share/tutorial_interfaces/package.ps1'
[2.585s] INFO:colcon.colcon_core.shell:Creating package descriptor '/home/nayab/dev_ws/install/tutorial_interfaces/share/tutorial_interfaces/package.dsv'
[2.586s] INFO:colcon.colcon_core.shell:Creating package script '/home/nayab/dev_ws/install/tutorial_interfaces/share/tutorial_interfaces/package.sh'
[2.586s] INFO:colcon.colcon_core.shell:Creating package script '/home/nayab/dev_ws/install/tutorial_interfaces/share/tutorial_interfaces/package.bash'
[2.587s] INFO:colcon.colcon_core.shell:Creating package script '/home/nayab/dev_ws/install/tutorial_interfaces/share/tutorial_interfaces/package.zsh'
[2.587s] Level 1:colcon.colcon_core.environment:create_file_with_runtime_dependencies(/home/nayab/dev_ws/install/tutorial_interfaces/share/colcon-core/packages/tutorial_interfaces)
[2.630s] Level 1:colcon.colcon_core.environment:create_environment_scripts_only(rc_interfaces)
[2.631s] Level 1:colcon.colcon_core.environment:checking '/home/nayab/dev_ws/install/rc_interfaces' for CMake module files
[2.632s] Level 1:colcon.colcon_core.environment:checking '/home/nayab/dev_ws/install/rc_interfaces' for CMake config files
[2.632s] Level 1:colcon.colcon_core.shell:create_environment_hook('rc_interfaces', 'cmake_prefix_path')
[2.633s] INFO:colcon.colcon_core.shell:Creating environment hook '/home/nayab/dev_ws/install/rc_interfaces/share/rc_interfaces/hook/cmake_prefix_path.ps1'
[2.634s] INFO:colcon.colcon_core.shell:Creating environment descriptor '/home/nayab/dev_ws/install/rc_interfaces/share/rc_interfaces/hook/cmake_prefix_path.dsv'
[2.634s] INFO:colcon.colcon_core.shell:Creating environment hook '/home/nayab/dev_ws/install/rc_interfaces/share/rc_interfaces/hook/cmake_prefix_path.sh'
[2.635s] Level 1:colcon.colcon_core.environment:checking '/home/nayab/dev_ws/install/rc_interfaces/lib'
[2.635s] Level 1:colcon.colcon_core.shell:create_environment_hook('rc_interfaces', 'ld_library_path_lib')
[2.635s] INFO:colcon.colcon_core.shell:Creating environment hook '/home/nayab/dev_ws/install/rc_interfaces/share/rc_interfaces/hook/ld_library_path_lib.ps1'
[2.636s] INFO:colcon.colcon_core.shell:Creating environment descriptor '/home/nayab/dev_ws/install/rc_interfaces/share/rc_interfaces/hook/ld_library_path_lib.dsv'
[2.636s] INFO:colcon.colcon_core.shell:Creating environment hook '/home/nayab/dev_ws/install/rc_interfaces/share/rc_interfaces/hook/ld_library_path_lib.sh'
[2.636s] Level 1:colcon.colcon_core.environment:checking '/home/nayab/dev_ws/install/rc_interfaces/bin'
[2.637s] Level 1:colcon.colcon_core.environment:checking '/home/nayab/dev_ws/install/rc_interfaces/lib/pkgconfig/rc_interfaces.pc'
[2.637s] Level 1:colcon.colcon_core.environment:checking '/home/nayab/dev_ws/install/rc_interfaces/lib/python3.8/site-packages'
[2.637s] Level 1:colcon.colcon_core.shell:create_environment_hook('rc_interfaces', 'pythonpath')
[2.637s] INFO:colcon.colcon_core.shell:Creating environment hook '/home/nayab/dev_ws/install/rc_interfaces/share/rc_interfaces/hook/pythonpath.ps1'
[2.638s] INFO:colcon.colcon_core.shell:Creating environment descriptor '/home/nayab/dev_ws/install/rc_interfaces/share/rc_interfaces/hook/pythonpath.dsv'
[2.638s] INFO:colcon.colcon_core.shell:Creating environment hook '/home/nayab/dev_ws/install/rc_interfaces/share/rc_interfaces/hook/pythonpath.sh'
[2.639s] INFO:colcon.colcon_core.shell:Creating package script '/home/nayab/dev_ws/install/rc_interfaces/share/rc_interfaces/package.ps1'
[2.640s] INFO:colcon.colcon_core.shell:Creating package descriptor '/home/nayab/dev_ws/install/rc_interfaces/share/rc_interfaces/package.dsv'
[2.640s] INFO:colcon.colcon_core.shell:Creating package script '/home/nayab/dev_ws/install/rc_interfaces/share/rc_interfaces/package.sh'
[2.641s] INFO:colcon.colcon_core.shell:Creating package script '/home/nayab/dev_ws/install/rc_interfaces/share/rc_interfaces/package.bash'
[2.641s] INFO:colcon.colcon_core.shell:Creating package script '/home/nayab/dev_ws/install/rc_interfaces/share/rc_interfaces/package.zsh'
[2.641s] Level 1:colcon.colcon_core.environment:create_file_with_runtime_dependencies(/home/nayab/dev_ws/install/rc_interfaces/share/colcon-core/packages/rc_interfaces)
[2.654s] Level 1:colcon.colcon_core.environment:create_environment_scripts_only(tutorial_interfaces)
[2.655s] Level 1:colcon.colcon_core.environment:checking '/home/nayab/dev_ws/install/tutorial_interfaces' for CMake module files
[2.655s] Level 1:colcon.colcon_core.environment:checking '/home/nayab/dev_ws/install/tutorial_interfaces' for CMake config files
[2.655s] Level 1:colcon.colcon_core.shell:create_environment_hook('tutorial_interfaces', 'cmake_prefix_path')
[2.656s] INFO:colcon.colcon_core.shell:Creating environment hook '/home/nayab/dev_ws/install/tutorial_interfaces/share/tutorial_interfaces/hook/cmake_prefix_path.ps1'
[2.657s] INFO:colcon.colcon_core.shell:Creating environment descriptor '/home/nayab/dev_ws/install/tutorial_interfaces/share/tutorial_interfaces/hook/cmake_prefix_path.dsv'
[2.657s] INFO:colcon.colcon_core.shell:Creating environment hook '/home/nayab/dev_ws/install/tutorial_interfaces/share/tutorial_interfaces/hook/cmake_prefix_path.sh'
[2.658s] Level 1:colcon.colcon_core.environment:checking '/home/nayab/dev_ws/install/tutorial_interfaces/lib'
[2.658s] Level 1:colcon.colcon_core.shell:create_environment_hook('tutorial_interfaces', 'ld_library_path_lib')
[2.659s] INFO:colcon.colcon_core.shell:Creating environment hook '/home/nayab/dev_ws/install/tutorial_interfaces/share/tutorial_interfaces/hook/ld_library_path_lib.ps1'
[2.659s] INFO:colcon.colcon_core.shell:Creating environment descriptor '/home/nayab/dev_ws/install/tutorial_interfaces/share/tutorial_interfaces/hook/ld_library_path_lib.dsv'
[2.659s] INFO:colcon.colcon_core.shell:Creating environment hook '/home/nayab/dev_ws/install/tutorial_interfaces/share/tutorial_interfaces/hook/ld_library_path_lib.sh'
[2.660s] Level 1:colcon.colcon_core.environment:checking '/home/nayab/dev_ws/install/tutorial_interfaces/bin'
[2.660s] Level 1:colcon.colcon_core.environment:checking '/home/nayab/dev_ws/install/tutorial_interfaces/lib/pkgconfig/tutorial_interfaces.pc'
[2.660s] Level 1:colcon.colcon_core.environment:checking '/home/nayab/dev_ws/install/tutorial_interfaces/lib/python3.8/site-packages'
[2.660s] Level 1:colcon.colcon_core.shell:create_environment_hook('tutorial_interfaces', 'pythonpath')
[2.660s] INFO:colcon.colcon_core.shell:Creating environment hook '/home/nayab/dev_ws/install/tutorial_interfaces/share/tutorial_interfaces/hook/pythonpath.ps1'
[2.661s] INFO:colcon.colcon_core.shell:Creating environment descriptor '/home/nayab/dev_ws/install/tutorial_interfaces/share/tutorial_interfaces/hook/pythonpath.dsv'
[2.661s] INFO:colcon.colcon_core.shell:Creating environment hook '/home/nayab/dev_ws/install/tutorial_interfaces/share/tutorial_interfaces/hook/pythonpath.sh'
[2.662s] INFO:colcon.colcon_core.shell:Creating package script '/home/nayab/dev_ws/install/tutorial_interfaces/share/tutorial_interfaces/package.ps1'
[2.663s] INFO:colcon.colcon_core.shell:Creating package descriptor '/home/nayab/dev_ws/install/tutorial_interfaces/share/tutorial_interfaces/package.dsv'
[2.663s] INFO:colcon.colcon_core.shell:Creating package script '/home/nayab/dev_ws/install/tutorial_interfaces/share/tutorial_interfaces/package.sh'
[2.664s] INFO:colcon.colcon_core.shell:Creating package script '/home/nayab/dev_ws/install/tutorial_interfaces/share/tutorial_interfaces/package.bash'
[2.664s] INFO:colcon.colcon_core.shell:Creating package script '/home/nayab/dev_ws/install/tutorial_interfaces/share/tutorial_interfaces/package.zsh'
[2.664s] Level 1:colcon.colcon_core.environment:create_file_with_runtime_dependencies(/home/nayab/dev_ws/install/tutorial_interfaces/share/colcon-core/packages/tutorial_interfaces)
[2.878s] Level 1:colcon.colcon_core.environment:checking '/home/nayab/dev_ws/install/py_pubsub' for CMake module files
[2.878s] DEBUG:colcon.colcon_core.event_handler.log_command:Invoked command in '/home/nayab/dev_ws/src/py_pubsub' returned '0': PYTHONPATH=/home/nayab/dev_ws/install/py_pubsub/lib/python3.8/site-packages:${PYTHONPATH} /usr/bin/python3 setup.py egg_info --egg-base ../../build/py_pubsub build --build-base /home/nayab/dev_ws/build/py_pubsub/build install --prefix /home/nayab/dev_ws/install/py_pubsub --record /home/nayab/dev_ws/build/py_pubsub/install.log --single-version-externally-managed
[2.879s] Level 1:colcon.colcon_core.environment:checking '/home/nayab/dev_ws/install/py_pubsub' for CMake config files
[2.879s] Level 1:colcon.colcon_core.environment:checking '/home/nayab/dev_ws/install/py_pubsub/lib'
[2.879s] Level 1:colcon.colcon_core.environment:checking '/home/nayab/dev_ws/install/py_pubsub/bin'
[2.879s] Level 1:colcon.colcon_core.environment:checking '/home/nayab/dev_ws/install/py_pubsub/lib/pkgconfig/py_pubsub.pc'
[2.880s] Level 1:colcon.colcon_core.environment:checking '/home/nayab/dev_ws/install/py_pubsub/lib/python3.8/site-packages'
[2.880s] Level 1:colcon.colcon_core.shell:create_environment_hook('py_pubsub', 'pythonpath')
[2.880s] INFO:colcon.colcon_core.shell:Creating environment hook '/home/nayab/dev_ws/install/py_pubsub/share/py_pubsub/hook/pythonpath.ps1'
[2.881s] INFO:colcon.colcon_core.shell:Creating environment descriptor '/home/nayab/dev_ws/install/py_pubsub/share/py_pubsub/hook/pythonpath.dsv'
[2.881s] INFO:colcon.colcon_core.shell:Creating environment hook '/home/nayab/dev_ws/install/py_pubsub/share/py_pubsub/hook/pythonpath.sh'
[2.882s] Level 1:colcon.colcon_core.environment:create_environment_scripts_only(py_pubsub)
[2.883s] INFO:colcon.colcon_core.shell:Creating package script '/home/nayab/dev_ws/install/py_pubsub/share/py_pubsub/package.ps1'
[2.883s] INFO:colcon.colcon_core.shell:Creating package descriptor '/home/nayab/dev_ws/install/py_pubsub/share/py_pubsub/package.dsv'
[2.884s] INFO:colcon.colcon_core.shell:Creating package script '/home/nayab/dev_ws/install/py_pubsub/share/py_pubsub/package.sh'
[2.885s] INFO:colcon.colcon_core.shell:Creating package script '/home/nayab/dev_ws/install/py_pubsub/share/py_pubsub/package.bash'
[2.885s] INFO:colcon.colcon_core.shell:Creating package script '/home/nayab/dev_ws/install/py_pubsub/share/py_pubsub/package.zsh'
[2.885s] Level 1:colcon.colcon_core.environment:create_file_with_runtime_dependencies(/home/nayab/dev_ws/install/py_pubsub/share/colcon-core/packages/py_pubsub)
[2.886s] DEBUG:colcon.colcon_parallel_executor.executor.parallel:closing loop
[2.886s] DEBUG:colcon.colcon_parallel_executor.executor.parallel:loop closed
[2.886s] DEBUG:colcon.colcon_parallel_executor.executor.parallel:run_until_complete finished with '0'
[2.886s] DEBUG:colcon.colcon_core.event_reactor:joining thread
[2.894s] INFO:colcon.colcon_core.plugin_system:Skipping extension 'colcon_notification.desktop_notification.terminal_notifier': Not used on non-Darwin systems
[2.894s] INFO:colcon.colcon_core.plugin_system:Skipping extension 'colcon_notification.desktop_notification.win32': Not used on non-Windows systems
[2.894s] INFO:colcon.colcon_notification.desktop_notification:Sending desktop notification using 'notify2'
[2.910s] DEBUG:colcon.colcon_core.event_reactor:joined thread
[2.911s] INFO:colcon.colcon_core.shell:Creating prefix script '/home/nayab/dev_ws/install/local_setup.ps1'
[2.912s] INFO:colcon.colcon_core.shell:Creating prefix util module '/home/nayab/dev_ws/install/_local_setup_util_ps1.py'
[2.913s] INFO:colcon.colcon_core.shell:Creating prefix chain script '/home/nayab/dev_ws/install/setup.ps1'
[2.915s] INFO:colcon.colcon_core.shell:Creating prefix script '/home/nayab/dev_ws/install/local_setup.sh'
[2.916s] INFO:colcon.colcon_core.shell:Creating prefix util module '/home/nayab/dev_ws/install/_local_setup_util_sh.py'
[2.916s] INFO:colcon.colcon_core.shell:Creating prefix chain script '/home/nayab/dev_ws/install/setup.sh'
[2.918s] INFO:colcon.colcon_core.shell:Creating prefix script '/home/nayab/dev_ws/install/local_setup.bash'
[2.918s] INFO:colcon.colcon_core.shell:Creating prefix chain script '/home/nayab/dev_ws/install/setup.bash'
[2.919s] INFO:colcon.colcon_core.shell:Creating prefix script '/home/nayab/dev_ws/install/local_setup.zsh'
[2.920s] INFO:colcon.colcon_core.shell:Creating prefix chain script '/home/nayab/dev_ws/install/setup.zsh'
