[1.377s] Invoking command in '/home/nayab/dev_ws/src/py_pubsub': PYTHONPATH=/home/nayab/dev_ws/install/py_pubsub/lib/python3.8/site-packages:${PYTHONPATH} /usr/bin/python3 setup.py egg_info --egg-base ../../build/py_pubsub build --build-base /home/nayab/dev_ws/build/py_pubsub/build install --prefix /home/nayab/dev_ws/install/py_pubsub --record /home/nayab/dev_ws/build/py_pubsub/install.log --single-version-externally-managed
[1.915s] running egg_info
[1.916s] writing ../../build/py_pubsub/py_pubsub.egg-info/PKG-INFO
[1.917s] writing dependency_links to ../../build/py_pubsub/py_pubsub.egg-info/dependency_links.txt
[1.917s] writing entry points to ../../build/py_pubsub/py_pubsub.egg-info/entry_points.txt
[1.917s] writing requirements to ../../build/py_pubsub/py_pubsub.egg-info/requires.txt
[1.918s] writing top-level names to ../../build/py_pubsub/py_pubsub.egg-info/top_level.txt
[1.995s] reading manifest file '../../build/py_pubsub/py_pubsub.egg-info/SOURCES.txt'
[2.005s] writing manifest file '../../build/py_pubsub/py_pubsub.egg-info/SOURCES.txt'
[2.006s] running build
[2.007s] running build_py
[2.008s] running install
[2.009s] running install_lib
[2.012s] running install_data
[2.013s] running install_egg_info
[2.016s] removing '/home/nayab/dev_ws/install/py_pubsub/lib/python3.8/site-packages/py_pubsub-0.0.0-py3.8.egg-info' (and everything under it)
[2.017s] Copying ../../build/py_pubsub/py_pubsub.egg-info to /home/nayab/dev_ws/install/py_pubsub/lib/python3.8/site-packages/py_pubsub-0.0.0-py3.8.egg-info
[2.021s] running install_scripts
[2.053s] Installing dbr_pub_old script to /home/nayab/dev_ws/install/py_pubsub/lib/py_pubsub
[2.054s] Installing listener script to /home/nayab/dev_ws/install/py_pubsub/lib/py_pubsub
[2.056s] Installing listener_old script to /home/nayab/dev_ws/install/py_pubsub/lib/py_pubsub
[2.057s] Installing talker script to /home/nayab/dev_ws/install/py_pubsub/lib/py_pubsub
[2.057s] Installing talker_old script to /home/nayab/dev_ws/install/py_pubsub/lib/py_pubsub
[2.058s] writing list of installed files to '/home/nayab/dev_ws/build/py_pubsub/install.log'
[2.093s] Invoked command in '/home/nayab/dev_ws/src/py_pubsub' returned '0': PYTHONPATH=/home/nayab/dev_ws/install/py_pubsub/lib/python3.8/site-packages:${PYTHONPATH} /usr/bin/python3 setup.py egg_info --egg-base ../../build/py_pubsub build --build-base /home/nayab/dev_ws/build/py_pubsub/build install --prefix /home/nayab/dev_ws/install/py_pubsub --record /home/nayab/dev_ws/build/py_pubsub/install.log --single-version-externally-managed
