/home/nayab/dev_ws/install/ether_follow_pubsub/lib/python3.8/site-packages/ether_follow_pubsub/external_follow_module.py
/home/nayab/dev_ws/install/ether_follow_pubsub/lib/python3.8/site-packages/ether_follow_pubsub/ether_follow_pub.py
/home/nayab/dev_ws/install/ether_follow_pubsub/lib/python3.8/site-packages/ether_follow_pubsub/__init__.py
/home/nayab/dev_ws/install/ether_follow_pubsub/lib/python3.8/site-packages/ether_follow_pubsub/external_follow.py
/home/nayab/dev_ws/install/ether_follow_pubsub/lib/python3.8/site-packages/ether_follow_pubsub/ether_follow_sub.py
/home/nayab/dev_ws/install/ether_follow_pubsub/lib/python3.8/site-packages/ether_follow_pubsub/__pycache__/external_follow_module.cpython-38.pyc
/home/nayab/dev_ws/install/ether_follow_pubsub/lib/python3.8/site-packages/ether_follow_pubsub/__pycache__/ether_follow_pub.cpython-38.pyc
/home/nayab/dev_ws/install/ether_follow_pubsub/lib/python3.8/site-packages/ether_follow_pubsub/__pycache__/__init__.cpython-38.pyc
/home/nayab/dev_ws/install/ether_follow_pubsub/lib/python3.8/site-packages/ether_follow_pubsub/__pycache__/external_follow.cpython-38.pyc
/home/nayab/dev_ws/install/ether_follow_pubsub/lib/python3.8/site-packages/ether_follow_pubsub/__pycache__/ether_follow_sub.cpython-38.pyc
/home/nayab/dev_ws/install/ether_follow_pubsub/share/ament_index/resource_index/packages/ether_follow_pubsub
/home/nayab/dev_ws/install/ether_follow_pubsub/share/ether_follow_pubsub/package.xml
/home/nayab/dev_ws/install/ether_follow_pubsub/lib/python3.8/site-packages/ether_follow_pubsub-0.0.0-py3.8.egg-info/SOURCES.txt
/home/nayab/dev_ws/install/ether_follow_pubsub/lib/python3.8/site-packages/ether_follow_pubsub-0.0.0-py3.8.egg-info/requires.txt
/home/nayab/dev_ws/install/ether_follow_pubsub/lib/python3.8/site-packages/ether_follow_pubsub-0.0.0-py3.8.egg-info/dependency_links.txt
/home/nayab/dev_ws/install/ether_follow_pubsub/lib/python3.8/site-packages/ether_follow_pubsub-0.0.0-py3.8.egg-info/entry_points.txt
/home/nayab/dev_ws/install/ether_follow_pubsub/lib/python3.8/site-packages/ether_follow_pubsub-0.0.0-py3.8.egg-info/PKG-INFO
/home/nayab/dev_ws/install/ether_follow_pubsub/lib/python3.8/site-packages/ether_follow_pubsub-0.0.0-py3.8.egg-info/top_level.txt
/home/nayab/dev_ws/install/ether_follow_pubsub/lib/python3.8/site-packages/ether_follow_pubsub-0.0.0-py3.8.egg-info/zip-safe
/home/nayab/dev_ws/install/ether_follow_pubsub/lib/ether_follow_pubsub/efollow_pub
/home/nayab/dev_ws/install/ether_follow_pubsub/lib/ether_follow_pubsub/efollow_sub
/home/nayab/dev_ws/install/ether_follow_pubsub/lib/ether_follow_pubsub/external_follow
