running egg_info
creating ../../build/ether_follow_pubsub/ether_follow_pubsub.egg-info
writing ../../build/ether_follow_pubsub/ether_follow_pubsub.egg-info/PKG-INFO
writing dependency_links to ../../build/ether_follow_pubsub/ether_follow_pubsub.egg-info/dependency_links.txt
writing entry points to ../../build/ether_follow_pubsub/ether_follow_pubsub.egg-info/entry_points.txt
writing requirements to ../../build/ether_follow_pubsub/ether_follow_pubsub.egg-info/requires.txt
writing top-level names to ../../build/ether_follow_pubsub/ether_follow_pubsub.egg-info/top_level.txt
writing manifest file '../../build/ether_follow_pubsub/ether_follow_pubsub.egg-info/SOURCES.txt'
reading manifest file '../../build/ether_follow_pubsub/ether_follow_pubsub.egg-info/SOURCES.txt'
writing manifest file '../../build/ether_follow_pubsub/ether_follow_pubsub.egg-info/SOURCES.txt'
running build
running build_py
creating /home/nayab/dev_ws/build/ether_follow_pubsub/build
creating /home/nayab/dev_ws/build/ether_follow_pubsub/build/lib
creating /home/nayab/dev_ws/build/ether_follow_pubsub/build/lib/ether_follow_pubsub
copying ether_follow_pubsub/__init__.py -> /home/nayab/dev_ws/build/ether_follow_pubsub/build/lib/ether_follow_pubsub
copying ether_follow_pubsub/ether_follow_sub.py -> /home/nayab/dev_ws/build/ether_follow_pubsub/build/lib/ether_follow_pubsub
copying ether_follow_pubsub/ether_follow_pub.py -> /home/nayab/dev_ws/build/ether_follow_pubsub/build/lib/ether_follow_pubsub
running install
running install_lib
creating /home/nayab/dev_ws/install/ether_follow_pubsub/lib/python3.8/site-packages/ether_follow_pubsub
copying /home/nayab/dev_ws/build/ether_follow_pubsub/build/lib/ether_follow_pubsub/__init__.py -> /home/nayab/dev_ws/install/ether_follow_pubsub/lib/python3.8/site-packages/ether_follow_pubsub
copying /home/nayab/dev_ws/build/ether_follow_pubsub/build/lib/ether_follow_pubsub/ether_follow_sub.py -> /home/nayab/dev_ws/install/ether_follow_pubsub/lib/python3.8/site-packages/ether_follow_pubsub
copying /home/nayab/dev_ws/build/ether_follow_pubsub/build/lib/ether_follow_pubsub/ether_follow_pub.py -> /home/nayab/dev_ws/install/ether_follow_pubsub/lib/python3.8/site-packages/ether_follow_pubsub
byte-compiling /home/nayab/dev_ws/install/ether_follow_pubsub/lib/python3.8/site-packages/ether_follow_pubsub/__init__.py to __init__.cpython-38.pyc
byte-compiling /home/nayab/dev_ws/install/ether_follow_pubsub/lib/python3.8/site-packages/ether_follow_pubsub/ether_follow_sub.py to ether_follow_sub.cpython-38.pyc
byte-compiling /home/nayab/dev_ws/install/ether_follow_pubsub/lib/python3.8/site-packages/ether_follow_pubsub/ether_follow_pub.py to ether_follow_pub.cpython-38.pyc
running install_data
creating /home/nayab/dev_ws/install/ether_follow_pubsub/share/ament_index
creating /home/nayab/dev_ws/install/ether_follow_pubsub/share/ament_index/resource_index
creating /home/nayab/dev_ws/install/ether_follow_pubsub/share/ament_index/resource_index/packages
copying resource/ether_follow_pubsub -> /home/nayab/dev_ws/install/ether_follow_pubsub/share/ament_index/resource_index/packages
copying package.xml -> /home/nayab/dev_ws/install/ether_follow_pubsub/share/ether_follow_pubsub
running install_egg_info
Copying ../../build/ether_follow_pubsub/ether_follow_pubsub.egg-info to /home/nayab/dev_ws/install/ether_follow_pubsub/lib/python3.8/site-packages/ether_follow_pubsub-0.0.0-py3.8.egg-info
running install_scripts
Installing efollow_pub script to /home/nayab/dev_ws/install/ether_follow_pubsub/lib/ether_follow_pubsub
Installing efollow_sub script to /home/nayab/dev_ws/install/ether_follow_pubsub/lib/ether_follow_pubsub
writing list of installed files to '/home/nayab/dev_ws/build/ether_follow_pubsub/install.log'
