[1.037s] Invoking command in '/home/nayab/dev_ws/src/ether_follow_pubsub': PYTHONPATH=/home/nayab/dev_ws/install/ether_follow_pubsub/lib/python3.8/site-packages:${PYTHONPATH} /usr/bin/python3 setup.py egg_info --egg-base ../../build/ether_follow_pubsub build --build-base /home/nayab/dev_ws/build/ether_follow_pubsub/build install --prefix /home/nayab/dev_ws/install/ether_follow_pubsub --record /home/nayab/dev_ws/build/ether_follow_pubsub/install.log --single-version-externally-managed
[1.294s] running egg_info
[1.295s] creating ../../build/ether_follow_pubsub/ether_follow_pubsub.egg-info
[1.295s] writing ../../build/ether_follow_pubsub/ether_follow_pubsub.egg-info/PKG-INFO
[1.295s] writing dependency_links to ../../build/ether_follow_pubsub/ether_follow_pubsub.egg-info/dependency_links.txt
[1.296s] writing entry points to ../../build/ether_follow_pubsub/ether_follow_pubsub.egg-info/entry_points.txt
[1.296s] writing requirements to ../../build/ether_follow_pubsub/ether_follow_pubsub.egg-info/requires.txt
[1.296s] writing top-level names to ../../build/ether_follow_pubsub/ether_follow_pubsub.egg-info/top_level.txt
[1.298s] writing manifest file '../../build/ether_follow_pubsub/ether_follow_pubsub.egg-info/SOURCES.txt'
[1.332s] reading manifest file '../../build/ether_follow_pubsub/ether_follow_pubsub.egg-info/SOURCES.txt'
[1.332s] writing manifest file '../../build/ether_follow_pubsub/ether_follow_pubsub.egg-info/SOURCES.txt'
[1.333s] running build
[1.333s] running build_py
[1.333s] creating /home/nayab/dev_ws/build/ether_follow_pubsub/build
[1.333s] creating /home/nayab/dev_ws/build/ether_follow_pubsub/build/lib
[1.333s] creating /home/nayab/dev_ws/build/ether_follow_pubsub/build/lib/ether_follow_pubsub
[1.333s] copying ether_follow_pubsub/__init__.py -> /home/nayab/dev_ws/build/ether_follow_pubsub/build/lib/ether_follow_pubsub
[1.334s] copying ether_follow_pubsub/ether_follow_sub.py -> /home/nayab/dev_ws/build/ether_follow_pubsub/build/lib/ether_follow_pubsub
[1.334s] copying ether_follow_pubsub/ether_follow_pub.py -> /home/nayab/dev_ws/build/ether_follow_pubsub/build/lib/ether_follow_pubsub
[1.334s] running install
[1.335s] running install_lib
[1.336s] creating /home/nayab/dev_ws/install/ether_follow_pubsub/lib/python3.8/site-packages/ether_follow_pubsub
[1.337s] copying /home/nayab/dev_ws/build/ether_follow_pubsub/build/lib/ether_follow_pubsub/__init__.py -> /home/nayab/dev_ws/install/ether_follow_pubsub/lib/python3.8/site-packages/ether_follow_pubsub
[1.337s] copying /home/nayab/dev_ws/build/ether_follow_pubsub/build/lib/ether_follow_pubsub/ether_follow_sub.py -> /home/nayab/dev_ws/install/ether_follow_pubsub/lib/python3.8/site-packages/ether_follow_pubsub
[1.337s] copying /home/nayab/dev_ws/build/ether_follow_pubsub/build/lib/ether_follow_pubsub/ether_follow_pub.py -> /home/nayab/dev_ws/install/ether_follow_pubsub/lib/python3.8/site-packages/ether_follow_pubsub
[1.337s] byte-compiling /home/nayab/dev_ws/install/ether_follow_pubsub/lib/python3.8/site-packages/ether_follow_pubsub/__init__.py to __init__.cpython-38.pyc
[1.339s] byte-compiling /home/nayab/dev_ws/install/ether_follow_pubsub/lib/python3.8/site-packages/ether_follow_pubsub/ether_follow_sub.py to ether_follow_sub.cpython-38.pyc
[1.339s]   File "/home/nayab/dev_ws/install/ether_follow_pubsub/lib/python3.8/site-packages/ether_follow_pubsub/ether_follow_sub.py", line 49
[1.339s]     subscription = g_node.create_subscription(EtherMessage, 'ether_follow'', efollow_callback, 10)
[1.339s]                                                                                                  ^
[1.339s] SyntaxError: EOL while scanning string literal
[1.340s] 
[1.340s] byte-compiling /home/nayab/dev_ws/install/ether_follow_pubsub/lib/python3.8/site-packages/ether_follow_pubsub/ether_follow_pub.py to ether_follow_pub.cpython-38.pyc
[1.340s] running install_data
[1.340s] creating /home/nayab/dev_ws/install/ether_follow_pubsub/share/ament_index
[1.341s] creating /home/nayab/dev_ws/install/ether_follow_pubsub/share/ament_index/resource_index
[1.341s] creating /home/nayab/dev_ws/install/ether_follow_pubsub/share/ament_index/resource_index/packages
[1.341s] copying resource/ether_follow_pubsub -> /home/nayab/dev_ws/install/ether_follow_pubsub/share/ament_index/resource_index/packages
[1.341s] copying package.xml -> /home/nayab/dev_ws/install/ether_follow_pubsub/share/ether_follow_pubsub
[1.341s] running install_egg_info
[1.343s] Copying ../../build/ether_follow_pubsub/ether_follow_pubsub.egg-info to /home/nayab/dev_ws/install/ether_follow_pubsub/lib/python3.8/site-packages/ether_follow_pubsub-0.0.0-py3.8.egg-info
[1.344s] running install_scripts
[1.363s] Installing efollow_pub script to /home/nayab/dev_ws/install/ether_follow_pubsub/lib/ether_follow_pubsub
[1.364s] Installing efollow_sub script to /home/nayab/dev_ws/install/ether_follow_pubsub/lib/ether_follow_pubsub
[1.364s] writing list of installed files to '/home/nayab/dev_ws/build/ether_follow_pubsub/install.log'
[1.523s] Invoked command in '/home/nayab/dev_ws/src/ether_follow_pubsub' returned '0': PYTHONPATH=/home/nayab/dev_ws/install/ether_follow_pubsub/lib/python3.8/site-packages:${PYTHONPATH} /usr/bin/python3 setup.py egg_info --egg-base ../../build/ether_follow_pubsub build --build-base /home/nayab/dev_ws/build/ether_follow_pubsub/build install --prefix /home/nayab/dev_ws/install/ether_follow_pubsub --record /home/nayab/dev_ws/build/ether_follow_pubsub/install.log --single-version-externally-managed
