[0.081s] Invoking command in '/home/nayab/dev_ws/build/abds_msgs': CMAKE_PREFIX_PATH=/opt/ros/foxy:${CMAKE_PREFIX_PATH} /usr/bin/cmake --build /home/nayab/dev_ws/build/abds_msgs -- -j4 -l4
[0.509s] [ 11%] Built target abds_msgs__rosidl_generator_c
[0.510s] [ 12%] Built target abds_msgs__cpp
[0.510s] [ 24%] Built target abds_msgs__rosidl_typesupport_c
[0.510s] [ 35%] Built target abds_msgs__rosidl_typesupport_introspection_c
[0.510s] [ 46%] Built target abds_msgs__rosidl_typesupport_cpp
[0.510s] [ 58%] Built target abds_msgs__rosidl_typesupport_introspection_cpp
[0.511s] [ 69%] Built target abds_msgs__rosidl_typesupport_fastrtps_cpp
[0.511s] [ 81%] Built target abds_msgs__rosidl_typesupport_fastrtps_c
[0.511s] [ 81%] Built target abds_msgs
[0.511s] [ 82%] Built target abds_msgs__py
[0.511s] [ 92%] Built target abds_msgs__python
[0.547s] [ 94%] Built target abds_msgs__rosidl_typesupport_c__pyext
[0.560s] [ 97%] Built target abds_msgs__rosidl_typesupport_fastrtps_c__pyext
[0.574s] [100%] Built target abds_msgs__rosidl_typesupport_introspection_c__pyext
[0.608s] Invoked command in '/home/nayab/dev_ws/build/abds_msgs' returned '0': CMAKE_PREFIX_PATH=/opt/ros/foxy:${CMAKE_PREFIX_PATH} /usr/bin/cmake --build /home/nayab/dev_ws/build/abds_msgs -- -j4 -l4
[1.062s] Invoking command in '/home/nayab/dev_ws/build/abds_msgs': CMAKE_PREFIX_PATH=/opt/ros/foxy:${CMAKE_PREFIX_PATH} /usr/bin/cmake --install /home/nayab/dev_ws/build/abds_msgs
[1.077s] -- Install configuration: ""
[1.077s] -- Up-to-date: /home/nayab/dev_ws/install/abds_msgs/share/ament_index/resource_index/rosidl_interfaces/abds_msgs
[1.077s] -- Up-to-date: /home/nayab/dev_ws/install/abds_msgs/include/abds_msgs
[1.081s] -- Up-to-date: /home/nayab/dev_ws/install/abds_msgs/include/abds_msgs/msg
[1.082s] -- Up-to-date: /home/nayab/dev_ws/install/abds_msgs/include/abds_msgs/msg/bounding_box.h
[1.084s] -- Up-to-date: /home/nayab/dev_ws/install/abds_msgs/include/abds_msgs/msg/rosidl_generator_c__visibility_control.h
[1.084s] -- Up-to-date: /home/nayab/dev_ws/install/abds_msgs/include/abds_msgs/msg/test_state.h
[1.084s] -- Up-to-date: /home/nayab/dev_ws/install/abds_msgs/include/abds_msgs/msg/vehicle_state.h
[1.085s] -- Up-to-date: /home/nayab/dev_ws/install/abds_msgs/include/abds_msgs/msg/detail
[1.085s] -- Up-to-date: /home/nayab/dev_ws/install/abds_msgs/include/abds_msgs/msg/detail/trajectory_point__functions.c
[1.086s] -- Up-to-date: /home/nayab/dev_ws/install/abds_msgs/include/abds_msgs/msg/detail/test_state__type_support.h
[1.086s] -- Up-to-date: /home/nayab/dev_ws/install/abds_msgs/include/abds_msgs/msg/detail/bounding_box__type_support.h
[1.086s] -- Up-to-date: /home/nayab/dev_ws/install/abds_msgs/include/abds_msgs/msg/detail/trajectory__type_support.h
[1.088s] -- Up-to-date: /home/nayab/dev_ws/install/abds_msgs/include/abds_msgs/msg/detail/vehicle_command__functions.c
[1.088s] -- Up-to-date: /home/nayab/dev_ws/install/abds_msgs/include/abds_msgs/msg/detail/bounding_box__functions.c
[1.089s] -- Up-to-date: /home/nayab/dev_ws/install/abds_msgs/include/abds_msgs/msg/detail/trajectory__struct.h
[1.090s] -- Up-to-date: /home/nayab/dev_ws/install/abds_msgs/include/abds_msgs/msg/detail/bounding_boxes__functions.h
[1.091s] -- Up-to-date: /home/nayab/dev_ws/install/abds_msgs/include/abds_msgs/msg/detail/trajectory_point__type_support.h
[1.091s] -- Up-to-date: /home/nayab/dev_ws/install/abds_msgs/include/abds_msgs/msg/detail/trajectory__functions.c
[1.092s] -- Up-to-date: /home/nayab/dev_ws/install/abds_msgs/include/abds_msgs/msg/detail/vehicle_command__type_support.h
[1.092s] -- Up-to-date: /home/nayab/dev_ws/install/abds_msgs/include/abds_msgs/msg/detail/bounding_box__struct.h
[1.092s] -- Up-to-date: /home/nayab/dev_ws/install/abds_msgs/include/abds_msgs/msg/detail/bounding_boxes__type_support.h
[1.093s] -- Up-to-date: /home/nayab/dev_ws/install/abds_msgs/include/abds_msgs/msg/detail/bounding_boxes__struct.h
[1.093s] -- Up-to-date: /home/nayab/dev_ws/install/abds_msgs/include/abds_msgs/msg/detail/vehicle_state__functions.h
[1.093s] -- Up-to-date: /home/nayab/dev_ws/install/abds_msgs/include/abds_msgs/msg/detail/vehicle_state__type_support.h
[1.093s] -- Up-to-date: /home/nayab/dev_ws/install/abds_msgs/include/abds_msgs/msg/detail/test_state__functions.c
[1.093s] -- Up-to-date: /home/nayab/dev_ws/install/abds_msgs/include/abds_msgs/msg/detail/bounding_boxes__functions.c
[1.094s] -- Up-to-date: /home/nayab/dev_ws/install/abds_msgs/include/abds_msgs/msg/detail/test_state__struct.h
[1.094s] -- Up-to-date: /home/nayab/dev_ws/install/abds_msgs/include/abds_msgs/msg/detail/vehicle_state__struct.h
[1.094s] -- Up-to-date: /home/nayab/dev_ws/install/abds_msgs/include/abds_msgs/msg/detail/test_state__functions.h
[1.094s] -- Up-to-date: /home/nayab/dev_ws/install/abds_msgs/include/abds_msgs/msg/detail/bounding_box__functions.h
[1.094s] -- Up-to-date: /home/nayab/dev_ws/install/abds_msgs/include/abds_msgs/msg/detail/vehicle_command__struct.h
[1.095s] -- Up-to-date: /home/nayab/dev_ws/install/abds_msgs/include/abds_msgs/msg/detail/vehicle_state__functions.c
[1.095s] -- Up-to-date: /home/nayab/dev_ws/install/abds_msgs/include/abds_msgs/msg/detail/vehicle_command__functions.h
[1.095s] -- Up-to-date: /home/nayab/dev_ws/install/abds_msgs/include/abds_msgs/msg/detail/trajectory_point__struct.h
[1.095s] -- Up-to-date: /home/nayab/dev_ws/install/abds_msgs/include/abds_msgs/msg/detail/trajectory__functions.h
[1.096s] -- Up-to-date: /home/nayab/dev_ws/install/abds_msgs/include/abds_msgs/msg/detail/trajectory_point__functions.h
[1.098s] -- Up-to-date: /home/nayab/dev_ws/install/abds_msgs/include/abds_msgs/msg/bounding_boxes.h
[1.098s] -- Up-to-date: /home/nayab/dev_ws/install/abds_msgs/include/abds_msgs/msg/trajectory_point.h
[1.098s] -- Up-to-date: /home/nayab/dev_ws/install/abds_msgs/include/abds_msgs/msg/trajectory.h
[1.098s] -- Up-to-date: /home/nayab/dev_ws/install/abds_msgs/include/abds_msgs/msg/vehicle_command.h
[1.100s] -- Up-to-date: /home/nayab/dev_ws/install/abds_msgs/share/abds_msgs/environment/library_path.sh
[1.101s] -- Up-to-date: /home/nayab/dev_ws/install/abds_msgs/share/abds_msgs/environment/library_path.dsv
[1.101s] -- Up-to-date: /home/nayab/dev_ws/install/abds_msgs/lib/libabds_msgs__rosidl_generator_c.so
[1.101s] -- Up-to-date: /home/nayab/dev_ws/install/abds_msgs/include/abds_msgs
[1.101s] -- Up-to-date: /home/nayab/dev_ws/install/abds_msgs/include/abds_msgs/msg
[1.101s] -- Up-to-date: /home/nayab/dev_ws/install/abds_msgs/include/abds_msgs/msg/detail
[1.102s] -- Up-to-date: /home/nayab/dev_ws/install/abds_msgs/include/abds_msgs/msg/detail/bounding_boxes__rosidl_typesupport_fastrtps_c.h
[1.102s] -- Up-to-date: /home/nayab/dev_ws/install/abds_msgs/include/abds_msgs/msg/detail/vehicle_state__rosidl_typesupport_fastrtps_c.h
[1.102s] -- Up-to-date: /home/nayab/dev_ws/install/abds_msgs/include/abds_msgs/msg/detail/bounding_box__rosidl_typesupport_fastrtps_c.h
[1.102s] -- Up-to-date: /home/nayab/dev_ws/install/abds_msgs/include/abds_msgs/msg/detail/trajectory_point__rosidl_typesupport_fastrtps_c.h
[1.102s] -- Up-to-date: /home/nayab/dev_ws/install/abds_msgs/include/abds_msgs/msg/detail/trajectory__rosidl_typesupport_fastrtps_c.h
[1.102s] -- Up-to-date: /home/nayab/dev_ws/install/abds_msgs/include/abds_msgs/msg/detail/vehicle_command__rosidl_typesupport_fastrtps_c.h
[1.103s] -- Up-to-date: /home/nayab/dev_ws/install/abds_msgs/include/abds_msgs/msg/detail/test_state__rosidl_typesupport_fastrtps_c.h
[1.103s] -- Up-to-date: /home/nayab/dev_ws/install/abds_msgs/include/abds_msgs/msg/rosidl_typesupport_fastrtps_c__visibility_control.h
[1.103s] -- Up-to-date: /home/nayab/dev_ws/install/abds_msgs/lib/libabds_msgs__rosidl_typesupport_fastrtps_c.so
[1.103s] -- Up-to-date: /home/nayab/dev_ws/install/abds_msgs/include/abds_msgs
[1.104s] -- Up-to-date: /home/nayab/dev_ws/install/abds_msgs/include/abds_msgs/msg
[1.104s] -- Up-to-date: /home/nayab/dev_ws/install/abds_msgs/include/abds_msgs/msg/rosidl_typesupport_fastrtps_cpp__visibility_control.h
[1.104s] -- Up-to-date: /home/nayab/dev_ws/install/abds_msgs/include/abds_msgs/msg/detail
[1.105s] -- Up-to-date: /home/nayab/dev_ws/install/abds_msgs/include/abds_msgs/msg/detail/bounding_box__rosidl_typesupport_fastrtps_cpp.hpp
[1.105s] -- Up-to-date: /home/nayab/dev_ws/install/abds_msgs/include/abds_msgs/msg/detail/bounding_boxes__rosidl_typesupport_fastrtps_cpp.hpp
[1.105s] -- Up-to-date: /home/nayab/dev_ws/install/abds_msgs/include/abds_msgs/msg/detail/dds_fastrtps
[1.105s] -- Up-to-date: /home/nayab/dev_ws/install/abds_msgs/include/abds_msgs/msg/detail/vehicle_state__rosidl_typesupport_fastrtps_cpp.hpp
[1.105s] -- Up-to-date: /home/nayab/dev_ws/install/abds_msgs/include/abds_msgs/msg/detail/trajectory_point__rosidl_typesupport_fastrtps_cpp.hpp
[1.106s] -- Up-to-date: /home/nayab/dev_ws/install/abds_msgs/include/abds_msgs/msg/detail/trajectory__rosidl_typesupport_fastrtps_cpp.hpp
[1.106s] -- Up-to-date: /home/nayab/dev_ws/install/abds_msgs/include/abds_msgs/msg/detail/vehicle_command__rosidl_typesupport_fastrtps_cpp.hpp
[1.106s] -- Up-to-date: /home/nayab/dev_ws/install/abds_msgs/include/abds_msgs/msg/detail/test_state__rosidl_typesupport_fastrtps_cpp.hpp
[1.106s] -- Up-to-date: /home/nayab/dev_ws/install/abds_msgs/lib/libabds_msgs__rosidl_typesupport_fastrtps_cpp.so
[1.106s] -- Up-to-date: /home/nayab/dev_ws/install/abds_msgs/include/abds_msgs
[1.106s] -- Up-to-date: /home/nayab/dev_ws/install/abds_msgs/include/abds_msgs/msg
[1.108s] -- Up-to-date: /home/nayab/dev_ws/install/abds_msgs/include/abds_msgs/msg/detail
[1.109s] -- Up-to-date: /home/nayab/dev_ws/install/abds_msgs/include/abds_msgs/msg/detail/trajectory_point__type_support.c
[1.109s] -- Up-to-date: /home/nayab/dev_ws/install/abds_msgs/include/abds_msgs/msg/detail/bounding_box__type_support.c
[1.109s] -- Up-to-date: /home/nayab/dev_ws/install/abds_msgs/include/abds_msgs/msg/detail/vehicle_state__type_support.c
[1.110s] -- Up-to-date: /home/nayab/dev_ws/install/abds_msgs/include/abds_msgs/msg/detail/vehicle_command__type_support.c
[1.110s] -- Up-to-date: /home/nayab/dev_ws/install/abds_msgs/include/abds_msgs/msg/detail/bounding_box__rosidl_typesupport_introspection_c.h
[1.110s] -- Up-to-date: /home/nayab/dev_ws/install/abds_msgs/include/abds_msgs/msg/detail/trajectory__rosidl_typesupport_introspection_c.h
[1.111s] -- Up-to-date: /home/nayab/dev_ws/install/abds_msgs/include/abds_msgs/msg/detail/trajectory_point__rosidl_typesupport_introspection_c.h
[1.111s] -- Up-to-date: /home/nayab/dev_ws/install/abds_msgs/include/abds_msgs/msg/detail/bounding_boxes__type_support.c
[1.111s] -- Up-to-date: /home/nayab/dev_ws/install/abds_msgs/include/abds_msgs/msg/detail/test_state__rosidl_typesupport_introspection_c.h
[1.112s] -- Up-to-date: /home/nayab/dev_ws/install/abds_msgs/include/abds_msgs/msg/detail/vehicle_state__rosidl_typesupport_introspection_c.h
[1.113s] -- Up-to-date: /home/nayab/dev_ws/install/abds_msgs/include/abds_msgs/msg/detail/trajectory__type_support.c
[1.113s] -- Up-to-date: /home/nayab/dev_ws/install/abds_msgs/include/abds_msgs/msg/detail/vehicle_command__rosidl_typesupport_introspection_c.h
[1.114s] -- Up-to-date: /home/nayab/dev_ws/install/abds_msgs/include/abds_msgs/msg/detail/bounding_boxes__rosidl_typesupport_introspection_c.h
[1.115s] -- Up-to-date: /home/nayab/dev_ws/install/abds_msgs/include/abds_msgs/msg/detail/test_state__type_support.c
[1.115s] -- Up-to-date: /home/nayab/dev_ws/install/abds_msgs/include/abds_msgs/msg/rosidl_typesupport_introspection_c__visibility_control.h
[1.115s] -- Up-to-date: /home/nayab/dev_ws/install/abds_msgs/lib/libabds_msgs__rosidl_typesupport_introspection_c.so
[1.115s] -- Up-to-date: /home/nayab/dev_ws/install/abds_msgs/lib/libabds_msgs__rosidl_typesupport_c.so
[1.116s] -- Up-to-date: /home/nayab/dev_ws/install/abds_msgs/include/abds_msgs
[1.116s] -- Up-to-date: /home/nayab/dev_ws/install/abds_msgs/include/abds_msgs/msg
[1.117s] -- Up-to-date: /home/nayab/dev_ws/install/abds_msgs/include/abds_msgs/msg/vehicle_command.hpp
[1.117s] -- Up-to-date: /home/nayab/dev_ws/install/abds_msgs/include/abds_msgs/msg/test_state.hpp
[1.117s] -- Up-to-date: /home/nayab/dev_ws/install/abds_msgs/include/abds_msgs/msg/trajectory.hpp
[1.117s] -- Up-to-date: /home/nayab/dev_ws/install/abds_msgs/include/abds_msgs/msg/detail
[1.118s] -- Up-to-date: /home/nayab/dev_ws/install/abds_msgs/include/abds_msgs/msg/detail/vehicle_command__traits.hpp
[1.118s] -- Up-to-date: /home/nayab/dev_ws/install/abds_msgs/include/abds_msgs/msg/detail/trajectory_point__struct.hpp
[1.119s] -- Up-to-date: /home/nayab/dev_ws/install/abds_msgs/include/abds_msgs/msg/detail/bounding_box__traits.hpp
[1.119s] -- Up-to-date: /home/nayab/dev_ws/install/abds_msgs/include/abds_msgs/msg/detail/vehicle_state__builder.hpp
[1.120s] -- Up-to-date: /home/nayab/dev_ws/install/abds_msgs/include/abds_msgs/msg/detail/test_state__struct.hpp
[1.121s] -- Up-to-date: /home/nayab/dev_ws/install/abds_msgs/include/abds_msgs/msg/detail/bounding_boxes__traits.hpp
[1.121s] -- Up-to-date: /home/nayab/dev_ws/install/abds_msgs/include/abds_msgs/msg/detail/trajectory_point__traits.hpp
[1.121s] -- Up-to-date: /home/nayab/dev_ws/install/abds_msgs/include/abds_msgs/msg/detail/vehicle_command__builder.hpp
[1.121s] -- Up-to-date: /home/nayab/dev_ws/install/abds_msgs/include/abds_msgs/msg/detail/vehicle_state__struct.hpp
[1.122s] -- Up-to-date: /home/nayab/dev_ws/install/abds_msgs/include/abds_msgs/msg/detail/trajectory__struct.hpp
[1.122s] -- Up-to-date: /home/nayab/dev_ws/install/abds_msgs/include/abds_msgs/msg/detail/vehicle_command__struct.hpp
[1.122s] -- Up-to-date: /home/nayab/dev_ws/install/abds_msgs/include/abds_msgs/msg/detail/bounding_boxes__builder.hpp
[1.123s] -- Up-to-date: /home/nayab/dev_ws/install/abds_msgs/include/abds_msgs/msg/detail/bounding_boxes__struct.hpp
[1.123s] -- Up-to-date: /home/nayab/dev_ws/install/abds_msgs/include/abds_msgs/msg/detail/test_state__builder.hpp
[1.123s] -- Up-to-date: /home/nayab/dev_ws/install/abds_msgs/include/abds_msgs/msg/detail/trajectory_point__builder.hpp
[1.123s] -- Up-to-date: /home/nayab/dev_ws/install/abds_msgs/include/abds_msgs/msg/detail/bounding_box__builder.hpp
[1.123s] -- Up-to-date: /home/nayab/dev_ws/install/abds_msgs/include/abds_msgs/msg/detail/trajectory__builder.hpp
[1.123s] -- Up-to-date: /home/nayab/dev_ws/install/abds_msgs/include/abds_msgs/msg/detail/test_state__traits.hpp
[1.123s] -- Up-to-date: /home/nayab/dev_ws/install/abds_msgs/include/abds_msgs/msg/detail/trajectory__traits.hpp
[1.124s] -- Up-to-date: /home/nayab/dev_ws/install/abds_msgs/include/abds_msgs/msg/detail/bounding_box__struct.hpp
[1.124s] -- Up-to-date: /home/nayab/dev_ws/install/abds_msgs/include/abds_msgs/msg/detail/vehicle_state__traits.hpp
[1.124s] -- Up-to-date: /home/nayab/dev_ws/install/abds_msgs/include/abds_msgs/msg/vehicle_state.hpp
[1.125s] -- Up-to-date: /home/nayab/dev_ws/install/abds_msgs/include/abds_msgs/msg/bounding_box.hpp
[1.125s] -- Up-to-date: /home/nayab/dev_ws/install/abds_msgs/include/abds_msgs/msg/trajectory_point.hpp
[1.126s] -- Up-to-date: /home/nayab/dev_ws/install/abds_msgs/include/abds_msgs/msg/bounding_boxes.hpp
[1.126s] -- Up-to-date: /home/nayab/dev_ws/install/abds_msgs/include/abds_msgs
[1.127s] -- Up-to-date: /home/nayab/dev_ws/install/abds_msgs/include/abds_msgs/msg
[1.128s] -- Up-to-date: /home/nayab/dev_ws/install/abds_msgs/include/abds_msgs/msg/detail
[1.128s] -- Up-to-date: /home/nayab/dev_ws/install/abds_msgs/include/abds_msgs/msg/detail/trajectory_point__type_support.cpp
[1.129s] -- Up-to-date: /home/nayab/dev_ws/install/abds_msgs/include/abds_msgs/msg/detail/vehicle_command__rosidl_typesupport_introspection_cpp.hpp
[1.130s] -- Up-to-date: /home/nayab/dev_ws/install/abds_msgs/include/abds_msgs/msg/detail/bounding_box__type_support.cpp
[1.130s] -- Up-to-date: /home/nayab/dev_ws/install/abds_msgs/include/abds_msgs/msg/detail/vehicle_command__type_support.cpp
[1.135s] -- Up-to-date: /home/nayab/dev_ws/install/abds_msgs/include/abds_msgs/msg/detail/vehicle_state__type_support.cpp
[1.136s] -- Up-to-date: /home/nayab/dev_ws/install/abds_msgs/include/abds_msgs/msg/detail/test_state__type_support.cpp
[1.136s] -- Up-to-date: /home/nayab/dev_ws/install/abds_msgs/include/abds_msgs/msg/detail/bounding_box__rosidl_typesupport_introspection_cpp.hpp
[1.137s] -- Up-to-date: /home/nayab/dev_ws/install/abds_msgs/include/abds_msgs/msg/detail/bounding_boxes__type_support.cpp
[1.137s] -- Up-to-date: /home/nayab/dev_ws/install/abds_msgs/include/abds_msgs/msg/detail/trajectory__rosidl_typesupport_introspection_cpp.hpp
[1.138s] -- Up-to-date: /home/nayab/dev_ws/install/abds_msgs/include/abds_msgs/msg/detail/test_state__rosidl_typesupport_introspection_cpp.hpp
[1.138s] -- Up-to-date: /home/nayab/dev_ws/install/abds_msgs/include/abds_msgs/msg/detail/vehicle_state__rosidl_typesupport_introspection_cpp.hpp
[1.138s] -- Up-to-date: /home/nayab/dev_ws/install/abds_msgs/include/abds_msgs/msg/detail/trajectory__type_support.cpp
[1.139s] -- Up-to-date: /home/nayab/dev_ws/install/abds_msgs/include/abds_msgs/msg/detail/trajectory_point__rosidl_typesupport_introspection_cpp.hpp
[1.139s] -- Up-to-date: /home/nayab/dev_ws/install/abds_msgs/include/abds_msgs/msg/detail/bounding_boxes__rosidl_typesupport_introspection_cpp.hpp
[1.140s] -- Up-to-date: /home/nayab/dev_ws/install/abds_msgs/lib/libabds_msgs__rosidl_typesupport_introspection_cpp.so
[1.143s] -- Up-to-date: /home/nayab/dev_ws/install/abds_msgs/lib/libabds_msgs__rosidl_typesupport_cpp.so
[1.143s] -- Up-to-date: /home/nayab/dev_ws/install/abds_msgs/share/abds_msgs/environment/pythonpath.sh
[1.144s] -- Up-to-date: /home/nayab/dev_ws/install/abds_msgs/share/abds_msgs/environment/pythonpath.dsv
[1.144s] -- Up-to-date: /home/nayab/dev_ws/install/abds_msgs/lib/python3.8/site-packages/abds_msgs/__init__.py
[1.169s] -- Up-to-date: /home/nayab/dev_ws/install/abds_msgs/lib/python3.8/site-packages/abds_msgs/msg
[1.171s] -- Up-to-date: /home/nayab/dev_ws/install/abds_msgs/lib/python3.8/site-packages/abds_msgs/msg/_bounding_boxes.py
[1.172s] -- Up-to-date: /home/nayab/dev_ws/install/abds_msgs/lib/python3.8/site-packages/abds_msgs/msg/_vehicle_state_s.c
[1.172s] -- Up-to-date: /home/nayab/dev_ws/install/abds_msgs/lib/python3.8/site-packages/abds_msgs/msg/__init__.py
[1.174s] -- Up-to-date: /home/nayab/dev_ws/install/abds_msgs/lib/python3.8/site-packages/abds_msgs/msg/_vehicle_command.py
[1.174s] -- Up-to-date: /home/nayab/dev_ws/install/abds_msgs/lib/python3.8/site-packages/abds_msgs/msg/_trajectory_point.py
[1.175s] -- Up-to-date: /home/nayab/dev_ws/install/abds_msgs/lib/python3.8/site-packages/abds_msgs/msg/_vehicle_state.py
[1.175s] -- Up-to-date: /home/nayab/dev_ws/install/abds_msgs/lib/python3.8/site-packages/abds_msgs/msg/_trajectory.py
[1.175s] -- Up-to-date: /home/nayab/dev_ws/install/abds_msgs/lib/python3.8/site-packages/abds_msgs/msg/_vehicle_command_s.c
[1.176s] -- Up-to-date: /home/nayab/dev_ws/install/abds_msgs/lib/python3.8/site-packages/abds_msgs/msg/_test_state.py
[1.176s] -- Up-to-date: /home/nayab/dev_ws/install/abds_msgs/lib/python3.8/site-packages/abds_msgs/msg/_trajectory_point_s.c
[1.176s] -- Up-to-date: /home/nayab/dev_ws/install/abds_msgs/lib/python3.8/site-packages/abds_msgs/msg/_trajectory_s.c
[1.177s] -- Up-to-date: /home/nayab/dev_ws/install/abds_msgs/lib/python3.8/site-packages/abds_msgs/msg/_test_state_s.c
[1.179s] -- Up-to-date: /home/nayab/dev_ws/install/abds_msgs/lib/python3.8/site-packages/abds_msgs/msg/_bounding_box.py
[1.180s] -- Up-to-date: /home/nayab/dev_ws/install/abds_msgs/lib/python3.8/site-packages/abds_msgs/msg/_bounding_box_s.c
[1.181s] -- Up-to-date: /home/nayab/dev_ws/install/abds_msgs/lib/python3.8/site-packages/abds_msgs/msg/_bounding_boxes_s.c
[1.189s] -- Up-to-date: /home/nayab/dev_ws/install/abds_msgs/lib/python3.8/site-packages/abds_msgs/abds_msgs_s__rosidl_typesupport_fastrtps_c.cpython-38-x86_64-linux-gnu.so
[1.189s] -- Up-to-date: /home/nayab/dev_ws/install/abds_msgs/lib/python3.8/site-packages/abds_msgs/abds_msgs_s__rosidl_typesupport_introspection_c.cpython-38-x86_64-linux-gnu.so
[1.190s] -- Up-to-date: /home/nayab/dev_ws/install/abds_msgs/lib/python3.8/site-packages/abds_msgs/abds_msgs_s__rosidl_typesupport_c.cpython-38-x86_64-linux-gnu.so
[1.192s] -- Up-to-date: /home/nayab/dev_ws/install/abds_msgs/lib/libabds_msgs__python.so
[1.193s] -- Up-to-date: /home/nayab/dev_ws/install/abds_msgs/share/abds_msgs/msg/BoundingBox.idl
[1.194s] -- Up-to-date: /home/nayab/dev_ws/install/abds_msgs/share/abds_msgs/msg/BoundingBoxes.idl
[1.195s] -- Up-to-date: /home/nayab/dev_ws/install/abds_msgs/share/abds_msgs/msg/TrajectoryPoint.idl
[1.199s] -- Up-to-date: /home/nayab/dev_ws/install/abds_msgs/share/abds_msgs/msg/Trajectory.idl
[1.200s] -- Up-to-date: /home/nayab/dev_ws/install/abds_msgs/share/abds_msgs/msg/VehicleCommand.idl
[1.200s] -- Up-to-date: /home/nayab/dev_ws/install/abds_msgs/share/abds_msgs/msg/VehicleState.idl
[1.201s] -- Up-to-date: /home/nayab/dev_ws/install/abds_msgs/share/abds_msgs/msg/TestState.idl
[1.201s] -- Up-to-date: /home/nayab/dev_ws/install/abds_msgs/share/abds_msgs/msg/BoundingBox.msg
[1.202s] -- Up-to-date: /home/nayab/dev_ws/install/abds_msgs/share/abds_msgs/msg/BoundingBoxes.msg
[1.202s] -- Up-to-date: /home/nayab/dev_ws/install/abds_msgs/share/abds_msgs/msg/TrajectoryPoint.msg
[1.203s] -- Up-to-date: /home/nayab/dev_ws/install/abds_msgs/share/abds_msgs/msg/Trajectory.msg
[1.203s] -- Up-to-date: /home/nayab/dev_ws/install/abds_msgs/share/abds_msgs/msg/VehicleCommand.msg
[1.203s] -- Up-to-date: /home/nayab/dev_ws/install/abds_msgs/share/abds_msgs/msg/VehicleState.msg
[1.204s] -- Up-to-date: /home/nayab/dev_ws/install/abds_msgs/share/abds_msgs/msg/TestState.msg
[1.205s] -- Up-to-date: /home/nayab/dev_ws/install/abds_msgs/share/ament_index/resource_index/package_run_dependencies/abds_msgs
[1.205s] -- Up-to-date: /home/nayab/dev_ws/install/abds_msgs/share/ament_index/resource_index/parent_prefix_path/abds_msgs
[1.206s] -- Up-to-date: /home/nayab/dev_ws/install/abds_msgs/share/abds_msgs/environment/ament_prefix_path.sh
[1.206s] -- Up-to-date: /home/nayab/dev_ws/install/abds_msgs/share/abds_msgs/environment/ament_prefix_path.dsv
[1.206s] -- Up-to-date: /home/nayab/dev_ws/install/abds_msgs/share/abds_msgs/environment/path.sh
[1.207s] -- Up-to-date: /home/nayab/dev_ws/install/abds_msgs/share/abds_msgs/environment/path.dsv
[1.207s] -- Up-to-date: /home/nayab/dev_ws/install/abds_msgs/share/abds_msgs/local_setup.bash
[1.208s] -- Up-to-date: /home/nayab/dev_ws/install/abds_msgs/share/abds_msgs/local_setup.sh
[1.209s] -- Up-to-date: /home/nayab/dev_ws/install/abds_msgs/share/abds_msgs/local_setup.zsh
[1.209s] -- Up-to-date: /home/nayab/dev_ws/install/abds_msgs/share/abds_msgs/local_setup.dsv
[1.210s] -- Installing: /home/nayab/dev_ws/install/abds_msgs/share/abds_msgs/package.dsv
[1.211s] -- Up-to-date: /home/nayab/dev_ws/install/abds_msgs/share/ament_index/resource_index/packages/abds_msgs
[1.212s] -- Up-to-date: /home/nayab/dev_ws/install/abds_msgs/share/abds_msgs/cmake/abds_msgs__rosidl_generator_cExport.cmake
[1.213s] -- Up-to-date: /home/nayab/dev_ws/install/abds_msgs/share/abds_msgs/cmake/abds_msgs__rosidl_generator_cExport-noconfig.cmake
[1.215s] -- Up-to-date: /home/nayab/dev_ws/install/abds_msgs/share/abds_msgs/cmake/abds_msgs__rosidl_typesupport_introspection_cExport.cmake
[1.218s] -- Up-to-date: /home/nayab/dev_ws/install/abds_msgs/share/abds_msgs/cmake/abds_msgs__rosidl_typesupport_introspection_cExport-noconfig.cmake
[1.219s] -- Up-to-date: /home/nayab/dev_ws/install/abds_msgs/share/abds_msgs/cmake/abds_msgs__rosidl_typesupport_cExport.cmake
[1.223s] -- Up-to-date: /home/nayab/dev_ws/install/abds_msgs/share/abds_msgs/cmake/abds_msgs__rosidl_typesupport_cExport-noconfig.cmake
[1.234s] -- Up-to-date: /home/nayab/dev_ws/install/abds_msgs/share/abds_msgs/cmake/abds_msgs__rosidl_generator_cppExport.cmake
[1.236s] -- Up-to-date: /home/nayab/dev_ws/install/abds_msgs/share/abds_msgs/cmake/abds_msgs__rosidl_typesupport_introspection_cppExport.cmake
[1.238s] -- Up-to-date: /home/nayab/dev_ws/install/abds_msgs/share/abds_msgs/cmake/abds_msgs__rosidl_typesupport_introspection_cppExport-noconfig.cmake
[1.248s] -- Up-to-date: /home/nayab/dev_ws/install/abds_msgs/share/abds_msgs/cmake/abds_msgs__rosidl_typesupport_cppExport.cmake
[1.249s] -- Up-to-date: /home/nayab/dev_ws/install/abds_msgs/share/abds_msgs/cmake/abds_msgs__rosidl_typesupport_cppExport-noconfig.cmake
[1.250s] -- Up-to-date: /home/nayab/dev_ws/install/abds_msgs/share/abds_msgs/cmake/rosidl_cmake-extras.cmake
[1.252s] -- Up-to-date: /home/nayab/dev_ws/install/abds_msgs/share/abds_msgs/cmake/ament_cmake_export_dependencies-extras.cmake
[1.253s] -- Up-to-date: /home/nayab/dev_ws/install/abds_msgs/share/abds_msgs/cmake/ament_cmake_export_libraries-extras.cmake
[1.255s] -- Up-to-date: /home/nayab/dev_ws/install/abds_msgs/share/abds_msgs/cmake/ament_cmake_export_targets-extras.cmake
[1.258s] -- Up-to-date: /home/nayab/dev_ws/install/abds_msgs/share/abds_msgs/cmake/ament_cmake_export_include_directories-extras.cmake
[1.261s] -- Up-to-date: /home/nayab/dev_ws/install/abds_msgs/share/abds_msgs/cmake/rosidl_cmake_export_typesupport_libraries-extras.cmake
[1.262s] -- Up-to-date: /home/nayab/dev_ws/install/abds_msgs/share/abds_msgs/cmake/rosidl_cmake_export_typesupport_targets-extras.cmake
[1.265s] -- Up-to-date: /home/nayab/dev_ws/install/abds_msgs/share/abds_msgs/cmake/abds_msgsConfig.cmake
[1.265s] -- Up-to-date: /home/nayab/dev_ws/install/abds_msgs/share/abds_msgs/cmake/abds_msgsConfig-version.cmake
[1.266s] -- Up-to-date: /home/nayab/dev_ws/install/abds_msgs/share/abds_msgs/package.xml
[1.266s] Invoked command in '/home/nayab/dev_ws/build/abds_msgs' returned '0': CMAKE_PREFIX_PATH=/opt/ros/foxy:${CMAKE_PREFIX_PATH} /usr/bin/cmake --install /home/nayab/dev_ws/build/abds_msgs
