[1.340s] Invoking command in '/home/nayab/dev_ws/src/py_pubsub': PYTHONPATH=/home/nayab/dev_ws/install/py_pubsub/lib/python3.8/site-packages:${PYTHONPATH} /usr/bin/python3 setup.py egg_info --egg-base ../../build/py_pubsub build --build-base /home/nayab/dev_ws/build/py_pubsub/build install --prefix /home/nayab/dev_ws/install/py_pubsub --record /home/nayab/dev_ws/build/py_pubsub/install.log --single-version-externally-managed
[1.618s] running egg_info
[1.619s] writing ../../build/py_pubsub/py_pubsub.egg-info/PKG-INFO
[1.620s] writing dependency_links to ../../build/py_pubsub/py_pubsub.egg-info/dependency_links.txt
[1.620s] writing entry points to ../../build/py_pubsub/py_pubsub.egg-info/entry_points.txt
[1.621s] writing requirements to ../../build/py_pubsub/py_pubsub.egg-info/requires.txt
[1.621s] writing top-level names to ../../build/py_pubsub/py_pubsub.egg-info/top_level.txt
[1.662s] reading manifest file '../../build/py_pubsub/py_pubsub.egg-info/SOURCES.txt'
[1.663s] writing manifest file '../../build/py_pubsub/py_pubsub.egg-info/SOURCES.txt'
[1.663s] running build
[1.664s] running build_py
[1.664s] running install
[1.666s] running install_lib
[1.668s] running install_data
[1.668s] running install_egg_info
[1.671s] removing '/home/nayab/dev_ws/install/py_pubsub/lib/python3.8/site-packages/py_pubsub-0.0.0-py3.8.egg-info' (and everything under it)
[1.671s] Copying ../../build/py_pubsub/py_pubsub.egg-info to /home/nayab/dev_ws/install/py_pubsub/lib/python3.8/site-packages/py_pubsub-0.0.0-py3.8.egg-info
[1.673s] running install_scripts
[1.700s] Installing dbr_pub_old script to /home/nayab/dev_ws/install/py_pubsub/lib/py_pubsub
[1.707s] Installing listener script to /home/nayab/dev_ws/install/py_pubsub/lib/py_pubsub
[1.707s] Installing listener_old script to /home/nayab/dev_ws/install/py_pubsub/lib/py_pubsub
[1.708s] Installing talker script to /home/nayab/dev_ws/install/py_pubsub/lib/py_pubsub
[1.708s] Installing talker_old script to /home/nayab/dev_ws/install/py_pubsub/lib/py_pubsub
[1.709s] writing list of installed files to '/home/nayab/dev_ws/build/py_pubsub/install.log'
[1.765s] Invoked command in '/home/nayab/dev_ws/src/py_pubsub' returned '0': PYTHONPATH=/home/nayab/dev_ws/install/py_pubsub/lib/python3.8/site-packages:${PYTHONPATH} /usr/bin/python3 setup.py egg_info --egg-base ../../build/py_pubsub build --build-base /home/nayab/dev_ws/build/py_pubsub/build install --prefix /home/nayab/dev_ws/install/py_pubsub --record /home/nayab/dev_ws/build/py_pubsub/install.log --single-version-externally-managed
