[0.725s] Invoking command in '/home/nayab/dev_ws/src/my_package': PYTHONPATH=/home/nayab/dev_ws/install/my_package/lib/python3.8/site-packages:${PYTHONPATH} /usr/bin/python3 setup.py egg_info --egg-base ../../build/my_package build --build-base /home/nayab/dev_ws/build/my_package/build install --prefix /home/nayab/dev_ws/install/my_package --record /home/nayab/dev_ws/build/my_package/install.log --single-version-externally-managed
[0.974s] running egg_info
[0.976s] writing ../../build/my_package/my_package.egg-info/PKG-INFO
[0.977s] writing dependency_links to ../../build/my_package/my_package.egg-info/dependency_links.txt
[0.978s] writing entry points to ../../build/my_package/my_package.egg-info/entry_points.txt
[0.979s] writing requirements to ../../build/my_package/my_package.egg-info/requires.txt
[0.980s] writing top-level names to ../../build/my_package/my_package.egg-info/top_level.txt
[1.010s] reading manifest file '../../build/my_package/my_package.egg-info/SOURCES.txt'
[1.012s] writing manifest file '../../build/my_package/my_package.egg-info/SOURCES.txt'
[1.012s] running build
[1.012s] running build_py
[1.013s] running install
[1.014s] running install_lib
[1.016s] running install_data
[1.017s] running install_egg_info
[1.020s] removing '/home/nayab/dev_ws/install/my_package/lib/python3.8/site-packages/my_package-0.0.0-py3.8.egg-info' (and everything under it)
[1.021s] Copying ../../build/my_package/my_package.egg-info to /home/nayab/dev_ws/install/my_package/lib/python3.8/site-packages/my_package-0.0.0-py3.8.egg-info
[1.024s] running install_scripts
[1.058s] Installing my_node script to /home/nayab/dev_ws/install/my_package/lib/my_package
[1.058s] writing list of installed files to '/home/nayab/dev_ws/build/my_package/install.log'
[1.110s] Invoked command in '/home/nayab/dev_ws/src/my_package' returned '0': PYTHONPATH=/home/nayab/dev_ws/install/my_package/lib/python3.8/site-packages:${PYTHONPATH} /usr/bin/python3 setup.py egg_info --egg-base ../../build/my_package build --build-base /home/nayab/dev_ws/build/my_package/build install --prefix /home/nayab/dev_ws/install/my_package --record /home/nayab/dev_ws/build/my_package/install.log --single-version-externally-managed
