[0.849s] Invoking command in '/home/nayab/dev_ws/src/py_pubsub': AMENT_PREFIX_PATH=/home/nayab/dev_ws/install/rc_interfaces:${AMENT_PREFIX_PATH} CMAKE_PREFIX_PATH=/home/nayab/dev_ws/install/rc_interfaces:${CMAKE_PREFIX_PATH} LD_LIBRARY_PATH=/home/nayab/dev_ws/install/rc_interfaces/lib:${LD_LIBRARY_PATH} PYTHONPATH=/home/nayab/dev_ws/install/py_pubsub/lib/python3.8/site-packages:/home/nayab/dev_ws/install/rc_interfaces/lib/python3.8/site-packages:${PYTHONPATH} /usr/bin/python3 setup.py egg_info --egg-base ../../build/py_pubsub build --build-base /home/nayab/dev_ws/build/py_pubsub/build install --prefix /home/nayab/dev_ws/install/py_pubsub --record /home/nayab/dev_ws/build/py_pubsub/install.log --single-version-externally-managed
[1.086s] running egg_info
[1.086s] writing ../../build/py_pubsub/py_pubsub.egg-info/PKG-INFO
[1.087s] writing dependency_links to ../../build/py_pubsub/py_pubsub.egg-info/dependency_links.txt
[1.087s] writing entry points to ../../build/py_pubsub/py_pubsub.egg-info/entry_points.txt
[1.087s] writing requirements to ../../build/py_pubsub/py_pubsub.egg-info/requires.txt
[1.087s] writing top-level names to ../../build/py_pubsub/py_pubsub.egg-info/top_level.txt
[1.119s] reading manifest file '../../build/py_pubsub/py_pubsub.egg-info/SOURCES.txt'
[1.120s] writing manifest file '../../build/py_pubsub/py_pubsub.egg-info/SOURCES.txt'
[1.120s] running build
[1.120s] running build_py
[1.121s] copying py_pubsub/dbr_pub_oldschool.py -> /home/nayab/dev_ws/build/py_pubsub/build/lib/py_pubsub
[1.121s] running install
[1.122s] running install_lib
[1.123s] copying /home/nayab/dev_ws/build/py_pubsub/build/lib/py_pubsub/dbr_pub_oldschool.py -> /home/nayab/dev_ws/install/py_pubsub/lib/python3.8/site-packages/py_pubsub
[1.123s] byte-compiling /home/nayab/dev_ws/install/py_pubsub/lib/python3.8/site-packages/py_pubsub/dbr_pub_oldschool.py to dbr_pub_oldschool.cpython-38.pyc
[1.127s] running install_data
[1.128s] copying package.xml -> /home/nayab/dev_ws/install/py_pubsub/share/py_pubsub
[1.128s] running install_egg_info
[1.129s] removing '/home/nayab/dev_ws/install/py_pubsub/lib/python3.8/site-packages/py_pubsub-0.0.0-py3.8.egg-info' (and everything under it)
[1.130s] Copying ../../build/py_pubsub/py_pubsub.egg-info to /home/nayab/dev_ws/install/py_pubsub/lib/python3.8/site-packages/py_pubsub-0.0.0-py3.8.egg-info
[1.130s] running install_scripts
[1.147s] Installing dbr_pub_old script to /home/nayab/dev_ws/install/py_pubsub/lib/py_pubsub
[1.147s] Installing listener script to /home/nayab/dev_ws/install/py_pubsub/lib/py_pubsub
[1.147s] Installing listener_old script to /home/nayab/dev_ws/install/py_pubsub/lib/py_pubsub
[1.147s] Installing talker script to /home/nayab/dev_ws/install/py_pubsub/lib/py_pubsub
[1.147s] Installing talker_old script to /home/nayab/dev_ws/install/py_pubsub/lib/py_pubsub
[1.148s] writing list of installed files to '/home/nayab/dev_ws/build/py_pubsub/install.log'
[1.172s] Invoked command in '/home/nayab/dev_ws/src/py_pubsub' returned '0': AMENT_PREFIX_PATH=/home/nayab/dev_ws/install/rc_interfaces:${AMENT_PREFIX_PATH} CMAKE_PREFIX_PATH=/home/nayab/dev_ws/install/rc_interfaces:${CMAKE_PREFIX_PATH} LD_LIBRARY_PATH=/home/nayab/dev_ws/install/rc_interfaces/lib:${LD_LIBRARY_PATH} PYTHONPATH=/home/nayab/dev_ws/install/py_pubsub/lib/python3.8/site-packages:/home/nayab/dev_ws/install/rc_interfaces/lib/python3.8/site-packages:${PYTHONPATH} /usr/bin/python3 setup.py egg_info --egg-base ../../build/py_pubsub build --build-base /home/nayab/dev_ws/build/py_pubsub/build install --prefix /home/nayab/dev_ws/install/py_pubsub --record /home/nayab/dev_ws/build/py_pubsub/install.log --single-version-externally-managed
