-- Found ament_cmake: 0.9.9 (/opt/ros/foxy/share/ament_cmake/cmake)
-- Found PythonInterp: /usr/bin/python3 (found suitable version "3.8.10", minimum required is "3") 
-- Using PYTHON_EXECUTABLE: /usr/bin/python3
-- Found rosidl_default_generators: 1.0.1 (/opt/ros/foxy/share/rosidl_default_generators/cmake)
-- Using all available rosidl_typesupport_c: rosidl_typesupport_fastrtps_c;rosidl_typesupport_introspection_c
-- Found rosidl_adapter: 1.2.1 (/opt/ros/foxy/share/rosidl_adapter/cmake)
-- Using all available rosidl_typesupport_cpp: rosidl_typesupport_fastrtps_cpp;rosidl_typesupport_introspection_cpp
-- Found PythonInterp: /usr/bin/python3 (found version "3.8.10") 
-- Found ament_cmake_ros: 0.9.2 (/opt/ros/foxy/share/ament_cmake_ros/cmake)
-- Using all available rosidl_typesupport_c: rosidl_typesupport_fastrtps_c;rosidl_typesupport_introspection_c
-- Using all available rosidl_typesupport_cpp: rosidl_typesupport_fastrtps_cpp;rosidl_typesupport_introspection_cpp
-- Found PythonInterp: /usr/bin/python3 (found suitable version "3.8.10", minimum required is "3.5") 
-- Found python_cmake_module: 0.8.1 (/opt/ros/foxy/share/python_cmake_module/cmake)
-- Found PythonLibs: /usr/lib/x86_64-linux-gnu/libpython3.8.so (found suitable version "3.8.10", minimum required is "3.5") 
-- Using PYTHON_EXECUTABLE: /usr/bin/python3
-- Using PYTHON_INCLUDE_DIRS: /usr/include/python3.8
-- Using PYTHON_LIBRARIES: /usr/lib/x86_64-linux-gnu/libpython3.8.so
-- Found PythonExtra: .so  
-- Found ament_lint_auto: 0.9.6 (/opt/ros/foxy/share/ament_lint_auto/cmake)
-- Added test 'copyright' to check source files copyright and LICENSE
-- Added test 'lint_cmake' to check CMake code style
-- Added test 'xmllint' to check XML markup files
-- Configuring done
-- Generating done
-- Build files have been written to: /home/nayab/dev_ws/build/ether_follow_interfaces
[35m[1mScanning dependencies of target ether_follow_interfaces__cpp[0m
[  3%] [34m[1mGenerating C code for ROS interfaces[0m
[  6%] [34m[1mGenerating C++ code for ROS interfaces[0m
[  6%] Built target ether_follow_interfaces__cpp
[  9%] [34m[1mGenerating C++ introspection for ROS interfaces[0m
[ 12%] [34m[1mGenerating C++ type support for eProsima Fast-RTPS[0m
[35m[1mScanning dependencies of target ether_follow_interfaces__rosidl_generator_c[0m
[ 16%] [32mBuilding C object CMakeFiles/ether_follow_interfaces__rosidl_generator_c.dir/rosidl_generator_c/ether_follow_interfaces/msg/detail/ether_message__functions.c.o[0m
[ 19%] [34m[1mGenerating C++ type support dispatch for ROS interfaces[0m
[ 22%] [32m[1mLinking C shared library libether_follow_interfaces__rosidl_generator_c.so[0m
[ 22%] Built target ether_follow_interfaces__rosidl_generator_c
[35m[1mScanning dependencies of target ether_follow_interfaces__rosidl_typesupport_introspection_cpp[0m
[ 25%] [34m[1mGenerating C introspection for ROS interfaces[0m
[ 29%] [32mBuilding CXX object CMakeFiles/ether_follow_interfaces__rosidl_typesupport_introspection_cpp.dir/rosidl_typesupport_introspection_cpp/ether_follow_interfaces/msg/detail/ether_message__type_support.cpp.o[0m
[35m[1mScanning dependencies of target ether_follow_interfaces__rosidl_typesupport_fastrtps_cpp[0m
[ 32%] [32mBuilding CXX object CMakeFiles/ether_follow_interfaces__rosidl_typesupport_fastrtps_cpp.dir/rosidl_typesupport_fastrtps_cpp/ether_follow_interfaces/msg/detail/dds_fastrtps/ether_message__type_support.cpp.o[0m
[35m[1mScanning dependencies of target ether_follow_interfaces__rosidl_typesupport_cpp[0m
[ 35%] [32mBuilding CXX object CMakeFiles/ether_follow_interfaces__rosidl_typesupport_cpp.dir/rosidl_typesupport_cpp/ether_follow_interfaces/msg/ether_message__type_support.cpp.o[0m
[35m[1mScanning dependencies of target ether_follow_interfaces__rosidl_typesupport_introspection_c[0m
[ 38%] [32mBuilding C object CMakeFiles/ether_follow_interfaces__rosidl_typesupport_introspection_c.dir/rosidl_typesupport_introspection_c/ether_follow_interfaces/msg/detail/ether_message__type_support.c.o[0m
[ 41%] [32m[1mLinking C shared library libether_follow_interfaces__rosidl_typesupport_introspection_c.so[0m
[ 45%] [32m[1mLinking CXX shared library libether_follow_interfaces__rosidl_typesupport_introspection_cpp.so[0m
[ 45%] Built target ether_follow_interfaces__rosidl_typesupport_introspection_c
[ 48%] [32m[1mLinking CXX shared library libether_follow_interfaces__rosidl_typesupport_cpp.so[0m
[ 51%] [34m[1mGenerating C type support dispatch for ROS interfaces[0m
[ 54%] [32m[1mLinking CXX shared library libether_follow_interfaces__rosidl_typesupport_fastrtps_cpp.so[0m
[ 54%] Built target ether_follow_interfaces__rosidl_typesupport_introspection_cpp
[ 54%] Built target ether_follow_interfaces__rosidl_typesupport_cpp
[ 54%] Built target ether_follow_interfaces__rosidl_typesupport_fastrtps_cpp
[ 58%] [34m[1mGenerating C type support for eProsima Fast-RTPS[0m
[35m[1mScanning dependencies of target ether_follow_interfaces__rosidl_typesupport_c[0m
[ 61%] [32mBuilding CXX object CMakeFiles/ether_follow_interfaces__rosidl_typesupport_c.dir/rosidl_typesupport_c/ether_follow_interfaces/msg/ether_message__type_support.cpp.o[0m
[ 64%] [32m[1mLinking CXX shared library libether_follow_interfaces__rosidl_typesupport_c.so[0m
[ 64%] Built target ether_follow_interfaces__rosidl_typesupport_c
[35m[1mScanning dependencies of target ether_follow_interfaces__rosidl_typesupport_fastrtps_c[0m
[ 67%] [32mBuilding CXX object CMakeFiles/ether_follow_interfaces__rosidl_typesupport_fastrtps_c.dir/rosidl_typesupport_fastrtps_c/ether_follow_interfaces/msg/detail/ether_message__type_support_c.cpp.o[0m
[ 70%] [32m[1mLinking CXX shared library libether_follow_interfaces__rosidl_typesupport_fastrtps_c.so[0m
[ 70%] Built target ether_follow_interfaces__rosidl_typesupport_fastrtps_c
[35m[1mScanning dependencies of target ether_follow_interfaces[0m
[ 70%] Built target ether_follow_interfaces
[35m[1mScanning dependencies of target ether_follow_interfaces__py[0m
[ 74%] [34m[1mGenerating Python code for ROS interfaces[0m
[ 74%] Built target ether_follow_interfaces__py
[35m[1mScanning dependencies of target ether_follow_interfaces__python[0m
[ 77%] [32mBuilding C object CMakeFiles/ether_follow_interfaces__python.dir/rosidl_generator_py/ether_follow_interfaces/msg/_ether_message_s.c.o[0m
[ 80%] [32m[1mLinking C shared library rosidl_generator_py/ether_follow_interfaces/libether_follow_interfaces__python.so[0m
[ 80%] Built target ether_follow_interfaces__python
[35m[1mScanning dependencies of target ether_follow_interfaces__rosidl_typesupport_introspection_c__pyext[0m
[35m[1mScanning dependencies of target ether_follow_interfaces__rosidl_typesupport_fastrtps_c__pyext[0m
[35m[1mScanning dependencies of target ether_follow_interfaces__rosidl_typesupport_c__pyext[0m
[ 83%] [32mBuilding C object CMakeFiles/ether_follow_interfaces__rosidl_typesupport_c__pyext.dir/rosidl_generator_py/ether_follow_interfaces/_ether_follow_interfaces_s.ep.rosidl_typesupport_c.c.o[0m
[ 87%] [32mBuilding C object CMakeFiles/ether_follow_interfaces__rosidl_typesupport_fastrtps_c__pyext.dir/rosidl_generator_py/ether_follow_interfaces/_ether_follow_interfaces_s.ep.rosidl_typesupport_fastrtps_c.c.o[0m
[ 90%] [32mBuilding C object CMakeFiles/ether_follow_interfaces__rosidl_typesupport_introspection_c__pyext.dir/rosidl_generator_py/ether_follow_interfaces/_ether_follow_interfaces_s.ep.rosidl_typesupport_introspection_c.c.o[0m
[ 93%] [32m[1mLinking CXX shared library rosidl_generator_py/ether_follow_interfaces/ether_follow_interfaces_s__rosidl_typesupport_fastrtps_c.cpython-38-x86_64-linux-gnu.so[0m
[ 96%] [32m[1mLinking C shared library rosidl_generator_py/ether_follow_interfaces/ether_follow_interfaces_s__rosidl_typesupport_introspection_c.cpython-38-x86_64-linux-gnu.so[0m
[100%] [32m[1mLinking C shared library rosidl_generator_py/ether_follow_interfaces/ether_follow_interfaces_s__rosidl_typesupport_c.cpython-38-x86_64-linux-gnu.so[0m
[100%] Built target ether_follow_interfaces__rosidl_typesupport_fastrtps_c__pyext
[100%] Built target ether_follow_interfaces__rosidl_typesupport_introspection_c__pyext
[100%] Built target ether_follow_interfaces__rosidl_typesupport_c__pyext
-- Install configuration: ""
-- Installing: /home/nayab/dev_ws/install/ether_follow_interfaces/share/ament_index/resource_index/rosidl_interfaces/ether_follow_interfaces
-- Installing: /home/nayab/dev_ws/install/ether_follow_interfaces/include/ether_follow_interfaces
-- Installing: /home/nayab/dev_ws/install/ether_follow_interfaces/include/ether_follow_interfaces/msg
-- Installing: /home/nayab/dev_ws/install/ether_follow_interfaces/include/ether_follow_interfaces/msg/detail
-- Installing: /home/nayab/dev_ws/install/ether_follow_interfaces/include/ether_follow_interfaces/msg/detail/ether_message__struct.h
-- Installing: /home/nayab/dev_ws/install/ether_follow_interfaces/include/ether_follow_interfaces/msg/detail/ether_message__type_support.h
-- Installing: /home/nayab/dev_ws/install/ether_follow_interfaces/include/ether_follow_interfaces/msg/detail/ether_message__functions.h
-- Installing: /home/nayab/dev_ws/install/ether_follow_interfaces/include/ether_follow_interfaces/msg/detail/ether_message__functions.c
-- Installing: /home/nayab/dev_ws/install/ether_follow_interfaces/include/ether_follow_interfaces/msg/ether_message.h
-- Installing: /home/nayab/dev_ws/install/ether_follow_interfaces/include/ether_follow_interfaces/msg/rosidl_generator_c__visibility_control.h
-- Installing: /home/nayab/dev_ws/install/ether_follow_interfaces/share/ether_follow_interfaces/environment/library_path.sh
-- Installing: /home/nayab/dev_ws/install/ether_follow_interfaces/share/ether_follow_interfaces/environment/library_path.dsv
-- Installing: /home/nayab/dev_ws/install/ether_follow_interfaces/lib/libether_follow_interfaces__rosidl_generator_c.so
-- Set runtime path of "/home/nayab/dev_ws/install/ether_follow_interfaces/lib/libether_follow_interfaces__rosidl_generator_c.so" to ""
-- Up-to-date: /home/nayab/dev_ws/install/ether_follow_interfaces/include/ether_follow_interfaces
-- Up-to-date: /home/nayab/dev_ws/install/ether_follow_interfaces/include/ether_follow_interfaces/msg
-- Up-to-date: /home/nayab/dev_ws/install/ether_follow_interfaces/include/ether_follow_interfaces/msg/detail
-- Installing: /home/nayab/dev_ws/install/ether_follow_interfaces/include/ether_follow_interfaces/msg/detail/ether_message__rosidl_typesupport_fastrtps_c.h
-- Installing: /home/nayab/dev_ws/install/ether_follow_interfaces/include/ether_follow_interfaces/msg/rosidl_typesupport_fastrtps_c__visibility_control.h
-- Installing: /home/nayab/dev_ws/install/ether_follow_interfaces/lib/libether_follow_interfaces__rosidl_typesupport_fastrtps_c.so
-- Set runtime path of "/home/nayab/dev_ws/install/ether_follow_interfaces/lib/libether_follow_interfaces__rosidl_typesupport_fastrtps_c.so" to ""
-- Up-to-date: /home/nayab/dev_ws/install/ether_follow_interfaces/include/ether_follow_interfaces
-- Up-to-date: /home/nayab/dev_ws/install/ether_follow_interfaces/include/ether_follow_interfaces/msg
-- Up-to-date: /home/nayab/dev_ws/install/ether_follow_interfaces/include/ether_follow_interfaces/msg/detail
-- Installing: /home/nayab/dev_ws/install/ether_follow_interfaces/include/ether_follow_interfaces/msg/detail/dds_fastrtps
-- Installing: /home/nayab/dev_ws/install/ether_follow_interfaces/include/ether_follow_interfaces/msg/detail/ether_message__rosidl_typesupport_fastrtps_cpp.hpp
-- Installing: /home/nayab/dev_ws/install/ether_follow_interfaces/include/ether_follow_interfaces/msg/rosidl_typesupport_fastrtps_cpp__visibility_control.h
-- Installing: /home/nayab/dev_ws/install/ether_follow_interfaces/lib/libether_follow_interfaces__rosidl_typesupport_fastrtps_cpp.so
-- Set runtime path of "/home/nayab/dev_ws/install/ether_follow_interfaces/lib/libether_follow_interfaces__rosidl_typesupport_fastrtps_cpp.so" to ""
-- Up-to-date: /home/nayab/dev_ws/install/ether_follow_interfaces/include/ether_follow_interfaces
-- Up-to-date: /home/nayab/dev_ws/install/ether_follow_interfaces/include/ether_follow_interfaces/msg
-- Installing: /home/nayab/dev_ws/install/ether_follow_interfaces/include/ether_follow_interfaces/msg/rosidl_typesupport_introspection_c__visibility_control.h
-- Up-to-date: /home/nayab/dev_ws/install/ether_follow_interfaces/include/ether_follow_interfaces/msg/detail
-- Installing: /home/nayab/dev_ws/install/ether_follow_interfaces/include/ether_follow_interfaces/msg/detail/ether_message__type_support.c
-- Installing: /home/nayab/dev_ws/install/ether_follow_interfaces/include/ether_follow_interfaces/msg/detail/ether_message__rosidl_typesupport_introspection_c.h
-- Installing: /home/nayab/dev_ws/install/ether_follow_interfaces/lib/libether_follow_interfaces__rosidl_typesupport_introspection_c.so
-- Set runtime path of "/home/nayab/dev_ws/install/ether_follow_interfaces/lib/libether_follow_interfaces__rosidl_typesupport_introspection_c.so" to ""
-- Installing: /home/nayab/dev_ws/install/ether_follow_interfaces/lib/libether_follow_interfaces__rosidl_typesupport_c.so
-- Set runtime path of "/home/nayab/dev_ws/install/ether_follow_interfaces/lib/libether_follow_interfaces__rosidl_typesupport_c.so" to ""
-- Up-to-date: /home/nayab/dev_ws/install/ether_follow_interfaces/include/ether_follow_interfaces
-- Up-to-date: /home/nayab/dev_ws/install/ether_follow_interfaces/include/ether_follow_interfaces/msg
-- Installing: /home/nayab/dev_ws/install/ether_follow_interfaces/include/ether_follow_interfaces/msg/ether_message.hpp
-- Up-to-date: /home/nayab/dev_ws/install/ether_follow_interfaces/include/ether_follow_interfaces/msg/detail
-- Installing: /home/nayab/dev_ws/install/ether_follow_interfaces/include/ether_follow_interfaces/msg/detail/ether_message__struct.hpp
-- Installing: /home/nayab/dev_ws/install/ether_follow_interfaces/include/ether_follow_interfaces/msg/detail/ether_message__traits.hpp
-- Installing: /home/nayab/dev_ws/install/ether_follow_interfaces/include/ether_follow_interfaces/msg/detail/ether_message__builder.hpp
-- Up-to-date: /home/nayab/dev_ws/install/ether_follow_interfaces/include/ether_follow_interfaces
-- Up-to-date: /home/nayab/dev_ws/install/ether_follow_interfaces/include/ether_follow_interfaces/msg
-- Up-to-date: /home/nayab/dev_ws/install/ether_follow_interfaces/include/ether_follow_interfaces/msg/detail
-- Installing: /home/nayab/dev_ws/install/ether_follow_interfaces/include/ether_follow_interfaces/msg/detail/ether_message__type_support.cpp
-- Installing: /home/nayab/dev_ws/install/ether_follow_interfaces/include/ether_follow_interfaces/msg/detail/ether_message__rosidl_typesupport_introspection_cpp.hpp
-- Installing: /home/nayab/dev_ws/install/ether_follow_interfaces/lib/libether_follow_interfaces__rosidl_typesupport_introspection_cpp.so
-- Set runtime path of "/home/nayab/dev_ws/install/ether_follow_interfaces/lib/libether_follow_interfaces__rosidl_typesupport_introspection_cpp.so" to ""
-- Installing: /home/nayab/dev_ws/install/ether_follow_interfaces/lib/libether_follow_interfaces__rosidl_typesupport_cpp.so
-- Set runtime path of "/home/nayab/dev_ws/install/ether_follow_interfaces/lib/libether_follow_interfaces__rosidl_typesupport_cpp.so" to ""
-- Installing: /home/nayab/dev_ws/install/ether_follow_interfaces/share/ether_follow_interfaces/environment/pythonpath.sh
-- Installing: /home/nayab/dev_ws/install/ether_follow_interfaces/share/ether_follow_interfaces/environment/pythonpath.dsv
-- Installing: /home/nayab/dev_ws/install/ether_follow_interfaces/lib/python3.8/site-packages/ether_follow_interfaces/__init__.py
Compiling '/home/nayab/dev_ws/install/ether_follow_interfaces/lib/python3.8/site-packages/ether_follow_interfaces/__init__.py'...
-- Installing: /home/nayab/dev_ws/install/ether_follow_interfaces/lib/python3.8/site-packages/ether_follow_interfaces/msg
-- Installing: /home/nayab/dev_ws/install/ether_follow_interfaces/lib/python3.8/site-packages/ether_follow_interfaces/msg/__init__.py
-- Installing: /home/nayab/dev_ws/install/ether_follow_interfaces/lib/python3.8/site-packages/ether_follow_interfaces/msg/_ether_message.py
-- Installing: /home/nayab/dev_ws/install/ether_follow_interfaces/lib/python3.8/site-packages/ether_follow_interfaces/msg/_ether_message_s.c
-- Installing: /home/nayab/dev_ws/install/ether_follow_interfaces/lib/python3.8/site-packages/ether_follow_interfaces/ether_follow_interfaces_s__rosidl_typesupport_fastrtps_c.cpython-38-x86_64-linux-gnu.so
-- Set runtime path of "/home/nayab/dev_ws/install/ether_follow_interfaces/lib/python3.8/site-packages/ether_follow_interfaces/ether_follow_interfaces_s__rosidl_typesupport_fastrtps_c.cpython-38-x86_64-linux-gnu.so" to ""
-- Installing: /home/nayab/dev_ws/install/ether_follow_interfaces/lib/python3.8/site-packages/ether_follow_interfaces/ether_follow_interfaces_s__rosidl_typesupport_introspection_c.cpython-38-x86_64-linux-gnu.so
-- Set runtime path of "/home/nayab/dev_ws/install/ether_follow_interfaces/lib/python3.8/site-packages/ether_follow_interfaces/ether_follow_interfaces_s__rosidl_typesupport_introspection_c.cpython-38-x86_64-linux-gnu.so" to ""
-- Installing: /home/nayab/dev_ws/install/ether_follow_interfaces/lib/python3.8/site-packages/ether_follow_interfaces/ether_follow_interfaces_s__rosidl_typesupport_c.cpython-38-x86_64-linux-gnu.so
-- Set runtime path of "/home/nayab/dev_ws/install/ether_follow_interfaces/lib/python3.8/site-packages/ether_follow_interfaces/ether_follow_interfaces_s__rosidl_typesupport_c.cpython-38-x86_64-linux-gnu.so" to ""
-- Installing: /home/nayab/dev_ws/install/ether_follow_interfaces/lib/libether_follow_interfaces__python.so
-- Set runtime path of "/home/nayab/dev_ws/install/ether_follow_interfaces/lib/libether_follow_interfaces__python.so" to ""
-- Installing: /home/nayab/dev_ws/install/ether_follow_interfaces/share/ether_follow_interfaces/msg/EtherMessage.idl
-- Installing: /home/nayab/dev_ws/install/ether_follow_interfaces/share/ether_follow_interfaces/msg/EtherMessage.msg
-- Installing: /home/nayab/dev_ws/install/ether_follow_interfaces/share/ament_index/resource_index/package_run_dependencies/ether_follow_interfaces
-- Installing: /home/nayab/dev_ws/install/ether_follow_interfaces/share/ament_index/resource_index/parent_prefix_path/ether_follow_interfaces
-- Installing: /home/nayab/dev_ws/install/ether_follow_interfaces/share/ether_follow_interfaces/environment/ament_prefix_path.sh
-- Installing: /home/nayab/dev_ws/install/ether_follow_interfaces/share/ether_follow_interfaces/environment/ament_prefix_path.dsv
-- Installing: /home/nayab/dev_ws/install/ether_follow_interfaces/share/ether_follow_interfaces/environment/path.sh
-- Installing: /home/nayab/dev_ws/install/ether_follow_interfaces/share/ether_follow_interfaces/environment/path.dsv
-- Installing: /home/nayab/dev_ws/install/ether_follow_interfaces/share/ether_follow_interfaces/local_setup.bash
-- Installing: /home/nayab/dev_ws/install/ether_follow_interfaces/share/ether_follow_interfaces/local_setup.sh
-- Installing: /home/nayab/dev_ws/install/ether_follow_interfaces/share/ether_follow_interfaces/local_setup.zsh
-- Installing: /home/nayab/dev_ws/install/ether_follow_interfaces/share/ether_follow_interfaces/local_setup.dsv
-- Installing: /home/nayab/dev_ws/install/ether_follow_interfaces/share/ether_follow_interfaces/package.dsv
-- Installing: /home/nayab/dev_ws/install/ether_follow_interfaces/share/ament_index/resource_index/packages/ether_follow_interfaces
-- Installing: /home/nayab/dev_ws/install/ether_follow_interfaces/share/ether_follow_interfaces/cmake/ether_follow_interfaces__rosidl_generator_cExport.cmake
-- Installing: /home/nayab/dev_ws/install/ether_follow_interfaces/share/ether_follow_interfaces/cmake/ether_follow_interfaces__rosidl_generator_cExport-noconfig.cmake
-- Installing: /home/nayab/dev_ws/install/ether_follow_interfaces/share/ether_follow_interfaces/cmake/ether_follow_interfaces__rosidl_typesupport_introspection_cExport.cmake
-- Installing: /home/nayab/dev_ws/install/ether_follow_interfaces/share/ether_follow_interfaces/cmake/ether_follow_interfaces__rosidl_typesupport_introspection_cExport-noconfig.cmake
-- Installing: /home/nayab/dev_ws/install/ether_follow_interfaces/share/ether_follow_interfaces/cmake/ether_follow_interfaces__rosidl_typesupport_cExport.cmake
-- Installing: /home/nayab/dev_ws/install/ether_follow_interfaces/share/ether_follow_interfaces/cmake/ether_follow_interfaces__rosidl_typesupport_cExport-noconfig.cmake
-- Installing: /home/nayab/dev_ws/install/ether_follow_interfaces/share/ether_follow_interfaces/cmake/ether_follow_interfaces__rosidl_generator_cppExport.cmake
-- Installing: /home/nayab/dev_ws/install/ether_follow_interfaces/share/ether_follow_interfaces/cmake/ether_follow_interfaces__rosidl_typesupport_introspection_cppExport.cmake
-- Installing: /home/nayab/dev_ws/install/ether_follow_interfaces/share/ether_follow_interfaces/cmake/ether_follow_interfaces__rosidl_typesupport_introspection_cppExport-noconfig.cmake
-- Installing: /home/nayab/dev_ws/install/ether_follow_interfaces/share/ether_follow_interfaces/cmake/ether_follow_interfaces__rosidl_typesupport_cppExport.cmake
-- Installing: /home/nayab/dev_ws/install/ether_follow_interfaces/share/ether_follow_interfaces/cmake/ether_follow_interfaces__rosidl_typesupport_cppExport-noconfig.cmake
-- Installing: /home/nayab/dev_ws/install/ether_follow_interfaces/share/ether_follow_interfaces/cmake/rosidl_cmake-extras.cmake
-- Installing: /home/nayab/dev_ws/install/ether_follow_interfaces/share/ether_follow_interfaces/cmake/ament_cmake_export_dependencies-extras.cmake
-- Installing: /home/nayab/dev_ws/install/ether_follow_interfaces/share/ether_follow_interfaces/cmake/ament_cmake_export_libraries-extras.cmake
-- Installing: /home/nayab/dev_ws/install/ether_follow_interfaces/share/ether_follow_interfaces/cmake/ament_cmake_export_targets-extras.cmake
-- Installing: /home/nayab/dev_ws/install/ether_follow_interfaces/share/ether_follow_interfaces/cmake/ament_cmake_export_include_directories-extras.cmake
-- Installing: /home/nayab/dev_ws/install/ether_follow_interfaces/share/ether_follow_interfaces/cmake/rosidl_cmake_export_typesupport_libraries-extras.cmake
-- Installing: /home/nayab/dev_ws/install/ether_follow_interfaces/share/ether_follow_interfaces/cmake/rosidl_cmake_export_typesupport_targets-extras.cmake
-- Installing: /home/nayab/dev_ws/install/ether_follow_interfaces/share/ether_follow_interfaces/cmake/ether_follow_interfacesConfig.cmake
-- Installing: /home/nayab/dev_ws/install/ether_follow_interfaces/share/ether_follow_interfaces/cmake/ether_follow_interfacesConfig-version.cmake
-- Installing: /home/nayab/dev_ws/install/ether_follow_interfaces/share/ether_follow_interfaces/package.xml
