[0.296s] Invoking command in '/home/nayab/dev_ws/build/ether_follow_interfaces': CMAKE_PREFIX_PATH=/opt/ros/foxy:${CMAKE_PREFIX_PATH} /usr/bin/cmake /home/nayab/dev_ws/src/ether_follow_interfaces -DCMAKE_INSTALL_PREFIX=/home/nayab/dev_ws/install/ether_follow_interfaces
[0.562s] -- Found ament_cmake: 0.9.9 (/opt/ros/foxy/share/ament_cmake/cmake)
[0.562s] -- Found PythonInterp: /usr/bin/python3 (found suitable version "3.8.10", minimum required is "3") 
[0.562s] -- Using PYTHON_EXECUTABLE: /usr/bin/python3
[0.562s] -- Found rosidl_default_generators: 1.0.1 (/opt/ros/foxy/share/rosidl_default_generators/cmake)
[0.563s] -- Using all available rosidl_typesupport_c: rosidl_typesupport_fastrtps_c;rosidl_typesupport_introspection_c
[0.563s] -- Found rosidl_adapter: 1.2.1 (/opt/ros/foxy/share/rosidl_adapter/cmake)
[0.695s] -- Using all available rosidl_typesupport_cpp: rosidl_typesupport_fastrtps_cpp;rosidl_typesupport_introspection_cpp
[0.742s] -- Found PythonInterp: /usr/bin/python3 (found version "3.8.10") 
[0.883s] -- Found ament_cmake_ros: 0.9.2 (/opt/ros/foxy/share/ament_cmake_ros/cmake)
[1.033s] -- Using all available rosidl_typesupport_c: rosidl_typesupport_fastrtps_c;rosidl_typesupport_introspection_c
[1.040s] -- Using all available rosidl_typesupport_cpp: rosidl_typesupport_fastrtps_cpp;rosidl_typesupport_introspection_cpp
[1.069s] -- Found PythonInterp: /usr/bin/python3 (found suitable version "3.8.10", minimum required is "3.5") 
[1.070s] -- Found python_cmake_module: 0.8.1 (/opt/ros/foxy/share/python_cmake_module/cmake)
[1.099s] -- Found PythonLibs: /usr/lib/x86_64-linux-gnu/libpython3.8.so (found suitable version "3.8.10", minimum required is "3.5") 
[1.100s] -- Using PYTHON_EXECUTABLE: /usr/bin/python3
[1.100s] -- Using PYTHON_INCLUDE_DIRS: /usr/include/python3.8
[1.100s] -- Using PYTHON_LIBRARIES: /usr/lib/x86_64-linux-gnu/libpython3.8.so
[1.122s] -- Found PythonExtra: .so  
[1.164s] -- Found ament_lint_auto: 0.9.6 (/opt/ros/foxy/share/ament_lint_auto/cmake)
[1.186s] -- Added test 'copyright' to check source files copyright and LICENSE
[1.188s] -- Added test 'lint_cmake' to check CMake code style
[1.189s] -- Added test 'xmllint' to check XML markup files
[1.196s] -- Configuring done
[1.232s] -- Generating done
[1.237s] -- Build files have been written to: /home/nayab/dev_ws/build/ether_follow_interfaces
[1.261s] Invoked command in '/home/nayab/dev_ws/build/ether_follow_interfaces' returned '0': CMAKE_PREFIX_PATH=/opt/ros/foxy:${CMAKE_PREFIX_PATH} /usr/bin/cmake /home/nayab/dev_ws/src/ether_follow_interfaces -DCMAKE_INSTALL_PREFIX=/home/nayab/dev_ws/install/ether_follow_interfaces
[1.264s] Invoking command in '/home/nayab/dev_ws/build/ether_follow_interfaces': CMAKE_PREFIX_PATH=/opt/ros/foxy:${CMAKE_PREFIX_PATH} /usr/bin/cmake --build /home/nayab/dev_ws/build/ether_follow_interfaces -- -j4 -l4
[1.322s] [35m[1mScanning dependencies of target ether_follow_interfaces__cpp[0m
[1.332s] [  3%] [34m[1mGenerating C code for ROS interfaces[0m
[1.343s] [  6%] [34m[1mGenerating C++ code for ROS interfaces[0m
[1.588s] [  6%] Built target ether_follow_interfaces__cpp
[1.600s] [  9%] [34m[1mGenerating C++ introspection for ROS interfaces[0m
[1.612s] [ 12%] [34m[1mGenerating C++ type support for eProsima Fast-RTPS[0m
[1.612s] [35m[1mScanning dependencies of target ether_follow_interfaces__rosidl_generator_c[0m
[1.625s] [ 16%] [32mBuilding C object CMakeFiles/ether_follow_interfaces__rosidl_generator_c.dir/rosidl_generator_c/ether_follow_interfaces/msg/detail/ether_message__functions.c.o[0m
[1.635s] [ 19%] [34m[1mGenerating C++ type support dispatch for ROS interfaces[0m
[1.668s] [ 22%] [32m[1mLinking C shared library libether_follow_interfaces__rosidl_generator_c.so[0m
[1.800s] [ 22%] Built target ether_follow_interfaces__rosidl_generator_c
[1.857s] [35m[1mScanning dependencies of target ether_follow_interfaces__rosidl_typesupport_introspection_cpp[0m
[1.857s] [ 25%] [34m[1mGenerating C introspection for ROS interfaces[0m
[1.910s] [ 29%] [32mBuilding CXX object CMakeFiles/ether_follow_interfaces__rosidl_typesupport_introspection_cpp.dir/rosidl_typesupport_introspection_cpp/ether_follow_interfaces/msg/detail/ether_message__type_support.cpp.o[0m
[1.950s] [35m[1mScanning dependencies of target ether_follow_interfaces__rosidl_typesupport_fastrtps_cpp[0m
[2.000s] [ 32%] [32mBuilding CXX object CMakeFiles/ether_follow_interfaces__rosidl_typesupport_fastrtps_cpp.dir/rosidl_typesupport_fastrtps_cpp/ether_follow_interfaces/msg/detail/dds_fastrtps/ether_message__type_support.cpp.o[0m
[2.011s] [35m[1mScanning dependencies of target ether_follow_interfaces__rosidl_typesupport_cpp[0m
[2.050s] [ 35%] [32mBuilding CXX object CMakeFiles/ether_follow_interfaces__rosidl_typesupport_cpp.dir/rosidl_typesupport_cpp/ether_follow_interfaces/msg/ether_message__type_support.cpp.o[0m
[2.228s] [35m[1mScanning dependencies of target ether_follow_interfaces__rosidl_typesupport_introspection_c[0m
[2.289s] [ 38%] [32mBuilding C object CMakeFiles/ether_follow_interfaces__rosidl_typesupport_introspection_c.dir/rosidl_typesupport_introspection_c/ether_follow_interfaces/msg/detail/ether_message__type_support.c.o[0m
[2.395s] [ 41%] [32m[1mLinking C shared library libether_follow_interfaces__rosidl_typesupport_introspection_c.so[0m
[2.439s] [ 45%] [32m[1mLinking CXX shared library libether_follow_interfaces__rosidl_typesupport_introspection_cpp.so[0m
[2.494s] [ 45%] Built target ether_follow_interfaces__rosidl_typesupport_introspection_c
[2.538s] [ 48%] [32m[1mLinking CXX shared library libether_follow_interfaces__rosidl_typesupport_cpp.so[0m
[2.546s] [ 51%] [34m[1mGenerating C type support dispatch for ROS interfaces[0m
[2.620s] [ 54%] [32m[1mLinking CXX shared library libether_follow_interfaces__rosidl_typesupport_fastrtps_cpp.so[0m
[2.625s] [ 54%] Built target ether_follow_interfaces__rosidl_typesupport_introspection_cpp
[2.629s] [ 54%] Built target ether_follow_interfaces__rosidl_typesupport_cpp
[2.758s] [ 54%] Built target ether_follow_interfaces__rosidl_typesupport_fastrtps_cpp
[2.782s] [ 58%] [34m[1mGenerating C type support for eProsima Fast-RTPS[0m
[2.855s] [35m[1mScanning dependencies of target ether_follow_interfaces__rosidl_typesupport_c[0m
[2.869s] [ 61%] [32mBuilding CXX object CMakeFiles/ether_follow_interfaces__rosidl_typesupport_c.dir/rosidl_typesupport_c/ether_follow_interfaces/msg/ether_message__type_support.cpp.o[0m
[2.918s] [ 64%] [32m[1mLinking CXX shared library libether_follow_interfaces__rosidl_typesupport_c.so[0m
[2.991s] [ 64%] Built target ether_follow_interfaces__rosidl_typesupport_c
[3.066s] [35m[1mScanning dependencies of target ether_follow_interfaces__rosidl_typesupport_fastrtps_c[0m
[3.087s] [ 67%] [32mBuilding CXX object CMakeFiles/ether_follow_interfaces__rosidl_typesupport_fastrtps_c.dir/rosidl_typesupport_fastrtps_c/ether_follow_interfaces/msg/detail/ether_message__type_support_c.cpp.o[0m
[3.464s] [ 70%] [32m[1mLinking CXX shared library libether_follow_interfaces__rosidl_typesupport_fastrtps_c.so[0m
[3.563s] [ 70%] Built target ether_follow_interfaces__rosidl_typesupport_fastrtps_c
[3.575s] [35m[1mScanning dependencies of target ether_follow_interfaces[0m
[3.585s] [ 70%] Built target ether_follow_interfaces
[3.596s] [35m[1mScanning dependencies of target ether_follow_interfaces__py[0m
[3.607s] [ 74%] [34m[1mGenerating Python code for ROS interfaces[0m
[3.968s] [ 74%] Built target ether_follow_interfaces__py
[3.980s] [35m[1mScanning dependencies of target ether_follow_interfaces__python[0m
[4.001s] [ 77%] [32mBuilding C object CMakeFiles/ether_follow_interfaces__python.dir/rosidl_generator_py/ether_follow_interfaces/msg/_ether_message_s.c.o[0m
[4.088s] [ 80%] [32m[1mLinking C shared library rosidl_generator_py/ether_follow_interfaces/libether_follow_interfaces__python.so[0m
[4.126s] [ 80%] Built target ether_follow_interfaces__python
[4.137s] [35m[1mScanning dependencies of target ether_follow_interfaces__rosidl_typesupport_introspection_c__pyext[0m
[4.137s] [35m[1mScanning dependencies of target ether_follow_interfaces__rosidl_typesupport_fastrtps_c__pyext[0m
[4.137s] [35m[1mScanning dependencies of target ether_follow_interfaces__rosidl_typesupport_c__pyext[0m
[4.159s] [ 83%] [32mBuilding C object CMakeFiles/ether_follow_interfaces__rosidl_typesupport_c__pyext.dir/rosidl_generator_py/ether_follow_interfaces/_ether_follow_interfaces_s.ep.rosidl_typesupport_c.c.o[0m
[4.159s] [ 87%] [32mBuilding C object CMakeFiles/ether_follow_interfaces__rosidl_typesupport_fastrtps_c__pyext.dir/rosidl_generator_py/ether_follow_interfaces/_ether_follow_interfaces_s.ep.rosidl_typesupport_fastrtps_c.c.o[0m
[4.159s] [ 90%] [32mBuilding C object CMakeFiles/ether_follow_interfaces__rosidl_typesupport_introspection_c__pyext.dir/rosidl_generator_py/ether_follow_interfaces/_ether_follow_interfaces_s.ep.rosidl_typesupport_introspection_c.c.o[0m
[4.241s] [ 93%] [32m[1mLinking CXX shared library rosidl_generator_py/ether_follow_interfaces/ether_follow_interfaces_s__rosidl_typesupport_fastrtps_c.cpython-38-x86_64-linux-gnu.so[0m
[4.245s] [ 96%] [32m[1mLinking C shared library rosidl_generator_py/ether_follow_interfaces/ether_follow_interfaces_s__rosidl_typesupport_introspection_c.cpython-38-x86_64-linux-gnu.so[0m
[4.290s] [100%] [32m[1mLinking C shared library rosidl_generator_py/ether_follow_interfaces/ether_follow_interfaces_s__rosidl_typesupport_c.cpython-38-x86_64-linux-gnu.so[0m
[4.336s] [100%] Built target ether_follow_interfaces__rosidl_typesupport_fastrtps_c__pyext
[4.337s] [100%] Built target ether_follow_interfaces__rosidl_typesupport_introspection_c__pyext
[4.344s] [100%] Built target ether_follow_interfaces__rosidl_typesupport_c__pyext
[4.356s] Invoked command in '/home/nayab/dev_ws/build/ether_follow_interfaces' returned '0': CMAKE_PREFIX_PATH=/opt/ros/foxy:${CMAKE_PREFIX_PATH} /usr/bin/cmake --build /home/nayab/dev_ws/build/ether_follow_interfaces -- -j4 -l4
[4.411s] Invoking command in '/home/nayab/dev_ws/build/ether_follow_interfaces': CMAKE_PREFIX_PATH=/opt/ros/foxy:${CMAKE_PREFIX_PATH} /usr/bin/cmake --install /home/nayab/dev_ws/build/ether_follow_interfaces
[4.422s] -- Install configuration: ""
[4.422s] -- Installing: /home/nayab/dev_ws/install/ether_follow_interfaces/share/ament_index/resource_index/rosidl_interfaces/ether_follow_interfaces
[4.422s] -- Installing: /home/nayab/dev_ws/install/ether_follow_interfaces/include/ether_follow_interfaces
[4.423s] -- Installing: /home/nayab/dev_ws/install/ether_follow_interfaces/include/ether_follow_interfaces/msg
[4.423s] -- Installing: /home/nayab/dev_ws/install/ether_follow_interfaces/include/ether_follow_interfaces/msg/detail
[4.423s] -- Installing: /home/nayab/dev_ws/install/ether_follow_interfaces/include/ether_follow_interfaces/msg/detail/ether_message__struct.h
[4.423s] -- Installing: /home/nayab/dev_ws/install/ether_follow_interfaces/include/ether_follow_interfaces/msg/detail/ether_message__type_support.h
[4.423s] -- Installing: /home/nayab/dev_ws/install/ether_follow_interfaces/include/ether_follow_interfaces/msg/detail/ether_message__functions.h
[4.423s] -- Installing: /home/nayab/dev_ws/install/ether_follow_interfaces/include/ether_follow_interfaces/msg/detail/ether_message__functions.c
[4.423s] -- Installing: /home/nayab/dev_ws/install/ether_follow_interfaces/include/ether_follow_interfaces/msg/ether_message.h
[4.423s] -- Installing: /home/nayab/dev_ws/install/ether_follow_interfaces/include/ether_follow_interfaces/msg/rosidl_generator_c__visibility_control.h
[4.423s] -- Installing: /home/nayab/dev_ws/install/ether_follow_interfaces/share/ether_follow_interfaces/environment/library_path.sh
[4.423s] -- Installing: /home/nayab/dev_ws/install/ether_follow_interfaces/share/ether_follow_interfaces/environment/library_path.dsv
[4.423s] -- Installing: /home/nayab/dev_ws/install/ether_follow_interfaces/lib/libether_follow_interfaces__rosidl_generator_c.so
[4.424s] -- Set runtime path of "/home/nayab/dev_ws/install/ether_follow_interfaces/lib/libether_follow_interfaces__rosidl_generator_c.so" to ""
[4.424s] -- Up-to-date: /home/nayab/dev_ws/install/ether_follow_interfaces/include/ether_follow_interfaces
[4.424s] -- Up-to-date: /home/nayab/dev_ws/install/ether_follow_interfaces/include/ether_follow_interfaces/msg
[4.424s] -- Up-to-date: /home/nayab/dev_ws/install/ether_follow_interfaces/include/ether_follow_interfaces/msg/detail
[4.424s] -- Installing: /home/nayab/dev_ws/install/ether_follow_interfaces/include/ether_follow_interfaces/msg/detail/ether_message__rosidl_typesupport_fastrtps_c.h
[4.424s] -- Installing: /home/nayab/dev_ws/install/ether_follow_interfaces/include/ether_follow_interfaces/msg/rosidl_typesupport_fastrtps_c__visibility_control.h
[4.424s] -- Installing: /home/nayab/dev_ws/install/ether_follow_interfaces/lib/libether_follow_interfaces__rosidl_typesupport_fastrtps_c.so
[4.425s] -- Set runtime path of "/home/nayab/dev_ws/install/ether_follow_interfaces/lib/libether_follow_interfaces__rosidl_typesupport_fastrtps_c.so" to ""
[4.425s] -- Up-to-date: /home/nayab/dev_ws/install/ether_follow_interfaces/include/ether_follow_interfaces
[4.425s] -- Up-to-date: /home/nayab/dev_ws/install/ether_follow_interfaces/include/ether_follow_interfaces/msg
[4.425s] -- Up-to-date: /home/nayab/dev_ws/install/ether_follow_interfaces/include/ether_follow_interfaces/msg/detail
[4.425s] -- Installing: /home/nayab/dev_ws/install/ether_follow_interfaces/include/ether_follow_interfaces/msg/detail/dds_fastrtps
[4.425s] -- Installing: /home/nayab/dev_ws/install/ether_follow_interfaces/include/ether_follow_interfaces/msg/detail/ether_message__rosidl_typesupport_fastrtps_cpp.hpp
[4.425s] -- Installing: /home/nayab/dev_ws/install/ether_follow_interfaces/include/ether_follow_interfaces/msg/rosidl_typesupport_fastrtps_cpp__visibility_control.h
[4.425s] -- Installing: /home/nayab/dev_ws/install/ether_follow_interfaces/lib/libether_follow_interfaces__rosidl_typesupport_fastrtps_cpp.so
[4.426s] -- Set runtime path of "/home/nayab/dev_ws/install/ether_follow_interfaces/lib/libether_follow_interfaces__rosidl_typesupport_fastrtps_cpp.so" to ""
[4.426s] -- Up-to-date: /home/nayab/dev_ws/install/ether_follow_interfaces/include/ether_follow_interfaces
[4.426s] -- Up-to-date: /home/nayab/dev_ws/install/ether_follow_interfaces/include/ether_follow_interfaces/msg
[4.426s] -- Installing: /home/nayab/dev_ws/install/ether_follow_interfaces/include/ether_follow_interfaces/msg/rosidl_typesupport_introspection_c__visibility_control.h
[4.426s] -- Up-to-date: /home/nayab/dev_ws/install/ether_follow_interfaces/include/ether_follow_interfaces/msg/detail
[4.426s] -- Installing: /home/nayab/dev_ws/install/ether_follow_interfaces/include/ether_follow_interfaces/msg/detail/ether_message__type_support.c
[4.427s] -- Installing: /home/nayab/dev_ws/install/ether_follow_interfaces/include/ether_follow_interfaces/msg/detail/ether_message__rosidl_typesupport_introspection_c.h
[4.427s] -- Installing: /home/nayab/dev_ws/install/ether_follow_interfaces/lib/libether_follow_interfaces__rosidl_typesupport_introspection_c.so
[4.427s] -- Set runtime path of "/home/nayab/dev_ws/install/ether_follow_interfaces/lib/libether_follow_interfaces__rosidl_typesupport_introspection_c.so" to ""
[4.427s] -- Installing: /home/nayab/dev_ws/install/ether_follow_interfaces/lib/libether_follow_interfaces__rosidl_typesupport_c.so
[4.427s] -- Set runtime path of "/home/nayab/dev_ws/install/ether_follow_interfaces/lib/libether_follow_interfaces__rosidl_typesupport_c.so" to ""
[4.427s] -- Up-to-date: /home/nayab/dev_ws/install/ether_follow_interfaces/include/ether_follow_interfaces
[4.427s] -- Up-to-date: /home/nayab/dev_ws/install/ether_follow_interfaces/include/ether_follow_interfaces/msg
[4.428s] -- Installing: /home/nayab/dev_ws/install/ether_follow_interfaces/include/ether_follow_interfaces/msg/ether_message.hpp
[4.428s] -- Up-to-date: /home/nayab/dev_ws/install/ether_follow_interfaces/include/ether_follow_interfaces/msg/detail
[4.428s] -- Installing: /home/nayab/dev_ws/install/ether_follow_interfaces/include/ether_follow_interfaces/msg/detail/ether_message__struct.hpp
[4.428s] -- Installing: /home/nayab/dev_ws/install/ether_follow_interfaces/include/ether_follow_interfaces/msg/detail/ether_message__traits.hpp
[4.428s] -- Installing: /home/nayab/dev_ws/install/ether_follow_interfaces/include/ether_follow_interfaces/msg/detail/ether_message__builder.hpp
[4.428s] -- Up-to-date: /home/nayab/dev_ws/install/ether_follow_interfaces/include/ether_follow_interfaces
[4.428s] -- Up-to-date: /home/nayab/dev_ws/install/ether_follow_interfaces/include/ether_follow_interfaces/msg
[4.428s] -- Up-to-date: /home/nayab/dev_ws/install/ether_follow_interfaces/include/ether_follow_interfaces/msg/detail
[4.428s] -- Installing: /home/nayab/dev_ws/install/ether_follow_interfaces/include/ether_follow_interfaces/msg/detail/ether_message__type_support.cpp
[4.428s] -- Installing: /home/nayab/dev_ws/install/ether_follow_interfaces/include/ether_follow_interfaces/msg/detail/ether_message__rosidl_typesupport_introspection_cpp.hpp
[4.428s] -- Installing: /home/nayab/dev_ws/install/ether_follow_interfaces/lib/libether_follow_interfaces__rosidl_typesupport_introspection_cpp.so
[4.429s] -- Set runtime path of "/home/nayab/dev_ws/install/ether_follow_interfaces/lib/libether_follow_interfaces__rosidl_typesupport_introspection_cpp.so" to ""
[4.429s] -- Installing: /home/nayab/dev_ws/install/ether_follow_interfaces/lib/libether_follow_interfaces__rosidl_typesupport_cpp.so
[4.429s] -- Set runtime path of "/home/nayab/dev_ws/install/ether_follow_interfaces/lib/libether_follow_interfaces__rosidl_typesupport_cpp.so" to ""
[4.429s] -- Installing: /home/nayab/dev_ws/install/ether_follow_interfaces/share/ether_follow_interfaces/environment/pythonpath.sh
[4.429s] -- Installing: /home/nayab/dev_ws/install/ether_follow_interfaces/share/ether_follow_interfaces/environment/pythonpath.dsv
[4.430s] -- Installing: /home/nayab/dev_ws/install/ether_follow_interfaces/lib/python3.8/site-packages/ether_follow_interfaces/__init__.py
[4.459s] Compiling '/home/nayab/dev_ws/install/ether_follow_interfaces/lib/python3.8/site-packages/ether_follow_interfaces/__init__.py'...
[4.463s] -- Installing: /home/nayab/dev_ws/install/ether_follow_interfaces/lib/python3.8/site-packages/ether_follow_interfaces/msg
[4.463s] -- Installing: /home/nayab/dev_ws/install/ether_follow_interfaces/lib/python3.8/site-packages/ether_follow_interfaces/msg/__init__.py
[4.463s] -- Installing: /home/nayab/dev_ws/install/ether_follow_interfaces/lib/python3.8/site-packages/ether_follow_interfaces/msg/_ether_message.py
[4.463s] -- Installing: /home/nayab/dev_ws/install/ether_follow_interfaces/lib/python3.8/site-packages/ether_follow_interfaces/msg/_ether_message_s.c
[4.464s] -- Installing: /home/nayab/dev_ws/install/ether_follow_interfaces/lib/python3.8/site-packages/ether_follow_interfaces/ether_follow_interfaces_s__rosidl_typesupport_fastrtps_c.cpython-38-x86_64-linux-gnu.so
[4.464s] -- Set runtime path of "/home/nayab/dev_ws/install/ether_follow_interfaces/lib/python3.8/site-packages/ether_follow_interfaces/ether_follow_interfaces_s__rosidl_typesupport_fastrtps_c.cpython-38-x86_64-linux-gnu.so" to ""
[4.464s] -- Installing: /home/nayab/dev_ws/install/ether_follow_interfaces/lib/python3.8/site-packages/ether_follow_interfaces/ether_follow_interfaces_s__rosidl_typesupport_introspection_c.cpython-38-x86_64-linux-gnu.so
[4.465s] -- Set runtime path of "/home/nayab/dev_ws/install/ether_follow_interfaces/lib/python3.8/site-packages/ether_follow_interfaces/ether_follow_interfaces_s__rosidl_typesupport_introspection_c.cpython-38-x86_64-linux-gnu.so" to ""
[4.466s] -- Installing: /home/nayab/dev_ws/install/ether_follow_interfaces/lib/python3.8/site-packages/ether_follow_interfaces/ether_follow_interfaces_s__rosidl_typesupport_c.cpython-38-x86_64-linux-gnu.so
[4.466s] -- Set runtime path of "/home/nayab/dev_ws/install/ether_follow_interfaces/lib/python3.8/site-packages/ether_follow_interfaces/ether_follow_interfaces_s__rosidl_typesupport_c.cpython-38-x86_64-linux-gnu.so" to ""
[4.466s] -- Installing: /home/nayab/dev_ws/install/ether_follow_interfaces/lib/libether_follow_interfaces__python.so
[4.467s] -- Set runtime path of "/home/nayab/dev_ws/install/ether_follow_interfaces/lib/libether_follow_interfaces__python.so" to ""
[4.467s] -- Installing: /home/nayab/dev_ws/install/ether_follow_interfaces/share/ether_follow_interfaces/msg/EtherMessage.idl
[4.467s] -- Installing: /home/nayab/dev_ws/install/ether_follow_interfaces/share/ether_follow_interfaces/msg/EtherMessage.msg
[4.467s] -- Installing: /home/nayab/dev_ws/install/ether_follow_interfaces/share/ament_index/resource_index/package_run_dependencies/ether_follow_interfaces
[4.467s] -- Installing: /home/nayab/dev_ws/install/ether_follow_interfaces/share/ament_index/resource_index/parent_prefix_path/ether_follow_interfaces
[4.467s] -- Installing: /home/nayab/dev_ws/install/ether_follow_interfaces/share/ether_follow_interfaces/environment/ament_prefix_path.sh
[4.468s] -- Installing: /home/nayab/dev_ws/install/ether_follow_interfaces/share/ether_follow_interfaces/environment/ament_prefix_path.dsv
[4.468s] -- Installing: /home/nayab/dev_ws/install/ether_follow_interfaces/share/ether_follow_interfaces/environment/path.sh
[4.468s] -- Installing: /home/nayab/dev_ws/install/ether_follow_interfaces/share/ether_follow_interfaces/environment/path.dsv
[4.468s] -- Installing: /home/nayab/dev_ws/install/ether_follow_interfaces/share/ether_follow_interfaces/local_setup.bash
[4.468s] -- Installing: /home/nayab/dev_ws/install/ether_follow_interfaces/share/ether_follow_interfaces/local_setup.sh
[4.468s] -- Installing: /home/nayab/dev_ws/install/ether_follow_interfaces/share/ether_follow_interfaces/local_setup.zsh
[4.468s] -- Installing: /home/nayab/dev_ws/install/ether_follow_interfaces/share/ether_follow_interfaces/local_setup.dsv
[4.469s] -- Installing: /home/nayab/dev_ws/install/ether_follow_interfaces/share/ether_follow_interfaces/package.dsv
[4.469s] -- Installing: /home/nayab/dev_ws/install/ether_follow_interfaces/share/ament_index/resource_index/packages/ether_follow_interfaces
[4.469s] -- Installing: /home/nayab/dev_ws/install/ether_follow_interfaces/share/ether_follow_interfaces/cmake/ether_follow_interfaces__rosidl_generator_cExport.cmake
[4.469s] -- Installing: /home/nayab/dev_ws/install/ether_follow_interfaces/share/ether_follow_interfaces/cmake/ether_follow_interfaces__rosidl_generator_cExport-noconfig.cmake
[4.469s] -- Installing: /home/nayab/dev_ws/install/ether_follow_interfaces/share/ether_follow_interfaces/cmake/ether_follow_interfaces__rosidl_typesupport_introspection_cExport.cmake
[4.470s] -- Installing: /home/nayab/dev_ws/install/ether_follow_interfaces/share/ether_follow_interfaces/cmake/ether_follow_interfaces__rosidl_typesupport_introspection_cExport-noconfig.cmake
[4.470s] -- Installing: /home/nayab/dev_ws/install/ether_follow_interfaces/share/ether_follow_interfaces/cmake/ether_follow_interfaces__rosidl_typesupport_cExport.cmake
[4.470s] -- Installing: /home/nayab/dev_ws/install/ether_follow_interfaces/share/ether_follow_interfaces/cmake/ether_follow_interfaces__rosidl_typesupport_cExport-noconfig.cmake
[4.470s] -- Installing: /home/nayab/dev_ws/install/ether_follow_interfaces/share/ether_follow_interfaces/cmake/ether_follow_interfaces__rosidl_generator_cppExport.cmake
[4.470s] -- Installing: /home/nayab/dev_ws/install/ether_follow_interfaces/share/ether_follow_interfaces/cmake/ether_follow_interfaces__rosidl_typesupport_introspection_cppExport.cmake
[4.471s] -- Installing: /home/nayab/dev_ws/install/ether_follow_interfaces/share/ether_follow_interfaces/cmake/ether_follow_interfaces__rosidl_typesupport_introspection_cppExport-noconfig.cmake
[4.471s] -- Installing: /home/nayab/dev_ws/install/ether_follow_interfaces/share/ether_follow_interfaces/cmake/ether_follow_interfaces__rosidl_typesupport_cppExport.cmake
[4.471s] -- Installing: /home/nayab/dev_ws/install/ether_follow_interfaces/share/ether_follow_interfaces/cmake/ether_follow_interfaces__rosidl_typesupport_cppExport-noconfig.cmake
[4.471s] -- Installing: /home/nayab/dev_ws/install/ether_follow_interfaces/share/ether_follow_interfaces/cmake/rosidl_cmake-extras.cmake
[4.471s] -- Installing: /home/nayab/dev_ws/install/ether_follow_interfaces/share/ether_follow_interfaces/cmake/ament_cmake_export_dependencies-extras.cmake
[4.471s] -- Installing: /home/nayab/dev_ws/install/ether_follow_interfaces/share/ether_follow_interfaces/cmake/ament_cmake_export_libraries-extras.cmake
[4.471s] -- Installing: /home/nayab/dev_ws/install/ether_follow_interfaces/share/ether_follow_interfaces/cmake/ament_cmake_export_targets-extras.cmake
[4.472s] -- Installing: /home/nayab/dev_ws/install/ether_follow_interfaces/share/ether_follow_interfaces/cmake/ament_cmake_export_include_directories-extras.cmake
[4.472s] -- Installing: /home/nayab/dev_ws/install/ether_follow_interfaces/share/ether_follow_interfaces/cmake/rosidl_cmake_export_typesupport_libraries-extras.cmake
[4.472s] -- Installing: /home/nayab/dev_ws/install/ether_follow_interfaces/share/ether_follow_interfaces/cmake/rosidl_cmake_export_typesupport_targets-extras.cmake
[4.472s] -- Installing: /home/nayab/dev_ws/install/ether_follow_interfaces/share/ether_follow_interfaces/cmake/ether_follow_interfacesConfig.cmake
[4.472s] -- Installing: /home/nayab/dev_ws/install/ether_follow_interfaces/share/ether_follow_interfaces/cmake/ether_follow_interfacesConfig-version.cmake
[4.472s] -- Installing: /home/nayab/dev_ws/install/ether_follow_interfaces/share/ether_follow_interfaces/package.xml
[4.476s] Invoked command in '/home/nayab/dev_ws/build/ether_follow_interfaces' returned '0': CMAKE_PREFIX_PATH=/opt/ros/foxy:${CMAKE_PREFIX_PATH} /usr/bin/cmake --install /home/nayab/dev_ws/build/ether_follow_interfaces
