[0.669s] Invoking command in '/home/nayab/dev_ws/src/py_pubsub': PYTHONPATH=/home/nayab/dev_ws/install/py_pubsub/lib/python3.8/site-packages:${PYTHONPATH} /usr/bin/python3 setup.py egg_info --egg-base ../../build/py_pubsub build --build-base /home/nayab/dev_ws/build/py_pubsub/build install --prefix /home/nayab/dev_ws/install/py_pubsub --record /home/nayab/dev_ws/build/py_pubsub/install.log --single-version-externally-managed
[0.869s] running egg_info
[0.871s] writing ../../build/py_pubsub/py_pubsub.egg-info/PKG-INFO
[0.871s] writing dependency_links to ../../build/py_pubsub/py_pubsub.egg-info/dependency_links.txt
[0.871s] writing entry points to ../../build/py_pubsub/py_pubsub.egg-info/entry_points.txt
[0.872s] writing requirements to ../../build/py_pubsub/py_pubsub.egg-info/requires.txt
[0.872s] writing top-level names to ../../build/py_pubsub/py_pubsub.egg-info/top_level.txt
[0.901s] reading manifest file '../../build/py_pubsub/py_pubsub.egg-info/SOURCES.txt'
[0.902s] writing manifest file '../../build/py_pubsub/py_pubsub.egg-info/SOURCES.txt'
[0.903s] running build
[0.903s] running build_py
[0.904s] running install
[0.904s] running install_lib
[0.905s] running install_data
[0.906s] running install_egg_info
[0.919s] removing '/home/nayab/dev_ws/install/py_pubsub/lib/python3.8/site-packages/py_pubsub-0.0.0-py3.8.egg-info' (and everything under it)
[0.919s] Copying ../../build/py_pubsub/py_pubsub.egg-info to /home/nayab/dev_ws/install/py_pubsub/lib/python3.8/site-packages/py_pubsub-0.0.0-py3.8.egg-info
[0.919s] running install_scripts
[0.928s] Installing dbr_pub_old script to /home/nayab/dev_ws/install/py_pubsub/lib/py_pubsub
[0.929s] Installing listener script to /home/nayab/dev_ws/install/py_pubsub/lib/py_pubsub
[0.929s] Installing listener_old script to /home/nayab/dev_ws/install/py_pubsub/lib/py_pubsub
[0.929s] Installing talker script to /home/nayab/dev_ws/install/py_pubsub/lib/py_pubsub
[0.929s] Installing talker_old script to /home/nayab/dev_ws/install/py_pubsub/lib/py_pubsub
[0.929s] writing list of installed files to '/home/nayab/dev_ws/build/py_pubsub/install.log'
[0.999s] Invoked command in '/home/nayab/dev_ws/src/py_pubsub' returned '0': PYTHONPATH=/home/nayab/dev_ws/install/py_pubsub/lib/python3.8/site-packages:${PYTHONPATH} /usr/bin/python3 setup.py egg_info --egg-base ../../build/py_pubsub build --build-base /home/nayab/dev_ws/build/py_pubsub/build install --prefix /home/nayab/dev_ws/install/py_pubsub --record /home/nayab/dev_ws/build/py_pubsub/install.log --single-version-externally-managed
