[0.863s] Invoking command in '/home/nayab/dev_ws/src/rc_data_emulator': PYTHONPATH=/home/nayab/dev_ws/install/rc_data_emulator/lib/python3.8/site-packages:${PYTHONPATH} /usr/bin/python3 setup.py egg_info --egg-base ../../build/rc_data_emulator build --build-base /home/nayab/dev_ws/build/rc_data_emulator/build install --prefix /home/nayab/dev_ws/install/rc_data_emulator --record /home/nayab/dev_ws/build/rc_data_emulator/install.log --single-version-externally-managed
[1.113s] running egg_info
[1.114s] writing ../../build/rc_data_emulator/rc_data_emulator.egg-info/PKG-INFO
[1.114s] writing dependency_links to ../../build/rc_data_emulator/rc_data_emulator.egg-info/dependency_links.txt
[1.114s] writing entry points to ../../build/rc_data_emulator/rc_data_emulator.egg-info/entry_points.txt
[1.114s] writing requirements to ../../build/rc_data_emulator/rc_data_emulator.egg-info/requires.txt
[1.114s] writing top-level names to ../../build/rc_data_emulator/rc_data_emulator.egg-info/top_level.txt
[1.146s] reading manifest file '../../build/rc_data_emulator/rc_data_emulator.egg-info/SOURCES.txt'
[1.147s] writing manifest file '../../build/rc_data_emulator/rc_data_emulator.egg-info/SOURCES.txt'
[1.147s] running build
[1.147s] running build_py
[1.147s] copying rc_data_emulator/rc_data_emu.py -> /home/nayab/dev_ws/build/rc_data_emulator/build/lib/rc_data_emulator
[1.147s] running install
[1.148s] running install_lib
[1.149s] copying /home/nayab/dev_ws/build/rc_data_emulator/build/lib/rc_data_emulator/rc_data_emu.py -> /home/nayab/dev_ws/install/rc_data_emulator/lib/python3.8/site-packages/rc_data_emulator
[1.150s] byte-compiling /home/nayab/dev_ws/install/rc_data_emulator/lib/python3.8/site-packages/rc_data_emulator/rc_data_emu.py to rc_data_emu.cpython-38.pyc
[1.154s] running install_data
[1.155s] running install_egg_info
[1.156s] removing '/home/nayab/dev_ws/install/rc_data_emulator/lib/python3.8/site-packages/rc_data_emulator-0.0.0-py3.8.egg-info' (and everything under it)
[1.157s] Copying ../../build/rc_data_emulator/rc_data_emulator.egg-info to /home/nayab/dev_ws/install/rc_data_emulator/lib/python3.8/site-packages/rc_data_emulator-0.0.0-py3.8.egg-info
[1.157s] running install_scripts
[1.174s] Installing rc_emu script to /home/nayab/dev_ws/install/rc_data_emulator/lib/rc_data_emulator
[1.174s] writing list of installed files to '/home/nayab/dev_ws/build/rc_data_emulator/install.log'
[1.198s] Invoked command in '/home/nayab/dev_ws/src/rc_data_emulator' returned '0': PYTHONPATH=/home/nayab/dev_ws/install/rc_data_emulator/lib/python3.8/site-packages:${PYTHONPATH} /usr/bin/python3 setup.py egg_info --egg-base ../../build/rc_data_emulator build --build-base /home/nayab/dev_ws/build/rc_data_emulator/build install --prefix /home/nayab/dev_ws/install/rc_data_emulator --record /home/nayab/dev_ws/build/rc_data_emulator/install.log --single-version-externally-managed
