[0.313s] Invoking command in '/home/nayab/dev_ws/build/rc_interfaces': CMAKE_PREFIX_PATH=/home/nayab/dev_ws/install/tutorial_interfaces:/home/nayab/dev_ws/install/turtlesim:/home/nayab/dev_ws/install/rc_interfaces:/home/nayab/dev_ws/install/ether_follow_interfaces:/home/nayab/dev_ws/install/abds_core_common:/home/nayab/dev_ws/install/rc_data_emulator:/home/nayab/dev_ws/install/py_pubsub:/home/nayab/dev_ws/install/my_package:/home/nayab/dev_ws/install/ether_follow_pubsub:/home/nayab/dev_ws/install/dbr_pubsub:/opt/ros/foxy:/home/nayab/project_ws/devel:/opt/ros/noetic /usr/bin/cmake --build /home/nayab/dev_ws/build/rc_interfaces -- -j4 -l4
[0.386s] -- Found ament_cmake: 0.9.9 (/opt/ros/foxy/share/ament_cmake/cmake)
[0.424s] -- Found PythonInterp: /usr/bin/python3 (found suitable version "3.8.10", minimum required is "3") 
[0.424s] -- Using PYTHON_EXECUTABLE: /usr/bin/python3
[0.730s] -- Found geometry_msgs: 2.0.5 (/opt/ros/foxy/share/geometry_msgs/cmake)
[0.769s] -- Using all available rosidl_typesupport_c: rosidl_typesupport_fastrtps_c;rosidl_typesupport_introspection_c
[0.782s] -- Found rosidl_adapter: 1.2.1 (/opt/ros/foxy/share/rosidl_adapter/cmake)
[0.942s] -- Using all available rosidl_typesupport_cpp: rosidl_typesupport_fastrtps_cpp;rosidl_typesupport_introspection_cpp
[1.032s] -- Found rosidl_default_generators: 1.0.1 (/opt/ros/foxy/share/rosidl_default_generators/cmake)
[1.075s] -- Found PythonInterp: /usr/bin/python3 (found version "3.8.10") 
[1.279s] -- Found ament_cmake_ros: 0.9.2 (/opt/ros/foxy/share/ament_cmake_ros/cmake)
[1.548s] -- Using all available rosidl_typesupport_c: rosidl_typesupport_fastrtps_c;rosidl_typesupport_introspection_c
[1.661s] -- Using all available rosidl_typesupport_cpp: rosidl_typesupport_fastrtps_cpp;rosidl_typesupport_introspection_cpp
[1.690s] -- Found PythonInterp: /usr/bin/python3 (found suitable version "3.8.10", minimum required is "3.5") 
[1.691s] -- Found python_cmake_module: 0.8.1 (/opt/ros/foxy/share/python_cmake_module/cmake)
[1.717s] -- Using PYTHON_EXECUTABLE: /usr/bin/python3
[1.717s] -- Using PYTHON_INCLUDE_DIRS: /usr/include/python3.8
[1.717s] -- Using PYTHON_LIBRARIES: /usr/lib/x86_64-linux-gnu/libpython3.8.so
[1.776s] -- Found ament_lint_auto: 0.9.6 (/opt/ros/foxy/share/ament_lint_auto/cmake)
[1.797s] -- Added test 'copyright' to check source files copyright and LICENSE
[1.798s] -- Added test 'lint_cmake' to check CMake code style
[1.800s] -- Added test 'xmllint' to check XML markup files
[1.807s] -- Configuring done
[1.875s] -- Generating done
[1.878s] -- Build files have been written to: /home/nayab/dev_ws/build/rc_interfaces
[1.908s] [  2%] [34m[1mGenerating C code for ROS interfaces[0m
[1.920s] [  5%] [34m[1mGenerating C++ code for ROS interfaces[0m
[2.240s] [35m[1mScanning dependencies of target rc_interfaces__rosidl_generator_c[0m
[2.250s] [  5%] Built target rc_interfaces__cpp
[2.255s] [ 10%] [32mBuilding C object CMakeFiles/rc_interfaces__rosidl_generator_c.dir/rosidl_generator_c/rc_interfaces/msg/detail/rc_status__functions.c.o[0m
[2.255s] [ 10%] [32mBuilding C object CMakeFiles/rc_interfaces__rosidl_generator_c.dir/rosidl_generator_c/rc_interfaces/msg/detail/imu_rc__functions.c.o[0m
[2.262s] [ 15%] [34m[1mGenerating C++ type support for eProsima Fast-RTPS[0m
[2.262s] [ 15%] [34m[1mGenerating C++ introspection for ROS interfaces[0m
[2.420s] [ 17%] [32m[1mLinking C shared library librc_interfaces__rosidl_generator_c.so[0m
[2.421s] [ 20%] [34m[1mGenerating C++ type support dispatch for ROS interfaces[0m
[2.486s] [ 20%] Built target rc_interfaces__rosidl_generator_c
[2.499s] [ 23%] [34m[1mGenerating C introspection for ROS interfaces[0m
[2.581s] [35m[1mScanning dependencies of target rc_interfaces__rosidl_typesupport_introspection_cpp[0m
[2.596s] [ 25%] [32mBuilding CXX object CMakeFiles/rc_interfaces__rosidl_typesupport_introspection_cpp.dir/rosidl_typesupport_introspection_cpp/rc_interfaces/msg/detail/rc_status__type_support.cpp.o[0m
[2.616s] [35m[1mScanning dependencies of target rc_interfaces__rosidl_typesupport_fastrtps_cpp[0m
[2.633s] [ 28%] [32mBuilding CXX object CMakeFiles/rc_interfaces__rosidl_typesupport_fastrtps_cpp.dir/rosidl_typesupport_fastrtps_cpp/rc_interfaces/msg/detail/dds_fastrtps/rc_status__type_support.cpp.o[0m
[2.707s] [35m[1mScanning dependencies of target rc_interfaces__rosidl_typesupport_cpp[0m
[2.723s] [ 30%] [32mBuilding CXX object CMakeFiles/rc_interfaces__rosidl_typesupport_cpp.dir/rosidl_typesupport_cpp/rc_interfaces/msg/rc_status__type_support.cpp.o[0m
[2.832s] [35m[1mScanning dependencies of target rc_interfaces__rosidl_typesupport_introspection_c[0m
[2.852s] [ 33%] [32mBuilding C object CMakeFiles/rc_interfaces__rosidl_typesupport_introspection_c.dir/rosidl_typesupport_introspection_c/rc_interfaces/msg/detail/rc_status__type_support.c.o[0m
[2.897s] [ 35%] [32mBuilding C object CMakeFiles/rc_interfaces__rosidl_typesupport_introspection_c.dir/rosidl_typesupport_introspection_c/rc_interfaces/msg/detail/imu_rc__type_support.c.o[0m
[2.940s] [ 38%] [32m[1mLinking C shared library librc_interfaces__rosidl_typesupport_introspection_c.so[0m
[2.988s] [ 38%] Built target rc_interfaces__rosidl_typesupport_introspection_c
[2.999s] [ 41%] [32mBuilding CXX object CMakeFiles/rc_interfaces__rosidl_typesupport_cpp.dir/rosidl_typesupport_cpp/rc_interfaces/msg/imu_rc__type_support.cpp.o[0m
[3.027s] [ 43%] [32mBuilding CXX object CMakeFiles/rc_interfaces__rosidl_typesupport_introspection_cpp.dir/rosidl_typesupport_introspection_cpp/rc_interfaces/msg/detail/imu_rc__type_support.cpp.o[0m
[3.039s] [ 46%] [34m[1mGenerating C type support dispatch for ROS interfaces[0m
[3.161s] [ 48%] [32mBuilding CXX object CMakeFiles/rc_interfaces__rosidl_typesupport_fastrtps_cpp.dir/rosidl_typesupport_fastrtps_cpp/rc_interfaces/msg/detail/dds_fastrtps/imu_rc__type_support.cpp.o[0m
[3.299s] [ 51%] [32m[1mLinking CXX shared library librc_interfaces__rosidl_typesupport_cpp.so[0m
[3.322s] [35m[1mScanning dependencies of target rc_interfaces__rosidl_typesupport_c[0m
[3.342s] [ 53%] [32m[1mLinking CXX shared library librc_interfaces__rosidl_typesupport_introspection_cpp.so[0m
[3.347s] [ 56%] [32mBuilding CXX object CMakeFiles/rc_interfaces__rosidl_typesupport_c.dir/rosidl_typesupport_c/rc_interfaces/msg/rc_status__type_support.cpp.o[0m
[3.356s] [ 56%] Built target rc_interfaces__rosidl_typesupport_cpp
[3.368s] [ 58%] [32mBuilding CXX object CMakeFiles/rc_interfaces__rosidl_typesupport_c.dir/rosidl_typesupport_c/rc_interfaces/msg/imu_rc__type_support.cpp.o[0m
[3.404s] [ 61%] [32m[1mLinking CXX shared library librc_interfaces__rosidl_typesupport_c.so[0m
[3.421s] [ 61%] Built target rc_interfaces__rosidl_typesupport_introspection_cpp
[3.448s] [ 61%] Built target rc_interfaces__rosidl_typesupport_c
[3.579s] [ 64%] [32m[1mLinking CXX shared library librc_interfaces__rosidl_typesupport_fastrtps_cpp.so[0m
[3.683s] [ 64%] Built target rc_interfaces__rosidl_typesupport_fastrtps_cpp
[3.695s] [ 66%] [34m[1mGenerating C type support for eProsima Fast-RTPS[0m
[3.992s] [35m[1mScanning dependencies of target rc_interfaces__rosidl_typesupport_fastrtps_c[0m
[4.011s] [ 69%] [32mBuilding CXX object CMakeFiles/rc_interfaces__rosidl_typesupport_fastrtps_c.dir/rosidl_typesupport_fastrtps_c/rc_interfaces/msg/detail/rc_status__type_support_c.cpp.o[0m
[4.011s] [ 71%] [32mBuilding CXX object CMakeFiles/rc_interfaces__rosidl_typesupport_fastrtps_c.dir/rosidl_typesupport_fastrtps_c/rc_interfaces/msg/detail/imu_rc__type_support_c.cpp.o[0m
[4.360s] [ 74%] [32m[1mLinking CXX shared library librc_interfaces__rosidl_typesupport_fastrtps_c.so[0m
[4.459s] [ 74%] Built target rc_interfaces__rosidl_typesupport_fastrtps_c
[4.486s] [ 74%] Built target rc_interfaces
[4.512s] [ 76%] [34m[1mGenerating Python code for ROS interfaces[0m
[5.060s] [ 76%] Built target rc_interfaces__py
[5.074s] [35m[1mScanning dependencies of target rc_interfaces__python[0m
[5.093s] [ 82%] [32mBuilding C object CMakeFiles/rc_interfaces__python.dir/rosidl_generator_py/rc_interfaces/msg/_rc_status_s.c.o[0m
[5.093s] [ 82%] [32mBuilding C object CMakeFiles/rc_interfaces__python.dir/rosidl_generator_py/rc_interfaces/msg/_imu_rc_s.c.o[0m
[5.225s] [ 84%] [32m[1mLinking C shared library rosidl_generator_py/rc_interfaces/librc_interfaces__python.so[0m
[5.271s] [ 84%] Built target rc_interfaces__python
[5.285s] [35m[1mScanning dependencies of target rc_interfaces__rosidl_typesupport_introspection_c__pyext[0m
[5.286s] [35m[1mScanning dependencies of target rc_interfaces__rosidl_typesupport_c__pyext[0m
[5.286s] [35m[1mScanning dependencies of target rc_interfaces__rosidl_typesupport_fastrtps_c__pyext[0m
[5.303s] [ 87%] [32mBuilding C object CMakeFiles/rc_interfaces__rosidl_typesupport_c__pyext.dir/rosidl_generator_py/rc_interfaces/_rc_interfaces_s.ep.rosidl_typesupport_c.c.o[0m
[5.307s] [ 89%] [32mBuilding C object CMakeFiles/rc_interfaces__rosidl_typesupport_introspection_c__pyext.dir/rosidl_generator_py/rc_interfaces/_rc_interfaces_s.ep.rosidl_typesupport_introspection_c.c.o[0m
[5.309s] [ 92%] [32mBuilding C object CMakeFiles/rc_interfaces__rosidl_typesupport_fastrtps_c__pyext.dir/rosidl_generator_py/rc_interfaces/_rc_interfaces_s.ep.rosidl_typesupport_fastrtps_c.c.o[0m
[5.384s] [ 94%] [32m[1mLinking C shared library rosidl_generator_py/rc_interfaces/rc_interfaces_s__rosidl_typesupport_c.cpython-38-x86_64-linux-gnu.so[0m
[5.391s] [ 97%] [32m[1mLinking C shared library rosidl_generator_py/rc_interfaces/rc_interfaces_s__rosidl_typesupport_introspection_c.cpython-38-x86_64-linux-gnu.so[0m
[5.394s] [100%] [32m[1mLinking CXX shared library rosidl_generator_py/rc_interfaces/rc_interfaces_s__rosidl_typesupport_fastrtps_c.cpython-38-x86_64-linux-gnu.so[0m
[5.427s] [100%] Built target rc_interfaces__rosidl_typesupport_c__pyext
[5.434s] [100%] Built target rc_interfaces__rosidl_typesupport_introspection_c__pyext
[5.468s] [100%] Built target rc_interfaces__rosidl_typesupport_fastrtps_c__pyext
[5.480s] Invoked command in '/home/nayab/dev_ws/build/rc_interfaces' returned '0': CMAKE_PREFIX_PATH=/home/nayab/dev_ws/install/tutorial_interfaces:/home/nayab/dev_ws/install/turtlesim:/home/nayab/dev_ws/install/rc_interfaces:/home/nayab/dev_ws/install/ether_follow_interfaces:/home/nayab/dev_ws/install/abds_core_common:/home/nayab/dev_ws/install/rc_data_emulator:/home/nayab/dev_ws/install/py_pubsub:/home/nayab/dev_ws/install/my_package:/home/nayab/dev_ws/install/ether_follow_pubsub:/home/nayab/dev_ws/install/dbr_pubsub:/opt/ros/foxy:/home/nayab/project_ws/devel:/opt/ros/noetic /usr/bin/cmake --build /home/nayab/dev_ws/build/rc_interfaces -- -j4 -l4
[5.552s] Invoking command in '/home/nayab/dev_ws/build/rc_interfaces': CMAKE_PREFIX_PATH=/home/nayab/dev_ws/install/tutorial_interfaces:/home/nayab/dev_ws/install/turtlesim:/home/nayab/dev_ws/install/rc_interfaces:/home/nayab/dev_ws/install/ether_follow_interfaces:/home/nayab/dev_ws/install/abds_core_common:/home/nayab/dev_ws/install/rc_data_emulator:/home/nayab/dev_ws/install/py_pubsub:/home/nayab/dev_ws/install/my_package:/home/nayab/dev_ws/install/ether_follow_pubsub:/home/nayab/dev_ws/install/dbr_pubsub:/opt/ros/foxy:/home/nayab/project_ws/devel:/opt/ros/noetic /usr/bin/cmake --install /home/nayab/dev_ws/build/rc_interfaces
[5.564s] -- Install configuration: ""
[5.564s] -- Up-to-date: /home/nayab/dev_ws/install/rc_interfaces/share/ament_index/resource_index/rosidl_interfaces/rc_interfaces
[5.564s] -- Up-to-date: /home/nayab/dev_ws/install/rc_interfaces/include/rc_interfaces
[5.564s] -- Up-to-date: /home/nayab/dev_ws/install/rc_interfaces/include/rc_interfaces/msg
[5.565s] -- Up-to-date: /home/nayab/dev_ws/install/rc_interfaces/include/rc_interfaces/msg/detail
[5.565s] -- Installing: /home/nayab/dev_ws/install/rc_interfaces/include/rc_interfaces/msg/detail/rc_status__type_support.h
[5.565s] -- Installing: /home/nayab/dev_ws/install/rc_interfaces/include/rc_interfaces/msg/detail/imu_rc__functions.h
[5.565s] -- Installing: /home/nayab/dev_ws/install/rc_interfaces/include/rc_interfaces/msg/detail/imu_rc__functions.c
[5.565s] -- Installing: /home/nayab/dev_ws/install/rc_interfaces/include/rc_interfaces/msg/detail/imu_rc__type_support.h
[5.565s] -- Installing: /home/nayab/dev_ws/install/rc_interfaces/include/rc_interfaces/msg/detail/rc_status__functions.c
[5.565s] -- Up-to-date: /home/nayab/dev_ws/install/rc_interfaces/include/rc_interfaces/msg/detail/target_coordinates__type_support.h
[5.565s] -- Installing: /home/nayab/dev_ws/install/rc_interfaces/include/rc_interfaces/msg/detail/rc_status__struct.h
[5.565s] -- Up-to-date: /home/nayab/dev_ws/install/rc_interfaces/include/rc_interfaces/msg/detail/target_coordinates__struct.h
[5.566s] -- Installing: /home/nayab/dev_ws/install/rc_interfaces/include/rc_interfaces/msg/detail/imu_rc__struct.h
[5.566s] -- Up-to-date: /home/nayab/dev_ws/install/rc_interfaces/include/rc_interfaces/msg/detail/target_coordinates__functions.c
[5.566s] -- Installing: /home/nayab/dev_ws/install/rc_interfaces/include/rc_interfaces/msg/detail/rc_status__functions.h
[5.566s] -- Up-to-date: /home/nayab/dev_ws/install/rc_interfaces/include/rc_interfaces/msg/detail/target_coordinates__functions.h
[5.566s] -- Installing: /home/nayab/dev_ws/install/rc_interfaces/include/rc_interfaces/msg/rc_status.h
[5.566s] -- Up-to-date: /home/nayab/dev_ws/install/rc_interfaces/include/rc_interfaces/msg/target_coordinates.h
[5.566s] -- Up-to-date: /home/nayab/dev_ws/install/rc_interfaces/include/rc_interfaces/msg/rosidl_generator_c__visibility_control.h
[5.566s] -- Installing: /home/nayab/dev_ws/install/rc_interfaces/include/rc_interfaces/msg/imu_rc.h
[5.566s] -- Up-to-date: /home/nayab/dev_ws/install/rc_interfaces/share/rc_interfaces/environment/library_path.sh
[5.566s] -- Installing: /home/nayab/dev_ws/install/rc_interfaces/share/rc_interfaces/environment/library_path.dsv
[5.566s] -- Installing: /home/nayab/dev_ws/install/rc_interfaces/lib/librc_interfaces__rosidl_generator_c.so
[5.566s] -- Set runtime path of "/home/nayab/dev_ws/install/rc_interfaces/lib/librc_interfaces__rosidl_generator_c.so" to ""
[5.567s] -- Up-to-date: /home/nayab/dev_ws/install/rc_interfaces/include/rc_interfaces
[5.567s] -- Up-to-date: /home/nayab/dev_ws/install/rc_interfaces/include/rc_interfaces/msg
[5.567s] -- Up-to-date: /home/nayab/dev_ws/install/rc_interfaces/include/rc_interfaces/msg/detail
[5.567s] -- Installing: /home/nayab/dev_ws/install/rc_interfaces/include/rc_interfaces/msg/detail/imu_rc__rosidl_typesupport_fastrtps_c.h
[5.567s] -- Installing: /home/nayab/dev_ws/install/rc_interfaces/include/rc_interfaces/msg/detail/rc_status__rosidl_typesupport_fastrtps_c.h
[5.567s] -- Up-to-date: /home/nayab/dev_ws/install/rc_interfaces/include/rc_interfaces/msg/detail/target_coordinates__rosidl_typesupport_fastrtps_c.h
[5.567s] -- Up-to-date: /home/nayab/dev_ws/install/rc_interfaces/include/rc_interfaces/msg/rosidl_typesupport_fastrtps_c__visibility_control.h
[5.567s] -- Installing: /home/nayab/dev_ws/install/rc_interfaces/lib/librc_interfaces__rosidl_typesupport_fastrtps_c.so
[5.568s] -- Set runtime path of "/home/nayab/dev_ws/install/rc_interfaces/lib/librc_interfaces__rosidl_typesupport_fastrtps_c.so" to ""
[5.568s] -- Up-to-date: /home/nayab/dev_ws/install/rc_interfaces/include/rc_interfaces
[5.568s] -- Up-to-date: /home/nayab/dev_ws/install/rc_interfaces/include/rc_interfaces/msg
[5.568s] -- Up-to-date: /home/nayab/dev_ws/install/rc_interfaces/include/rc_interfaces/msg/detail
[5.568s] -- Up-to-date: /home/nayab/dev_ws/install/rc_interfaces/include/rc_interfaces/msg/detail/dds_fastrtps
[5.568s] -- Installing: /home/nayab/dev_ws/install/rc_interfaces/include/rc_interfaces/msg/detail/rc_status__rosidl_typesupport_fastrtps_cpp.hpp
[5.568s] -- Installing: /home/nayab/dev_ws/install/rc_interfaces/include/rc_interfaces/msg/detail/imu_rc__rosidl_typesupport_fastrtps_cpp.hpp
[5.568s] -- Up-to-date: /home/nayab/dev_ws/install/rc_interfaces/include/rc_interfaces/msg/detail/target_coordinates__rosidl_typesupport_fastrtps_cpp.hpp
[5.568s] -- Up-to-date: /home/nayab/dev_ws/install/rc_interfaces/include/rc_interfaces/msg/rosidl_typesupport_fastrtps_cpp__visibility_control.h
[5.568s] -- Installing: /home/nayab/dev_ws/install/rc_interfaces/lib/librc_interfaces__rosidl_typesupport_fastrtps_cpp.so
[5.569s] -- Set runtime path of "/home/nayab/dev_ws/install/rc_interfaces/lib/librc_interfaces__rosidl_typesupport_fastrtps_cpp.so" to ""
[5.569s] -- Up-to-date: /home/nayab/dev_ws/install/rc_interfaces/include/rc_interfaces
[5.569s] -- Up-to-date: /home/nayab/dev_ws/install/rc_interfaces/include/rc_interfaces/msg
[5.569s] -- Up-to-date: /home/nayab/dev_ws/install/rc_interfaces/include/rc_interfaces/msg/rosidl_typesupport_introspection_c__visibility_control.h
[5.569s] -- Up-to-date: /home/nayab/dev_ws/install/rc_interfaces/include/rc_interfaces/msg/detail
[5.569s] -- Up-to-date: /home/nayab/dev_ws/install/rc_interfaces/include/rc_interfaces/msg/detail/target_coordinates__type_support.c
[5.569s] -- Installing: /home/nayab/dev_ws/install/rc_interfaces/include/rc_interfaces/msg/detail/imu_rc__rosidl_typesupport_introspection_c.h
[5.569s] -- Up-to-date: /home/nayab/dev_ws/install/rc_interfaces/include/rc_interfaces/msg/detail/target_coordinates__rosidl_typesupport_introspection_c.h
[5.569s] -- Installing: /home/nayab/dev_ws/install/rc_interfaces/include/rc_interfaces/msg/detail/imu_rc__type_support.c
[5.569s] -- Installing: /home/nayab/dev_ws/install/rc_interfaces/include/rc_interfaces/msg/detail/rc_status__type_support.c
[5.569s] -- Installing: /home/nayab/dev_ws/install/rc_interfaces/include/rc_interfaces/msg/detail/rc_status__rosidl_typesupport_introspection_c.h
[5.570s] -- Installing: /home/nayab/dev_ws/install/rc_interfaces/lib/librc_interfaces__rosidl_typesupport_introspection_c.so
[5.570s] -- Set runtime path of "/home/nayab/dev_ws/install/rc_interfaces/lib/librc_interfaces__rosidl_typesupport_introspection_c.so" to ""
[5.570s] -- Installing: /home/nayab/dev_ws/install/rc_interfaces/lib/librc_interfaces__rosidl_typesupport_c.so
[5.571s] -- Set runtime path of "/home/nayab/dev_ws/install/rc_interfaces/lib/librc_interfaces__rosidl_typesupport_c.so" to ""
[5.571s] -- Up-to-date: /home/nayab/dev_ws/install/rc_interfaces/include/rc_interfaces
[5.571s] -- Up-to-date: /home/nayab/dev_ws/install/rc_interfaces/include/rc_interfaces/msg
[5.571s] -- Up-to-date: /home/nayab/dev_ws/install/rc_interfaces/include/rc_interfaces/msg/target_coordinates.hpp
[5.571s] -- Installing: /home/nayab/dev_ws/install/rc_interfaces/include/rc_interfaces/msg/rc_status.hpp
[5.571s] -- Installing: /home/nayab/dev_ws/install/rc_interfaces/include/rc_interfaces/msg/imu_rc.hpp
[5.572s] -- Up-to-date: /home/nayab/dev_ws/install/rc_interfaces/include/rc_interfaces/msg/detail
[5.572s] -- Up-to-date: /home/nayab/dev_ws/install/rc_interfaces/include/rc_interfaces/msg/detail/target_coordinates__traits.hpp
[5.572s] -- Installing: /home/nayab/dev_ws/install/rc_interfaces/include/rc_interfaces/msg/detail/imu_rc__traits.hpp
[5.572s] -- Installing: /home/nayab/dev_ws/install/rc_interfaces/include/rc_interfaces/msg/detail/rc_status__builder.hpp
[5.572s] -- Up-to-date: /home/nayab/dev_ws/install/rc_interfaces/include/rc_interfaces/msg/detail/target_coordinates__builder.hpp
[5.572s] -- Installing: /home/nayab/dev_ws/install/rc_interfaces/include/rc_interfaces/msg/detail/rc_status__traits.hpp
[5.572s] -- Up-to-date: /home/nayab/dev_ws/install/rc_interfaces/include/rc_interfaces/msg/detail/target_coordinates__struct.hpp
[5.572s] -- Installing: /home/nayab/dev_ws/install/rc_interfaces/include/rc_interfaces/msg/detail/imu_rc__struct.hpp
[5.572s] -- Installing: /home/nayab/dev_ws/install/rc_interfaces/include/rc_interfaces/msg/detail/rc_status__struct.hpp
[5.572s] -- Installing: /home/nayab/dev_ws/install/rc_interfaces/include/rc_interfaces/msg/detail/imu_rc__builder.hpp
[5.572s] -- Up-to-date: /home/nayab/dev_ws/install/rc_interfaces/include/rc_interfaces
[5.572s] -- Up-to-date: /home/nayab/dev_ws/install/rc_interfaces/include/rc_interfaces/msg
[5.573s] -- Up-to-date: /home/nayab/dev_ws/install/rc_interfaces/include/rc_interfaces/msg/detail
[5.573s] -- Installing: /home/nayab/dev_ws/install/rc_interfaces/include/rc_interfaces/msg/detail/imu_rc__rosidl_typesupport_introspection_cpp.hpp
[5.573s] -- Up-to-date: /home/nayab/dev_ws/install/rc_interfaces/include/rc_interfaces/msg/detail/target_coordinates__rosidl_typesupport_introspection_cpp.hpp
[5.573s] -- Installing: /home/nayab/dev_ws/install/rc_interfaces/include/rc_interfaces/msg/detail/rc_status__rosidl_typesupport_introspection_cpp.hpp
[5.573s] -- Up-to-date: /home/nayab/dev_ws/install/rc_interfaces/include/rc_interfaces/msg/detail/target_coordinates__type_support.cpp
[5.573s] -- Installing: /home/nayab/dev_ws/install/rc_interfaces/include/rc_interfaces/msg/detail/imu_rc__type_support.cpp
[5.573s] -- Installing: /home/nayab/dev_ws/install/rc_interfaces/include/rc_interfaces/msg/detail/rc_status__type_support.cpp
[5.573s] -- Installing: /home/nayab/dev_ws/install/rc_interfaces/lib/librc_interfaces__rosidl_typesupport_introspection_cpp.so
[5.573s] -- Set runtime path of "/home/nayab/dev_ws/install/rc_interfaces/lib/librc_interfaces__rosidl_typesupport_introspection_cpp.so" to ""
[5.574s] -- Installing: /home/nayab/dev_ws/install/rc_interfaces/lib/librc_interfaces__rosidl_typesupport_cpp.so
[5.574s] -- Set runtime path of "/home/nayab/dev_ws/install/rc_interfaces/lib/librc_interfaces__rosidl_typesupport_cpp.so" to ""
[5.574s] -- Up-to-date: /home/nayab/dev_ws/install/rc_interfaces/share/rc_interfaces/environment/pythonpath.sh
[5.574s] -- Installing: /home/nayab/dev_ws/install/rc_interfaces/share/rc_interfaces/environment/pythonpath.dsv
[5.574s] -- Installing: /home/nayab/dev_ws/install/rc_interfaces/lib/python3.8/site-packages/rc_interfaces/__init__.py
[5.608s] Compiling '/home/nayab/dev_ws/install/rc_interfaces/lib/python3.8/site-packages/rc_interfaces/__init__.py'...
[5.612s] -- Up-to-date: /home/nayab/dev_ws/install/rc_interfaces/lib/python3.8/site-packages/rc_interfaces/msg
[5.612s] -- Installing: /home/nayab/dev_ws/install/rc_interfaces/lib/python3.8/site-packages/rc_interfaces/msg/__init__.py
[5.612s] -- Installing: /home/nayab/dev_ws/install/rc_interfaces/lib/python3.8/site-packages/rc_interfaces/msg/_rc_status.py
[5.612s] -- Installing: /home/nayab/dev_ws/install/rc_interfaces/lib/python3.8/site-packages/rc_interfaces/msg/_imu_rc_s.c
[5.612s] -- Up-to-date: /home/nayab/dev_ws/install/rc_interfaces/lib/python3.8/site-packages/rc_interfaces/msg/_target_coordinates.py
[5.612s] -- Installing: /home/nayab/dev_ws/install/rc_interfaces/lib/python3.8/site-packages/rc_interfaces/msg/_imu_rc.py
[5.613s] -- Installing: /home/nayab/dev_ws/install/rc_interfaces/lib/python3.8/site-packages/rc_interfaces/msg/_rc_status_s.c
[5.613s] -- Up-to-date: /home/nayab/dev_ws/install/rc_interfaces/lib/python3.8/site-packages/rc_interfaces/msg/_target_coordinates_s.c
[5.613s] -- Installing: /home/nayab/dev_ws/install/rc_interfaces/lib/python3.8/site-packages/rc_interfaces/rc_interfaces_s__rosidl_typesupport_fastrtps_c.cpython-38-x86_64-linux-gnu.so
[5.613s] -- Set runtime path of "/home/nayab/dev_ws/install/rc_interfaces/lib/python3.8/site-packages/rc_interfaces/rc_interfaces_s__rosidl_typesupport_fastrtps_c.cpython-38-x86_64-linux-gnu.so" to ""
[5.614s] -- Installing: /home/nayab/dev_ws/install/rc_interfaces/lib/python3.8/site-packages/rc_interfaces/rc_interfaces_s__rosidl_typesupport_introspection_c.cpython-38-x86_64-linux-gnu.so
[5.614s] -- Set runtime path of "/home/nayab/dev_ws/install/rc_interfaces/lib/python3.8/site-packages/rc_interfaces/rc_interfaces_s__rosidl_typesupport_introspection_c.cpython-38-x86_64-linux-gnu.so" to ""
[5.615s] -- Installing: /home/nayab/dev_ws/install/rc_interfaces/lib/python3.8/site-packages/rc_interfaces/rc_interfaces_s__rosidl_typesupport_c.cpython-38-x86_64-linux-gnu.so
[5.615s] -- Set runtime path of "/home/nayab/dev_ws/install/rc_interfaces/lib/python3.8/site-packages/rc_interfaces/rc_interfaces_s__rosidl_typesupport_c.cpython-38-x86_64-linux-gnu.so" to ""
[5.616s] -- Installing: /home/nayab/dev_ws/install/rc_interfaces/lib/librc_interfaces__python.so
[5.616s] -- Set runtime path of "/home/nayab/dev_ws/install/rc_interfaces/lib/librc_interfaces__python.so" to ""
[5.616s] -- Installing: /home/nayab/dev_ws/install/rc_interfaces/share/rc_interfaces/msg/RcStatus.idl
[5.616s] -- Up-to-date: /home/nayab/dev_ws/install/rc_interfaces/share/rc_interfaces/msg/ImuRc.idl
[5.616s] -- Installing: /home/nayab/dev_ws/install/rc_interfaces/share/rc_interfaces/msg/RcStatus.msg
[5.616s] -- Up-to-date: /home/nayab/dev_ws/install/rc_interfaces/share/rc_interfaces/msg/ImuRc.msg
[5.617s] -- Up-to-date: /home/nayab/dev_ws/install/rc_interfaces/share/ament_index/resource_index/package_run_dependencies/rc_interfaces
[5.617s] -- Installing: /home/nayab/dev_ws/install/rc_interfaces/share/ament_index/resource_index/parent_prefix_path/rc_interfaces
[5.617s] -- Up-to-date: /home/nayab/dev_ws/install/rc_interfaces/share/rc_interfaces/environment/ament_prefix_path.sh
[5.617s] -- Installing: /home/nayab/dev_ws/install/rc_interfaces/share/rc_interfaces/environment/ament_prefix_path.dsv
[5.617s] -- Up-to-date: /home/nayab/dev_ws/install/rc_interfaces/share/rc_interfaces/environment/path.sh
[5.617s] -- Installing: /home/nayab/dev_ws/install/rc_interfaces/share/rc_interfaces/environment/path.dsv
[5.617s] -- Up-to-date: /home/nayab/dev_ws/install/rc_interfaces/share/rc_interfaces/local_setup.bash
[5.617s] -- Up-to-date: /home/nayab/dev_ws/install/rc_interfaces/share/rc_interfaces/local_setup.sh
[5.617s] -- Up-to-date: /home/nayab/dev_ws/install/rc_interfaces/share/rc_interfaces/local_setup.zsh
[5.617s] -- Installing: /home/nayab/dev_ws/install/rc_interfaces/share/rc_interfaces/local_setup.dsv
[5.618s] -- Installing: /home/nayab/dev_ws/install/rc_interfaces/share/rc_interfaces/package.dsv
[5.618s] -- Up-to-date: /home/nayab/dev_ws/install/rc_interfaces/share/ament_index/resource_index/packages/rc_interfaces
[5.618s] -- Up-to-date: /home/nayab/dev_ws/install/rc_interfaces/share/rc_interfaces/cmake/rc_interfaces__rosidl_generator_cExport.cmake
[5.618s] -- Installing: /home/nayab/dev_ws/install/rc_interfaces/share/rc_interfaces/cmake/rc_interfaces__rosidl_generator_cExport-noconfig.cmake
[5.618s] -- Up-to-date: /home/nayab/dev_ws/install/rc_interfaces/share/rc_interfaces/cmake/rc_interfaces__rosidl_typesupport_introspection_cExport.cmake
[5.618s] -- Installing: /home/nayab/dev_ws/install/rc_interfaces/share/rc_interfaces/cmake/rc_interfaces__rosidl_typesupport_introspection_cExport-noconfig.cmake
[5.619s] -- Up-to-date: /home/nayab/dev_ws/install/rc_interfaces/share/rc_interfaces/cmake/rc_interfaces__rosidl_typesupport_cExport.cmake
[5.619s] -- Installing: /home/nayab/dev_ws/install/rc_interfaces/share/rc_interfaces/cmake/rc_interfaces__rosidl_typesupport_cExport-noconfig.cmake
[5.619s] -- Up-to-date: /home/nayab/dev_ws/install/rc_interfaces/share/rc_interfaces/cmake/rc_interfaces__rosidl_generator_cppExport.cmake
[5.619s] -- Up-to-date: /home/nayab/dev_ws/install/rc_interfaces/share/rc_interfaces/cmake/rc_interfaces__rosidl_typesupport_introspection_cppExport.cmake
[5.619s] -- Installing: /home/nayab/dev_ws/install/rc_interfaces/share/rc_interfaces/cmake/rc_interfaces__rosidl_typesupport_introspection_cppExport-noconfig.cmake
[5.620s] -- Up-to-date: /home/nayab/dev_ws/install/rc_interfaces/share/rc_interfaces/cmake/rc_interfaces__rosidl_typesupport_cppExport.cmake
[5.620s] -- Installing: /home/nayab/dev_ws/install/rc_interfaces/share/rc_interfaces/cmake/rc_interfaces__rosidl_typesupport_cppExport-noconfig.cmake
[5.620s] -- Up-to-date: /home/nayab/dev_ws/install/rc_interfaces/share/rc_interfaces/cmake/rosidl_cmake-extras.cmake
[5.620s] -- Up-to-date: /home/nayab/dev_ws/install/rc_interfaces/share/rc_interfaces/cmake/ament_cmake_export_dependencies-extras.cmake
[5.620s] -- Up-to-date: /home/nayab/dev_ws/install/rc_interfaces/share/rc_interfaces/cmake/ament_cmake_export_libraries-extras.cmake
[5.620s] -- Up-to-date: /home/nayab/dev_ws/install/rc_interfaces/share/rc_interfaces/cmake/ament_cmake_export_targets-extras.cmake
[5.620s] -- Up-to-date: /home/nayab/dev_ws/install/rc_interfaces/share/rc_interfaces/cmake/ament_cmake_export_include_directories-extras.cmake
[5.620s] -- Up-to-date: /home/nayab/dev_ws/install/rc_interfaces/share/rc_interfaces/cmake/rosidl_cmake_export_typesupport_libraries-extras.cmake
[5.620s] -- Up-to-date: /home/nayab/dev_ws/install/rc_interfaces/share/rc_interfaces/cmake/rosidl_cmake_export_typesupport_targets-extras.cmake
[5.620s] -- Up-to-date: /home/nayab/dev_ws/install/rc_interfaces/share/rc_interfaces/cmake/rc_interfacesConfig.cmake
[5.621s] -- Up-to-date: /home/nayab/dev_ws/install/rc_interfaces/share/rc_interfaces/cmake/rc_interfacesConfig-version.cmake
[5.621s] -- Up-to-date: /home/nayab/dev_ws/install/rc_interfaces/share/rc_interfaces/package.xml
[5.625s] Invoked command in '/home/nayab/dev_ws/build/rc_interfaces' returned '0': CMAKE_PREFIX_PATH=/home/nayab/dev_ws/install/tutorial_interfaces:/home/nayab/dev_ws/install/turtlesim:/home/nayab/dev_ws/install/rc_interfaces:/home/nayab/dev_ws/install/ether_follow_interfaces:/home/nayab/dev_ws/install/abds_core_common:/home/nayab/dev_ws/install/rc_data_emulator:/home/nayab/dev_ws/install/py_pubsub:/home/nayab/dev_ws/install/my_package:/home/nayab/dev_ws/install/ether_follow_pubsub:/home/nayab/dev_ws/install/dbr_pubsub:/opt/ros/foxy:/home/nayab/project_ws/devel:/opt/ros/noetic /usr/bin/cmake --install /home/nayab/dev_ws/build/rc_interfaces
