[0.016s] Invoking command in '/home/nayab/dev_ws/build/tutorial_interfaces': CMAKE_PREFIX_PATH=/home/nayab/dev_ws/install/tutorial_interfaces:/home/nayab/dev_ws/install/turtlesim:/home/nayab/dev_ws/install/rc_interfaces:/home/nayab/dev_ws/install/abds_core_common:/home/nayab/dev_ws/install/py_pubsub:/home/nayab/dev_ws/install/my_package:/home/nayab/dev_ws/install/dbr_pubsub:/opt/ros/foxy:/home/nayab/project_ws/devel:/opt/ros/noetic /usr/bin/cmake --build /home/nayab/dev_ws/build/tutorial_interfaces -- -j4 -l4
[0.067s] [ 10%] Built target tutorial_interfaces__rosidl_generator_c
[0.119s] [ 12%] Built target tutorial_interfaces__cpp
[0.159s] [ 23%] Built target tutorial_interfaces__rosidl_typesupport_introspection_c
[0.177s] [ 33%] Built target tutorial_interfaces__rosidl_typesupport_c
[0.179s] [ 43%] Built target tutorial_interfaces__rosidl_typesupport_cpp
[0.193s] [ 53%] Built target tutorial_interfaces__rosidl_typesupport_fastrtps_cpp
[0.206s] [ 64%] Built target tutorial_interfaces__rosidl_typesupport_introspection_cpp
[0.226s] [ 74%] Built target tutorial_interfaces__rosidl_typesupport_fastrtps_c
[0.245s] [ 74%] Built target tutorial_interfaces
[0.264s] [ 76%] Built target tutorial_interfaces__py
[0.299s] [ 84%] Built target tutorial_interfaces__python
[0.334s] [ 89%] Built target tutorial_interfaces__rosidl_typesupport_fastrtps_c__pyext
[0.340s] [ 94%] Built target tutorial_interfaces__rosidl_typesupport_introspection_c__pyext
[0.364s] [100%] Built target tutorial_interfaces__rosidl_typesupport_c__pyext
[0.376s] Invoked command in '/home/nayab/dev_ws/build/tutorial_interfaces' returned '0': CMAKE_PREFIX_PATH=/home/nayab/dev_ws/install/tutorial_interfaces:/home/nayab/dev_ws/install/turtlesim:/home/nayab/dev_ws/install/rc_interfaces:/home/nayab/dev_ws/install/abds_core_common:/home/nayab/dev_ws/install/py_pubsub:/home/nayab/dev_ws/install/my_package:/home/nayab/dev_ws/install/dbr_pubsub:/opt/ros/foxy:/home/nayab/project_ws/devel:/opt/ros/noetic /usr/bin/cmake --build /home/nayab/dev_ws/build/tutorial_interfaces -- -j4 -l4
[0.494s] Invoking command in '/home/nayab/dev_ws/build/tutorial_interfaces': CMAKE_PREFIX_PATH=/home/nayab/dev_ws/install/tutorial_interfaces:/home/nayab/dev_ws/install/turtlesim:/home/nayab/dev_ws/install/rc_interfaces:/home/nayab/dev_ws/install/abds_core_common:/home/nayab/dev_ws/install/py_pubsub:/home/nayab/dev_ws/install/my_package:/home/nayab/dev_ws/install/dbr_pubsub:/opt/ros/foxy:/home/nayab/project_ws/devel:/opt/ros/noetic /usr/bin/cmake --install /home/nayab/dev_ws/build/tutorial_interfaces
[0.496s] -- Install configuration: ""
[0.496s] -- Up-to-date: /home/nayab/dev_ws/install/tutorial_interfaces/share/ament_index/resource_index/rosidl_interfaces/tutorial_interfaces
[0.497s] -- Up-to-date: /home/nayab/dev_ws/install/tutorial_interfaces/include/tutorial_interfaces
[0.497s] -- Up-to-date: /home/nayab/dev_ws/install/tutorial_interfaces/include/tutorial_interfaces/msg
[0.497s] -- Up-to-date: /home/nayab/dev_ws/install/tutorial_interfaces/include/tutorial_interfaces/msg/mp_status.h
[0.500s] -- Up-to-date: /home/nayab/dev_ws/install/tutorial_interfaces/include/tutorial_interfaces/msg/rosidl_generator_c__visibility_control.h
[0.500s] -- Up-to-date: /home/nayab/dev_ws/install/tutorial_interfaces/include/tutorial_interfaces/msg/num.h
[0.501s] -- Up-to-date: /home/nayab/dev_ws/install/tutorial_interfaces/include/tutorial_interfaces/msg/detail
[0.502s] -- Up-to-date: /home/nayab/dev_ws/install/tutorial_interfaces/include/tutorial_interfaces/msg/detail/num__struct.h
[0.502s] -- Up-to-date: /home/nayab/dev_ws/install/tutorial_interfaces/include/tutorial_interfaces/msg/detail/mp_status__type_support.h
[0.503s] -- Up-to-date: /home/nayab/dev_ws/install/tutorial_interfaces/include/tutorial_interfaces/msg/detail/mp_status__functions.c
[0.504s] -- Up-to-date: /home/nayab/dev_ws/install/tutorial_interfaces/include/tutorial_interfaces/msg/detail/num__type_support.h
[0.504s] -- Up-to-date: /home/nayab/dev_ws/install/tutorial_interfaces/include/tutorial_interfaces/msg/detail/num__functions.h
[0.506s] -- Up-to-date: /home/nayab/dev_ws/install/tutorial_interfaces/include/tutorial_interfaces/msg/detail/num__functions.c
[0.506s] -- Up-to-date: /home/nayab/dev_ws/install/tutorial_interfaces/include/tutorial_interfaces/msg/detail/mp_status__functions.h
[0.507s] -- Up-to-date: /home/nayab/dev_ws/install/tutorial_interfaces/include/tutorial_interfaces/msg/detail/mp_status__struct.h
[0.507s] -- Up-to-date: /home/nayab/dev_ws/install/tutorial_interfaces/share/tutorial_interfaces/environment/library_path.sh
[0.507s] -- Up-to-date: /home/nayab/dev_ws/install/tutorial_interfaces/share/tutorial_interfaces/environment/library_path.dsv
[0.508s] -- Up-to-date: /home/nayab/dev_ws/install/tutorial_interfaces/lib/libtutorial_interfaces__rosidl_generator_c.so
[0.508s] -- Up-to-date: /home/nayab/dev_ws/install/tutorial_interfaces/include/tutorial_interfaces
[0.508s] -- Up-to-date: /home/nayab/dev_ws/install/tutorial_interfaces/include/tutorial_interfaces/msg
[0.509s] -- Up-to-date: /home/nayab/dev_ws/install/tutorial_interfaces/include/tutorial_interfaces/msg/detail
[0.509s] -- Up-to-date: /home/nayab/dev_ws/install/tutorial_interfaces/include/tutorial_interfaces/msg/detail/num__rosidl_typesupport_fastrtps_c.h
[0.509s] -- Up-to-date: /home/nayab/dev_ws/install/tutorial_interfaces/include/tutorial_interfaces/msg/detail/mp_status__rosidl_typesupport_fastrtps_c.h
[0.509s] -- Up-to-date: /home/nayab/dev_ws/install/tutorial_interfaces/include/tutorial_interfaces/msg/rosidl_typesupport_fastrtps_c__visibility_control.h
[0.509s] -- Up-to-date: /home/nayab/dev_ws/install/tutorial_interfaces/lib/libtutorial_interfaces__rosidl_typesupport_fastrtps_c.so
[0.510s] -- Up-to-date: /home/nayab/dev_ws/install/tutorial_interfaces/include/tutorial_interfaces
[0.511s] -- Up-to-date: /home/nayab/dev_ws/install/tutorial_interfaces/include/tutorial_interfaces/msg
[0.514s] -- Up-to-date: /home/nayab/dev_ws/install/tutorial_interfaces/include/tutorial_interfaces/msg/rosidl_typesupport_fastrtps_cpp__visibility_control.h
[0.515s] -- Up-to-date: /home/nayab/dev_ws/install/tutorial_interfaces/include/tutorial_interfaces/msg/detail
[0.515s] -- Up-to-date: /home/nayab/dev_ws/install/tutorial_interfaces/include/tutorial_interfaces/msg/detail/dds_fastrtps
[0.516s] -- Up-to-date: /home/nayab/dev_ws/install/tutorial_interfaces/include/tutorial_interfaces/msg/detail/mp_status__rosidl_typesupport_fastrtps_cpp.hpp
[0.516s] -- Up-to-date: /home/nayab/dev_ws/install/tutorial_interfaces/include/tutorial_interfaces/msg/detail/num__rosidl_typesupport_fastrtps_cpp.hpp
[0.516s] -- Up-to-date: /home/nayab/dev_ws/install/tutorial_interfaces/lib/libtutorial_interfaces__rosidl_typesupport_fastrtps_cpp.so
[0.516s] -- Up-to-date: /home/nayab/dev_ws/install/tutorial_interfaces/include/tutorial_interfaces
[0.516s] -- Up-to-date: /home/nayab/dev_ws/install/tutorial_interfaces/include/tutorial_interfaces/msg
[0.517s] -- Up-to-date: /home/nayab/dev_ws/install/tutorial_interfaces/include/tutorial_interfaces/msg/detail
[0.519s] -- Up-to-date: /home/nayab/dev_ws/install/tutorial_interfaces/include/tutorial_interfaces/msg/detail/num__rosidl_typesupport_introspection_c.h
[0.519s] -- Up-to-date: /home/nayab/dev_ws/install/tutorial_interfaces/include/tutorial_interfaces/msg/detail/num__type_support.c
[0.519s] -- Up-to-date: /home/nayab/dev_ws/install/tutorial_interfaces/include/tutorial_interfaces/msg/detail/mp_status__rosidl_typesupport_introspection_c.h
[0.519s] -- Up-to-date: /home/nayab/dev_ws/install/tutorial_interfaces/include/tutorial_interfaces/msg/detail/mp_status__type_support.c
[0.520s] -- Up-to-date: /home/nayab/dev_ws/install/tutorial_interfaces/include/tutorial_interfaces/msg/rosidl_typesupport_introspection_c__visibility_control.h
[0.520s] -- Up-to-date: /home/nayab/dev_ws/install/tutorial_interfaces/lib/libtutorial_interfaces__rosidl_typesupport_introspection_c.so
[0.521s] -- Up-to-date: /home/nayab/dev_ws/install/tutorial_interfaces/lib/libtutorial_interfaces__rosidl_typesupport_c.so
[0.521s] -- Up-to-date: /home/nayab/dev_ws/install/tutorial_interfaces/include/tutorial_interfaces
[0.522s] -- Up-to-date: /home/nayab/dev_ws/install/tutorial_interfaces/include/tutorial_interfaces/msg
[0.524s] -- Up-to-date: /home/nayab/dev_ws/install/tutorial_interfaces/include/tutorial_interfaces/msg/mp_status.hpp
[0.525s] -- Up-to-date: /home/nayab/dev_ws/install/tutorial_interfaces/include/tutorial_interfaces/msg/detail
[0.525s] -- Up-to-date: /home/nayab/dev_ws/install/tutorial_interfaces/include/tutorial_interfaces/msg/detail/num__builder.hpp
[0.527s] -- Up-to-date: /home/nayab/dev_ws/install/tutorial_interfaces/include/tutorial_interfaces/msg/detail/mp_status__struct.hpp
[0.527s] -- Up-to-date: /home/nayab/dev_ws/install/tutorial_interfaces/include/tutorial_interfaces/msg/detail/mp_status__builder.hpp
[0.530s] -- Up-to-date: /home/nayab/dev_ws/install/tutorial_interfaces/include/tutorial_interfaces/msg/detail/num__struct.hpp
[0.531s] -- Up-to-date: /home/nayab/dev_ws/install/tutorial_interfaces/include/tutorial_interfaces/msg/detail/num__traits.hpp
[0.532s] -- Up-to-date: /home/nayab/dev_ws/install/tutorial_interfaces/include/tutorial_interfaces/msg/detail/mp_status__traits.hpp
[0.534s] -- Up-to-date: /home/nayab/dev_ws/install/tutorial_interfaces/include/tutorial_interfaces/msg/num.hpp
[0.545s] -- Up-to-date: /home/nayab/dev_ws/install/tutorial_interfaces/include/tutorial_interfaces
[0.546s] -- Up-to-date: /home/nayab/dev_ws/install/tutorial_interfaces/include/tutorial_interfaces/msg
[0.547s] -- Up-to-date: /home/nayab/dev_ws/install/tutorial_interfaces/include/tutorial_interfaces/msg/detail
[0.549s] -- Up-to-date: /home/nayab/dev_ws/install/tutorial_interfaces/include/tutorial_interfaces/msg/detail/mp_status__rosidl_typesupport_introspection_cpp.hpp
[0.550s] -- Up-to-date: /home/nayab/dev_ws/install/tutorial_interfaces/include/tutorial_interfaces/msg/detail/mp_status__type_support.cpp
[0.550s] -- Up-to-date: /home/nayab/dev_ws/install/tutorial_interfaces/include/tutorial_interfaces/msg/detail/num__type_support.cpp
[0.550s] -- Up-to-date: /home/nayab/dev_ws/install/tutorial_interfaces/include/tutorial_interfaces/msg/detail/num__rosidl_typesupport_introspection_cpp.hpp
[0.551s] -- Up-to-date: /home/nayab/dev_ws/install/tutorial_interfaces/lib/libtutorial_interfaces__rosidl_typesupport_introspection_cpp.so
[0.554s] -- Up-to-date: /home/nayab/dev_ws/install/tutorial_interfaces/lib/libtutorial_interfaces__rosidl_typesupport_cpp.so
[0.556s] -- Up-to-date: /home/nayab/dev_ws/install/tutorial_interfaces/share/tutorial_interfaces/environment/pythonpath.sh
[0.556s] -- Up-to-date: /home/nayab/dev_ws/install/tutorial_interfaces/share/tutorial_interfaces/environment/pythonpath.dsv
[0.557s] -- Up-to-date: /home/nayab/dev_ws/install/tutorial_interfaces/lib/python3.8/site-packages/tutorial_interfaces/__init__.py
[0.570s] -- Up-to-date: /home/nayab/dev_ws/install/tutorial_interfaces/lib/python3.8/site-packages/tutorial_interfaces/msg
[0.570s] -- Up-to-date: /home/nayab/dev_ws/install/tutorial_interfaces/lib/python3.8/site-packages/tutorial_interfaces/msg/__init__.py
[0.572s] -- Up-to-date: /home/nayab/dev_ws/install/tutorial_interfaces/lib/python3.8/site-packages/tutorial_interfaces/msg/_num_s.c
[0.572s] -- Up-to-date: /home/nayab/dev_ws/install/tutorial_interfaces/lib/python3.8/site-packages/tutorial_interfaces/msg/_mp_status_s.c
[0.573s] -- Up-to-date: /home/nayab/dev_ws/install/tutorial_interfaces/lib/python3.8/site-packages/tutorial_interfaces/msg/_mp_status.py
[0.573s] -- Up-to-date: /home/nayab/dev_ws/install/tutorial_interfaces/lib/python3.8/site-packages/tutorial_interfaces/msg/_num.py
[0.573s] -- Up-to-date: /home/nayab/dev_ws/install/tutorial_interfaces/lib/python3.8/site-packages/tutorial_interfaces/tutorial_interfaces_s__rosidl_typesupport_fastrtps_c.cpython-38-x86_64-linux-gnu.so
[0.573s] -- Up-to-date: /home/nayab/dev_ws/install/tutorial_interfaces/lib/python3.8/site-packages/tutorial_interfaces/tutorial_interfaces_s__rosidl_typesupport_introspection_c.cpython-38-x86_64-linux-gnu.so
[0.574s] -- Up-to-date: /home/nayab/dev_ws/install/tutorial_interfaces/lib/python3.8/site-packages/tutorial_interfaces/tutorial_interfaces_s__rosidl_typesupport_c.cpython-38-x86_64-linux-gnu.so
[0.574s] -- Up-to-date: /home/nayab/dev_ws/install/tutorial_interfaces/lib/libtutorial_interfaces__python.so
[0.574s] -- Up-to-date: /home/nayab/dev_ws/install/tutorial_interfaces/share/tutorial_interfaces/msg/Num.idl
[0.574s] -- Up-to-date: /home/nayab/dev_ws/install/tutorial_interfaces/share/tutorial_interfaces/msg/MpStatus.idl
[0.574s] -- Up-to-date: /home/nayab/dev_ws/install/tutorial_interfaces/share/tutorial_interfaces/msg/Num.msg
[0.575s] -- Up-to-date: /home/nayab/dev_ws/install/tutorial_interfaces/share/tutorial_interfaces/msg/MpStatus.msg
[0.576s] -- Up-to-date: /home/nayab/dev_ws/install/tutorial_interfaces/share/ament_index/resource_index/package_run_dependencies/tutorial_interfaces
[0.576s] -- Up-to-date: /home/nayab/dev_ws/install/tutorial_interfaces/share/ament_index/resource_index/parent_prefix_path/tutorial_interfaces
[0.576s] -- Up-to-date: /home/nayab/dev_ws/install/tutorial_interfaces/share/tutorial_interfaces/environment/ament_prefix_path.sh
[0.576s] -- Up-to-date: /home/nayab/dev_ws/install/tutorial_interfaces/share/tutorial_interfaces/environment/ament_prefix_path.dsv
[0.576s] -- Up-to-date: /home/nayab/dev_ws/install/tutorial_interfaces/share/tutorial_interfaces/environment/path.sh
[0.577s] -- Up-to-date: /home/nayab/dev_ws/install/tutorial_interfaces/share/tutorial_interfaces/environment/path.dsv
[0.578s] -- Up-to-date: /home/nayab/dev_ws/install/tutorial_interfaces/share/tutorial_interfaces/local_setup.bash
[0.580s] -- Up-to-date: /home/nayab/dev_ws/install/tutorial_interfaces/share/tutorial_interfaces/local_setup.sh
[0.581s] -- Up-to-date: /home/nayab/dev_ws/install/tutorial_interfaces/share/tutorial_interfaces/local_setup.zsh
[0.581s] -- Up-to-date: /home/nayab/dev_ws/install/tutorial_interfaces/share/tutorial_interfaces/local_setup.dsv
[0.581s] -- Installing: /home/nayab/dev_ws/install/tutorial_interfaces/share/tutorial_interfaces/package.dsv
[0.582s] -- Up-to-date: /home/nayab/dev_ws/install/tutorial_interfaces/share/ament_index/resource_index/packages/tutorial_interfaces
[0.583s] -- Up-to-date: /home/nayab/dev_ws/install/tutorial_interfaces/share/tutorial_interfaces/cmake/tutorial_interfaces__rosidl_generator_cExport.cmake
[0.584s] -- Up-to-date: /home/nayab/dev_ws/install/tutorial_interfaces/share/tutorial_interfaces/cmake/tutorial_interfaces__rosidl_generator_cExport-noconfig.cmake
[0.586s] -- Up-to-date: /home/nayab/dev_ws/install/tutorial_interfaces/share/tutorial_interfaces/cmake/tutorial_interfaces__rosidl_typesupport_introspection_cExport.cmake
[0.587s] -- Up-to-date: /home/nayab/dev_ws/install/tutorial_interfaces/share/tutorial_interfaces/cmake/tutorial_interfaces__rosidl_typesupport_introspection_cExport-noconfig.cmake
[0.588s] -- Up-to-date: /home/nayab/dev_ws/install/tutorial_interfaces/share/tutorial_interfaces/cmake/tutorial_interfaces__rosidl_typesupport_cExport.cmake
[0.588s] -- Up-to-date: /home/nayab/dev_ws/install/tutorial_interfaces/share/tutorial_interfaces/cmake/tutorial_interfaces__rosidl_typesupport_cExport-noconfig.cmake
[0.588s] -- Up-to-date: /home/nayab/dev_ws/install/tutorial_interfaces/share/tutorial_interfaces/cmake/tutorial_interfaces__rosidl_generator_cppExport.cmake
[0.599s] -- Up-to-date: /home/nayab/dev_ws/install/tutorial_interfaces/share/tutorial_interfaces/cmake/tutorial_interfaces__rosidl_typesupport_introspection_cppExport.cmake
[0.599s] -- Up-to-date: /home/nayab/dev_ws/install/tutorial_interfaces/share/tutorial_interfaces/cmake/tutorial_interfaces__rosidl_typesupport_introspection_cppExport-noconfig.cmake
[0.599s] -- Up-to-date: /home/nayab/dev_ws/install/tutorial_interfaces/share/tutorial_interfaces/cmake/tutorial_interfaces__rosidl_typesupport_cppExport.cmake
[0.599s] -- Up-to-date: /home/nayab/dev_ws/install/tutorial_interfaces/share/tutorial_interfaces/cmake/tutorial_interfaces__rosidl_typesupport_cppExport-noconfig.cmake
[0.600s] -- Up-to-date: /home/nayab/dev_ws/install/tutorial_interfaces/share/tutorial_interfaces/cmake/rosidl_cmake-extras.cmake
[0.600s] -- Up-to-date: /home/nayab/dev_ws/install/tutorial_interfaces/share/tutorial_interfaces/cmake/ament_cmake_export_dependencies-extras.cmake
[0.600s] -- Up-to-date: /home/nayab/dev_ws/install/tutorial_interfaces/share/tutorial_interfaces/cmake/ament_cmake_export_libraries-extras.cmake
[0.600s] -- Up-to-date: /home/nayab/dev_ws/install/tutorial_interfaces/share/tutorial_interfaces/cmake/ament_cmake_export_targets-extras.cmake
[0.600s] -- Up-to-date: /home/nayab/dev_ws/install/tutorial_interfaces/share/tutorial_interfaces/cmake/ament_cmake_export_include_directories-extras.cmake
[0.600s] -- Up-to-date: /home/nayab/dev_ws/install/tutorial_interfaces/share/tutorial_interfaces/cmake/rosidl_cmake_export_typesupport_libraries-extras.cmake
[0.600s] -- Up-to-date: /home/nayab/dev_ws/install/tutorial_interfaces/share/tutorial_interfaces/cmake/rosidl_cmake_export_typesupport_targets-extras.cmake
[0.600s] -- Up-to-date: /home/nayab/dev_ws/install/tutorial_interfaces/share/tutorial_interfaces/cmake/tutorial_interfacesConfig.cmake
[0.600s] -- Up-to-date: /home/nayab/dev_ws/install/tutorial_interfaces/share/tutorial_interfaces/cmake/tutorial_interfacesConfig-version.cmake
[0.600s] -- Up-to-date: /home/nayab/dev_ws/install/tutorial_interfaces/share/tutorial_interfaces/package.xml
[0.600s] Invoked command in '/home/nayab/dev_ws/build/tutorial_interfaces' returned '0': CMAKE_PREFIX_PATH=/home/nayab/dev_ws/install/tutorial_interfaces:/home/nayab/dev_ws/install/turtlesim:/home/nayab/dev_ws/install/rc_interfaces:/home/nayab/dev_ws/install/abds_core_common:/home/nayab/dev_ws/install/py_pubsub:/home/nayab/dev_ws/install/my_package:/home/nayab/dev_ws/install/dbr_pubsub:/opt/ros/foxy:/home/nayab/project_ws/devel:/opt/ros/noetic /usr/bin/cmake --install /home/nayab/dev_ws/build/tutorial_interfaces
