[0.076s] Invoking command in '/home/nayab/dev_ws/build/abds_core_common': CMAKE_PREFIX_PATH=/opt/ros/foxy:${CMAKE_PREFIX_PATH} /usr/bin/cmake --build /home/nayab/dev_ws/build/abds_core_common -- -j4 -l4
[0.511s] [ 11%] Built target abds_core_common__rosidl_generator_c
[0.511s] [ 14%] Built target abds_core_common_lib
[0.511s] [ 14%] Built target abds_core_common__cpp
[0.512s] [ 26%] Built target abds_core_common__rosidl_typesupport_introspection_c
[0.512s] [ 38%] Built target abds_core_common__rosidl_typesupport_c
[0.513s] [ 50%] Built target abds_core_common__rosidl_typesupport_cpp
[0.513s] [ 62%] Built target abds_core_common__rosidl_typesupport_introspection_cpp
[0.513s] [ 73%] Built target abds_core_common__rosidl_typesupport_fastrtps_cpp
[0.514s] [ 84%] Built target abds_core_common__rosidl_typesupport_fastrtps_c
[0.514s] [ 84%] Built target abds_core_common
[0.516s] [ 85%] Built target abds_core_common__py
[0.531s] [ 96%] Built target abds_core_common__python
[0.593s] [ 98%] Built target abds_core_common__rosidl_typesupport_fastrtps_c__pyext
[0.609s] [ 99%] Built target abds_core_common__rosidl_typesupport_c__pyext
[0.622s] [100%] Built target abds_core_common__rosidl_typesupport_introspection_c__pyext
[0.643s] Invoked command in '/home/nayab/dev_ws/build/abds_core_common' returned '0': CMAKE_PREFIX_PATH=/opt/ros/foxy:${CMAKE_PREFIX_PATH} /usr/bin/cmake --build /home/nayab/dev_ws/build/abds_core_common -- -j4 -l4
[1.452s] Invoking command in '/home/nayab/dev_ws/build/abds_core_common': CMAKE_PREFIX_PATH=/opt/ros/foxy:${CMAKE_PREFIX_PATH} /usr/bin/cmake --install /home/nayab/dev_ws/build/abds_core_common
[1.470s] -- Install configuration: ""
[1.471s] -- Up-to-date: /home/nayab/dev_ws/install/abds_core_common/share/ament_index/resource_index/rosidl_interfaces/abds_core_common
[1.473s] -- Up-to-date: /home/nayab/dev_ws/install/abds_core_common/include/abds_core_common
[1.474s] -- Up-to-date: /home/nayab/dev_ws/install/abds_core_common/include/abds_core_common/msg
[1.479s] -- Up-to-date: /home/nayab/dev_ws/install/abds_core_common/include/abds_core_common/msg/bounding_box.h
[1.479s] -- Up-to-date: /home/nayab/dev_ws/install/abds_core_common/include/abds_core_common/msg/rosidl_generator_c__visibility_control.h
[1.480s] -- Up-to-date: /home/nayab/dev_ws/install/abds_core_common/include/abds_core_common/msg/test_state.h
[1.480s] -- Up-to-date: /home/nayab/dev_ws/install/abds_core_common/include/abds_core_common/msg/vehicle_state.h
[1.481s] -- Up-to-date: /home/nayab/dev_ws/install/abds_core_common/include/abds_core_common/msg/clusters.h
[1.481s] -- Up-to-date: /home/nayab/dev_ws/install/abds_core_common/include/abds_core_common/msg/detail
[1.483s] -- Up-to-date: /home/nayab/dev_ws/install/abds_core_common/include/abds_core_common/msg/detail/trajectory_point__functions.c
[1.489s] -- Up-to-date: /home/nayab/dev_ws/install/abds_core_common/include/abds_core_common/msg/detail/test_state__type_support.h
[1.490s] -- Up-to-date: /home/nayab/dev_ws/install/abds_core_common/include/abds_core_common/msg/detail/bounding_box__type_support.h
[1.490s] -- Up-to-date: /home/nayab/dev_ws/install/abds_core_common/include/abds_core_common/msg/detail/trajectory__type_support.h
[1.491s] -- Up-to-date: /home/nayab/dev_ws/install/abds_core_common/include/abds_core_common/msg/detail/vehicle_command__functions.c
[1.491s] -- Up-to-date: /home/nayab/dev_ws/install/abds_core_common/include/abds_core_common/msg/detail/bounding_box__functions.c
[1.491s] -- Up-to-date: /home/nayab/dev_ws/install/abds_core_common/include/abds_core_common/msg/detail/trajectory__struct.h
[1.492s] -- Up-to-date: /home/nayab/dev_ws/install/abds_core_common/include/abds_core_common/msg/detail/bounding_boxes__functions.h
[1.492s] -- Up-to-date: /home/nayab/dev_ws/install/abds_core_common/include/abds_core_common/msg/detail/trajectory_point__type_support.h
[1.493s] -- Up-to-date: /home/nayab/dev_ws/install/abds_core_common/include/abds_core_common/msg/detail/cluster__functions.h
[1.493s] -- Up-to-date: /home/nayab/dev_ws/install/abds_core_common/include/abds_core_common/msg/detail/trajectory__functions.c
[1.494s] -- Up-to-date: /home/nayab/dev_ws/install/abds_core_common/include/abds_core_common/msg/detail/vehicle_command__type_support.h
[1.494s] -- Up-to-date: /home/nayab/dev_ws/install/abds_core_common/include/abds_core_common/msg/detail/clusters__struct.h
[1.495s] -- Up-to-date: /home/nayab/dev_ws/install/abds_core_common/include/abds_core_common/msg/detail/bounding_box__struct.h
[1.495s] -- Up-to-date: /home/nayab/dev_ws/install/abds_core_common/include/abds_core_common/msg/detail/bounding_boxes__type_support.h
[1.496s] -- Up-to-date: /home/nayab/dev_ws/install/abds_core_common/include/abds_core_common/msg/detail/cluster__type_support.h
[1.496s] -- Up-to-date: /home/nayab/dev_ws/install/abds_core_common/include/abds_core_common/msg/detail/clusters__type_support.h
[1.497s] -- Up-to-date: /home/nayab/dev_ws/install/abds_core_common/include/abds_core_common/msg/detail/bounding_boxes__struct.h
[1.497s] -- Up-to-date: /home/nayab/dev_ws/install/abds_core_common/include/abds_core_common/msg/detail/vehicle_state__functions.h
[1.498s] -- Up-to-date: /home/nayab/dev_ws/install/abds_core_common/include/abds_core_common/msg/detail/vehicle_state__type_support.h
[1.498s] -- Up-to-date: /home/nayab/dev_ws/install/abds_core_common/include/abds_core_common/msg/detail/test_state__functions.c
[1.499s] -- Up-to-date: /home/nayab/dev_ws/install/abds_core_common/include/abds_core_common/msg/detail/bounding_boxes__functions.c
[1.499s] -- Up-to-date: /home/nayab/dev_ws/install/abds_core_common/include/abds_core_common/msg/detail/test_state__struct.h
[1.500s] -- Up-to-date: /home/nayab/dev_ws/install/abds_core_common/include/abds_core_common/msg/detail/vehicle_state__struct.h
[1.500s] -- Up-to-date: /home/nayab/dev_ws/install/abds_core_common/include/abds_core_common/msg/detail/test_state__functions.h
[1.501s] -- Up-to-date: /home/nayab/dev_ws/install/abds_core_common/include/abds_core_common/msg/detail/clusters__functions.c
[1.501s] -- Up-to-date: /home/nayab/dev_ws/install/abds_core_common/include/abds_core_common/msg/detail/bounding_box__functions.h
[1.502s] -- Up-to-date: /home/nayab/dev_ws/install/abds_core_common/include/abds_core_common/msg/detail/clusters__functions.h
[1.502s] -- Up-to-date: /home/nayab/dev_ws/install/abds_core_common/include/abds_core_common/msg/detail/cluster__functions.c
[1.503s] -- Up-to-date: /home/nayab/dev_ws/install/abds_core_common/include/abds_core_common/msg/detail/vehicle_command__struct.h
[1.503s] -- Up-to-date: /home/nayab/dev_ws/install/abds_core_common/include/abds_core_common/msg/detail/vehicle_state__functions.c
[1.504s] -- Up-to-date: /home/nayab/dev_ws/install/abds_core_common/include/abds_core_common/msg/detail/vehicle_command__functions.h
[1.504s] -- Up-to-date: /home/nayab/dev_ws/install/abds_core_common/include/abds_core_common/msg/detail/trajectory_point__struct.h
[1.505s] -- Up-to-date: /home/nayab/dev_ws/install/abds_core_common/include/abds_core_common/msg/detail/cluster__struct.h
[1.505s] -- Up-to-date: /home/nayab/dev_ws/install/abds_core_common/include/abds_core_common/msg/detail/trajectory__functions.h
[1.506s] -- Up-to-date: /home/nayab/dev_ws/install/abds_core_common/include/abds_core_common/msg/detail/trajectory_point__functions.h
[1.506s] -- Up-to-date: /home/nayab/dev_ws/install/abds_core_common/include/abds_core_common/msg/bounding_boxes.h
[1.507s] -- Up-to-date: /home/nayab/dev_ws/install/abds_core_common/include/abds_core_common/msg/trajectory_point.h
[1.507s] -- Up-to-date: /home/nayab/dev_ws/install/abds_core_common/include/abds_core_common/msg/cluster.h
[1.508s] -- Up-to-date: /home/nayab/dev_ws/install/abds_core_common/include/abds_core_common/msg/trajectory.h
[1.508s] -- Up-to-date: /home/nayab/dev_ws/install/abds_core_common/include/abds_core_common/msg/vehicle_command.h
[1.509s] -- Up-to-date: /home/nayab/dev_ws/install/abds_core_common/include/abds_core_common/srv
[1.540s] -- Up-to-date: /home/nayab/dev_ws/install/abds_core_common/include/abds_core_common/srv/luminar_connect.h
[1.540s] -- Up-to-date: /home/nayab/dev_ws/install/abds_core_common/include/abds_core_common/srv/detail
[1.540s] -- Up-to-date: /home/nayab/dev_ws/install/abds_core_common/include/abds_core_common/srv/detail/luminar_set_fov__functions.h
[1.540s] -- Up-to-date: /home/nayab/dev_ws/install/abds_core_common/include/abds_core_common/srv/detail/luminar_set_frequency__struct.h
[1.540s] -- Up-to-date: /home/nayab/dev_ws/install/abds_core_common/include/abds_core_common/srv/detail/luminar_set_frequency__functions.c
[1.541s] -- Up-to-date: /home/nayab/dev_ws/install/abds_core_common/include/abds_core_common/srv/detail/luminar_discover_sensors__functions.h
[1.541s] -- Up-to-date: /home/nayab/dev_ws/install/abds_core_common/include/abds_core_common/srv/detail/luminar_set_frequency__type_support.h
[1.541s] -- Up-to-date: /home/nayab/dev_ws/install/abds_core_common/include/abds_core_common/srv/detail/luminar_set_duration__functions.c
[1.541s] -- Up-to-date: /home/nayab/dev_ws/install/abds_core_common/include/abds_core_common/srv/detail/luminar_set_duration__functions.h
[1.541s] -- Up-to-date: /home/nayab/dev_ws/install/abds_core_common/include/abds_core_common/srv/detail/luminar_discover_sensors__functions.c
[1.541s] -- Up-to-date: /home/nayab/dev_ws/install/abds_core_common/include/abds_core_common/srv/detail/luminar_connect__functions.h
[1.541s] -- Up-to-date: /home/nayab/dev_ws/install/abds_core_common/include/abds_core_common/srv/detail/luminar_connect__functions.c
[1.541s] -- Up-to-date: /home/nayab/dev_ws/install/abds_core_common/include/abds_core_common/srv/detail/luminar_discover_sensors__type_support.h
[1.542s] -- Up-to-date: /home/nayab/dev_ws/install/abds_core_common/include/abds_core_common/srv/detail/luminar_set_fov__type_support.h
[1.542s] -- Up-to-date: /home/nayab/dev_ws/install/abds_core_common/include/abds_core_common/srv/detail/luminar_connect__struct.h
[1.542s] -- Up-to-date: /home/nayab/dev_ws/install/abds_core_common/include/abds_core_common/srv/detail/luminar_set_frequency__functions.h
[1.542s] -- Up-to-date: /home/nayab/dev_ws/install/abds_core_common/include/abds_core_common/srv/detail/luminar_set_fov__functions.c
[1.542s] -- Up-to-date: /home/nayab/dev_ws/install/abds_core_common/include/abds_core_common/srv/detail/luminar_discover_sensors__struct.h
[1.543s] -- Up-to-date: /home/nayab/dev_ws/install/abds_core_common/include/abds_core_common/srv/detail/luminar_connect__type_support.h
[1.543s] -- Up-to-date: /home/nayab/dev_ws/install/abds_core_common/include/abds_core_common/srv/detail/luminar_set_fov__struct.h
[1.544s] -- Up-to-date: /home/nayab/dev_ws/install/abds_core_common/include/abds_core_common/srv/detail/luminar_set_duration__struct.h
[1.544s] -- Up-to-date: /home/nayab/dev_ws/install/abds_core_common/include/abds_core_common/srv/detail/luminar_set_duration__type_support.h
[1.544s] -- Up-to-date: /home/nayab/dev_ws/install/abds_core_common/include/abds_core_common/srv/luminar_set_frequency.h
[1.545s] -- Up-to-date: /home/nayab/dev_ws/install/abds_core_common/include/abds_core_common/srv/luminar_set_fov.h
[1.545s] -- Up-to-date: /home/nayab/dev_ws/install/abds_core_common/include/abds_core_common/srv/luminar_discover_sensors.h
[1.545s] -- Up-to-date: /home/nayab/dev_ws/install/abds_core_common/include/abds_core_common/srv/luminar_set_duration.h
[1.546s] -- Up-to-date: /home/nayab/dev_ws/install/abds_core_common/share/abds_core_common/environment/library_path.sh
[1.546s] -- Up-to-date: /home/nayab/dev_ws/install/abds_core_common/share/abds_core_common/environment/library_path.dsv
[1.546s] -- Up-to-date: /home/nayab/dev_ws/install/abds_core_common/lib/libabds_core_common__rosidl_generator_c.so
[1.548s] -- Up-to-date: /home/nayab/dev_ws/install/abds_core_common/include/abds_core_common
[1.549s] -- Up-to-date: /home/nayab/dev_ws/install/abds_core_common/include/abds_core_common/msg
[1.550s] -- Up-to-date: /home/nayab/dev_ws/install/abds_core_common/include/abds_core_common/msg/detail
[1.552s] -- Up-to-date: /home/nayab/dev_ws/install/abds_core_common/include/abds_core_common/msg/detail/cluster__rosidl_typesupport_fastrtps_c.h
[1.554s] -- Up-to-date: /home/nayab/dev_ws/install/abds_core_common/include/abds_core_common/msg/detail/bounding_boxes__rosidl_typesupport_fastrtps_c.h
[1.555s] -- Up-to-date: /home/nayab/dev_ws/install/abds_core_common/include/abds_core_common/msg/detail/vehicle_state__rosidl_typesupport_fastrtps_c.h
[1.555s] -- Up-to-date: /home/nayab/dev_ws/install/abds_core_common/include/abds_core_common/msg/detail/bounding_box__rosidl_typesupport_fastrtps_c.h
[1.556s] -- Up-to-date: /home/nayab/dev_ws/install/abds_core_common/include/abds_core_common/msg/detail/trajectory_point__rosidl_typesupport_fastrtps_c.h
[1.556s] -- Up-to-date: /home/nayab/dev_ws/install/abds_core_common/include/abds_core_common/msg/detail/trajectory__rosidl_typesupport_fastrtps_c.h
[1.557s] -- Up-to-date: /home/nayab/dev_ws/install/abds_core_common/include/abds_core_common/msg/detail/vehicle_command__rosidl_typesupport_fastrtps_c.h
[1.557s] -- Up-to-date: /home/nayab/dev_ws/install/abds_core_common/include/abds_core_common/msg/detail/clusters__rosidl_typesupport_fastrtps_c.h
[1.558s] -- Up-to-date: /home/nayab/dev_ws/install/abds_core_common/include/abds_core_common/msg/detail/test_state__rosidl_typesupport_fastrtps_c.h
[1.559s] -- Up-to-date: /home/nayab/dev_ws/install/abds_core_common/include/abds_core_common/msg/rosidl_typesupport_fastrtps_c__visibility_control.h
[1.562s] -- Up-to-date: /home/nayab/dev_ws/install/abds_core_common/include/abds_core_common/srv
[1.562s] -- Up-to-date: /home/nayab/dev_ws/install/abds_core_common/include/abds_core_common/srv/detail
[1.563s] -- Up-to-date: /home/nayab/dev_ws/install/abds_core_common/include/abds_core_common/srv/detail/luminar_connect__rosidl_typesupport_fastrtps_c.h
[1.563s] -- Up-to-date: /home/nayab/dev_ws/install/abds_core_common/include/abds_core_common/srv/detail/luminar_set_frequency__rosidl_typesupport_fastrtps_c.h
[1.563s] -- Up-to-date: /home/nayab/dev_ws/install/abds_core_common/include/abds_core_common/srv/detail/luminar_discover_sensors__rosidl_typesupport_fastrtps_c.h
[1.563s] -- Up-to-date: /home/nayab/dev_ws/install/abds_core_common/include/abds_core_common/srv/detail/luminar_set_duration__rosidl_typesupport_fastrtps_c.h
[1.563s] -- Up-to-date: /home/nayab/dev_ws/install/abds_core_common/include/abds_core_common/srv/detail/luminar_set_fov__rosidl_typesupport_fastrtps_c.h
[1.563s] -- Up-to-date: /home/nayab/dev_ws/install/abds_core_common/lib/libabds_core_common__rosidl_typesupport_fastrtps_c.so
[1.564s] -- Up-to-date: /home/nayab/dev_ws/install/abds_core_common/include/abds_core_common
[1.564s] -- Up-to-date: /home/nayab/dev_ws/install/abds_core_common/include/abds_core_common/msg
[1.564s] -- Up-to-date: /home/nayab/dev_ws/install/abds_core_common/include/abds_core_common/msg/rosidl_typesupport_fastrtps_cpp__visibility_control.h
[1.564s] -- Up-to-date: /home/nayab/dev_ws/install/abds_core_common/include/abds_core_common/msg/detail
[1.565s] -- Up-to-date: /home/nayab/dev_ws/install/abds_core_common/include/abds_core_common/msg/detail/cluster__rosidl_typesupport_fastrtps_cpp.hpp
[1.565s] -- Up-to-date: /home/nayab/dev_ws/install/abds_core_common/include/abds_core_common/msg/detail/bounding_box__rosidl_typesupport_fastrtps_cpp.hpp
[1.565s] -- Up-to-date: /home/nayab/dev_ws/install/abds_core_common/include/abds_core_common/msg/detail/bounding_boxes__rosidl_typesupport_fastrtps_cpp.hpp
[1.565s] -- Up-to-date: /home/nayab/dev_ws/install/abds_core_common/include/abds_core_common/msg/detail/dds_fastrtps
[1.565s] -- Up-to-date: /home/nayab/dev_ws/install/abds_core_common/include/abds_core_common/msg/detail/clusters__rosidl_typesupport_fastrtps_cpp.hpp
[1.566s] -- Up-to-date: /home/nayab/dev_ws/install/abds_core_common/include/abds_core_common/msg/detail/vehicle_state__rosidl_typesupport_fastrtps_cpp.hpp
[1.566s] -- Up-to-date: /home/nayab/dev_ws/install/abds_core_common/include/abds_core_common/msg/detail/trajectory_point__rosidl_typesupport_fastrtps_cpp.hpp
[1.566s] -- Up-to-date: /home/nayab/dev_ws/install/abds_core_common/include/abds_core_common/msg/detail/trajectory__rosidl_typesupport_fastrtps_cpp.hpp
[1.566s] -- Up-to-date: /home/nayab/dev_ws/install/abds_core_common/include/abds_core_common/msg/detail/vehicle_command__rosidl_typesupport_fastrtps_cpp.hpp
[1.566s] -- Up-to-date: /home/nayab/dev_ws/install/abds_core_common/include/abds_core_common/msg/detail/test_state__rosidl_typesupport_fastrtps_cpp.hpp
[1.567s] -- Up-to-date: /home/nayab/dev_ws/install/abds_core_common/include/abds_core_common/srv
[1.567s] -- Up-to-date: /home/nayab/dev_ws/install/abds_core_common/include/abds_core_common/srv/detail
[1.567s] -- Up-to-date: /home/nayab/dev_ws/install/abds_core_common/include/abds_core_common/srv/detail/luminar_set_fov__rosidl_typesupport_fastrtps_cpp.hpp
[1.567s] -- Up-to-date: /home/nayab/dev_ws/install/abds_core_common/include/abds_core_common/srv/detail/dds_fastrtps
[1.568s] -- Up-to-date: /home/nayab/dev_ws/install/abds_core_common/include/abds_core_common/srv/detail/luminar_set_frequency__rosidl_typesupport_fastrtps_cpp.hpp
[1.568s] -- Up-to-date: /home/nayab/dev_ws/install/abds_core_common/include/abds_core_common/srv/detail/luminar_connect__rosidl_typesupport_fastrtps_cpp.hpp
[1.568s] -- Up-to-date: /home/nayab/dev_ws/install/abds_core_common/include/abds_core_common/srv/detail/luminar_set_duration__rosidl_typesupport_fastrtps_cpp.hpp
[1.568s] -- Up-to-date: /home/nayab/dev_ws/install/abds_core_common/include/abds_core_common/srv/detail/luminar_discover_sensors__rosidl_typesupport_fastrtps_cpp.hpp
[1.569s] -- Up-to-date: /home/nayab/dev_ws/install/abds_core_common/lib/libabds_core_common__rosidl_typesupport_fastrtps_cpp.so
[1.569s] -- Up-to-date: /home/nayab/dev_ws/install/abds_core_common/include/abds_core_common
[1.569s] -- Up-to-date: /home/nayab/dev_ws/install/abds_core_common/include/abds_core_common/msg
[1.569s] -- Up-to-date: /home/nayab/dev_ws/install/abds_core_common/include/abds_core_common/msg/detail
[1.569s] -- Up-to-date: /home/nayab/dev_ws/install/abds_core_common/include/abds_core_common/msg/detail/clusters__type_support.c
[1.570s] -- Up-to-date: /home/nayab/dev_ws/install/abds_core_common/include/abds_core_common/msg/detail/trajectory_point__type_support.c
[1.570s] -- Up-to-date: /home/nayab/dev_ws/install/abds_core_common/include/abds_core_common/msg/detail/bounding_box__type_support.c
[1.570s] -- Up-to-date: /home/nayab/dev_ws/install/abds_core_common/include/abds_core_common/msg/detail/vehicle_state__type_support.c
[1.570s] -- Up-to-date: /home/nayab/dev_ws/install/abds_core_common/include/abds_core_common/msg/detail/vehicle_command__type_support.c
[1.570s] -- Up-to-date: /home/nayab/dev_ws/install/abds_core_common/include/abds_core_common/msg/detail/bounding_box__rosidl_typesupport_introspection_c.h
[1.570s] -- Up-to-date: /home/nayab/dev_ws/install/abds_core_common/include/abds_core_common/msg/detail/cluster__type_support.c
[1.571s] -- Up-to-date: /home/nayab/dev_ws/install/abds_core_common/include/abds_core_common/msg/detail/cluster__rosidl_typesupport_introspection_c.h
[1.571s] -- Up-to-date: /home/nayab/dev_ws/install/abds_core_common/include/abds_core_common/msg/detail/trajectory__rosidl_typesupport_introspection_c.h
[1.571s] -- Up-to-date: /home/nayab/dev_ws/install/abds_core_common/include/abds_core_common/msg/detail/trajectory_point__rosidl_typesupport_introspection_c.h
[1.571s] -- Up-to-date: /home/nayab/dev_ws/install/abds_core_common/include/abds_core_common/msg/detail/bounding_boxes__type_support.c
[1.571s] -- Up-to-date: /home/nayab/dev_ws/install/abds_core_common/include/abds_core_common/msg/detail/test_state__rosidl_typesupport_introspection_c.h
[1.572s] -- Up-to-date: /home/nayab/dev_ws/install/abds_core_common/include/abds_core_common/msg/detail/vehicle_state__rosidl_typesupport_introspection_c.h
[1.572s] -- Up-to-date: /home/nayab/dev_ws/install/abds_core_common/include/abds_core_common/msg/detail/trajectory__type_support.c
[1.575s] -- Up-to-date: /home/nayab/dev_ws/install/abds_core_common/include/abds_core_common/msg/detail/clusters__rosidl_typesupport_introspection_c.h
[1.576s] -- Up-to-date: /home/nayab/dev_ws/install/abds_core_common/include/abds_core_common/msg/detail/vehicle_command__rosidl_typesupport_introspection_c.h
[1.577s] -- Up-to-date: /home/nayab/dev_ws/install/abds_core_common/include/abds_core_common/msg/detail/bounding_boxes__rosidl_typesupport_introspection_c.h
[1.578s] -- Up-to-date: /home/nayab/dev_ws/install/abds_core_common/include/abds_core_common/msg/detail/test_state__type_support.c
[1.579s] -- Up-to-date: /home/nayab/dev_ws/install/abds_core_common/include/abds_core_common/msg/rosidl_typesupport_introspection_c__visibility_control.h
[1.580s] -- Up-to-date: /home/nayab/dev_ws/install/abds_core_common/include/abds_core_common/srv
[1.581s] -- Up-to-date: /home/nayab/dev_ws/install/abds_core_common/include/abds_core_common/srv/detail
[1.582s] -- Up-to-date: /home/nayab/dev_ws/install/abds_core_common/include/abds_core_common/srv/detail/luminar_set_fov__type_support.c
[1.583s] -- Up-to-date: /home/nayab/dev_ws/install/abds_core_common/include/abds_core_common/srv/detail/luminar_connect__type_support.c
[1.583s] -- Up-to-date: /home/nayab/dev_ws/install/abds_core_common/include/abds_core_common/srv/detail/luminar_set_duration__type_support.c
[1.585s] -- Up-to-date: /home/nayab/dev_ws/install/abds_core_common/include/abds_core_common/srv/detail/luminar_set_frequency__rosidl_typesupport_introspection_c.h
[1.586s] -- Up-to-date: /home/nayab/dev_ws/install/abds_core_common/include/abds_core_common/srv/detail/luminar_set_fov__rosidl_typesupport_introspection_c.h
[1.587s] -- Up-to-date: /home/nayab/dev_ws/install/abds_core_common/include/abds_core_common/srv/detail/luminar_connect__rosidl_typesupport_introspection_c.h
[1.588s] -- Up-to-date: /home/nayab/dev_ws/install/abds_core_common/include/abds_core_common/srv/detail/luminar_set_duration__rosidl_typesupport_introspection_c.h
[1.591s] -- Up-to-date: /home/nayab/dev_ws/install/abds_core_common/include/abds_core_common/srv/detail/luminar_set_frequency__type_support.c
[1.593s] -- Up-to-date: /home/nayab/dev_ws/install/abds_core_common/include/abds_core_common/srv/detail/luminar_discover_sensors__rosidl_typesupport_introspection_c.h
[1.597s] -- Up-to-date: /home/nayab/dev_ws/install/abds_core_common/include/abds_core_common/srv/detail/luminar_discover_sensors__type_support.c
[1.598s] -- Up-to-date: /home/nayab/dev_ws/install/abds_core_common/lib/libabds_core_common__rosidl_typesupport_introspection_c.so
[1.607s] -- Up-to-date: /home/nayab/dev_ws/install/abds_core_common/lib/libabds_core_common__rosidl_typesupport_c.so
[1.611s] -- Up-to-date: /home/nayab/dev_ws/install/abds_core_common/include/abds_core_common
[1.613s] -- Up-to-date: /home/nayab/dev_ws/install/abds_core_common/include/abds_core_common/msg
[1.620s] -- Up-to-date: /home/nayab/dev_ws/install/abds_core_common/include/abds_core_common/msg/vehicle_command.hpp
[1.620s] -- Up-to-date: /home/nayab/dev_ws/install/abds_core_common/include/abds_core_common/msg/test_state.hpp
[1.620s] -- Up-to-date: /home/nayab/dev_ws/install/abds_core_common/include/abds_core_common/msg/trajectory.hpp
[1.621s] -- Up-to-date: /home/nayab/dev_ws/install/abds_core_common/include/abds_core_common/msg/detail
[1.621s] -- Up-to-date: /home/nayab/dev_ws/install/abds_core_common/include/abds_core_common/msg/detail/vehicle_command__traits.hpp
[1.621s] -- Up-to-date: /home/nayab/dev_ws/install/abds_core_common/include/abds_core_common/msg/detail/cluster__struct.hpp
[1.622s] -- Up-to-date: /home/nayab/dev_ws/install/abds_core_common/include/abds_core_common/msg/detail/trajectory_point__struct.hpp
[1.622s] -- Up-to-date: /home/nayab/dev_ws/install/abds_core_common/include/abds_core_common/msg/detail/bounding_box__traits.hpp
[1.622s] -- Up-to-date: /home/nayab/dev_ws/install/abds_core_common/include/abds_core_common/msg/detail/clusters__traits.hpp
[1.623s] -- Up-to-date: /home/nayab/dev_ws/install/abds_core_common/include/abds_core_common/msg/detail/vehicle_state__builder.hpp
[1.623s] -- Up-to-date: /home/nayab/dev_ws/install/abds_core_common/include/abds_core_common/msg/detail/test_state__struct.hpp
[1.623s] -- Up-to-date: /home/nayab/dev_ws/install/abds_core_common/include/abds_core_common/msg/detail/bounding_boxes__traits.hpp
[1.623s] -- Up-to-date: /home/nayab/dev_ws/install/abds_core_common/include/abds_core_common/msg/detail/trajectory_point__traits.hpp
[1.624s] -- Up-to-date: /home/nayab/dev_ws/install/abds_core_common/include/abds_core_common/msg/detail/clusters__builder.hpp
[1.624s] -- Up-to-date: /home/nayab/dev_ws/install/abds_core_common/include/abds_core_common/msg/detail/cluster__builder.hpp
[1.625s] -- Up-to-date: /home/nayab/dev_ws/install/abds_core_common/include/abds_core_common/msg/detail/clusters__struct.hpp
[1.625s] -- Up-to-date: /home/nayab/dev_ws/install/abds_core_common/include/abds_core_common/msg/detail/cluster__traits.hpp
[1.626s] -- Up-to-date: /home/nayab/dev_ws/install/abds_core_common/include/abds_core_common/msg/detail/vehicle_command__builder.hpp
[1.626s] -- Up-to-date: /home/nayab/dev_ws/install/abds_core_common/include/abds_core_common/msg/detail/vehicle_state__struct.hpp
[1.626s] -- Up-to-date: /home/nayab/dev_ws/install/abds_core_common/include/abds_core_common/msg/detail/trajectory__struct.hpp
[1.627s] -- Up-to-date: /home/nayab/dev_ws/install/abds_core_common/include/abds_core_common/msg/detail/vehicle_command__struct.hpp
[1.627s] -- Up-to-date: /home/nayab/dev_ws/install/abds_core_common/include/abds_core_common/msg/detail/bounding_boxes__builder.hpp
[1.627s] -- Up-to-date: /home/nayab/dev_ws/install/abds_core_common/include/abds_core_common/msg/detail/bounding_boxes__struct.hpp
[1.628s] -- Up-to-date: /home/nayab/dev_ws/install/abds_core_common/include/abds_core_common/msg/detail/test_state__builder.hpp
[1.628s] -- Up-to-date: /home/nayab/dev_ws/install/abds_core_common/include/abds_core_common/msg/detail/trajectory_point__builder.hpp
[1.629s] -- Up-to-date: /home/nayab/dev_ws/install/abds_core_common/include/abds_core_common/msg/detail/bounding_box__builder.hpp
[1.629s] -- Up-to-date: /home/nayab/dev_ws/install/abds_core_common/include/abds_core_common/msg/detail/trajectory__builder.hpp
[1.630s] -- Up-to-date: /home/nayab/dev_ws/install/abds_core_common/include/abds_core_common/msg/detail/test_state__traits.hpp
[1.630s] -- Up-to-date: /home/nayab/dev_ws/install/abds_core_common/include/abds_core_common/msg/detail/trajectory__traits.hpp
[1.630s] -- Up-to-date: /home/nayab/dev_ws/install/abds_core_common/include/abds_core_common/msg/detail/bounding_box__struct.hpp
[1.631s] -- Up-to-date: /home/nayab/dev_ws/install/abds_core_common/include/abds_core_common/msg/detail/vehicle_state__traits.hpp
[1.631s] -- Up-to-date: /home/nayab/dev_ws/install/abds_core_common/include/abds_core_common/msg/cluster.hpp
[1.631s] -- Up-to-date: /home/nayab/dev_ws/install/abds_core_common/include/abds_core_common/msg/vehicle_state.hpp
[1.632s] -- Up-to-date: /home/nayab/dev_ws/install/abds_core_common/include/abds_core_common/msg/bounding_box.hpp
[1.632s] -- Up-to-date: /home/nayab/dev_ws/install/abds_core_common/include/abds_core_common/msg/trajectory_point.hpp
[1.633s] -- Up-to-date: /home/nayab/dev_ws/install/abds_core_common/include/abds_core_common/msg/bounding_boxes.hpp
[1.633s] -- Up-to-date: /home/nayab/dev_ws/install/abds_core_common/include/abds_core_common/msg/clusters.hpp
[1.634s] -- Up-to-date: /home/nayab/dev_ws/install/abds_core_common/include/abds_core_common/srv
[1.634s] -- Up-to-date: /home/nayab/dev_ws/install/abds_core_common/include/abds_core_common/srv/luminar_set_fov.hpp
[1.634s] -- Up-to-date: /home/nayab/dev_ws/install/abds_core_common/include/abds_core_common/srv/detail
[1.635s] -- Up-to-date: /home/nayab/dev_ws/install/abds_core_common/include/abds_core_common/srv/detail/luminar_set_fov__traits.hpp
[1.635s] -- Up-to-date: /home/nayab/dev_ws/install/abds_core_common/include/abds_core_common/srv/detail/luminar_set_fov__builder.hpp
[1.636s] -- Up-to-date: /home/nayab/dev_ws/install/abds_core_common/include/abds_core_common/srv/detail/luminar_set_frequency__struct.hpp
[1.636s] -- Up-to-date: /home/nayab/dev_ws/install/abds_core_common/include/abds_core_common/srv/detail/luminar_discover_sensors__builder.hpp
[1.637s] -- Up-to-date: /home/nayab/dev_ws/install/abds_core_common/include/abds_core_common/srv/detail/luminar_set_duration__builder.hpp
[1.637s] -- Up-to-date: /home/nayab/dev_ws/install/abds_core_common/include/abds_core_common/srv/detail/luminar_set_frequency__traits.hpp
[1.638s] -- Up-to-date: /home/nayab/dev_ws/install/abds_core_common/include/abds_core_common/srv/detail/luminar_discover_sensors__struct.hpp
[1.638s] -- Up-to-date: /home/nayab/dev_ws/install/abds_core_common/include/abds_core_common/srv/detail/luminar_connect__builder.hpp
[1.638s] -- Up-to-date: /home/nayab/dev_ws/install/abds_core_common/include/abds_core_common/srv/detail/luminar_connect__traits.hpp
[1.639s] -- Up-to-date: /home/nayab/dev_ws/install/abds_core_common/include/abds_core_common/srv/detail/luminar_set_fov__struct.hpp
[1.639s] -- Up-to-date: /home/nayab/dev_ws/install/abds_core_common/include/abds_core_common/srv/detail/luminar_set_duration__traits.hpp
[1.640s] -- Up-to-date: /home/nayab/dev_ws/install/abds_core_common/include/abds_core_common/srv/detail/luminar_set_frequency__builder.hpp
[1.640s] -- Up-to-date: /home/nayab/dev_ws/install/abds_core_common/include/abds_core_common/srv/detail/luminar_discover_sensors__traits.hpp
[1.641s] -- Up-to-date: /home/nayab/dev_ws/install/abds_core_common/include/abds_core_common/srv/detail/luminar_connect__struct.hpp
[1.641s] -- Up-to-date: /home/nayab/dev_ws/install/abds_core_common/include/abds_core_common/srv/detail/luminar_set_duration__struct.hpp
[1.641s] -- Up-to-date: /home/nayab/dev_ws/install/abds_core_common/include/abds_core_common/srv/luminar_set_duration.hpp
[1.642s] -- Up-to-date: /home/nayab/dev_ws/install/abds_core_common/include/abds_core_common/srv/luminar_connect.hpp
[1.642s] -- Up-to-date: /home/nayab/dev_ws/install/abds_core_common/include/abds_core_common/srv/luminar_set_frequency.hpp
[1.642s] -- Up-to-date: /home/nayab/dev_ws/install/abds_core_common/include/abds_core_common/srv/luminar_discover_sensors.hpp
[1.643s] -- Up-to-date: /home/nayab/dev_ws/install/abds_core_common/include/abds_core_common
[1.643s] -- Up-to-date: /home/nayab/dev_ws/install/abds_core_common/include/abds_core_common/msg
[1.643s] -- Up-to-date: /home/nayab/dev_ws/install/abds_core_common/include/abds_core_common/msg/detail
[1.644s] -- Up-to-date: /home/nayab/dev_ws/install/abds_core_common/include/abds_core_common/msg/detail/clusters__rosidl_typesupport_introspection_cpp.hpp
[1.644s] -- Up-to-date: /home/nayab/dev_ws/install/abds_core_common/include/abds_core_common/msg/detail/trajectory_point__type_support.cpp
[1.645s] -- Up-to-date: /home/nayab/dev_ws/install/abds_core_common/include/abds_core_common/msg/detail/vehicle_command__rosidl_typesupport_introspection_cpp.hpp
[1.645s] -- Up-to-date: /home/nayab/dev_ws/install/abds_core_common/include/abds_core_common/msg/detail/clusters__type_support.cpp
[1.645s] -- Up-to-date: /home/nayab/dev_ws/install/abds_core_common/include/abds_core_common/msg/detail/bounding_box__type_support.cpp
[1.646s] -- Up-to-date: /home/nayab/dev_ws/install/abds_core_common/include/abds_core_common/msg/detail/vehicle_command__type_support.cpp
[1.646s] -- Up-to-date: /home/nayab/dev_ws/install/abds_core_common/include/abds_core_common/msg/detail/cluster__type_support.cpp
[1.646s] -- Up-to-date: /home/nayab/dev_ws/install/abds_core_common/include/abds_core_common/msg/detail/vehicle_state__type_support.cpp
[1.647s] -- Up-to-date: /home/nayab/dev_ws/install/abds_core_common/include/abds_core_common/msg/detail/test_state__type_support.cpp
[1.647s] -- Up-to-date: /home/nayab/dev_ws/install/abds_core_common/include/abds_core_common/msg/detail/bounding_box__rosidl_typesupport_introspection_cpp.hpp
[1.647s] -- Up-to-date: /home/nayab/dev_ws/install/abds_core_common/include/abds_core_common/msg/detail/bounding_boxes__type_support.cpp
[1.648s] -- Up-to-date: /home/nayab/dev_ws/install/abds_core_common/include/abds_core_common/msg/detail/trajectory__rosidl_typesupport_introspection_cpp.hpp
[1.648s] -- Up-to-date: /home/nayab/dev_ws/install/abds_core_common/include/abds_core_common/msg/detail/test_state__rosidl_typesupport_introspection_cpp.hpp
[1.649s] -- Up-to-date: /home/nayab/dev_ws/install/abds_core_common/include/abds_core_common/msg/detail/vehicle_state__rosidl_typesupport_introspection_cpp.hpp
[1.649s] -- Up-to-date: /home/nayab/dev_ws/install/abds_core_common/include/abds_core_common/msg/detail/trajectory__type_support.cpp
[1.649s] -- Up-to-date: /home/nayab/dev_ws/install/abds_core_common/include/abds_core_common/msg/detail/trajectory_point__rosidl_typesupport_introspection_cpp.hpp
[1.650s] -- Up-to-date: /home/nayab/dev_ws/install/abds_core_common/include/abds_core_common/msg/detail/cluster__rosidl_typesupport_introspection_cpp.hpp
[1.650s] -- Up-to-date: /home/nayab/dev_ws/install/abds_core_common/include/abds_core_common/msg/detail/bounding_boxes__rosidl_typesupport_introspection_cpp.hpp
[1.651s] -- Up-to-date: /home/nayab/dev_ws/install/abds_core_common/include/abds_core_common/srv
[1.651s] -- Up-to-date: /home/nayab/dev_ws/install/abds_core_common/include/abds_core_common/srv/detail
[1.652s] -- Up-to-date: /home/nayab/dev_ws/install/abds_core_common/include/abds_core_common/srv/detail/luminar_set_frequency__type_support.cpp
[1.652s] -- Up-to-date: /home/nayab/dev_ws/install/abds_core_common/include/abds_core_common/srv/detail/luminar_connect__type_support.cpp
[1.653s] -- Up-to-date: /home/nayab/dev_ws/install/abds_core_common/include/abds_core_common/srv/detail/luminar_set_frequency__rosidl_typesupport_introspection_cpp.hpp
[1.653s] -- Up-to-date: /home/nayab/dev_ws/install/abds_core_common/include/abds_core_common/srv/detail/luminar_set_duration__rosidl_typesupport_introspection_cpp.hpp
[1.653s] -- Up-to-date: /home/nayab/dev_ws/install/abds_core_common/include/abds_core_common/srv/detail/luminar_set_duration__type_support.cpp
[1.654s] -- Up-to-date: /home/nayab/dev_ws/install/abds_core_common/include/abds_core_common/srv/detail/luminar_set_fov__rosidl_typesupport_introspection_cpp.hpp
[1.654s] -- Up-to-date: /home/nayab/dev_ws/install/abds_core_common/include/abds_core_common/srv/detail/luminar_connect__rosidl_typesupport_introspection_cpp.hpp
[1.654s] -- Up-to-date: /home/nayab/dev_ws/install/abds_core_common/include/abds_core_common/srv/detail/luminar_set_fov__type_support.cpp
[1.655s] -- Up-to-date: /home/nayab/dev_ws/install/abds_core_common/include/abds_core_common/srv/detail/luminar_discover_sensors__type_support.cpp
[1.655s] -- Up-to-date: /home/nayab/dev_ws/install/abds_core_common/include/abds_core_common/srv/detail/luminar_discover_sensors__rosidl_typesupport_introspection_cpp.hpp
[1.655s] -- Up-to-date: /home/nayab/dev_ws/install/abds_core_common/lib/libabds_core_common__rosidl_typesupport_introspection_cpp.so
[1.685s] -- Up-to-date: /home/nayab/dev_ws/install/abds_core_common/lib/libabds_core_common__rosidl_typesupport_cpp.so
[1.686s] -- Up-to-date: /home/nayab/dev_ws/install/abds_core_common/share/abds_core_common/environment/pythonpath.sh
[1.687s] -- Up-to-date: /home/nayab/dev_ws/install/abds_core_common/share/abds_core_common/environment/pythonpath.dsv
[1.688s] -- Up-to-date: /home/nayab/dev_ws/install/abds_core_common/lib/python3.8/site-packages/abds_core_common/__init__.py
[1.688s] -- Up-to-date: /home/nayab/dev_ws/install/abds_core_common/lib/python3.8/site-packages/abds_core_common/srv
[1.689s] -- Up-to-date: /home/nayab/dev_ws/install/abds_core_common/lib/python3.8/site-packages/abds_core_common/srv/_luminar_set_fov_s.c
[1.689s] -- Up-to-date: /home/nayab/dev_ws/install/abds_core_common/lib/python3.8/site-packages/abds_core_common/srv/__init__.py
[1.690s] -- Up-to-date: /home/nayab/dev_ws/install/abds_core_common/lib/python3.8/site-packages/abds_core_common/srv/_luminar_set_fov.py
[1.690s] -- Up-to-date: /home/nayab/dev_ws/install/abds_core_common/lib/python3.8/site-packages/abds_core_common/srv/_luminar_discover_sensors_s.c
[1.691s] -- Up-to-date: /home/nayab/dev_ws/install/abds_core_common/lib/python3.8/site-packages/abds_core_common/srv/_luminar_connect_s.c
[1.691s] -- Up-to-date: /home/nayab/dev_ws/install/abds_core_common/lib/python3.8/site-packages/abds_core_common/srv/_luminar_set_duration_s.c
[1.691s] -- Up-to-date: /home/nayab/dev_ws/install/abds_core_common/lib/python3.8/site-packages/abds_core_common/srv/_luminar_discover_sensors.py
[1.691s] -- Up-to-date: /home/nayab/dev_ws/install/abds_core_common/lib/python3.8/site-packages/abds_core_common/srv/_luminar_set_frequency.py
[1.692s] -- Up-to-date: /home/nayab/dev_ws/install/abds_core_common/lib/python3.8/site-packages/abds_core_common/srv/_luminar_set_duration.py
[1.692s] -- Up-to-date: /home/nayab/dev_ws/install/abds_core_common/lib/python3.8/site-packages/abds_core_common/srv/_luminar_set_frequency_s.c
[1.692s] -- Up-to-date: /home/nayab/dev_ws/install/abds_core_common/lib/python3.8/site-packages/abds_core_common/srv/_luminar_connect.py
[1.693s] -- Up-to-date: /home/nayab/dev_ws/install/abds_core_common/lib/python3.8/site-packages/abds_core_common/msg
[1.693s] -- Up-to-date: /home/nayab/dev_ws/install/abds_core_common/lib/python3.8/site-packages/abds_core_common/msg/_bounding_boxes.py
[1.693s] -- Up-to-date: /home/nayab/dev_ws/install/abds_core_common/lib/python3.8/site-packages/abds_core_common/msg/_vehicle_state_s.c
[1.694s] -- Up-to-date: /home/nayab/dev_ws/install/abds_core_common/lib/python3.8/site-packages/abds_core_common/msg/__init__.py
[1.694s] -- Up-to-date: /home/nayab/dev_ws/install/abds_core_common/lib/python3.8/site-packages/abds_core_common/msg/_vehicle_command.py
[1.694s] -- Up-to-date: /home/nayab/dev_ws/install/abds_core_common/lib/python3.8/site-packages/abds_core_common/msg/_trajectory_point.py
[1.694s] -- Up-to-date: /home/nayab/dev_ws/install/abds_core_common/lib/python3.8/site-packages/abds_core_common/msg/_cluster.py
[1.695s] -- Up-to-date: /home/nayab/dev_ws/install/abds_core_common/lib/python3.8/site-packages/abds_core_common/msg/_vehicle_state.py
[1.695s] -- Up-to-date: /home/nayab/dev_ws/install/abds_core_common/lib/python3.8/site-packages/abds_core_common/msg/_clusters.py
[1.695s] -- Up-to-date: /home/nayab/dev_ws/install/abds_core_common/lib/python3.8/site-packages/abds_core_common/msg/_trajectory.py
[1.696s] -- Up-to-date: /home/nayab/dev_ws/install/abds_core_common/lib/python3.8/site-packages/abds_core_common/msg/_vehicle_command_s.c
[1.696s] -- Up-to-date: /home/nayab/dev_ws/install/abds_core_common/lib/python3.8/site-packages/abds_core_common/msg/_clusters_s.c
[1.697s] -- Up-to-date: /home/nayab/dev_ws/install/abds_core_common/lib/python3.8/site-packages/abds_core_common/msg/_test_state.py
[1.697s] -- Up-to-date: /home/nayab/dev_ws/install/abds_core_common/lib/python3.8/site-packages/abds_core_common/msg/_cluster_s.c
[1.697s] -- Up-to-date: /home/nayab/dev_ws/install/abds_core_common/lib/python3.8/site-packages/abds_core_common/msg/_trajectory_point_s.c
[1.698s] -- Up-to-date: /home/nayab/dev_ws/install/abds_core_common/lib/python3.8/site-packages/abds_core_common/msg/_trajectory_s.c
[1.698s] -- Up-to-date: /home/nayab/dev_ws/install/abds_core_common/lib/python3.8/site-packages/abds_core_common/msg/_test_state_s.c
[1.698s] -- Up-to-date: /home/nayab/dev_ws/install/abds_core_common/lib/python3.8/site-packages/abds_core_common/msg/_bounding_box.py
[1.699s] -- Up-to-date: /home/nayab/dev_ws/install/abds_core_common/lib/python3.8/site-packages/abds_core_common/msg/_bounding_box_s.c
[1.702s] -- Up-to-date: /home/nayab/dev_ws/install/abds_core_common/lib/python3.8/site-packages/abds_core_common/msg/_bounding_boxes_s.c
[1.703s] -- Up-to-date: /home/nayab/dev_ws/install/abds_core_common/lib/python3.8/site-packages/abds_core_common/abds_core_common_s__rosidl_typesupport_fastrtps_c.cpython-38-x86_64-linux-gnu.so
[1.704s] -- Up-to-date: /home/nayab/dev_ws/install/abds_core_common/lib/python3.8/site-packages/abds_core_common/abds_core_common_s__rosidl_typesupport_introspection_c.cpython-38-x86_64-linux-gnu.so
[1.706s] -- Up-to-date: /home/nayab/dev_ws/install/abds_core_common/lib/python3.8/site-packages/abds_core_common/abds_core_common_s__rosidl_typesupport_c.cpython-38-x86_64-linux-gnu.so
[1.719s] -- Up-to-date: /home/nayab/dev_ws/install/abds_core_common/lib/libabds_core_common__python.so
[1.721s] -- Up-to-date: /home/nayab/dev_ws/install/abds_core_common/share/abds_core_common/srv/LuminarConnect.idl
[1.721s] -- Up-to-date: /home/nayab/dev_ws/install/abds_core_common/share/abds_core_common/srv/LuminarDiscoverSensors.idl
[1.721s] -- Up-to-date: /home/nayab/dev_ws/install/abds_core_common/share/abds_core_common/srv/LuminarSetDuration.idl
[1.722s] -- Up-to-date: /home/nayab/dev_ws/install/abds_core_common/share/abds_core_common/srv/LuminarSetFov.idl
[1.722s] -- Up-to-date: /home/nayab/dev_ws/install/abds_core_common/share/abds_core_common/srv/LuminarSetFrequency.idl
[1.722s] -- Up-to-date: /home/nayab/dev_ws/install/abds_core_common/share/abds_core_common/msg/Cluster.idl
[1.723s] -- Up-to-date: /home/nayab/dev_ws/install/abds_core_common/share/abds_core_common/msg/Clusters.idl
[1.723s] -- Up-to-date: /home/nayab/dev_ws/install/abds_core_common/share/abds_core_common/msg/BoundingBox.idl
[1.723s] -- Up-to-date: /home/nayab/dev_ws/install/abds_core_common/share/abds_core_common/msg/BoundingBoxes.idl
[1.724s] -- Up-to-date: /home/nayab/dev_ws/install/abds_core_common/share/abds_core_common/msg/TrajectoryPoint.idl
[1.724s] -- Up-to-date: /home/nayab/dev_ws/install/abds_core_common/share/abds_core_common/msg/Trajectory.idl
[1.724s] -- Up-to-date: /home/nayab/dev_ws/install/abds_core_common/share/abds_core_common/msg/VehicleCommand.idl
[1.725s] -- Up-to-date: /home/nayab/dev_ws/install/abds_core_common/share/abds_core_common/msg/VehicleState.idl
[1.725s] -- Up-to-date: /home/nayab/dev_ws/install/abds_core_common/share/abds_core_common/msg/TestState.idl
[1.725s] -- Up-to-date: /home/nayab/dev_ws/install/abds_core_common/share/abds_core_common/interfaces/LuminarConnect.srv
[1.725s] -- Up-to-date: /home/nayab/dev_ws/install/abds_core_common/share/abds_core_common/interfaces/LuminarConnect_Request.msg
[1.726s] -- Up-to-date: /home/nayab/dev_ws/install/abds_core_common/share/abds_core_common/interfaces/LuminarConnect_Response.msg
[1.726s] -- Up-to-date: /home/nayab/dev_ws/install/abds_core_common/share/abds_core_common/interfaces/LuminarDiscoverSensors.srv
[1.726s] -- Up-to-date: /home/nayab/dev_ws/install/abds_core_common/share/abds_core_common/interfaces/LuminarDiscoverSensors_Request.msg
[1.726s] -- Up-to-date: /home/nayab/dev_ws/install/abds_core_common/share/abds_core_common/interfaces/LuminarDiscoverSensors_Response.msg
[1.727s] -- Up-to-date: /home/nayab/dev_ws/install/abds_core_common/share/abds_core_common/interfaces/LuminarSetDuration.srv
[1.728s] -- Up-to-date: /home/nayab/dev_ws/install/abds_core_common/share/abds_core_common/interfaces/LuminarSetDuration_Request.msg
[1.728s] -- Up-to-date: /home/nayab/dev_ws/install/abds_core_common/share/abds_core_common/interfaces/LuminarSetDuration_Response.msg
[1.728s] -- Up-to-date: /home/nayab/dev_ws/install/abds_core_common/share/abds_core_common/interfaces/LuminarSetFov.srv
[1.729s] -- Up-to-date: /home/nayab/dev_ws/install/abds_core_common/share/abds_core_common/interfaces/LuminarSetFov_Request.msg
[1.729s] -- Up-to-date: /home/nayab/dev_ws/install/abds_core_common/share/abds_core_common/interfaces/LuminarSetFov_Response.msg
[1.729s] -- Up-to-date: /home/nayab/dev_ws/install/abds_core_common/share/abds_core_common/interfaces/LuminarSetFrequency.srv
[1.729s] -- Up-to-date: /home/nayab/dev_ws/install/abds_core_common/share/abds_core_common/interfaces/LuminarSetFrequency_Request.msg
[1.729s] -- Up-to-date: /home/nayab/dev_ws/install/abds_core_common/share/abds_core_common/interfaces/LuminarSetFrequency_Response.msg
[1.730s] -- Up-to-date: /home/nayab/dev_ws/install/abds_core_common/share/abds_core_common/msg/Cluster.msg
[1.730s] -- Up-to-date: /home/nayab/dev_ws/install/abds_core_common/share/abds_core_common/msg/Clusters.msg
[1.730s] -- Up-to-date: /home/nayab/dev_ws/install/abds_core_common/share/abds_core_common/msg/BoundingBox.msg
[1.730s] -- Up-to-date: /home/nayab/dev_ws/install/abds_core_common/share/abds_core_common/msg/BoundingBoxes.msg
[1.730s] -- Up-to-date: /home/nayab/dev_ws/install/abds_core_common/share/abds_core_common/msg/TrajectoryPoint.msg
[1.730s] -- Up-to-date: /home/nayab/dev_ws/install/abds_core_common/share/abds_core_common/msg/Trajectory.msg
[1.730s] -- Up-to-date: /home/nayab/dev_ws/install/abds_core_common/share/abds_core_common/msg/VehicleCommand.msg
[1.730s] -- Up-to-date: /home/nayab/dev_ws/install/abds_core_common/share/abds_core_common/msg/VehicleState.msg
[1.731s] -- Up-to-date: /home/nayab/dev_ws/install/abds_core_common/share/abds_core_common/msg/TestState.msg
[1.731s] -- Up-to-date: /home/nayab/dev_ws/install/abds_core_common/include
[1.731s] -- Up-to-date: /home/nayab/dev_ws/install/abds_core_common/include/geometry
[1.731s] -- Up-to-date: /home/nayab/dev_ws/install/abds_core_common/include/geometry/bounding_box.hpp
[1.732s] -- Up-to-date: /home/nayab/dev_ws/install/abds_core_common/include/types.hpp
[1.732s] -- Up-to-date: /home/nayab/dev_ws/install/abds_core_common/include/calculations.hpp
[1.732s] -- Up-to-date: /home/nayab/dev_ws/install/abds_core_common/include/data_storage
[1.732s] -- Up-to-date: /home/nayab/dev_ws/install/abds_core_common/include/data_storage/quad_storage.cpp
[1.733s] -- Up-to-date: /home/nayab/dev_ws/install/abds_core_common/include/data_storage/spatial_hash.hpp
[1.733s] -- Up-to-date: /home/nayab/dev_ws/install/abds_core_common/include/data_storage/spatial_hash.cpp
[1.733s] -- Up-to-date: /home/nayab/dev_ws/install/abds_core_common/include/data_storage/quad_storage.hpp
[1.733s] -- Up-to-date: /home/nayab/dev_ws/install/abds_core_common/include/network
[1.733s] -- Up-to-date: /home/nayab/dev_ws/install/abds_core_common/include/network/udp_client_server.cpp
[1.733s] -- Up-to-date: /home/nayab/dev_ws/install/abds_core_common/include/network/udp_client_server.hpp
[1.734s] -- Up-to-date: /home/nayab/dev_ws/install/abds_core_common/include/msg_buffer.hpp
[1.734s] -- Up-to-date: /home/nayab/dev_ws/install/abds_core_common/include/lidar_util
[1.734s] -- Up-to-date: /home/nayab/dev_ws/install/abds_core_common/include/lidar_util/point_cloud_transformer.hpp
[1.735s] -- Up-to-date: /home/nayab/dev_ws/install/abds_core_common/include/time_util
[1.735s] -- Up-to-date: /home/nayab/dev_ws/install/abds_core_common/include/time_util/time_utils.hpp
[1.736s] -- Up-to-date: /home/nayab/dev_ws/install/abds_core_common/lib/libabds_core_common_lib.so
[1.736s] -- Up-to-date: /home/nayab/dev_ws/install/abds_core_common/share/ament_index/resource_index/package_run_dependencies/abds_core_common
[1.737s] -- Up-to-date: /home/nayab/dev_ws/install/abds_core_common/share/ament_index/resource_index/parent_prefix_path/abds_core_common
[1.737s] -- Up-to-date: /home/nayab/dev_ws/install/abds_core_common/share/abds_core_common/environment/ament_prefix_path.sh
[1.737s] -- Up-to-date: /home/nayab/dev_ws/install/abds_core_common/share/abds_core_common/environment/ament_prefix_path.dsv
[1.738s] -- Up-to-date: /home/nayab/dev_ws/install/abds_core_common/share/abds_core_common/environment/path.sh
[1.738s] -- Up-to-date: /home/nayab/dev_ws/install/abds_core_common/share/abds_core_common/environment/path.dsv
[1.738s] -- Up-to-date: /home/nayab/dev_ws/install/abds_core_common/share/abds_core_common/local_setup.bash
[1.739s] -- Up-to-date: /home/nayab/dev_ws/install/abds_core_common/share/abds_core_common/local_setup.sh
[1.739s] -- Up-to-date: /home/nayab/dev_ws/install/abds_core_common/share/abds_core_common/local_setup.zsh
[1.739s] -- Up-to-date: /home/nayab/dev_ws/install/abds_core_common/share/abds_core_common/local_setup.dsv
[1.739s] -- Installing: /home/nayab/dev_ws/install/abds_core_common/share/abds_core_common/package.dsv
[1.740s] -- Up-to-date: /home/nayab/dev_ws/install/abds_core_common/share/ament_index/resource_index/packages/abds_core_common
[1.740s] -- Up-to-date: /home/nayab/dev_ws/install/abds_core_common/share/abds_core_common/cmake/abds_core_common__rosidl_generator_cExport.cmake
[1.740s] -- Up-to-date: /home/nayab/dev_ws/install/abds_core_common/share/abds_core_common/cmake/abds_core_common__rosidl_generator_cExport-noconfig.cmake
[1.740s] -- Up-to-date: /home/nayab/dev_ws/install/abds_core_common/share/abds_core_common/cmake/abds_core_common__rosidl_typesupport_introspection_cExport.cmake
[1.741s] -- Up-to-date: /home/nayab/dev_ws/install/abds_core_common/share/abds_core_common/cmake/abds_core_common__rosidl_typesupport_introspection_cExport-noconfig.cmake
[1.741s] -- Up-to-date: /home/nayab/dev_ws/install/abds_core_common/share/abds_core_common/cmake/abds_core_common__rosidl_typesupport_cExport.cmake
[1.742s] -- Up-to-date: /home/nayab/dev_ws/install/abds_core_common/share/abds_core_common/cmake/abds_core_common__rosidl_typesupport_cExport-noconfig.cmake
[1.742s] -- Up-to-date: /home/nayab/dev_ws/install/abds_core_common/share/abds_core_common/cmake/abds_core_common__rosidl_generator_cppExport.cmake
[1.743s] -- Up-to-date: /home/nayab/dev_ws/install/abds_core_common/share/abds_core_common/cmake/abds_core_common__rosidl_typesupport_introspection_cppExport.cmake
[1.743s] -- Up-to-date: /home/nayab/dev_ws/install/abds_core_common/share/abds_core_common/cmake/abds_core_common__rosidl_typesupport_introspection_cppExport-noconfig.cmake
[1.744s] -- Up-to-date: /home/nayab/dev_ws/install/abds_core_common/share/abds_core_common/cmake/abds_core_common__rosidl_typesupport_cppExport.cmake
[1.744s] -- Up-to-date: /home/nayab/dev_ws/install/abds_core_common/share/abds_core_common/cmake/abds_core_common__rosidl_typesupport_cppExport-noconfig.cmake
[1.744s] -- Up-to-date: /home/nayab/dev_ws/install/abds_core_common/share/abds_core_common/cmake/rosidl_cmake-extras.cmake
[1.746s] -- Up-to-date: /home/nayab/dev_ws/install/abds_core_common/share/abds_core_common/cmake/ament_cmake_export_dependencies-extras.cmake
[1.749s] -- Up-to-date: /home/nayab/dev_ws/install/abds_core_common/share/abds_core_common/cmake/ament_cmake_export_libraries-extras.cmake
[1.749s] -- Up-to-date: /home/nayab/dev_ws/install/abds_core_common/share/abds_core_common/cmake/ament_cmake_export_targets-extras.cmake
[1.749s] -- Up-to-date: /home/nayab/dev_ws/install/abds_core_common/share/abds_core_common/cmake/ament_cmake_export_include_directories-extras.cmake
[1.749s] -- Up-to-date: /home/nayab/dev_ws/install/abds_core_common/share/abds_core_common/cmake/rosidl_cmake_export_typesupport_libraries-extras.cmake
[1.750s] -- Up-to-date: /home/nayab/dev_ws/install/abds_core_common/share/abds_core_common/cmake/rosidl_cmake_export_typesupport_targets-extras.cmake
[1.750s] -- Up-to-date: /home/nayab/dev_ws/install/abds_core_common/share/abds_core_common/cmake/abds_core_commonConfig.cmake
[1.751s] -- Up-to-date: /home/nayab/dev_ws/install/abds_core_common/share/abds_core_common/cmake/abds_core_commonConfig-version.cmake
[1.751s] -- Up-to-date: /home/nayab/dev_ws/install/abds_core_common/share/abds_core_common/package.xml
[1.752s] Invoked command in '/home/nayab/dev_ws/build/abds_core_common' returned '0': CMAKE_PREFIX_PATH=/opt/ros/foxy:${CMAKE_PREFIX_PATH} /usr/bin/cmake --install /home/nayab/dev_ws/build/abds_core_common
