[0.020s] Invoking command in '/home/nayab/dev_ws/build/rc_interfaces': CMAKE_PREFIX_PATH=/home/nayab/dev_ws/install/tutorial_interfaces:/home/nayab/dev_ws/install/turtlesim:/home/nayab/dev_ws/install/rc_interfaces:/home/nayab/dev_ws/install/ether_follow_interfaces:/home/nayab/dev_ws/install/abds_core_common:/home/nayab/dev_ws/install/rc_data_emulator:/home/nayab/dev_ws/install/py_pubsub:/home/nayab/dev_ws/install/my_package:/home/nayab/dev_ws/install/ether_follow_pubsub:/home/nayab/dev_ws/install/dbr_pubsub:/opt/ros/foxy:/home/nayab/project_ws/devel:/opt/ros/noetic /usr/bin/cmake --build /home/nayab/dev_ws/build/rc_interfaces -- -j4 -l4
[0.136s] -- Found ament_cmake: 0.9.9 (/opt/ros/foxy/share/ament_cmake/cmake)
[0.197s] -- Found PythonInterp: /usr/bin/python3 (found suitable version "3.8.10", minimum required is "3") 
[0.197s] -- Using PYTHON_EXECUTABLE: /usr/bin/python3
[0.512s] -- Found geometry_msgs: 2.0.5 (/opt/ros/foxy/share/geometry_msgs/cmake)
[0.556s] -- Using all available rosidl_typesupport_c: rosidl_typesupport_fastrtps_c;rosidl_typesupport_introspection_c
[0.558s] -- Found rosidl_adapter: 1.2.1 (/opt/ros/foxy/share/rosidl_adapter/cmake)
[0.805s] -- Using all available rosidl_typesupport_cpp: rosidl_typesupport_fastrtps_cpp;rosidl_typesupport_introspection_cpp
[0.901s] -- Found rosidl_default_generators: 1.0.1 (/opt/ros/foxy/share/rosidl_default_generators/cmake)
[0.952s] -- Found PythonInterp: /usr/bin/python3 (found version "3.8.10") 
[1.313s] -- Found ament_cmake_ros: 0.9.2 (/opt/ros/foxy/share/ament_cmake_ros/cmake)
[1.644s] -- Using all available rosidl_typesupport_c: rosidl_typesupport_fastrtps_c;rosidl_typesupport_introspection_c
[1.765s] -- Using all available rosidl_typesupport_cpp: rosidl_typesupport_fastrtps_cpp;rosidl_typesupport_introspection_cpp
[1.800s] -- Found PythonInterp: /usr/bin/python3 (found suitable version "3.8.10", minimum required is "3.5") 
[1.800s] -- Found python_cmake_module: 0.8.1 (/opt/ros/foxy/share/python_cmake_module/cmake)
[1.842s] -- Using PYTHON_EXECUTABLE: /usr/bin/python3
[1.842s] -- Using PYTHON_INCLUDE_DIRS: /usr/include/python3.8
[1.842s] -- Using PYTHON_LIBRARIES: /usr/lib/x86_64-linux-gnu/libpython3.8.so
[1.948s] -- Found ament_lint_auto: 0.9.6 (/opt/ros/foxy/share/ament_lint_auto/cmake)
[1.996s] -- Added test 'copyright' to check source files copyright and LICENSE
[1.999s] -- Added test 'lint_cmake' to check CMake code style
[1.999s] -- Added test 'xmllint' to check XML markup files
[2.005s] -- Configuring done
[2.127s] -- Generating done
[2.137s] -- Build files have been written to: /home/nayab/dev_ws/build/rc_interfaces
[2.167s] [  2%] [34m[1mGenerating C code for ROS interfaces[0m
[2.176s] [  5%] [34m[1mGenerating C++ code for ROS interfaces[0m
[2.609s] [  5%] Built target rc_interfaces__cpp
[2.634s] [  7%] [34m[1mGenerating C++ introspection for ROS interfaces[0m
[2.645s] [35m[1mScanning dependencies of target rc_interfaces__rosidl_generator_c[0m
[2.661s] [35m[1mScanning dependencies of target rc_interfaces__rosidl_typesupport_fastrtps_cpp[0m
[2.663s] [ 10%] [34m[1mGenerating C++ type support dispatch for ROS interfaces[0m
[2.671s] [ 12%] [32mBuilding C object CMakeFiles/rc_interfaces__rosidl_generator_c.dir/rosidl_generator_c/rc_interfaces/msg/detail/rc_status__functions.c.o[0m
[2.697s] [ 15%] [32mBuilding CXX object CMakeFiles/rc_interfaces__rosidl_typesupport_fastrtps_cpp.dir/rosidl_typesupport_fastrtps_cpp/rc_interfaces/msg/detail/dds_fastrtps/rc_status__type_support.cpp.o[0m
[2.952s] [35m[1mScanning dependencies of target rc_interfaces__rosidl_typesupport_introspection_cpp[0m
[2.969s] [35m[1mScanning dependencies of target rc_interfaces__rosidl_typesupport_cpp[0m
[2.978s] [ 17%] [32mBuilding CXX object CMakeFiles/rc_interfaces__rosidl_typesupport_introspection_cpp.dir/rosidl_typesupport_introspection_cpp/rc_interfaces/msg/detail/rc_status__type_support.cpp.o[0m
[2.996s] [ 20%] [32mBuilding CXX object CMakeFiles/rc_interfaces__rosidl_typesupport_cpp.dir/rosidl_typesupport_cpp/rc_interfaces/msg/rc_status__type_support.cpp.o[0m
[3.080s] [ 23%] [32mBuilding C object CMakeFiles/rc_interfaces__rosidl_generator_c.dir/rosidl_generator_c/rc_interfaces/msg/detail/imu_rc__functions.c.o[0m
[3.147s] [ 25%] [32m[1mLinking C shared library librc_interfaces__rosidl_generator_c.so[0m
[3.303s] [ 25%] Built target rc_interfaces__rosidl_generator_c
[3.367s] [ 28%] [34m[1mGenerating C introspection for ROS interfaces[0m
[3.641s] [ 30%] [32mBuilding CXX object CMakeFiles/rc_interfaces__rosidl_typesupport_cpp.dir/rosidl_typesupport_cpp/rc_interfaces/msg/imu_rc__type_support.cpp.o[0m
[3.650s] [ 33%] [32mBuilding CXX object CMakeFiles/rc_interfaces__rosidl_typesupport_introspection_cpp.dir/rosidl_typesupport_introspection_cpp/rc_interfaces/msg/detail/imu_rc__type_support.cpp.o[0m
[3.858s] [ 35%] [32mBuilding CXX object CMakeFiles/rc_interfaces__rosidl_typesupport_fastrtps_cpp.dir/rosidl_typesupport_fastrtps_cpp/rc_interfaces/msg/detail/dds_fastrtps/imu_rc__type_support.cpp.o[0m
[3.925s] [35m[1mScanning dependencies of target rc_interfaces__rosidl_typesupport_introspection_c[0m
[3.955s] [ 38%] [32mBuilding C object CMakeFiles/rc_interfaces__rosidl_typesupport_introspection_c.dir/rosidl_typesupport_introspection_c/rc_interfaces/msg/detail/rc_status__type_support.c.o[0m
[4.028s] [ 41%] [32mBuilding C object CMakeFiles/rc_interfaces__rosidl_typesupport_introspection_c.dir/rosidl_typesupport_introspection_c/rc_interfaces/msg/detail/imu_rc__type_support.c.o[0m
[4.041s] [ 43%] [32m[1mLinking CXX shared library librc_interfaces__rosidl_typesupport_cpp.so[0m
[4.103s] [ 46%] [32m[1mLinking C shared library librc_interfaces__rosidl_typesupport_introspection_c.so[0m
[4.127s] [ 46%] Built target rc_interfaces__rosidl_typesupport_cpp
[4.149s] [ 48%] [34m[1mGenerating C type support dispatch for ROS interfaces[0m
[4.154s] [ 51%] [32m[1mLinking CXX shared library librc_interfaces__rosidl_typesupport_introspection_cpp.so[0m
[4.218s] [ 51%] Built target rc_interfaces__rosidl_typesupport_introspection_c
[4.249s] [ 51%] Built target rc_interfaces__rosidl_typesupport_introspection_cpp
[4.387s] [ 53%] [32m[1mLinking CXX shared library librc_interfaces__rosidl_typesupport_fastrtps_cpp.so[0m
[4.398s] [35m[1mScanning dependencies of target rc_interfaces__rosidl_typesupport_c[0m
[4.422s] [ 56%] [32mBuilding CXX object CMakeFiles/rc_interfaces__rosidl_typesupport_c.dir/rosidl_typesupport_c/rc_interfaces/msg/rc_status__type_support.cpp.o[0m
[4.428s] [ 58%] [32mBuilding CXX object CMakeFiles/rc_interfaces__rosidl_typesupport_c.dir/rosidl_typesupport_c/rc_interfaces/msg/imu_rc__type_support.cpp.o[0m
[4.478s] [ 61%] [32m[1mLinking CXX shared library librc_interfaces__rosidl_typesupport_c.so[0m
[4.500s] [ 64%] Built target rc_interfaces__rosidl_typesupport_fastrtps_cpp
[4.516s] [ 66%] [34m[1mGenerating C type support for eProsima Fast-RTPS[0m
[4.525s] [ 66%] Built target rc_interfaces__rosidl_typesupport_c
[4.801s] [35m[1mScanning dependencies of target rc_interfaces__rosidl_typesupport_fastrtps_c[0m
[4.826s] [ 69%] [32mBuilding CXX object CMakeFiles/rc_interfaces__rosidl_typesupport_fastrtps_c.dir/rosidl_typesupport_fastrtps_c/rc_interfaces/msg/detail/imu_rc__type_support_c.cpp.o[0m
[4.834s] [ 71%] [32mBuilding CXX object CMakeFiles/rc_interfaces__rosidl_typesupport_fastrtps_c.dir/rosidl_typesupport_fastrtps_c/rc_interfaces/msg/detail/rc_status__type_support_c.cpp.o[0m
[5.173s] [ 74%] [32m[1mLinking CXX shared library librc_interfaces__rosidl_typesupport_fastrtps_c.so[0m
[5.259s] [ 74%] Built target rc_interfaces__rosidl_typesupport_fastrtps_c
[5.280s] [ 74%] Built target rc_interfaces
[5.308s] [ 76%] [34m[1mGenerating Python code for ROS interfaces[0m
[5.870s] [ 76%] Built target rc_interfaces__py
[5.885s] [35m[1mScanning dependencies of target rc_interfaces__python[0m
[5.904s] [ 79%] [32mBuilding C object CMakeFiles/rc_interfaces__python.dir/rosidl_generator_py/rc_interfaces/msg/_rc_status_s.c.o[0m
[5.905s] [ 82%] [32mBuilding C object CMakeFiles/rc_interfaces__python.dir/rosidl_generator_py/rc_interfaces/msg/_imu_rc_s.c.o[0m
[6.058s] [ 84%] [32m[1mLinking C shared library rosidl_generator_py/rc_interfaces/librc_interfaces__python.so[0m
[6.101s] [ 84%] Built target rc_interfaces__python
[6.114s] [35m[1mScanning dependencies of target rc_interfaces__rosidl_typesupport_fastrtps_c__pyext[0m
[6.114s] [35m[1mScanning dependencies of target rc_interfaces__rosidl_typesupport_introspection_c__pyext[0m
[6.116s] [35m[1mScanning dependencies of target rc_interfaces__rosidl_typesupport_c__pyext[0m
[6.137s] [ 87%] [32mBuilding C object CMakeFiles/rc_interfaces__rosidl_typesupport_c__pyext.dir/rosidl_generator_py/rc_interfaces/_rc_interfaces_s.ep.rosidl_typesupport_c.c.o[0m
[6.148s] [ 89%] [32mBuilding C object CMakeFiles/rc_interfaces__rosidl_typesupport_introspection_c__pyext.dir/rosidl_generator_py/rc_interfaces/_rc_interfaces_s.ep.rosidl_typesupport_introspection_c.c.o[0m
[6.148s] [ 92%] [32mBuilding C object CMakeFiles/rc_interfaces__rosidl_typesupport_fastrtps_c__pyext.dir/rosidl_generator_py/rc_interfaces/_rc_interfaces_s.ep.rosidl_typesupport_fastrtps_c.c.o[0m
[6.213s] [ 94%] [32m[1mLinking CXX shared library rosidl_generator_py/rc_interfaces/rc_interfaces_s__rosidl_typesupport_fastrtps_c.cpython-38-x86_64-linux-gnu.so[0m
[6.213s] [ 97%] [32m[1mLinking C shared library rosidl_generator_py/rc_interfaces/rc_interfaces_s__rosidl_typesupport_introspection_c.cpython-38-x86_64-linux-gnu.so[0m
[6.221s] [100%] [32m[1mLinking C shared library rosidl_generator_py/rc_interfaces/rc_interfaces_s__rosidl_typesupport_c.cpython-38-x86_64-linux-gnu.so[0m
[6.255s] [100%] Built target rc_interfaces__rosidl_typesupport_introspection_c__pyext
[6.270s] [100%] Built target rc_interfaces__rosidl_typesupport_fastrtps_c__pyext
[6.270s] [100%] Built target rc_interfaces__rosidl_typesupport_c__pyext
[6.285s] Invoked command in '/home/nayab/dev_ws/build/rc_interfaces' returned '0': CMAKE_PREFIX_PATH=/home/nayab/dev_ws/install/tutorial_interfaces:/home/nayab/dev_ws/install/turtlesim:/home/nayab/dev_ws/install/rc_interfaces:/home/nayab/dev_ws/install/ether_follow_interfaces:/home/nayab/dev_ws/install/abds_core_common:/home/nayab/dev_ws/install/rc_data_emulator:/home/nayab/dev_ws/install/py_pubsub:/home/nayab/dev_ws/install/my_package:/home/nayab/dev_ws/install/ether_follow_pubsub:/home/nayab/dev_ws/install/dbr_pubsub:/opt/ros/foxy:/home/nayab/project_ws/devel:/opt/ros/noetic /usr/bin/cmake --build /home/nayab/dev_ws/build/rc_interfaces -- -j4 -l4
[6.364s] Invoking command in '/home/nayab/dev_ws/build/rc_interfaces': CMAKE_PREFIX_PATH=/home/nayab/dev_ws/install/tutorial_interfaces:/home/nayab/dev_ws/install/turtlesim:/home/nayab/dev_ws/install/rc_interfaces:/home/nayab/dev_ws/install/ether_follow_interfaces:/home/nayab/dev_ws/install/abds_core_common:/home/nayab/dev_ws/install/rc_data_emulator:/home/nayab/dev_ws/install/py_pubsub:/home/nayab/dev_ws/install/my_package:/home/nayab/dev_ws/install/ether_follow_pubsub:/home/nayab/dev_ws/install/dbr_pubsub:/opt/ros/foxy:/home/nayab/project_ws/devel:/opt/ros/noetic /usr/bin/cmake --install /home/nayab/dev_ws/build/rc_interfaces
[6.372s] -- Install configuration: ""
[6.372s] -- Up-to-date: /home/nayab/dev_ws/install/rc_interfaces/share/ament_index/resource_index/rosidl_interfaces/rc_interfaces
[6.372s] -- Up-to-date: /home/nayab/dev_ws/install/rc_interfaces/include/rc_interfaces
[6.372s] -- Up-to-date: /home/nayab/dev_ws/install/rc_interfaces/include/rc_interfaces/msg
[6.373s] -- Up-to-date: /home/nayab/dev_ws/install/rc_interfaces/include/rc_interfaces/msg/rosidl_generator_c__visibility_control.h
[6.373s] -- Installing: /home/nayab/dev_ws/install/rc_interfaces/include/rc_interfaces/msg/rc_status.h
[6.373s] -- Up-to-date: /home/nayab/dev_ws/install/rc_interfaces/include/rc_interfaces/msg/detail
[6.373s] -- Installing: /home/nayab/dev_ws/install/rc_interfaces/include/rc_interfaces/msg/detail/rc_status__functions.h
[6.373s] -- Installing: /home/nayab/dev_ws/install/rc_interfaces/include/rc_interfaces/msg/detail/imu_rc__functions.h
[6.373s] -- Installing: /home/nayab/dev_ws/install/rc_interfaces/include/rc_interfaces/msg/detail/imu_rc__struct.h
[6.374s] -- Installing: /home/nayab/dev_ws/install/rc_interfaces/include/rc_interfaces/msg/detail/rc_status__functions.c
[6.374s] -- Installing: /home/nayab/dev_ws/install/rc_interfaces/include/rc_interfaces/msg/detail/rc_status__struct.h
[6.374s] -- Installing: /home/nayab/dev_ws/install/rc_interfaces/include/rc_interfaces/msg/detail/rc_status__type_support.h
[6.374s] -- Installing: /home/nayab/dev_ws/install/rc_interfaces/include/rc_interfaces/msg/detail/imu_rc__type_support.h
[6.374s] -- Up-to-date: /home/nayab/dev_ws/install/rc_interfaces/include/rc_interfaces/msg/detail/target_coordinates__functions.h
[6.374s] -- Up-to-date: /home/nayab/dev_ws/install/rc_interfaces/include/rc_interfaces/msg/detail/target_coordinates__struct.h
[6.374s] -- Up-to-date: /home/nayab/dev_ws/install/rc_interfaces/include/rc_interfaces/msg/detail/target_coordinates__functions.c
[6.375s] -- Up-to-date: /home/nayab/dev_ws/install/rc_interfaces/include/rc_interfaces/msg/detail/target_coordinates__type_support.h
[6.375s] -- Installing: /home/nayab/dev_ws/install/rc_interfaces/include/rc_interfaces/msg/detail/imu_rc__functions.c
[6.375s] -- Installing: /home/nayab/dev_ws/install/rc_interfaces/include/rc_interfaces/msg/imu_rc.h
[6.375s] -- Up-to-date: /home/nayab/dev_ws/install/rc_interfaces/include/rc_interfaces/msg/target_coordinates.h
[6.376s] -- Up-to-date: /home/nayab/dev_ws/install/rc_interfaces/share/rc_interfaces/environment/library_path.sh
[6.376s] -- Installing: /home/nayab/dev_ws/install/rc_interfaces/share/rc_interfaces/environment/library_path.dsv
[6.376s] -- Installing: /home/nayab/dev_ws/install/rc_interfaces/lib/librc_interfaces__rosidl_generator_c.so
[6.377s] -- Set runtime path of "/home/nayab/dev_ws/install/rc_interfaces/lib/librc_interfaces__rosidl_generator_c.so" to ""
[6.377s] -- Up-to-date: /home/nayab/dev_ws/install/rc_interfaces/include/rc_interfaces
[6.378s] -- Up-to-date: /home/nayab/dev_ws/install/rc_interfaces/include/rc_interfaces/msg
[6.378s] -- Up-to-date: /home/nayab/dev_ws/install/rc_interfaces/include/rc_interfaces/msg/detail
[6.378s] -- Installing: /home/nayab/dev_ws/install/rc_interfaces/include/rc_interfaces/msg/detail/rc_status__rosidl_typesupport_fastrtps_c.h
[6.378s] -- Up-to-date: /home/nayab/dev_ws/install/rc_interfaces/include/rc_interfaces/msg/detail/target_coordinates__rosidl_typesupport_fastrtps_c.h
[6.378s] -- Installing: /home/nayab/dev_ws/install/rc_interfaces/include/rc_interfaces/msg/detail/imu_rc__rosidl_typesupport_fastrtps_c.h
[6.378s] -- Up-to-date: /home/nayab/dev_ws/install/rc_interfaces/include/rc_interfaces/msg/rosidl_typesupport_fastrtps_c__visibility_control.h
[6.379s] -- Installing: /home/nayab/dev_ws/install/rc_interfaces/lib/librc_interfaces__rosidl_typesupport_fastrtps_c.so
[6.380s] -- Set runtime path of "/home/nayab/dev_ws/install/rc_interfaces/lib/librc_interfaces__rosidl_typesupport_fastrtps_c.so" to ""
[6.380s] -- Up-to-date: /home/nayab/dev_ws/install/rc_interfaces/include/rc_interfaces
[6.380s] -- Up-to-date: /home/nayab/dev_ws/install/rc_interfaces/include/rc_interfaces/msg
[6.380s] -- Up-to-date: /home/nayab/dev_ws/install/rc_interfaces/include/rc_interfaces/msg/rosidl_typesupport_fastrtps_cpp__visibility_control.h
[6.381s] -- Up-to-date: /home/nayab/dev_ws/install/rc_interfaces/include/rc_interfaces/msg/detail
[6.381s] -- Up-to-date: /home/nayab/dev_ws/install/rc_interfaces/include/rc_interfaces/msg/detail/dds_fastrtps
[6.381s] -- Installing: /home/nayab/dev_ws/install/rc_interfaces/include/rc_interfaces/msg/detail/rc_status__rosidl_typesupport_fastrtps_cpp.hpp
[6.381s] -- Installing: /home/nayab/dev_ws/install/rc_interfaces/include/rc_interfaces/msg/detail/imu_rc__rosidl_typesupport_fastrtps_cpp.hpp
[6.381s] -- Up-to-date: /home/nayab/dev_ws/install/rc_interfaces/include/rc_interfaces/msg/detail/target_coordinates__rosidl_typesupport_fastrtps_cpp.hpp
[6.382s] -- Installing: /home/nayab/dev_ws/install/rc_interfaces/lib/librc_interfaces__rosidl_typesupport_fastrtps_cpp.so
[6.382s] -- Set runtime path of "/home/nayab/dev_ws/install/rc_interfaces/lib/librc_interfaces__rosidl_typesupport_fastrtps_cpp.so" to ""
[6.383s] -- Up-to-date: /home/nayab/dev_ws/install/rc_interfaces/include/rc_interfaces
[6.383s] -- Up-to-date: /home/nayab/dev_ws/install/rc_interfaces/include/rc_interfaces/msg
[6.384s] -- Up-to-date: /home/nayab/dev_ws/install/rc_interfaces/include/rc_interfaces/msg/detail
[6.384s] -- Installing: /home/nayab/dev_ws/install/rc_interfaces/include/rc_interfaces/msg/detail/rc_status__type_support.c
[6.385s] -- Up-to-date: /home/nayab/dev_ws/install/rc_interfaces/include/rc_interfaces/msg/detail/target_coordinates__type_support.c
[6.385s] -- Installing: /home/nayab/dev_ws/install/rc_interfaces/include/rc_interfaces/msg/detail/rc_status__rosidl_typesupport_introspection_c.h
[6.385s] -- Installing: /home/nayab/dev_ws/install/rc_interfaces/include/rc_interfaces/msg/detail/imu_rc__type_support.c
[6.385s] -- Up-to-date: /home/nayab/dev_ws/install/rc_interfaces/include/rc_interfaces/msg/detail/target_coordinates__rosidl_typesupport_introspection_c.h
[6.385s] -- Installing: /home/nayab/dev_ws/install/rc_interfaces/include/rc_interfaces/msg/detail/imu_rc__rosidl_typesupport_introspection_c.h
[6.385s] -- Up-to-date: /home/nayab/dev_ws/install/rc_interfaces/include/rc_interfaces/msg/rosidl_typesupport_introspection_c__visibility_control.h
[6.386s] -- Installing: /home/nayab/dev_ws/install/rc_interfaces/lib/librc_interfaces__rosidl_typesupport_introspection_c.so
[6.386s] -- Set runtime path of "/home/nayab/dev_ws/install/rc_interfaces/lib/librc_interfaces__rosidl_typesupport_introspection_c.so" to ""
[6.387s] -- Installing: /home/nayab/dev_ws/install/rc_interfaces/lib/librc_interfaces__rosidl_typesupport_c.so
[6.388s] -- Set runtime path of "/home/nayab/dev_ws/install/rc_interfaces/lib/librc_interfaces__rosidl_typesupport_c.so" to ""
[6.388s] -- Up-to-date: /home/nayab/dev_ws/install/rc_interfaces/include/rc_interfaces
[6.388s] -- Up-to-date: /home/nayab/dev_ws/install/rc_interfaces/include/rc_interfaces/msg
[6.389s] -- Installing: /home/nayab/dev_ws/install/rc_interfaces/include/rc_interfaces/msg/rc_status.hpp
[6.389s] -- Installing: /home/nayab/dev_ws/install/rc_interfaces/include/rc_interfaces/msg/imu_rc.hpp
[6.389s] -- Up-to-date: /home/nayab/dev_ws/install/rc_interfaces/include/rc_interfaces/msg/detail
[6.389s] -- Installing: /home/nayab/dev_ws/install/rc_interfaces/include/rc_interfaces/msg/detail/imu_rc__builder.hpp
[6.389s] -- Up-to-date: /home/nayab/dev_ws/install/rc_interfaces/include/rc_interfaces/msg/detail/target_coordinates__builder.hpp
[6.389s] -- Installing: /home/nayab/dev_ws/install/rc_interfaces/include/rc_interfaces/msg/detail/rc_status__traits.hpp
[6.390s] -- Up-to-date: /home/nayab/dev_ws/install/rc_interfaces/include/rc_interfaces/msg/detail/target_coordinates__struct.hpp
[6.390s] -- Installing: /home/nayab/dev_ws/install/rc_interfaces/include/rc_interfaces/msg/detail/imu_rc__traits.hpp
[6.390s] -- Installing: /home/nayab/dev_ws/install/rc_interfaces/include/rc_interfaces/msg/detail/rc_status__struct.hpp
[6.390s] -- Installing: /home/nayab/dev_ws/install/rc_interfaces/include/rc_interfaces/msg/detail/rc_status__builder.hpp
[6.390s] -- Installing: /home/nayab/dev_ws/install/rc_interfaces/include/rc_interfaces/msg/detail/imu_rc__struct.hpp
[6.390s] -- Up-to-date: /home/nayab/dev_ws/install/rc_interfaces/include/rc_interfaces/msg/detail/target_coordinates__traits.hpp
[6.391s] -- Up-to-date: /home/nayab/dev_ws/install/rc_interfaces/include/rc_interfaces/msg/target_coordinates.hpp
[6.391s] -- Up-to-date: /home/nayab/dev_ws/install/rc_interfaces/include/rc_interfaces
[6.391s] -- Up-to-date: /home/nayab/dev_ws/install/rc_interfaces/include/rc_interfaces/msg
[6.391s] -- Up-to-date: /home/nayab/dev_ws/install/rc_interfaces/include/rc_interfaces/msg/detail
[6.391s] -- Installing: /home/nayab/dev_ws/install/rc_interfaces/include/rc_interfaces/msg/detail/rc_status__rosidl_typesupport_introspection_cpp.hpp
[6.391s] -- Installing: /home/nayab/dev_ws/install/rc_interfaces/include/rc_interfaces/msg/detail/imu_rc__rosidl_typesupport_introspection_cpp.hpp
[6.391s] -- Up-to-date: /home/nayab/dev_ws/install/rc_interfaces/include/rc_interfaces/msg/detail/target_coordinates__type_support.cpp
[6.391s] -- Installing: /home/nayab/dev_ws/install/rc_interfaces/include/rc_interfaces/msg/detail/imu_rc__type_support.cpp
[6.391s] -- Up-to-date: /home/nayab/dev_ws/install/rc_interfaces/include/rc_interfaces/msg/detail/target_coordinates__rosidl_typesupport_introspection_cpp.hpp
[6.391s] -- Installing: /home/nayab/dev_ws/install/rc_interfaces/include/rc_interfaces/msg/detail/rc_status__type_support.cpp
[6.392s] -- Installing: /home/nayab/dev_ws/install/rc_interfaces/lib/librc_interfaces__rosidl_typesupport_introspection_cpp.so
[6.393s] -- Set runtime path of "/home/nayab/dev_ws/install/rc_interfaces/lib/librc_interfaces__rosidl_typesupport_introspection_cpp.so" to ""
[6.394s] -- Installing: /home/nayab/dev_ws/install/rc_interfaces/lib/librc_interfaces__rosidl_typesupport_cpp.so
[6.395s] -- Set runtime path of "/home/nayab/dev_ws/install/rc_interfaces/lib/librc_interfaces__rosidl_typesupport_cpp.so" to ""
[6.395s] -- Up-to-date: /home/nayab/dev_ws/install/rc_interfaces/share/rc_interfaces/environment/pythonpath.sh
[6.395s] -- Installing: /home/nayab/dev_ws/install/rc_interfaces/share/rc_interfaces/environment/pythonpath.dsv
[6.395s] -- Installing: /home/nayab/dev_ws/install/rc_interfaces/lib/python3.8/site-packages/rc_interfaces/__init__.py
[6.424s] Compiling '/home/nayab/dev_ws/install/rc_interfaces/lib/python3.8/site-packages/rc_interfaces/__init__.py'...
[6.427s] -- Up-to-date: /home/nayab/dev_ws/install/rc_interfaces/lib/python3.8/site-packages/rc_interfaces/msg
[6.427s] -- Installing: /home/nayab/dev_ws/install/rc_interfaces/lib/python3.8/site-packages/rc_interfaces/msg/__init__.py
[6.427s] -- Installing: /home/nayab/dev_ws/install/rc_interfaces/lib/python3.8/site-packages/rc_interfaces/msg/_imu_rc.py
[6.427s] -- Installing: /home/nayab/dev_ws/install/rc_interfaces/lib/python3.8/site-packages/rc_interfaces/msg/_rc_status.py
[6.427s] -- Up-to-date: /home/nayab/dev_ws/install/rc_interfaces/lib/python3.8/site-packages/rc_interfaces/msg/_target_coordinates_s.c
[6.427s] -- Installing: /home/nayab/dev_ws/install/rc_interfaces/lib/python3.8/site-packages/rc_interfaces/msg/_rc_status_s.c
[6.427s] -- Up-to-date: /home/nayab/dev_ws/install/rc_interfaces/lib/python3.8/site-packages/rc_interfaces/msg/_target_coordinates.py
[6.428s] -- Installing: /home/nayab/dev_ws/install/rc_interfaces/lib/python3.8/site-packages/rc_interfaces/msg/_imu_rc_s.c
[6.429s] -- Installing: /home/nayab/dev_ws/install/rc_interfaces/lib/python3.8/site-packages/rc_interfaces/rc_interfaces_s__rosidl_typesupport_fastrtps_c.cpython-38-x86_64-linux-gnu.so
[6.430s] -- Set runtime path of "/home/nayab/dev_ws/install/rc_interfaces/lib/python3.8/site-packages/rc_interfaces/rc_interfaces_s__rosidl_typesupport_fastrtps_c.cpython-38-x86_64-linux-gnu.so" to ""
[6.431s] -- Installing: /home/nayab/dev_ws/install/rc_interfaces/lib/python3.8/site-packages/rc_interfaces/rc_interfaces_s__rosidl_typesupport_introspection_c.cpython-38-x86_64-linux-gnu.so
[6.432s] -- Set runtime path of "/home/nayab/dev_ws/install/rc_interfaces/lib/python3.8/site-packages/rc_interfaces/rc_interfaces_s__rosidl_typesupport_introspection_c.cpython-38-x86_64-linux-gnu.so" to ""
[6.433s] -- Installing: /home/nayab/dev_ws/install/rc_interfaces/lib/python3.8/site-packages/rc_interfaces/rc_interfaces_s__rosidl_typesupport_c.cpython-38-x86_64-linux-gnu.so
[6.434s] -- Set runtime path of "/home/nayab/dev_ws/install/rc_interfaces/lib/python3.8/site-packages/rc_interfaces/rc_interfaces_s__rosidl_typesupport_c.cpython-38-x86_64-linux-gnu.so" to ""
[6.435s] -- Installing: /home/nayab/dev_ws/install/rc_interfaces/lib/librc_interfaces__python.so
[6.435s] -- Set runtime path of "/home/nayab/dev_ws/install/rc_interfaces/lib/librc_interfaces__python.so" to ""
[6.436s] -- Up-to-date: /home/nayab/dev_ws/install/rc_interfaces/share/rc_interfaces/msg/RcStatus.idl
[6.436s] -- Up-to-date: /home/nayab/dev_ws/install/rc_interfaces/share/rc_interfaces/msg/ImuRc.idl
[6.436s] -- Up-to-date: /home/nayab/dev_ws/install/rc_interfaces/share/rc_interfaces/msg/RcStatus.msg
[6.437s] -- Up-to-date: /home/nayab/dev_ws/install/rc_interfaces/share/rc_interfaces/msg/ImuRc.msg
[6.437s] -- Up-to-date: /home/nayab/dev_ws/install/rc_interfaces/share/ament_index/resource_index/package_run_dependencies/rc_interfaces
[6.437s] -- Up-to-date: /home/nayab/dev_ws/install/rc_interfaces/share/ament_index/resource_index/parent_prefix_path/rc_interfaces
[6.438s] -- Up-to-date: /home/nayab/dev_ws/install/rc_interfaces/share/rc_interfaces/environment/ament_prefix_path.sh
[6.438s] -- Installing: /home/nayab/dev_ws/install/rc_interfaces/share/rc_interfaces/environment/ament_prefix_path.dsv
[6.438s] -- Up-to-date: /home/nayab/dev_ws/install/rc_interfaces/share/rc_interfaces/environment/path.sh
[6.438s] -- Installing: /home/nayab/dev_ws/install/rc_interfaces/share/rc_interfaces/environment/path.dsv
[6.439s] -- Up-to-date: /home/nayab/dev_ws/install/rc_interfaces/share/rc_interfaces/local_setup.bash
[6.439s] -- Up-to-date: /home/nayab/dev_ws/install/rc_interfaces/share/rc_interfaces/local_setup.sh
[6.439s] -- Up-to-date: /home/nayab/dev_ws/install/rc_interfaces/share/rc_interfaces/local_setup.zsh
[6.440s] -- Installing: /home/nayab/dev_ws/install/rc_interfaces/share/rc_interfaces/local_setup.dsv
[6.440s] -- Installing: /home/nayab/dev_ws/install/rc_interfaces/share/rc_interfaces/package.dsv
[6.440s] -- Up-to-date: /home/nayab/dev_ws/install/rc_interfaces/share/ament_index/resource_index/packages/rc_interfaces
[6.441s] -- Up-to-date: /home/nayab/dev_ws/install/rc_interfaces/share/rc_interfaces/cmake/rc_interfaces__rosidl_generator_cExport.cmake
[6.441s] -- Installing: /home/nayab/dev_ws/install/rc_interfaces/share/rc_interfaces/cmake/rc_interfaces__rosidl_generator_cExport-noconfig.cmake
[6.441s] -- Up-to-date: /home/nayab/dev_ws/install/rc_interfaces/share/rc_interfaces/cmake/rc_interfaces__rosidl_typesupport_introspection_cExport.cmake
[6.441s] -- Installing: /home/nayab/dev_ws/install/rc_interfaces/share/rc_interfaces/cmake/rc_interfaces__rosidl_typesupport_introspection_cExport-noconfig.cmake
[6.442s] -- Up-to-date: /home/nayab/dev_ws/install/rc_interfaces/share/rc_interfaces/cmake/rc_interfaces__rosidl_typesupport_cExport.cmake
[6.442s] -- Installing: /home/nayab/dev_ws/install/rc_interfaces/share/rc_interfaces/cmake/rc_interfaces__rosidl_typesupport_cExport-noconfig.cmake
[6.442s] -- Up-to-date: /home/nayab/dev_ws/install/rc_interfaces/share/rc_interfaces/cmake/rc_interfaces__rosidl_generator_cppExport.cmake
[6.443s] -- Up-to-date: /home/nayab/dev_ws/install/rc_interfaces/share/rc_interfaces/cmake/rc_interfaces__rosidl_typesupport_introspection_cppExport.cmake
[6.443s] -- Installing: /home/nayab/dev_ws/install/rc_interfaces/share/rc_interfaces/cmake/rc_interfaces__rosidl_typesupport_introspection_cppExport-noconfig.cmake
[6.443s] -- Up-to-date: /home/nayab/dev_ws/install/rc_interfaces/share/rc_interfaces/cmake/rc_interfaces__rosidl_typesupport_cppExport.cmake
[6.443s] -- Installing: /home/nayab/dev_ws/install/rc_interfaces/share/rc_interfaces/cmake/rc_interfaces__rosidl_typesupport_cppExport-noconfig.cmake
[6.444s] -- Up-to-date: /home/nayab/dev_ws/install/rc_interfaces/share/rc_interfaces/cmake/rosidl_cmake-extras.cmake
[6.444s] -- Up-to-date: /home/nayab/dev_ws/install/rc_interfaces/share/rc_interfaces/cmake/ament_cmake_export_dependencies-extras.cmake
[6.444s] -- Up-to-date: /home/nayab/dev_ws/install/rc_interfaces/share/rc_interfaces/cmake/ament_cmake_export_libraries-extras.cmake
[6.444s] -- Up-to-date: /home/nayab/dev_ws/install/rc_interfaces/share/rc_interfaces/cmake/ament_cmake_export_targets-extras.cmake
[6.444s] -- Up-to-date: /home/nayab/dev_ws/install/rc_interfaces/share/rc_interfaces/cmake/ament_cmake_export_include_directories-extras.cmake
[6.445s] -- Up-to-date: /home/nayab/dev_ws/install/rc_interfaces/share/rc_interfaces/cmake/rosidl_cmake_export_typesupport_libraries-extras.cmake
[6.446s] -- Up-to-date: /home/nayab/dev_ws/install/rc_interfaces/share/rc_interfaces/cmake/rosidl_cmake_export_typesupport_targets-extras.cmake
[6.447s] -- Up-to-date: /home/nayab/dev_ws/install/rc_interfaces/share/rc_interfaces/cmake/rc_interfacesConfig.cmake
[6.448s] -- Up-to-date: /home/nayab/dev_ws/install/rc_interfaces/share/rc_interfaces/cmake/rc_interfacesConfig-version.cmake
[6.449s] -- Up-to-date: /home/nayab/dev_ws/install/rc_interfaces/share/rc_interfaces/package.xml
[6.450s] Invoked command in '/home/nayab/dev_ws/build/rc_interfaces' returned '0': CMAKE_PREFIX_PATH=/home/nayab/dev_ws/install/tutorial_interfaces:/home/nayab/dev_ws/install/turtlesim:/home/nayab/dev_ws/install/rc_interfaces:/home/nayab/dev_ws/install/ether_follow_interfaces:/home/nayab/dev_ws/install/abds_core_common:/home/nayab/dev_ws/install/rc_data_emulator:/home/nayab/dev_ws/install/py_pubsub:/home/nayab/dev_ws/install/my_package:/home/nayab/dev_ws/install/ether_follow_pubsub:/home/nayab/dev_ws/install/dbr_pubsub:/opt/ros/foxy:/home/nayab/project_ws/devel:/opt/ros/noetic /usr/bin/cmake --install /home/nayab/dev_ws/build/rc_interfaces
