[1.058s] Invoking command in '/home/nayab/dev_ws/src/my_package': PYTHONPATH=/home/nayab/dev_ws/install/my_package/lib/python3.8/site-packages:${PYTHONPATH} /usr/bin/python3 setup.py egg_info --egg-base ../../build/my_package build --build-base /home/nayab/dev_ws/build/my_package/build install --prefix /home/nayab/dev_ws/install/my_package --record /home/nayab/dev_ws/build/my_package/install.log --single-version-externally-managed
[1.366s] running egg_info
[1.367s] writing ../../build/my_package/my_package.egg-info/PKG-INFO
[1.368s] writing dependency_links to ../../build/my_package/my_package.egg-info/dependency_links.txt
[1.368s] writing entry points to ../../build/my_package/my_package.egg-info/entry_points.txt
[1.368s] writing requirements to ../../build/my_package/my_package.egg-info/requires.txt
[1.369s] writing top-level names to ../../build/my_package/my_package.egg-info/top_level.txt
[1.407s] reading manifest file '../../build/my_package/my_package.egg-info/SOURCES.txt'
[1.408s] writing manifest file '../../build/my_package/my_package.egg-info/SOURCES.txt'
[1.409s] running build
[1.409s] running build_py
[1.409s] running install
[1.411s] running install_lib
[1.413s] running install_data
[1.414s] running install_egg_info
[1.416s] removing '/home/nayab/dev_ws/install/my_package/lib/python3.8/site-packages/my_package-0.0.0-py3.8.egg-info' (and everything under it)
[1.416s] Copying ../../build/my_package/my_package.egg-info to /home/nayab/dev_ws/install/my_package/lib/python3.8/site-packages/my_package-0.0.0-py3.8.egg-info
[1.418s] running install_scripts
[1.442s] Installing my_node script to /home/nayab/dev_ws/install/my_package/lib/my_package
[1.443s] writing list of installed files to '/home/nayab/dev_ws/build/my_package/install.log'
[1.481s] Invoked command in '/home/nayab/dev_ws/src/my_package' returned '0': PYTHONPATH=/home/nayab/dev_ws/install/my_package/lib/python3.8/site-packages:${PYTHONPATH} /usr/bin/python3 setup.py egg_info --egg-base ../../build/my_package build --build-base /home/nayab/dev_ws/build/my_package/build install --prefix /home/nayab/dev_ws/install/my_package --record /home/nayab/dev_ws/build/my_package/install.log --single-version-externally-managed
