[0.303s] Invoking command in '/home/nayab/dev_ws/build/ether_follow_interfaces': CMAKE_PREFIX_PATH=/opt/ros/foxy:${CMAKE_PREFIX_PATH} /usr/bin/cmake --build /home/nayab/dev_ws/build/ether_follow_interfaces -- -j4 -l4
[0.360s] [  3%] Built target ether_follow_interfaces__cpp
[0.363s] [ 12%] Built target ether_follow_interfaces__rosidl_generator_c
[0.395s] [ 32%] Built target ether_follow_interfaces__rosidl_typesupport_fastrtps_cpp
[0.396s] [ 32%] Built target ether_follow_interfaces__rosidl_typesupport_introspection_cpp
[0.396s] [ 41%] Built target ether_follow_interfaces__rosidl_typesupport_cpp
[0.405s] [ 51%] Built target ether_follow_interfaces__rosidl_typesupport_introspection_c
[0.420s] [ 61%] Built target ether_follow_interfaces__rosidl_typesupport_c
[0.432s] [ 70%] Built target ether_follow_interfaces__rosidl_typesupport_fastrtps_c
[0.452s] [ 70%] Built target ether_follow_interfaces
[0.472s] [ 74%] Built target ether_follow_interfaces__py
[0.499s] [ 80%] Built target ether_follow_interfaces__python
[0.527s] [100%] Built target ether_follow_interfaces__rosidl_typesupport_fastrtps_c__pyext
[0.527s] [100%] Built target ether_follow_interfaces__rosidl_typesupport_introspection_c__pyext
[0.527s] [100%] Built target ether_follow_interfaces__rosidl_typesupport_c__pyext
[0.594s] Invoked command in '/home/nayab/dev_ws/build/ether_follow_interfaces' returned '0': CMAKE_PREFIX_PATH=/opt/ros/foxy:${CMAKE_PREFIX_PATH} /usr/bin/cmake --build /home/nayab/dev_ws/build/ether_follow_interfaces -- -j4 -l4
[0.662s] Invoking command in '/home/nayab/dev_ws/build/ether_follow_interfaces': CMAKE_PREFIX_PATH=/opt/ros/foxy:${CMAKE_PREFIX_PATH} /usr/bin/cmake --install /home/nayab/dev_ws/build/ether_follow_interfaces
[0.675s] -- Install configuration: ""
[0.675s] -- Up-to-date: /home/nayab/dev_ws/install/ether_follow_interfaces/share/ament_index/resource_index/rosidl_interfaces/ether_follow_interfaces
[0.675s] -- Up-to-date: /home/nayab/dev_ws/install/ether_follow_interfaces/include/ether_follow_interfaces
[0.675s] -- Up-to-date: /home/nayab/dev_ws/install/ether_follow_interfaces/include/ether_follow_interfaces/msg
[0.675s] -- Up-to-date: /home/nayab/dev_ws/install/ether_follow_interfaces/include/ether_follow_interfaces/msg/detail
[0.675s] -- Up-to-date: /home/nayab/dev_ws/install/ether_follow_interfaces/include/ether_follow_interfaces/msg/detail/ether_message__struct.h
[0.675s] -- Up-to-date: /home/nayab/dev_ws/install/ether_follow_interfaces/include/ether_follow_interfaces/msg/detail/ether_message__type_support.h
[0.675s] -- Up-to-date: /home/nayab/dev_ws/install/ether_follow_interfaces/include/ether_follow_interfaces/msg/detail/ether_message__functions.h
[0.676s] -- Up-to-date: /home/nayab/dev_ws/install/ether_follow_interfaces/include/ether_follow_interfaces/msg/detail/ether_message__functions.c
[0.676s] -- Up-to-date: /home/nayab/dev_ws/install/ether_follow_interfaces/include/ether_follow_interfaces/msg/ether_message.h
[0.676s] -- Up-to-date: /home/nayab/dev_ws/install/ether_follow_interfaces/include/ether_follow_interfaces/msg/rosidl_generator_c__visibility_control.h
[0.676s] -- Up-to-date: /home/nayab/dev_ws/install/ether_follow_interfaces/share/ether_follow_interfaces/environment/library_path.sh
[0.676s] -- Up-to-date: /home/nayab/dev_ws/install/ether_follow_interfaces/share/ether_follow_interfaces/environment/library_path.dsv
[0.677s] -- Up-to-date: /home/nayab/dev_ws/install/ether_follow_interfaces/lib/libether_follow_interfaces__rosidl_generator_c.so
[0.677s] -- Up-to-date: /home/nayab/dev_ws/install/ether_follow_interfaces/include/ether_follow_interfaces
[0.677s] -- Up-to-date: /home/nayab/dev_ws/install/ether_follow_interfaces/include/ether_follow_interfaces/msg
[0.677s] -- Up-to-date: /home/nayab/dev_ws/install/ether_follow_interfaces/include/ether_follow_interfaces/msg/detail
[0.677s] -- Up-to-date: /home/nayab/dev_ws/install/ether_follow_interfaces/include/ether_follow_interfaces/msg/detail/ether_message__rosidl_typesupport_fastrtps_c.h
[0.677s] -- Up-to-date: /home/nayab/dev_ws/install/ether_follow_interfaces/include/ether_follow_interfaces/msg/rosidl_typesupport_fastrtps_c__visibility_control.h
[0.678s] -- Up-to-date: /home/nayab/dev_ws/install/ether_follow_interfaces/lib/libether_follow_interfaces__rosidl_typesupport_fastrtps_c.so
[0.678s] -- Up-to-date: /home/nayab/dev_ws/install/ether_follow_interfaces/include/ether_follow_interfaces
[0.678s] -- Up-to-date: /home/nayab/dev_ws/install/ether_follow_interfaces/include/ether_follow_interfaces/msg
[0.678s] -- Up-to-date: /home/nayab/dev_ws/install/ether_follow_interfaces/include/ether_follow_interfaces/msg/detail
[0.678s] -- Up-to-date: /home/nayab/dev_ws/install/ether_follow_interfaces/include/ether_follow_interfaces/msg/detail/dds_fastrtps
[0.678s] -- Up-to-date: /home/nayab/dev_ws/install/ether_follow_interfaces/include/ether_follow_interfaces/msg/detail/ether_message__rosidl_typesupport_fastrtps_cpp.hpp
[0.678s] -- Up-to-date: /home/nayab/dev_ws/install/ether_follow_interfaces/include/ether_follow_interfaces/msg/rosidl_typesupport_fastrtps_cpp__visibility_control.h
[0.679s] -- Up-to-date: /home/nayab/dev_ws/install/ether_follow_interfaces/lib/libether_follow_interfaces__rosidl_typesupport_fastrtps_cpp.so
[0.679s] -- Up-to-date: /home/nayab/dev_ws/install/ether_follow_interfaces/include/ether_follow_interfaces
[0.679s] -- Up-to-date: /home/nayab/dev_ws/install/ether_follow_interfaces/include/ether_follow_interfaces/msg
[0.679s] -- Up-to-date: /home/nayab/dev_ws/install/ether_follow_interfaces/include/ether_follow_interfaces/msg/rosidl_typesupport_introspection_c__visibility_control.h
[0.679s] -- Up-to-date: /home/nayab/dev_ws/install/ether_follow_interfaces/include/ether_follow_interfaces/msg/detail
[0.679s] -- Up-to-date: /home/nayab/dev_ws/install/ether_follow_interfaces/include/ether_follow_interfaces/msg/detail/ether_message__type_support.c
[0.679s] -- Up-to-date: /home/nayab/dev_ws/install/ether_follow_interfaces/include/ether_follow_interfaces/msg/detail/ether_message__rosidl_typesupport_introspection_c.h
[0.679s] -- Up-to-date: /home/nayab/dev_ws/install/ether_follow_interfaces/lib/libether_follow_interfaces__rosidl_typesupport_introspection_c.so
[0.680s] -- Up-to-date: /home/nayab/dev_ws/install/ether_follow_interfaces/lib/libether_follow_interfaces__rosidl_typesupport_c.so
[0.680s] -- Up-to-date: /home/nayab/dev_ws/install/ether_follow_interfaces/include/ether_follow_interfaces
[0.680s] -- Up-to-date: /home/nayab/dev_ws/install/ether_follow_interfaces/include/ether_follow_interfaces/msg
[0.680s] -- Up-to-date: /home/nayab/dev_ws/install/ether_follow_interfaces/include/ether_follow_interfaces/msg/ether_message.hpp
[0.680s] -- Up-to-date: /home/nayab/dev_ws/install/ether_follow_interfaces/include/ether_follow_interfaces/msg/detail
[0.680s] -- Up-to-date: /home/nayab/dev_ws/install/ether_follow_interfaces/include/ether_follow_interfaces/msg/detail/ether_message__struct.hpp
[0.681s] -- Up-to-date: /home/nayab/dev_ws/install/ether_follow_interfaces/include/ether_follow_interfaces/msg/detail/ether_message__traits.hpp
[0.681s] -- Up-to-date: /home/nayab/dev_ws/install/ether_follow_interfaces/include/ether_follow_interfaces/msg/detail/ether_message__builder.hpp
[0.681s] -- Up-to-date: /home/nayab/dev_ws/install/ether_follow_interfaces/include/ether_follow_interfaces
[0.681s] -- Up-to-date: /home/nayab/dev_ws/install/ether_follow_interfaces/include/ether_follow_interfaces/msg
[0.681s] -- Up-to-date: /home/nayab/dev_ws/install/ether_follow_interfaces/include/ether_follow_interfaces/msg/detail
[0.681s] -- Up-to-date: /home/nayab/dev_ws/install/ether_follow_interfaces/include/ether_follow_interfaces/msg/detail/ether_message__type_support.cpp
[0.681s] -- Up-to-date: /home/nayab/dev_ws/install/ether_follow_interfaces/include/ether_follow_interfaces/msg/detail/ether_message__rosidl_typesupport_introspection_cpp.hpp
[0.682s] -- Up-to-date: /home/nayab/dev_ws/install/ether_follow_interfaces/lib/libether_follow_interfaces__rosidl_typesupport_introspection_cpp.so
[0.682s] -- Up-to-date: /home/nayab/dev_ws/install/ether_follow_interfaces/lib/libether_follow_interfaces__rosidl_typesupport_cpp.so
[0.682s] -- Up-to-date: /home/nayab/dev_ws/install/ether_follow_interfaces/share/ether_follow_interfaces/environment/pythonpath.sh
[0.682s] -- Up-to-date: /home/nayab/dev_ws/install/ether_follow_interfaces/share/ether_follow_interfaces/environment/pythonpath.dsv
[0.682s] -- Up-to-date: /home/nayab/dev_ws/install/ether_follow_interfaces/lib/python3.8/site-packages/ether_follow_interfaces/__init__.py
[0.726s] -- Up-to-date: /home/nayab/dev_ws/install/ether_follow_interfaces/lib/python3.8/site-packages/ether_follow_interfaces/msg
[0.726s] -- Up-to-date: /home/nayab/dev_ws/install/ether_follow_interfaces/lib/python3.8/site-packages/ether_follow_interfaces/msg/__init__.py
[0.727s] -- Up-to-date: /home/nayab/dev_ws/install/ether_follow_interfaces/lib/python3.8/site-packages/ether_follow_interfaces/msg/_ether_message.py
[0.727s] -- Up-to-date: /home/nayab/dev_ws/install/ether_follow_interfaces/lib/python3.8/site-packages/ether_follow_interfaces/msg/_ether_message_s.c
[0.728s] -- Up-to-date: /home/nayab/dev_ws/install/ether_follow_interfaces/lib/python3.8/site-packages/ether_follow_interfaces/ether_follow_interfaces_s__rosidl_typesupport_fastrtps_c.cpython-38-x86_64-linux-gnu.so
[0.729s] -- Up-to-date: /home/nayab/dev_ws/install/ether_follow_interfaces/lib/python3.8/site-packages/ether_follow_interfaces/ether_follow_interfaces_s__rosidl_typesupport_introspection_c.cpython-38-x86_64-linux-gnu.so
[0.731s] -- Up-to-date: /home/nayab/dev_ws/install/ether_follow_interfaces/lib/python3.8/site-packages/ether_follow_interfaces/ether_follow_interfaces_s__rosidl_typesupport_c.cpython-38-x86_64-linux-gnu.so
[0.732s] -- Up-to-date: /home/nayab/dev_ws/install/ether_follow_interfaces/lib/libether_follow_interfaces__python.so
[0.732s] -- Up-to-date: /home/nayab/dev_ws/install/ether_follow_interfaces/share/ether_follow_interfaces/msg/EtherMessage.idl
[0.732s] -- Up-to-date: /home/nayab/dev_ws/install/ether_follow_interfaces/share/ether_follow_interfaces/msg/EtherMessage.msg
[0.732s] -- Up-to-date: /home/nayab/dev_ws/install/ether_follow_interfaces/share/ament_index/resource_index/package_run_dependencies/ether_follow_interfaces
[0.732s] -- Up-to-date: /home/nayab/dev_ws/install/ether_follow_interfaces/share/ament_index/resource_index/parent_prefix_path/ether_follow_interfaces
[0.732s] -- Up-to-date: /home/nayab/dev_ws/install/ether_follow_interfaces/share/ether_follow_interfaces/environment/ament_prefix_path.sh
[0.733s] -- Up-to-date: /home/nayab/dev_ws/install/ether_follow_interfaces/share/ether_follow_interfaces/environment/ament_prefix_path.dsv
[0.733s] -- Up-to-date: /home/nayab/dev_ws/install/ether_follow_interfaces/share/ether_follow_interfaces/environment/path.sh
[0.733s] -- Up-to-date: /home/nayab/dev_ws/install/ether_follow_interfaces/share/ether_follow_interfaces/environment/path.dsv
[0.733s] -- Up-to-date: /home/nayab/dev_ws/install/ether_follow_interfaces/share/ether_follow_interfaces/local_setup.bash
[0.733s] -- Up-to-date: /home/nayab/dev_ws/install/ether_follow_interfaces/share/ether_follow_interfaces/local_setup.sh
[0.733s] -- Up-to-date: /home/nayab/dev_ws/install/ether_follow_interfaces/share/ether_follow_interfaces/local_setup.zsh
[0.733s] -- Up-to-date: /home/nayab/dev_ws/install/ether_follow_interfaces/share/ether_follow_interfaces/local_setup.dsv
[0.733s] -- Installing: /home/nayab/dev_ws/install/ether_follow_interfaces/share/ether_follow_interfaces/package.dsv
[0.733s] -- Up-to-date: /home/nayab/dev_ws/install/ether_follow_interfaces/share/ament_index/resource_index/packages/ether_follow_interfaces
[0.734s] -- Up-to-date: /home/nayab/dev_ws/install/ether_follow_interfaces/share/ether_follow_interfaces/cmake/ether_follow_interfaces__rosidl_generator_cExport.cmake
[0.735s] -- Up-to-date: /home/nayab/dev_ws/install/ether_follow_interfaces/share/ether_follow_interfaces/cmake/ether_follow_interfaces__rosidl_generator_cExport-noconfig.cmake
[0.735s] -- Up-to-date: /home/nayab/dev_ws/install/ether_follow_interfaces/share/ether_follow_interfaces/cmake/ether_follow_interfaces__rosidl_typesupport_introspection_cExport.cmake
[0.736s] -- Up-to-date: /home/nayab/dev_ws/install/ether_follow_interfaces/share/ether_follow_interfaces/cmake/ether_follow_interfaces__rosidl_typesupport_introspection_cExport-noconfig.cmake
[0.736s] -- Up-to-date: /home/nayab/dev_ws/install/ether_follow_interfaces/share/ether_follow_interfaces/cmake/ether_follow_interfaces__rosidl_typesupport_cExport.cmake
[0.737s] -- Up-to-date: /home/nayab/dev_ws/install/ether_follow_interfaces/share/ether_follow_interfaces/cmake/ether_follow_interfaces__rosidl_typesupport_cExport-noconfig.cmake
[0.737s] -- Up-to-date: /home/nayab/dev_ws/install/ether_follow_interfaces/share/ether_follow_interfaces/cmake/ether_follow_interfaces__rosidl_generator_cppExport.cmake
[0.738s] -- Up-to-date: /home/nayab/dev_ws/install/ether_follow_interfaces/share/ether_follow_interfaces/cmake/ether_follow_interfaces__rosidl_typesupport_introspection_cppExport.cmake
[0.738s] -- Up-to-date: /home/nayab/dev_ws/install/ether_follow_interfaces/share/ether_follow_interfaces/cmake/ether_follow_interfaces__rosidl_typesupport_introspection_cppExport-noconfig.cmake
[0.739s] -- Up-to-date: /home/nayab/dev_ws/install/ether_follow_interfaces/share/ether_follow_interfaces/cmake/ether_follow_interfaces__rosidl_typesupport_cppExport.cmake
[0.739s] -- Up-to-date: /home/nayab/dev_ws/install/ether_follow_interfaces/share/ether_follow_interfaces/cmake/ether_follow_interfaces__rosidl_typesupport_cppExport-noconfig.cmake
[0.739s] -- Up-to-date: /home/nayab/dev_ws/install/ether_follow_interfaces/share/ether_follow_interfaces/cmake/rosidl_cmake-extras.cmake
[0.739s] -- Up-to-date: /home/nayab/dev_ws/install/ether_follow_interfaces/share/ether_follow_interfaces/cmake/ament_cmake_export_dependencies-extras.cmake
[0.739s] -- Up-to-date: /home/nayab/dev_ws/install/ether_follow_interfaces/share/ether_follow_interfaces/cmake/ament_cmake_export_libraries-extras.cmake
[0.739s] -- Up-to-date: /home/nayab/dev_ws/install/ether_follow_interfaces/share/ether_follow_interfaces/cmake/ament_cmake_export_targets-extras.cmake
[0.739s] -- Up-to-date: /home/nayab/dev_ws/install/ether_follow_interfaces/share/ether_follow_interfaces/cmake/ament_cmake_export_include_directories-extras.cmake
[0.739s] -- Up-to-date: /home/nayab/dev_ws/install/ether_follow_interfaces/share/ether_follow_interfaces/cmake/rosidl_cmake_export_typesupport_libraries-extras.cmake
[0.739s] -- Up-to-date: /home/nayab/dev_ws/install/ether_follow_interfaces/share/ether_follow_interfaces/cmake/rosidl_cmake_export_typesupport_targets-extras.cmake
[0.740s] -- Up-to-date: /home/nayab/dev_ws/install/ether_follow_interfaces/share/ether_follow_interfaces/cmake/ether_follow_interfacesConfig.cmake
[0.740s] -- Up-to-date: /home/nayab/dev_ws/install/ether_follow_interfaces/share/ether_follow_interfaces/cmake/ether_follow_interfacesConfig-version.cmake
[0.740s] -- Up-to-date: /home/nayab/dev_ws/install/ether_follow_interfaces/share/ether_follow_interfaces/package.xml
[0.743s] Invoked command in '/home/nayab/dev_ws/build/ether_follow_interfaces' returned '0': CMAKE_PREFIX_PATH=/opt/ros/foxy:${CMAKE_PREFIX_PATH} /usr/bin/cmake --install /home/nayab/dev_ws/build/ether_follow_interfaces
