[0.065s] Invoking command in '/home/nayab/dev_ws/build/rc_interfaces': CMAKE_PREFIX_PATH=/home/nayab/ws_ros2/test_ws/install/test_interfaces:/home/nayab/ws_ros2/test_ws/install/test_pack:/home/nayab/ws_ros2/test_ws/install/dstar:/opt/ros/foxy:/opt/ros/noetic /usr/bin/cmake --build /home/nayab/dev_ws/build/rc_interfaces -- -j4 -l4
[0.100s] -- Found ament_cmake: 0.9.9 (/opt/ros/foxy/share/ament_cmake/cmake)
[0.123s] -- Found PythonInterp: /usr/bin/python3 (found suitable version "3.8.10", minimum required is "3") 
[0.123s] -- Using PYTHON_EXECUTABLE: /usr/bin/python3
[0.349s] -- Found geometry_msgs: 2.0.5 (/opt/ros/foxy/share/geometry_msgs/cmake)
[0.369s] -- Using all available rosidl_typesupport_c: rosidl_typesupport_fastrtps_c;rosidl_typesupport_introspection_c
[0.372s] -- Found rosidl_adapter: 1.2.1 (/opt/ros/foxy/share/rosidl_adapter/cmake)
[0.482s] -- Using all available rosidl_typesupport_cpp: rosidl_typesupport_fastrtps_cpp;rosidl_typesupport_introspection_cpp
[0.548s] -- Found rosidl_default_generators: 1.0.1 (/opt/ros/foxy/share/rosidl_default_generators/cmake)
[0.574s] -- Found PythonInterp: /usr/bin/python3 (found version "3.8.10") 
[0.724s] -- Found ament_cmake_ros: 0.9.2 (/opt/ros/foxy/share/ament_cmake_ros/cmake)
[0.974s] -- Using all available rosidl_typesupport_c: rosidl_typesupport_fastrtps_c;rosidl_typesupport_introspection_c
[1.071s] -- Using all available rosidl_typesupport_cpp: rosidl_typesupport_fastrtps_cpp;rosidl_typesupport_introspection_cpp
[1.091s] -- Found PythonInterp: /usr/bin/python3 (found suitable version "3.8.10", minimum required is "3.5") 
[1.092s] -- Found python_cmake_module: 0.8.1 (/opt/ros/foxy/share/python_cmake_module/cmake)
[1.110s] -- Using PYTHON_EXECUTABLE: /usr/bin/python3
[1.111s] -- Using PYTHON_INCLUDE_DIRS: /usr/include/python3.8
[1.111s] -- Using PYTHON_LIBRARIES: /usr/lib/x86_64-linux-gnu/libpython3.8.so
[1.159s] -- Found ament_lint_auto: 0.9.6 (/opt/ros/foxy/share/ament_lint_auto/cmake)
[1.175s] -- Added test 'copyright' to check source files copyright and LICENSE
[1.176s] -- Added test 'lint_cmake' to check CMake code style
[1.177s] -- Added test 'xmllint' to check XML markup files
[1.186s] -- Configuring done
[1.294s] -- Generating done
[1.299s] -- Build files have been written to: /home/nayab/dev_ws/build/rc_interfaces
[1.333s] [  2%] [34m[1mGenerating C++ code for ROS interfaces[0m
[1.343s] [  5%] [34m[1mGenerating C code for ROS interfaces[0m
[1.591s] [  5%] Built target rc_interfaces__cpp
[1.601s] [  7%] [34m[1mGenerating C++ introspection for ROS interfaces[0m
[1.609s] [ 10%] [34m[1mGenerating C++ type support for eProsima Fast-RTPS[0m
[1.627s] [35m[1mScanning dependencies of target rc_interfaces__rosidl_generator_c[0m
[1.633s] [ 12%] [34m[1mGenerating C++ type support dispatch for ROS interfaces[0m
[1.743s] [ 15%] [32mBuilding C object CMakeFiles/rc_interfaces__rosidl_generator_c.dir/rosidl_generator_c/rc_interfaces/msg/detail/rc_status__functions.c.o[0m
[1.841s] [35m[1mScanning dependencies of target rc_interfaces__rosidl_typesupport_introspection_cpp[0m
[1.862s] [ 17%] [32mBuilding CXX object CMakeFiles/rc_interfaces__rosidl_typesupport_introspection_cpp.dir/rosidl_typesupport_introspection_cpp/rc_interfaces/msg/detail/rc_status__type_support.cpp.o[0m
[1.880s] [35m[1mScanning dependencies of target rc_interfaces__rosidl_typesupport_fastrtps_cpp[0m
[1.898s] [ 20%] [32mBuilding CXX object CMakeFiles/rc_interfaces__rosidl_typesupport_fastrtps_cpp.dir/rosidl_typesupport_fastrtps_cpp/rc_interfaces/msg/detail/dds_fastrtps/rc_status__type_support.cpp.o[0m
[1.945s] [35m[1mScanning dependencies of target rc_interfaces__rosidl_typesupport_cpp[0m
[1.962s] [ 23%] [32mBuilding CXX object CMakeFiles/rc_interfaces__rosidl_typesupport_cpp.dir/rosidl_typesupport_cpp/rc_interfaces/msg/rc_status__type_support.cpp.o[0m
[1.995s] [ 25%] [32mBuilding C object CMakeFiles/rc_interfaces__rosidl_generator_c.dir/rosidl_generator_c/rc_interfaces/msg/detail/imu_rc__functions.c.o[0m
[2.069s] [ 28%] [32m[1mLinking C shared library librc_interfaces__rosidl_generator_c.so[0m
[2.148s] [ 28%] Built target rc_interfaces__rosidl_generator_c
[2.158s] [ 30%] [34m[1mGenerating C introspection for ROS interfaces[0m
[2.503s] [35m[1mScanning dependencies of target rc_interfaces__rosidl_typesupport_introspection_c[0m
[2.554s] [ 33%] [32mBuilding C object CMakeFiles/rc_interfaces__rosidl_typesupport_introspection_c.dir/rosidl_typesupport_introspection_c/rc_interfaces/msg/detail/rc_status__type_support.c.o[0m
[2.587s] [ 35%] [32mBuilding CXX object CMakeFiles/rc_interfaces__rosidl_typesupport_cpp.dir/rosidl_typesupport_cpp/rc_interfaces/msg/imu_rc__type_support.cpp.o[0m
[2.593s] [ 38%] [32mBuilding CXX object CMakeFiles/rc_interfaces__rosidl_typesupport_introspection_cpp.dir/rosidl_typesupport_introspection_cpp/rc_interfaces/msg/detail/imu_rc__type_support.cpp.o[0m
[2.610s] [ 41%] [32mBuilding C object CMakeFiles/rc_interfaces__rosidl_typesupport_introspection_c.dir/rosidl_typesupport_introspection_c/rc_interfaces/msg/detail/imu_rc__type_support.c.o[0m
[2.648s] [ 43%] [32m[1mLinking C shared library librc_interfaces__rosidl_typesupport_introspection_c.so[0m
[2.698s] [ 43%] Built target rc_interfaces__rosidl_typesupport_introspection_c
[2.709s] [ 46%] [34m[1mGenerating C type support dispatch for ROS interfaces[0m
[2.722s] [ 48%] [32mBuilding CXX object CMakeFiles/rc_interfaces__rosidl_typesupport_fastrtps_cpp.dir/rosidl_typesupport_fastrtps_cpp/rc_interfaces/msg/detail/dds_fastrtps/imu_rc__type_support.cpp.o[0m
[2.830s] [ 51%] [32m[1mLinking CXX shared library librc_interfaces__rosidl_typesupport_introspection_cpp.so[0m
[2.831s] [ 53%] [32m[1mLinking CXX shared library librc_interfaces__rosidl_typesupport_cpp.so[0m
[2.876s] [ 53%] Built target rc_interfaces__rosidl_typesupport_cpp
[2.887s] [ 53%] Built target rc_interfaces__rosidl_typesupport_introspection_cpp
[2.917s] [35m[1mScanning dependencies of target rc_interfaces__rosidl_typesupport_c[0m
[2.932s] [ 56%] [32mBuilding CXX object CMakeFiles/rc_interfaces__rosidl_typesupport_c.dir/rosidl_typesupport_c/rc_interfaces/msg/rc_status__type_support.cpp.o[0m
[2.932s] [ 58%] [32mBuilding CXX object CMakeFiles/rc_interfaces__rosidl_typesupport_c.dir/rosidl_typesupport_c/rc_interfaces/msg/imu_rc__type_support.cpp.o[0m
[2.958s] [ 61%] [32m[1mLinking CXX shared library librc_interfaces__rosidl_typesupport_c.so[0m
[3.003s] [ 61%] Built target rc_interfaces__rosidl_typesupport_c
[3.064s] [ 64%] [32m[1mLinking CXX shared library librc_interfaces__rosidl_typesupport_fastrtps_cpp.so[0m
[3.133s] [ 64%] Built target rc_interfaces__rosidl_typesupport_fastrtps_cpp
[3.143s] [ 66%] [34m[1mGenerating C type support for eProsima Fast-RTPS[0m
[3.368s] [35m[1mScanning dependencies of target rc_interfaces__rosidl_typesupport_fastrtps_c[0m
[3.383s] [ 69%] [32mBuilding CXX object CMakeFiles/rc_interfaces__rosidl_typesupport_fastrtps_c.dir/rosidl_typesupport_fastrtps_c/rc_interfaces/msg/detail/rc_status__type_support_c.cpp.o[0m
[3.384s] [ 71%] [32mBuilding CXX object CMakeFiles/rc_interfaces__rosidl_typesupport_fastrtps_c.dir/rosidl_typesupport_fastrtps_c/rc_interfaces/msg/detail/imu_rc__type_support_c.cpp.o[0m
[3.670s] [ 74%] [32m[1mLinking CXX shared library librc_interfaces__rosidl_typesupport_fastrtps_c.so[0m
[3.742s] [ 74%] Built target rc_interfaces__rosidl_typesupport_fastrtps_c
[3.769s] [ 74%] Built target rc_interfaces
[3.789s] [ 76%] [34m[1mGenerating Python code for ROS interfaces[0m
[4.199s] [ 76%] Built target rc_interfaces__py
[4.210s] [35m[1mScanning dependencies of target rc_interfaces__python[0m
[4.228s] [ 82%] [32mBuilding C object CMakeFiles/rc_interfaces__python.dir/rosidl_generator_py/rc_interfaces/msg/_imu_rc_s.c.o[0m
[4.229s] [ 82%] [32mBuilding C object CMakeFiles/rc_interfaces__python.dir/rosidl_generator_py/rc_interfaces/msg/_rc_status_s.c.o[0m
[4.372s] [ 84%] [32m[1mLinking C shared library rosidl_generator_py/rc_interfaces/librc_interfaces__python.so[0m
[4.411s] [ 84%] Built target rc_interfaces__python
[4.423s] [35m[1mScanning dependencies of target rc_interfaces__rosidl_typesupport_introspection_c__pyext[0m
[4.423s] [35m[1mScanning dependencies of target rc_interfaces__rosidl_typesupport_fastrtps_c__pyext[0m
[4.424s] [35m[1mScanning dependencies of target rc_interfaces__rosidl_typesupport_c__pyext[0m
[4.441s] [ 87%] [32mBuilding C object CMakeFiles/rc_interfaces__rosidl_typesupport_c__pyext.dir/rosidl_generator_py/rc_interfaces/_rc_interfaces_s.ep.rosidl_typesupport_c.c.o[0m
[4.443s] [ 92%] [32mBuilding C object CMakeFiles/rc_interfaces__rosidl_typesupport_introspection_c__pyext.dir/rosidl_generator_py/rc_interfaces/_rc_interfaces_s.ep.rosidl_typesupport_introspection_c.c.o[0m
[4.443s] [ 92%] [32mBuilding C object CMakeFiles/rc_interfaces__rosidl_typesupport_fastrtps_c__pyext.dir/rosidl_generator_py/rc_interfaces/_rc_interfaces_s.ep.rosidl_typesupport_fastrtps_c.c.o[0m
[4.507s] [100%] [32m[1mLinking C shared library rosidl_generator_py/rc_interfaces/rc_interfaces_s__rosidl_typesupport_c.cpython-38-x86_64-linux-gnu.so[0m
[4.507s] [100%] [32m[1mLinking C shared library rosidl_generator_py/rc_interfaces/rc_interfaces_s__rosidl_typesupport_introspection_c.cpython-38-x86_64-linux-gnu.so[0m
[4.508s] [100%] [32m[1mLinking CXX shared library rosidl_generator_py/rc_interfaces/rc_interfaces_s__rosidl_typesupport_fastrtps_c.cpython-38-x86_64-linux-gnu.so[0m
[4.539s] [100%] Built target rc_interfaces__rosidl_typesupport_introspection_c__pyext
[4.539s] [100%] Built target rc_interfaces__rosidl_typesupport_c__pyext
[4.561s] [100%] Built target rc_interfaces__rosidl_typesupport_fastrtps_c__pyext
[4.573s] Invoked command in '/home/nayab/dev_ws/build/rc_interfaces' returned '0': CMAKE_PREFIX_PATH=/home/nayab/ws_ros2/test_ws/install/test_interfaces:/home/nayab/ws_ros2/test_ws/install/test_pack:/home/nayab/ws_ros2/test_ws/install/dstar:/opt/ros/foxy:/opt/ros/noetic /usr/bin/cmake --build /home/nayab/dev_ws/build/rc_interfaces -- -j4 -l4
[4.645s] Invoking command in '/home/nayab/dev_ws/build/rc_interfaces': CMAKE_PREFIX_PATH=/home/nayab/ws_ros2/test_ws/install/test_interfaces:/home/nayab/ws_ros2/test_ws/install/test_pack:/home/nayab/ws_ros2/test_ws/install/dstar:/opt/ros/foxy:/opt/ros/noetic /usr/bin/cmake --install /home/nayab/dev_ws/build/rc_interfaces
[4.651s] -- Install configuration: ""
[4.652s] -- Up-to-date: /home/nayab/dev_ws/install/rc_interfaces/share/ament_index/resource_index/rosidl_interfaces/rc_interfaces
[4.653s] -- Up-to-date: /home/nayab/dev_ws/install/rc_interfaces/include/rc_interfaces
[4.653s] -- Up-to-date: /home/nayab/dev_ws/install/rc_interfaces/include/rc_interfaces/msg
[4.653s] -- Up-to-date: /home/nayab/dev_ws/install/rc_interfaces/include/rc_interfaces/msg/rosidl_generator_c__visibility_control.h
[4.654s] -- Installing: /home/nayab/dev_ws/install/rc_interfaces/include/rc_interfaces/msg/rc_status.h
[4.654s] -- Up-to-date: /home/nayab/dev_ws/install/rc_interfaces/include/rc_interfaces/msg/detail
[4.654s] -- Installing: /home/nayab/dev_ws/install/rc_interfaces/include/rc_interfaces/msg/detail/rc_status__functions.h
[4.655s] -- Installing: /home/nayab/dev_ws/install/rc_interfaces/include/rc_interfaces/msg/detail/imu_rc__functions.h
[4.655s] -- Installing: /home/nayab/dev_ws/install/rc_interfaces/include/rc_interfaces/msg/detail/imu_rc__struct.h
[4.655s] -- Installing: /home/nayab/dev_ws/install/rc_interfaces/include/rc_interfaces/msg/detail/rc_status__functions.c
[4.655s] -- Installing: /home/nayab/dev_ws/install/rc_interfaces/include/rc_interfaces/msg/detail/rc_status__struct.h
[4.656s] -- Installing: /home/nayab/dev_ws/install/rc_interfaces/include/rc_interfaces/msg/detail/rc_status__type_support.h
[4.656s] -- Installing: /home/nayab/dev_ws/install/rc_interfaces/include/rc_interfaces/msg/detail/imu_rc__type_support.h
[4.657s] -- Up-to-date: /home/nayab/dev_ws/install/rc_interfaces/include/rc_interfaces/msg/detail/target_coordinates__functions.h
[4.657s] -- Up-to-date: /home/nayab/dev_ws/install/rc_interfaces/include/rc_interfaces/msg/detail/target_coordinates__struct.h
[4.658s] -- Up-to-date: /home/nayab/dev_ws/install/rc_interfaces/include/rc_interfaces/msg/detail/target_coordinates__functions.c
[4.658s] -- Up-to-date: /home/nayab/dev_ws/install/rc_interfaces/include/rc_interfaces/msg/detail/target_coordinates__type_support.h
[4.659s] -- Installing: /home/nayab/dev_ws/install/rc_interfaces/include/rc_interfaces/msg/detail/imu_rc__functions.c
[4.659s] -- Installing: /home/nayab/dev_ws/install/rc_interfaces/include/rc_interfaces/msg/imu_rc.h
[4.659s] -- Up-to-date: /home/nayab/dev_ws/install/rc_interfaces/include/rc_interfaces/msg/target_coordinates.h
[4.659s] -- Up-to-date: /home/nayab/dev_ws/install/rc_interfaces/share/rc_interfaces/environment/library_path.sh
[4.659s] -- Installing: /home/nayab/dev_ws/install/rc_interfaces/share/rc_interfaces/environment/library_path.dsv
[4.659s] -- Installing: /home/nayab/dev_ws/install/rc_interfaces/lib/librc_interfaces__rosidl_generator_c.so
[4.659s] -- Set runtime path of "/home/nayab/dev_ws/install/rc_interfaces/lib/librc_interfaces__rosidl_generator_c.so" to ""
[4.659s] -- Up-to-date: /home/nayab/dev_ws/install/rc_interfaces/include/rc_interfaces
[4.659s] -- Up-to-date: /home/nayab/dev_ws/install/rc_interfaces/include/rc_interfaces/msg
[4.659s] -- Up-to-date: /home/nayab/dev_ws/install/rc_interfaces/include/rc_interfaces/msg/detail
[4.660s] -- Installing: /home/nayab/dev_ws/install/rc_interfaces/include/rc_interfaces/msg/detail/rc_status__rosidl_typesupport_fastrtps_c.h
[4.660s] -- Up-to-date: /home/nayab/dev_ws/install/rc_interfaces/include/rc_interfaces/msg/detail/target_coordinates__rosidl_typesupport_fastrtps_c.h
[4.660s] -- Installing: /home/nayab/dev_ws/install/rc_interfaces/include/rc_interfaces/msg/detail/imu_rc__rosidl_typesupport_fastrtps_c.h
[4.661s] -- Up-to-date: /home/nayab/dev_ws/install/rc_interfaces/include/rc_interfaces/msg/rosidl_typesupport_fastrtps_c__visibility_control.h
[4.661s] -- Installing: /home/nayab/dev_ws/install/rc_interfaces/lib/librc_interfaces__rosidl_typesupport_fastrtps_c.so
[4.661s] -- Set runtime path of "/home/nayab/dev_ws/install/rc_interfaces/lib/librc_interfaces__rosidl_typesupport_fastrtps_c.so" to ""
[4.661s] -- Up-to-date: /home/nayab/dev_ws/install/rc_interfaces/include/rc_interfaces
[4.661s] -- Up-to-date: /home/nayab/dev_ws/install/rc_interfaces/include/rc_interfaces/msg
[4.662s] -- Up-to-date: /home/nayab/dev_ws/install/rc_interfaces/include/rc_interfaces/msg/rosidl_typesupport_fastrtps_cpp__visibility_control.h
[4.662s] -- Up-to-date: /home/nayab/dev_ws/install/rc_interfaces/include/rc_interfaces/msg/detail
[4.663s] -- Up-to-date: /home/nayab/dev_ws/install/rc_interfaces/include/rc_interfaces/msg/detail/dds_fastrtps
[4.663s] -- Installing: /home/nayab/dev_ws/install/rc_interfaces/include/rc_interfaces/msg/detail/rc_status__rosidl_typesupport_fastrtps_cpp.hpp
[4.663s] -- Installing: /home/nayab/dev_ws/install/rc_interfaces/include/rc_interfaces/msg/detail/imu_rc__rosidl_typesupport_fastrtps_cpp.hpp
[4.664s] -- Up-to-date: /home/nayab/dev_ws/install/rc_interfaces/include/rc_interfaces/msg/detail/target_coordinates__rosidl_typesupport_fastrtps_cpp.hpp
[4.664s] -- Installing: /home/nayab/dev_ws/install/rc_interfaces/lib/librc_interfaces__rosidl_typesupport_fastrtps_cpp.so
[4.664s] -- Set runtime path of "/home/nayab/dev_ws/install/rc_interfaces/lib/librc_interfaces__rosidl_typesupport_fastrtps_cpp.so" to ""
[4.665s] -- Up-to-date: /home/nayab/dev_ws/install/rc_interfaces/include/rc_interfaces
[4.665s] -- Up-to-date: /home/nayab/dev_ws/install/rc_interfaces/include/rc_interfaces/msg
[4.665s] -- Up-to-date: /home/nayab/dev_ws/install/rc_interfaces/include/rc_interfaces/msg/detail
[4.665s] -- Installing: /home/nayab/dev_ws/install/rc_interfaces/include/rc_interfaces/msg/detail/rc_status__type_support.c
[4.666s] -- Up-to-date: /home/nayab/dev_ws/install/rc_interfaces/include/rc_interfaces/msg/detail/target_coordinates__type_support.c
[4.666s] -- Installing: /home/nayab/dev_ws/install/rc_interfaces/include/rc_interfaces/msg/detail/rc_status__rosidl_typesupport_introspection_c.h
[4.666s] -- Installing: /home/nayab/dev_ws/install/rc_interfaces/include/rc_interfaces/msg/detail/imu_rc__type_support.c
[4.666s] -- Up-to-date: /home/nayab/dev_ws/install/rc_interfaces/include/rc_interfaces/msg/detail/target_coordinates__rosidl_typesupport_introspection_c.h
[4.667s] -- Installing: /home/nayab/dev_ws/install/rc_interfaces/include/rc_interfaces/msg/detail/imu_rc__rosidl_typesupport_introspection_c.h
[4.667s] -- Up-to-date: /home/nayab/dev_ws/install/rc_interfaces/include/rc_interfaces/msg/rosidl_typesupport_introspection_c__visibility_control.h
[4.667s] -- Installing: /home/nayab/dev_ws/install/rc_interfaces/lib/librc_interfaces__rosidl_typesupport_introspection_c.so
[4.668s] -- Set runtime path of "/home/nayab/dev_ws/install/rc_interfaces/lib/librc_interfaces__rosidl_typesupport_introspection_c.so" to ""
[4.669s] -- Installing: /home/nayab/dev_ws/install/rc_interfaces/lib/librc_interfaces__rosidl_typesupport_c.so
[4.669s] -- Set runtime path of "/home/nayab/dev_ws/install/rc_interfaces/lib/librc_interfaces__rosidl_typesupport_c.so" to ""
[4.670s] -- Up-to-date: /home/nayab/dev_ws/install/rc_interfaces/include/rc_interfaces
[4.670s] -- Up-to-date: /home/nayab/dev_ws/install/rc_interfaces/include/rc_interfaces/msg
[4.670s] -- Installing: /home/nayab/dev_ws/install/rc_interfaces/include/rc_interfaces/msg/rc_status.hpp
[4.670s] -- Installing: /home/nayab/dev_ws/install/rc_interfaces/include/rc_interfaces/msg/imu_rc.hpp
[4.671s] -- Up-to-date: /home/nayab/dev_ws/install/rc_interfaces/include/rc_interfaces/msg/detail
[4.671s] -- Installing: /home/nayab/dev_ws/install/rc_interfaces/include/rc_interfaces/msg/detail/imu_rc__builder.hpp
[4.671s] -- Up-to-date: /home/nayab/dev_ws/install/rc_interfaces/include/rc_interfaces/msg/detail/target_coordinates__builder.hpp
[4.671s] -- Installing: /home/nayab/dev_ws/install/rc_interfaces/include/rc_interfaces/msg/detail/rc_status__traits.hpp
[4.671s] -- Up-to-date: /home/nayab/dev_ws/install/rc_interfaces/include/rc_interfaces/msg/detail/target_coordinates__struct.hpp
[4.672s] -- Installing: /home/nayab/dev_ws/install/rc_interfaces/include/rc_interfaces/msg/detail/imu_rc__traits.hpp
[4.672s] -- Installing: /home/nayab/dev_ws/install/rc_interfaces/include/rc_interfaces/msg/detail/rc_status__struct.hpp
[4.673s] -- Installing: /home/nayab/dev_ws/install/rc_interfaces/include/rc_interfaces/msg/detail/rc_status__builder.hpp
[4.673s] -- Installing: /home/nayab/dev_ws/install/rc_interfaces/include/rc_interfaces/msg/detail/imu_rc__struct.hpp
[4.673s] -- Up-to-date: /home/nayab/dev_ws/install/rc_interfaces/include/rc_interfaces/msg/detail/target_coordinates__traits.hpp
[4.673s] -- Up-to-date: /home/nayab/dev_ws/install/rc_interfaces/include/rc_interfaces/msg/target_coordinates.hpp
[4.673s] -- Up-to-date: /home/nayab/dev_ws/install/rc_interfaces/include/rc_interfaces
[4.674s] -- Up-to-date: /home/nayab/dev_ws/install/rc_interfaces/include/rc_interfaces/msg
[4.674s] -- Up-to-date: /home/nayab/dev_ws/install/rc_interfaces/include/rc_interfaces/msg/detail
[4.674s] -- Installing: /home/nayab/dev_ws/install/rc_interfaces/include/rc_interfaces/msg/detail/rc_status__rosidl_typesupport_introspection_cpp.hpp
[4.675s] -- Installing: /home/nayab/dev_ws/install/rc_interfaces/include/rc_interfaces/msg/detail/imu_rc__rosidl_typesupport_introspection_cpp.hpp
[4.675s] -- Up-to-date: /home/nayab/dev_ws/install/rc_interfaces/include/rc_interfaces/msg/detail/target_coordinates__type_support.cpp
[4.675s] -- Installing: /home/nayab/dev_ws/install/rc_interfaces/include/rc_interfaces/msg/detail/imu_rc__type_support.cpp
[4.675s] -- Up-to-date: /home/nayab/dev_ws/install/rc_interfaces/include/rc_interfaces/msg/detail/target_coordinates__rosidl_typesupport_introspection_cpp.hpp
[4.675s] -- Installing: /home/nayab/dev_ws/install/rc_interfaces/include/rc_interfaces/msg/detail/rc_status__type_support.cpp
[4.676s] -- Installing: /home/nayab/dev_ws/install/rc_interfaces/lib/librc_interfaces__rosidl_typesupport_introspection_cpp.so
[4.676s] -- Set runtime path of "/home/nayab/dev_ws/install/rc_interfaces/lib/librc_interfaces__rosidl_typesupport_introspection_cpp.so" to ""
[4.677s] -- Installing: /home/nayab/dev_ws/install/rc_interfaces/lib/librc_interfaces__rosidl_typesupport_cpp.so
[4.677s] -- Set runtime path of "/home/nayab/dev_ws/install/rc_interfaces/lib/librc_interfaces__rosidl_typesupport_cpp.so" to ""
[4.677s] -- Up-to-date: /home/nayab/dev_ws/install/rc_interfaces/share/rc_interfaces/environment/pythonpath.sh
[4.677s] -- Installing: /home/nayab/dev_ws/install/rc_interfaces/share/rc_interfaces/environment/pythonpath.dsv
[4.677s] -- Installing: /home/nayab/dev_ws/install/rc_interfaces/lib/python3.8/site-packages/rc_interfaces/__init__.py
[4.702s] Compiling '/home/nayab/dev_ws/install/rc_interfaces/lib/python3.8/site-packages/rc_interfaces/__init__.py'...
[4.706s] -- Up-to-date: /home/nayab/dev_ws/install/rc_interfaces/lib/python3.8/site-packages/rc_interfaces/msg
[4.706s] -- Installing: /home/nayab/dev_ws/install/rc_interfaces/lib/python3.8/site-packages/rc_interfaces/msg/__init__.py
[4.707s] -- Installing: /home/nayab/dev_ws/install/rc_interfaces/lib/python3.8/site-packages/rc_interfaces/msg/_imu_rc.py
[4.707s] -- Installing: /home/nayab/dev_ws/install/rc_interfaces/lib/python3.8/site-packages/rc_interfaces/msg/_rc_status.py
[4.707s] -- Up-to-date: /home/nayab/dev_ws/install/rc_interfaces/lib/python3.8/site-packages/rc_interfaces/msg/_target_coordinates_s.c
[4.707s] -- Installing: /home/nayab/dev_ws/install/rc_interfaces/lib/python3.8/site-packages/rc_interfaces/msg/_rc_status_s.c
[4.708s] -- Up-to-date: /home/nayab/dev_ws/install/rc_interfaces/lib/python3.8/site-packages/rc_interfaces/msg/_target_coordinates.py
[4.708s] -- Installing: /home/nayab/dev_ws/install/rc_interfaces/lib/python3.8/site-packages/rc_interfaces/msg/_imu_rc_s.c
[4.709s] -- Installing: /home/nayab/dev_ws/install/rc_interfaces/lib/python3.8/site-packages/rc_interfaces/rc_interfaces_s__rosidl_typesupport_fastrtps_c.cpython-38-x86_64-linux-gnu.so
[4.709s] -- Set runtime path of "/home/nayab/dev_ws/install/rc_interfaces/lib/python3.8/site-packages/rc_interfaces/rc_interfaces_s__rosidl_typesupport_fastrtps_c.cpython-38-x86_64-linux-gnu.so" to ""
[4.711s] -- Installing: /home/nayab/dev_ws/install/rc_interfaces/lib/python3.8/site-packages/rc_interfaces/rc_interfaces_s__rosidl_typesupport_introspection_c.cpython-38-x86_64-linux-gnu.so
[4.711s] -- Set runtime path of "/home/nayab/dev_ws/install/rc_interfaces/lib/python3.8/site-packages/rc_interfaces/rc_interfaces_s__rosidl_typesupport_introspection_c.cpython-38-x86_64-linux-gnu.so" to ""
[4.713s] -- Installing: /home/nayab/dev_ws/install/rc_interfaces/lib/python3.8/site-packages/rc_interfaces/rc_interfaces_s__rosidl_typesupport_c.cpython-38-x86_64-linux-gnu.so
[4.713s] -- Set runtime path of "/home/nayab/dev_ws/install/rc_interfaces/lib/python3.8/site-packages/rc_interfaces/rc_interfaces_s__rosidl_typesupport_c.cpython-38-x86_64-linux-gnu.so" to ""
[4.714s] -- Installing: /home/nayab/dev_ws/install/rc_interfaces/lib/librc_interfaces__python.so
[4.714s] -- Set runtime path of "/home/nayab/dev_ws/install/rc_interfaces/lib/librc_interfaces__python.so" to ""
[4.715s] -- Installing: /home/nayab/dev_ws/install/rc_interfaces/share/rc_interfaces/msg/RcStatus.idl
[4.715s] -- Installing: /home/nayab/dev_ws/install/rc_interfaces/share/rc_interfaces/msg/ImuRc.idl
[4.715s] -- Installing: /home/nayab/dev_ws/install/rc_interfaces/share/rc_interfaces/msg/RcStatus.msg
[4.715s] -- Installing: /home/nayab/dev_ws/install/rc_interfaces/share/rc_interfaces/msg/ImuRc.msg
[4.715s] -- Up-to-date: /home/nayab/dev_ws/install/rc_interfaces/share/ament_index/resource_index/package_run_dependencies/rc_interfaces
[4.716s] -- Installing: /home/nayab/dev_ws/install/rc_interfaces/share/ament_index/resource_index/parent_prefix_path/rc_interfaces
[4.716s] -- Up-to-date: /home/nayab/dev_ws/install/rc_interfaces/share/rc_interfaces/environment/ament_prefix_path.sh
[4.716s] -- Installing: /home/nayab/dev_ws/install/rc_interfaces/share/rc_interfaces/environment/ament_prefix_path.dsv
[4.717s] -- Up-to-date: /home/nayab/dev_ws/install/rc_interfaces/share/rc_interfaces/environment/path.sh
[4.717s] -- Installing: /home/nayab/dev_ws/install/rc_interfaces/share/rc_interfaces/environment/path.dsv
[4.717s] -- Up-to-date: /home/nayab/dev_ws/install/rc_interfaces/share/rc_interfaces/local_setup.bash
[4.717s] -- Up-to-date: /home/nayab/dev_ws/install/rc_interfaces/share/rc_interfaces/local_setup.sh
[4.717s] -- Up-to-date: /home/nayab/dev_ws/install/rc_interfaces/share/rc_interfaces/local_setup.zsh
[4.718s] -- Installing: /home/nayab/dev_ws/install/rc_interfaces/share/rc_interfaces/local_setup.dsv
[4.718s] -- Installing: /home/nayab/dev_ws/install/rc_interfaces/share/rc_interfaces/package.dsv
[4.718s] -- Up-to-date: /home/nayab/dev_ws/install/rc_interfaces/share/ament_index/resource_index/packages/rc_interfaces
[4.718s] -- Up-to-date: /home/nayab/dev_ws/install/rc_interfaces/share/rc_interfaces/cmake/rc_interfaces__rosidl_generator_cExport.cmake
[4.718s] -- Installing: /home/nayab/dev_ws/install/rc_interfaces/share/rc_interfaces/cmake/rc_interfaces__rosidl_generator_cExport-noconfig.cmake
[4.719s] -- Up-to-date: /home/nayab/dev_ws/install/rc_interfaces/share/rc_interfaces/cmake/rc_interfaces__rosidl_typesupport_introspection_cExport.cmake
[4.719s] -- Installing: /home/nayab/dev_ws/install/rc_interfaces/share/rc_interfaces/cmake/rc_interfaces__rosidl_typesupport_introspection_cExport-noconfig.cmake
[4.720s] -- Up-to-date: /home/nayab/dev_ws/install/rc_interfaces/share/rc_interfaces/cmake/rc_interfaces__rosidl_typesupport_cExport.cmake
[4.720s] -- Installing: /home/nayab/dev_ws/install/rc_interfaces/share/rc_interfaces/cmake/rc_interfaces__rosidl_typesupport_cExport-noconfig.cmake
[4.721s] -- Up-to-date: /home/nayab/dev_ws/install/rc_interfaces/share/rc_interfaces/cmake/rc_interfaces__rosidl_generator_cppExport.cmake
[4.722s] -- Up-to-date: /home/nayab/dev_ws/install/rc_interfaces/share/rc_interfaces/cmake/rc_interfaces__rosidl_typesupport_introspection_cppExport.cmake
[4.722s] -- Installing: /home/nayab/dev_ws/install/rc_interfaces/share/rc_interfaces/cmake/rc_interfaces__rosidl_typesupport_introspection_cppExport-noconfig.cmake
[4.722s] -- Up-to-date: /home/nayab/dev_ws/install/rc_interfaces/share/rc_interfaces/cmake/rc_interfaces__rosidl_typesupport_cppExport.cmake
[4.722s] -- Installing: /home/nayab/dev_ws/install/rc_interfaces/share/rc_interfaces/cmake/rc_interfaces__rosidl_typesupport_cppExport-noconfig.cmake
[4.723s] -- Up-to-date: /home/nayab/dev_ws/install/rc_interfaces/share/rc_interfaces/cmake/rosidl_cmake-extras.cmake
[4.724s] -- Up-to-date: /home/nayab/dev_ws/install/rc_interfaces/share/rc_interfaces/cmake/ament_cmake_export_dependencies-extras.cmake
[4.724s] -- Up-to-date: /home/nayab/dev_ws/install/rc_interfaces/share/rc_interfaces/cmake/ament_cmake_export_libraries-extras.cmake
[4.724s] -- Up-to-date: /home/nayab/dev_ws/install/rc_interfaces/share/rc_interfaces/cmake/ament_cmake_export_targets-extras.cmake
[4.724s] -- Up-to-date: /home/nayab/dev_ws/install/rc_interfaces/share/rc_interfaces/cmake/ament_cmake_export_include_directories-extras.cmake
[4.724s] -- Up-to-date: /home/nayab/dev_ws/install/rc_interfaces/share/rc_interfaces/cmake/rosidl_cmake_export_typesupport_libraries-extras.cmake
[4.724s] -- Up-to-date: /home/nayab/dev_ws/install/rc_interfaces/share/rc_interfaces/cmake/rosidl_cmake_export_typesupport_targets-extras.cmake
[4.724s] -- Up-to-date: /home/nayab/dev_ws/install/rc_interfaces/share/rc_interfaces/cmake/rc_interfacesConfig.cmake
[4.724s] -- Up-to-date: /home/nayab/dev_ws/install/rc_interfaces/share/rc_interfaces/cmake/rc_interfacesConfig-version.cmake
[4.724s] -- Installing: /home/nayab/dev_ws/install/rc_interfaces/share/rc_interfaces/package.xml
[4.727s] Invoked command in '/home/nayab/dev_ws/build/rc_interfaces' returned '0': CMAKE_PREFIX_PATH=/home/nayab/ws_ros2/test_ws/install/test_interfaces:/home/nayab/ws_ros2/test_ws/install/test_pack:/home/nayab/ws_ros2/test_ws/install/dstar:/opt/ros/foxy:/opt/ros/noetic /usr/bin/cmake --install /home/nayab/dev_ws/build/rc_interfaces
